[2026-01-01T00:06:51.086+0000] {local_task_job_runner.py:120} INFO - ::group::Pre task execution logs
[2026-01-01T00:06:51.137+0000] {taskinstance.py:2076} INFO - Dependencies all met for dep_context=non-requeueable deps ti=<TaskInstance: demo-lab.hello scheduled__2025-12-31T00:00:00+00:00 [queued]>
[2026-01-01T00:06:51.154+0000] {taskinstance.py:2076} INFO - Dependencies all met for dep_context=requeueable deps ti=<TaskInstance: demo-lab.hello scheduled__2025-12-31T00:00:00+00:00 [queued]>
[2026-01-01T00:06:51.156+0000] {taskinstance.py:2306} INFO - Starting attempt 1 of 1
[2026-01-01T00:06:51.195+0000] {taskinstance.py:2330} INFO - Executing <Task(BashOperator): hello> on 2025-12-31 00:00:00+00:00
[2026-01-01T00:06:51.246+0000] {warnings.py:112} WARNING - /home/***/.local/lib/python3.12/site-packages/***/task/task_runner/standard_task_runner.py:61: DeprecationWarning: This process (pid=1803) is multi-threaded, use of fork() may lead to deadlocks in the child.
  pid = os.fork()

[2026-01-01T00:06:51.249+0000] {standard_task_runner.py:63} INFO - Started process 1819 to run task
[2026-01-01T00:06:51.259+0000] {standard_task_runner.py:90} INFO - Running: ['***', 'tasks', 'run', 'demo-lab', 'hello', 'scheduled__2025-12-31T00:00:00+00:00', '--job-id', '73', '--raw', '--subdir', 'DAGS_FOLDER/***.py', '--cfg-path', '/tmp/tmp7h0u4bdo']
[2026-01-01T00:06:51.269+0000] {standard_task_runner.py:91} INFO - Job 73: Subtask hello
[2026-01-01T00:06:51.497+0000] {task_command.py:426} INFO - Running <TaskInstance: demo-lab.hello scheduled__2025-12-31T00:00:00+00:00 [running]> on host 21d482eb38d8
[2026-01-01T00:06:58.100+0000] {taskinstance.py:2648} INFO - Exporting env vars: AIRFLOW_CTX_DAG_OWNER='***' AIRFLOW_CTX_DAG_ID='demo-lab' AIRFLOW_CTX_TASK_ID='hello' AIRFLOW_CTX_EXECUTION_DATE='2025-12-31T00:00:00+00:00' AIRFLOW_CTX_TRY_NUMBER='1' AIRFLOW_CTX_DAG_RUN_ID='scheduled__2025-12-31T00:00:00+00:00'
[2026-01-01T00:06:58.111+0000] {taskinstance.py:430} INFO - ::endgroup::
[2026-01-01T00:06:58.113+0000] {subprocess.py:63} INFO - Tmp dir root location: /tmp
[2026-01-01T00:06:58.119+0000] {subprocess.py:75} INFO - Running command: ['/usr/bin/bash', '-c', '/bin/sh -c echo hello']
[2026-01-01T00:06:58.202+0000] {subprocess.py:86} INFO - Output:
[2026-01-01T00:06:58.227+0000] {subprocess.py:93} INFO - 
[2026-01-01T00:06:58.228+0000] {subprocess.py:97} INFO - Command exited with return code 0
[2026-01-01T00:06:58.229+0000] {taskinstance.py:441} INFO - ::group::Post task execution logs
[2026-01-01T00:06:58.294+0000] {taskinstance.py:1206} INFO - Marking task as SUCCESS. dag_id=demo-lab, task_id=hello, run_id=scheduled__2025-12-31T00:00:00+00:00, execution_date=20251231T000000, start_date=20260101T000651, end_date=20260101T000658
[2026-01-01T00:06:58.385+0000] {local_task_job_runner.py:240} INFO - Task exited with return code 0
[2026-01-01T00:06:58.473+0000] {taskinstance.py:3503} INFO - 1 downstream tasks scheduled from follow-on schedule check
[2026-01-01T00:06:58.478+0000] {local_task_job_runner.py:222} INFO - ::endgroup::
