[2025-12-30T23:33:49.657+0000] {processor.py:161} INFO - Started process (PID=45) to work on /home/airflow/.local/lib/python3.12/site-packages/airflow/example_dags/example_latest_only_with_trigger.py
[2025-12-30T23:33:49.658+0000] {processor.py:830} INFO - Processing file /home/airflow/.local/lib/python3.12/site-packages/airflow/example_dags/example_latest_only_with_trigger.py for tasks to queue
[2025-12-30T23:33:49.661+0000] {logging_mixin.py:188} INFO - [2025-12-30T23:33:49.660+0000] {dagbag.py:545} INFO - Filling up the DagBag from /home/airflow/.local/lib/python3.12/site-packages/airflow/example_dags/example_latest_only_with_trigger.py
[2025-12-30T23:33:49.674+0000] {processor.py:840} INFO - DAG(s) 'latest_only_with_trigger' retrieved from /home/airflow/.local/lib/python3.12/site-packages/airflow/example_dags/example_latest_only_with_trigger.py
[2025-12-30T23:33:49.695+0000] {logging_mixin.py:188} INFO - [2025-12-30T23:33:49.694+0000] {dag.py:3096} INFO - Sync 1 DAGs
[2025-12-30T23:33:49.718+0000] {logging_mixin.py:188} INFO - [2025-12-30T23:33:49.717+0000] {dag.py:3954} INFO - Setting next_dagrun for latest_only_with_trigger to 2025-12-30 16:00:00+00:00, run_after=2025-12-30 20:00:00+00:00
[2025-12-30T23:33:49.753+0000] {processor.py:183} INFO - Processing /home/airflow/.local/lib/python3.12/site-packages/airflow/example_dags/example_latest_only_with_trigger.py took 0.101 seconds
[2025-12-30T23:34:20.233+0000] {processor.py:161} INFO - Started process (PID=104) to work on /home/airflow/.local/lib/python3.12/site-packages/airflow/example_dags/example_latest_only_with_trigger.py
[2025-12-30T23:34:20.233+0000] {processor.py:830} INFO - Processing file /home/airflow/.local/lib/python3.12/site-packages/airflow/example_dags/example_latest_only_with_trigger.py for tasks to queue
[2025-12-30T23:34:20.234+0000] {logging_mixin.py:188} INFO - [2025-12-30T23:34:20.234+0000] {dagbag.py:545} INFO - Filling up the DagBag from /home/airflow/.local/lib/python3.12/site-packages/airflow/example_dags/example_latest_only_with_trigger.py
[2025-12-30T23:34:20.237+0000] {processor.py:840} INFO - DAG(s) 'latest_only_with_trigger' retrieved from /home/airflow/.local/lib/python3.12/site-packages/airflow/example_dags/example_latest_only_with_trigger.py
[2025-12-30T23:34:20.301+0000] {logging_mixin.py:188} INFO - [2025-12-30T23:34:20.301+0000] {dag.py:3096} INFO - Sync 1 DAGs
[2025-12-30T23:34:20.310+0000] {logging_mixin.py:188} INFO - [2025-12-30T23:34:20.309+0000] {dag.py:3954} INFO - Setting next_dagrun for latest_only_with_trigger to 2025-12-30 16:00:00+00:00, run_after=2025-12-30 20:00:00+00:00
[2025-12-30T23:34:20.318+0000] {processor.py:183} INFO - Processing /home/airflow/.local/lib/python3.12/site-packages/airflow/example_dags/example_latest_only_with_trigger.py took 0.088 seconds
[2025-12-30T23:34:51.119+0000] {processor.py:161} INFO - Started process (PID=163) to work on /home/airflow/.local/lib/python3.12/site-packages/airflow/example_dags/example_latest_only_with_trigger.py
[2025-12-30T23:34:51.119+0000] {processor.py:830} INFO - Processing file /home/airflow/.local/lib/python3.12/site-packages/airflow/example_dags/example_latest_only_with_trigger.py for tasks to queue
[2025-12-30T23:34:51.121+0000] {logging_mixin.py:188} INFO - [2025-12-30T23:34:51.120+0000] {dagbag.py:545} INFO - Filling up the DagBag from /home/airflow/.local/lib/python3.12/site-packages/airflow/example_dags/example_latest_only_with_trigger.py
[2025-12-30T23:34:51.124+0000] {processor.py:840} INFO - DAG(s) 'latest_only_with_trigger' retrieved from /home/airflow/.local/lib/python3.12/site-packages/airflow/example_dags/example_latest_only_with_trigger.py
[2025-12-30T23:34:51.135+0000] {logging_mixin.py:188} INFO - [2025-12-30T23:34:51.135+0000] {dag.py:3096} INFO - Sync 1 DAGs
[2025-12-30T23:34:51.146+0000] {logging_mixin.py:188} INFO - [2025-12-30T23:34:51.146+0000] {dag.py:3954} INFO - Setting next_dagrun for latest_only_with_trigger to 2025-12-30 16:00:00+00:00, run_after=2025-12-30 20:00:00+00:00
[2025-12-30T23:34:51.154+0000] {processor.py:183} INFO - Processing /home/airflow/.local/lib/python3.12/site-packages/airflow/example_dags/example_latest_only_with_trigger.py took 0.039 seconds
[2025-12-30T23:35:21.546+0000] {processor.py:161} INFO - Started process (PID=222) to work on /home/airflow/.local/lib/python3.12/site-packages/airflow/example_dags/example_latest_only_with_trigger.py
[2025-12-30T23:35:21.546+0000] {processor.py:830} INFO - Processing file /home/airflow/.local/lib/python3.12/site-packages/airflow/example_dags/example_latest_only_with_trigger.py for tasks to queue
[2025-12-30T23:35:21.547+0000] {logging_mixin.py:188} INFO - [2025-12-30T23:35:21.547+0000] {dagbag.py:545} INFO - Filling up the DagBag from /home/airflow/.local/lib/python3.12/site-packages/airflow/example_dags/example_latest_only_with_trigger.py
[2025-12-30T23:35:21.551+0000] {processor.py:840} INFO - DAG(s) 'latest_only_with_trigger' retrieved from /home/airflow/.local/lib/python3.12/site-packages/airflow/example_dags/example_latest_only_with_trigger.py
[2025-12-30T23:35:21.563+0000] {logging_mixin.py:188} INFO - [2025-12-30T23:35:21.563+0000] {dag.py:3096} INFO - Sync 1 DAGs
[2025-12-30T23:35:21.573+0000] {logging_mixin.py:188} INFO - [2025-12-30T23:35:21.572+0000] {dag.py:3954} INFO - Setting next_dagrun for latest_only_with_trigger to 2025-12-30 16:00:00+00:00, run_after=2025-12-30 20:00:00+00:00
[2025-12-30T23:35:21.580+0000] {processor.py:183} INFO - Processing /home/airflow/.local/lib/python3.12/site-packages/airflow/example_dags/example_latest_only_with_trigger.py took 0.037 seconds
[2025-12-30T23:35:51.716+0000] {processor.py:161} INFO - Started process (PID=281) to work on /home/airflow/.local/lib/python3.12/site-packages/airflow/example_dags/example_latest_only_with_trigger.py
[2025-12-30T23:35:51.716+0000] {processor.py:830} INFO - Processing file /home/airflow/.local/lib/python3.12/site-packages/airflow/example_dags/example_latest_only_with_trigger.py for tasks to queue
[2025-12-30T23:35:51.717+0000] {logging_mixin.py:188} INFO - [2025-12-30T23:35:51.717+0000] {dagbag.py:545} INFO - Filling up the DagBag from /home/airflow/.local/lib/python3.12/site-packages/airflow/example_dags/example_latest_only_with_trigger.py
[2025-12-30T23:35:51.721+0000] {processor.py:840} INFO - DAG(s) 'latest_only_with_trigger' retrieved from /home/airflow/.local/lib/python3.12/site-packages/airflow/example_dags/example_latest_only_with_trigger.py
[2025-12-30T23:35:51.731+0000] {logging_mixin.py:188} INFO - [2025-12-30T23:35:51.731+0000] {dag.py:3096} INFO - Sync 1 DAGs
[2025-12-30T23:35:51.746+0000] {logging_mixin.py:188} INFO - [2025-12-30T23:35:51.746+0000] {dag.py:3954} INFO - Setting next_dagrun for latest_only_with_trigger to 2025-12-30 16:00:00+00:00, run_after=2025-12-30 20:00:00+00:00
[2025-12-30T23:35:51.758+0000] {processor.py:183} INFO - Processing /home/airflow/.local/lib/python3.12/site-packages/airflow/example_dags/example_latest_only_with_trigger.py took 0.046 seconds
[2025-12-30T23:36:21.871+0000] {processor.py:161} INFO - Started process (PID=340) to work on /home/airflow/.local/lib/python3.12/site-packages/airflow/example_dags/example_latest_only_with_trigger.py
[2025-12-30T23:36:21.872+0000] {processor.py:830} INFO - Processing file /home/airflow/.local/lib/python3.12/site-packages/airflow/example_dags/example_latest_only_with_trigger.py for tasks to queue
[2025-12-30T23:36:21.873+0000] {logging_mixin.py:188} INFO - [2025-12-30T23:36:21.873+0000] {dagbag.py:545} INFO - Filling up the DagBag from /home/airflow/.local/lib/python3.12/site-packages/airflow/example_dags/example_latest_only_with_trigger.py
[2025-12-30T23:36:21.877+0000] {processor.py:840} INFO - DAG(s) 'latest_only_with_trigger' retrieved from /home/airflow/.local/lib/python3.12/site-packages/airflow/example_dags/example_latest_only_with_trigger.py
[2025-12-30T23:36:21.888+0000] {logging_mixin.py:188} INFO - [2025-12-30T23:36:21.888+0000] {dag.py:3096} INFO - Sync 1 DAGs
[2025-12-30T23:36:21.900+0000] {logging_mixin.py:188} INFO - [2025-12-30T23:36:21.900+0000] {dag.py:3954} INFO - Setting next_dagrun for latest_only_with_trigger to 2025-12-30 16:00:00+00:00, run_after=2025-12-30 20:00:00+00:00
[2025-12-30T23:36:21.913+0000] {processor.py:183} INFO - Processing /home/airflow/.local/lib/python3.12/site-packages/airflow/example_dags/example_latest_only_with_trigger.py took 0.046 seconds
[2025-12-30T23:36:52.389+0000] {processor.py:161} INFO - Started process (PID=399) to work on /home/airflow/.local/lib/python3.12/site-packages/airflow/example_dags/example_latest_only_with_trigger.py
[2025-12-30T23:36:52.389+0000] {processor.py:830} INFO - Processing file /home/airflow/.local/lib/python3.12/site-packages/airflow/example_dags/example_latest_only_with_trigger.py for tasks to queue
[2025-12-30T23:36:52.390+0000] {logging_mixin.py:188} INFO - [2025-12-30T23:36:52.390+0000] {dagbag.py:545} INFO - Filling up the DagBag from /home/airflow/.local/lib/python3.12/site-packages/airflow/example_dags/example_latest_only_with_trigger.py
[2025-12-30T23:36:52.394+0000] {processor.py:840} INFO - DAG(s) 'latest_only_with_trigger' retrieved from /home/airflow/.local/lib/python3.12/site-packages/airflow/example_dags/example_latest_only_with_trigger.py
[2025-12-30T23:36:52.404+0000] {logging_mixin.py:188} INFO - [2025-12-30T23:36:52.404+0000] {dag.py:3096} INFO - Sync 1 DAGs
[2025-12-30T23:36:52.414+0000] {logging_mixin.py:188} INFO - [2025-12-30T23:36:52.414+0000] {dag.py:3954} INFO - Setting next_dagrun for latest_only_with_trigger to 2025-12-30 16:00:00+00:00, run_after=2025-12-30 20:00:00+00:00
[2025-12-30T23:36:52.422+0000] {processor.py:183} INFO - Processing /home/airflow/.local/lib/python3.12/site-packages/airflow/example_dags/example_latest_only_with_trigger.py took 0.036 seconds
[2025-12-30T23:37:22.604+0000] {processor.py:161} INFO - Started process (PID=464) to work on /home/airflow/.local/lib/python3.12/site-packages/airflow/example_dags/example_latest_only_with_trigger.py
[2025-12-30T23:37:22.605+0000] {processor.py:830} INFO - Processing file /home/airflow/.local/lib/python3.12/site-packages/airflow/example_dags/example_latest_only_with_trigger.py for tasks to queue
[2025-12-30T23:37:22.607+0000] {logging_mixin.py:188} INFO - [2025-12-30T23:37:22.607+0000] {dagbag.py:545} INFO - Filling up the DagBag from /home/airflow/.local/lib/python3.12/site-packages/airflow/example_dags/example_latest_only_with_trigger.py
[2025-12-30T23:37:22.612+0000] {processor.py:840} INFO - DAG(s) 'latest_only_with_trigger' retrieved from /home/airflow/.local/lib/python3.12/site-packages/airflow/example_dags/example_latest_only_with_trigger.py
[2025-12-30T23:37:22.638+0000] {logging_mixin.py:188} INFO - [2025-12-30T23:37:22.637+0000] {dag.py:3096} INFO - Sync 1 DAGs
[2025-12-30T23:37:22.650+0000] {logging_mixin.py:188} INFO - [2025-12-30T23:37:22.649+0000] {dag.py:3954} INFO - Setting next_dagrun for latest_only_with_trigger to 2025-12-30 16:00:00+00:00, run_after=2025-12-30 20:00:00+00:00
[2025-12-30T23:37:22.659+0000] {processor.py:183} INFO - Processing /home/airflow/.local/lib/python3.12/site-packages/airflow/example_dags/example_latest_only_with_trigger.py took 0.060 seconds
[2025-12-30T23:37:53.081+0000] {processor.py:161} INFO - Started process (PID=523) to work on /home/airflow/.local/lib/python3.12/site-packages/airflow/example_dags/example_latest_only_with_trigger.py
[2025-12-30T23:37:53.081+0000] {processor.py:830} INFO - Processing file /home/airflow/.local/lib/python3.12/site-packages/airflow/example_dags/example_latest_only_with_trigger.py for tasks to queue
[2025-12-30T23:37:53.082+0000] {logging_mixin.py:188} INFO - [2025-12-30T23:37:53.082+0000] {dagbag.py:545} INFO - Filling up the DagBag from /home/airflow/.local/lib/python3.12/site-packages/airflow/example_dags/example_latest_only_with_trigger.py
[2025-12-30T23:37:53.085+0000] {processor.py:840} INFO - DAG(s) 'latest_only_with_trigger' retrieved from /home/airflow/.local/lib/python3.12/site-packages/airflow/example_dags/example_latest_only_with_trigger.py
[2025-12-30T23:37:53.095+0000] {logging_mixin.py:188} INFO - [2025-12-30T23:37:53.095+0000] {dag.py:3096} INFO - Sync 1 DAGs
[2025-12-30T23:37:53.105+0000] {logging_mixin.py:188} INFO - [2025-12-30T23:37:53.105+0000] {dag.py:3954} INFO - Setting next_dagrun for latest_only_with_trigger to 2025-12-30 16:00:00+00:00, run_after=2025-12-30 20:00:00+00:00
[2025-12-30T23:37:53.112+0000] {processor.py:183} INFO - Processing /home/airflow/.local/lib/python3.12/site-packages/airflow/example_dags/example_latest_only_with_trigger.py took 0.034 seconds
[2025-12-30T23:38:23.469+0000] {processor.py:161} INFO - Started process (PID=582) to work on /home/airflow/.local/lib/python3.12/site-packages/airflow/example_dags/example_latest_only_with_trigger.py
[2025-12-30T23:38:23.470+0000] {processor.py:830} INFO - Processing file /home/airflow/.local/lib/python3.12/site-packages/airflow/example_dags/example_latest_only_with_trigger.py for tasks to queue
[2025-12-30T23:38:23.471+0000] {logging_mixin.py:188} INFO - [2025-12-30T23:38:23.471+0000] {dagbag.py:545} INFO - Filling up the DagBag from /home/airflow/.local/lib/python3.12/site-packages/airflow/example_dags/example_latest_only_with_trigger.py
[2025-12-30T23:38:23.478+0000] {processor.py:840} INFO - DAG(s) 'latest_only_with_trigger' retrieved from /home/airflow/.local/lib/python3.12/site-packages/airflow/example_dags/example_latest_only_with_trigger.py
[2025-12-30T23:38:23.507+0000] {logging_mixin.py:188} INFO - [2025-12-30T23:38:23.507+0000] {dag.py:3096} INFO - Sync 1 DAGs
[2025-12-30T23:38:23.530+0000] {logging_mixin.py:188} INFO - [2025-12-30T23:38:23.530+0000] {dag.py:3954} INFO - Setting next_dagrun for latest_only_with_trigger to 2025-12-30 16:00:00+00:00, run_after=2025-12-30 20:00:00+00:00
[2025-12-30T23:38:23.543+0000] {processor.py:183} INFO - Processing /home/airflow/.local/lib/python3.12/site-packages/airflow/example_dags/example_latest_only_with_trigger.py took 0.078 seconds
[2025-12-30T23:38:53.972+0000] {processor.py:161} INFO - Started process (PID=641) to work on /home/airflow/.local/lib/python3.12/site-packages/airflow/example_dags/example_latest_only_with_trigger.py
[2025-12-30T23:38:53.973+0000] {processor.py:830} INFO - Processing file /home/airflow/.local/lib/python3.12/site-packages/airflow/example_dags/example_latest_only_with_trigger.py for tasks to queue
[2025-12-30T23:38:53.974+0000] {logging_mixin.py:188} INFO - [2025-12-30T23:38:53.974+0000] {dagbag.py:545} INFO - Filling up the DagBag from /home/airflow/.local/lib/python3.12/site-packages/airflow/example_dags/example_latest_only_with_trigger.py
[2025-12-30T23:38:53.977+0000] {processor.py:840} INFO - DAG(s) 'latest_only_with_trigger' retrieved from /home/airflow/.local/lib/python3.12/site-packages/airflow/example_dags/example_latest_only_with_trigger.py
[2025-12-30T23:38:53.988+0000] {logging_mixin.py:188} INFO - [2025-12-30T23:38:53.988+0000] {dag.py:3096} INFO - Sync 1 DAGs
[2025-12-30T23:38:53.999+0000] {logging_mixin.py:188} INFO - [2025-12-30T23:38:53.999+0000] {dag.py:3954} INFO - Setting next_dagrun for latest_only_with_trigger to 2025-12-30 16:00:00+00:00, run_after=2025-12-30 20:00:00+00:00
[2025-12-30T23:38:54.008+0000] {processor.py:183} INFO - Processing /home/airflow/.local/lib/python3.12/site-packages/airflow/example_dags/example_latest_only_with_trigger.py took 0.041 seconds
[2025-12-30T23:39:24.391+0000] {processor.py:161} INFO - Started process (PID=700) to work on /home/airflow/.local/lib/python3.12/site-packages/airflow/example_dags/example_latest_only_with_trigger.py
[2025-12-30T23:39:24.392+0000] {processor.py:830} INFO - Processing file /home/airflow/.local/lib/python3.12/site-packages/airflow/example_dags/example_latest_only_with_trigger.py for tasks to queue
[2025-12-30T23:39:24.393+0000] {logging_mixin.py:188} INFO - [2025-12-30T23:39:24.393+0000] {dagbag.py:545} INFO - Filling up the DagBag from /home/airflow/.local/lib/python3.12/site-packages/airflow/example_dags/example_latest_only_with_trigger.py
[2025-12-30T23:39:24.396+0000] {processor.py:840} INFO - DAG(s) 'latest_only_with_trigger' retrieved from /home/airflow/.local/lib/python3.12/site-packages/airflow/example_dags/example_latest_only_with_trigger.py
[2025-12-30T23:39:24.411+0000] {logging_mixin.py:188} INFO - [2025-12-30T23:39:24.411+0000] {dag.py:3096} INFO - Sync 1 DAGs
[2025-12-30T23:39:24.423+0000] {logging_mixin.py:188} INFO - [2025-12-30T23:39:24.423+0000] {dag.py:3954} INFO - Setting next_dagrun for latest_only_with_trigger to 2025-12-30 16:00:00+00:00, run_after=2025-12-30 20:00:00+00:00
[2025-12-30T23:39:24.432+0000] {processor.py:183} INFO - Processing /home/airflow/.local/lib/python3.12/site-packages/airflow/example_dags/example_latest_only_with_trigger.py took 0.044 seconds
[2025-12-30T23:39:54.803+0000] {processor.py:161} INFO - Started process (PID=759) to work on /home/airflow/.local/lib/python3.12/site-packages/airflow/example_dags/example_latest_only_with_trigger.py
[2025-12-30T23:39:54.804+0000] {processor.py:830} INFO - Processing file /home/airflow/.local/lib/python3.12/site-packages/airflow/example_dags/example_latest_only_with_trigger.py for tasks to queue
[2025-12-30T23:39:54.805+0000] {logging_mixin.py:188} INFO - [2025-12-30T23:39:54.805+0000] {dagbag.py:545} INFO - Filling up the DagBag from /home/airflow/.local/lib/python3.12/site-packages/airflow/example_dags/example_latest_only_with_trigger.py
[2025-12-30T23:39:54.808+0000] {processor.py:840} INFO - DAG(s) 'latest_only_with_trigger' retrieved from /home/airflow/.local/lib/python3.12/site-packages/airflow/example_dags/example_latest_only_with_trigger.py
[2025-12-30T23:39:54.821+0000] {logging_mixin.py:188} INFO - [2025-12-30T23:39:54.820+0000] {dag.py:3096} INFO - Sync 1 DAGs
[2025-12-30T23:39:54.831+0000] {logging_mixin.py:188} INFO - [2025-12-30T23:39:54.831+0000] {dag.py:3954} INFO - Setting next_dagrun for latest_only_with_trigger to 2025-12-30 16:00:00+00:00, run_after=2025-12-30 20:00:00+00:00
[2025-12-30T23:39:54.839+0000] {processor.py:183} INFO - Processing /home/airflow/.local/lib/python3.12/site-packages/airflow/example_dags/example_latest_only_with_trigger.py took 0.040 seconds
[2025-12-30T23:40:24.958+0000] {processor.py:161} INFO - Started process (PID=818) to work on /home/airflow/.local/lib/python3.12/site-packages/airflow/example_dags/example_latest_only_with_trigger.py
[2025-12-30T23:40:24.958+0000] {processor.py:830} INFO - Processing file /home/airflow/.local/lib/python3.12/site-packages/airflow/example_dags/example_latest_only_with_trigger.py for tasks to queue
[2025-12-30T23:40:24.959+0000] {logging_mixin.py:188} INFO - [2025-12-30T23:40:24.959+0000] {dagbag.py:545} INFO - Filling up the DagBag from /home/airflow/.local/lib/python3.12/site-packages/airflow/example_dags/example_latest_only_with_trigger.py
[2025-12-30T23:40:24.964+0000] {processor.py:840} INFO - DAG(s) 'latest_only_with_trigger' retrieved from /home/airflow/.local/lib/python3.12/site-packages/airflow/example_dags/example_latest_only_with_trigger.py
[2025-12-30T23:40:24.975+0000] {logging_mixin.py:188} INFO - [2025-12-30T23:40:24.975+0000] {dag.py:3096} INFO - Sync 1 DAGs
[2025-12-30T23:40:24.987+0000] {logging_mixin.py:188} INFO - [2025-12-30T23:40:24.987+0000] {dag.py:3954} INFO - Setting next_dagrun for latest_only_with_trigger to 2025-12-30 16:00:00+00:00, run_after=2025-12-30 20:00:00+00:00
[2025-12-30T23:40:24.995+0000] {processor.py:183} INFO - Processing /home/airflow/.local/lib/python3.12/site-packages/airflow/example_dags/example_latest_only_with_trigger.py took 0.040 seconds
[2025-12-30T23:40:55.277+0000] {processor.py:161} INFO - Started process (PID=878) to work on /home/airflow/.local/lib/python3.12/site-packages/airflow/example_dags/example_latest_only_with_trigger.py
[2025-12-30T23:40:55.278+0000] {processor.py:830} INFO - Processing file /home/airflow/.local/lib/python3.12/site-packages/airflow/example_dags/example_latest_only_with_trigger.py for tasks to queue
[2025-12-30T23:40:55.279+0000] {logging_mixin.py:188} INFO - [2025-12-30T23:40:55.279+0000] {dagbag.py:545} INFO - Filling up the DagBag from /home/airflow/.local/lib/python3.12/site-packages/airflow/example_dags/example_latest_only_with_trigger.py
[2025-12-30T23:40:55.282+0000] {processor.py:840} INFO - DAG(s) 'latest_only_with_trigger' retrieved from /home/airflow/.local/lib/python3.12/site-packages/airflow/example_dags/example_latest_only_with_trigger.py
[2025-12-30T23:40:55.295+0000] {logging_mixin.py:188} INFO - [2025-12-30T23:40:55.295+0000] {dag.py:3096} INFO - Sync 1 DAGs
[2025-12-30T23:40:55.308+0000] {logging_mixin.py:188} INFO - [2025-12-30T23:40:55.308+0000] {dag.py:3954} INFO - Setting next_dagrun for latest_only_with_trigger to 2025-12-30 16:00:00+00:00, run_after=2025-12-30 20:00:00+00:00
[2025-12-30T23:40:55.316+0000] {processor.py:183} INFO - Processing /home/airflow/.local/lib/python3.12/site-packages/airflow/example_dags/example_latest_only_with_trigger.py took 0.042 seconds
[2025-12-30T23:42:56.382+0000] {processor.py:161} INFO - Started process (PID=44) to work on /home/airflow/.local/lib/python3.12/site-packages/airflow/example_dags/example_latest_only_with_trigger.py
[2025-12-30T23:42:56.390+0000] {processor.py:830} INFO - Processing file /home/airflow/.local/lib/python3.12/site-packages/airflow/example_dags/example_latest_only_with_trigger.py for tasks to queue
[2025-12-30T23:42:56.397+0000] {logging_mixin.py:188} INFO - [2025-12-30T23:42:56.397+0000] {dagbag.py:545} INFO - Filling up the DagBag from /home/airflow/.local/lib/python3.12/site-packages/airflow/example_dags/example_latest_only_with_trigger.py
[2025-12-30T23:42:56.412+0000] {processor.py:840} INFO - DAG(s) 'latest_only_with_trigger' retrieved from /home/airflow/.local/lib/python3.12/site-packages/airflow/example_dags/example_latest_only_with_trigger.py
[2025-12-30T23:42:56.489+0000] {logging_mixin.py:188} INFO - [2025-12-30T23:42:56.488+0000] {dag.py:3096} INFO - Sync 1 DAGs
[2025-12-30T23:42:56.576+0000] {logging_mixin.py:188} INFO - [2025-12-30T23:42:56.575+0000] {dag.py:3954} INFO - Setting next_dagrun for latest_only_with_trigger to 2025-12-30 16:00:00+00:00, run_after=2025-12-30 20:00:00+00:00
[2025-12-30T23:42:56.636+0000] {processor.py:183} INFO - Processing /home/airflow/.local/lib/python3.12/site-packages/airflow/example_dags/example_latest_only_with_trigger.py took 0.265 seconds
[2025-12-30T23:43:26.985+0000] {processor.py:161} INFO - Started process (PID=104) to work on /home/airflow/.local/lib/python3.12/site-packages/airflow/example_dags/example_latest_only_with_trigger.py
[2025-12-30T23:43:26.985+0000] {processor.py:830} INFO - Processing file /home/airflow/.local/lib/python3.12/site-packages/airflow/example_dags/example_latest_only_with_trigger.py for tasks to queue
[2025-12-30T23:43:26.986+0000] {logging_mixin.py:188} INFO - [2025-12-30T23:43:26.986+0000] {dagbag.py:545} INFO - Filling up the DagBag from /home/airflow/.local/lib/python3.12/site-packages/airflow/example_dags/example_latest_only_with_trigger.py
[2025-12-30T23:43:26.990+0000] {processor.py:840} INFO - DAG(s) 'latest_only_with_trigger' retrieved from /home/airflow/.local/lib/python3.12/site-packages/airflow/example_dags/example_latest_only_with_trigger.py
[2025-12-30T23:43:27.072+0000] {logging_mixin.py:188} INFO - [2025-12-30T23:43:27.072+0000] {dag.py:3096} INFO - Sync 1 DAGs
[2025-12-30T23:43:27.084+0000] {logging_mixin.py:188} INFO - [2025-12-30T23:43:27.084+0000] {dag.py:3954} INFO - Setting next_dagrun for latest_only_with_trigger to 2025-12-30 16:00:00+00:00, run_after=2025-12-30 20:00:00+00:00
[2025-12-30T23:43:27.093+0000] {processor.py:183} INFO - Processing /home/airflow/.local/lib/python3.12/site-packages/airflow/example_dags/example_latest_only_with_trigger.py took 0.111 seconds
[2025-12-30T23:43:57.846+0000] {processor.py:161} INFO - Started process (PID=164) to work on /home/airflow/.local/lib/python3.12/site-packages/airflow/example_dags/example_latest_only_with_trigger.py
[2025-12-30T23:43:57.846+0000] {processor.py:830} INFO - Processing file /home/airflow/.local/lib/python3.12/site-packages/airflow/example_dags/example_latest_only_with_trigger.py for tasks to queue
[2025-12-30T23:43:57.847+0000] {logging_mixin.py:188} INFO - [2025-12-30T23:43:57.847+0000] {dagbag.py:545} INFO - Filling up the DagBag from /home/airflow/.local/lib/python3.12/site-packages/airflow/example_dags/example_latest_only_with_trigger.py
[2025-12-30T23:43:57.851+0000] {processor.py:840} INFO - DAG(s) 'latest_only_with_trigger' retrieved from /home/airflow/.local/lib/python3.12/site-packages/airflow/example_dags/example_latest_only_with_trigger.py
[2025-12-30T23:43:57.868+0000] {logging_mixin.py:188} INFO - [2025-12-30T23:43:57.868+0000] {dag.py:3096} INFO - Sync 1 DAGs
[2025-12-30T23:43:57.880+0000] {logging_mixin.py:188} INFO - [2025-12-30T23:43:57.879+0000] {dag.py:3954} INFO - Setting next_dagrun for latest_only_with_trigger to 2025-12-30 16:00:00+00:00, run_after=2025-12-30 20:00:00+00:00
[2025-12-30T23:43:57.890+0000] {processor.py:183} INFO - Processing /home/airflow/.local/lib/python3.12/site-packages/airflow/example_dags/example_latest_only_with_trigger.py took 0.048 seconds
[2025-12-30T23:44:28.114+0000] {processor.py:161} INFO - Started process (PID=222) to work on /home/airflow/.local/lib/python3.12/site-packages/airflow/example_dags/example_latest_only_with_trigger.py
[2025-12-30T23:44:28.115+0000] {processor.py:830} INFO - Processing file /home/airflow/.local/lib/python3.12/site-packages/airflow/example_dags/example_latest_only_with_trigger.py for tasks to queue
[2025-12-30T23:44:28.116+0000] {logging_mixin.py:188} INFO - [2025-12-30T23:44:28.116+0000] {dagbag.py:545} INFO - Filling up the DagBag from /home/airflow/.local/lib/python3.12/site-packages/airflow/example_dags/example_latest_only_with_trigger.py
[2025-12-30T23:44:28.120+0000] {processor.py:840} INFO - DAG(s) 'latest_only_with_trigger' retrieved from /home/airflow/.local/lib/python3.12/site-packages/airflow/example_dags/example_latest_only_with_trigger.py
[2025-12-30T23:44:28.131+0000] {logging_mixin.py:188} INFO - [2025-12-30T23:44:28.131+0000] {dag.py:3096} INFO - Sync 1 DAGs
[2025-12-30T23:44:28.141+0000] {logging_mixin.py:188} INFO - [2025-12-30T23:44:28.141+0000] {dag.py:3954} INFO - Setting next_dagrun for latest_only_with_trigger to 2025-12-30 16:00:00+00:00, run_after=2025-12-30 20:00:00+00:00
[2025-12-30T23:44:28.149+0000] {processor.py:183} INFO - Processing /home/airflow/.local/lib/python3.12/site-packages/airflow/example_dags/example_latest_only_with_trigger.py took 0.038 seconds
[2025-12-30T23:44:59.143+0000] {processor.py:161} INFO - Started process (PID=282) to work on /home/airflow/.local/lib/python3.12/site-packages/airflow/example_dags/example_latest_only_with_trigger.py
[2025-12-30T23:44:59.144+0000] {processor.py:830} INFO - Processing file /home/airflow/.local/lib/python3.12/site-packages/airflow/example_dags/example_latest_only_with_trigger.py for tasks to queue
[2025-12-30T23:44:59.146+0000] {logging_mixin.py:188} INFO - [2025-12-30T23:44:59.146+0000] {dagbag.py:545} INFO - Filling up the DagBag from /home/airflow/.local/lib/python3.12/site-packages/airflow/example_dags/example_latest_only_with_trigger.py
[2025-12-30T23:44:59.152+0000] {processor.py:840} INFO - DAG(s) 'latest_only_with_trigger' retrieved from /home/airflow/.local/lib/python3.12/site-packages/airflow/example_dags/example_latest_only_with_trigger.py
[2025-12-30T23:44:59.183+0000] {logging_mixin.py:188} INFO - [2025-12-30T23:44:59.182+0000] {dag.py:3096} INFO - Sync 1 DAGs
[2025-12-30T23:44:59.206+0000] {logging_mixin.py:188} INFO - [2025-12-30T23:44:59.206+0000] {dag.py:3954} INFO - Setting next_dagrun for latest_only_with_trigger to 2025-12-30 16:00:00+00:00, run_after=2025-12-30 20:00:00+00:00
[2025-12-30T23:44:59.219+0000] {processor.py:183} INFO - Processing /home/airflow/.local/lib/python3.12/site-packages/airflow/example_dags/example_latest_only_with_trigger.py took 0.082 seconds
[2025-12-30T23:45:29.789+0000] {processor.py:161} INFO - Started process (PID=348) to work on /home/airflow/.local/lib/python3.12/site-packages/airflow/example_dags/example_latest_only_with_trigger.py
[2025-12-30T23:45:29.790+0000] {processor.py:830} INFO - Processing file /home/airflow/.local/lib/python3.12/site-packages/airflow/example_dags/example_latest_only_with_trigger.py for tasks to queue
[2025-12-30T23:45:29.792+0000] {logging_mixin.py:188} INFO - [2025-12-30T23:45:29.791+0000] {dagbag.py:545} INFO - Filling up the DagBag from /home/airflow/.local/lib/python3.12/site-packages/airflow/example_dags/example_latest_only_with_trigger.py
[2025-12-30T23:45:29.797+0000] {processor.py:840} INFO - DAG(s) 'latest_only_with_trigger' retrieved from /home/airflow/.local/lib/python3.12/site-packages/airflow/example_dags/example_latest_only_with_trigger.py
[2025-12-30T23:45:29.816+0000] {logging_mixin.py:188} INFO - [2025-12-30T23:45:29.816+0000] {dag.py:3096} INFO - Sync 1 DAGs
[2025-12-30T23:45:29.830+0000] {logging_mixin.py:188} INFO - [2025-12-30T23:45:29.830+0000] {dag.py:3954} INFO - Setting next_dagrun for latest_only_with_trigger to 2025-12-30 16:00:00+00:00, run_after=2025-12-30 20:00:00+00:00
[2025-12-30T23:45:29.840+0000] {processor.py:183} INFO - Processing /home/airflow/.local/lib/python3.12/site-packages/airflow/example_dags/example_latest_only_with_trigger.py took 0.059 seconds
[2025-12-30T23:46:00.070+0000] {processor.py:161} INFO - Started process (PID=408) to work on /home/airflow/.local/lib/python3.12/site-packages/airflow/example_dags/example_latest_only_with_trigger.py
[2025-12-30T23:46:00.071+0000] {processor.py:830} INFO - Processing file /home/airflow/.local/lib/python3.12/site-packages/airflow/example_dags/example_latest_only_with_trigger.py for tasks to queue
[2025-12-30T23:46:00.073+0000] {logging_mixin.py:188} INFO - [2025-12-30T23:46:00.073+0000] {dagbag.py:545} INFO - Filling up the DagBag from /home/airflow/.local/lib/python3.12/site-packages/airflow/example_dags/example_latest_only_with_trigger.py
[2025-12-30T23:46:00.079+0000] {processor.py:840} INFO - DAG(s) 'latest_only_with_trigger' retrieved from /home/airflow/.local/lib/python3.12/site-packages/airflow/example_dags/example_latest_only_with_trigger.py
[2025-12-30T23:46:00.095+0000] {logging_mixin.py:188} INFO - [2025-12-30T23:46:00.094+0000] {dag.py:3096} INFO - Sync 1 DAGs
[2025-12-30T23:46:00.107+0000] {logging_mixin.py:188} INFO - [2025-12-30T23:46:00.107+0000] {dag.py:3954} INFO - Setting next_dagrun for latest_only_with_trigger to 2025-12-30 16:00:00+00:00, run_after=2025-12-30 20:00:00+00:00
[2025-12-30T23:46:00.118+0000] {processor.py:183} INFO - Processing /home/airflow/.local/lib/python3.12/site-packages/airflow/example_dags/example_latest_only_with_trigger.py took 0.052 seconds
[2025-12-30T23:46:30.211+0000] {processor.py:161} INFO - Started process (PID=468) to work on /home/airflow/.local/lib/python3.12/site-packages/airflow/example_dags/example_latest_only_with_trigger.py
[2025-12-30T23:46:30.212+0000] {processor.py:830} INFO - Processing file /home/airflow/.local/lib/python3.12/site-packages/airflow/example_dags/example_latest_only_with_trigger.py for tasks to queue
[2025-12-30T23:46:30.213+0000] {logging_mixin.py:188} INFO - [2025-12-30T23:46:30.213+0000] {dagbag.py:545} INFO - Filling up the DagBag from /home/airflow/.local/lib/python3.12/site-packages/airflow/example_dags/example_latest_only_with_trigger.py
[2025-12-30T23:46:30.221+0000] {processor.py:840} INFO - DAG(s) 'latest_only_with_trigger' retrieved from /home/airflow/.local/lib/python3.12/site-packages/airflow/example_dags/example_latest_only_with_trigger.py
[2025-12-30T23:46:30.237+0000] {logging_mixin.py:188} INFO - [2025-12-30T23:46:30.236+0000] {dag.py:3096} INFO - Sync 1 DAGs
[2025-12-30T23:46:30.251+0000] {logging_mixin.py:188} INFO - [2025-12-30T23:46:30.250+0000] {dag.py:3954} INFO - Setting next_dagrun for latest_only_with_trigger to 2025-12-30 16:00:00+00:00, run_after=2025-12-30 20:00:00+00:00
[2025-12-30T23:46:30.259+0000] {processor.py:183} INFO - Processing /home/airflow/.local/lib/python3.12/site-packages/airflow/example_dags/example_latest_only_with_trigger.py took 0.053 seconds
[2025-12-30T23:47:00.499+0000] {processor.py:161} INFO - Started process (PID=528) to work on /home/airflow/.local/lib/python3.12/site-packages/airflow/example_dags/example_latest_only_with_trigger.py
[2025-12-30T23:47:00.499+0000] {processor.py:830} INFO - Processing file /home/airflow/.local/lib/python3.12/site-packages/airflow/example_dags/example_latest_only_with_trigger.py for tasks to queue
[2025-12-30T23:47:00.501+0000] {logging_mixin.py:188} INFO - [2025-12-30T23:47:00.501+0000] {dagbag.py:545} INFO - Filling up the DagBag from /home/airflow/.local/lib/python3.12/site-packages/airflow/example_dags/example_latest_only_with_trigger.py
[2025-12-30T23:47:00.505+0000] {processor.py:840} INFO - DAG(s) 'latest_only_with_trigger' retrieved from /home/airflow/.local/lib/python3.12/site-packages/airflow/example_dags/example_latest_only_with_trigger.py
[2025-12-30T23:47:00.519+0000] {logging_mixin.py:188} INFO - [2025-12-30T23:47:00.519+0000] {dag.py:3096} INFO - Sync 1 DAGs
[2025-12-30T23:47:00.531+0000] {logging_mixin.py:188} INFO - [2025-12-30T23:47:00.530+0000] {dag.py:3954} INFO - Setting next_dagrun for latest_only_with_trigger to 2025-12-30 16:00:00+00:00, run_after=2025-12-30 20:00:00+00:00
[2025-12-30T23:47:00.541+0000] {processor.py:183} INFO - Processing /home/airflow/.local/lib/python3.12/site-packages/airflow/example_dags/example_latest_only_with_trigger.py took 0.046 seconds
[2025-12-30T23:47:30.955+0000] {processor.py:161} INFO - Started process (PID=588) to work on /home/airflow/.local/lib/python3.12/site-packages/airflow/example_dags/example_latest_only_with_trigger.py
[2025-12-30T23:47:30.956+0000] {processor.py:830} INFO - Processing file /home/airflow/.local/lib/python3.12/site-packages/airflow/example_dags/example_latest_only_with_trigger.py for tasks to queue
[2025-12-30T23:47:30.958+0000] {logging_mixin.py:188} INFO - [2025-12-30T23:47:30.958+0000] {dagbag.py:545} INFO - Filling up the DagBag from /home/airflow/.local/lib/python3.12/site-packages/airflow/example_dags/example_latest_only_with_trigger.py
[2025-12-30T23:47:30.962+0000] {processor.py:840} INFO - DAG(s) 'latest_only_with_trigger' retrieved from /home/airflow/.local/lib/python3.12/site-packages/airflow/example_dags/example_latest_only_with_trigger.py
[2025-12-30T23:47:30.977+0000] {logging_mixin.py:188} INFO - [2025-12-30T23:47:30.977+0000] {dag.py:3096} INFO - Sync 1 DAGs
[2025-12-30T23:47:30.989+0000] {logging_mixin.py:188} INFO - [2025-12-30T23:47:30.988+0000] {dag.py:3954} INFO - Setting next_dagrun for latest_only_with_trigger to 2025-12-30 16:00:00+00:00, run_after=2025-12-30 20:00:00+00:00
[2025-12-30T23:47:30.997+0000] {processor.py:183} INFO - Processing /home/airflow/.local/lib/python3.12/site-packages/airflow/example_dags/example_latest_only_with_trigger.py took 0.048 seconds
[2025-12-30T23:48:01.333+0000] {processor.py:161} INFO - Started process (PID=648) to work on /home/airflow/.local/lib/python3.12/site-packages/airflow/example_dags/example_latest_only_with_trigger.py
[2025-12-30T23:48:01.333+0000] {processor.py:830} INFO - Processing file /home/airflow/.local/lib/python3.12/site-packages/airflow/example_dags/example_latest_only_with_trigger.py for tasks to queue
[2025-12-30T23:48:01.335+0000] {logging_mixin.py:188} INFO - [2025-12-30T23:48:01.334+0000] {dagbag.py:545} INFO - Filling up the DagBag from /home/airflow/.local/lib/python3.12/site-packages/airflow/example_dags/example_latest_only_with_trigger.py
[2025-12-30T23:48:01.338+0000] {processor.py:840} INFO - DAG(s) 'latest_only_with_trigger' retrieved from /home/airflow/.local/lib/python3.12/site-packages/airflow/example_dags/example_latest_only_with_trigger.py
[2025-12-30T23:48:01.351+0000] {logging_mixin.py:188} INFO - [2025-12-30T23:48:01.350+0000] {dag.py:3096} INFO - Sync 1 DAGs
[2025-12-30T23:48:01.360+0000] {logging_mixin.py:188} INFO - [2025-12-30T23:48:01.360+0000] {dag.py:3954} INFO - Setting next_dagrun for latest_only_with_trigger to 2025-12-30 16:00:00+00:00, run_after=2025-12-30 20:00:00+00:00
[2025-12-30T23:48:01.368+0000] {processor.py:183} INFO - Processing /home/airflow/.local/lib/python3.12/site-packages/airflow/example_dags/example_latest_only_with_trigger.py took 0.040 seconds
[2025-12-30T23:48:31.559+0000] {processor.py:161} INFO - Started process (PID=708) to work on /home/airflow/.local/lib/python3.12/site-packages/airflow/example_dags/example_latest_only_with_trigger.py
[2025-12-30T23:48:31.560+0000] {processor.py:830} INFO - Processing file /home/airflow/.local/lib/python3.12/site-packages/airflow/example_dags/example_latest_only_with_trigger.py for tasks to queue
[2025-12-30T23:48:31.562+0000] {logging_mixin.py:188} INFO - [2025-12-30T23:48:31.561+0000] {dagbag.py:545} INFO - Filling up the DagBag from /home/airflow/.local/lib/python3.12/site-packages/airflow/example_dags/example_latest_only_with_trigger.py
[2025-12-30T23:48:31.567+0000] {processor.py:840} INFO - DAG(s) 'latest_only_with_trigger' retrieved from /home/airflow/.local/lib/python3.12/site-packages/airflow/example_dags/example_latest_only_with_trigger.py
[2025-12-30T23:48:31.584+0000] {logging_mixin.py:188} INFO - [2025-12-30T23:48:31.584+0000] {dag.py:3096} INFO - Sync 1 DAGs
[2025-12-30T23:48:31.598+0000] {logging_mixin.py:188} INFO - [2025-12-30T23:48:31.598+0000] {dag.py:3954} INFO - Setting next_dagrun for latest_only_with_trigger to 2025-12-30 16:00:00+00:00, run_after=2025-12-30 20:00:00+00:00
[2025-12-30T23:48:31.607+0000] {processor.py:183} INFO - Processing /home/airflow/.local/lib/python3.12/site-packages/airflow/example_dags/example_latest_only_with_trigger.py took 0.053 seconds
[2025-12-30T23:49:01.820+0000] {processor.py:161} INFO - Started process (PID=768) to work on /home/airflow/.local/lib/python3.12/site-packages/airflow/example_dags/example_latest_only_with_trigger.py
[2025-12-30T23:49:01.820+0000] {processor.py:830} INFO - Processing file /home/airflow/.local/lib/python3.12/site-packages/airflow/example_dags/example_latest_only_with_trigger.py for tasks to queue
[2025-12-30T23:49:01.822+0000] {logging_mixin.py:188} INFO - [2025-12-30T23:49:01.821+0000] {dagbag.py:545} INFO - Filling up the DagBag from /home/airflow/.local/lib/python3.12/site-packages/airflow/example_dags/example_latest_only_with_trigger.py
[2025-12-30T23:49:01.827+0000] {processor.py:840} INFO - DAG(s) 'latest_only_with_trigger' retrieved from /home/airflow/.local/lib/python3.12/site-packages/airflow/example_dags/example_latest_only_with_trigger.py
[2025-12-30T23:49:01.840+0000] {logging_mixin.py:188} INFO - [2025-12-30T23:49:01.840+0000] {dag.py:3096} INFO - Sync 1 DAGs
[2025-12-30T23:49:01.850+0000] {logging_mixin.py:188} INFO - [2025-12-30T23:49:01.850+0000] {dag.py:3954} INFO - Setting next_dagrun for latest_only_with_trigger to 2025-12-30 16:00:00+00:00, run_after=2025-12-30 20:00:00+00:00
[2025-12-30T23:49:01.860+0000] {processor.py:183} INFO - Processing /home/airflow/.local/lib/python3.12/site-packages/airflow/example_dags/example_latest_only_with_trigger.py took 0.044 seconds
[2025-12-30T23:49:32.129+0000] {processor.py:161} INFO - Started process (PID=828) to work on /home/airflow/.local/lib/python3.12/site-packages/airflow/example_dags/example_latest_only_with_trigger.py
[2025-12-30T23:49:32.129+0000] {processor.py:830} INFO - Processing file /home/airflow/.local/lib/python3.12/site-packages/airflow/example_dags/example_latest_only_with_trigger.py for tasks to queue
[2025-12-30T23:49:32.130+0000] {logging_mixin.py:188} INFO - [2025-12-30T23:49:32.130+0000] {dagbag.py:545} INFO - Filling up the DagBag from /home/airflow/.local/lib/python3.12/site-packages/airflow/example_dags/example_latest_only_with_trigger.py
[2025-12-30T23:49:32.134+0000] {processor.py:840} INFO - DAG(s) 'latest_only_with_trigger' retrieved from /home/airflow/.local/lib/python3.12/site-packages/airflow/example_dags/example_latest_only_with_trigger.py
[2025-12-30T23:49:32.145+0000] {logging_mixin.py:188} INFO - [2025-12-30T23:49:32.145+0000] {dag.py:3096} INFO - Sync 1 DAGs
[2025-12-30T23:49:32.155+0000] {logging_mixin.py:188} INFO - [2025-12-30T23:49:32.155+0000] {dag.py:3954} INFO - Setting next_dagrun for latest_only_with_trigger to 2025-12-30 16:00:00+00:00, run_after=2025-12-30 20:00:00+00:00
[2025-12-30T23:49:32.163+0000] {processor.py:183} INFO - Processing /home/airflow/.local/lib/python3.12/site-packages/airflow/example_dags/example_latest_only_with_trigger.py took 0.039 seconds
[2025-12-30T23:50:02.318+0000] {processor.py:161} INFO - Started process (PID=888) to work on /home/airflow/.local/lib/python3.12/site-packages/airflow/example_dags/example_latest_only_with_trigger.py
[2025-12-30T23:50:02.319+0000] {processor.py:830} INFO - Processing file /home/airflow/.local/lib/python3.12/site-packages/airflow/example_dags/example_latest_only_with_trigger.py for tasks to queue
[2025-12-30T23:50:02.321+0000] {logging_mixin.py:188} INFO - [2025-12-30T23:50:02.321+0000] {dagbag.py:545} INFO - Filling up the DagBag from /home/airflow/.local/lib/python3.12/site-packages/airflow/example_dags/example_latest_only_with_trigger.py
[2025-12-30T23:50:02.325+0000] {processor.py:840} INFO - DAG(s) 'latest_only_with_trigger' retrieved from /home/airflow/.local/lib/python3.12/site-packages/airflow/example_dags/example_latest_only_with_trigger.py
[2025-12-30T23:50:02.341+0000] {logging_mixin.py:188} INFO - [2025-12-30T23:50:02.341+0000] {dag.py:3096} INFO - Sync 1 DAGs
[2025-12-30T23:50:02.352+0000] {logging_mixin.py:188} INFO - [2025-12-30T23:50:02.351+0000] {dag.py:3954} INFO - Setting next_dagrun for latest_only_with_trigger to 2025-12-30 16:00:00+00:00, run_after=2025-12-30 20:00:00+00:00
[2025-12-30T23:50:02.359+0000] {processor.py:183} INFO - Processing /home/airflow/.local/lib/python3.12/site-packages/airflow/example_dags/example_latest_only_with_trigger.py took 0.046 seconds
[2025-12-30T23:50:32.919+0000] {processor.py:161} INFO - Started process (PID=948) to work on /home/airflow/.local/lib/python3.12/site-packages/airflow/example_dags/example_latest_only_with_trigger.py
[2025-12-30T23:50:32.920+0000] {processor.py:830} INFO - Processing file /home/airflow/.local/lib/python3.12/site-packages/airflow/example_dags/example_latest_only_with_trigger.py for tasks to queue
[2025-12-30T23:50:32.921+0000] {logging_mixin.py:188} INFO - [2025-12-30T23:50:32.921+0000] {dagbag.py:545} INFO - Filling up the DagBag from /home/airflow/.local/lib/python3.12/site-packages/airflow/example_dags/example_latest_only_with_trigger.py
[2025-12-30T23:50:32.925+0000] {processor.py:840} INFO - DAG(s) 'latest_only_with_trigger' retrieved from /home/airflow/.local/lib/python3.12/site-packages/airflow/example_dags/example_latest_only_with_trigger.py
[2025-12-30T23:50:32.938+0000] {logging_mixin.py:188} INFO - [2025-12-30T23:50:32.938+0000] {dag.py:3096} INFO - Sync 1 DAGs
[2025-12-30T23:50:32.949+0000] {logging_mixin.py:188} INFO - [2025-12-30T23:50:32.949+0000] {dag.py:3954} INFO - Setting next_dagrun for latest_only_with_trigger to 2025-12-30 16:00:00+00:00, run_after=2025-12-30 20:00:00+00:00
[2025-12-30T23:50:32.958+0000] {processor.py:183} INFO - Processing /home/airflow/.local/lib/python3.12/site-packages/airflow/example_dags/example_latest_only_with_trigger.py took 0.043 seconds
[2025-12-30T23:51:03.225+0000] {processor.py:161} INFO - Started process (PID=1008) to work on /home/airflow/.local/lib/python3.12/site-packages/airflow/example_dags/example_latest_only_with_trigger.py
[2025-12-30T23:51:03.225+0000] {processor.py:830} INFO - Processing file /home/airflow/.local/lib/python3.12/site-packages/airflow/example_dags/example_latest_only_with_trigger.py for tasks to queue
[2025-12-30T23:51:03.227+0000] {logging_mixin.py:188} INFO - [2025-12-30T23:51:03.226+0000] {dagbag.py:545} INFO - Filling up the DagBag from /home/airflow/.local/lib/python3.12/site-packages/airflow/example_dags/example_latest_only_with_trigger.py
[2025-12-30T23:51:03.230+0000] {processor.py:840} INFO - DAG(s) 'latest_only_with_trigger' retrieved from /home/airflow/.local/lib/python3.12/site-packages/airflow/example_dags/example_latest_only_with_trigger.py
[2025-12-30T23:51:03.243+0000] {logging_mixin.py:188} INFO - [2025-12-30T23:51:03.243+0000] {dag.py:3096} INFO - Sync 1 DAGs
[2025-12-30T23:51:03.256+0000] {logging_mixin.py:188} INFO - [2025-12-30T23:51:03.256+0000] {dag.py:3954} INFO - Setting next_dagrun for latest_only_with_trigger to 2025-12-30 16:00:00+00:00, run_after=2025-12-30 20:00:00+00:00
[2025-12-30T23:51:03.265+0000] {processor.py:183} INFO - Processing /home/airflow/.local/lib/python3.12/site-packages/airflow/example_dags/example_latest_only_with_trigger.py took 0.044 seconds
[2025-12-30T23:51:33.466+0000] {processor.py:161} INFO - Started process (PID=1068) to work on /home/airflow/.local/lib/python3.12/site-packages/airflow/example_dags/example_latest_only_with_trigger.py
[2025-12-30T23:51:33.467+0000] {processor.py:830} INFO - Processing file /home/airflow/.local/lib/python3.12/site-packages/airflow/example_dags/example_latest_only_with_trigger.py for tasks to queue
[2025-12-30T23:51:33.469+0000] {logging_mixin.py:188} INFO - [2025-12-30T23:51:33.469+0000] {dagbag.py:545} INFO - Filling up the DagBag from /home/airflow/.local/lib/python3.12/site-packages/airflow/example_dags/example_latest_only_with_trigger.py
[2025-12-30T23:51:33.479+0000] {processor.py:840} INFO - DAG(s) 'latest_only_with_trigger' retrieved from /home/airflow/.local/lib/python3.12/site-packages/airflow/example_dags/example_latest_only_with_trigger.py
[2025-12-30T23:51:33.508+0000] {logging_mixin.py:188} INFO - [2025-12-30T23:51:33.508+0000] {dag.py:3096} INFO - Sync 1 DAGs
[2025-12-30T23:51:33.525+0000] {logging_mixin.py:188} INFO - [2025-12-30T23:51:33.525+0000] {dag.py:3954} INFO - Setting next_dagrun for latest_only_with_trigger to 2025-12-30 16:00:00+00:00, run_after=2025-12-30 20:00:00+00:00
[2025-12-30T23:51:33.534+0000] {processor.py:183} INFO - Processing /home/airflow/.local/lib/python3.12/site-packages/airflow/example_dags/example_latest_only_with_trigger.py took 0.085 seconds
[2025-12-30T23:52:03.836+0000] {processor.py:161} INFO - Started process (PID=1128) to work on /home/airflow/.local/lib/python3.12/site-packages/airflow/example_dags/example_latest_only_with_trigger.py
[2025-12-30T23:52:03.837+0000] {processor.py:830} INFO - Processing file /home/airflow/.local/lib/python3.12/site-packages/airflow/example_dags/example_latest_only_with_trigger.py for tasks to queue
[2025-12-30T23:52:03.839+0000] {logging_mixin.py:188} INFO - [2025-12-30T23:52:03.839+0000] {dagbag.py:545} INFO - Filling up the DagBag from /home/airflow/.local/lib/python3.12/site-packages/airflow/example_dags/example_latest_only_with_trigger.py
[2025-12-30T23:52:03.843+0000] {processor.py:840} INFO - DAG(s) 'latest_only_with_trigger' retrieved from /home/airflow/.local/lib/python3.12/site-packages/airflow/example_dags/example_latest_only_with_trigger.py
[2025-12-30T23:52:03.856+0000] {logging_mixin.py:188} INFO - [2025-12-30T23:52:03.856+0000] {dag.py:3096} INFO - Sync 1 DAGs
[2025-12-30T23:52:03.867+0000] {logging_mixin.py:188} INFO - [2025-12-30T23:52:03.866+0000] {dag.py:3954} INFO - Setting next_dagrun for latest_only_with_trigger to 2025-12-30 16:00:00+00:00, run_after=2025-12-30 20:00:00+00:00
[2025-12-30T23:52:03.875+0000] {processor.py:183} INFO - Processing /home/airflow/.local/lib/python3.12/site-packages/airflow/example_dags/example_latest_only_with_trigger.py took 0.045 seconds
[2025-12-30T23:52:34.134+0000] {processor.py:161} INFO - Started process (PID=1188) to work on /home/airflow/.local/lib/python3.12/site-packages/airflow/example_dags/example_latest_only_with_trigger.py
[2025-12-30T23:52:34.135+0000] {processor.py:830} INFO - Processing file /home/airflow/.local/lib/python3.12/site-packages/airflow/example_dags/example_latest_only_with_trigger.py for tasks to queue
[2025-12-30T23:52:34.136+0000] {logging_mixin.py:188} INFO - [2025-12-30T23:52:34.136+0000] {dagbag.py:545} INFO - Filling up the DagBag from /home/airflow/.local/lib/python3.12/site-packages/airflow/example_dags/example_latest_only_with_trigger.py
[2025-12-30T23:52:34.140+0000] {processor.py:840} INFO - DAG(s) 'latest_only_with_trigger' retrieved from /home/airflow/.local/lib/python3.12/site-packages/airflow/example_dags/example_latest_only_with_trigger.py
[2025-12-30T23:52:34.156+0000] {logging_mixin.py:188} INFO - [2025-12-30T23:52:34.156+0000] {dag.py:3096} INFO - Sync 1 DAGs
[2025-12-30T23:52:34.167+0000] {logging_mixin.py:188} INFO - [2025-12-30T23:52:34.167+0000] {dag.py:3954} INFO - Setting next_dagrun for latest_only_with_trigger to 2025-12-30 16:00:00+00:00, run_after=2025-12-30 20:00:00+00:00
[2025-12-30T23:52:34.175+0000] {processor.py:183} INFO - Processing /home/airflow/.local/lib/python3.12/site-packages/airflow/example_dags/example_latest_only_with_trigger.py took 0.045 seconds
[2025-12-30T23:53:04.504+0000] {processor.py:161} INFO - Started process (PID=1248) to work on /home/airflow/.local/lib/python3.12/site-packages/airflow/example_dags/example_latest_only_with_trigger.py
[2025-12-30T23:53:04.505+0000] {processor.py:830} INFO - Processing file /home/airflow/.local/lib/python3.12/site-packages/airflow/example_dags/example_latest_only_with_trigger.py for tasks to queue
[2025-12-30T23:53:04.506+0000] {logging_mixin.py:188} INFO - [2025-12-30T23:53:04.506+0000] {dagbag.py:545} INFO - Filling up the DagBag from /home/airflow/.local/lib/python3.12/site-packages/airflow/example_dags/example_latest_only_with_trigger.py
[2025-12-30T23:53:04.512+0000] {processor.py:840} INFO - DAG(s) 'latest_only_with_trigger' retrieved from /home/airflow/.local/lib/python3.12/site-packages/airflow/example_dags/example_latest_only_with_trigger.py
[2025-12-30T23:53:04.528+0000] {logging_mixin.py:188} INFO - [2025-12-30T23:53:04.528+0000] {dag.py:3096} INFO - Sync 1 DAGs
[2025-12-30T23:53:04.540+0000] {logging_mixin.py:188} INFO - [2025-12-30T23:53:04.540+0000] {dag.py:3954} INFO - Setting next_dagrun for latest_only_with_trigger to 2025-12-30 16:00:00+00:00, run_after=2025-12-30 20:00:00+00:00
[2025-12-30T23:53:04.552+0000] {processor.py:183} INFO - Processing /home/airflow/.local/lib/python3.12/site-packages/airflow/example_dags/example_latest_only_with_trigger.py took 0.053 seconds
[2025-12-30T23:53:35.273+0000] {processor.py:161} INFO - Started process (PID=1308) to work on /home/airflow/.local/lib/python3.12/site-packages/airflow/example_dags/example_latest_only_with_trigger.py
[2025-12-30T23:53:35.274+0000] {processor.py:830} INFO - Processing file /home/airflow/.local/lib/python3.12/site-packages/airflow/example_dags/example_latest_only_with_trigger.py for tasks to queue
[2025-12-30T23:53:35.275+0000] {logging_mixin.py:188} INFO - [2025-12-30T23:53:35.275+0000] {dagbag.py:545} INFO - Filling up the DagBag from /home/airflow/.local/lib/python3.12/site-packages/airflow/example_dags/example_latest_only_with_trigger.py
[2025-12-30T23:53:35.281+0000] {processor.py:840} INFO - DAG(s) 'latest_only_with_trigger' retrieved from /home/airflow/.local/lib/python3.12/site-packages/airflow/example_dags/example_latest_only_with_trigger.py
[2025-12-30T23:53:35.303+0000] {logging_mixin.py:188} INFO - [2025-12-30T23:53:35.303+0000] {dag.py:3096} INFO - Sync 1 DAGs
[2025-12-30T23:53:35.316+0000] {logging_mixin.py:188} INFO - [2025-12-30T23:53:35.316+0000] {dag.py:3954} INFO - Setting next_dagrun for latest_only_with_trigger to 2025-12-30 16:00:00+00:00, run_after=2025-12-30 20:00:00+00:00
[2025-12-30T23:53:35.324+0000] {processor.py:183} INFO - Processing /home/airflow/.local/lib/python3.12/site-packages/airflow/example_dags/example_latest_only_with_trigger.py took 0.058 seconds
[2025-12-30T23:54:05.509+0000] {processor.py:161} INFO - Started process (PID=1368) to work on /home/airflow/.local/lib/python3.12/site-packages/airflow/example_dags/example_latest_only_with_trigger.py
[2025-12-30T23:54:05.510+0000] {processor.py:830} INFO - Processing file /home/airflow/.local/lib/python3.12/site-packages/airflow/example_dags/example_latest_only_with_trigger.py for tasks to queue
[2025-12-30T23:54:05.511+0000] {logging_mixin.py:188} INFO - [2025-12-30T23:54:05.511+0000] {dagbag.py:545} INFO - Filling up the DagBag from /home/airflow/.local/lib/python3.12/site-packages/airflow/example_dags/example_latest_only_with_trigger.py
[2025-12-30T23:54:05.515+0000] {processor.py:840} INFO - DAG(s) 'latest_only_with_trigger' retrieved from /home/airflow/.local/lib/python3.12/site-packages/airflow/example_dags/example_latest_only_with_trigger.py
[2025-12-30T23:54:05.529+0000] {logging_mixin.py:188} INFO - [2025-12-30T23:54:05.529+0000] {dag.py:3096} INFO - Sync 1 DAGs
[2025-12-30T23:54:05.545+0000] {logging_mixin.py:188} INFO - [2025-12-30T23:54:05.545+0000] {dag.py:3954} INFO - Setting next_dagrun for latest_only_with_trigger to 2025-12-30 16:00:00+00:00, run_after=2025-12-30 20:00:00+00:00
[2025-12-30T23:54:05.554+0000] {processor.py:183} INFO - Processing /home/airflow/.local/lib/python3.12/site-packages/airflow/example_dags/example_latest_only_with_trigger.py took 0.048 seconds
[2025-12-30T23:54:35.643+0000] {processor.py:161} INFO - Started process (PID=1428) to work on /home/airflow/.local/lib/python3.12/site-packages/airflow/example_dags/example_latest_only_with_trigger.py
[2025-12-30T23:54:35.643+0000] {processor.py:830} INFO - Processing file /home/airflow/.local/lib/python3.12/site-packages/airflow/example_dags/example_latest_only_with_trigger.py for tasks to queue
[2025-12-30T23:54:35.644+0000] {logging_mixin.py:188} INFO - [2025-12-30T23:54:35.644+0000] {dagbag.py:545} INFO - Filling up the DagBag from /home/airflow/.local/lib/python3.12/site-packages/airflow/example_dags/example_latest_only_with_trigger.py
[2025-12-30T23:54:35.648+0000] {processor.py:840} INFO - DAG(s) 'latest_only_with_trigger' retrieved from /home/airflow/.local/lib/python3.12/site-packages/airflow/example_dags/example_latest_only_with_trigger.py
[2025-12-30T23:54:35.663+0000] {logging_mixin.py:188} INFO - [2025-12-30T23:54:35.663+0000] {dag.py:3096} INFO - Sync 1 DAGs
[2025-12-30T23:54:35.675+0000] {logging_mixin.py:188} INFO - [2025-12-30T23:54:35.675+0000] {dag.py:3954} INFO - Setting next_dagrun for latest_only_with_trigger to 2025-12-30 16:00:00+00:00, run_after=2025-12-30 20:00:00+00:00
[2025-12-30T23:54:35.684+0000] {processor.py:183} INFO - Processing /home/airflow/.local/lib/python3.12/site-packages/airflow/example_dags/example_latest_only_with_trigger.py took 0.045 seconds
[2025-12-30T23:55:06.104+0000] {processor.py:161} INFO - Started process (PID=1488) to work on /home/airflow/.local/lib/python3.12/site-packages/airflow/example_dags/example_latest_only_with_trigger.py
[2025-12-30T23:55:06.105+0000] {processor.py:830} INFO - Processing file /home/airflow/.local/lib/python3.12/site-packages/airflow/example_dags/example_latest_only_with_trigger.py for tasks to queue
[2025-12-30T23:55:06.106+0000] {logging_mixin.py:188} INFO - [2025-12-30T23:55:06.106+0000] {dagbag.py:545} INFO - Filling up the DagBag from /home/airflow/.local/lib/python3.12/site-packages/airflow/example_dags/example_latest_only_with_trigger.py
[2025-12-30T23:55:06.110+0000] {processor.py:840} INFO - DAG(s) 'latest_only_with_trigger' retrieved from /home/airflow/.local/lib/python3.12/site-packages/airflow/example_dags/example_latest_only_with_trigger.py
[2025-12-30T23:55:06.123+0000] {logging_mixin.py:188} INFO - [2025-12-30T23:55:06.123+0000] {dag.py:3096} INFO - Sync 1 DAGs
[2025-12-30T23:55:06.133+0000] {logging_mixin.py:188} INFO - [2025-12-30T23:55:06.133+0000] {dag.py:3954} INFO - Setting next_dagrun for latest_only_with_trigger to 2025-12-30 16:00:00+00:00, run_after=2025-12-30 20:00:00+00:00
[2025-12-30T23:55:06.144+0000] {processor.py:183} INFO - Processing /home/airflow/.local/lib/python3.12/site-packages/airflow/example_dags/example_latest_only_with_trigger.py took 0.045 seconds
[2025-12-30T23:55:36.402+0000] {processor.py:161} INFO - Started process (PID=1548) to work on /home/airflow/.local/lib/python3.12/site-packages/airflow/example_dags/example_latest_only_with_trigger.py
[2025-12-30T23:55:36.403+0000] {processor.py:830} INFO - Processing file /home/airflow/.local/lib/python3.12/site-packages/airflow/example_dags/example_latest_only_with_trigger.py for tasks to queue
[2025-12-30T23:55:36.406+0000] {logging_mixin.py:188} INFO - [2025-12-30T23:55:36.405+0000] {dagbag.py:545} INFO - Filling up the DagBag from /home/airflow/.local/lib/python3.12/site-packages/airflow/example_dags/example_latest_only_with_trigger.py
[2025-12-30T23:55:36.412+0000] {processor.py:840} INFO - DAG(s) 'latest_only_with_trigger' retrieved from /home/airflow/.local/lib/python3.12/site-packages/airflow/example_dags/example_latest_only_with_trigger.py
[2025-12-30T23:55:36.433+0000] {logging_mixin.py:188} INFO - [2025-12-30T23:55:36.433+0000] {dag.py:3096} INFO - Sync 1 DAGs
[2025-12-30T23:55:36.444+0000] {logging_mixin.py:188} INFO - [2025-12-30T23:55:36.444+0000] {dag.py:3954} INFO - Setting next_dagrun for latest_only_with_trigger to 2025-12-30 16:00:00+00:00, run_after=2025-12-30 20:00:00+00:00
[2025-12-30T23:55:36.452+0000] {processor.py:183} INFO - Processing /home/airflow/.local/lib/python3.12/site-packages/airflow/example_dags/example_latest_only_with_trigger.py took 0.062 seconds
[2025-12-30T23:56:06.699+0000] {processor.py:161} INFO - Started process (PID=1608) to work on /home/airflow/.local/lib/python3.12/site-packages/airflow/example_dags/example_latest_only_with_trigger.py
[2025-12-30T23:56:06.700+0000] {processor.py:830} INFO - Processing file /home/airflow/.local/lib/python3.12/site-packages/airflow/example_dags/example_latest_only_with_trigger.py for tasks to queue
[2025-12-30T23:56:06.702+0000] {logging_mixin.py:188} INFO - [2025-12-30T23:56:06.701+0000] {dagbag.py:545} INFO - Filling up the DagBag from /home/airflow/.local/lib/python3.12/site-packages/airflow/example_dags/example_latest_only_with_trigger.py
[2025-12-30T23:56:06.706+0000] {processor.py:840} INFO - DAG(s) 'latest_only_with_trigger' retrieved from /home/airflow/.local/lib/python3.12/site-packages/airflow/example_dags/example_latest_only_with_trigger.py
[2025-12-30T23:56:06.725+0000] {logging_mixin.py:188} INFO - [2025-12-30T23:56:06.725+0000] {dag.py:3096} INFO - Sync 1 DAGs
[2025-12-30T23:56:06.739+0000] {logging_mixin.py:188} INFO - [2025-12-30T23:56:06.738+0000] {dag.py:3954} INFO - Setting next_dagrun for latest_only_with_trigger to 2025-12-30 16:00:00+00:00, run_after=2025-12-30 20:00:00+00:00
[2025-12-30T23:56:06.749+0000] {processor.py:183} INFO - Processing /home/airflow/.local/lib/python3.12/site-packages/airflow/example_dags/example_latest_only_with_trigger.py took 0.055 seconds
[2025-12-30T23:56:37.160+0000] {processor.py:161} INFO - Started process (PID=1668) to work on /home/airflow/.local/lib/python3.12/site-packages/airflow/example_dags/example_latest_only_with_trigger.py
[2025-12-30T23:56:37.163+0000] {processor.py:830} INFO - Processing file /home/airflow/.local/lib/python3.12/site-packages/airflow/example_dags/example_latest_only_with_trigger.py for tasks to queue
[2025-12-30T23:56:37.166+0000] {logging_mixin.py:188} INFO - [2025-12-30T23:56:37.166+0000] {dagbag.py:545} INFO - Filling up the DagBag from /home/airflow/.local/lib/python3.12/site-packages/airflow/example_dags/example_latest_only_with_trigger.py
[2025-12-30T23:56:37.171+0000] {processor.py:840} INFO - DAG(s) 'latest_only_with_trigger' retrieved from /home/airflow/.local/lib/python3.12/site-packages/airflow/example_dags/example_latest_only_with_trigger.py
[2025-12-30T23:56:37.194+0000] {logging_mixin.py:188} INFO - [2025-12-30T23:56:37.194+0000] {dag.py:3096} INFO - Sync 1 DAGs
[2025-12-30T23:56:37.209+0000] {logging_mixin.py:188} INFO - [2025-12-30T23:56:37.209+0000] {dag.py:3954} INFO - Setting next_dagrun for latest_only_with_trigger to 2025-12-30 16:00:00+00:00, run_after=2025-12-30 20:00:00+00:00
[2025-12-30T23:56:37.218+0000] {processor.py:183} INFO - Processing /home/airflow/.local/lib/python3.12/site-packages/airflow/example_dags/example_latest_only_with_trigger.py took 0.063 seconds
[2025-12-30T23:57:07.432+0000] {processor.py:161} INFO - Started process (PID=1728) to work on /home/airflow/.local/lib/python3.12/site-packages/airflow/example_dags/example_latest_only_with_trigger.py
[2025-12-30T23:57:07.433+0000] {processor.py:830} INFO - Processing file /home/airflow/.local/lib/python3.12/site-packages/airflow/example_dags/example_latest_only_with_trigger.py for tasks to queue
[2025-12-30T23:57:07.435+0000] {logging_mixin.py:188} INFO - [2025-12-30T23:57:07.435+0000] {dagbag.py:545} INFO - Filling up the DagBag from /home/airflow/.local/lib/python3.12/site-packages/airflow/example_dags/example_latest_only_with_trigger.py
[2025-12-30T23:57:07.440+0000] {processor.py:840} INFO - DAG(s) 'latest_only_with_trigger' retrieved from /home/airflow/.local/lib/python3.12/site-packages/airflow/example_dags/example_latest_only_with_trigger.py
[2025-12-30T23:57:07.457+0000] {logging_mixin.py:188} INFO - [2025-12-30T23:57:07.457+0000] {dag.py:3096} INFO - Sync 1 DAGs
[2025-12-30T23:57:07.470+0000] {logging_mixin.py:188} INFO - [2025-12-30T23:57:07.470+0000] {dag.py:3954} INFO - Setting next_dagrun for latest_only_with_trigger to 2025-12-30 16:00:00+00:00, run_after=2025-12-30 20:00:00+00:00
[2025-12-30T23:57:07.480+0000] {processor.py:183} INFO - Processing /home/airflow/.local/lib/python3.12/site-packages/airflow/example_dags/example_latest_only_with_trigger.py took 0.054 seconds
[2025-12-30T23:57:38.144+0000] {processor.py:161} INFO - Started process (PID=1788) to work on /home/airflow/.local/lib/python3.12/site-packages/airflow/example_dags/example_latest_only_with_trigger.py
[2025-12-30T23:57:38.145+0000] {processor.py:830} INFO - Processing file /home/airflow/.local/lib/python3.12/site-packages/airflow/example_dags/example_latest_only_with_trigger.py for tasks to queue
[2025-12-30T23:57:38.146+0000] {logging_mixin.py:188} INFO - [2025-12-30T23:57:38.146+0000] {dagbag.py:545} INFO - Filling up the DagBag from /home/airflow/.local/lib/python3.12/site-packages/airflow/example_dags/example_latest_only_with_trigger.py
[2025-12-30T23:57:38.151+0000] {processor.py:840} INFO - DAG(s) 'latest_only_with_trigger' retrieved from /home/airflow/.local/lib/python3.12/site-packages/airflow/example_dags/example_latest_only_with_trigger.py
[2025-12-30T23:57:38.166+0000] {logging_mixin.py:188} INFO - [2025-12-30T23:57:38.166+0000] {dag.py:3096} INFO - Sync 1 DAGs
[2025-12-30T23:57:38.179+0000] {logging_mixin.py:188} INFO - [2025-12-30T23:57:38.179+0000] {dag.py:3954} INFO - Setting next_dagrun for latest_only_with_trigger to 2025-12-30 16:00:00+00:00, run_after=2025-12-30 20:00:00+00:00
[2025-12-30T23:57:38.187+0000] {processor.py:183} INFO - Processing /home/airflow/.local/lib/python3.12/site-packages/airflow/example_dags/example_latest_only_with_trigger.py took 0.052 seconds
[2025-12-30T23:58:08.335+0000] {processor.py:161} INFO - Started process (PID=1848) to work on /home/airflow/.local/lib/python3.12/site-packages/airflow/example_dags/example_latest_only_with_trigger.py
[2025-12-30T23:58:08.336+0000] {processor.py:830} INFO - Processing file /home/airflow/.local/lib/python3.12/site-packages/airflow/example_dags/example_latest_only_with_trigger.py for tasks to queue
[2025-12-30T23:58:08.337+0000] {logging_mixin.py:188} INFO - [2025-12-30T23:58:08.337+0000] {dagbag.py:545} INFO - Filling up the DagBag from /home/airflow/.local/lib/python3.12/site-packages/airflow/example_dags/example_latest_only_with_trigger.py
[2025-12-30T23:58:08.340+0000] {processor.py:840} INFO - DAG(s) 'latest_only_with_trigger' retrieved from /home/airflow/.local/lib/python3.12/site-packages/airflow/example_dags/example_latest_only_with_trigger.py
[2025-12-30T23:58:08.353+0000] {logging_mixin.py:188} INFO - [2025-12-30T23:58:08.353+0000] {dag.py:3096} INFO - Sync 1 DAGs
[2025-12-30T23:58:08.363+0000] {logging_mixin.py:188} INFO - [2025-12-30T23:58:08.363+0000] {dag.py:3954} INFO - Setting next_dagrun for latest_only_with_trigger to 2025-12-30 16:00:00+00:00, run_after=2025-12-30 20:00:00+00:00
[2025-12-30T23:58:08.372+0000] {processor.py:183} INFO - Processing /home/airflow/.local/lib/python3.12/site-packages/airflow/example_dags/example_latest_only_with_trigger.py took 0.040 seconds
[2025-12-30T23:58:39.123+0000] {processor.py:161} INFO - Started process (PID=1908) to work on /home/airflow/.local/lib/python3.12/site-packages/airflow/example_dags/example_latest_only_with_trigger.py
[2025-12-30T23:58:39.123+0000] {processor.py:830} INFO - Processing file /home/airflow/.local/lib/python3.12/site-packages/airflow/example_dags/example_latest_only_with_trigger.py for tasks to queue
[2025-12-30T23:58:39.125+0000] {logging_mixin.py:188} INFO - [2025-12-30T23:58:39.124+0000] {dagbag.py:545} INFO - Filling up the DagBag from /home/airflow/.local/lib/python3.12/site-packages/airflow/example_dags/example_latest_only_with_trigger.py
[2025-12-30T23:58:39.131+0000] {processor.py:840} INFO - DAG(s) 'latest_only_with_trigger' retrieved from /home/airflow/.local/lib/python3.12/site-packages/airflow/example_dags/example_latest_only_with_trigger.py
[2025-12-30T23:58:39.147+0000] {logging_mixin.py:188} INFO - [2025-12-30T23:58:39.147+0000] {dag.py:3096} INFO - Sync 1 DAGs
[2025-12-30T23:58:39.162+0000] {logging_mixin.py:188} INFO - [2025-12-30T23:58:39.161+0000] {dag.py:3954} INFO - Setting next_dagrun for latest_only_with_trigger to 2025-12-30 16:00:00+00:00, run_after=2025-12-30 20:00:00+00:00
[2025-12-30T23:58:39.176+0000] {processor.py:183} INFO - Processing /home/airflow/.local/lib/python3.12/site-packages/airflow/example_dags/example_latest_only_with_trigger.py took 0.057 seconds
[2025-12-30T23:59:09.352+0000] {processor.py:161} INFO - Started process (PID=1968) to work on /home/airflow/.local/lib/python3.12/site-packages/airflow/example_dags/example_latest_only_with_trigger.py
[2025-12-30T23:59:09.353+0000] {processor.py:830} INFO - Processing file /home/airflow/.local/lib/python3.12/site-packages/airflow/example_dags/example_latest_only_with_trigger.py for tasks to queue
[2025-12-30T23:59:09.354+0000] {logging_mixin.py:188} INFO - [2025-12-30T23:59:09.354+0000] {dagbag.py:545} INFO - Filling up the DagBag from /home/airflow/.local/lib/python3.12/site-packages/airflow/example_dags/example_latest_only_with_trigger.py
[2025-12-30T23:59:09.359+0000] {processor.py:840} INFO - DAG(s) 'latest_only_with_trigger' retrieved from /home/airflow/.local/lib/python3.12/site-packages/airflow/example_dags/example_latest_only_with_trigger.py
[2025-12-30T23:59:09.373+0000] {logging_mixin.py:188} INFO - [2025-12-30T23:59:09.373+0000] {dag.py:3096} INFO - Sync 1 DAGs
[2025-12-30T23:59:09.386+0000] {logging_mixin.py:188} INFO - [2025-12-30T23:59:09.386+0000] {dag.py:3954} INFO - Setting next_dagrun for latest_only_with_trigger to 2025-12-30 16:00:00+00:00, run_after=2025-12-30 20:00:00+00:00
[2025-12-30T23:59:09.396+0000] {processor.py:183} INFO - Processing /home/airflow/.local/lib/python3.12/site-packages/airflow/example_dags/example_latest_only_with_trigger.py took 0.049 seconds
[2025-12-30T23:59:39.985+0000] {processor.py:161} INFO - Started process (PID=2028) to work on /home/airflow/.local/lib/python3.12/site-packages/airflow/example_dags/example_latest_only_with_trigger.py
[2025-12-30T23:59:39.986+0000] {processor.py:830} INFO - Processing file /home/airflow/.local/lib/python3.12/site-packages/airflow/example_dags/example_latest_only_with_trigger.py for tasks to queue
[2025-12-30T23:59:39.987+0000] {logging_mixin.py:188} INFO - [2025-12-30T23:59:39.987+0000] {dagbag.py:545} INFO - Filling up the DagBag from /home/airflow/.local/lib/python3.12/site-packages/airflow/example_dags/example_latest_only_with_trigger.py
[2025-12-30T23:59:39.991+0000] {processor.py:840} INFO - DAG(s) 'latest_only_with_trigger' retrieved from /home/airflow/.local/lib/python3.12/site-packages/airflow/example_dags/example_latest_only_with_trigger.py
[2025-12-30T23:59:40.004+0000] {logging_mixin.py:188} INFO - [2025-12-30T23:59:40.004+0000] {dag.py:3096} INFO - Sync 1 DAGs
[2025-12-30T23:59:40.015+0000] {logging_mixin.py:188} INFO - [2025-12-30T23:59:40.014+0000] {dag.py:3954} INFO - Setting next_dagrun for latest_only_with_trigger to 2025-12-30 16:00:00+00:00, run_after=2025-12-30 20:00:00+00:00
[2025-12-30T23:59:40.022+0000] {processor.py:183} INFO - Processing /home/airflow/.local/lib/python3.12/site-packages/airflow/example_dags/example_latest_only_with_trigger.py took 0.043 seconds
