[2025-12-30T23:33:49.333+0000] {processor.py:161} INFO - Started process (PID=42) to work on /home/airflow/.local/lib/python3.12/site-packages/airflow/example_dags/example_latest_only.py
[2025-12-30T23:33:49.334+0000] {processor.py:830} INFO - Processing file /home/airflow/.local/lib/python3.12/site-packages/airflow/example_dags/example_latest_only.py for tasks to queue
[2025-12-30T23:33:49.338+0000] {logging_mixin.py:188} INFO - [2025-12-30T23:33:49.338+0000] {dagbag.py:545} INFO - Filling up the DagBag from /home/airflow/.local/lib/python3.12/site-packages/airflow/example_dags/example_latest_only.py
[2025-12-30T23:33:49.346+0000] {processor.py:840} INFO - DAG(s) 'latest_only' retrieved from /home/airflow/.local/lib/python3.12/site-packages/airflow/example_dags/example_latest_only.py
[2025-12-30T23:33:49.356+0000] {logging_mixin.py:188} INFO - [2025-12-30T23:33:49.356+0000] {dag.py:3096} INFO - Sync 1 DAGs
[2025-12-30T23:33:49.391+0000] {logging_mixin.py:188} INFO - [2025-12-30T23:33:49.390+0000] {dag.py:3954} INFO - Setting next_dagrun for latest_only to 2025-12-30 16:00:00+00:00, run_after=2025-12-30 20:00:00+00:00
[2025-12-30T23:33:49.452+0000] {processor.py:183} INFO - Processing /home/airflow/.local/lib/python3.12/site-packages/airflow/example_dags/example_latest_only.py took 0.134 seconds
[2025-12-30T23:34:20.065+0000] {processor.py:161} INFO - Started process (PID=101) to work on /home/airflow/.local/lib/python3.12/site-packages/airflow/example_dags/example_latest_only.py
[2025-12-30T23:34:20.066+0000] {processor.py:830} INFO - Processing file /home/airflow/.local/lib/python3.12/site-packages/airflow/example_dags/example_latest_only.py for tasks to queue
[2025-12-30T23:34:20.067+0000] {logging_mixin.py:188} INFO - [2025-12-30T23:34:20.066+0000] {dagbag.py:545} INFO - Filling up the DagBag from /home/airflow/.local/lib/python3.12/site-packages/airflow/example_dags/example_latest_only.py
[2025-12-30T23:34:20.069+0000] {processor.py:840} INFO - DAG(s) 'latest_only' retrieved from /home/airflow/.local/lib/python3.12/site-packages/airflow/example_dags/example_latest_only.py
[2025-12-30T23:34:20.119+0000] {logging_mixin.py:188} INFO - [2025-12-30T23:34:20.119+0000] {dag.py:3096} INFO - Sync 1 DAGs
[2025-12-30T23:34:20.129+0000] {logging_mixin.py:188} INFO - [2025-12-30T23:34:20.129+0000] {dag.py:3954} INFO - Setting next_dagrun for latest_only to 2025-12-30 16:00:00+00:00, run_after=2025-12-30 20:00:00+00:00
[2025-12-30T23:34:20.137+0000] {processor.py:183} INFO - Processing /home/airflow/.local/lib/python3.12/site-packages/airflow/example_dags/example_latest_only.py took 0.074 seconds
[2025-12-30T23:34:51.015+0000] {processor.py:161} INFO - Started process (PID=160) to work on /home/airflow/.local/lib/python3.12/site-packages/airflow/example_dags/example_latest_only.py
[2025-12-30T23:34:51.016+0000] {processor.py:830} INFO - Processing file /home/airflow/.local/lib/python3.12/site-packages/airflow/example_dags/example_latest_only.py for tasks to queue
[2025-12-30T23:34:51.017+0000] {logging_mixin.py:188} INFO - [2025-12-30T23:34:51.017+0000] {dagbag.py:545} INFO - Filling up the DagBag from /home/airflow/.local/lib/python3.12/site-packages/airflow/example_dags/example_latest_only.py
[2025-12-30T23:34:51.020+0000] {processor.py:840} INFO - DAG(s) 'latest_only' retrieved from /home/airflow/.local/lib/python3.12/site-packages/airflow/example_dags/example_latest_only.py
[2025-12-30T23:34:51.029+0000] {logging_mixin.py:188} INFO - [2025-12-30T23:34:51.029+0000] {dag.py:3096} INFO - Sync 1 DAGs
[2025-12-30T23:34:51.046+0000] {logging_mixin.py:188} INFO - [2025-12-30T23:34:51.046+0000] {dag.py:3954} INFO - Setting next_dagrun for latest_only to 2025-12-30 16:00:00+00:00, run_after=2025-12-30 20:00:00+00:00
[2025-12-30T23:34:51.055+0000] {processor.py:183} INFO - Processing /home/airflow/.local/lib/python3.12/site-packages/airflow/example_dags/example_latest_only.py took 0.044 seconds
[2025-12-30T23:35:21.415+0000] {processor.py:161} INFO - Started process (PID=219) to work on /home/airflow/.local/lib/python3.12/site-packages/airflow/example_dags/example_latest_only.py
[2025-12-30T23:35:21.415+0000] {processor.py:830} INFO - Processing file /home/airflow/.local/lib/python3.12/site-packages/airflow/example_dags/example_latest_only.py for tasks to queue
[2025-12-30T23:35:21.416+0000] {logging_mixin.py:188} INFO - [2025-12-30T23:35:21.416+0000] {dagbag.py:545} INFO - Filling up the DagBag from /home/airflow/.local/lib/python3.12/site-packages/airflow/example_dags/example_latest_only.py
[2025-12-30T23:35:21.419+0000] {processor.py:840} INFO - DAG(s) 'latest_only' retrieved from /home/airflow/.local/lib/python3.12/site-packages/airflow/example_dags/example_latest_only.py
[2025-12-30T23:35:21.432+0000] {logging_mixin.py:188} INFO - [2025-12-30T23:35:21.432+0000] {dag.py:3096} INFO - Sync 1 DAGs
[2025-12-30T23:35:21.451+0000] {logging_mixin.py:188} INFO - [2025-12-30T23:35:21.450+0000] {dag.py:3954} INFO - Setting next_dagrun for latest_only to 2025-12-30 16:00:00+00:00, run_after=2025-12-30 20:00:00+00:00
[2025-12-30T23:35:21.461+0000] {processor.py:183} INFO - Processing /home/airflow/.local/lib/python3.12/site-packages/airflow/example_dags/example_latest_only.py took 0.048 seconds
[2025-12-30T23:35:51.604+0000] {processor.py:161} INFO - Started process (PID=278) to work on /home/airflow/.local/lib/python3.12/site-packages/airflow/example_dags/example_latest_only.py
[2025-12-30T23:35:51.604+0000] {processor.py:830} INFO - Processing file /home/airflow/.local/lib/python3.12/site-packages/airflow/example_dags/example_latest_only.py for tasks to queue
[2025-12-30T23:35:51.605+0000] {logging_mixin.py:188} INFO - [2025-12-30T23:35:51.605+0000] {dagbag.py:545} INFO - Filling up the DagBag from /home/airflow/.local/lib/python3.12/site-packages/airflow/example_dags/example_latest_only.py
[2025-12-30T23:35:51.607+0000] {processor.py:840} INFO - DAG(s) 'latest_only' retrieved from /home/airflow/.local/lib/python3.12/site-packages/airflow/example_dags/example_latest_only.py
[2025-12-30T23:35:51.620+0000] {logging_mixin.py:188} INFO - [2025-12-30T23:35:51.620+0000] {dag.py:3096} INFO - Sync 1 DAGs
[2025-12-30T23:35:51.639+0000] {logging_mixin.py:188} INFO - [2025-12-30T23:35:51.639+0000] {dag.py:3954} INFO - Setting next_dagrun for latest_only to 2025-12-30 16:00:00+00:00, run_after=2025-12-30 20:00:00+00:00
[2025-12-30T23:35:51.648+0000] {processor.py:183} INFO - Processing /home/airflow/.local/lib/python3.12/site-packages/airflow/example_dags/example_latest_only.py took 0.047 seconds
[2025-12-30T23:36:21.761+0000] {processor.py:161} INFO - Started process (PID=337) to work on /home/airflow/.local/lib/python3.12/site-packages/airflow/example_dags/example_latest_only.py
[2025-12-30T23:36:21.761+0000] {processor.py:830} INFO - Processing file /home/airflow/.local/lib/python3.12/site-packages/airflow/example_dags/example_latest_only.py for tasks to queue
[2025-12-30T23:36:21.762+0000] {logging_mixin.py:188} INFO - [2025-12-30T23:36:21.762+0000] {dagbag.py:545} INFO - Filling up the DagBag from /home/airflow/.local/lib/python3.12/site-packages/airflow/example_dags/example_latest_only.py
[2025-12-30T23:36:21.765+0000] {processor.py:840} INFO - DAG(s) 'latest_only' retrieved from /home/airflow/.local/lib/python3.12/site-packages/airflow/example_dags/example_latest_only.py
[2025-12-30T23:36:21.776+0000] {logging_mixin.py:188} INFO - [2025-12-30T23:36:21.776+0000] {dag.py:3096} INFO - Sync 1 DAGs
[2025-12-30T23:36:21.786+0000] {logging_mixin.py:188} INFO - [2025-12-30T23:36:21.786+0000] {dag.py:3954} INFO - Setting next_dagrun for latest_only to 2025-12-30 16:00:00+00:00, run_after=2025-12-30 20:00:00+00:00
[2025-12-30T23:36:21.794+0000] {processor.py:183} INFO - Processing /home/airflow/.local/lib/python3.12/site-packages/airflow/example_dags/example_latest_only.py took 0.036 seconds
[2025-12-30T23:36:52.266+0000] {processor.py:161} INFO - Started process (PID=396) to work on /home/airflow/.local/lib/python3.12/site-packages/airflow/example_dags/example_latest_only.py
[2025-12-30T23:36:52.267+0000] {processor.py:830} INFO - Processing file /home/airflow/.local/lib/python3.12/site-packages/airflow/example_dags/example_latest_only.py for tasks to queue
[2025-12-30T23:36:52.268+0000] {logging_mixin.py:188} INFO - [2025-12-30T23:36:52.268+0000] {dagbag.py:545} INFO - Filling up the DagBag from /home/airflow/.local/lib/python3.12/site-packages/airflow/example_dags/example_latest_only.py
[2025-12-30T23:36:52.272+0000] {processor.py:840} INFO - DAG(s) 'latest_only' retrieved from /home/airflow/.local/lib/python3.12/site-packages/airflow/example_dags/example_latest_only.py
[2025-12-30T23:36:52.287+0000] {logging_mixin.py:188} INFO - [2025-12-30T23:36:52.287+0000] {dag.py:3096} INFO - Sync 1 DAGs
[2025-12-30T23:36:52.304+0000] {logging_mixin.py:188} INFO - [2025-12-30T23:36:52.304+0000] {dag.py:3954} INFO - Setting next_dagrun for latest_only to 2025-12-30 16:00:00+00:00, run_after=2025-12-30 20:00:00+00:00
[2025-12-30T23:36:52.313+0000] {processor.py:183} INFO - Processing /home/airflow/.local/lib/python3.12/site-packages/airflow/example_dags/example_latest_only.py took 0.051 seconds
[2025-12-30T23:37:22.438+0000] {processor.py:161} INFO - Started process (PID=455) to work on /home/airflow/.local/lib/python3.12/site-packages/airflow/example_dags/example_latest_only.py
[2025-12-30T23:37:22.438+0000] {processor.py:830} INFO - Processing file /home/airflow/.local/lib/python3.12/site-packages/airflow/example_dags/example_latest_only.py for tasks to queue
[2025-12-30T23:37:22.439+0000] {logging_mixin.py:188} INFO - [2025-12-30T23:37:22.439+0000] {dagbag.py:545} INFO - Filling up the DagBag from /home/airflow/.local/lib/python3.12/site-packages/airflow/example_dags/example_latest_only.py
[2025-12-30T23:37:22.442+0000] {processor.py:840} INFO - DAG(s) 'latest_only' retrieved from /home/airflow/.local/lib/python3.12/site-packages/airflow/example_dags/example_latest_only.py
[2025-12-30T23:37:22.452+0000] {logging_mixin.py:188} INFO - [2025-12-30T23:37:22.452+0000] {dag.py:3096} INFO - Sync 1 DAGs
[2025-12-30T23:37:22.471+0000] {logging_mixin.py:188} INFO - [2025-12-30T23:37:22.471+0000] {dag.py:3954} INFO - Setting next_dagrun for latest_only to 2025-12-30 16:00:00+00:00, run_after=2025-12-30 20:00:00+00:00
[2025-12-30T23:37:22.479+0000] {processor.py:183} INFO - Processing /home/airflow/.local/lib/python3.12/site-packages/airflow/example_dags/example_latest_only.py took 0.046 seconds
[2025-12-30T23:37:52.967+0000] {processor.py:161} INFO - Started process (PID=520) to work on /home/airflow/.local/lib/python3.12/site-packages/airflow/example_dags/example_latest_only.py
[2025-12-30T23:37:52.968+0000] {processor.py:830} INFO - Processing file /home/airflow/.local/lib/python3.12/site-packages/airflow/example_dags/example_latest_only.py for tasks to queue
[2025-12-30T23:37:52.970+0000] {logging_mixin.py:188} INFO - [2025-12-30T23:37:52.969+0000] {dagbag.py:545} INFO - Filling up the DagBag from /home/airflow/.local/lib/python3.12/site-packages/airflow/example_dags/example_latest_only.py
[2025-12-30T23:37:52.973+0000] {processor.py:840} INFO - DAG(s) 'latest_only' retrieved from /home/airflow/.local/lib/python3.12/site-packages/airflow/example_dags/example_latest_only.py
[2025-12-30T23:37:52.986+0000] {logging_mixin.py:188} INFO - [2025-12-30T23:37:52.986+0000] {dag.py:3096} INFO - Sync 1 DAGs
[2025-12-30T23:37:53.003+0000] {logging_mixin.py:188} INFO - [2025-12-30T23:37:53.002+0000] {dag.py:3954} INFO - Setting next_dagrun for latest_only to 2025-12-30 16:00:00+00:00, run_after=2025-12-30 20:00:00+00:00
[2025-12-30T23:37:53.013+0000] {processor.py:183} INFO - Processing /home/airflow/.local/lib/python3.12/site-packages/airflow/example_dags/example_latest_only.py took 0.049 seconds
[2025-12-30T23:38:23.322+0000] {processor.py:161} INFO - Started process (PID=579) to work on /home/airflow/.local/lib/python3.12/site-packages/airflow/example_dags/example_latest_only.py
[2025-12-30T23:38:23.323+0000] {processor.py:830} INFO - Processing file /home/airflow/.local/lib/python3.12/site-packages/airflow/example_dags/example_latest_only.py for tasks to queue
[2025-12-30T23:38:23.325+0000] {logging_mixin.py:188} INFO - [2025-12-30T23:38:23.325+0000] {dagbag.py:545} INFO - Filling up the DagBag from /home/airflow/.local/lib/python3.12/site-packages/airflow/example_dags/example_latest_only.py
[2025-12-30T23:38:23.329+0000] {processor.py:840} INFO - DAG(s) 'latest_only' retrieved from /home/airflow/.local/lib/python3.12/site-packages/airflow/example_dags/example_latest_only.py
[2025-12-30T23:38:23.344+0000] {logging_mixin.py:188} INFO - [2025-12-30T23:38:23.344+0000] {dag.py:3096} INFO - Sync 1 DAGs
[2025-12-30T23:38:23.363+0000] {logging_mixin.py:188} INFO - [2025-12-30T23:38:23.363+0000] {dag.py:3954} INFO - Setting next_dagrun for latest_only to 2025-12-30 16:00:00+00:00, run_after=2025-12-30 20:00:00+00:00
[2025-12-30T23:38:23.375+0000] {processor.py:183} INFO - Processing /home/airflow/.local/lib/python3.12/site-packages/airflow/example_dags/example_latest_only.py took 0.058 seconds
[2025-12-30T23:38:53.864+0000] {processor.py:161} INFO - Started process (PID=638) to work on /home/airflow/.local/lib/python3.12/site-packages/airflow/example_dags/example_latest_only.py
[2025-12-30T23:38:53.865+0000] {processor.py:830} INFO - Processing file /home/airflow/.local/lib/python3.12/site-packages/airflow/example_dags/example_latest_only.py for tasks to queue
[2025-12-30T23:38:53.865+0000] {logging_mixin.py:188} INFO - [2025-12-30T23:38:53.865+0000] {dagbag.py:545} INFO - Filling up the DagBag from /home/airflow/.local/lib/python3.12/site-packages/airflow/example_dags/example_latest_only.py
[2025-12-30T23:38:53.868+0000] {processor.py:840} INFO - DAG(s) 'latest_only' retrieved from /home/airflow/.local/lib/python3.12/site-packages/airflow/example_dags/example_latest_only.py
[2025-12-30T23:38:53.877+0000] {logging_mixin.py:188} INFO - [2025-12-30T23:38:53.877+0000] {dag.py:3096} INFO - Sync 1 DAGs
[2025-12-30T23:38:53.887+0000] {logging_mixin.py:188} INFO - [2025-12-30T23:38:53.887+0000] {dag.py:3954} INFO - Setting next_dagrun for latest_only to 2025-12-30 16:00:00+00:00, run_after=2025-12-30 20:00:00+00:00
[2025-12-30T23:38:53.895+0000] {processor.py:183} INFO - Processing /home/airflow/.local/lib/python3.12/site-packages/airflow/example_dags/example_latest_only.py took 0.033 seconds
[2025-12-30T23:39:24.277+0000] {processor.py:161} INFO - Started process (PID=697) to work on /home/airflow/.local/lib/python3.12/site-packages/airflow/example_dags/example_latest_only.py
[2025-12-30T23:39:24.277+0000] {processor.py:830} INFO - Processing file /home/airflow/.local/lib/python3.12/site-packages/airflow/example_dags/example_latest_only.py for tasks to queue
[2025-12-30T23:39:24.278+0000] {logging_mixin.py:188} INFO - [2025-12-30T23:39:24.278+0000] {dagbag.py:545} INFO - Filling up the DagBag from /home/airflow/.local/lib/python3.12/site-packages/airflow/example_dags/example_latest_only.py
[2025-12-30T23:39:24.281+0000] {processor.py:840} INFO - DAG(s) 'latest_only' retrieved from /home/airflow/.local/lib/python3.12/site-packages/airflow/example_dags/example_latest_only.py
[2025-12-30T23:39:24.290+0000] {logging_mixin.py:188} INFO - [2025-12-30T23:39:24.290+0000] {dag.py:3096} INFO - Sync 1 DAGs
[2025-12-30T23:39:24.305+0000] {logging_mixin.py:188} INFO - [2025-12-30T23:39:24.305+0000] {dag.py:3954} INFO - Setting next_dagrun for latest_only to 2025-12-30 16:00:00+00:00, run_after=2025-12-30 20:00:00+00:00
[2025-12-30T23:39:24.316+0000] {processor.py:183} INFO - Processing /home/airflow/.local/lib/python3.12/site-packages/airflow/example_dags/example_latest_only.py took 0.043 seconds
[2025-12-30T23:39:54.671+0000] {processor.py:161} INFO - Started process (PID=756) to work on /home/airflow/.local/lib/python3.12/site-packages/airflow/example_dags/example_latest_only.py
[2025-12-30T23:39:54.672+0000] {processor.py:830} INFO - Processing file /home/airflow/.local/lib/python3.12/site-packages/airflow/example_dags/example_latest_only.py for tasks to queue
[2025-12-30T23:39:54.673+0000] {logging_mixin.py:188} INFO - [2025-12-30T23:39:54.672+0000] {dagbag.py:545} INFO - Filling up the DagBag from /home/airflow/.local/lib/python3.12/site-packages/airflow/example_dags/example_latest_only.py
[2025-12-30T23:39:54.675+0000] {processor.py:840} INFO - DAG(s) 'latest_only' retrieved from /home/airflow/.local/lib/python3.12/site-packages/airflow/example_dags/example_latest_only.py
[2025-12-30T23:39:54.688+0000] {logging_mixin.py:188} INFO - [2025-12-30T23:39:54.688+0000] {dag.py:3096} INFO - Sync 1 DAGs
[2025-12-30T23:39:54.711+0000] {logging_mixin.py:188} INFO - [2025-12-30T23:39:54.711+0000] {dag.py:3954} INFO - Setting next_dagrun for latest_only to 2025-12-30 16:00:00+00:00, run_after=2025-12-30 20:00:00+00:00
[2025-12-30T23:39:54.721+0000] {processor.py:183} INFO - Processing /home/airflow/.local/lib/python3.12/site-packages/airflow/example_dags/example_latest_only.py took 0.053 seconds
[2025-12-30T23:40:24.860+0000] {processor.py:161} INFO - Started process (PID=815) to work on /home/airflow/.local/lib/python3.12/site-packages/airflow/example_dags/example_latest_only.py
[2025-12-30T23:40:24.861+0000] {processor.py:830} INFO - Processing file /home/airflow/.local/lib/python3.12/site-packages/airflow/example_dags/example_latest_only.py for tasks to queue
[2025-12-30T23:40:24.862+0000] {logging_mixin.py:188} INFO - [2025-12-30T23:40:24.861+0000] {dagbag.py:545} INFO - Filling up the DagBag from /home/airflow/.local/lib/python3.12/site-packages/airflow/example_dags/example_latest_only.py
[2025-12-30T23:40:24.864+0000] {processor.py:840} INFO - DAG(s) 'latest_only' retrieved from /home/airflow/.local/lib/python3.12/site-packages/airflow/example_dags/example_latest_only.py
[2025-12-30T23:40:24.874+0000] {logging_mixin.py:188} INFO - [2025-12-30T23:40:24.874+0000] {dag.py:3096} INFO - Sync 1 DAGs
[2025-12-30T23:40:24.889+0000] {logging_mixin.py:188} INFO - [2025-12-30T23:40:24.888+0000] {dag.py:3954} INFO - Setting next_dagrun for latest_only to 2025-12-30 16:00:00+00:00, run_after=2025-12-30 20:00:00+00:00
[2025-12-30T23:40:24.898+0000] {processor.py:183} INFO - Processing /home/airflow/.local/lib/python3.12/site-packages/airflow/example_dags/example_latest_only.py took 0.040 seconds
[2025-12-30T23:40:55.160+0000] {processor.py:161} INFO - Started process (PID=875) to work on /home/airflow/.local/lib/python3.12/site-packages/airflow/example_dags/example_latest_only.py
[2025-12-30T23:40:55.161+0000] {processor.py:830} INFO - Processing file /home/airflow/.local/lib/python3.12/site-packages/airflow/example_dags/example_latest_only.py for tasks to queue
[2025-12-30T23:40:55.162+0000] {logging_mixin.py:188} INFO - [2025-12-30T23:40:55.162+0000] {dagbag.py:545} INFO - Filling up the DagBag from /home/airflow/.local/lib/python3.12/site-packages/airflow/example_dags/example_latest_only.py
[2025-12-30T23:40:55.164+0000] {processor.py:840} INFO - DAG(s) 'latest_only' retrieved from /home/airflow/.local/lib/python3.12/site-packages/airflow/example_dags/example_latest_only.py
[2025-12-30T23:40:55.176+0000] {logging_mixin.py:188} INFO - [2025-12-30T23:40:55.176+0000] {dag.py:3096} INFO - Sync 1 DAGs
[2025-12-30T23:40:55.191+0000] {logging_mixin.py:188} INFO - [2025-12-30T23:40:55.191+0000] {dag.py:3954} INFO - Setting next_dagrun for latest_only to 2025-12-30 16:00:00+00:00, run_after=2025-12-30 20:00:00+00:00
[2025-12-30T23:40:55.206+0000] {processor.py:183} INFO - Processing /home/airflow/.local/lib/python3.12/site-packages/airflow/example_dags/example_latest_only.py took 0.048 seconds
[2025-12-30T23:42:55.975+0000] {processor.py:161} INFO - Started process (PID=41) to work on /home/airflow/.local/lib/python3.12/site-packages/airflow/example_dags/example_latest_only.py
[2025-12-30T23:42:55.976+0000] {processor.py:830} INFO - Processing file /home/airflow/.local/lib/python3.12/site-packages/airflow/example_dags/example_latest_only.py for tasks to queue
[2025-12-30T23:42:55.979+0000] {logging_mixin.py:188} INFO - [2025-12-30T23:42:55.978+0000] {dagbag.py:545} INFO - Filling up the DagBag from /home/airflow/.local/lib/python3.12/site-packages/airflow/example_dags/example_latest_only.py
[2025-12-30T23:42:56.002+0000] {processor.py:840} INFO - DAG(s) 'latest_only' retrieved from /home/airflow/.local/lib/python3.12/site-packages/airflow/example_dags/example_latest_only.py
[2025-12-30T23:42:56.028+0000] {logging_mixin.py:188} INFO - [2025-12-30T23:42:56.028+0000] {dag.py:3096} INFO - Sync 1 DAGs
[2025-12-30T23:42:56.054+0000] {logging_mixin.py:188} INFO - [2025-12-30T23:42:56.054+0000] {dag.py:3954} INFO - Setting next_dagrun for latest_only to 2025-12-30 16:00:00+00:00, run_after=2025-12-30 20:00:00+00:00
[2025-12-30T23:42:56.085+0000] {processor.py:183} INFO - Processing /home/airflow/.local/lib/python3.12/site-packages/airflow/example_dags/example_latest_only.py took 0.125 seconds
[2025-12-30T23:43:26.537+0000] {processor.py:161} INFO - Started process (PID=101) to work on /home/airflow/.local/lib/python3.12/site-packages/airflow/example_dags/example_latest_only.py
[2025-12-30T23:43:26.541+0000] {processor.py:830} INFO - Processing file /home/airflow/.local/lib/python3.12/site-packages/airflow/example_dags/example_latest_only.py for tasks to queue
[2025-12-30T23:43:26.543+0000] {logging_mixin.py:188} INFO - [2025-12-30T23:43:26.543+0000] {dagbag.py:545} INFO - Filling up the DagBag from /home/airflow/.local/lib/python3.12/site-packages/airflow/example_dags/example_latest_only.py
[2025-12-30T23:43:26.547+0000] {processor.py:840} INFO - DAG(s) 'latest_only' retrieved from /home/airflow/.local/lib/python3.12/site-packages/airflow/example_dags/example_latest_only.py
[2025-12-30T23:43:26.632+0000] {logging_mixin.py:188} INFO - [2025-12-30T23:43:26.632+0000] {dag.py:3096} INFO - Sync 1 DAGs
[2025-12-30T23:43:26.652+0000] {logging_mixin.py:188} INFO - [2025-12-30T23:43:26.652+0000] {dag.py:3954} INFO - Setting next_dagrun for latest_only to 2025-12-30 16:00:00+00:00, run_after=2025-12-30 20:00:00+00:00
[2025-12-30T23:43:26.665+0000] {processor.py:183} INFO - Processing /home/airflow/.local/lib/python3.12/site-packages/airflow/example_dags/example_latest_only.py took 0.141 seconds
[2025-12-30T23:43:57.664+0000] {processor.py:161} INFO - Started process (PID=160) to work on /home/airflow/.local/lib/python3.12/site-packages/airflow/example_dags/example_latest_only.py
[2025-12-30T23:43:57.664+0000] {processor.py:830} INFO - Processing file /home/airflow/.local/lib/python3.12/site-packages/airflow/example_dags/example_latest_only.py for tasks to queue
[2025-12-30T23:43:57.665+0000] {logging_mixin.py:188} INFO - [2025-12-30T23:43:57.665+0000] {dagbag.py:545} INFO - Filling up the DagBag from /home/airflow/.local/lib/python3.12/site-packages/airflow/example_dags/example_latest_only.py
[2025-12-30T23:43:57.669+0000] {processor.py:840} INFO - DAG(s) 'latest_only' retrieved from /home/airflow/.local/lib/python3.12/site-packages/airflow/example_dags/example_latest_only.py
[2025-12-30T23:43:57.686+0000] {logging_mixin.py:188} INFO - [2025-12-30T23:43:57.686+0000] {dag.py:3096} INFO - Sync 1 DAGs
[2025-12-30T23:43:57.700+0000] {logging_mixin.py:188} INFO - [2025-12-30T23:43:57.699+0000] {dag.py:3954} INFO - Setting next_dagrun for latest_only to 2025-12-30 16:00:00+00:00, run_after=2025-12-30 20:00:00+00:00
[2025-12-30T23:43:57.709+0000] {processor.py:183} INFO - Processing /home/airflow/.local/lib/python3.12/site-packages/airflow/example_dags/example_latest_only.py took 0.050 seconds
[2025-12-30T23:44:27.981+0000] {processor.py:161} INFO - Started process (PID=219) to work on /home/airflow/.local/lib/python3.12/site-packages/airflow/example_dags/example_latest_only.py
[2025-12-30T23:44:27.982+0000] {processor.py:830} INFO - Processing file /home/airflow/.local/lib/python3.12/site-packages/airflow/example_dags/example_latest_only.py for tasks to queue
[2025-12-30T23:44:27.983+0000] {logging_mixin.py:188} INFO - [2025-12-30T23:44:27.983+0000] {dagbag.py:545} INFO - Filling up the DagBag from /home/airflow/.local/lib/python3.12/site-packages/airflow/example_dags/example_latest_only.py
[2025-12-30T23:44:27.988+0000] {processor.py:840} INFO - DAG(s) 'latest_only' retrieved from /home/airflow/.local/lib/python3.12/site-packages/airflow/example_dags/example_latest_only.py
[2025-12-30T23:44:28.008+0000] {logging_mixin.py:188} INFO - [2025-12-30T23:44:28.008+0000] {dag.py:3096} INFO - Sync 1 DAGs
[2025-12-30T23:44:28.021+0000] {logging_mixin.py:188} INFO - [2025-12-30T23:44:28.021+0000] {dag.py:3954} INFO - Setting next_dagrun for latest_only to 2025-12-30 16:00:00+00:00, run_after=2025-12-30 20:00:00+00:00
[2025-12-30T23:44:28.031+0000] {processor.py:183} INFO - Processing /home/airflow/.local/lib/python3.12/site-packages/airflow/example_dags/example_latest_only.py took 0.056 seconds
[2025-12-30T23:44:58.105+0000] {processor.py:161} INFO - Started process (PID=279) to work on /home/airflow/.local/lib/python3.12/site-packages/airflow/example_dags/example_latest_only.py
[2025-12-30T23:44:58.106+0000] {processor.py:830} INFO - Processing file /home/airflow/.local/lib/python3.12/site-packages/airflow/example_dags/example_latest_only.py for tasks to queue
[2025-12-30T23:44:58.107+0000] {logging_mixin.py:188} INFO - [2025-12-30T23:44:58.107+0000] {dagbag.py:545} INFO - Filling up the DagBag from /home/airflow/.local/lib/python3.12/site-packages/airflow/example_dags/example_latest_only.py
[2025-12-30T23:44:58.110+0000] {processor.py:840} INFO - DAG(s) 'latest_only' retrieved from /home/airflow/.local/lib/python3.12/site-packages/airflow/example_dags/example_latest_only.py
[2025-12-30T23:44:58.126+0000] {logging_mixin.py:188} INFO - [2025-12-30T23:44:58.125+0000] {dag.py:3096} INFO - Sync 1 DAGs
[2025-12-30T23:44:58.139+0000] {logging_mixin.py:188} INFO - [2025-12-30T23:44:58.139+0000] {dag.py:3954} INFO - Setting next_dagrun for latest_only to 2025-12-30 16:00:00+00:00, run_after=2025-12-30 20:00:00+00:00
[2025-12-30T23:44:58.152+0000] {processor.py:183} INFO - Processing /home/airflow/.local/lib/python3.12/site-packages/airflow/example_dags/example_latest_only.py took 0.050 seconds
[2025-12-30T23:45:28.747+0000] {processor.py:161} INFO - Started process (PID=339) to work on /home/airflow/.local/lib/python3.12/site-packages/airflow/example_dags/example_latest_only.py
[2025-12-30T23:45:28.747+0000] {processor.py:830} INFO - Processing file /home/airflow/.local/lib/python3.12/site-packages/airflow/example_dags/example_latest_only.py for tasks to queue
[2025-12-30T23:45:28.748+0000] {logging_mixin.py:188} INFO - [2025-12-30T23:45:28.748+0000] {dagbag.py:545} INFO - Filling up the DagBag from /home/airflow/.local/lib/python3.12/site-packages/airflow/example_dags/example_latest_only.py
[2025-12-30T23:45:28.751+0000] {processor.py:840} INFO - DAG(s) 'latest_only' retrieved from /home/airflow/.local/lib/python3.12/site-packages/airflow/example_dags/example_latest_only.py
[2025-12-30T23:45:28.760+0000] {logging_mixin.py:188} INFO - [2025-12-30T23:45:28.760+0000] {dag.py:3096} INFO - Sync 1 DAGs
[2025-12-30T23:45:28.770+0000] {logging_mixin.py:188} INFO - [2025-12-30T23:45:28.769+0000] {dag.py:3954} INFO - Setting next_dagrun for latest_only to 2025-12-30 16:00:00+00:00, run_after=2025-12-30 20:00:00+00:00
[2025-12-30T23:45:28.779+0000] {processor.py:183} INFO - Processing /home/airflow/.local/lib/python3.12/site-packages/airflow/example_dags/example_latest_only.py took 0.035 seconds
[2025-12-30T23:45:59.005+0000] {processor.py:161} INFO - Started process (PID=399) to work on /home/airflow/.local/lib/python3.12/site-packages/airflow/example_dags/example_latest_only.py
[2025-12-30T23:45:59.006+0000] {processor.py:830} INFO - Processing file /home/airflow/.local/lib/python3.12/site-packages/airflow/example_dags/example_latest_only.py for tasks to queue
[2025-12-30T23:45:59.008+0000] {logging_mixin.py:188} INFO - [2025-12-30T23:45:59.008+0000] {dagbag.py:545} INFO - Filling up the DagBag from /home/airflow/.local/lib/python3.12/site-packages/airflow/example_dags/example_latest_only.py
[2025-12-30T23:45:59.013+0000] {processor.py:840} INFO - DAG(s) 'latest_only' retrieved from /home/airflow/.local/lib/python3.12/site-packages/airflow/example_dags/example_latest_only.py
[2025-12-30T23:45:59.028+0000] {logging_mixin.py:188} INFO - [2025-12-30T23:45:59.028+0000] {dag.py:3096} INFO - Sync 1 DAGs
[2025-12-30T23:45:59.040+0000] {logging_mixin.py:188} INFO - [2025-12-30T23:45:59.039+0000] {dag.py:3954} INFO - Setting next_dagrun for latest_only to 2025-12-30 16:00:00+00:00, run_after=2025-12-30 20:00:00+00:00
[2025-12-30T23:45:59.049+0000] {processor.py:183} INFO - Processing /home/airflow/.local/lib/python3.12/site-packages/airflow/example_dags/example_latest_only.py took 0.051 seconds
[2025-12-30T23:46:29.156+0000] {processor.py:161} INFO - Started process (PID=459) to work on /home/airflow/.local/lib/python3.12/site-packages/airflow/example_dags/example_latest_only.py
[2025-12-30T23:46:29.156+0000] {processor.py:830} INFO - Processing file /home/airflow/.local/lib/python3.12/site-packages/airflow/example_dags/example_latest_only.py for tasks to queue
[2025-12-30T23:46:29.158+0000] {logging_mixin.py:188} INFO - [2025-12-30T23:46:29.158+0000] {dagbag.py:545} INFO - Filling up the DagBag from /home/airflow/.local/lib/python3.12/site-packages/airflow/example_dags/example_latest_only.py
[2025-12-30T23:46:29.162+0000] {processor.py:840} INFO - DAG(s) 'latest_only' retrieved from /home/airflow/.local/lib/python3.12/site-packages/airflow/example_dags/example_latest_only.py
[2025-12-30T23:46:29.179+0000] {logging_mixin.py:188} INFO - [2025-12-30T23:46:29.178+0000] {dag.py:3096} INFO - Sync 1 DAGs
[2025-12-30T23:46:29.191+0000] {logging_mixin.py:188} INFO - [2025-12-30T23:46:29.191+0000] {dag.py:3954} INFO - Setting next_dagrun for latest_only to 2025-12-30 16:00:00+00:00, run_after=2025-12-30 20:00:00+00:00
[2025-12-30T23:46:29.199+0000] {processor.py:183} INFO - Processing /home/airflow/.local/lib/python3.12/site-packages/airflow/example_dags/example_latest_only.py took 0.050 seconds
[2025-12-30T23:46:59.394+0000] {processor.py:161} INFO - Started process (PID=519) to work on /home/airflow/.local/lib/python3.12/site-packages/airflow/example_dags/example_latest_only.py
[2025-12-30T23:46:59.396+0000] {processor.py:830} INFO - Processing file /home/airflow/.local/lib/python3.12/site-packages/airflow/example_dags/example_latest_only.py for tasks to queue
[2025-12-30T23:46:59.398+0000] {logging_mixin.py:188} INFO - [2025-12-30T23:46:59.398+0000] {dagbag.py:545} INFO - Filling up the DagBag from /home/airflow/.local/lib/python3.12/site-packages/airflow/example_dags/example_latest_only.py
[2025-12-30T23:46:59.402+0000] {processor.py:840} INFO - DAG(s) 'latest_only' retrieved from /home/airflow/.local/lib/python3.12/site-packages/airflow/example_dags/example_latest_only.py
[2025-12-30T23:46:59.418+0000] {logging_mixin.py:188} INFO - [2025-12-30T23:46:59.418+0000] {dag.py:3096} INFO - Sync 1 DAGs
[2025-12-30T23:46:59.432+0000] {logging_mixin.py:188} INFO - [2025-12-30T23:46:59.431+0000] {dag.py:3954} INFO - Setting next_dagrun for latest_only to 2025-12-30 16:00:00+00:00, run_after=2025-12-30 20:00:00+00:00
[2025-12-30T23:46:59.440+0000] {processor.py:183} INFO - Processing /home/airflow/.local/lib/python3.12/site-packages/airflow/example_dags/example_latest_only.py took 0.053 seconds
[2025-12-30T23:47:29.894+0000] {processor.py:161} INFO - Started process (PID=585) to work on /home/airflow/.local/lib/python3.12/site-packages/airflow/example_dags/example_latest_only.py
[2025-12-30T23:47:29.895+0000] {processor.py:830} INFO - Processing file /home/airflow/.local/lib/python3.12/site-packages/airflow/example_dags/example_latest_only.py for tasks to queue
[2025-12-30T23:47:29.896+0000] {logging_mixin.py:188} INFO - [2025-12-30T23:47:29.896+0000] {dagbag.py:545} INFO - Filling up the DagBag from /home/airflow/.local/lib/python3.12/site-packages/airflow/example_dags/example_latest_only.py
[2025-12-30T23:47:29.904+0000] {processor.py:840} INFO - DAG(s) 'latest_only' retrieved from /home/airflow/.local/lib/python3.12/site-packages/airflow/example_dags/example_latest_only.py
[2025-12-30T23:47:29.923+0000] {logging_mixin.py:188} INFO - [2025-12-30T23:47:29.923+0000] {dag.py:3096} INFO - Sync 1 DAGs
[2025-12-30T23:47:29.937+0000] {logging_mixin.py:188} INFO - [2025-12-30T23:47:29.937+0000] {dag.py:3954} INFO - Setting next_dagrun for latest_only to 2025-12-30 16:00:00+00:00, run_after=2025-12-30 20:00:00+00:00
[2025-12-30T23:47:29.948+0000] {processor.py:183} INFO - Processing /home/airflow/.local/lib/python3.12/site-packages/airflow/example_dags/example_latest_only.py took 0.060 seconds
[2025-12-30T23:48:00.272+0000] {processor.py:161} INFO - Started process (PID=645) to work on /home/airflow/.local/lib/python3.12/site-packages/airflow/example_dags/example_latest_only.py
[2025-12-30T23:48:00.277+0000] {processor.py:830} INFO - Processing file /home/airflow/.local/lib/python3.12/site-packages/airflow/example_dags/example_latest_only.py for tasks to queue
[2025-12-30T23:48:00.279+0000] {logging_mixin.py:188} INFO - [2025-12-30T23:48:00.279+0000] {dagbag.py:545} INFO - Filling up the DagBag from /home/airflow/.local/lib/python3.12/site-packages/airflow/example_dags/example_latest_only.py
[2025-12-30T23:48:00.284+0000] {processor.py:840} INFO - DAG(s) 'latest_only' retrieved from /home/airflow/.local/lib/python3.12/site-packages/airflow/example_dags/example_latest_only.py
[2025-12-30T23:48:00.299+0000] {logging_mixin.py:188} INFO - [2025-12-30T23:48:00.299+0000] {dag.py:3096} INFO - Sync 1 DAGs
[2025-12-30T23:48:00.318+0000] {logging_mixin.py:188} INFO - [2025-12-30T23:48:00.317+0000] {dag.py:3954} INFO - Setting next_dagrun for latest_only to 2025-12-30 16:00:00+00:00, run_after=2025-12-30 20:00:00+00:00
[2025-12-30T23:48:00.327+0000] {processor.py:183} INFO - Processing /home/airflow/.local/lib/python3.12/site-packages/airflow/example_dags/example_latest_only.py took 0.061 seconds
[2025-12-30T23:48:30.519+0000] {processor.py:161} INFO - Started process (PID=705) to work on /home/airflow/.local/lib/python3.12/site-packages/airflow/example_dags/example_latest_only.py
[2025-12-30T23:48:30.520+0000] {processor.py:830} INFO - Processing file /home/airflow/.local/lib/python3.12/site-packages/airflow/example_dags/example_latest_only.py for tasks to queue
[2025-12-30T23:48:30.522+0000] {logging_mixin.py:188} INFO - [2025-12-30T23:48:30.522+0000] {dagbag.py:545} INFO - Filling up the DagBag from /home/airflow/.local/lib/python3.12/site-packages/airflow/example_dags/example_latest_only.py
[2025-12-30T23:48:30.527+0000] {processor.py:840} INFO - DAG(s) 'latest_only' retrieved from /home/airflow/.local/lib/python3.12/site-packages/airflow/example_dags/example_latest_only.py
[2025-12-30T23:48:30.548+0000] {logging_mixin.py:188} INFO - [2025-12-30T23:48:30.548+0000] {dag.py:3096} INFO - Sync 1 DAGs
[2025-12-30T23:48:30.565+0000] {logging_mixin.py:188} INFO - [2025-12-30T23:48:30.565+0000] {dag.py:3954} INFO - Setting next_dagrun for latest_only to 2025-12-30 16:00:00+00:00, run_after=2025-12-30 20:00:00+00:00
[2025-12-30T23:48:30.575+0000] {processor.py:183} INFO - Processing /home/airflow/.local/lib/python3.12/site-packages/airflow/example_dags/example_latest_only.py took 0.063 seconds
[2025-12-30T23:49:00.796+0000] {processor.py:161} INFO - Started process (PID=765) to work on /home/airflow/.local/lib/python3.12/site-packages/airflow/example_dags/example_latest_only.py
[2025-12-30T23:49:00.796+0000] {processor.py:830} INFO - Processing file /home/airflow/.local/lib/python3.12/site-packages/airflow/example_dags/example_latest_only.py for tasks to queue
[2025-12-30T23:49:00.798+0000] {logging_mixin.py:188} INFO - [2025-12-30T23:49:00.798+0000] {dagbag.py:545} INFO - Filling up the DagBag from /home/airflow/.local/lib/python3.12/site-packages/airflow/example_dags/example_latest_only.py
[2025-12-30T23:49:00.802+0000] {processor.py:840} INFO - DAG(s) 'latest_only' retrieved from /home/airflow/.local/lib/python3.12/site-packages/airflow/example_dags/example_latest_only.py
[2025-12-30T23:49:00.820+0000] {logging_mixin.py:188} INFO - [2025-12-30T23:49:00.820+0000] {dag.py:3096} INFO - Sync 1 DAGs
[2025-12-30T23:49:00.832+0000] {logging_mixin.py:188} INFO - [2025-12-30T23:49:00.832+0000] {dag.py:3954} INFO - Setting next_dagrun for latest_only to 2025-12-30 16:00:00+00:00, run_after=2025-12-30 20:00:00+00:00
[2025-12-30T23:49:00.840+0000] {processor.py:183} INFO - Processing /home/airflow/.local/lib/python3.12/site-packages/airflow/example_dags/example_latest_only.py took 0.050 seconds
[2025-12-30T23:49:31.055+0000] {processor.py:161} INFO - Started process (PID=825) to work on /home/airflow/.local/lib/python3.12/site-packages/airflow/example_dags/example_latest_only.py
[2025-12-30T23:49:31.056+0000] {processor.py:830} INFO - Processing file /home/airflow/.local/lib/python3.12/site-packages/airflow/example_dags/example_latest_only.py for tasks to queue
[2025-12-30T23:49:31.058+0000] {logging_mixin.py:188} INFO - [2025-12-30T23:49:31.057+0000] {dagbag.py:545} INFO - Filling up the DagBag from /home/airflow/.local/lib/python3.12/site-packages/airflow/example_dags/example_latest_only.py
[2025-12-30T23:49:31.061+0000] {processor.py:840} INFO - DAG(s) 'latest_only' retrieved from /home/airflow/.local/lib/python3.12/site-packages/airflow/example_dags/example_latest_only.py
[2025-12-30T23:49:31.083+0000] {logging_mixin.py:188} INFO - [2025-12-30T23:49:31.083+0000] {dag.py:3096} INFO - Sync 1 DAGs
[2025-12-30T23:49:31.096+0000] {logging_mixin.py:188} INFO - [2025-12-30T23:49:31.095+0000] {dag.py:3954} INFO - Setting next_dagrun for latest_only to 2025-12-30 16:00:00+00:00, run_after=2025-12-30 20:00:00+00:00
[2025-12-30T23:49:31.105+0000] {processor.py:183} INFO - Processing /home/airflow/.local/lib/python3.12/site-packages/airflow/example_dags/example_latest_only.py took 0.056 seconds
[2025-12-30T23:50:01.247+0000] {processor.py:161} INFO - Started process (PID=885) to work on /home/airflow/.local/lib/python3.12/site-packages/airflow/example_dags/example_latest_only.py
[2025-12-30T23:50:01.248+0000] {processor.py:830} INFO - Processing file /home/airflow/.local/lib/python3.12/site-packages/airflow/example_dags/example_latest_only.py for tasks to queue
[2025-12-30T23:50:01.250+0000] {logging_mixin.py:188} INFO - [2025-12-30T23:50:01.250+0000] {dagbag.py:545} INFO - Filling up the DagBag from /home/airflow/.local/lib/python3.12/site-packages/airflow/example_dags/example_latest_only.py
[2025-12-30T23:50:01.255+0000] {processor.py:840} INFO - DAG(s) 'latest_only' retrieved from /home/airflow/.local/lib/python3.12/site-packages/airflow/example_dags/example_latest_only.py
[2025-12-30T23:50:01.272+0000] {logging_mixin.py:188} INFO - [2025-12-30T23:50:01.272+0000] {dag.py:3096} INFO - Sync 1 DAGs
[2025-12-30T23:50:01.285+0000] {logging_mixin.py:188} INFO - [2025-12-30T23:50:01.285+0000] {dag.py:3954} INFO - Setting next_dagrun for latest_only to 2025-12-30 16:00:00+00:00, run_after=2025-12-30 20:00:00+00:00
[2025-12-30T23:50:01.293+0000] {processor.py:183} INFO - Processing /home/airflow/.local/lib/python3.12/site-packages/airflow/example_dags/example_latest_only.py took 0.054 seconds
[2025-12-30T23:50:31.862+0000] {processor.py:161} INFO - Started process (PID=945) to work on /home/airflow/.local/lib/python3.12/site-packages/airflow/example_dags/example_latest_only.py
[2025-12-30T23:50:31.863+0000] {processor.py:830} INFO - Processing file /home/airflow/.local/lib/python3.12/site-packages/airflow/example_dags/example_latest_only.py for tasks to queue
[2025-12-30T23:50:31.864+0000] {logging_mixin.py:188} INFO - [2025-12-30T23:50:31.864+0000] {dagbag.py:545} INFO - Filling up the DagBag from /home/airflow/.local/lib/python3.12/site-packages/airflow/example_dags/example_latest_only.py
[2025-12-30T23:50:31.867+0000] {processor.py:840} INFO - DAG(s) 'latest_only' retrieved from /home/airflow/.local/lib/python3.12/site-packages/airflow/example_dags/example_latest_only.py
[2025-12-30T23:50:31.884+0000] {logging_mixin.py:188} INFO - [2025-12-30T23:50:31.883+0000] {dag.py:3096} INFO - Sync 1 DAGs
[2025-12-30T23:50:31.895+0000] {logging_mixin.py:188} INFO - [2025-12-30T23:50:31.895+0000] {dag.py:3954} INFO - Setting next_dagrun for latest_only to 2025-12-30 16:00:00+00:00, run_after=2025-12-30 20:00:00+00:00
[2025-12-30T23:50:31.902+0000] {processor.py:183} INFO - Processing /home/airflow/.local/lib/python3.12/site-packages/airflow/example_dags/example_latest_only.py took 0.049 seconds
[2025-12-30T23:51:02.164+0000] {processor.py:161} INFO - Started process (PID=1005) to work on /home/airflow/.local/lib/python3.12/site-packages/airflow/example_dags/example_latest_only.py
[2025-12-30T23:51:02.165+0000] {processor.py:830} INFO - Processing file /home/airflow/.local/lib/python3.12/site-packages/airflow/example_dags/example_latest_only.py for tasks to queue
[2025-12-30T23:51:02.167+0000] {logging_mixin.py:188} INFO - [2025-12-30T23:51:02.166+0000] {dagbag.py:545} INFO - Filling up the DagBag from /home/airflow/.local/lib/python3.12/site-packages/airflow/example_dags/example_latest_only.py
[2025-12-30T23:51:02.171+0000] {processor.py:840} INFO - DAG(s) 'latest_only' retrieved from /home/airflow/.local/lib/python3.12/site-packages/airflow/example_dags/example_latest_only.py
[2025-12-30T23:51:02.191+0000] {logging_mixin.py:188} INFO - [2025-12-30T23:51:02.191+0000] {dag.py:3096} INFO - Sync 1 DAGs
[2025-12-30T23:51:02.202+0000] {logging_mixin.py:188} INFO - [2025-12-30T23:51:02.202+0000] {dag.py:3954} INFO - Setting next_dagrun for latest_only to 2025-12-30 16:00:00+00:00, run_after=2025-12-30 20:00:00+00:00
[2025-12-30T23:51:02.210+0000] {processor.py:183} INFO - Processing /home/airflow/.local/lib/python3.12/site-packages/airflow/example_dags/example_latest_only.py took 0.051 seconds
[2025-12-30T23:51:32.312+0000] {processor.py:161} INFO - Started process (PID=1065) to work on /home/airflow/.local/lib/python3.12/site-packages/airflow/example_dags/example_latest_only.py
[2025-12-30T23:51:32.313+0000] {processor.py:830} INFO - Processing file /home/airflow/.local/lib/python3.12/site-packages/airflow/example_dags/example_latest_only.py for tasks to queue
[2025-12-30T23:51:32.316+0000] {logging_mixin.py:188} INFO - [2025-12-30T23:51:32.315+0000] {dagbag.py:545} INFO - Filling up the DagBag from /home/airflow/.local/lib/python3.12/site-packages/airflow/example_dags/example_latest_only.py
[2025-12-30T23:51:32.323+0000] {processor.py:840} INFO - DAG(s) 'latest_only' retrieved from /home/airflow/.local/lib/python3.12/site-packages/airflow/example_dags/example_latest_only.py
[2025-12-30T23:51:32.428+0000] {logging_mixin.py:188} INFO - [2025-12-30T23:51:32.428+0000] {dag.py:3096} INFO - Sync 1 DAGs
[2025-12-30T23:51:32.460+0000] {logging_mixin.py:188} INFO - [2025-12-30T23:51:32.460+0000] {dag.py:3954} INFO - Setting next_dagrun for latest_only to 2025-12-30 16:00:00+00:00, run_after=2025-12-30 20:00:00+00:00
[2025-12-30T23:51:32.480+0000] {processor.py:183} INFO - Processing /home/airflow/.local/lib/python3.12/site-packages/airflow/example_dags/example_latest_only.py took 0.174 seconds
[2025-12-30T23:52:02.780+0000] {processor.py:161} INFO - Started process (PID=1125) to work on /home/airflow/.local/lib/python3.12/site-packages/airflow/example_dags/example_latest_only.py
[2025-12-30T23:52:02.781+0000] {processor.py:830} INFO - Processing file /home/airflow/.local/lib/python3.12/site-packages/airflow/example_dags/example_latest_only.py for tasks to queue
[2025-12-30T23:52:02.783+0000] {logging_mixin.py:188} INFO - [2025-12-30T23:52:02.783+0000] {dagbag.py:545} INFO - Filling up the DagBag from /home/airflow/.local/lib/python3.12/site-packages/airflow/example_dags/example_latest_only.py
[2025-12-30T23:52:02.788+0000] {processor.py:840} INFO - DAG(s) 'latest_only' retrieved from /home/airflow/.local/lib/python3.12/site-packages/airflow/example_dags/example_latest_only.py
[2025-12-30T23:52:02.807+0000] {logging_mixin.py:188} INFO - [2025-12-30T23:52:02.807+0000] {dag.py:3096} INFO - Sync 1 DAGs
[2025-12-30T23:52:02.820+0000] {logging_mixin.py:188} INFO - [2025-12-30T23:52:02.820+0000] {dag.py:3954} INFO - Setting next_dagrun for latest_only to 2025-12-30 16:00:00+00:00, run_after=2025-12-30 20:00:00+00:00
[2025-12-30T23:52:02.829+0000] {processor.py:183} INFO - Processing /home/airflow/.local/lib/python3.12/site-packages/airflow/example_dags/example_latest_only.py took 0.058 seconds
[2025-12-30T23:52:33.072+0000] {processor.py:161} INFO - Started process (PID=1185) to work on /home/airflow/.local/lib/python3.12/site-packages/airflow/example_dags/example_latest_only.py
[2025-12-30T23:52:33.073+0000] {processor.py:830} INFO - Processing file /home/airflow/.local/lib/python3.12/site-packages/airflow/example_dags/example_latest_only.py for tasks to queue
[2025-12-30T23:52:33.075+0000] {logging_mixin.py:188} INFO - [2025-12-30T23:52:33.075+0000] {dagbag.py:545} INFO - Filling up the DagBag from /home/airflow/.local/lib/python3.12/site-packages/airflow/example_dags/example_latest_only.py
[2025-12-30T23:52:33.080+0000] {processor.py:840} INFO - DAG(s) 'latest_only' retrieved from /home/airflow/.local/lib/python3.12/site-packages/airflow/example_dags/example_latest_only.py
[2025-12-30T23:52:33.095+0000] {logging_mixin.py:188} INFO - [2025-12-30T23:52:33.095+0000] {dag.py:3096} INFO - Sync 1 DAGs
[2025-12-30T23:52:33.108+0000] {logging_mixin.py:188} INFO - [2025-12-30T23:52:33.108+0000] {dag.py:3954} INFO - Setting next_dagrun for latest_only to 2025-12-30 16:00:00+00:00, run_after=2025-12-30 20:00:00+00:00
[2025-12-30T23:52:33.116+0000] {processor.py:183} INFO - Processing /home/airflow/.local/lib/python3.12/site-packages/airflow/example_dags/example_latest_only.py took 0.050 seconds
[2025-12-30T23:53:03.474+0000] {processor.py:161} INFO - Started process (PID=1245) to work on /home/airflow/.local/lib/python3.12/site-packages/airflow/example_dags/example_latest_only.py
[2025-12-30T23:53:03.475+0000] {processor.py:830} INFO - Processing file /home/airflow/.local/lib/python3.12/site-packages/airflow/example_dags/example_latest_only.py for tasks to queue
[2025-12-30T23:53:03.476+0000] {logging_mixin.py:188} INFO - [2025-12-30T23:53:03.476+0000] {dagbag.py:545} INFO - Filling up the DagBag from /home/airflow/.local/lib/python3.12/site-packages/airflow/example_dags/example_latest_only.py
[2025-12-30T23:53:03.481+0000] {processor.py:840} INFO - DAG(s) 'latest_only' retrieved from /home/airflow/.local/lib/python3.12/site-packages/airflow/example_dags/example_latest_only.py
[2025-12-30T23:53:03.499+0000] {logging_mixin.py:188} INFO - [2025-12-30T23:53:03.499+0000] {dag.py:3096} INFO - Sync 1 DAGs
[2025-12-30T23:53:03.514+0000] {logging_mixin.py:188} INFO - [2025-12-30T23:53:03.514+0000] {dag.py:3954} INFO - Setting next_dagrun for latest_only to 2025-12-30 16:00:00+00:00, run_after=2025-12-30 20:00:00+00:00
[2025-12-30T23:53:03.523+0000] {processor.py:183} INFO - Processing /home/airflow/.local/lib/python3.12/site-packages/airflow/example_dags/example_latest_only.py took 0.055 seconds
[2025-12-30T23:53:34.228+0000] {processor.py:161} INFO - Started process (PID=1305) to work on /home/airflow/.local/lib/python3.12/site-packages/airflow/example_dags/example_latest_only.py
[2025-12-30T23:53:34.228+0000] {processor.py:830} INFO - Processing file /home/airflow/.local/lib/python3.12/site-packages/airflow/example_dags/example_latest_only.py for tasks to queue
[2025-12-30T23:53:34.229+0000] {logging_mixin.py:188} INFO - [2025-12-30T23:53:34.229+0000] {dagbag.py:545} INFO - Filling up the DagBag from /home/airflow/.local/lib/python3.12/site-packages/airflow/example_dags/example_latest_only.py
[2025-12-30T23:53:34.232+0000] {processor.py:840} INFO - DAG(s) 'latest_only' retrieved from /home/airflow/.local/lib/python3.12/site-packages/airflow/example_dags/example_latest_only.py
[2025-12-30T23:53:34.243+0000] {logging_mixin.py:188} INFO - [2025-12-30T23:53:34.243+0000] {dag.py:3096} INFO - Sync 1 DAGs
[2025-12-30T23:53:34.253+0000] {logging_mixin.py:188} INFO - [2025-12-30T23:53:34.253+0000] {dag.py:3954} INFO - Setting next_dagrun for latest_only to 2025-12-30 16:00:00+00:00, run_after=2025-12-30 20:00:00+00:00
[2025-12-30T23:53:34.261+0000] {processor.py:183} INFO - Processing /home/airflow/.local/lib/python3.12/site-packages/airflow/example_dags/example_latest_only.py took 0.037 seconds
[2025-12-30T23:54:04.452+0000] {processor.py:161} INFO - Started process (PID=1365) to work on /home/airflow/.local/lib/python3.12/site-packages/airflow/example_dags/example_latest_only.py
[2025-12-30T23:54:04.452+0000] {processor.py:830} INFO - Processing file /home/airflow/.local/lib/python3.12/site-packages/airflow/example_dags/example_latest_only.py for tasks to queue
[2025-12-30T23:54:04.453+0000] {logging_mixin.py:188} INFO - [2025-12-30T23:54:04.453+0000] {dagbag.py:545} INFO - Filling up the DagBag from /home/airflow/.local/lib/python3.12/site-packages/airflow/example_dags/example_latest_only.py
[2025-12-30T23:54:04.456+0000] {processor.py:840} INFO - DAG(s) 'latest_only' retrieved from /home/airflow/.local/lib/python3.12/site-packages/airflow/example_dags/example_latest_only.py
[2025-12-30T23:54:04.466+0000] {logging_mixin.py:188} INFO - [2025-12-30T23:54:04.466+0000] {dag.py:3096} INFO - Sync 1 DAGs
[2025-12-30T23:54:04.477+0000] {logging_mixin.py:188} INFO - [2025-12-30T23:54:04.477+0000] {dag.py:3954} INFO - Setting next_dagrun for latest_only to 2025-12-30 16:00:00+00:00, run_after=2025-12-30 20:00:00+00:00
[2025-12-30T23:54:04.484+0000] {processor.py:183} INFO - Processing /home/airflow/.local/lib/python3.12/site-packages/airflow/example_dags/example_latest_only.py took 0.035 seconds
[2025-12-30T23:54:34.561+0000] {processor.py:161} INFO - Started process (PID=1425) to work on /home/airflow/.local/lib/python3.12/site-packages/airflow/example_dags/example_latest_only.py
[2025-12-30T23:54:34.562+0000] {processor.py:830} INFO - Processing file /home/airflow/.local/lib/python3.12/site-packages/airflow/example_dags/example_latest_only.py for tasks to queue
[2025-12-30T23:54:34.563+0000] {logging_mixin.py:188} INFO - [2025-12-30T23:54:34.563+0000] {dagbag.py:545} INFO - Filling up the DagBag from /home/airflow/.local/lib/python3.12/site-packages/airflow/example_dags/example_latest_only.py
[2025-12-30T23:54:34.566+0000] {processor.py:840} INFO - DAG(s) 'latest_only' retrieved from /home/airflow/.local/lib/python3.12/site-packages/airflow/example_dags/example_latest_only.py
[2025-12-30T23:54:34.580+0000] {logging_mixin.py:188} INFO - [2025-12-30T23:54:34.580+0000] {dag.py:3096} INFO - Sync 1 DAGs
[2025-12-30T23:54:34.598+0000] {logging_mixin.py:188} INFO - [2025-12-30T23:54:34.598+0000] {dag.py:3954} INFO - Setting next_dagrun for latest_only to 2025-12-30 16:00:00+00:00, run_after=2025-12-30 20:00:00+00:00
[2025-12-30T23:54:34.608+0000] {processor.py:183} INFO - Processing /home/airflow/.local/lib/python3.12/site-packages/airflow/example_dags/example_latest_only.py took 0.049 seconds
[2025-12-30T23:55:05.026+0000] {processor.py:161} INFO - Started process (PID=1485) to work on /home/airflow/.local/lib/python3.12/site-packages/airflow/example_dags/example_latest_only.py
[2025-12-30T23:55:05.026+0000] {processor.py:830} INFO - Processing file /home/airflow/.local/lib/python3.12/site-packages/airflow/example_dags/example_latest_only.py for tasks to queue
[2025-12-30T23:55:05.027+0000] {logging_mixin.py:188} INFO - [2025-12-30T23:55:05.027+0000] {dagbag.py:545} INFO - Filling up the DagBag from /home/airflow/.local/lib/python3.12/site-packages/airflow/example_dags/example_latest_only.py
[2025-12-30T23:55:05.029+0000] {processor.py:840} INFO - DAG(s) 'latest_only' retrieved from /home/airflow/.local/lib/python3.12/site-packages/airflow/example_dags/example_latest_only.py
[2025-12-30T23:55:05.038+0000] {logging_mixin.py:188} INFO - [2025-12-30T23:55:05.038+0000] {dag.py:3096} INFO - Sync 1 DAGs
[2025-12-30T23:55:05.051+0000] {logging_mixin.py:188} INFO - [2025-12-30T23:55:05.051+0000] {dag.py:3954} INFO - Setting next_dagrun for latest_only to 2025-12-30 16:00:00+00:00, run_after=2025-12-30 20:00:00+00:00
[2025-12-30T23:55:05.063+0000] {processor.py:183} INFO - Processing /home/airflow/.local/lib/python3.12/site-packages/airflow/example_dags/example_latest_only.py took 0.040 seconds
[2025-12-30T23:55:35.305+0000] {processor.py:161} INFO - Started process (PID=1545) to work on /home/airflow/.local/lib/python3.12/site-packages/airflow/example_dags/example_latest_only.py
[2025-12-30T23:55:35.306+0000] {processor.py:830} INFO - Processing file /home/airflow/.local/lib/python3.12/site-packages/airflow/example_dags/example_latest_only.py for tasks to queue
[2025-12-30T23:55:35.307+0000] {logging_mixin.py:188} INFO - [2025-12-30T23:55:35.307+0000] {dagbag.py:545} INFO - Filling up the DagBag from /home/airflow/.local/lib/python3.12/site-packages/airflow/example_dags/example_latest_only.py
[2025-12-30T23:55:35.310+0000] {processor.py:840} INFO - DAG(s) 'latest_only' retrieved from /home/airflow/.local/lib/python3.12/site-packages/airflow/example_dags/example_latest_only.py
[2025-12-30T23:55:35.320+0000] {logging_mixin.py:188} INFO - [2025-12-30T23:55:35.320+0000] {dag.py:3096} INFO - Sync 1 DAGs
[2025-12-30T23:55:35.331+0000] {logging_mixin.py:188} INFO - [2025-12-30T23:55:35.330+0000] {dag.py:3954} INFO - Setting next_dagrun for latest_only to 2025-12-30 16:00:00+00:00, run_after=2025-12-30 20:00:00+00:00
[2025-12-30T23:55:35.339+0000] {processor.py:183} INFO - Processing /home/airflow/.local/lib/python3.12/site-packages/airflow/example_dags/example_latest_only.py took 0.036 seconds
[2025-12-30T23:56:05.616+0000] {processor.py:161} INFO - Started process (PID=1605) to work on /home/airflow/.local/lib/python3.12/site-packages/airflow/example_dags/example_latest_only.py
[2025-12-30T23:56:05.617+0000] {processor.py:830} INFO - Processing file /home/airflow/.local/lib/python3.12/site-packages/airflow/example_dags/example_latest_only.py for tasks to queue
[2025-12-30T23:56:05.618+0000] {logging_mixin.py:188} INFO - [2025-12-30T23:56:05.618+0000] {dagbag.py:545} INFO - Filling up the DagBag from /home/airflow/.local/lib/python3.12/site-packages/airflow/example_dags/example_latest_only.py
[2025-12-30T23:56:05.620+0000] {processor.py:840} INFO - DAG(s) 'latest_only' retrieved from /home/airflow/.local/lib/python3.12/site-packages/airflow/example_dags/example_latest_only.py
[2025-12-30T23:56:05.634+0000] {logging_mixin.py:188} INFO - [2025-12-30T23:56:05.634+0000] {dag.py:3096} INFO - Sync 1 DAGs
[2025-12-30T23:56:05.649+0000] {logging_mixin.py:188} INFO - [2025-12-30T23:56:05.649+0000] {dag.py:3954} INFO - Setting next_dagrun for latest_only to 2025-12-30 16:00:00+00:00, run_after=2025-12-30 20:00:00+00:00
[2025-12-30T23:56:05.657+0000] {processor.py:183} INFO - Processing /home/airflow/.local/lib/python3.12/site-packages/airflow/example_dags/example_latest_only.py took 0.043 seconds
[2025-12-30T23:56:36.067+0000] {processor.py:161} INFO - Started process (PID=1665) to work on /home/airflow/.local/lib/python3.12/site-packages/airflow/example_dags/example_latest_only.py
[2025-12-30T23:56:36.068+0000] {processor.py:830} INFO - Processing file /home/airflow/.local/lib/python3.12/site-packages/airflow/example_dags/example_latest_only.py for tasks to queue
[2025-12-30T23:56:36.070+0000] {logging_mixin.py:188} INFO - [2025-12-30T23:56:36.070+0000] {dagbag.py:545} INFO - Filling up the DagBag from /home/airflow/.local/lib/python3.12/site-packages/airflow/example_dags/example_latest_only.py
[2025-12-30T23:56:36.073+0000] {processor.py:840} INFO - DAG(s) 'latest_only' retrieved from /home/airflow/.local/lib/python3.12/site-packages/airflow/example_dags/example_latest_only.py
[2025-12-30T23:56:36.083+0000] {logging_mixin.py:188} INFO - [2025-12-30T23:56:36.083+0000] {dag.py:3096} INFO - Sync 1 DAGs
[2025-12-30T23:56:36.095+0000] {logging_mixin.py:188} INFO - [2025-12-30T23:56:36.095+0000] {dag.py:3954} INFO - Setting next_dagrun for latest_only to 2025-12-30 16:00:00+00:00, run_after=2025-12-30 20:00:00+00:00
[2025-12-30T23:56:36.105+0000] {processor.py:183} INFO - Processing /home/airflow/.local/lib/python3.12/site-packages/airflow/example_dags/example_latest_only.py took 0.041 seconds
[2025-12-30T23:57:06.334+0000] {processor.py:161} INFO - Started process (PID=1725) to work on /home/airflow/.local/lib/python3.12/site-packages/airflow/example_dags/example_latest_only.py
[2025-12-30T23:57:06.334+0000] {processor.py:830} INFO - Processing file /home/airflow/.local/lib/python3.12/site-packages/airflow/example_dags/example_latest_only.py for tasks to queue
[2025-12-30T23:57:06.335+0000] {logging_mixin.py:188} INFO - [2025-12-30T23:57:06.335+0000] {dagbag.py:545} INFO - Filling up the DagBag from /home/airflow/.local/lib/python3.12/site-packages/airflow/example_dags/example_latest_only.py
[2025-12-30T23:57:06.337+0000] {processor.py:840} INFO - DAG(s) 'latest_only' retrieved from /home/airflow/.local/lib/python3.12/site-packages/airflow/example_dags/example_latest_only.py
[2025-12-30T23:57:06.350+0000] {logging_mixin.py:188} INFO - [2025-12-30T23:57:06.349+0000] {dag.py:3096} INFO - Sync 1 DAGs
[2025-12-30T23:57:06.365+0000] {logging_mixin.py:188} INFO - [2025-12-30T23:57:06.365+0000] {dag.py:3954} INFO - Setting next_dagrun for latest_only to 2025-12-30 16:00:00+00:00, run_after=2025-12-30 20:00:00+00:00
[2025-12-30T23:57:06.377+0000] {processor.py:183} INFO - Processing /home/airflow/.local/lib/python3.12/site-packages/airflow/example_dags/example_latest_only.py took 0.047 seconds
[2025-12-30T23:57:37.027+0000] {processor.py:161} INFO - Started process (PID=1785) to work on /home/airflow/.local/lib/python3.12/site-packages/airflow/example_dags/example_latest_only.py
[2025-12-30T23:57:37.027+0000] {processor.py:830} INFO - Processing file /home/airflow/.local/lib/python3.12/site-packages/airflow/example_dags/example_latest_only.py for tasks to queue
[2025-12-30T23:57:37.028+0000] {logging_mixin.py:188} INFO - [2025-12-30T23:57:37.028+0000] {dagbag.py:545} INFO - Filling up the DagBag from /home/airflow/.local/lib/python3.12/site-packages/airflow/example_dags/example_latest_only.py
[2025-12-30T23:57:37.031+0000] {processor.py:840} INFO - DAG(s) 'latest_only' retrieved from /home/airflow/.local/lib/python3.12/site-packages/airflow/example_dags/example_latest_only.py
[2025-12-30T23:57:37.041+0000] {logging_mixin.py:188} INFO - [2025-12-30T23:57:37.041+0000] {dag.py:3096} INFO - Sync 1 DAGs
[2025-12-30T23:57:37.060+0000] {logging_mixin.py:188} INFO - [2025-12-30T23:57:37.060+0000] {dag.py:3954} INFO - Setting next_dagrun for latest_only to 2025-12-30 16:00:00+00:00, run_after=2025-12-30 20:00:00+00:00
[2025-12-30T23:57:37.076+0000] {processor.py:183} INFO - Processing /home/airflow/.local/lib/python3.12/site-packages/airflow/example_dags/example_latest_only.py took 0.053 seconds
[2025-12-30T23:58:07.266+0000] {processor.py:161} INFO - Started process (PID=1845) to work on /home/airflow/.local/lib/python3.12/site-packages/airflow/example_dags/example_latest_only.py
[2025-12-30T23:58:07.267+0000] {processor.py:830} INFO - Processing file /home/airflow/.local/lib/python3.12/site-packages/airflow/example_dags/example_latest_only.py for tasks to queue
[2025-12-30T23:58:07.268+0000] {logging_mixin.py:188} INFO - [2025-12-30T23:58:07.268+0000] {dagbag.py:545} INFO - Filling up the DagBag from /home/airflow/.local/lib/python3.12/site-packages/airflow/example_dags/example_latest_only.py
[2025-12-30T23:58:07.272+0000] {processor.py:840} INFO - DAG(s) 'latest_only' retrieved from /home/airflow/.local/lib/python3.12/site-packages/airflow/example_dags/example_latest_only.py
[2025-12-30T23:58:07.283+0000] {logging_mixin.py:188} INFO - [2025-12-30T23:58:07.283+0000] {dag.py:3096} INFO - Sync 1 DAGs
[2025-12-30T23:58:07.298+0000] {logging_mixin.py:188} INFO - [2025-12-30T23:58:07.298+0000] {dag.py:3954} INFO - Setting next_dagrun for latest_only to 2025-12-30 16:00:00+00:00, run_after=2025-12-30 20:00:00+00:00
[2025-12-30T23:58:07.306+0000] {processor.py:183} INFO - Processing /home/airflow/.local/lib/python3.12/site-packages/airflow/example_dags/example_latest_only.py took 0.044 seconds
[2025-12-30T23:58:38.053+0000] {processor.py:161} INFO - Started process (PID=1905) to work on /home/airflow/.local/lib/python3.12/site-packages/airflow/example_dags/example_latest_only.py
[2025-12-30T23:58:38.053+0000] {processor.py:830} INFO - Processing file /home/airflow/.local/lib/python3.12/site-packages/airflow/example_dags/example_latest_only.py for tasks to queue
[2025-12-30T23:58:38.054+0000] {logging_mixin.py:188} INFO - [2025-12-30T23:58:38.054+0000] {dagbag.py:545} INFO - Filling up the DagBag from /home/airflow/.local/lib/python3.12/site-packages/airflow/example_dags/example_latest_only.py
[2025-12-30T23:58:38.057+0000] {processor.py:840} INFO - DAG(s) 'latest_only' retrieved from /home/airflow/.local/lib/python3.12/site-packages/airflow/example_dags/example_latest_only.py
[2025-12-30T23:58:38.071+0000] {logging_mixin.py:188} INFO - [2025-12-30T23:58:38.071+0000] {dag.py:3096} INFO - Sync 1 DAGs
[2025-12-30T23:58:38.091+0000] {logging_mixin.py:188} INFO - [2025-12-30T23:58:38.091+0000] {dag.py:3954} INFO - Setting next_dagrun for latest_only to 2025-12-30 16:00:00+00:00, run_after=2025-12-30 20:00:00+00:00
[2025-12-30T23:58:38.100+0000] {processor.py:183} INFO - Processing /home/airflow/.local/lib/python3.12/site-packages/airflow/example_dags/example_latest_only.py took 0.050 seconds
[2025-12-30T23:59:08.278+0000] {processor.py:161} INFO - Started process (PID=1965) to work on /home/airflow/.local/lib/python3.12/site-packages/airflow/example_dags/example_latest_only.py
[2025-12-30T23:59:08.280+0000] {processor.py:830} INFO - Processing file /home/airflow/.local/lib/python3.12/site-packages/airflow/example_dags/example_latest_only.py for tasks to queue
[2025-12-30T23:59:08.281+0000] {logging_mixin.py:188} INFO - [2025-12-30T23:59:08.281+0000] {dagbag.py:545} INFO - Filling up the DagBag from /home/airflow/.local/lib/python3.12/site-packages/airflow/example_dags/example_latest_only.py
[2025-12-30T23:59:08.284+0000] {processor.py:840} INFO - DAG(s) 'latest_only' retrieved from /home/airflow/.local/lib/python3.12/site-packages/airflow/example_dags/example_latest_only.py
[2025-12-30T23:59:08.301+0000] {logging_mixin.py:188} INFO - [2025-12-30T23:59:08.301+0000] {dag.py:3096} INFO - Sync 1 DAGs
[2025-12-30T23:59:08.315+0000] {logging_mixin.py:188} INFO - [2025-12-30T23:59:08.315+0000] {dag.py:3954} INFO - Setting next_dagrun for latest_only to 2025-12-30 16:00:00+00:00, run_after=2025-12-30 20:00:00+00:00
[2025-12-30T23:59:08.325+0000] {processor.py:183} INFO - Processing /home/airflow/.local/lib/python3.12/site-packages/airflow/example_dags/example_latest_only.py took 0.053 seconds
[2025-12-30T23:59:38.899+0000] {processor.py:161} INFO - Started process (PID=2025) to work on /home/airflow/.local/lib/python3.12/site-packages/airflow/example_dags/example_latest_only.py
[2025-12-30T23:59:38.900+0000] {processor.py:830} INFO - Processing file /home/airflow/.local/lib/python3.12/site-packages/airflow/example_dags/example_latest_only.py for tasks to queue
[2025-12-30T23:59:38.901+0000] {logging_mixin.py:188} INFO - [2025-12-30T23:59:38.900+0000] {dagbag.py:545} INFO - Filling up the DagBag from /home/airflow/.local/lib/python3.12/site-packages/airflow/example_dags/example_latest_only.py
[2025-12-30T23:59:38.903+0000] {processor.py:840} INFO - DAG(s) 'latest_only' retrieved from /home/airflow/.local/lib/python3.12/site-packages/airflow/example_dags/example_latest_only.py
[2025-12-30T23:59:38.912+0000] {logging_mixin.py:188} INFO - [2025-12-30T23:59:38.912+0000] {dag.py:3096} INFO - Sync 1 DAGs
[2025-12-30T23:59:38.929+0000] {logging_mixin.py:188} INFO - [2025-12-30T23:59:38.929+0000] {dag.py:3954} INFO - Setting next_dagrun for latest_only to 2025-12-30 16:00:00+00:00, run_after=2025-12-30 20:00:00+00:00
[2025-12-30T23:59:38.937+0000] {processor.py:183} INFO - Processing /home/airflow/.local/lib/python3.12/site-packages/airflow/example_dags/example_latest_only.py took 0.041 seconds
