[2025-12-30T23:33:54.027+0000] {processor.py:161} INFO - Started process (PID=88) to work on /home/airflow/.local/lib/python3.12/site-packages/airflow/example_dags/example_external_task_marker_dag.py
[2025-12-30T23:33:54.027+0000] {processor.py:830} INFO - Processing file /home/airflow/.local/lib/python3.12/site-packages/airflow/example_dags/example_external_task_marker_dag.py for tasks to queue
[2025-12-30T23:33:54.029+0000] {logging_mixin.py:188} INFO - [2025-12-30T23:33:54.029+0000] {dagbag.py:545} INFO - Filling up the DagBag from /home/airflow/.local/lib/python3.12/site-packages/airflow/example_dags/example_external_task_marker_dag.py
[2025-12-30T23:33:54.057+0000] {processor.py:840} INFO - DAG(s) 'example_external_task_marker_parent', 'example_external_task_marker_child' retrieved from /home/airflow/.local/lib/python3.12/site-packages/airflow/example_dags/example_external_task_marker_dag.py
[2025-12-30T23:33:54.096+0000] {logging_mixin.py:188} INFO - [2025-12-30T23:33:54.095+0000] {dag.py:3096} INFO - Sync 2 DAGs
[2025-12-30T23:33:54.159+0000] {logging_mixin.py:188} INFO - [2025-12-30T23:33:54.159+0000] {dag.py:3954} INFO - Setting next_dagrun for example_external_task_marker_child to None, run_after=None
[2025-12-30T23:33:54.169+0000] {logging_mixin.py:188} INFO - [2025-12-30T23:33:54.168+0000] {dag.py:3954} INFO - Setting next_dagrun for example_external_task_marker_parent to None, run_after=None
[2025-12-30T23:33:54.215+0000] {processor.py:183} INFO - Processing /home/airflow/.local/lib/python3.12/site-packages/airflow/example_dags/example_external_task_marker_dag.py took 0.208 seconds
[2025-12-30T23:34:24.956+0000] {processor.py:161} INFO - Started process (PID=147) to work on /home/airflow/.local/lib/python3.12/site-packages/airflow/example_dags/example_external_task_marker_dag.py
[2025-12-30T23:34:24.956+0000] {processor.py:830} INFO - Processing file /home/airflow/.local/lib/python3.12/site-packages/airflow/example_dags/example_external_task_marker_dag.py for tasks to queue
[2025-12-30T23:34:24.957+0000] {logging_mixin.py:188} INFO - [2025-12-30T23:34:24.957+0000] {dagbag.py:545} INFO - Filling up the DagBag from /home/airflow/.local/lib/python3.12/site-packages/airflow/example_dags/example_external_task_marker_dag.py
[2025-12-30T23:34:24.960+0000] {processor.py:840} INFO - DAG(s) 'example_external_task_marker_child', 'example_external_task_marker_parent' retrieved from /home/airflow/.local/lib/python3.12/site-packages/airflow/example_dags/example_external_task_marker_dag.py
[2025-12-30T23:34:25.010+0000] {logging_mixin.py:188} INFO - [2025-12-30T23:34:25.010+0000] {dag.py:3096} INFO - Sync 2 DAGs
[2025-12-30T23:34:25.017+0000] {logging_mixin.py:188} INFO - [2025-12-30T23:34:25.017+0000] {dag.py:3954} INFO - Setting next_dagrun for example_external_task_marker_child to None, run_after=None
[2025-12-30T23:34:25.019+0000] {logging_mixin.py:188} INFO - [2025-12-30T23:34:25.019+0000] {dag.py:3954} INFO - Setting next_dagrun for example_external_task_marker_parent to None, run_after=None
[2025-12-30T23:34:25.027+0000] {processor.py:183} INFO - Processing /home/airflow/.local/lib/python3.12/site-packages/airflow/example_dags/example_external_task_marker_dag.py took 0.074 seconds
[2025-12-30T23:34:55.759+0000] {processor.py:161} INFO - Started process (PID=206) to work on /home/airflow/.local/lib/python3.12/site-packages/airflow/example_dags/example_external_task_marker_dag.py
[2025-12-30T23:34:55.759+0000] {processor.py:830} INFO - Processing file /home/airflow/.local/lib/python3.12/site-packages/airflow/example_dags/example_external_task_marker_dag.py for tasks to queue
[2025-12-30T23:34:55.761+0000] {logging_mixin.py:188} INFO - [2025-12-30T23:34:55.761+0000] {dagbag.py:545} INFO - Filling up the DagBag from /home/airflow/.local/lib/python3.12/site-packages/airflow/example_dags/example_external_task_marker_dag.py
[2025-12-30T23:34:55.764+0000] {processor.py:840} INFO - DAG(s) 'example_external_task_marker_parent', 'example_external_task_marker_child' retrieved from /home/airflow/.local/lib/python3.12/site-packages/airflow/example_dags/example_external_task_marker_dag.py
[2025-12-30T23:34:55.783+0000] {logging_mixin.py:188} INFO - [2025-12-30T23:34:55.783+0000] {dag.py:3096} INFO - Sync 2 DAGs
[2025-12-30T23:34:55.793+0000] {logging_mixin.py:188} INFO - [2025-12-30T23:34:55.793+0000] {dag.py:3954} INFO - Setting next_dagrun for example_external_task_marker_child to None, run_after=None
[2025-12-30T23:34:55.795+0000] {logging_mixin.py:188} INFO - [2025-12-30T23:34:55.795+0000] {dag.py:3954} INFO - Setting next_dagrun for example_external_task_marker_parent to None, run_after=None
[2025-12-30T23:34:55.804+0000] {processor.py:183} INFO - Processing /home/airflow/.local/lib/python3.12/site-packages/airflow/example_dags/example_external_task_marker_dag.py took 0.054 seconds
[2025-12-30T23:35:25.888+0000] {processor.py:161} INFO - Started process (PID=265) to work on /home/airflow/.local/lib/python3.12/site-packages/airflow/example_dags/example_external_task_marker_dag.py
[2025-12-30T23:35:25.889+0000] {processor.py:830} INFO - Processing file /home/airflow/.local/lib/python3.12/site-packages/airflow/example_dags/example_external_task_marker_dag.py for tasks to queue
[2025-12-30T23:35:25.890+0000] {logging_mixin.py:188} INFO - [2025-12-30T23:35:25.890+0000] {dagbag.py:545} INFO - Filling up the DagBag from /home/airflow/.local/lib/python3.12/site-packages/airflow/example_dags/example_external_task_marker_dag.py
[2025-12-30T23:35:25.894+0000] {processor.py:840} INFO - DAG(s) 'example_external_task_marker_parent', 'example_external_task_marker_child' retrieved from /home/airflow/.local/lib/python3.12/site-packages/airflow/example_dags/example_external_task_marker_dag.py
[2025-12-30T23:35:25.908+0000] {logging_mixin.py:188} INFO - [2025-12-30T23:35:25.908+0000] {dag.py:3096} INFO - Sync 2 DAGs
[2025-12-30T23:35:25.916+0000] {logging_mixin.py:188} INFO - [2025-12-30T23:35:25.916+0000] {dag.py:3954} INFO - Setting next_dagrun for example_external_task_marker_child to None, run_after=None
[2025-12-30T23:35:25.918+0000] {logging_mixin.py:188} INFO - [2025-12-30T23:35:25.918+0000] {dag.py:3954} INFO - Setting next_dagrun for example_external_task_marker_parent to None, run_after=None
[2025-12-30T23:35:25.926+0000] {processor.py:183} INFO - Processing /home/airflow/.local/lib/python3.12/site-packages/airflow/example_dags/example_external_task_marker_dag.py took 0.041 seconds
[2025-12-30T23:35:56.143+0000] {processor.py:161} INFO - Started process (PID=324) to work on /home/airflow/.local/lib/python3.12/site-packages/airflow/example_dags/example_external_task_marker_dag.py
[2025-12-30T23:35:56.144+0000] {processor.py:830} INFO - Processing file /home/airflow/.local/lib/python3.12/site-packages/airflow/example_dags/example_external_task_marker_dag.py for tasks to queue
[2025-12-30T23:35:56.145+0000] {logging_mixin.py:188} INFO - [2025-12-30T23:35:56.145+0000] {dagbag.py:545} INFO - Filling up the DagBag from /home/airflow/.local/lib/python3.12/site-packages/airflow/example_dags/example_external_task_marker_dag.py
[2025-12-30T23:35:56.150+0000] {processor.py:840} INFO - DAG(s) 'example_external_task_marker_parent', 'example_external_task_marker_child' retrieved from /home/airflow/.local/lib/python3.12/site-packages/airflow/example_dags/example_external_task_marker_dag.py
[2025-12-30T23:35:56.167+0000] {logging_mixin.py:188} INFO - [2025-12-30T23:35:56.167+0000] {dag.py:3096} INFO - Sync 2 DAGs
[2025-12-30T23:35:56.175+0000] {logging_mixin.py:188} INFO - [2025-12-30T23:35:56.175+0000] {dag.py:3954} INFO - Setting next_dagrun for example_external_task_marker_child to None, run_after=None
[2025-12-30T23:35:56.177+0000] {logging_mixin.py:188} INFO - [2025-12-30T23:35:56.177+0000] {dag.py:3954} INFO - Setting next_dagrun for example_external_task_marker_parent to None, run_after=None
[2025-12-30T23:35:56.186+0000] {processor.py:183} INFO - Processing /home/airflow/.local/lib/python3.12/site-packages/airflow/example_dags/example_external_task_marker_dag.py took 0.047 seconds
[2025-12-30T23:36:26.249+0000] {processor.py:161} INFO - Started process (PID=383) to work on /home/airflow/.local/lib/python3.12/site-packages/airflow/example_dags/example_external_task_marker_dag.py
[2025-12-30T23:36:26.249+0000] {processor.py:830} INFO - Processing file /home/airflow/.local/lib/python3.12/site-packages/airflow/example_dags/example_external_task_marker_dag.py for tasks to queue
[2025-12-30T23:36:26.250+0000] {logging_mixin.py:188} INFO - [2025-12-30T23:36:26.250+0000] {dagbag.py:545} INFO - Filling up the DagBag from /home/airflow/.local/lib/python3.12/site-packages/airflow/example_dags/example_external_task_marker_dag.py
[2025-12-30T23:36:26.254+0000] {processor.py:840} INFO - DAG(s) 'example_external_task_marker_parent', 'example_external_task_marker_child' retrieved from /home/airflow/.local/lib/python3.12/site-packages/airflow/example_dags/example_external_task_marker_dag.py
[2025-12-30T23:36:26.267+0000] {logging_mixin.py:188} INFO - [2025-12-30T23:36:26.267+0000] {dag.py:3096} INFO - Sync 2 DAGs
[2025-12-30T23:36:26.274+0000] {logging_mixin.py:188} INFO - [2025-12-30T23:36:26.274+0000] {dag.py:3954} INFO - Setting next_dagrun for example_external_task_marker_child to None, run_after=None
[2025-12-30T23:36:26.277+0000] {logging_mixin.py:188} INFO - [2025-12-30T23:36:26.277+0000] {dag.py:3954} INFO - Setting next_dagrun for example_external_task_marker_parent to None, run_after=None
[2025-12-30T23:36:26.286+0000] {processor.py:183} INFO - Processing /home/airflow/.local/lib/python3.12/site-packages/airflow/example_dags/example_external_task_marker_dag.py took 0.042 seconds
[2025-12-30T23:36:56.514+0000] {processor.py:161} INFO - Started process (PID=442) to work on /home/airflow/.local/lib/python3.12/site-packages/airflow/example_dags/example_external_task_marker_dag.py
[2025-12-30T23:36:56.515+0000] {processor.py:830} INFO - Processing file /home/airflow/.local/lib/python3.12/site-packages/airflow/example_dags/example_external_task_marker_dag.py for tasks to queue
[2025-12-30T23:36:56.516+0000] {logging_mixin.py:188} INFO - [2025-12-30T23:36:56.516+0000] {dagbag.py:545} INFO - Filling up the DagBag from /home/airflow/.local/lib/python3.12/site-packages/airflow/example_dags/example_external_task_marker_dag.py
[2025-12-30T23:36:56.519+0000] {processor.py:840} INFO - DAG(s) 'example_external_task_marker_child', 'example_external_task_marker_parent' retrieved from /home/airflow/.local/lib/python3.12/site-packages/airflow/example_dags/example_external_task_marker_dag.py
[2025-12-30T23:36:56.533+0000] {logging_mixin.py:188} INFO - [2025-12-30T23:36:56.533+0000] {dag.py:3096} INFO - Sync 2 DAGs
[2025-12-30T23:36:56.540+0000] {logging_mixin.py:188} INFO - [2025-12-30T23:36:56.540+0000] {dag.py:3954} INFO - Setting next_dagrun for example_external_task_marker_child to None, run_after=None
[2025-12-30T23:36:56.542+0000] {logging_mixin.py:188} INFO - [2025-12-30T23:36:56.542+0000] {dag.py:3954} INFO - Setting next_dagrun for example_external_task_marker_parent to None, run_after=None
[2025-12-30T23:36:56.550+0000] {processor.py:183} INFO - Processing /home/airflow/.local/lib/python3.12/site-packages/airflow/example_dags/example_external_task_marker_dag.py took 0.040 seconds
[2025-12-30T23:37:27.319+0000] {processor.py:161} INFO - Started process (PID=501) to work on /home/airflow/.local/lib/python3.12/site-packages/airflow/example_dags/example_external_task_marker_dag.py
[2025-12-30T23:37:27.320+0000] {processor.py:830} INFO - Processing file /home/airflow/.local/lib/python3.12/site-packages/airflow/example_dags/example_external_task_marker_dag.py for tasks to queue
[2025-12-30T23:37:27.322+0000] {logging_mixin.py:188} INFO - [2025-12-30T23:37:27.322+0000] {dagbag.py:545} INFO - Filling up the DagBag from /home/airflow/.local/lib/python3.12/site-packages/airflow/example_dags/example_external_task_marker_dag.py
[2025-12-30T23:37:27.338+0000] {processor.py:840} INFO - DAG(s) 'example_external_task_marker_child', 'example_external_task_marker_parent' retrieved from /home/airflow/.local/lib/python3.12/site-packages/airflow/example_dags/example_external_task_marker_dag.py
[2025-12-30T23:37:27.358+0000] {logging_mixin.py:188} INFO - [2025-12-30T23:37:27.357+0000] {dag.py:3096} INFO - Sync 2 DAGs
[2025-12-30T23:37:27.365+0000] {logging_mixin.py:188} INFO - [2025-12-30T23:37:27.365+0000] {dag.py:3954} INFO - Setting next_dagrun for example_external_task_marker_child to None, run_after=None
[2025-12-30T23:37:27.367+0000] {logging_mixin.py:188} INFO - [2025-12-30T23:37:27.367+0000] {dag.py:3954} INFO - Setting next_dagrun for example_external_task_marker_parent to None, run_after=None
[2025-12-30T23:37:27.374+0000] {processor.py:183} INFO - Processing /home/airflow/.local/lib/python3.12/site-packages/airflow/example_dags/example_external_task_marker_dag.py took 0.062 seconds
[2025-12-30T23:37:57.599+0000] {processor.py:161} INFO - Started process (PID=560) to work on /home/airflow/.local/lib/python3.12/site-packages/airflow/example_dags/example_external_task_marker_dag.py
[2025-12-30T23:37:57.600+0000] {processor.py:830} INFO - Processing file /home/airflow/.local/lib/python3.12/site-packages/airflow/example_dags/example_external_task_marker_dag.py for tasks to queue
[2025-12-30T23:37:57.601+0000] {logging_mixin.py:188} INFO - [2025-12-30T23:37:57.601+0000] {dagbag.py:545} INFO - Filling up the DagBag from /home/airflow/.local/lib/python3.12/site-packages/airflow/example_dags/example_external_task_marker_dag.py
[2025-12-30T23:37:57.608+0000] {processor.py:840} INFO - DAG(s) 'example_external_task_marker_parent', 'example_external_task_marker_child' retrieved from /home/airflow/.local/lib/python3.12/site-packages/airflow/example_dags/example_external_task_marker_dag.py
[2025-12-30T23:37:57.620+0000] {logging_mixin.py:188} INFO - [2025-12-30T23:37:57.620+0000] {dag.py:3096} INFO - Sync 2 DAGs
[2025-12-30T23:37:57.626+0000] {logging_mixin.py:188} INFO - [2025-12-30T23:37:57.626+0000] {dag.py:3954} INFO - Setting next_dagrun for example_external_task_marker_child to None, run_after=None
[2025-12-30T23:37:57.628+0000] {logging_mixin.py:188} INFO - [2025-12-30T23:37:57.628+0000] {dag.py:3954} INFO - Setting next_dagrun for example_external_task_marker_parent to None, run_after=None
[2025-12-30T23:37:57.639+0000] {processor.py:183} INFO - Processing /home/airflow/.local/lib/python3.12/site-packages/airflow/example_dags/example_external_task_marker_dag.py took 0.044 seconds
[2025-12-30T23:38:28.148+0000] {processor.py:161} INFO - Started process (PID=619) to work on /home/airflow/.local/lib/python3.12/site-packages/airflow/example_dags/example_external_task_marker_dag.py
[2025-12-30T23:38:28.149+0000] {processor.py:830} INFO - Processing file /home/airflow/.local/lib/python3.12/site-packages/airflow/example_dags/example_external_task_marker_dag.py for tasks to queue
[2025-12-30T23:38:28.150+0000] {logging_mixin.py:188} INFO - [2025-12-30T23:38:28.150+0000] {dagbag.py:545} INFO - Filling up the DagBag from /home/airflow/.local/lib/python3.12/site-packages/airflow/example_dags/example_external_task_marker_dag.py
[2025-12-30T23:38:28.154+0000] {processor.py:840} INFO - DAG(s) 'example_external_task_marker_child', 'example_external_task_marker_parent' retrieved from /home/airflow/.local/lib/python3.12/site-packages/airflow/example_dags/example_external_task_marker_dag.py
[2025-12-30T23:38:28.167+0000] {logging_mixin.py:188} INFO - [2025-12-30T23:38:28.167+0000] {dag.py:3096} INFO - Sync 2 DAGs
[2025-12-30T23:38:28.174+0000] {logging_mixin.py:188} INFO - [2025-12-30T23:38:28.174+0000] {dag.py:3954} INFO - Setting next_dagrun for example_external_task_marker_child to None, run_after=None
[2025-12-30T23:38:28.176+0000] {logging_mixin.py:188} INFO - [2025-12-30T23:38:28.176+0000] {dag.py:3954} INFO - Setting next_dagrun for example_external_task_marker_parent to None, run_after=None
[2025-12-30T23:38:28.186+0000] {processor.py:183} INFO - Processing /home/airflow/.local/lib/python3.12/site-packages/airflow/example_dags/example_external_task_marker_dag.py took 0.041 seconds
[2025-12-30T23:38:58.264+0000] {processor.py:161} INFO - Started process (PID=678) to work on /home/airflow/.local/lib/python3.12/site-packages/airflow/example_dags/example_external_task_marker_dag.py
[2025-12-30T23:38:58.265+0000] {processor.py:830} INFO - Processing file /home/airflow/.local/lib/python3.12/site-packages/airflow/example_dags/example_external_task_marker_dag.py for tasks to queue
[2025-12-30T23:38:58.266+0000] {logging_mixin.py:188} INFO - [2025-12-30T23:38:58.266+0000] {dagbag.py:545} INFO - Filling up the DagBag from /home/airflow/.local/lib/python3.12/site-packages/airflow/example_dags/example_external_task_marker_dag.py
[2025-12-30T23:38:58.269+0000] {processor.py:840} INFO - DAG(s) 'example_external_task_marker_parent', 'example_external_task_marker_child' retrieved from /home/airflow/.local/lib/python3.12/site-packages/airflow/example_dags/example_external_task_marker_dag.py
[2025-12-30T23:38:58.281+0000] {logging_mixin.py:188} INFO - [2025-12-30T23:38:58.281+0000] {dag.py:3096} INFO - Sync 2 DAGs
[2025-12-30T23:38:58.287+0000] {logging_mixin.py:188} INFO - [2025-12-30T23:38:58.287+0000] {dag.py:3954} INFO - Setting next_dagrun for example_external_task_marker_child to None, run_after=None
[2025-12-30T23:38:58.289+0000] {logging_mixin.py:188} INFO - [2025-12-30T23:38:58.288+0000] {dag.py:3954} INFO - Setting next_dagrun for example_external_task_marker_parent to None, run_after=None
[2025-12-30T23:38:58.297+0000] {processor.py:183} INFO - Processing /home/airflow/.local/lib/python3.12/site-packages/airflow/example_dags/example_external_task_marker_dag.py took 0.036 seconds
[2025-12-30T23:39:28.922+0000] {processor.py:161} INFO - Started process (PID=737) to work on /home/airflow/.local/lib/python3.12/site-packages/airflow/example_dags/example_external_task_marker_dag.py
[2025-12-30T23:39:28.923+0000] {processor.py:830} INFO - Processing file /home/airflow/.local/lib/python3.12/site-packages/airflow/example_dags/example_external_task_marker_dag.py for tasks to queue
[2025-12-30T23:39:28.924+0000] {logging_mixin.py:188} INFO - [2025-12-30T23:39:28.924+0000] {dagbag.py:545} INFO - Filling up the DagBag from /home/airflow/.local/lib/python3.12/site-packages/airflow/example_dags/example_external_task_marker_dag.py
[2025-12-30T23:39:28.927+0000] {processor.py:840} INFO - DAG(s) 'example_external_task_marker_parent', 'example_external_task_marker_child' retrieved from /home/airflow/.local/lib/python3.12/site-packages/airflow/example_dags/example_external_task_marker_dag.py
[2025-12-30T23:39:28.940+0000] {logging_mixin.py:188} INFO - [2025-12-30T23:39:28.940+0000] {dag.py:3096} INFO - Sync 2 DAGs
[2025-12-30T23:39:28.946+0000] {logging_mixin.py:188} INFO - [2025-12-30T23:39:28.945+0000] {dag.py:3954} INFO - Setting next_dagrun for example_external_task_marker_child to None, run_after=None
[2025-12-30T23:39:28.947+0000] {logging_mixin.py:188} INFO - [2025-12-30T23:39:28.947+0000] {dag.py:3954} INFO - Setting next_dagrun for example_external_task_marker_parent to None, run_after=None
[2025-12-30T23:39:28.955+0000] {processor.py:183} INFO - Processing /home/airflow/.local/lib/python3.12/site-packages/airflow/example_dags/example_external_task_marker_dag.py took 0.035 seconds
[2025-12-30T23:39:59.151+0000] {processor.py:161} INFO - Started process (PID=796) to work on /home/airflow/.local/lib/python3.12/site-packages/airflow/example_dags/example_external_task_marker_dag.py
[2025-12-30T23:39:59.152+0000] {processor.py:830} INFO - Processing file /home/airflow/.local/lib/python3.12/site-packages/airflow/example_dags/example_external_task_marker_dag.py for tasks to queue
[2025-12-30T23:39:59.153+0000] {logging_mixin.py:188} INFO - [2025-12-30T23:39:59.153+0000] {dagbag.py:545} INFO - Filling up the DagBag from /home/airflow/.local/lib/python3.12/site-packages/airflow/example_dags/example_external_task_marker_dag.py
[2025-12-30T23:39:59.157+0000] {processor.py:840} INFO - DAG(s) 'example_external_task_marker_parent', 'example_external_task_marker_child' retrieved from /home/airflow/.local/lib/python3.12/site-packages/airflow/example_dags/example_external_task_marker_dag.py
[2025-12-30T23:39:59.179+0000] {logging_mixin.py:188} INFO - [2025-12-30T23:39:59.178+0000] {dag.py:3096} INFO - Sync 2 DAGs
[2025-12-30T23:39:59.190+0000] {logging_mixin.py:188} INFO - [2025-12-30T23:39:59.190+0000] {dag.py:3954} INFO - Setting next_dagrun for example_external_task_marker_child to None, run_after=None
[2025-12-30T23:39:59.194+0000] {logging_mixin.py:188} INFO - [2025-12-30T23:39:59.194+0000] {dag.py:3954} INFO - Setting next_dagrun for example_external_task_marker_parent to None, run_after=None
[2025-12-30T23:39:59.203+0000] {processor.py:183} INFO - Processing /home/airflow/.local/lib/python3.12/site-packages/airflow/example_dags/example_external_task_marker_dag.py took 0.056 seconds
[2025-12-30T23:40:29.408+0000] {processor.py:161} INFO - Started process (PID=855) to work on /home/airflow/.local/lib/python3.12/site-packages/airflow/example_dags/example_external_task_marker_dag.py
[2025-12-30T23:40:29.409+0000] {processor.py:830} INFO - Processing file /home/airflow/.local/lib/python3.12/site-packages/airflow/example_dags/example_external_task_marker_dag.py for tasks to queue
[2025-12-30T23:40:29.410+0000] {logging_mixin.py:188} INFO - [2025-12-30T23:40:29.410+0000] {dagbag.py:545} INFO - Filling up the DagBag from /home/airflow/.local/lib/python3.12/site-packages/airflow/example_dags/example_external_task_marker_dag.py
[2025-12-30T23:40:29.415+0000] {processor.py:840} INFO - DAG(s) 'example_external_task_marker_child', 'example_external_task_marker_parent' retrieved from /home/airflow/.local/lib/python3.12/site-packages/airflow/example_dags/example_external_task_marker_dag.py
[2025-12-30T23:40:29.428+0000] {logging_mixin.py:188} INFO - [2025-12-30T23:40:29.428+0000] {dag.py:3096} INFO - Sync 2 DAGs
[2025-12-30T23:40:29.437+0000] {logging_mixin.py:188} INFO - [2025-12-30T23:40:29.436+0000] {dag.py:3954} INFO - Setting next_dagrun for example_external_task_marker_child to None, run_after=None
[2025-12-30T23:40:29.439+0000] {logging_mixin.py:188} INFO - [2025-12-30T23:40:29.439+0000] {dag.py:3954} INFO - Setting next_dagrun for example_external_task_marker_parent to None, run_after=None
[2025-12-30T23:40:29.447+0000] {processor.py:183} INFO - Processing /home/airflow/.local/lib/python3.12/site-packages/airflow/example_dags/example_external_task_marker_dag.py took 0.042 seconds
[2025-12-30T23:40:59.765+0000] {processor.py:161} INFO - Started process (PID=917) to work on /home/airflow/.local/lib/python3.12/site-packages/airflow/example_dags/example_external_task_marker_dag.py
[2025-12-30T23:40:59.766+0000] {processor.py:830} INFO - Processing file /home/airflow/.local/lib/python3.12/site-packages/airflow/example_dags/example_external_task_marker_dag.py for tasks to queue
[2025-12-30T23:40:59.769+0000] {logging_mixin.py:188} INFO - [2025-12-30T23:40:59.768+0000] {dagbag.py:545} INFO - Filling up the DagBag from /home/airflow/.local/lib/python3.12/site-packages/airflow/example_dags/example_external_task_marker_dag.py
[2025-12-30T23:40:59.776+0000] {processor.py:840} INFO - DAG(s) 'example_external_task_marker_parent', 'example_external_task_marker_child' retrieved from /home/airflow/.local/lib/python3.12/site-packages/airflow/example_dags/example_external_task_marker_dag.py
[2025-12-30T23:40:59.791+0000] {logging_mixin.py:188} INFO - [2025-12-30T23:40:59.791+0000] {dag.py:3096} INFO - Sync 2 DAGs
[2025-12-30T23:40:59.798+0000] {logging_mixin.py:188} INFO - [2025-12-30T23:40:59.798+0000] {dag.py:3954} INFO - Setting next_dagrun for example_external_task_marker_child to None, run_after=None
[2025-12-30T23:40:59.800+0000] {logging_mixin.py:188} INFO - [2025-12-30T23:40:59.800+0000] {dag.py:3954} INFO - Setting next_dagrun for example_external_task_marker_parent to None, run_after=None
[2025-12-30T23:40:59.808+0000] {processor.py:183} INFO - Processing /home/airflow/.local/lib/python3.12/site-packages/airflow/example_dags/example_external_task_marker_dag.py took 0.048 seconds
[2025-12-30T23:43:01.564+0000] {processor.py:161} INFO - Started process (PID=87) to work on /home/airflow/.local/lib/python3.12/site-packages/airflow/example_dags/example_external_task_marker_dag.py
[2025-12-30T23:43:01.565+0000] {processor.py:830} INFO - Processing file /home/airflow/.local/lib/python3.12/site-packages/airflow/example_dags/example_external_task_marker_dag.py for tasks to queue
[2025-12-30T23:43:01.568+0000] {logging_mixin.py:188} INFO - [2025-12-30T23:43:01.567+0000] {dagbag.py:545} INFO - Filling up the DagBag from /home/airflow/.local/lib/python3.12/site-packages/airflow/example_dags/example_external_task_marker_dag.py
[2025-12-30T23:43:01.584+0000] {processor.py:840} INFO - DAG(s) 'example_external_task_marker_parent', 'example_external_task_marker_child' retrieved from /home/airflow/.local/lib/python3.12/site-packages/airflow/example_dags/example_external_task_marker_dag.py
[2025-12-30T23:43:01.624+0000] {logging_mixin.py:188} INFO - [2025-12-30T23:43:01.624+0000] {dag.py:3096} INFO - Sync 2 DAGs
[2025-12-30T23:43:01.692+0000] {logging_mixin.py:188} INFO - [2025-12-30T23:43:01.691+0000] {dag.py:3954} INFO - Setting next_dagrun for example_external_task_marker_child to None, run_after=None
[2025-12-30T23:43:01.697+0000] {logging_mixin.py:188} INFO - [2025-12-30T23:43:01.697+0000] {dag.py:3954} INFO - Setting next_dagrun for example_external_task_marker_parent to None, run_after=None
[2025-12-30T23:43:01.715+0000] {processor.py:183} INFO - Processing /home/airflow/.local/lib/python3.12/site-packages/airflow/example_dags/example_external_task_marker_dag.py took 0.175 seconds
[2025-12-30T23:43:31.961+0000] {processor.py:161} INFO - Started process (PID=147) to work on /home/airflow/.local/lib/python3.12/site-packages/airflow/example_dags/example_external_task_marker_dag.py
[2025-12-30T23:43:31.962+0000] {processor.py:830} INFO - Processing file /home/airflow/.local/lib/python3.12/site-packages/airflow/example_dags/example_external_task_marker_dag.py for tasks to queue
[2025-12-30T23:43:31.963+0000] {logging_mixin.py:188} INFO - [2025-12-30T23:43:31.963+0000] {dagbag.py:545} INFO - Filling up the DagBag from /home/airflow/.local/lib/python3.12/site-packages/airflow/example_dags/example_external_task_marker_dag.py
[2025-12-30T23:43:31.967+0000] {processor.py:840} INFO - DAG(s) 'example_external_task_marker_parent', 'example_external_task_marker_child' retrieved from /home/airflow/.local/lib/python3.12/site-packages/airflow/example_dags/example_external_task_marker_dag.py
[2025-12-30T23:43:32.037+0000] {logging_mixin.py:188} INFO - [2025-12-30T23:43:32.037+0000] {dag.py:3096} INFO - Sync 2 DAGs
[2025-12-30T23:43:32.043+0000] {logging_mixin.py:188} INFO - [2025-12-30T23:43:32.043+0000] {dag.py:3954} INFO - Setting next_dagrun for example_external_task_marker_child to None, run_after=None
[2025-12-30T23:43:32.046+0000] {logging_mixin.py:188} INFO - [2025-12-30T23:43:32.046+0000] {dag.py:3954} INFO - Setting next_dagrun for example_external_task_marker_parent to None, run_after=None
[2025-12-30T23:43:32.064+0000] {processor.py:183} INFO - Processing /home/airflow/.local/lib/python3.12/site-packages/airflow/example_dags/example_external_task_marker_dag.py took 0.106 seconds
[2025-12-30T23:44:02.372+0000] {processor.py:161} INFO - Started process (PID=207) to work on /home/airflow/.local/lib/python3.12/site-packages/airflow/example_dags/example_external_task_marker_dag.py
[2025-12-30T23:44:02.372+0000] {processor.py:830} INFO - Processing file /home/airflow/.local/lib/python3.12/site-packages/airflow/example_dags/example_external_task_marker_dag.py for tasks to queue
[2025-12-30T23:44:02.373+0000] {logging_mixin.py:188} INFO - [2025-12-30T23:44:02.373+0000] {dagbag.py:545} INFO - Filling up the DagBag from /home/airflow/.local/lib/python3.12/site-packages/airflow/example_dags/example_external_task_marker_dag.py
[2025-12-30T23:44:02.377+0000] {processor.py:840} INFO - DAG(s) 'example_external_task_marker_child', 'example_external_task_marker_parent' retrieved from /home/airflow/.local/lib/python3.12/site-packages/airflow/example_dags/example_external_task_marker_dag.py
[2025-12-30T23:44:02.390+0000] {logging_mixin.py:188} INFO - [2025-12-30T23:44:02.390+0000] {dag.py:3096} INFO - Sync 2 DAGs
[2025-12-30T23:44:02.396+0000] {logging_mixin.py:188} INFO - [2025-12-30T23:44:02.396+0000] {dag.py:3954} INFO - Setting next_dagrun for example_external_task_marker_child to None, run_after=None
[2025-12-30T23:44:02.398+0000] {logging_mixin.py:188} INFO - [2025-12-30T23:44:02.398+0000] {dag.py:3954} INFO - Setting next_dagrun for example_external_task_marker_parent to None, run_after=None
[2025-12-30T23:44:02.405+0000] {processor.py:183} INFO - Processing /home/airflow/.local/lib/python3.12/site-packages/airflow/example_dags/example_external_task_marker_dag.py took 0.036 seconds
[2025-12-30T23:44:32.618+0000] {processor.py:161} INFO - Started process (PID=267) to work on /home/airflow/.local/lib/python3.12/site-packages/airflow/example_dags/example_external_task_marker_dag.py
[2025-12-30T23:44:32.619+0000] {processor.py:830} INFO - Processing file /home/airflow/.local/lib/python3.12/site-packages/airflow/example_dags/example_external_task_marker_dag.py for tasks to queue
[2025-12-30T23:44:32.620+0000] {logging_mixin.py:188} INFO - [2025-12-30T23:44:32.620+0000] {dagbag.py:545} INFO - Filling up the DagBag from /home/airflow/.local/lib/python3.12/site-packages/airflow/example_dags/example_external_task_marker_dag.py
[2025-12-30T23:44:32.623+0000] {processor.py:840} INFO - DAG(s) 'example_external_task_marker_parent', 'example_external_task_marker_child' retrieved from /home/airflow/.local/lib/python3.12/site-packages/airflow/example_dags/example_external_task_marker_dag.py
[2025-12-30T23:44:32.635+0000] {logging_mixin.py:188} INFO - [2025-12-30T23:44:32.635+0000] {dag.py:3096} INFO - Sync 2 DAGs
[2025-12-30T23:44:32.642+0000] {logging_mixin.py:188} INFO - [2025-12-30T23:44:32.642+0000] {dag.py:3954} INFO - Setting next_dagrun for example_external_task_marker_child to None, run_after=None
[2025-12-30T23:44:32.643+0000] {logging_mixin.py:188} INFO - [2025-12-30T23:44:32.643+0000] {dag.py:3954} INFO - Setting next_dagrun for example_external_task_marker_parent to None, run_after=None
[2025-12-30T23:44:32.652+0000] {processor.py:183} INFO - Processing /home/airflow/.local/lib/python3.12/site-packages/airflow/example_dags/example_external_task_marker_dag.py took 0.037 seconds
[2025-12-30T23:45:03.203+0000] {processor.py:161} INFO - Started process (PID=327) to work on /home/airflow/.local/lib/python3.12/site-packages/airflow/example_dags/example_external_task_marker_dag.py
[2025-12-30T23:45:03.203+0000] {processor.py:830} INFO - Processing file /home/airflow/.local/lib/python3.12/site-packages/airflow/example_dags/example_external_task_marker_dag.py for tasks to queue
[2025-12-30T23:45:03.204+0000] {logging_mixin.py:188} INFO - [2025-12-30T23:45:03.204+0000] {dagbag.py:545} INFO - Filling up the DagBag from /home/airflow/.local/lib/python3.12/site-packages/airflow/example_dags/example_external_task_marker_dag.py
[2025-12-30T23:45:03.207+0000] {processor.py:840} INFO - DAG(s) 'example_external_task_marker_child', 'example_external_task_marker_parent' retrieved from /home/airflow/.local/lib/python3.12/site-packages/airflow/example_dags/example_external_task_marker_dag.py
[2025-12-30T23:45:03.222+0000] {logging_mixin.py:188} INFO - [2025-12-30T23:45:03.222+0000] {dag.py:3096} INFO - Sync 2 DAGs
[2025-12-30T23:45:03.228+0000] {logging_mixin.py:188} INFO - [2025-12-30T23:45:03.228+0000] {dag.py:3954} INFO - Setting next_dagrun for example_external_task_marker_child to None, run_after=None
[2025-12-30T23:45:03.230+0000] {logging_mixin.py:188} INFO - [2025-12-30T23:45:03.230+0000] {dag.py:3954} INFO - Setting next_dagrun for example_external_task_marker_parent to None, run_after=None
[2025-12-30T23:45:03.236+0000] {processor.py:183} INFO - Processing /home/airflow/.local/lib/python3.12/site-packages/airflow/example_dags/example_external_task_marker_dag.py took 0.036 seconds
[2025-12-30T23:45:33.465+0000] {processor.py:161} INFO - Started process (PID=387) to work on /home/airflow/.local/lib/python3.12/site-packages/airflow/example_dags/example_external_task_marker_dag.py
[2025-12-30T23:45:33.466+0000] {processor.py:830} INFO - Processing file /home/airflow/.local/lib/python3.12/site-packages/airflow/example_dags/example_external_task_marker_dag.py for tasks to queue
[2025-12-30T23:45:33.467+0000] {logging_mixin.py:188} INFO - [2025-12-30T23:45:33.467+0000] {dagbag.py:545} INFO - Filling up the DagBag from /home/airflow/.local/lib/python3.12/site-packages/airflow/example_dags/example_external_task_marker_dag.py
[2025-12-30T23:45:33.471+0000] {processor.py:840} INFO - DAG(s) 'example_external_task_marker_parent', 'example_external_task_marker_child' retrieved from /home/airflow/.local/lib/python3.12/site-packages/airflow/example_dags/example_external_task_marker_dag.py
[2025-12-30T23:45:33.484+0000] {logging_mixin.py:188} INFO - [2025-12-30T23:45:33.484+0000] {dag.py:3096} INFO - Sync 2 DAGs
[2025-12-30T23:45:33.491+0000] {logging_mixin.py:188} INFO - [2025-12-30T23:45:33.491+0000] {dag.py:3954} INFO - Setting next_dagrun for example_external_task_marker_child to None, run_after=None
[2025-12-30T23:45:33.494+0000] {logging_mixin.py:188} INFO - [2025-12-30T23:45:33.494+0000] {dag.py:3954} INFO - Setting next_dagrun for example_external_task_marker_parent to None, run_after=None
[2025-12-30T23:45:33.502+0000] {processor.py:183} INFO - Processing /home/airflow/.local/lib/python3.12/site-packages/airflow/example_dags/example_external_task_marker_dag.py took 0.039 seconds
[2025-12-30T23:46:03.623+0000] {processor.py:161} INFO - Started process (PID=447) to work on /home/airflow/.local/lib/python3.12/site-packages/airflow/example_dags/example_external_task_marker_dag.py
[2025-12-30T23:46:03.624+0000] {processor.py:830} INFO - Processing file /home/airflow/.local/lib/python3.12/site-packages/airflow/example_dags/example_external_task_marker_dag.py for tasks to queue
[2025-12-30T23:46:03.625+0000] {logging_mixin.py:188} INFO - [2025-12-30T23:46:03.625+0000] {dagbag.py:545} INFO - Filling up the DagBag from /home/airflow/.local/lib/python3.12/site-packages/airflow/example_dags/example_external_task_marker_dag.py
[2025-12-30T23:46:03.629+0000] {processor.py:840} INFO - DAG(s) 'example_external_task_marker_parent', 'example_external_task_marker_child' retrieved from /home/airflow/.local/lib/python3.12/site-packages/airflow/example_dags/example_external_task_marker_dag.py
[2025-12-30T23:46:03.645+0000] {logging_mixin.py:188} INFO - [2025-12-30T23:46:03.645+0000] {dag.py:3096} INFO - Sync 2 DAGs
[2025-12-30T23:46:03.651+0000] {logging_mixin.py:188} INFO - [2025-12-30T23:46:03.651+0000] {dag.py:3954} INFO - Setting next_dagrun for example_external_task_marker_child to None, run_after=None
[2025-12-30T23:46:03.653+0000] {logging_mixin.py:188} INFO - [2025-12-30T23:46:03.653+0000] {dag.py:3954} INFO - Setting next_dagrun for example_external_task_marker_parent to None, run_after=None
[2025-12-30T23:46:03.661+0000] {processor.py:183} INFO - Processing /home/airflow/.local/lib/python3.12/site-packages/airflow/example_dags/example_external_task_marker_dag.py took 0.043 seconds
[2025-12-30T23:46:34.691+0000] {processor.py:161} INFO - Started process (PID=507) to work on /home/airflow/.local/lib/python3.12/site-packages/airflow/example_dags/example_external_task_marker_dag.py
[2025-12-30T23:46:34.691+0000] {processor.py:830} INFO - Processing file /home/airflow/.local/lib/python3.12/site-packages/airflow/example_dags/example_external_task_marker_dag.py for tasks to queue
[2025-12-30T23:46:34.692+0000] {logging_mixin.py:188} INFO - [2025-12-30T23:46:34.692+0000] {dagbag.py:545} INFO - Filling up the DagBag from /home/airflow/.local/lib/python3.12/site-packages/airflow/example_dags/example_external_task_marker_dag.py
[2025-12-30T23:46:34.696+0000] {processor.py:840} INFO - DAG(s) 'example_external_task_marker_child', 'example_external_task_marker_parent' retrieved from /home/airflow/.local/lib/python3.12/site-packages/airflow/example_dags/example_external_task_marker_dag.py
[2025-12-30T23:46:34.713+0000] {logging_mixin.py:188} INFO - [2025-12-30T23:46:34.713+0000] {dag.py:3096} INFO - Sync 2 DAGs
[2025-12-30T23:46:34.724+0000] {logging_mixin.py:188} INFO - [2025-12-30T23:46:34.724+0000] {dag.py:3954} INFO - Setting next_dagrun for example_external_task_marker_child to None, run_after=None
[2025-12-30T23:46:34.726+0000] {logging_mixin.py:188} INFO - [2025-12-30T23:46:34.726+0000] {dag.py:3954} INFO - Setting next_dagrun for example_external_task_marker_parent to None, run_after=None
[2025-12-30T23:46:34.736+0000] {processor.py:183} INFO - Processing /home/airflow/.local/lib/python3.12/site-packages/airflow/example_dags/example_external_task_marker_dag.py took 0.049 seconds
[2025-12-30T23:47:05.301+0000] {processor.py:161} INFO - Started process (PID=567) to work on /home/airflow/.local/lib/python3.12/site-packages/airflow/example_dags/example_external_task_marker_dag.py
[2025-12-30T23:47:05.302+0000] {processor.py:830} INFO - Processing file /home/airflow/.local/lib/python3.12/site-packages/airflow/example_dags/example_external_task_marker_dag.py for tasks to queue
[2025-12-30T23:47:05.303+0000] {logging_mixin.py:188} INFO - [2025-12-30T23:47:05.302+0000] {dagbag.py:545} INFO - Filling up the DagBag from /home/airflow/.local/lib/python3.12/site-packages/airflow/example_dags/example_external_task_marker_dag.py
[2025-12-30T23:47:05.306+0000] {processor.py:840} INFO - DAG(s) 'example_external_task_marker_parent', 'example_external_task_marker_child' retrieved from /home/airflow/.local/lib/python3.12/site-packages/airflow/example_dags/example_external_task_marker_dag.py
[2025-12-30T23:47:05.318+0000] {logging_mixin.py:188} INFO - [2025-12-30T23:47:05.318+0000] {dag.py:3096} INFO - Sync 2 DAGs
[2025-12-30T23:47:05.325+0000] {logging_mixin.py:188} INFO - [2025-12-30T23:47:05.325+0000] {dag.py:3954} INFO - Setting next_dagrun for example_external_task_marker_child to None, run_after=None
[2025-12-30T23:47:05.327+0000] {logging_mixin.py:188} INFO - [2025-12-30T23:47:05.326+0000] {dag.py:3954} INFO - Setting next_dagrun for example_external_task_marker_parent to None, run_after=None
[2025-12-30T23:47:05.334+0000] {processor.py:183} INFO - Processing /home/airflow/.local/lib/python3.12/site-packages/airflow/example_dags/example_external_task_marker_dag.py took 0.035 seconds
[2025-12-30T23:47:35.685+0000] {processor.py:161} INFO - Started process (PID=627) to work on /home/airflow/.local/lib/python3.12/site-packages/airflow/example_dags/example_external_task_marker_dag.py
[2025-12-30T23:47:35.685+0000] {processor.py:830} INFO - Processing file /home/airflow/.local/lib/python3.12/site-packages/airflow/example_dags/example_external_task_marker_dag.py for tasks to queue
[2025-12-30T23:47:35.687+0000] {logging_mixin.py:188} INFO - [2025-12-30T23:47:35.686+0000] {dagbag.py:545} INFO - Filling up the DagBag from /home/airflow/.local/lib/python3.12/site-packages/airflow/example_dags/example_external_task_marker_dag.py
[2025-12-30T23:47:35.690+0000] {processor.py:840} INFO - DAG(s) 'example_external_task_marker_parent', 'example_external_task_marker_child' retrieved from /home/airflow/.local/lib/python3.12/site-packages/airflow/example_dags/example_external_task_marker_dag.py
[2025-12-30T23:47:35.704+0000] {logging_mixin.py:188} INFO - [2025-12-30T23:47:35.704+0000] {dag.py:3096} INFO - Sync 2 DAGs
[2025-12-30T23:47:35.711+0000] {logging_mixin.py:188} INFO - [2025-12-30T23:47:35.710+0000] {dag.py:3954} INFO - Setting next_dagrun for example_external_task_marker_child to None, run_after=None
[2025-12-30T23:47:35.712+0000] {logging_mixin.py:188} INFO - [2025-12-30T23:47:35.712+0000] {dag.py:3954} INFO - Setting next_dagrun for example_external_task_marker_parent to None, run_after=None
[2025-12-30T23:47:35.720+0000] {processor.py:183} INFO - Processing /home/airflow/.local/lib/python3.12/site-packages/airflow/example_dags/example_external_task_marker_dag.py took 0.038 seconds
[2025-12-30T23:48:06.930+0000] {processor.py:161} INFO - Started process (PID=687) to work on /home/airflow/.local/lib/python3.12/site-packages/airflow/example_dags/example_external_task_marker_dag.py
[2025-12-30T23:48:06.930+0000] {processor.py:830} INFO - Processing file /home/airflow/.local/lib/python3.12/site-packages/airflow/example_dags/example_external_task_marker_dag.py for tasks to queue
[2025-12-30T23:48:06.931+0000] {logging_mixin.py:188} INFO - [2025-12-30T23:48:06.931+0000] {dagbag.py:545} INFO - Filling up the DagBag from /home/airflow/.local/lib/python3.12/site-packages/airflow/example_dags/example_external_task_marker_dag.py
[2025-12-30T23:48:06.934+0000] {processor.py:840} INFO - DAG(s) 'example_external_task_marker_parent', 'example_external_task_marker_child' retrieved from /home/airflow/.local/lib/python3.12/site-packages/airflow/example_dags/example_external_task_marker_dag.py
[2025-12-30T23:48:06.947+0000] {logging_mixin.py:188} INFO - [2025-12-30T23:48:06.947+0000] {dag.py:3096} INFO - Sync 2 DAGs
[2025-12-30T23:48:06.953+0000] {logging_mixin.py:188} INFO - [2025-12-30T23:48:06.953+0000] {dag.py:3954} INFO - Setting next_dagrun for example_external_task_marker_child to None, run_after=None
[2025-12-30T23:48:06.955+0000] {logging_mixin.py:188} INFO - [2025-12-30T23:48:06.955+0000] {dag.py:3954} INFO - Setting next_dagrun for example_external_task_marker_parent to None, run_after=None
[2025-12-30T23:48:06.961+0000] {processor.py:183} INFO - Processing /home/airflow/.local/lib/python3.12/site-packages/airflow/example_dags/example_external_task_marker_dag.py took 0.034 seconds
[2025-12-30T23:48:38.302+0000] {processor.py:161} INFO - Started process (PID=747) to work on /home/airflow/.local/lib/python3.12/site-packages/airflow/example_dags/example_external_task_marker_dag.py
[2025-12-30T23:48:38.303+0000] {processor.py:830} INFO - Processing file /home/airflow/.local/lib/python3.12/site-packages/airflow/example_dags/example_external_task_marker_dag.py for tasks to queue
[2025-12-30T23:48:38.306+0000] {logging_mixin.py:188} INFO - [2025-12-30T23:48:38.306+0000] {dagbag.py:545} INFO - Filling up the DagBag from /home/airflow/.local/lib/python3.12/site-packages/airflow/example_dags/example_external_task_marker_dag.py
[2025-12-30T23:48:38.312+0000] {processor.py:840} INFO - DAG(s) 'example_external_task_marker_child', 'example_external_task_marker_parent' retrieved from /home/airflow/.local/lib/python3.12/site-packages/airflow/example_dags/example_external_task_marker_dag.py
[2025-12-30T23:48:38.329+0000] {logging_mixin.py:188} INFO - [2025-12-30T23:48:38.328+0000] {dag.py:3096} INFO - Sync 2 DAGs
[2025-12-30T23:48:38.341+0000] {logging_mixin.py:188} INFO - [2025-12-30T23:48:38.341+0000] {dag.py:3954} INFO - Setting next_dagrun for example_external_task_marker_child to None, run_after=None
[2025-12-30T23:48:38.352+0000] {logging_mixin.py:188} INFO - [2025-12-30T23:48:38.351+0000] {dag.py:3954} INFO - Setting next_dagrun for example_external_task_marker_parent to None, run_after=None
[2025-12-30T23:48:38.362+0000] {processor.py:183} INFO - Processing /home/airflow/.local/lib/python3.12/site-packages/airflow/example_dags/example_external_task_marker_dag.py took 0.065 seconds
[2025-12-30T23:49:08.586+0000] {processor.py:161} INFO - Started process (PID=807) to work on /home/airflow/.local/lib/python3.12/site-packages/airflow/example_dags/example_external_task_marker_dag.py
[2025-12-30T23:49:08.587+0000] {processor.py:830} INFO - Processing file /home/airflow/.local/lib/python3.12/site-packages/airflow/example_dags/example_external_task_marker_dag.py for tasks to queue
[2025-12-30T23:49:08.587+0000] {logging_mixin.py:188} INFO - [2025-12-30T23:49:08.587+0000] {dagbag.py:545} INFO - Filling up the DagBag from /home/airflow/.local/lib/python3.12/site-packages/airflow/example_dags/example_external_task_marker_dag.py
[2025-12-30T23:49:08.591+0000] {processor.py:840} INFO - DAG(s) 'example_external_task_marker_parent', 'example_external_task_marker_child' retrieved from /home/airflow/.local/lib/python3.12/site-packages/airflow/example_dags/example_external_task_marker_dag.py
[2025-12-30T23:49:08.603+0000] {logging_mixin.py:188} INFO - [2025-12-30T23:49:08.603+0000] {dag.py:3096} INFO - Sync 2 DAGs
[2025-12-30T23:49:08.610+0000] {logging_mixin.py:188} INFO - [2025-12-30T23:49:08.610+0000] {dag.py:3954} INFO - Setting next_dagrun for example_external_task_marker_child to None, run_after=None
[2025-12-30T23:49:08.611+0000] {logging_mixin.py:188} INFO - [2025-12-30T23:49:08.611+0000] {dag.py:3954} INFO - Setting next_dagrun for example_external_task_marker_parent to None, run_after=None
[2025-12-30T23:49:08.621+0000] {processor.py:183} INFO - Processing /home/airflow/.local/lib/python3.12/site-packages/airflow/example_dags/example_external_task_marker_dag.py took 0.038 seconds
[2025-12-30T23:49:39.719+0000] {processor.py:161} INFO - Started process (PID=867) to work on /home/airflow/.local/lib/python3.12/site-packages/airflow/example_dags/example_external_task_marker_dag.py
[2025-12-30T23:49:39.720+0000] {processor.py:830} INFO - Processing file /home/airflow/.local/lib/python3.12/site-packages/airflow/example_dags/example_external_task_marker_dag.py for tasks to queue
[2025-12-30T23:49:39.721+0000] {logging_mixin.py:188} INFO - [2025-12-30T23:49:39.721+0000] {dagbag.py:545} INFO - Filling up the DagBag from /home/airflow/.local/lib/python3.12/site-packages/airflow/example_dags/example_external_task_marker_dag.py
[2025-12-30T23:49:39.725+0000] {processor.py:840} INFO - DAG(s) 'example_external_task_marker_parent', 'example_external_task_marker_child' retrieved from /home/airflow/.local/lib/python3.12/site-packages/airflow/example_dags/example_external_task_marker_dag.py
[2025-12-30T23:49:39.739+0000] {logging_mixin.py:188} INFO - [2025-12-30T23:49:39.739+0000] {dag.py:3096} INFO - Sync 2 DAGs
[2025-12-30T23:49:39.749+0000] {logging_mixin.py:188} INFO - [2025-12-30T23:49:39.749+0000] {dag.py:3954} INFO - Setting next_dagrun for example_external_task_marker_child to None, run_after=None
[2025-12-30T23:49:39.751+0000] {logging_mixin.py:188} INFO - [2025-12-30T23:49:39.751+0000] {dag.py:3954} INFO - Setting next_dagrun for example_external_task_marker_parent to None, run_after=None
[2025-12-30T23:49:39.759+0000] {processor.py:183} INFO - Processing /home/airflow/.local/lib/python3.12/site-packages/airflow/example_dags/example_external_task_marker_dag.py took 0.043 seconds
[2025-12-30T23:50:10.274+0000] {processor.py:161} INFO - Started process (PID=927) to work on /home/airflow/.local/lib/python3.12/site-packages/airflow/example_dags/example_external_task_marker_dag.py
[2025-12-30T23:50:10.274+0000] {processor.py:830} INFO - Processing file /home/airflow/.local/lib/python3.12/site-packages/airflow/example_dags/example_external_task_marker_dag.py for tasks to queue
[2025-12-30T23:50:10.275+0000] {logging_mixin.py:188} INFO - [2025-12-30T23:50:10.275+0000] {dagbag.py:545} INFO - Filling up the DagBag from /home/airflow/.local/lib/python3.12/site-packages/airflow/example_dags/example_external_task_marker_dag.py
[2025-12-30T23:50:10.279+0000] {processor.py:840} INFO - DAG(s) 'example_external_task_marker_child', 'example_external_task_marker_parent' retrieved from /home/airflow/.local/lib/python3.12/site-packages/airflow/example_dags/example_external_task_marker_dag.py
[2025-12-30T23:50:10.291+0000] {logging_mixin.py:188} INFO - [2025-12-30T23:50:10.291+0000] {dag.py:3096} INFO - Sync 2 DAGs
[2025-12-30T23:50:10.298+0000] {logging_mixin.py:188} INFO - [2025-12-30T23:50:10.298+0000] {dag.py:3954} INFO - Setting next_dagrun for example_external_task_marker_child to None, run_after=None
[2025-12-30T23:50:10.300+0000] {logging_mixin.py:188} INFO - [2025-12-30T23:50:10.300+0000] {dag.py:3954} INFO - Setting next_dagrun for example_external_task_marker_parent to None, run_after=None
[2025-12-30T23:50:10.308+0000] {processor.py:183} INFO - Processing /home/airflow/.local/lib/python3.12/site-packages/airflow/example_dags/example_external_task_marker_dag.py took 0.038 seconds
[2025-12-30T23:50:40.657+0000] {processor.py:161} INFO - Started process (PID=987) to work on /home/airflow/.local/lib/python3.12/site-packages/airflow/example_dags/example_external_task_marker_dag.py
[2025-12-30T23:50:40.657+0000] {processor.py:830} INFO - Processing file /home/airflow/.local/lib/python3.12/site-packages/airflow/example_dags/example_external_task_marker_dag.py for tasks to queue
[2025-12-30T23:50:40.658+0000] {logging_mixin.py:188} INFO - [2025-12-30T23:50:40.658+0000] {dagbag.py:545} INFO - Filling up the DagBag from /home/airflow/.local/lib/python3.12/site-packages/airflow/example_dags/example_external_task_marker_dag.py
[2025-12-30T23:50:40.662+0000] {processor.py:840} INFO - DAG(s) 'example_external_task_marker_child', 'example_external_task_marker_parent' retrieved from /home/airflow/.local/lib/python3.12/site-packages/airflow/example_dags/example_external_task_marker_dag.py
[2025-12-30T23:50:40.672+0000] {logging_mixin.py:188} INFO - [2025-12-30T23:50:40.672+0000] {dag.py:3096} INFO - Sync 2 DAGs
[2025-12-30T23:50:40.678+0000] {logging_mixin.py:188} INFO - [2025-12-30T23:50:40.678+0000] {dag.py:3954} INFO - Setting next_dagrun for example_external_task_marker_child to None, run_after=None
[2025-12-30T23:50:40.680+0000] {logging_mixin.py:188} INFO - [2025-12-30T23:50:40.680+0000] {dag.py:3954} INFO - Setting next_dagrun for example_external_task_marker_parent to None, run_after=None
[2025-12-30T23:50:40.687+0000] {processor.py:183} INFO - Processing /home/airflow/.local/lib/python3.12/site-packages/airflow/example_dags/example_external_task_marker_dag.py took 0.033 seconds
[2025-12-30T23:51:11.347+0000] {processor.py:161} INFO - Started process (PID=1047) to work on /home/airflow/.local/lib/python3.12/site-packages/airflow/example_dags/example_external_task_marker_dag.py
[2025-12-30T23:51:11.348+0000] {processor.py:830} INFO - Processing file /home/airflow/.local/lib/python3.12/site-packages/airflow/example_dags/example_external_task_marker_dag.py for tasks to queue
[2025-12-30T23:51:11.351+0000] {logging_mixin.py:188} INFO - [2025-12-30T23:51:11.350+0000] {dagbag.py:545} INFO - Filling up the DagBag from /home/airflow/.local/lib/python3.12/site-packages/airflow/example_dags/example_external_task_marker_dag.py
[2025-12-30T23:51:11.358+0000] {processor.py:840} INFO - DAG(s) 'example_external_task_marker_child', 'example_external_task_marker_parent' retrieved from /home/airflow/.local/lib/python3.12/site-packages/airflow/example_dags/example_external_task_marker_dag.py
[2025-12-30T23:51:11.377+0000] {logging_mixin.py:188} INFO - [2025-12-30T23:51:11.377+0000] {dag.py:3096} INFO - Sync 2 DAGs
[2025-12-30T23:51:11.387+0000] {logging_mixin.py:188} INFO - [2025-12-30T23:51:11.387+0000] {dag.py:3954} INFO - Setting next_dagrun for example_external_task_marker_child to None, run_after=None
[2025-12-30T23:51:11.390+0000] {logging_mixin.py:188} INFO - [2025-12-30T23:51:11.390+0000] {dag.py:3954} INFO - Setting next_dagrun for example_external_task_marker_parent to None, run_after=None
[2025-12-30T23:51:11.400+0000] {processor.py:183} INFO - Processing /home/airflow/.local/lib/python3.12/site-packages/airflow/example_dags/example_external_task_marker_dag.py took 0.057 seconds
[2025-12-30T23:51:42.246+0000] {processor.py:161} INFO - Started process (PID=1107) to work on /home/airflow/.local/lib/python3.12/site-packages/airflow/example_dags/example_external_task_marker_dag.py
[2025-12-30T23:51:42.247+0000] {processor.py:830} INFO - Processing file /home/airflow/.local/lib/python3.12/site-packages/airflow/example_dags/example_external_task_marker_dag.py for tasks to queue
[2025-12-30T23:51:42.248+0000] {logging_mixin.py:188} INFO - [2025-12-30T23:51:42.248+0000] {dagbag.py:545} INFO - Filling up the DagBag from /home/airflow/.local/lib/python3.12/site-packages/airflow/example_dags/example_external_task_marker_dag.py
[2025-12-30T23:51:42.252+0000] {processor.py:840} INFO - DAG(s) 'example_external_task_marker_child', 'example_external_task_marker_parent' retrieved from /home/airflow/.local/lib/python3.12/site-packages/airflow/example_dags/example_external_task_marker_dag.py
[2025-12-30T23:51:42.265+0000] {logging_mixin.py:188} INFO - [2025-12-30T23:51:42.264+0000] {dag.py:3096} INFO - Sync 2 DAGs
[2025-12-30T23:51:42.276+0000] {logging_mixin.py:188} INFO - [2025-12-30T23:51:42.276+0000] {dag.py:3954} INFO - Setting next_dagrun for example_external_task_marker_child to None, run_after=None
[2025-12-30T23:51:42.280+0000] {logging_mixin.py:188} INFO - [2025-12-30T23:51:42.280+0000] {dag.py:3954} INFO - Setting next_dagrun for example_external_task_marker_parent to None, run_after=None
[2025-12-30T23:51:42.290+0000] {processor.py:183} INFO - Processing /home/airflow/.local/lib/python3.12/site-packages/airflow/example_dags/example_external_task_marker_dag.py took 0.046 seconds
[2025-12-30T23:52:12.310+0000] {processor.py:161} INFO - Started process (PID=1165) to work on /home/airflow/.local/lib/python3.12/site-packages/airflow/example_dags/example_external_task_marker_dag.py
[2025-12-30T23:52:12.311+0000] {processor.py:830} INFO - Processing file /home/airflow/.local/lib/python3.12/site-packages/airflow/example_dags/example_external_task_marker_dag.py for tasks to queue
[2025-12-30T23:52:12.312+0000] {logging_mixin.py:188} INFO - [2025-12-30T23:52:12.312+0000] {dagbag.py:545} INFO - Filling up the DagBag from /home/airflow/.local/lib/python3.12/site-packages/airflow/example_dags/example_external_task_marker_dag.py
[2025-12-30T23:52:12.315+0000] {processor.py:840} INFO - DAG(s) 'example_external_task_marker_child', 'example_external_task_marker_parent' retrieved from /home/airflow/.local/lib/python3.12/site-packages/airflow/example_dags/example_external_task_marker_dag.py
[2025-12-30T23:52:12.326+0000] {logging_mixin.py:188} INFO - [2025-12-30T23:52:12.326+0000] {dag.py:3096} INFO - Sync 2 DAGs
[2025-12-30T23:52:12.332+0000] {logging_mixin.py:188} INFO - [2025-12-30T23:52:12.332+0000] {dag.py:3954} INFO - Setting next_dagrun for example_external_task_marker_child to None, run_after=None
[2025-12-30T23:52:12.334+0000] {logging_mixin.py:188} INFO - [2025-12-30T23:52:12.334+0000] {dag.py:3954} INFO - Setting next_dagrun for example_external_task_marker_parent to None, run_after=None
[2025-12-30T23:52:12.340+0000] {processor.py:183} INFO - Processing /home/airflow/.local/lib/python3.12/site-packages/airflow/example_dags/example_external_task_marker_dag.py took 0.033 seconds
[2025-12-30T23:52:42.663+0000] {processor.py:161} INFO - Started process (PID=1225) to work on /home/airflow/.local/lib/python3.12/site-packages/airflow/example_dags/example_external_task_marker_dag.py
[2025-12-30T23:52:42.663+0000] {processor.py:830} INFO - Processing file /home/airflow/.local/lib/python3.12/site-packages/airflow/example_dags/example_external_task_marker_dag.py for tasks to queue
[2025-12-30T23:52:42.664+0000] {logging_mixin.py:188} INFO - [2025-12-30T23:52:42.664+0000] {dagbag.py:545} INFO - Filling up the DagBag from /home/airflow/.local/lib/python3.12/site-packages/airflow/example_dags/example_external_task_marker_dag.py
[2025-12-30T23:52:42.667+0000] {processor.py:840} INFO - DAG(s) 'example_external_task_marker_child', 'example_external_task_marker_parent' retrieved from /home/airflow/.local/lib/python3.12/site-packages/airflow/example_dags/example_external_task_marker_dag.py
[2025-12-30T23:52:42.676+0000] {logging_mixin.py:188} INFO - [2025-12-30T23:52:42.676+0000] {dag.py:3096} INFO - Sync 2 DAGs
[2025-12-30T23:52:42.682+0000] {logging_mixin.py:188} INFO - [2025-12-30T23:52:42.682+0000] {dag.py:3954} INFO - Setting next_dagrun for example_external_task_marker_child to None, run_after=None
[2025-12-30T23:52:42.684+0000] {logging_mixin.py:188} INFO - [2025-12-30T23:52:42.684+0000] {dag.py:3954} INFO - Setting next_dagrun for example_external_task_marker_parent to None, run_after=None
[2025-12-30T23:52:42.691+0000] {processor.py:183} INFO - Processing /home/airflow/.local/lib/python3.12/site-packages/airflow/example_dags/example_external_task_marker_dag.py took 0.031 seconds
[2025-12-30T23:53:13.188+0000] {processor.py:161} INFO - Started process (PID=1285) to work on /home/airflow/.local/lib/python3.12/site-packages/airflow/example_dags/example_external_task_marker_dag.py
[2025-12-30T23:53:13.189+0000] {processor.py:830} INFO - Processing file /home/airflow/.local/lib/python3.12/site-packages/airflow/example_dags/example_external_task_marker_dag.py for tasks to queue
[2025-12-30T23:53:13.190+0000] {logging_mixin.py:188} INFO - [2025-12-30T23:53:13.190+0000] {dagbag.py:545} INFO - Filling up the DagBag from /home/airflow/.local/lib/python3.12/site-packages/airflow/example_dags/example_external_task_marker_dag.py
[2025-12-30T23:53:13.194+0000] {processor.py:840} INFO - DAG(s) 'example_external_task_marker_child', 'example_external_task_marker_parent' retrieved from /home/airflow/.local/lib/python3.12/site-packages/airflow/example_dags/example_external_task_marker_dag.py
[2025-12-30T23:53:13.210+0000] {logging_mixin.py:188} INFO - [2025-12-30T23:53:13.210+0000] {dag.py:3096} INFO - Sync 2 DAGs
[2025-12-30T23:53:13.222+0000] {logging_mixin.py:188} INFO - [2025-12-30T23:53:13.222+0000] {dag.py:3954} INFO - Setting next_dagrun for example_external_task_marker_child to None, run_after=None
[2025-12-30T23:53:13.225+0000] {logging_mixin.py:188} INFO - [2025-12-30T23:53:13.225+0000] {dag.py:3954} INFO - Setting next_dagrun for example_external_task_marker_parent to None, run_after=None
[2025-12-30T23:53:13.233+0000] {processor.py:183} INFO - Processing /home/airflow/.local/lib/python3.12/site-packages/airflow/example_dags/example_external_task_marker_dag.py took 0.050 seconds
[2025-12-30T23:53:43.632+0000] {processor.py:161} INFO - Started process (PID=1345) to work on /home/airflow/.local/lib/python3.12/site-packages/airflow/example_dags/example_external_task_marker_dag.py
[2025-12-30T23:53:43.633+0000] {processor.py:830} INFO - Processing file /home/airflow/.local/lib/python3.12/site-packages/airflow/example_dags/example_external_task_marker_dag.py for tasks to queue
[2025-12-30T23:53:43.634+0000] {logging_mixin.py:188} INFO - [2025-12-30T23:53:43.634+0000] {dagbag.py:545} INFO - Filling up the DagBag from /home/airflow/.local/lib/python3.12/site-packages/airflow/example_dags/example_external_task_marker_dag.py
[2025-12-30T23:53:43.637+0000] {processor.py:840} INFO - DAG(s) 'example_external_task_marker_child', 'example_external_task_marker_parent' retrieved from /home/airflow/.local/lib/python3.12/site-packages/airflow/example_dags/example_external_task_marker_dag.py
[2025-12-30T23:53:43.648+0000] {logging_mixin.py:188} INFO - [2025-12-30T23:53:43.648+0000] {dag.py:3096} INFO - Sync 2 DAGs
[2025-12-30T23:53:43.654+0000] {logging_mixin.py:188} INFO - [2025-12-30T23:53:43.654+0000] {dag.py:3954} INFO - Setting next_dagrun for example_external_task_marker_child to None, run_after=None
[2025-12-30T23:53:43.656+0000] {logging_mixin.py:188} INFO - [2025-12-30T23:53:43.656+0000] {dag.py:3954} INFO - Setting next_dagrun for example_external_task_marker_parent to None, run_after=None
[2025-12-30T23:53:43.665+0000] {processor.py:183} INFO - Processing /home/airflow/.local/lib/python3.12/site-packages/airflow/example_dags/example_external_task_marker_dag.py took 0.035 seconds
[2025-12-30T23:54:13.767+0000] {processor.py:161} INFO - Started process (PID=1405) to work on /home/airflow/.local/lib/python3.12/site-packages/airflow/example_dags/example_external_task_marker_dag.py
[2025-12-30T23:54:13.767+0000] {processor.py:830} INFO - Processing file /home/airflow/.local/lib/python3.12/site-packages/airflow/example_dags/example_external_task_marker_dag.py for tasks to queue
[2025-12-30T23:54:13.768+0000] {logging_mixin.py:188} INFO - [2025-12-30T23:54:13.768+0000] {dagbag.py:545} INFO - Filling up the DagBag from /home/airflow/.local/lib/python3.12/site-packages/airflow/example_dags/example_external_task_marker_dag.py
[2025-12-30T23:54:13.772+0000] {processor.py:840} INFO - DAG(s) 'example_external_task_marker_child', 'example_external_task_marker_parent' retrieved from /home/airflow/.local/lib/python3.12/site-packages/airflow/example_dags/example_external_task_marker_dag.py
[2025-12-30T23:54:13.783+0000] {logging_mixin.py:188} INFO - [2025-12-30T23:54:13.783+0000] {dag.py:3096} INFO - Sync 2 DAGs
[2025-12-30T23:54:13.789+0000] {logging_mixin.py:188} INFO - [2025-12-30T23:54:13.789+0000] {dag.py:3954} INFO - Setting next_dagrun for example_external_task_marker_child to None, run_after=None
[2025-12-30T23:54:13.791+0000] {logging_mixin.py:188} INFO - [2025-12-30T23:54:13.791+0000] {dag.py:3954} INFO - Setting next_dagrun for example_external_task_marker_parent to None, run_after=None
[2025-12-30T23:54:13.799+0000] {processor.py:183} INFO - Processing /home/airflow/.local/lib/python3.12/site-packages/airflow/example_dags/example_external_task_marker_dag.py took 0.035 seconds
[2025-12-30T23:54:44.211+0000] {processor.py:161} INFO - Started process (PID=1465) to work on /home/airflow/.local/lib/python3.12/site-packages/airflow/example_dags/example_external_task_marker_dag.py
[2025-12-30T23:54:44.211+0000] {processor.py:830} INFO - Processing file /home/airflow/.local/lib/python3.12/site-packages/airflow/example_dags/example_external_task_marker_dag.py for tasks to queue
[2025-12-30T23:54:44.212+0000] {logging_mixin.py:188} INFO - [2025-12-30T23:54:44.212+0000] {dagbag.py:545} INFO - Filling up the DagBag from /home/airflow/.local/lib/python3.12/site-packages/airflow/example_dags/example_external_task_marker_dag.py
[2025-12-30T23:54:44.216+0000] {processor.py:840} INFO - DAG(s) 'example_external_task_marker_child', 'example_external_task_marker_parent' retrieved from /home/airflow/.local/lib/python3.12/site-packages/airflow/example_dags/example_external_task_marker_dag.py
[2025-12-30T23:54:44.227+0000] {logging_mixin.py:188} INFO - [2025-12-30T23:54:44.227+0000] {dag.py:3096} INFO - Sync 2 DAGs
[2025-12-30T23:54:44.233+0000] {logging_mixin.py:188} INFO - [2025-12-30T23:54:44.233+0000] {dag.py:3954} INFO - Setting next_dagrun for example_external_task_marker_child to None, run_after=None
[2025-12-30T23:54:44.235+0000] {logging_mixin.py:188} INFO - [2025-12-30T23:54:44.235+0000] {dag.py:3954} INFO - Setting next_dagrun for example_external_task_marker_parent to None, run_after=None
[2025-12-30T23:54:44.242+0000] {processor.py:183} INFO - Processing /home/airflow/.local/lib/python3.12/site-packages/airflow/example_dags/example_external_task_marker_dag.py took 0.034 seconds
[2025-12-30T23:55:14.440+0000] {processor.py:161} INFO - Started process (PID=1525) to work on /home/airflow/.local/lib/python3.12/site-packages/airflow/example_dags/example_external_task_marker_dag.py
[2025-12-30T23:55:14.440+0000] {processor.py:830} INFO - Processing file /home/airflow/.local/lib/python3.12/site-packages/airflow/example_dags/example_external_task_marker_dag.py for tasks to queue
[2025-12-30T23:55:14.442+0000] {logging_mixin.py:188} INFO - [2025-12-30T23:55:14.441+0000] {dagbag.py:545} INFO - Filling up the DagBag from /home/airflow/.local/lib/python3.12/site-packages/airflow/example_dags/example_external_task_marker_dag.py
[2025-12-30T23:55:14.447+0000] {processor.py:840} INFO - DAG(s) 'example_external_task_marker_child', 'example_external_task_marker_parent' retrieved from /home/airflow/.local/lib/python3.12/site-packages/airflow/example_dags/example_external_task_marker_dag.py
[2025-12-30T23:55:14.467+0000] {logging_mixin.py:188} INFO - [2025-12-30T23:55:14.466+0000] {dag.py:3096} INFO - Sync 2 DAGs
[2025-12-30T23:55:14.474+0000] {logging_mixin.py:188} INFO - [2025-12-30T23:55:14.474+0000] {dag.py:3954} INFO - Setting next_dagrun for example_external_task_marker_child to None, run_after=None
[2025-12-30T23:55:14.477+0000] {logging_mixin.py:188} INFO - [2025-12-30T23:55:14.476+0000] {dag.py:3954} INFO - Setting next_dagrun for example_external_task_marker_parent to None, run_after=None
[2025-12-30T23:55:14.485+0000] {processor.py:183} INFO - Processing /home/airflow/.local/lib/python3.12/site-packages/airflow/example_dags/example_external_task_marker_dag.py took 0.050 seconds
[2025-12-30T23:55:44.705+0000] {processor.py:161} INFO - Started process (PID=1585) to work on /home/airflow/.local/lib/python3.12/site-packages/airflow/example_dags/example_external_task_marker_dag.py
[2025-12-30T23:55:44.706+0000] {processor.py:830} INFO - Processing file /home/airflow/.local/lib/python3.12/site-packages/airflow/example_dags/example_external_task_marker_dag.py for tasks to queue
[2025-12-30T23:55:44.707+0000] {logging_mixin.py:188} INFO - [2025-12-30T23:55:44.707+0000] {dagbag.py:545} INFO - Filling up the DagBag from /home/airflow/.local/lib/python3.12/site-packages/airflow/example_dags/example_external_task_marker_dag.py
[2025-12-30T23:55:44.710+0000] {processor.py:840} INFO - DAG(s) 'example_external_task_marker_parent', 'example_external_task_marker_child' retrieved from /home/airflow/.local/lib/python3.12/site-packages/airflow/example_dags/example_external_task_marker_dag.py
[2025-12-30T23:55:44.721+0000] {logging_mixin.py:188} INFO - [2025-12-30T23:55:44.721+0000] {dag.py:3096} INFO - Sync 2 DAGs
[2025-12-30T23:55:44.727+0000] {logging_mixin.py:188} INFO - [2025-12-30T23:55:44.727+0000] {dag.py:3954} INFO - Setting next_dagrun for example_external_task_marker_child to None, run_after=None
[2025-12-30T23:55:44.729+0000] {logging_mixin.py:188} INFO - [2025-12-30T23:55:44.729+0000] {dag.py:3954} INFO - Setting next_dagrun for example_external_task_marker_parent to None, run_after=None
[2025-12-30T23:55:44.737+0000] {processor.py:183} INFO - Processing /home/airflow/.local/lib/python3.12/site-packages/airflow/example_dags/example_external_task_marker_dag.py took 0.035 seconds
[2025-12-30T23:56:15.046+0000] {processor.py:161} INFO - Started process (PID=1644) to work on /home/airflow/.local/lib/python3.12/site-packages/airflow/example_dags/example_external_task_marker_dag.py
[2025-12-30T23:56:15.046+0000] {processor.py:830} INFO - Processing file /home/airflow/.local/lib/python3.12/site-packages/airflow/example_dags/example_external_task_marker_dag.py for tasks to queue
[2025-12-30T23:56:15.047+0000] {logging_mixin.py:188} INFO - [2025-12-30T23:56:15.047+0000] {dagbag.py:545} INFO - Filling up the DagBag from /home/airflow/.local/lib/python3.12/site-packages/airflow/example_dags/example_external_task_marker_dag.py
[2025-12-30T23:56:15.050+0000] {processor.py:840} INFO - DAG(s) 'example_external_task_marker_child', 'example_external_task_marker_parent' retrieved from /home/airflow/.local/lib/python3.12/site-packages/airflow/example_dags/example_external_task_marker_dag.py
[2025-12-30T23:56:15.062+0000] {logging_mixin.py:188} INFO - [2025-12-30T23:56:15.062+0000] {dag.py:3096} INFO - Sync 2 DAGs
[2025-12-30T23:56:15.068+0000] {logging_mixin.py:188} INFO - [2025-12-30T23:56:15.068+0000] {dag.py:3954} INFO - Setting next_dagrun for example_external_task_marker_child to None, run_after=None
[2025-12-30T23:56:15.070+0000] {logging_mixin.py:188} INFO - [2025-12-30T23:56:15.070+0000] {dag.py:3954} INFO - Setting next_dagrun for example_external_task_marker_parent to None, run_after=None
[2025-12-30T23:56:15.077+0000] {processor.py:183} INFO - Processing /home/airflow/.local/lib/python3.12/site-packages/airflow/example_dags/example_external_task_marker_dag.py took 0.034 seconds
[2025-12-30T23:56:45.320+0000] {processor.py:161} INFO - Started process (PID=1704) to work on /home/airflow/.local/lib/python3.12/site-packages/airflow/example_dags/example_external_task_marker_dag.py
[2025-12-30T23:56:45.321+0000] {processor.py:830} INFO - Processing file /home/airflow/.local/lib/python3.12/site-packages/airflow/example_dags/example_external_task_marker_dag.py for tasks to queue
[2025-12-30T23:56:45.322+0000] {logging_mixin.py:188} INFO - [2025-12-30T23:56:45.321+0000] {dagbag.py:545} INFO - Filling up the DagBag from /home/airflow/.local/lib/python3.12/site-packages/airflow/example_dags/example_external_task_marker_dag.py
[2025-12-30T23:56:45.325+0000] {processor.py:840} INFO - DAG(s) 'example_external_task_marker_child', 'example_external_task_marker_parent' retrieved from /home/airflow/.local/lib/python3.12/site-packages/airflow/example_dags/example_external_task_marker_dag.py
[2025-12-30T23:56:45.336+0000] {logging_mixin.py:188} INFO - [2025-12-30T23:56:45.336+0000] {dag.py:3096} INFO - Sync 2 DAGs
[2025-12-30T23:56:45.342+0000] {logging_mixin.py:188} INFO - [2025-12-30T23:56:45.342+0000] {dag.py:3954} INFO - Setting next_dagrun for example_external_task_marker_child to None, run_after=None
[2025-12-30T23:56:45.344+0000] {logging_mixin.py:188} INFO - [2025-12-30T23:56:45.344+0000] {dag.py:3954} INFO - Setting next_dagrun for example_external_task_marker_parent to None, run_after=None
[2025-12-30T23:56:45.351+0000] {processor.py:183} INFO - Processing /home/airflow/.local/lib/python3.12/site-packages/airflow/example_dags/example_external_task_marker_dag.py took 0.033 seconds
[2025-12-30T23:57:15.822+0000] {processor.py:161} INFO - Started process (PID=1764) to work on /home/airflow/.local/lib/python3.12/site-packages/airflow/example_dags/example_external_task_marker_dag.py
[2025-12-30T23:57:15.822+0000] {processor.py:830} INFO - Processing file /home/airflow/.local/lib/python3.12/site-packages/airflow/example_dags/example_external_task_marker_dag.py for tasks to queue
[2025-12-30T23:57:15.823+0000] {logging_mixin.py:188} INFO - [2025-12-30T23:57:15.823+0000] {dagbag.py:545} INFO - Filling up the DagBag from /home/airflow/.local/lib/python3.12/site-packages/airflow/example_dags/example_external_task_marker_dag.py
[2025-12-30T23:57:15.826+0000] {processor.py:840} INFO - DAG(s) 'example_external_task_marker_child', 'example_external_task_marker_parent' retrieved from /home/airflow/.local/lib/python3.12/site-packages/airflow/example_dags/example_external_task_marker_dag.py
[2025-12-30T23:57:15.837+0000] {logging_mixin.py:188} INFO - [2025-12-30T23:57:15.837+0000] {dag.py:3096} INFO - Sync 2 DAGs
[2025-12-30T23:57:15.843+0000] {logging_mixin.py:188} INFO - [2025-12-30T23:57:15.843+0000] {dag.py:3954} INFO - Setting next_dagrun for example_external_task_marker_child to None, run_after=None
[2025-12-30T23:57:15.845+0000] {logging_mixin.py:188} INFO - [2025-12-30T23:57:15.845+0000] {dag.py:3954} INFO - Setting next_dagrun for example_external_task_marker_parent to None, run_after=None
[2025-12-30T23:57:15.855+0000] {processor.py:183} INFO - Processing /home/airflow/.local/lib/python3.12/site-packages/airflow/example_dags/example_external_task_marker_dag.py took 0.036 seconds
[2025-12-30T23:57:45.925+0000] {processor.py:161} INFO - Started process (PID=1824) to work on /home/airflow/.local/lib/python3.12/site-packages/airflow/example_dags/example_external_task_marker_dag.py
[2025-12-30T23:57:45.926+0000] {processor.py:830} INFO - Processing file /home/airflow/.local/lib/python3.12/site-packages/airflow/example_dags/example_external_task_marker_dag.py for tasks to queue
[2025-12-30T23:57:45.927+0000] {logging_mixin.py:188} INFO - [2025-12-30T23:57:45.927+0000] {dagbag.py:545} INFO - Filling up the DagBag from /home/airflow/.local/lib/python3.12/site-packages/airflow/example_dags/example_external_task_marker_dag.py
[2025-12-30T23:57:45.930+0000] {processor.py:840} INFO - DAG(s) 'example_external_task_marker_parent', 'example_external_task_marker_child' retrieved from /home/airflow/.local/lib/python3.12/site-packages/airflow/example_dags/example_external_task_marker_dag.py
[2025-12-30T23:57:45.941+0000] {logging_mixin.py:188} INFO - [2025-12-30T23:57:45.941+0000] {dag.py:3096} INFO - Sync 2 DAGs
[2025-12-30T23:57:45.947+0000] {logging_mixin.py:188} INFO - [2025-12-30T23:57:45.947+0000] {dag.py:3954} INFO - Setting next_dagrun for example_external_task_marker_child to None, run_after=None
[2025-12-30T23:57:45.949+0000] {logging_mixin.py:188} INFO - [2025-12-30T23:57:45.948+0000] {dag.py:3954} INFO - Setting next_dagrun for example_external_task_marker_parent to None, run_after=None
[2025-12-30T23:57:45.955+0000] {processor.py:183} INFO - Processing /home/airflow/.local/lib/python3.12/site-packages/airflow/example_dags/example_external_task_marker_dag.py took 0.033 seconds
[2025-12-30T23:58:16.016+0000] {processor.py:161} INFO - Started process (PID=1884) to work on /home/airflow/.local/lib/python3.12/site-packages/airflow/example_dags/example_external_task_marker_dag.py
[2025-12-30T23:58:16.017+0000] {processor.py:830} INFO - Processing file /home/airflow/.local/lib/python3.12/site-packages/airflow/example_dags/example_external_task_marker_dag.py for tasks to queue
[2025-12-30T23:58:16.018+0000] {logging_mixin.py:188} INFO - [2025-12-30T23:58:16.018+0000] {dagbag.py:545} INFO - Filling up the DagBag from /home/airflow/.local/lib/python3.12/site-packages/airflow/example_dags/example_external_task_marker_dag.py
[2025-12-30T23:58:16.021+0000] {processor.py:840} INFO - DAG(s) 'example_external_task_marker_parent', 'example_external_task_marker_child' retrieved from /home/airflow/.local/lib/python3.12/site-packages/airflow/example_dags/example_external_task_marker_dag.py
[2025-12-30T23:58:16.033+0000] {logging_mixin.py:188} INFO - [2025-12-30T23:58:16.033+0000] {dag.py:3096} INFO - Sync 2 DAGs
[2025-12-30T23:58:16.039+0000] {logging_mixin.py:188} INFO - [2025-12-30T23:58:16.039+0000] {dag.py:3954} INFO - Setting next_dagrun for example_external_task_marker_child to None, run_after=None
[2025-12-30T23:58:16.041+0000] {logging_mixin.py:188} INFO - [2025-12-30T23:58:16.041+0000] {dag.py:3954} INFO - Setting next_dagrun for example_external_task_marker_parent to None, run_after=None
[2025-12-30T23:58:16.048+0000] {processor.py:183} INFO - Processing /home/airflow/.local/lib/python3.12/site-packages/airflow/example_dags/example_external_task_marker_dag.py took 0.034 seconds
[2025-12-30T23:58:47.094+0000] {processor.py:161} INFO - Started process (PID=1944) to work on /home/airflow/.local/lib/python3.12/site-packages/airflow/example_dags/example_external_task_marker_dag.py
[2025-12-30T23:58:47.095+0000] {processor.py:830} INFO - Processing file /home/airflow/.local/lib/python3.12/site-packages/airflow/example_dags/example_external_task_marker_dag.py for tasks to queue
[2025-12-30T23:58:47.096+0000] {logging_mixin.py:188} INFO - [2025-12-30T23:58:47.096+0000] {dagbag.py:545} INFO - Filling up the DagBag from /home/airflow/.local/lib/python3.12/site-packages/airflow/example_dags/example_external_task_marker_dag.py
[2025-12-30T23:58:47.100+0000] {processor.py:840} INFO - DAG(s) 'example_external_task_marker_child', 'example_external_task_marker_parent' retrieved from /home/airflow/.local/lib/python3.12/site-packages/airflow/example_dags/example_external_task_marker_dag.py
[2025-12-30T23:58:47.111+0000] {logging_mixin.py:188} INFO - [2025-12-30T23:58:47.111+0000] {dag.py:3096} INFO - Sync 2 DAGs
[2025-12-30T23:58:47.117+0000] {logging_mixin.py:188} INFO - [2025-12-30T23:58:47.117+0000] {dag.py:3954} INFO - Setting next_dagrun for example_external_task_marker_child to None, run_after=None
[2025-12-30T23:58:47.119+0000] {logging_mixin.py:188} INFO - [2025-12-30T23:58:47.118+0000] {dag.py:3954} INFO - Setting next_dagrun for example_external_task_marker_parent to None, run_after=None
[2025-12-30T23:58:47.127+0000] {processor.py:183} INFO - Processing /home/airflow/.local/lib/python3.12/site-packages/airflow/example_dags/example_external_task_marker_dag.py took 0.038 seconds
[2025-12-30T23:59:18.525+0000] {processor.py:161} INFO - Started process (PID=2004) to work on /home/airflow/.local/lib/python3.12/site-packages/airflow/example_dags/example_external_task_marker_dag.py
[2025-12-30T23:59:18.526+0000] {processor.py:830} INFO - Processing file /home/airflow/.local/lib/python3.12/site-packages/airflow/example_dags/example_external_task_marker_dag.py for tasks to queue
[2025-12-30T23:59:18.528+0000] {logging_mixin.py:188} INFO - [2025-12-30T23:59:18.528+0000] {dagbag.py:545} INFO - Filling up the DagBag from /home/airflow/.local/lib/python3.12/site-packages/airflow/example_dags/example_external_task_marker_dag.py
[2025-12-30T23:59:18.533+0000] {processor.py:840} INFO - DAG(s) 'example_external_task_marker_child', 'example_external_task_marker_parent' retrieved from /home/airflow/.local/lib/python3.12/site-packages/airflow/example_dags/example_external_task_marker_dag.py
[2025-12-30T23:59:18.552+0000] {logging_mixin.py:188} INFO - [2025-12-30T23:59:18.552+0000] {dag.py:3096} INFO - Sync 2 DAGs
[2025-12-30T23:59:18.668+0000] {logging_mixin.py:188} INFO - [2025-12-30T23:59:18.668+0000] {dag.py:3954} INFO - Setting next_dagrun for example_external_task_marker_child to None, run_after=None
[2025-12-30T23:59:18.670+0000] {logging_mixin.py:188} INFO - [2025-12-30T23:59:18.670+0000] {dag.py:3954} INFO - Setting next_dagrun for example_external_task_marker_parent to None, run_after=None
[2025-12-30T23:59:18.678+0000] {processor.py:183} INFO - Processing /home/airflow/.local/lib/python3.12/site-packages/airflow/example_dags/example_external_task_marker_dag.py took 0.157 seconds
[2025-12-30T23:59:49.191+0000] {processor.py:161} INFO - Started process (PID=2064) to work on /home/airflow/.local/lib/python3.12/site-packages/airflow/example_dags/example_external_task_marker_dag.py
[2025-12-30T23:59:49.191+0000] {processor.py:830} INFO - Processing file /home/airflow/.local/lib/python3.12/site-packages/airflow/example_dags/example_external_task_marker_dag.py for tasks to queue
[2025-12-30T23:59:49.192+0000] {logging_mixin.py:188} INFO - [2025-12-30T23:59:49.192+0000] {dagbag.py:545} INFO - Filling up the DagBag from /home/airflow/.local/lib/python3.12/site-packages/airflow/example_dags/example_external_task_marker_dag.py
[2025-12-30T23:59:49.195+0000] {processor.py:840} INFO - DAG(s) 'example_external_task_marker_child', 'example_external_task_marker_parent' retrieved from /home/airflow/.local/lib/python3.12/site-packages/airflow/example_dags/example_external_task_marker_dag.py
[2025-12-30T23:59:49.206+0000] {logging_mixin.py:188} INFO - [2025-12-30T23:59:49.206+0000] {dag.py:3096} INFO - Sync 2 DAGs
[2025-12-30T23:59:49.296+0000] {logging_mixin.py:188} INFO - [2025-12-30T23:59:49.296+0000] {dag.py:3954} INFO - Setting next_dagrun for example_external_task_marker_child to None, run_after=None
[2025-12-30T23:59:49.299+0000] {logging_mixin.py:188} INFO - [2025-12-30T23:59:49.299+0000] {dag.py:3954} INFO - Setting next_dagrun for example_external_task_marker_parent to None, run_after=None
[2025-12-30T23:59:49.306+0000] {processor.py:183} INFO - Processing /home/airflow/.local/lib/python3.12/site-packages/airflow/example_dags/example_external_task_marker_dag.py took 0.118 seconds
