[2025-12-30T23:33:50.122+0000] {processor.py:161} INFO - Started process (PID=51) to work on /home/airflow/.local/lib/python3.12/site-packages/airflow/example_dags/example_sensors.py
[2025-12-30T23:33:50.123+0000] {processor.py:830} INFO - Processing file /home/airflow/.local/lib/python3.12/site-packages/airflow/example_dags/example_sensors.py for tasks to queue
[2025-12-30T23:33:50.126+0000] {logging_mixin.py:188} INFO - [2025-12-30T23:33:50.125+0000] {dagbag.py:545} INFO - Filling up the DagBag from /home/airflow/.local/lib/python3.12/site-packages/airflow/example_dags/example_sensors.py
[2025-12-30T23:33:50.135+0000] {processor.py:840} INFO - DAG(s) 'example_sensors' retrieved from /home/airflow/.local/lib/python3.12/site-packages/airflow/example_dags/example_sensors.py
[2025-12-30T23:33:50.148+0000] {logging_mixin.py:188} INFO - [2025-12-30T23:33:50.148+0000] {dag.py:3096} INFO - Sync 1 DAGs
[2025-12-30T23:33:50.160+0000] {logging_mixin.py:188} INFO - [2025-12-30T23:33:50.160+0000] {dag.py:3954} INFO - Setting next_dagrun for example_sensors to None, run_after=None
[2025-12-30T23:33:50.172+0000] {processor.py:183} INFO - Processing /home/airflow/.local/lib/python3.12/site-packages/airflow/example_dags/example_sensors.py took 0.056 seconds
[2025-12-30T23:34:20.826+0000] {processor.py:161} INFO - Started process (PID=110) to work on /home/airflow/.local/lib/python3.12/site-packages/airflow/example_dags/example_sensors.py
[2025-12-30T23:34:20.827+0000] {processor.py:830} INFO - Processing file /home/airflow/.local/lib/python3.12/site-packages/airflow/example_dags/example_sensors.py for tasks to queue
[2025-12-30T23:34:20.828+0000] {logging_mixin.py:188} INFO - [2025-12-30T23:34:20.827+0000] {dagbag.py:545} INFO - Filling up the DagBag from /home/airflow/.local/lib/python3.12/site-packages/airflow/example_dags/example_sensors.py
[2025-12-30T23:34:20.834+0000] {processor.py:840} INFO - DAG(s) 'example_sensors' retrieved from /home/airflow/.local/lib/python3.12/site-packages/airflow/example_dags/example_sensors.py
[2025-12-30T23:34:20.928+0000] {logging_mixin.py:188} INFO - [2025-12-30T23:34:20.928+0000] {dag.py:3096} INFO - Sync 1 DAGs
[2025-12-30T23:34:20.936+0000] {logging_mixin.py:188} INFO - [2025-12-30T23:34:20.935+0000] {dag.py:3954} INFO - Setting next_dagrun for example_sensors to None, run_after=None
[2025-12-30T23:34:20.948+0000] {processor.py:183} INFO - Processing /home/airflow/.local/lib/python3.12/site-packages/airflow/example_dags/example_sensors.py took 0.126 seconds
[2025-12-30T23:34:51.435+0000] {processor.py:161} INFO - Started process (PID=169) to work on /home/airflow/.local/lib/python3.12/site-packages/airflow/example_dags/example_sensors.py
[2025-12-30T23:34:51.435+0000] {processor.py:830} INFO - Processing file /home/airflow/.local/lib/python3.12/site-packages/airflow/example_dags/example_sensors.py for tasks to queue
[2025-12-30T23:34:51.439+0000] {logging_mixin.py:188} INFO - [2025-12-30T23:34:51.438+0000] {dagbag.py:545} INFO - Filling up the DagBag from /home/airflow/.local/lib/python3.12/site-packages/airflow/example_dags/example_sensors.py
[2025-12-30T23:34:51.454+0000] {processor.py:840} INFO - DAG(s) 'example_sensors' retrieved from /home/airflow/.local/lib/python3.12/site-packages/airflow/example_dags/example_sensors.py
[2025-12-30T23:34:51.473+0000] {logging_mixin.py:188} INFO - [2025-12-30T23:34:51.473+0000] {dag.py:3096} INFO - Sync 1 DAGs
[2025-12-30T23:34:51.484+0000] {logging_mixin.py:188} INFO - [2025-12-30T23:34:51.484+0000] {dag.py:3954} INFO - Setting next_dagrun for example_sensors to None, run_after=None
[2025-12-30T23:34:51.497+0000] {processor.py:183} INFO - Processing /home/airflow/.local/lib/python3.12/site-packages/airflow/example_dags/example_sensors.py took 0.072 seconds
[2025-12-30T23:35:21.836+0000] {processor.py:161} INFO - Started process (PID=228) to work on /home/airflow/.local/lib/python3.12/site-packages/airflow/example_dags/example_sensors.py
[2025-12-30T23:35:21.837+0000] {processor.py:830} INFO - Processing file /home/airflow/.local/lib/python3.12/site-packages/airflow/example_dags/example_sensors.py for tasks to queue
[2025-12-30T23:35:21.838+0000] {logging_mixin.py:188} INFO - [2025-12-30T23:35:21.838+0000] {dagbag.py:545} INFO - Filling up the DagBag from /home/airflow/.local/lib/python3.12/site-packages/airflow/example_dags/example_sensors.py
[2025-12-30T23:35:21.843+0000] {processor.py:840} INFO - DAG(s) 'example_sensors' retrieved from /home/airflow/.local/lib/python3.12/site-packages/airflow/example_dags/example_sensors.py
[2025-12-30T23:35:21.856+0000] {logging_mixin.py:188} INFO - [2025-12-30T23:35:21.856+0000] {dag.py:3096} INFO - Sync 1 DAGs
[2025-12-30T23:35:21.861+0000] {logging_mixin.py:188} INFO - [2025-12-30T23:35:21.861+0000] {dag.py:3954} INFO - Setting next_dagrun for example_sensors to None, run_after=None
[2025-12-30T23:35:21.870+0000] {processor.py:183} INFO - Processing /home/airflow/.local/lib/python3.12/site-packages/airflow/example_dags/example_sensors.py took 0.037 seconds
[2025-12-30T23:35:51.898+0000] {processor.py:161} INFO - Started process (PID=287) to work on /home/airflow/.local/lib/python3.12/site-packages/airflow/example_dags/example_sensors.py
[2025-12-30T23:35:51.899+0000] {processor.py:830} INFO - Processing file /home/airflow/.local/lib/python3.12/site-packages/airflow/example_dags/example_sensors.py for tasks to queue
[2025-12-30T23:35:51.900+0000] {logging_mixin.py:188} INFO - [2025-12-30T23:35:51.900+0000] {dagbag.py:545} INFO - Filling up the DagBag from /home/airflow/.local/lib/python3.12/site-packages/airflow/example_dags/example_sensors.py
[2025-12-30T23:35:51.905+0000] {processor.py:840} INFO - DAG(s) 'example_sensors' retrieved from /home/airflow/.local/lib/python3.12/site-packages/airflow/example_dags/example_sensors.py
[2025-12-30T23:35:51.920+0000] {logging_mixin.py:188} INFO - [2025-12-30T23:35:51.919+0000] {dag.py:3096} INFO - Sync 1 DAGs
[2025-12-30T23:35:51.935+0000] {logging_mixin.py:188} INFO - [2025-12-30T23:35:51.935+0000] {dag.py:3954} INFO - Setting next_dagrun for example_sensors to None, run_after=None
[2025-12-30T23:35:51.945+0000] {processor.py:183} INFO - Processing /home/airflow/.local/lib/python3.12/site-packages/airflow/example_dags/example_sensors.py took 0.050 seconds
[2025-12-30T23:36:22.029+0000] {processor.py:161} INFO - Started process (PID=346) to work on /home/airflow/.local/lib/python3.12/site-packages/airflow/example_dags/example_sensors.py
[2025-12-30T23:36:22.030+0000] {processor.py:830} INFO - Processing file /home/airflow/.local/lib/python3.12/site-packages/airflow/example_dags/example_sensors.py for tasks to queue
[2025-12-30T23:36:22.031+0000] {logging_mixin.py:188} INFO - [2025-12-30T23:36:22.031+0000] {dagbag.py:545} INFO - Filling up the DagBag from /home/airflow/.local/lib/python3.12/site-packages/airflow/example_dags/example_sensors.py
[2025-12-30T23:36:22.038+0000] {processor.py:840} INFO - DAG(s) 'example_sensors' retrieved from /home/airflow/.local/lib/python3.12/site-packages/airflow/example_dags/example_sensors.py
[2025-12-30T23:36:22.053+0000] {logging_mixin.py:188} INFO - [2025-12-30T23:36:22.053+0000] {dag.py:3096} INFO - Sync 1 DAGs
[2025-12-30T23:36:22.059+0000] {logging_mixin.py:188} INFO - [2025-12-30T23:36:22.059+0000] {dag.py:3954} INFO - Setting next_dagrun for example_sensors to None, run_after=None
[2025-12-30T23:36:22.068+0000] {processor.py:183} INFO - Processing /home/airflow/.local/lib/python3.12/site-packages/airflow/example_dags/example_sensors.py took 0.042 seconds
[2025-12-30T23:36:52.546+0000] {processor.py:161} INFO - Started process (PID=411) to work on /home/airflow/.local/lib/python3.12/site-packages/airflow/example_dags/example_sensors.py
[2025-12-30T23:36:52.547+0000] {processor.py:830} INFO - Processing file /home/airflow/.local/lib/python3.12/site-packages/airflow/example_dags/example_sensors.py for tasks to queue
[2025-12-30T23:36:52.549+0000] {logging_mixin.py:188} INFO - [2025-12-30T23:36:52.548+0000] {dagbag.py:545} INFO - Filling up the DagBag from /home/airflow/.local/lib/python3.12/site-packages/airflow/example_dags/example_sensors.py
[2025-12-30T23:36:52.554+0000] {processor.py:840} INFO - DAG(s) 'example_sensors' retrieved from /home/airflow/.local/lib/python3.12/site-packages/airflow/example_dags/example_sensors.py
[2025-12-30T23:36:52.577+0000] {logging_mixin.py:188} INFO - [2025-12-30T23:36:52.576+0000] {dag.py:3096} INFO - Sync 1 DAGs
[2025-12-30T23:36:52.585+0000] {logging_mixin.py:188} INFO - [2025-12-30T23:36:52.585+0000] {dag.py:3954} INFO - Setting next_dagrun for example_sensors to None, run_after=None
[2025-12-30T23:36:52.594+0000] {processor.py:183} INFO - Processing /home/airflow/.local/lib/python3.12/site-packages/airflow/example_dags/example_sensors.py took 0.051 seconds
[2025-12-30T23:37:22.863+0000] {processor.py:161} INFO - Started process (PID=470) to work on /home/airflow/.local/lib/python3.12/site-packages/airflow/example_dags/example_sensors.py
[2025-12-30T23:37:22.864+0000] {processor.py:830} INFO - Processing file /home/airflow/.local/lib/python3.12/site-packages/airflow/example_dags/example_sensors.py for tasks to queue
[2025-12-30T23:37:22.865+0000] {logging_mixin.py:188} INFO - [2025-12-30T23:37:22.865+0000] {dagbag.py:545} INFO - Filling up the DagBag from /home/airflow/.local/lib/python3.12/site-packages/airflow/example_dags/example_sensors.py
[2025-12-30T23:37:22.870+0000] {processor.py:840} INFO - DAG(s) 'example_sensors' retrieved from /home/airflow/.local/lib/python3.12/site-packages/airflow/example_dags/example_sensors.py
[2025-12-30T23:37:22.887+0000] {logging_mixin.py:188} INFO - [2025-12-30T23:37:22.887+0000] {dag.py:3096} INFO - Sync 1 DAGs
[2025-12-30T23:37:22.897+0000] {logging_mixin.py:188} INFO - [2025-12-30T23:37:22.896+0000] {dag.py:3954} INFO - Setting next_dagrun for example_sensors to None, run_after=None
[2025-12-30T23:37:22.906+0000] {processor.py:183} INFO - Processing /home/airflow/.local/lib/python3.12/site-packages/airflow/example_dags/example_sensors.py took 0.047 seconds
[2025-12-30T23:37:53.273+0000] {processor.py:161} INFO - Started process (PID=529) to work on /home/airflow/.local/lib/python3.12/site-packages/airflow/example_dags/example_sensors.py
[2025-12-30T23:37:53.274+0000] {processor.py:830} INFO - Processing file /home/airflow/.local/lib/python3.12/site-packages/airflow/example_dags/example_sensors.py for tasks to queue
[2025-12-30T23:37:53.275+0000] {logging_mixin.py:188} INFO - [2025-12-30T23:37:53.275+0000] {dagbag.py:545} INFO - Filling up the DagBag from /home/airflow/.local/lib/python3.12/site-packages/airflow/example_dags/example_sensors.py
[2025-12-30T23:37:53.280+0000] {processor.py:840} INFO - DAG(s) 'example_sensors' retrieved from /home/airflow/.local/lib/python3.12/site-packages/airflow/example_dags/example_sensors.py
[2025-12-30T23:37:53.293+0000] {logging_mixin.py:188} INFO - [2025-12-30T23:37:53.293+0000] {dag.py:3096} INFO - Sync 1 DAGs
[2025-12-30T23:37:53.299+0000] {logging_mixin.py:188} INFO - [2025-12-30T23:37:53.299+0000] {dag.py:3954} INFO - Setting next_dagrun for example_sensors to None, run_after=None
[2025-12-30T23:37:53.307+0000] {processor.py:183} INFO - Processing /home/airflow/.local/lib/python3.12/site-packages/airflow/example_dags/example_sensors.py took 0.037 seconds
[2025-12-30T23:38:23.716+0000] {processor.py:161} INFO - Started process (PID=588) to work on /home/airflow/.local/lib/python3.12/site-packages/airflow/example_dags/example_sensors.py
[2025-12-30T23:38:23.717+0000] {processor.py:830} INFO - Processing file /home/airflow/.local/lib/python3.12/site-packages/airflow/example_dags/example_sensors.py for tasks to queue
[2025-12-30T23:38:23.718+0000] {logging_mixin.py:188} INFO - [2025-12-30T23:38:23.718+0000] {dagbag.py:545} INFO - Filling up the DagBag from /home/airflow/.local/lib/python3.12/site-packages/airflow/example_dags/example_sensors.py
[2025-12-30T23:38:23.723+0000] {processor.py:840} INFO - DAG(s) 'example_sensors' retrieved from /home/airflow/.local/lib/python3.12/site-packages/airflow/example_dags/example_sensors.py
[2025-12-30T23:38:23.741+0000] {logging_mixin.py:188} INFO - [2025-12-30T23:38:23.740+0000] {dag.py:3096} INFO - Sync 1 DAGs
[2025-12-30T23:38:23.747+0000] {logging_mixin.py:188} INFO - [2025-12-30T23:38:23.747+0000] {dag.py:3954} INFO - Setting next_dagrun for example_sensors to None, run_after=None
[2025-12-30T23:38:23.755+0000] {processor.py:183} INFO - Processing /home/airflow/.local/lib/python3.12/site-packages/airflow/example_dags/example_sensors.py took 0.043 seconds
[2025-12-30T23:38:54.156+0000] {processor.py:161} INFO - Started process (PID=647) to work on /home/airflow/.local/lib/python3.12/site-packages/airflow/example_dags/example_sensors.py
[2025-12-30T23:38:54.157+0000] {processor.py:830} INFO - Processing file /home/airflow/.local/lib/python3.12/site-packages/airflow/example_dags/example_sensors.py for tasks to queue
[2025-12-30T23:38:54.161+0000] {logging_mixin.py:188} INFO - [2025-12-30T23:38:54.160+0000] {dagbag.py:545} INFO - Filling up the DagBag from /home/airflow/.local/lib/python3.12/site-packages/airflow/example_dags/example_sensors.py
[2025-12-30T23:38:54.178+0000] {processor.py:840} INFO - DAG(s) 'example_sensors' retrieved from /home/airflow/.local/lib/python3.12/site-packages/airflow/example_dags/example_sensors.py
[2025-12-30T23:38:54.211+0000] {logging_mixin.py:188} INFO - [2025-12-30T23:38:54.211+0000] {dag.py:3096} INFO - Sync 1 DAGs
[2025-12-30T23:38:54.218+0000] {logging_mixin.py:188} INFO - [2025-12-30T23:38:54.218+0000] {dag.py:3954} INFO - Setting next_dagrun for example_sensors to None, run_after=None
[2025-12-30T23:38:54.231+0000] {processor.py:183} INFO - Processing /home/airflow/.local/lib/python3.12/site-packages/airflow/example_dags/example_sensors.py took 0.091 seconds
[2025-12-30T23:39:24.546+0000] {processor.py:161} INFO - Started process (PID=706) to work on /home/airflow/.local/lib/python3.12/site-packages/airflow/example_dags/example_sensors.py
[2025-12-30T23:39:24.547+0000] {processor.py:830} INFO - Processing file /home/airflow/.local/lib/python3.12/site-packages/airflow/example_dags/example_sensors.py for tasks to queue
[2025-12-30T23:39:24.548+0000] {logging_mixin.py:188} INFO - [2025-12-30T23:39:24.548+0000] {dagbag.py:545} INFO - Filling up the DagBag from /home/airflow/.local/lib/python3.12/site-packages/airflow/example_dags/example_sensors.py
[2025-12-30T23:39:24.555+0000] {processor.py:840} INFO - DAG(s) 'example_sensors' retrieved from /home/airflow/.local/lib/python3.12/site-packages/airflow/example_dags/example_sensors.py
[2025-12-30T23:39:24.567+0000] {logging_mixin.py:188} INFO - [2025-12-30T23:39:24.567+0000] {dag.py:3096} INFO - Sync 1 DAGs
[2025-12-30T23:39:24.573+0000] {logging_mixin.py:188} INFO - [2025-12-30T23:39:24.573+0000] {dag.py:3954} INFO - Setting next_dagrun for example_sensors to None, run_after=None
[2025-12-30T23:39:24.582+0000] {processor.py:183} INFO - Processing /home/airflow/.local/lib/python3.12/site-packages/airflow/example_dags/example_sensors.py took 0.039 seconds
[2025-12-30T23:39:54.957+0000] {processor.py:161} INFO - Started process (PID=765) to work on /home/airflow/.local/lib/python3.12/site-packages/airflow/example_dags/example_sensors.py
[2025-12-30T23:39:54.957+0000] {processor.py:830} INFO - Processing file /home/airflow/.local/lib/python3.12/site-packages/airflow/example_dags/example_sensors.py for tasks to queue
[2025-12-30T23:39:54.958+0000] {logging_mixin.py:188} INFO - [2025-12-30T23:39:54.958+0000] {dagbag.py:545} INFO - Filling up the DagBag from /home/airflow/.local/lib/python3.12/site-packages/airflow/example_dags/example_sensors.py
[2025-12-30T23:39:54.963+0000] {processor.py:840} INFO - DAG(s) 'example_sensors' retrieved from /home/airflow/.local/lib/python3.12/site-packages/airflow/example_dags/example_sensors.py
[2025-12-30T23:39:54.977+0000] {logging_mixin.py:188} INFO - [2025-12-30T23:39:54.977+0000] {dag.py:3096} INFO - Sync 1 DAGs
[2025-12-30T23:39:54.983+0000] {logging_mixin.py:188} INFO - [2025-12-30T23:39:54.983+0000] {dag.py:3954} INFO - Setting next_dagrun for example_sensors to None, run_after=None
[2025-12-30T23:39:54.991+0000] {processor.py:183} INFO - Processing /home/airflow/.local/lib/python3.12/site-packages/airflow/example_dags/example_sensors.py took 0.037 seconds
[2025-12-30T23:40:25.170+0000] {processor.py:161} INFO - Started process (PID=824) to work on /home/airflow/.local/lib/python3.12/site-packages/airflow/example_dags/example_sensors.py
[2025-12-30T23:40:25.170+0000] {processor.py:830} INFO - Processing file /home/airflow/.local/lib/python3.12/site-packages/airflow/example_dags/example_sensors.py for tasks to queue
[2025-12-30T23:40:25.171+0000] {logging_mixin.py:188} INFO - [2025-12-30T23:40:25.171+0000] {dagbag.py:545} INFO - Filling up the DagBag from /home/airflow/.local/lib/python3.12/site-packages/airflow/example_dags/example_sensors.py
[2025-12-30T23:40:25.176+0000] {processor.py:840} INFO - DAG(s) 'example_sensors' retrieved from /home/airflow/.local/lib/python3.12/site-packages/airflow/example_dags/example_sensors.py
[2025-12-30T23:40:25.191+0000] {logging_mixin.py:188} INFO - [2025-12-30T23:40:25.191+0000] {dag.py:3096} INFO - Sync 1 DAGs
[2025-12-30T23:40:25.198+0000] {logging_mixin.py:188} INFO - [2025-12-30T23:40:25.198+0000] {dag.py:3954} INFO - Setting next_dagrun for example_sensors to None, run_after=None
[2025-12-30T23:40:25.212+0000] {processor.py:183} INFO - Processing /home/airflow/.local/lib/python3.12/site-packages/airflow/example_dags/example_sensors.py took 0.046 seconds
[2025-12-30T23:40:55.460+0000] {processor.py:161} INFO - Started process (PID=884) to work on /home/airflow/.local/lib/python3.12/site-packages/airflow/example_dags/example_sensors.py
[2025-12-30T23:40:55.460+0000] {processor.py:830} INFO - Processing file /home/airflow/.local/lib/python3.12/site-packages/airflow/example_dags/example_sensors.py for tasks to queue
[2025-12-30T23:40:55.461+0000] {logging_mixin.py:188} INFO - [2025-12-30T23:40:55.461+0000] {dagbag.py:545} INFO - Filling up the DagBag from /home/airflow/.local/lib/python3.12/site-packages/airflow/example_dags/example_sensors.py
[2025-12-30T23:40:55.467+0000] {processor.py:840} INFO - DAG(s) 'example_sensors' retrieved from /home/airflow/.local/lib/python3.12/site-packages/airflow/example_dags/example_sensors.py
[2025-12-30T23:40:55.481+0000] {logging_mixin.py:188} INFO - [2025-12-30T23:40:55.481+0000] {dag.py:3096} INFO - Sync 1 DAGs
[2025-12-30T23:40:55.487+0000] {logging_mixin.py:188} INFO - [2025-12-30T23:40:55.487+0000] {dag.py:3954} INFO - Setting next_dagrun for example_sensors to None, run_after=None
[2025-12-30T23:40:55.496+0000] {processor.py:183} INFO - Processing /home/airflow/.local/lib/python3.12/site-packages/airflow/example_dags/example_sensors.py took 0.039 seconds
[2025-12-30T23:42:57.290+0000] {processor.py:161} INFO - Started process (PID=50) to work on /home/airflow/.local/lib/python3.12/site-packages/airflow/example_dags/example_sensors.py
[2025-12-30T23:42:57.291+0000] {processor.py:830} INFO - Processing file /home/airflow/.local/lib/python3.12/site-packages/airflow/example_dags/example_sensors.py for tasks to queue
[2025-12-30T23:42:57.295+0000] {logging_mixin.py:188} INFO - [2025-12-30T23:42:57.294+0000] {dagbag.py:545} INFO - Filling up the DagBag from /home/airflow/.local/lib/python3.12/site-packages/airflow/example_dags/example_sensors.py
[2025-12-30T23:42:57.301+0000] {processor.py:840} INFO - DAG(s) 'example_sensors' retrieved from /home/airflow/.local/lib/python3.12/site-packages/airflow/example_dags/example_sensors.py
[2025-12-30T23:42:57.318+0000] {logging_mixin.py:188} INFO - [2025-12-30T23:42:57.318+0000] {dag.py:3096} INFO - Sync 1 DAGs
[2025-12-30T23:42:57.346+0000] {logging_mixin.py:188} INFO - [2025-12-30T23:42:57.346+0000] {dag.py:3954} INFO - Setting next_dagrun for example_sensors to None, run_after=None
[2025-12-30T23:42:57.399+0000] {processor.py:183} INFO - Processing /home/airflow/.local/lib/python3.12/site-packages/airflow/example_dags/example_sensors.py took 0.114 seconds
[2025-12-30T23:43:27.434+0000] {processor.py:161} INFO - Started process (PID=110) to work on /home/airflow/.local/lib/python3.12/site-packages/airflow/example_dags/example_sensors.py
[2025-12-30T23:43:27.434+0000] {processor.py:830} INFO - Processing file /home/airflow/.local/lib/python3.12/site-packages/airflow/example_dags/example_sensors.py for tasks to queue
[2025-12-30T23:43:27.436+0000] {logging_mixin.py:188} INFO - [2025-12-30T23:43:27.436+0000] {dagbag.py:545} INFO - Filling up the DagBag from /home/airflow/.local/lib/python3.12/site-packages/airflow/example_dags/example_sensors.py
[2025-12-30T23:43:27.441+0000] {processor.py:840} INFO - DAG(s) 'example_sensors' retrieved from /home/airflow/.local/lib/python3.12/site-packages/airflow/example_dags/example_sensors.py
[2025-12-30T23:43:27.489+0000] {logging_mixin.py:188} INFO - [2025-12-30T23:43:27.489+0000] {dag.py:3096} INFO - Sync 1 DAGs
[2025-12-30T23:43:27.493+0000] {logging_mixin.py:188} INFO - [2025-12-30T23:43:27.493+0000] {dag.py:3954} INFO - Setting next_dagrun for example_sensors to None, run_after=None
[2025-12-30T23:43:27.502+0000] {processor.py:183} INFO - Processing /home/airflow/.local/lib/python3.12/site-packages/airflow/example_dags/example_sensors.py took 0.072 seconds
[2025-12-30T23:43:58.143+0000] {processor.py:161} INFO - Started process (PID=170) to work on /home/airflow/.local/lib/python3.12/site-packages/airflow/example_dags/example_sensors.py
[2025-12-30T23:43:58.144+0000] {processor.py:830} INFO - Processing file /home/airflow/.local/lib/python3.12/site-packages/airflow/example_dags/example_sensors.py for tasks to queue
[2025-12-30T23:43:58.145+0000] {logging_mixin.py:188} INFO - [2025-12-30T23:43:58.145+0000] {dagbag.py:545} INFO - Filling up the DagBag from /home/airflow/.local/lib/python3.12/site-packages/airflow/example_dags/example_sensors.py
[2025-12-30T23:43:58.150+0000] {processor.py:840} INFO - DAG(s) 'example_sensors' retrieved from /home/airflow/.local/lib/python3.12/site-packages/airflow/example_dags/example_sensors.py
[2025-12-30T23:43:58.163+0000] {logging_mixin.py:188} INFO - [2025-12-30T23:43:58.163+0000] {dag.py:3096} INFO - Sync 1 DAGs
[2025-12-30T23:43:58.170+0000] {logging_mixin.py:188} INFO - [2025-12-30T23:43:58.170+0000] {dag.py:3954} INFO - Setting next_dagrun for example_sensors to None, run_after=None
[2025-12-30T23:43:58.180+0000] {processor.py:183} INFO - Processing /home/airflow/.local/lib/python3.12/site-packages/airflow/example_dags/example_sensors.py took 0.040 seconds
[2025-12-30T23:44:28.423+0000] {processor.py:161} INFO - Started process (PID=230) to work on /home/airflow/.local/lib/python3.12/site-packages/airflow/example_dags/example_sensors.py
[2025-12-30T23:44:28.424+0000] {processor.py:830} INFO - Processing file /home/airflow/.local/lib/python3.12/site-packages/airflow/example_dags/example_sensors.py for tasks to queue
[2025-12-30T23:44:28.425+0000] {logging_mixin.py:188} INFO - [2025-12-30T23:44:28.425+0000] {dagbag.py:545} INFO - Filling up the DagBag from /home/airflow/.local/lib/python3.12/site-packages/airflow/example_dags/example_sensors.py
[2025-12-30T23:44:28.433+0000] {processor.py:840} INFO - DAG(s) 'example_sensors' retrieved from /home/airflow/.local/lib/python3.12/site-packages/airflow/example_dags/example_sensors.py
[2025-12-30T23:44:28.455+0000] {logging_mixin.py:188} INFO - [2025-12-30T23:44:28.455+0000] {dag.py:3096} INFO - Sync 1 DAGs
[2025-12-30T23:44:28.464+0000] {logging_mixin.py:188} INFO - [2025-12-30T23:44:28.464+0000] {dag.py:3954} INFO - Setting next_dagrun for example_sensors to None, run_after=None
[2025-12-30T23:44:28.477+0000] {processor.py:183} INFO - Processing /home/airflow/.local/lib/python3.12/site-packages/airflow/example_dags/example_sensors.py took 0.059 seconds
[2025-12-30T23:45:00.086+0000] {processor.py:161} INFO - Started process (PID=296) to work on /home/airflow/.local/lib/python3.12/site-packages/airflow/example_dags/example_sensors.py
[2025-12-30T23:45:00.086+0000] {processor.py:830} INFO - Processing file /home/airflow/.local/lib/python3.12/site-packages/airflow/example_dags/example_sensors.py for tasks to queue
[2025-12-30T23:45:00.088+0000] {logging_mixin.py:188} INFO - [2025-12-30T23:45:00.088+0000] {dagbag.py:545} INFO - Filling up the DagBag from /home/airflow/.local/lib/python3.12/site-packages/airflow/example_dags/example_sensors.py
[2025-12-30T23:45:00.095+0000] {processor.py:840} INFO - DAG(s) 'example_sensors' retrieved from /home/airflow/.local/lib/python3.12/site-packages/airflow/example_dags/example_sensors.py
[2025-12-30T23:45:00.109+0000] {logging_mixin.py:188} INFO - [2025-12-30T23:45:00.109+0000] {dag.py:3096} INFO - Sync 1 DAGs
[2025-12-30T23:45:00.115+0000] {logging_mixin.py:188} INFO - [2025-12-30T23:45:00.115+0000] {dag.py:3954} INFO - Setting next_dagrun for example_sensors to None, run_after=None
[2025-12-30T23:45:00.124+0000] {processor.py:183} INFO - Processing /home/airflow/.local/lib/python3.12/site-packages/airflow/example_dags/example_sensors.py took 0.041 seconds
[2025-12-30T23:45:31.216+0000] {processor.py:161} INFO - Started process (PID=356) to work on /home/airflow/.local/lib/python3.12/site-packages/airflow/example_dags/example_sensors.py
[2025-12-30T23:45:31.216+0000] {processor.py:830} INFO - Processing file /home/airflow/.local/lib/python3.12/site-packages/airflow/example_dags/example_sensors.py for tasks to queue
[2025-12-30T23:45:31.218+0000] {logging_mixin.py:188} INFO - [2025-12-30T23:45:31.217+0000] {dagbag.py:545} INFO - Filling up the DagBag from /home/airflow/.local/lib/python3.12/site-packages/airflow/example_dags/example_sensors.py
[2025-12-30T23:45:31.223+0000] {processor.py:840} INFO - DAG(s) 'example_sensors' retrieved from /home/airflow/.local/lib/python3.12/site-packages/airflow/example_dags/example_sensors.py
[2025-12-30T23:45:31.256+0000] {logging_mixin.py:188} INFO - [2025-12-30T23:45:31.255+0000] {dag.py:3096} INFO - Sync 1 DAGs
[2025-12-30T23:45:31.268+0000] {logging_mixin.py:188} INFO - [2025-12-30T23:45:31.268+0000] {dag.py:3954} INFO - Setting next_dagrun for example_sensors to None, run_after=None
[2025-12-30T23:45:31.278+0000] {processor.py:183} INFO - Processing /home/airflow/.local/lib/python3.12/site-packages/airflow/example_dags/example_sensors.py took 0.067 seconds
[2025-12-30T23:46:01.321+0000] {processor.py:161} INFO - Started process (PID=414) to work on /home/airflow/.local/lib/python3.12/site-packages/airflow/example_dags/example_sensors.py
[2025-12-30T23:46:01.322+0000] {processor.py:830} INFO - Processing file /home/airflow/.local/lib/python3.12/site-packages/airflow/example_dags/example_sensors.py for tasks to queue
[2025-12-30T23:46:01.323+0000] {logging_mixin.py:188} INFO - [2025-12-30T23:46:01.323+0000] {dagbag.py:545} INFO - Filling up the DagBag from /home/airflow/.local/lib/python3.12/site-packages/airflow/example_dags/example_sensors.py
[2025-12-30T23:46:01.327+0000] {processor.py:840} INFO - DAG(s) 'example_sensors' retrieved from /home/airflow/.local/lib/python3.12/site-packages/airflow/example_dags/example_sensors.py
[2025-12-30T23:46:01.339+0000] {logging_mixin.py:188} INFO - [2025-12-30T23:46:01.339+0000] {dag.py:3096} INFO - Sync 1 DAGs
[2025-12-30T23:46:01.344+0000] {logging_mixin.py:188} INFO - [2025-12-30T23:46:01.344+0000] {dag.py:3954} INFO - Setting next_dagrun for example_sensors to None, run_after=None
[2025-12-30T23:46:01.352+0000] {processor.py:183} INFO - Processing /home/airflow/.local/lib/python3.12/site-packages/airflow/example_dags/example_sensors.py took 0.034 seconds
[2025-12-30T23:46:31.387+0000] {processor.py:161} INFO - Started process (PID=474) to work on /home/airflow/.local/lib/python3.12/site-packages/airflow/example_dags/example_sensors.py
[2025-12-30T23:46:31.387+0000] {processor.py:830} INFO - Processing file /home/airflow/.local/lib/python3.12/site-packages/airflow/example_dags/example_sensors.py for tasks to queue
[2025-12-30T23:46:31.388+0000] {logging_mixin.py:188} INFO - [2025-12-30T23:46:31.388+0000] {dagbag.py:545} INFO - Filling up the DagBag from /home/airflow/.local/lib/python3.12/site-packages/airflow/example_dags/example_sensors.py
[2025-12-30T23:46:31.392+0000] {processor.py:840} INFO - DAG(s) 'example_sensors' retrieved from /home/airflow/.local/lib/python3.12/site-packages/airflow/example_dags/example_sensors.py
[2025-12-30T23:46:31.405+0000] {logging_mixin.py:188} INFO - [2025-12-30T23:46:31.405+0000] {dag.py:3096} INFO - Sync 1 DAGs
[2025-12-30T23:46:31.411+0000] {logging_mixin.py:188} INFO - [2025-12-30T23:46:31.411+0000] {dag.py:3954} INFO - Setting next_dagrun for example_sensors to None, run_after=None
[2025-12-30T23:46:31.419+0000] {processor.py:183} INFO - Processing /home/airflow/.local/lib/python3.12/site-packages/airflow/example_dags/example_sensors.py took 0.035 seconds
[2025-12-30T23:47:01.750+0000] {processor.py:161} INFO - Started process (PID=534) to work on /home/airflow/.local/lib/python3.12/site-packages/airflow/example_dags/example_sensors.py
[2025-12-30T23:47:01.750+0000] {processor.py:830} INFO - Processing file /home/airflow/.local/lib/python3.12/site-packages/airflow/example_dags/example_sensors.py for tasks to queue
[2025-12-30T23:47:01.752+0000] {logging_mixin.py:188} INFO - [2025-12-30T23:47:01.751+0000] {dagbag.py:545} INFO - Filling up the DagBag from /home/airflow/.local/lib/python3.12/site-packages/airflow/example_dags/example_sensors.py
[2025-12-30T23:47:01.759+0000] {processor.py:840} INFO - DAG(s) 'example_sensors' retrieved from /home/airflow/.local/lib/python3.12/site-packages/airflow/example_dags/example_sensors.py
[2025-12-30T23:47:01.772+0000] {logging_mixin.py:188} INFO - [2025-12-30T23:47:01.772+0000] {dag.py:3096} INFO - Sync 1 DAGs
[2025-12-30T23:47:01.778+0000] {logging_mixin.py:188} INFO - [2025-12-30T23:47:01.778+0000] {dag.py:3954} INFO - Setting next_dagrun for example_sensors to None, run_after=None
[2025-12-30T23:47:01.786+0000] {processor.py:183} INFO - Processing /home/airflow/.local/lib/python3.12/site-packages/airflow/example_dags/example_sensors.py took 0.041 seconds
[2025-12-30T23:47:32.327+0000] {processor.py:161} INFO - Started process (PID=594) to work on /home/airflow/.local/lib/python3.12/site-packages/airflow/example_dags/example_sensors.py
[2025-12-30T23:47:32.328+0000] {processor.py:830} INFO - Processing file /home/airflow/.local/lib/python3.12/site-packages/airflow/example_dags/example_sensors.py for tasks to queue
[2025-12-30T23:47:32.329+0000] {logging_mixin.py:188} INFO - [2025-12-30T23:47:32.329+0000] {dagbag.py:545} INFO - Filling up the DagBag from /home/airflow/.local/lib/python3.12/site-packages/airflow/example_dags/example_sensors.py
[2025-12-30T23:47:32.334+0000] {processor.py:840} INFO - DAG(s) 'example_sensors' retrieved from /home/airflow/.local/lib/python3.12/site-packages/airflow/example_dags/example_sensors.py
[2025-12-30T23:47:32.350+0000] {logging_mixin.py:188} INFO - [2025-12-30T23:47:32.350+0000] {dag.py:3096} INFO - Sync 1 DAGs
[2025-12-30T23:47:32.355+0000] {logging_mixin.py:188} INFO - [2025-12-30T23:47:32.355+0000] {dag.py:3954} INFO - Setting next_dagrun for example_sensors to None, run_after=None
[2025-12-30T23:47:32.363+0000] {processor.py:183} INFO - Processing /home/airflow/.local/lib/python3.12/site-packages/airflow/example_dags/example_sensors.py took 0.039 seconds
[2025-12-30T23:48:02.560+0000] {processor.py:161} INFO - Started process (PID=654) to work on /home/airflow/.local/lib/python3.12/site-packages/airflow/example_dags/example_sensors.py
[2025-12-30T23:48:02.561+0000] {processor.py:830} INFO - Processing file /home/airflow/.local/lib/python3.12/site-packages/airflow/example_dags/example_sensors.py for tasks to queue
[2025-12-30T23:48:02.562+0000] {logging_mixin.py:188} INFO - [2025-12-30T23:48:02.562+0000] {dagbag.py:545} INFO - Filling up the DagBag from /home/airflow/.local/lib/python3.12/site-packages/airflow/example_dags/example_sensors.py
[2025-12-30T23:48:02.567+0000] {processor.py:840} INFO - DAG(s) 'example_sensors' retrieved from /home/airflow/.local/lib/python3.12/site-packages/airflow/example_dags/example_sensors.py
[2025-12-30T23:48:02.580+0000] {logging_mixin.py:188} INFO - [2025-12-30T23:48:02.579+0000] {dag.py:3096} INFO - Sync 1 DAGs
[2025-12-30T23:48:02.586+0000] {logging_mixin.py:188} INFO - [2025-12-30T23:48:02.585+0000] {dag.py:3954} INFO - Setting next_dagrun for example_sensors to None, run_after=None
[2025-12-30T23:48:02.593+0000] {processor.py:183} INFO - Processing /home/airflow/.local/lib/python3.12/site-packages/airflow/example_dags/example_sensors.py took 0.036 seconds
[2025-12-30T23:48:32.791+0000] {processor.py:161} INFO - Started process (PID=714) to work on /home/airflow/.local/lib/python3.12/site-packages/airflow/example_dags/example_sensors.py
[2025-12-30T23:48:32.791+0000] {processor.py:830} INFO - Processing file /home/airflow/.local/lib/python3.12/site-packages/airflow/example_dags/example_sensors.py for tasks to queue
[2025-12-30T23:48:32.792+0000] {logging_mixin.py:188} INFO - [2025-12-30T23:48:32.792+0000] {dagbag.py:545} INFO - Filling up the DagBag from /home/airflow/.local/lib/python3.12/site-packages/airflow/example_dags/example_sensors.py
[2025-12-30T23:48:32.797+0000] {processor.py:840} INFO - DAG(s) 'example_sensors' retrieved from /home/airflow/.local/lib/python3.12/site-packages/airflow/example_dags/example_sensors.py
[2025-12-30T23:48:32.816+0000] {logging_mixin.py:188} INFO - [2025-12-30T23:48:32.816+0000] {dag.py:3096} INFO - Sync 1 DAGs
[2025-12-30T23:48:32.824+0000] {logging_mixin.py:188} INFO - [2025-12-30T23:48:32.823+0000] {dag.py:3954} INFO - Setting next_dagrun for example_sensors to None, run_after=None
[2025-12-30T23:48:32.835+0000] {processor.py:183} INFO - Processing /home/airflow/.local/lib/python3.12/site-packages/airflow/example_dags/example_sensors.py took 0.047 seconds
[2025-12-30T23:49:03.068+0000] {processor.py:161} INFO - Started process (PID=774) to work on /home/airflow/.local/lib/python3.12/site-packages/airflow/example_dags/example_sensors.py
[2025-12-30T23:49:03.068+0000] {processor.py:830} INFO - Processing file /home/airflow/.local/lib/python3.12/site-packages/airflow/example_dags/example_sensors.py for tasks to queue
[2025-12-30T23:49:03.069+0000] {logging_mixin.py:188} INFO - [2025-12-30T23:49:03.069+0000] {dagbag.py:545} INFO - Filling up the DagBag from /home/airflow/.local/lib/python3.12/site-packages/airflow/example_dags/example_sensors.py
[2025-12-30T23:49:03.074+0000] {processor.py:840} INFO - DAG(s) 'example_sensors' retrieved from /home/airflow/.local/lib/python3.12/site-packages/airflow/example_dags/example_sensors.py
[2025-12-30T23:49:03.086+0000] {logging_mixin.py:188} INFO - [2025-12-30T23:49:03.086+0000] {dag.py:3096} INFO - Sync 1 DAGs
[2025-12-30T23:49:03.092+0000] {logging_mixin.py:188} INFO - [2025-12-30T23:49:03.092+0000] {dag.py:3954} INFO - Setting next_dagrun for example_sensors to None, run_after=None
[2025-12-30T23:49:03.100+0000] {processor.py:183} INFO - Processing /home/airflow/.local/lib/python3.12/site-packages/airflow/example_dags/example_sensors.py took 0.035 seconds
[2025-12-30T23:49:33.362+0000] {processor.py:161} INFO - Started process (PID=834) to work on /home/airflow/.local/lib/python3.12/site-packages/airflow/example_dags/example_sensors.py
[2025-12-30T23:49:33.363+0000] {processor.py:830} INFO - Processing file /home/airflow/.local/lib/python3.12/site-packages/airflow/example_dags/example_sensors.py for tasks to queue
[2025-12-30T23:49:33.364+0000] {logging_mixin.py:188} INFO - [2025-12-30T23:49:33.363+0000] {dagbag.py:545} INFO - Filling up the DagBag from /home/airflow/.local/lib/python3.12/site-packages/airflow/example_dags/example_sensors.py
[2025-12-30T23:49:33.368+0000] {processor.py:840} INFO - DAG(s) 'example_sensors' retrieved from /home/airflow/.local/lib/python3.12/site-packages/airflow/example_dags/example_sensors.py
[2025-12-30T23:49:33.380+0000] {logging_mixin.py:188} INFO - [2025-12-30T23:49:33.380+0000] {dag.py:3096} INFO - Sync 1 DAGs
[2025-12-30T23:49:33.386+0000] {logging_mixin.py:188} INFO - [2025-12-30T23:49:33.386+0000] {dag.py:3954} INFO - Setting next_dagrun for example_sensors to None, run_after=None
[2025-12-30T23:49:33.394+0000] {processor.py:183} INFO - Processing /home/airflow/.local/lib/python3.12/site-packages/airflow/example_dags/example_sensors.py took 0.035 seconds
[2025-12-30T23:50:03.554+0000] {processor.py:161} INFO - Started process (PID=894) to work on /home/airflow/.local/lib/python3.12/site-packages/airflow/example_dags/example_sensors.py
[2025-12-30T23:50:03.554+0000] {processor.py:830} INFO - Processing file /home/airflow/.local/lib/python3.12/site-packages/airflow/example_dags/example_sensors.py for tasks to queue
[2025-12-30T23:50:03.556+0000] {logging_mixin.py:188} INFO - [2025-12-30T23:50:03.555+0000] {dagbag.py:545} INFO - Filling up the DagBag from /home/airflow/.local/lib/python3.12/site-packages/airflow/example_dags/example_sensors.py
[2025-12-30T23:50:03.561+0000] {processor.py:840} INFO - DAG(s) 'example_sensors' retrieved from /home/airflow/.local/lib/python3.12/site-packages/airflow/example_dags/example_sensors.py
[2025-12-30T23:50:03.574+0000] {logging_mixin.py:188} INFO - [2025-12-30T23:50:03.573+0000] {dag.py:3096} INFO - Sync 1 DAGs
[2025-12-30T23:50:03.579+0000] {logging_mixin.py:188} INFO - [2025-12-30T23:50:03.579+0000] {dag.py:3954} INFO - Setting next_dagrun for example_sensors to None, run_after=None
[2025-12-30T23:50:03.588+0000] {processor.py:183} INFO - Processing /home/airflow/.local/lib/python3.12/site-packages/airflow/example_dags/example_sensors.py took 0.037 seconds
[2025-12-30T23:50:34.173+0000] {processor.py:161} INFO - Started process (PID=954) to work on /home/airflow/.local/lib/python3.12/site-packages/airflow/example_dags/example_sensors.py
[2025-12-30T23:50:34.174+0000] {processor.py:830} INFO - Processing file /home/airflow/.local/lib/python3.12/site-packages/airflow/example_dags/example_sensors.py for tasks to queue
[2025-12-30T23:50:34.175+0000] {logging_mixin.py:188} INFO - [2025-12-30T23:50:34.175+0000] {dagbag.py:545} INFO - Filling up the DagBag from /home/airflow/.local/lib/python3.12/site-packages/airflow/example_dags/example_sensors.py
[2025-12-30T23:50:34.179+0000] {processor.py:840} INFO - DAG(s) 'example_sensors' retrieved from /home/airflow/.local/lib/python3.12/site-packages/airflow/example_dags/example_sensors.py
[2025-12-30T23:50:34.192+0000] {logging_mixin.py:188} INFO - [2025-12-30T23:50:34.192+0000] {dag.py:3096} INFO - Sync 1 DAGs
[2025-12-30T23:50:34.199+0000] {logging_mixin.py:188} INFO - [2025-12-30T23:50:34.199+0000] {dag.py:3954} INFO - Setting next_dagrun for example_sensors to None, run_after=None
[2025-12-30T23:50:34.208+0000] {processor.py:183} INFO - Processing /home/airflow/.local/lib/python3.12/site-packages/airflow/example_dags/example_sensors.py took 0.038 seconds
[2025-12-30T23:51:04.515+0000] {processor.py:161} INFO - Started process (PID=1014) to work on /home/airflow/.local/lib/python3.12/site-packages/airflow/example_dags/example_sensors.py
[2025-12-30T23:51:04.516+0000] {processor.py:830} INFO - Processing file /home/airflow/.local/lib/python3.12/site-packages/airflow/example_dags/example_sensors.py for tasks to queue
[2025-12-30T23:51:04.517+0000] {logging_mixin.py:188} INFO - [2025-12-30T23:51:04.517+0000] {dagbag.py:545} INFO - Filling up the DagBag from /home/airflow/.local/lib/python3.12/site-packages/airflow/example_dags/example_sensors.py
[2025-12-30T23:51:04.522+0000] {processor.py:840} INFO - DAG(s) 'example_sensors' retrieved from /home/airflow/.local/lib/python3.12/site-packages/airflow/example_dags/example_sensors.py
[2025-12-30T23:51:04.542+0000] {logging_mixin.py:188} INFO - [2025-12-30T23:51:04.542+0000] {dag.py:3096} INFO - Sync 1 DAGs
[2025-12-30T23:51:04.551+0000] {logging_mixin.py:188} INFO - [2025-12-30T23:51:04.551+0000] {dag.py:3954} INFO - Setting next_dagrun for example_sensors to None, run_after=None
[2025-12-30T23:51:04.563+0000] {processor.py:183} INFO - Processing /home/airflow/.local/lib/python3.12/site-packages/airflow/example_dags/example_sensors.py took 0.051 seconds
[2025-12-30T23:51:34.721+0000] {processor.py:161} INFO - Started process (PID=1074) to work on /home/airflow/.local/lib/python3.12/site-packages/airflow/example_dags/example_sensors.py
[2025-12-30T23:51:34.721+0000] {processor.py:830} INFO - Processing file /home/airflow/.local/lib/python3.12/site-packages/airflow/example_dags/example_sensors.py for tasks to queue
[2025-12-30T23:51:34.722+0000] {logging_mixin.py:188} INFO - [2025-12-30T23:51:34.722+0000] {dagbag.py:545} INFO - Filling up the DagBag from /home/airflow/.local/lib/python3.12/site-packages/airflow/example_dags/example_sensors.py
[2025-12-30T23:51:34.727+0000] {processor.py:840} INFO - DAG(s) 'example_sensors' retrieved from /home/airflow/.local/lib/python3.12/site-packages/airflow/example_dags/example_sensors.py
[2025-12-30T23:51:34.742+0000] {logging_mixin.py:188} INFO - [2025-12-30T23:51:34.741+0000] {dag.py:3096} INFO - Sync 1 DAGs
[2025-12-30T23:51:34.747+0000] {logging_mixin.py:188} INFO - [2025-12-30T23:51:34.747+0000] {dag.py:3954} INFO - Setting next_dagrun for example_sensors to None, run_after=None
[2025-12-30T23:51:34.755+0000] {processor.py:183} INFO - Processing /home/airflow/.local/lib/python3.12/site-packages/airflow/example_dags/example_sensors.py took 0.038 seconds
[2025-12-30T23:52:05.078+0000] {processor.py:161} INFO - Started process (PID=1134) to work on /home/airflow/.local/lib/python3.12/site-packages/airflow/example_dags/example_sensors.py
[2025-12-30T23:52:05.079+0000] {processor.py:830} INFO - Processing file /home/airflow/.local/lib/python3.12/site-packages/airflow/example_dags/example_sensors.py for tasks to queue
[2025-12-30T23:52:05.081+0000] {logging_mixin.py:188} INFO - [2025-12-30T23:52:05.081+0000] {dagbag.py:545} INFO - Filling up the DagBag from /home/airflow/.local/lib/python3.12/site-packages/airflow/example_dags/example_sensors.py
[2025-12-30T23:52:05.092+0000] {processor.py:840} INFO - DAG(s) 'example_sensors' retrieved from /home/airflow/.local/lib/python3.12/site-packages/airflow/example_dags/example_sensors.py
[2025-12-30T23:52:05.105+0000] {logging_mixin.py:188} INFO - [2025-12-30T23:52:05.105+0000] {dag.py:3096} INFO - Sync 1 DAGs
[2025-12-30T23:52:05.111+0000] {logging_mixin.py:188} INFO - [2025-12-30T23:52:05.111+0000] {dag.py:3954} INFO - Setting next_dagrun for example_sensors to None, run_after=None
[2025-12-30T23:52:05.120+0000] {processor.py:183} INFO - Processing /home/airflow/.local/lib/python3.12/site-packages/airflow/example_dags/example_sensors.py took 0.047 seconds
[2025-12-30T23:52:35.367+0000] {processor.py:161} INFO - Started process (PID=1194) to work on /home/airflow/.local/lib/python3.12/site-packages/airflow/example_dags/example_sensors.py
[2025-12-30T23:52:35.368+0000] {processor.py:830} INFO - Processing file /home/airflow/.local/lib/python3.12/site-packages/airflow/example_dags/example_sensors.py for tasks to queue
[2025-12-30T23:52:35.369+0000] {logging_mixin.py:188} INFO - [2025-12-30T23:52:35.368+0000] {dagbag.py:545} INFO - Filling up the DagBag from /home/airflow/.local/lib/python3.12/site-packages/airflow/example_dags/example_sensors.py
[2025-12-30T23:52:35.373+0000] {processor.py:840} INFO - DAG(s) 'example_sensors' retrieved from /home/airflow/.local/lib/python3.12/site-packages/airflow/example_dags/example_sensors.py
[2025-12-30T23:52:35.384+0000] {logging_mixin.py:188} INFO - [2025-12-30T23:52:35.384+0000] {dag.py:3096} INFO - Sync 1 DAGs
[2025-12-30T23:52:35.389+0000] {logging_mixin.py:188} INFO - [2025-12-30T23:52:35.389+0000] {dag.py:3954} INFO - Setting next_dagrun for example_sensors to None, run_after=None
[2025-12-30T23:52:35.397+0000] {processor.py:183} INFO - Processing /home/airflow/.local/lib/python3.12/site-packages/airflow/example_dags/example_sensors.py took 0.033 seconds
[2025-12-30T23:53:05.759+0000] {processor.py:161} INFO - Started process (PID=1254) to work on /home/airflow/.local/lib/python3.12/site-packages/airflow/example_dags/example_sensors.py
[2025-12-30T23:53:05.760+0000] {processor.py:830} INFO - Processing file /home/airflow/.local/lib/python3.12/site-packages/airflow/example_dags/example_sensors.py for tasks to queue
[2025-12-30T23:53:05.761+0000] {logging_mixin.py:188} INFO - [2025-12-30T23:53:05.761+0000] {dagbag.py:545} INFO - Filling up the DagBag from /home/airflow/.local/lib/python3.12/site-packages/airflow/example_dags/example_sensors.py
[2025-12-30T23:53:05.767+0000] {processor.py:840} INFO - DAG(s) 'example_sensors' retrieved from /home/airflow/.local/lib/python3.12/site-packages/airflow/example_dags/example_sensors.py
[2025-12-30T23:53:05.779+0000] {logging_mixin.py:188} INFO - [2025-12-30T23:53:05.779+0000] {dag.py:3096} INFO - Sync 1 DAGs
[2025-12-30T23:53:05.784+0000] {logging_mixin.py:188} INFO - [2025-12-30T23:53:05.784+0000] {dag.py:3954} INFO - Setting next_dagrun for example_sensors to None, run_after=None
[2025-12-30T23:53:05.792+0000] {processor.py:183} INFO - Processing /home/airflow/.local/lib/python3.12/site-packages/airflow/example_dags/example_sensors.py took 0.036 seconds
[2025-12-30T23:53:36.493+0000] {processor.py:161} INFO - Started process (PID=1314) to work on /home/airflow/.local/lib/python3.12/site-packages/airflow/example_dags/example_sensors.py
[2025-12-30T23:53:36.493+0000] {processor.py:830} INFO - Processing file /home/airflow/.local/lib/python3.12/site-packages/airflow/example_dags/example_sensors.py for tasks to queue
[2025-12-30T23:53:36.494+0000] {logging_mixin.py:188} INFO - [2025-12-30T23:53:36.494+0000] {dagbag.py:545} INFO - Filling up the DagBag from /home/airflow/.local/lib/python3.12/site-packages/airflow/example_dags/example_sensors.py
[2025-12-30T23:53:36.499+0000] {processor.py:840} INFO - DAG(s) 'example_sensors' retrieved from /home/airflow/.local/lib/python3.12/site-packages/airflow/example_dags/example_sensors.py
[2025-12-30T23:53:36.510+0000] {logging_mixin.py:188} INFO - [2025-12-30T23:53:36.510+0000] {dag.py:3096} INFO - Sync 1 DAGs
[2025-12-30T23:53:36.518+0000] {logging_mixin.py:188} INFO - [2025-12-30T23:53:36.518+0000] {dag.py:3954} INFO - Setting next_dagrun for example_sensors to None, run_after=None
[2025-12-30T23:53:36.527+0000] {processor.py:183} INFO - Processing /home/airflow/.local/lib/python3.12/site-packages/airflow/example_dags/example_sensors.py took 0.038 seconds
[2025-12-30T23:54:06.685+0000] {processor.py:161} INFO - Started process (PID=1374) to work on /home/airflow/.local/lib/python3.12/site-packages/airflow/example_dags/example_sensors.py
[2025-12-30T23:54:06.686+0000] {processor.py:830} INFO - Processing file /home/airflow/.local/lib/python3.12/site-packages/airflow/example_dags/example_sensors.py for tasks to queue
[2025-12-30T23:54:06.686+0000] {logging_mixin.py:188} INFO - [2025-12-30T23:54:06.686+0000] {dagbag.py:545} INFO - Filling up the DagBag from /home/airflow/.local/lib/python3.12/site-packages/airflow/example_dags/example_sensors.py
[2025-12-30T23:54:06.691+0000] {processor.py:840} INFO - DAG(s) 'example_sensors' retrieved from /home/airflow/.local/lib/python3.12/site-packages/airflow/example_dags/example_sensors.py
[2025-12-30T23:54:06.703+0000] {logging_mixin.py:188} INFO - [2025-12-30T23:54:06.702+0000] {dag.py:3096} INFO - Sync 1 DAGs
[2025-12-30T23:54:06.709+0000] {logging_mixin.py:188} INFO - [2025-12-30T23:54:06.709+0000] {dag.py:3954} INFO - Setting next_dagrun for example_sensors to None, run_after=None
[2025-12-30T23:54:06.716+0000] {processor.py:183} INFO - Processing /home/airflow/.local/lib/python3.12/site-packages/airflow/example_dags/example_sensors.py took 0.034 seconds
[2025-12-30T23:54:36.957+0000] {processor.py:161} INFO - Started process (PID=1434) to work on /home/airflow/.local/lib/python3.12/site-packages/airflow/example_dags/example_sensors.py
[2025-12-30T23:54:36.957+0000] {processor.py:830} INFO - Processing file /home/airflow/.local/lib/python3.12/site-packages/airflow/example_dags/example_sensors.py for tasks to queue
[2025-12-30T23:54:36.958+0000] {logging_mixin.py:188} INFO - [2025-12-30T23:54:36.958+0000] {dagbag.py:545} INFO - Filling up the DagBag from /home/airflow/.local/lib/python3.12/site-packages/airflow/example_dags/example_sensors.py
[2025-12-30T23:54:36.964+0000] {processor.py:840} INFO - DAG(s) 'example_sensors' retrieved from /home/airflow/.local/lib/python3.12/site-packages/airflow/example_dags/example_sensors.py
[2025-12-30T23:54:36.979+0000] {logging_mixin.py:188} INFO - [2025-12-30T23:54:36.979+0000] {dag.py:3096} INFO - Sync 1 DAGs
[2025-12-30T23:54:36.987+0000] {logging_mixin.py:188} INFO - [2025-12-30T23:54:36.987+0000] {dag.py:3954} INFO - Setting next_dagrun for example_sensors to None, run_after=None
[2025-12-30T23:54:36.998+0000] {processor.py:183} INFO - Processing /home/airflow/.local/lib/python3.12/site-packages/airflow/example_dags/example_sensors.py took 0.045 seconds
[2025-12-30T23:55:07.371+0000] {processor.py:161} INFO - Started process (PID=1494) to work on /home/airflow/.local/lib/python3.12/site-packages/airflow/example_dags/example_sensors.py
[2025-12-30T23:55:07.372+0000] {processor.py:830} INFO - Processing file /home/airflow/.local/lib/python3.12/site-packages/airflow/example_dags/example_sensors.py for tasks to queue
[2025-12-30T23:55:07.373+0000] {logging_mixin.py:188} INFO - [2025-12-30T23:55:07.373+0000] {dagbag.py:545} INFO - Filling up the DagBag from /home/airflow/.local/lib/python3.12/site-packages/airflow/example_dags/example_sensors.py
[2025-12-30T23:55:07.377+0000] {processor.py:840} INFO - DAG(s) 'example_sensors' retrieved from /home/airflow/.local/lib/python3.12/site-packages/airflow/example_dags/example_sensors.py
[2025-12-30T23:55:07.390+0000] {logging_mixin.py:188} INFO - [2025-12-30T23:55:07.390+0000] {dag.py:3096} INFO - Sync 1 DAGs
[2025-12-30T23:55:07.396+0000] {logging_mixin.py:188} INFO - [2025-12-30T23:55:07.396+0000] {dag.py:3954} INFO - Setting next_dagrun for example_sensors to None, run_after=None
[2025-12-30T23:55:07.404+0000] {processor.py:183} INFO - Processing /home/airflow/.local/lib/python3.12/site-packages/airflow/example_dags/example_sensors.py took 0.035 seconds
[2025-12-30T23:55:37.643+0000] {processor.py:161} INFO - Started process (PID=1554) to work on /home/airflow/.local/lib/python3.12/site-packages/airflow/example_dags/example_sensors.py
[2025-12-30T23:55:37.644+0000] {processor.py:830} INFO - Processing file /home/airflow/.local/lib/python3.12/site-packages/airflow/example_dags/example_sensors.py for tasks to queue
[2025-12-30T23:55:37.645+0000] {logging_mixin.py:188} INFO - [2025-12-30T23:55:37.645+0000] {dagbag.py:545} INFO - Filling up the DagBag from /home/airflow/.local/lib/python3.12/site-packages/airflow/example_dags/example_sensors.py
[2025-12-30T23:55:37.649+0000] {processor.py:840} INFO - DAG(s) 'example_sensors' retrieved from /home/airflow/.local/lib/python3.12/site-packages/airflow/example_dags/example_sensors.py
[2025-12-30T23:55:37.661+0000] {logging_mixin.py:188} INFO - [2025-12-30T23:55:37.661+0000] {dag.py:3096} INFO - Sync 1 DAGs
[2025-12-30T23:55:37.667+0000] {logging_mixin.py:188} INFO - [2025-12-30T23:55:37.667+0000] {dag.py:3954} INFO - Setting next_dagrun for example_sensors to None, run_after=None
[2025-12-30T23:55:37.674+0000] {processor.py:183} INFO - Processing /home/airflow/.local/lib/python3.12/site-packages/airflow/example_dags/example_sensors.py took 0.034 seconds
[2025-12-30T23:56:07.979+0000] {processor.py:161} INFO - Started process (PID=1614) to work on /home/airflow/.local/lib/python3.12/site-packages/airflow/example_dags/example_sensors.py
[2025-12-30T23:56:07.980+0000] {processor.py:830} INFO - Processing file /home/airflow/.local/lib/python3.12/site-packages/airflow/example_dags/example_sensors.py for tasks to queue
[2025-12-30T23:56:07.981+0000] {logging_mixin.py:188} INFO - [2025-12-30T23:56:07.980+0000] {dagbag.py:545} INFO - Filling up the DagBag from /home/airflow/.local/lib/python3.12/site-packages/airflow/example_dags/example_sensors.py
[2025-12-30T23:56:07.985+0000] {processor.py:840} INFO - DAG(s) 'example_sensors' retrieved from /home/airflow/.local/lib/python3.12/site-packages/airflow/example_dags/example_sensors.py
[2025-12-30T23:56:07.998+0000] {logging_mixin.py:188} INFO - [2025-12-30T23:56:07.998+0000] {dag.py:3096} INFO - Sync 1 DAGs
[2025-12-30T23:56:08.004+0000] {logging_mixin.py:188} INFO - [2025-12-30T23:56:08.004+0000] {dag.py:3954} INFO - Setting next_dagrun for example_sensors to None, run_after=None
[2025-12-30T23:56:08.011+0000] {processor.py:183} INFO - Processing /home/airflow/.local/lib/python3.12/site-packages/airflow/example_dags/example_sensors.py took 0.035 seconds
[2025-12-30T23:56:38.384+0000] {processor.py:161} INFO - Started process (PID=1674) to work on /home/airflow/.local/lib/python3.12/site-packages/airflow/example_dags/example_sensors.py
[2025-12-30T23:56:38.384+0000] {processor.py:830} INFO - Processing file /home/airflow/.local/lib/python3.12/site-packages/airflow/example_dags/example_sensors.py for tasks to queue
[2025-12-30T23:56:38.386+0000] {logging_mixin.py:188} INFO - [2025-12-30T23:56:38.385+0000] {dagbag.py:545} INFO - Filling up the DagBag from /home/airflow/.local/lib/python3.12/site-packages/airflow/example_dags/example_sensors.py
[2025-12-30T23:56:38.390+0000] {processor.py:840} INFO - DAG(s) 'example_sensors' retrieved from /home/airflow/.local/lib/python3.12/site-packages/airflow/example_dags/example_sensors.py
[2025-12-30T23:56:38.409+0000] {logging_mixin.py:188} INFO - [2025-12-30T23:56:38.409+0000] {dag.py:3096} INFO - Sync 1 DAGs
[2025-12-30T23:56:38.419+0000] {logging_mixin.py:188} INFO - [2025-12-30T23:56:38.419+0000] {dag.py:3954} INFO - Setting next_dagrun for example_sensors to None, run_after=None
[2025-12-30T23:56:38.427+0000] {processor.py:183} INFO - Processing /home/airflow/.local/lib/python3.12/site-packages/airflow/example_dags/example_sensors.py took 0.046 seconds
[2025-12-30T23:57:08.625+0000] {processor.py:161} INFO - Started process (PID=1734) to work on /home/airflow/.local/lib/python3.12/site-packages/airflow/example_dags/example_sensors.py
[2025-12-30T23:57:08.625+0000] {processor.py:830} INFO - Processing file /home/airflow/.local/lib/python3.12/site-packages/airflow/example_dags/example_sensors.py for tasks to queue
[2025-12-30T23:57:08.626+0000] {logging_mixin.py:188} INFO - [2025-12-30T23:57:08.626+0000] {dagbag.py:545} INFO - Filling up the DagBag from /home/airflow/.local/lib/python3.12/site-packages/airflow/example_dags/example_sensors.py
[2025-12-30T23:57:08.632+0000] {processor.py:840} INFO - DAG(s) 'example_sensors' retrieved from /home/airflow/.local/lib/python3.12/site-packages/airflow/example_dags/example_sensors.py
[2025-12-30T23:57:08.645+0000] {logging_mixin.py:188} INFO - [2025-12-30T23:57:08.645+0000] {dag.py:3096} INFO - Sync 1 DAGs
[2025-12-30T23:57:08.651+0000] {logging_mixin.py:188} INFO - [2025-12-30T23:57:08.651+0000] {dag.py:3954} INFO - Setting next_dagrun for example_sensors to None, run_after=None
[2025-12-30T23:57:08.659+0000] {processor.py:183} INFO - Processing /home/airflow/.local/lib/python3.12/site-packages/airflow/example_dags/example_sensors.py took 0.038 seconds
[2025-12-30T23:57:39.544+0000] {processor.py:161} INFO - Started process (PID=1794) to work on /home/airflow/.local/lib/python3.12/site-packages/airflow/example_dags/example_sensors.py
[2025-12-30T23:57:39.544+0000] {processor.py:830} INFO - Processing file /home/airflow/.local/lib/python3.12/site-packages/airflow/example_dags/example_sensors.py for tasks to queue
[2025-12-30T23:57:39.546+0000] {logging_mixin.py:188} INFO - [2025-12-30T23:57:39.545+0000] {dagbag.py:545} INFO - Filling up the DagBag from /home/airflow/.local/lib/python3.12/site-packages/airflow/example_dags/example_sensors.py
[2025-12-30T23:57:39.552+0000] {processor.py:840} INFO - DAG(s) 'example_sensors' retrieved from /home/airflow/.local/lib/python3.12/site-packages/airflow/example_dags/example_sensors.py
[2025-12-30T23:57:39.566+0000] {logging_mixin.py:188} INFO - [2025-12-30T23:57:39.566+0000] {dag.py:3096} INFO - Sync 1 DAGs
[2025-12-30T23:57:39.573+0000] {logging_mixin.py:188} INFO - [2025-12-30T23:57:39.573+0000] {dag.py:3954} INFO - Setting next_dagrun for example_sensors to None, run_after=None
[2025-12-30T23:57:39.581+0000] {processor.py:183} INFO - Processing /home/airflow/.local/lib/python3.12/site-packages/airflow/example_dags/example_sensors.py took 0.043 seconds
[2025-12-30T23:58:10.500+0000] {processor.py:161} INFO - Started process (PID=1854) to work on /home/airflow/.local/lib/python3.12/site-packages/airflow/example_dags/example_sensors.py
[2025-12-30T23:58:10.501+0000] {processor.py:830} INFO - Processing file /home/airflow/.local/lib/python3.12/site-packages/airflow/example_dags/example_sensors.py for tasks to queue
[2025-12-30T23:58:10.503+0000] {logging_mixin.py:188} INFO - [2025-12-30T23:58:10.502+0000] {dagbag.py:545} INFO - Filling up the DagBag from /home/airflow/.local/lib/python3.12/site-packages/airflow/example_dags/example_sensors.py
[2025-12-30T23:58:10.509+0000] {processor.py:840} INFO - DAG(s) 'example_sensors' retrieved from /home/airflow/.local/lib/python3.12/site-packages/airflow/example_dags/example_sensors.py
[2025-12-30T23:58:10.525+0000] {logging_mixin.py:188} INFO - [2025-12-30T23:58:10.525+0000] {dag.py:3096} INFO - Sync 1 DAGs
[2025-12-30T23:58:10.532+0000] {logging_mixin.py:188} INFO - [2025-12-30T23:58:10.532+0000] {dag.py:3954} INFO - Setting next_dagrun for example_sensors to None, run_after=None
[2025-12-30T23:58:10.541+0000] {processor.py:183} INFO - Processing /home/airflow/.local/lib/python3.12/site-packages/airflow/example_dags/example_sensors.py took 0.047 seconds
[2025-12-30T23:58:41.300+0000] {processor.py:161} INFO - Started process (PID=1914) to work on /home/airflow/.local/lib/python3.12/site-packages/airflow/example_dags/example_sensors.py
[2025-12-30T23:58:41.301+0000] {processor.py:830} INFO - Processing file /home/airflow/.local/lib/python3.12/site-packages/airflow/example_dags/example_sensors.py for tasks to queue
[2025-12-30T23:58:41.302+0000] {logging_mixin.py:188} INFO - [2025-12-30T23:58:41.302+0000] {dagbag.py:545} INFO - Filling up the DagBag from /home/airflow/.local/lib/python3.12/site-packages/airflow/example_dags/example_sensors.py
[2025-12-30T23:58:41.308+0000] {processor.py:840} INFO - DAG(s) 'example_sensors' retrieved from /home/airflow/.local/lib/python3.12/site-packages/airflow/example_dags/example_sensors.py
[2025-12-30T23:58:41.322+0000] {logging_mixin.py:188} INFO - [2025-12-30T23:58:41.322+0000] {dag.py:3096} INFO - Sync 1 DAGs
[2025-12-30T23:58:41.328+0000] {logging_mixin.py:188} INFO - [2025-12-30T23:58:41.328+0000] {dag.py:3954} INFO - Setting next_dagrun for example_sensors to None, run_after=None
[2025-12-30T23:58:41.338+0000] {processor.py:183} INFO - Processing /home/airflow/.local/lib/python3.12/site-packages/airflow/example_dags/example_sensors.py took 0.042 seconds
[2025-12-30T23:59:11.527+0000] {processor.py:161} INFO - Started process (PID=1974) to work on /home/airflow/.local/lib/python3.12/site-packages/airflow/example_dags/example_sensors.py
[2025-12-30T23:59:11.527+0000] {processor.py:830} INFO - Processing file /home/airflow/.local/lib/python3.12/site-packages/airflow/example_dags/example_sensors.py for tasks to queue
[2025-12-30T23:59:11.528+0000] {logging_mixin.py:188} INFO - [2025-12-30T23:59:11.528+0000] {dagbag.py:545} INFO - Filling up the DagBag from /home/airflow/.local/lib/python3.12/site-packages/airflow/example_dags/example_sensors.py
[2025-12-30T23:59:11.534+0000] {processor.py:840} INFO - DAG(s) 'example_sensors' retrieved from /home/airflow/.local/lib/python3.12/site-packages/airflow/example_dags/example_sensors.py
[2025-12-30T23:59:11.546+0000] {logging_mixin.py:188} INFO - [2025-12-30T23:59:11.546+0000] {dag.py:3096} INFO - Sync 1 DAGs
[2025-12-30T23:59:11.552+0000] {logging_mixin.py:188} INFO - [2025-12-30T23:59:11.552+0000] {dag.py:3954} INFO - Setting next_dagrun for example_sensors to None, run_after=None
[2025-12-30T23:59:11.559+0000] {processor.py:183} INFO - Processing /home/airflow/.local/lib/python3.12/site-packages/airflow/example_dags/example_sensors.py took 0.035 seconds
[2025-12-30T23:59:42.149+0000] {processor.py:161} INFO - Started process (PID=2034) to work on /home/airflow/.local/lib/python3.12/site-packages/airflow/example_dags/example_sensors.py
[2025-12-30T23:59:42.149+0000] {processor.py:830} INFO - Processing file /home/airflow/.local/lib/python3.12/site-packages/airflow/example_dags/example_sensors.py for tasks to queue
[2025-12-30T23:59:42.150+0000] {logging_mixin.py:188} INFO - [2025-12-30T23:59:42.150+0000] {dagbag.py:545} INFO - Filling up the DagBag from /home/airflow/.local/lib/python3.12/site-packages/airflow/example_dags/example_sensors.py
[2025-12-30T23:59:42.156+0000] {processor.py:840} INFO - DAG(s) 'example_sensors' retrieved from /home/airflow/.local/lib/python3.12/site-packages/airflow/example_dags/example_sensors.py
[2025-12-30T23:59:42.176+0000] {logging_mixin.py:188} INFO - [2025-12-30T23:59:42.176+0000] {dag.py:3096} INFO - Sync 1 DAGs
[2025-12-30T23:59:42.184+0000] {logging_mixin.py:188} INFO - [2025-12-30T23:59:42.184+0000] {dag.py:3954} INFO - Setting next_dagrun for example_sensors to None, run_after=None
[2025-12-30T23:59:42.195+0000] {processor.py:183} INFO - Processing /home/airflow/.local/lib/python3.12/site-packages/airflow/example_dags/example_sensors.py took 0.049 seconds
