[2025-12-30T23:33:49.665+0000] {processor.py:161} INFO - Started process (PID=44) to work on /home/airflow/.local/lib/python3.12/site-packages/airflow/example_dags/example_bash_operator.py
[2025-12-30T23:33:49.672+0000] {processor.py:830} INFO - Processing file /home/airflow/.local/lib/python3.12/site-packages/airflow/example_dags/example_bash_operator.py for tasks to queue
[2025-12-30T23:33:49.677+0000] {logging_mixin.py:188} INFO - [2025-12-30T23:33:49.677+0000] {dagbag.py:545} INFO - Filling up the DagBag from /home/airflow/.local/lib/python3.12/site-packages/airflow/example_dags/example_bash_operator.py
[2025-12-30T23:33:49.737+0000] {processor.py:840} INFO - DAG(s) 'example_bash_operator' retrieved from /home/airflow/.local/lib/python3.12/site-packages/airflow/example_dags/example_bash_operator.py
[2025-12-30T23:33:49.748+0000] {logging_mixin.py:188} INFO - [2025-12-30T23:33:49.748+0000] {dag.py:3096} INFO - Sync 1 DAGs
[2025-12-30T23:33:49.787+0000] {logging_mixin.py:188} INFO - [2025-12-30T23:33:49.786+0000] {dag.py:3954} INFO - Setting next_dagrun for example_bash_operator to 2025-12-29 00:00:00+00:00, run_after=2025-12-30 00:00:00+00:00
[2025-12-30T23:33:49.836+0000] {processor.py:183} INFO - Processing /home/airflow/.local/lib/python3.12/site-packages/airflow/example_dags/example_bash_operator.py took 0.190 seconds
[2025-12-30T23:34:20.229+0000] {processor.py:161} INFO - Started process (PID=103) to work on /home/airflow/.local/lib/python3.12/site-packages/airflow/example_dags/example_bash_operator.py
[2025-12-30T23:34:20.229+0000] {processor.py:830} INFO - Processing file /home/airflow/.local/lib/python3.12/site-packages/airflow/example_dags/example_bash_operator.py for tasks to queue
[2025-12-30T23:34:20.230+0000] {logging_mixin.py:188} INFO - [2025-12-30T23:34:20.230+0000] {dagbag.py:545} INFO - Filling up the DagBag from /home/airflow/.local/lib/python3.12/site-packages/airflow/example_dags/example_bash_operator.py
[2025-12-30T23:34:20.237+0000] {processor.py:840} INFO - DAG(s) 'example_bash_operator' retrieved from /home/airflow/.local/lib/python3.12/site-packages/airflow/example_dags/example_bash_operator.py
[2025-12-30T23:34:20.301+0000] {logging_mixin.py:188} INFO - [2025-12-30T23:34:20.301+0000] {dag.py:3096} INFO - Sync 1 DAGs
[2025-12-30T23:34:20.312+0000] {logging_mixin.py:188} INFO - [2025-12-30T23:34:20.312+0000] {dag.py:3954} INFO - Setting next_dagrun for example_bash_operator to 2025-12-29 00:00:00+00:00, run_after=2025-12-30 00:00:00+00:00
[2025-12-30T23:34:20.321+0000] {processor.py:183} INFO - Processing /home/airflow/.local/lib/python3.12/site-packages/airflow/example_dags/example_bash_operator.py took 0.095 seconds
[2025-12-30T23:34:51.069+0000] {processor.py:161} INFO - Started process (PID=162) to work on /home/airflow/.local/lib/python3.12/site-packages/airflow/example_dags/example_bash_operator.py
[2025-12-30T23:34:51.070+0000] {processor.py:830} INFO - Processing file /home/airflow/.local/lib/python3.12/site-packages/airflow/example_dags/example_bash_operator.py for tasks to queue
[2025-12-30T23:34:51.071+0000] {logging_mixin.py:188} INFO - [2025-12-30T23:34:51.071+0000] {dagbag.py:545} INFO - Filling up the DagBag from /home/airflow/.local/lib/python3.12/site-packages/airflow/example_dags/example_bash_operator.py
[2025-12-30T23:34:51.081+0000] {processor.py:840} INFO - DAG(s) 'example_bash_operator' retrieved from /home/airflow/.local/lib/python3.12/site-packages/airflow/example_dags/example_bash_operator.py
[2025-12-30T23:34:51.096+0000] {logging_mixin.py:188} INFO - [2025-12-30T23:34:51.096+0000] {dag.py:3096} INFO - Sync 1 DAGs
[2025-12-30T23:34:51.109+0000] {logging_mixin.py:188} INFO - [2025-12-30T23:34:51.109+0000] {dag.py:3954} INFO - Setting next_dagrun for example_bash_operator to 2025-12-29 00:00:00+00:00, run_after=2025-12-30 00:00:00+00:00
[2025-12-30T23:34:51.117+0000] {processor.py:183} INFO - Processing /home/airflow/.local/lib/python3.12/site-packages/airflow/example_dags/example_bash_operator.py took 0.051 seconds
[2025-12-30T23:35:21.482+0000] {processor.py:161} INFO - Started process (PID=221) to work on /home/airflow/.local/lib/python3.12/site-packages/airflow/example_dags/example_bash_operator.py
[2025-12-30T23:35:21.483+0000] {processor.py:830} INFO - Processing file /home/airflow/.local/lib/python3.12/site-packages/airflow/example_dags/example_bash_operator.py for tasks to queue
[2025-12-30T23:35:21.485+0000] {logging_mixin.py:188} INFO - [2025-12-30T23:35:21.484+0000] {dagbag.py:545} INFO - Filling up the DagBag from /home/airflow/.local/lib/python3.12/site-packages/airflow/example_dags/example_bash_operator.py
[2025-12-30T23:35:21.494+0000] {processor.py:840} INFO - DAG(s) 'example_bash_operator' retrieved from /home/airflow/.local/lib/python3.12/site-packages/airflow/example_dags/example_bash_operator.py
[2025-12-30T23:35:21.511+0000] {logging_mixin.py:188} INFO - [2025-12-30T23:35:21.510+0000] {dag.py:3096} INFO - Sync 1 DAGs
[2025-12-30T23:35:21.525+0000] {logging_mixin.py:188} INFO - [2025-12-30T23:35:21.525+0000] {dag.py:3954} INFO - Setting next_dagrun for example_bash_operator to 2025-12-29 00:00:00+00:00, run_after=2025-12-30 00:00:00+00:00
[2025-12-30T23:35:21.536+0000] {processor.py:183} INFO - Processing /home/airflow/.local/lib/python3.12/site-packages/airflow/example_dags/example_bash_operator.py took 0.058 seconds
[2025-12-30T23:35:51.666+0000] {processor.py:161} INFO - Started process (PID=280) to work on /home/airflow/.local/lib/python3.12/site-packages/airflow/example_dags/example_bash_operator.py
[2025-12-30T23:35:51.666+0000] {processor.py:830} INFO - Processing file /home/airflow/.local/lib/python3.12/site-packages/airflow/example_dags/example_bash_operator.py for tasks to queue
[2025-12-30T23:35:51.667+0000] {logging_mixin.py:188} INFO - [2025-12-30T23:35:51.667+0000] {dagbag.py:545} INFO - Filling up the DagBag from /home/airflow/.local/lib/python3.12/site-packages/airflow/example_dags/example_bash_operator.py
[2025-12-30T23:35:51.674+0000] {processor.py:840} INFO - DAG(s) 'example_bash_operator' retrieved from /home/airflow/.local/lib/python3.12/site-packages/airflow/example_dags/example_bash_operator.py
[2025-12-30T23:35:51.688+0000] {logging_mixin.py:188} INFO - [2025-12-30T23:35:51.688+0000] {dag.py:3096} INFO - Sync 1 DAGs
[2025-12-30T23:35:51.700+0000] {logging_mixin.py:188} INFO - [2025-12-30T23:35:51.700+0000] {dag.py:3954} INFO - Setting next_dagrun for example_bash_operator to 2025-12-29 00:00:00+00:00, run_after=2025-12-30 00:00:00+00:00
[2025-12-30T23:35:51.714+0000] {processor.py:183} INFO - Processing /home/airflow/.local/lib/python3.12/site-packages/airflow/example_dags/example_bash_operator.py took 0.053 seconds
[2025-12-30T23:36:21.811+0000] {processor.py:161} INFO - Started process (PID=339) to work on /home/airflow/.local/lib/python3.12/site-packages/airflow/example_dags/example_bash_operator.py
[2025-12-30T23:36:21.812+0000] {processor.py:830} INFO - Processing file /home/airflow/.local/lib/python3.12/site-packages/airflow/example_dags/example_bash_operator.py for tasks to queue
[2025-12-30T23:36:21.816+0000] {logging_mixin.py:188} INFO - [2025-12-30T23:36:21.816+0000] {dagbag.py:545} INFO - Filling up the DagBag from /home/airflow/.local/lib/python3.12/site-packages/airflow/example_dags/example_bash_operator.py
[2025-12-30T23:36:21.829+0000] {processor.py:840} INFO - DAG(s) 'example_bash_operator' retrieved from /home/airflow/.local/lib/python3.12/site-packages/airflow/example_dags/example_bash_operator.py
[2025-12-30T23:36:21.847+0000] {logging_mixin.py:188} INFO - [2025-12-30T23:36:21.847+0000] {dag.py:3096} INFO - Sync 1 DAGs
[2025-12-30T23:36:21.861+0000] {logging_mixin.py:188} INFO - [2025-12-30T23:36:21.861+0000] {dag.py:3954} INFO - Setting next_dagrun for example_bash_operator to 2025-12-29 00:00:00+00:00, run_after=2025-12-30 00:00:00+00:00
[2025-12-30T23:36:21.870+0000] {processor.py:183} INFO - Processing /home/airflow/.local/lib/python3.12/site-packages/airflow/example_dags/example_bash_operator.py took 0.062 seconds
[2025-12-30T23:36:52.331+0000] {processor.py:161} INFO - Started process (PID=398) to work on /home/airflow/.local/lib/python3.12/site-packages/airflow/example_dags/example_bash_operator.py
[2025-12-30T23:36:52.332+0000] {processor.py:830} INFO - Processing file /home/airflow/.local/lib/python3.12/site-packages/airflow/example_dags/example_bash_operator.py for tasks to queue
[2025-12-30T23:36:52.334+0000] {logging_mixin.py:188} INFO - [2025-12-30T23:36:52.334+0000] {dagbag.py:545} INFO - Filling up the DagBag from /home/airflow/.local/lib/python3.12/site-packages/airflow/example_dags/example_bash_operator.py
[2025-12-30T23:36:52.341+0000] {processor.py:840} INFO - DAG(s) 'example_bash_operator' retrieved from /home/airflow/.local/lib/python3.12/site-packages/airflow/example_dags/example_bash_operator.py
[2025-12-30T23:36:52.355+0000] {logging_mixin.py:188} INFO - [2025-12-30T23:36:52.355+0000] {dag.py:3096} INFO - Sync 1 DAGs
[2025-12-30T23:36:52.369+0000] {logging_mixin.py:188} INFO - [2025-12-30T23:36:52.369+0000] {dag.py:3954} INFO - Setting next_dagrun for example_bash_operator to 2025-12-29 00:00:00+00:00, run_after=2025-12-30 00:00:00+00:00
[2025-12-30T23:36:52.379+0000] {processor.py:183} INFO - Processing /home/airflow/.local/lib/python3.12/site-packages/airflow/example_dags/example_bash_operator.py took 0.052 seconds
[2025-12-30T23:37:22.496+0000] {processor.py:161} INFO - Started process (PID=457) to work on /home/airflow/.local/lib/python3.12/site-packages/airflow/example_dags/example_bash_operator.py
[2025-12-30T23:37:22.497+0000] {processor.py:830} INFO - Processing file /home/airflow/.local/lib/python3.12/site-packages/airflow/example_dags/example_bash_operator.py for tasks to queue
[2025-12-30T23:37:22.498+0000] {logging_mixin.py:188} INFO - [2025-12-30T23:37:22.497+0000] {dagbag.py:545} INFO - Filling up the DagBag from /home/airflow/.local/lib/python3.12/site-packages/airflow/example_dags/example_bash_operator.py
[2025-12-30T23:37:22.507+0000] {processor.py:840} INFO - DAG(s) 'example_bash_operator' retrieved from /home/airflow/.local/lib/python3.12/site-packages/airflow/example_dags/example_bash_operator.py
[2025-12-30T23:37:22.553+0000] {logging_mixin.py:188} INFO - [2025-12-30T23:37:22.553+0000] {dag.py:3096} INFO - Sync 1 DAGs
[2025-12-30T23:37:22.572+0000] {logging_mixin.py:188} INFO - [2025-12-30T23:37:22.572+0000] {dag.py:3954} INFO - Setting next_dagrun for example_bash_operator to 2025-12-29 00:00:00+00:00, run_after=2025-12-30 00:00:00+00:00
[2025-12-30T23:37:22.583+0000] {processor.py:183} INFO - Processing /home/airflow/.local/lib/python3.12/site-packages/airflow/example_dags/example_bash_operator.py took 0.089 seconds
[2025-12-30T23:37:53.031+0000] {processor.py:161} INFO - Started process (PID=522) to work on /home/airflow/.local/lib/python3.12/site-packages/airflow/example_dags/example_bash_operator.py
[2025-12-30T23:37:53.032+0000] {processor.py:830} INFO - Processing file /home/airflow/.local/lib/python3.12/site-packages/airflow/example_dags/example_bash_operator.py for tasks to queue
[2025-12-30T23:37:53.033+0000] {logging_mixin.py:188} INFO - [2025-12-30T23:37:53.033+0000] {dagbag.py:545} INFO - Filling up the DagBag from /home/airflow/.local/lib/python3.12/site-packages/airflow/example_dags/example_bash_operator.py
[2025-12-30T23:37:53.040+0000] {processor.py:840} INFO - DAG(s) 'example_bash_operator' retrieved from /home/airflow/.local/lib/python3.12/site-packages/airflow/example_dags/example_bash_operator.py
[2025-12-30T23:37:53.053+0000] {logging_mixin.py:188} INFO - [2025-12-30T23:37:53.053+0000] {dag.py:3096} INFO - Sync 1 DAGs
[2025-12-30T23:37:53.064+0000] {logging_mixin.py:188} INFO - [2025-12-30T23:37:53.064+0000] {dag.py:3954} INFO - Setting next_dagrun for example_bash_operator to 2025-12-29 00:00:00+00:00, run_after=2025-12-30 00:00:00+00:00
[2025-12-30T23:37:53.073+0000] {processor.py:183} INFO - Processing /home/airflow/.local/lib/python3.12/site-packages/airflow/example_dags/example_bash_operator.py took 0.045 seconds
[2025-12-30T23:38:23.397+0000] {processor.py:161} INFO - Started process (PID=581) to work on /home/airflow/.local/lib/python3.12/site-packages/airflow/example_dags/example_bash_operator.py
[2025-12-30T23:38:23.398+0000] {processor.py:830} INFO - Processing file /home/airflow/.local/lib/python3.12/site-packages/airflow/example_dags/example_bash_operator.py for tasks to queue
[2025-12-30T23:38:23.399+0000] {logging_mixin.py:188} INFO - [2025-12-30T23:38:23.399+0000] {dagbag.py:545} INFO - Filling up the DagBag from /home/airflow/.local/lib/python3.12/site-packages/airflow/example_dags/example_bash_operator.py
[2025-12-30T23:38:23.414+0000] {processor.py:840} INFO - DAG(s) 'example_bash_operator' retrieved from /home/airflow/.local/lib/python3.12/site-packages/airflow/example_dags/example_bash_operator.py
[2025-12-30T23:38:23.433+0000] {logging_mixin.py:188} INFO - [2025-12-30T23:38:23.433+0000] {dag.py:3096} INFO - Sync 1 DAGs
[2025-12-30T23:38:23.449+0000] {logging_mixin.py:188} INFO - [2025-12-30T23:38:23.448+0000] {dag.py:3954} INFO - Setting next_dagrun for example_bash_operator to 2025-12-29 00:00:00+00:00, run_after=2025-12-30 00:00:00+00:00
[2025-12-30T23:38:23.462+0000] {processor.py:183} INFO - Processing /home/airflow/.local/lib/python3.12/site-packages/airflow/example_dags/example_bash_operator.py took 0.070 seconds
[2025-12-30T23:38:53.909+0000] {processor.py:161} INFO - Started process (PID=640) to work on /home/airflow/.local/lib/python3.12/site-packages/airflow/example_dags/example_bash_operator.py
[2025-12-30T23:38:53.909+0000] {processor.py:830} INFO - Processing file /home/airflow/.local/lib/python3.12/site-packages/airflow/example_dags/example_bash_operator.py for tasks to queue
[2025-12-30T23:38:53.910+0000] {logging_mixin.py:188} INFO - [2025-12-30T23:38:53.910+0000] {dagbag.py:545} INFO - Filling up the DagBag from /home/airflow/.local/lib/python3.12/site-packages/airflow/example_dags/example_bash_operator.py
[2025-12-30T23:38:53.917+0000] {processor.py:840} INFO - DAG(s) 'example_bash_operator' retrieved from /home/airflow/.local/lib/python3.12/site-packages/airflow/example_dags/example_bash_operator.py
[2025-12-30T23:38:53.941+0000] {logging_mixin.py:188} INFO - [2025-12-30T23:38:53.941+0000] {dag.py:3096} INFO - Sync 1 DAGs
[2025-12-30T23:38:53.952+0000] {logging_mixin.py:188} INFO - [2025-12-30T23:38:53.952+0000] {dag.py:3954} INFO - Setting next_dagrun for example_bash_operator to 2025-12-29 00:00:00+00:00, run_after=2025-12-30 00:00:00+00:00
[2025-12-30T23:38:53.962+0000] {processor.py:183} INFO - Processing /home/airflow/.local/lib/python3.12/site-packages/airflow/example_dags/example_bash_operator.py took 0.056 seconds
[2025-12-30T23:39:24.331+0000] {processor.py:161} INFO - Started process (PID=699) to work on /home/airflow/.local/lib/python3.12/site-packages/airflow/example_dags/example_bash_operator.py
[2025-12-30T23:39:24.332+0000] {processor.py:830} INFO - Processing file /home/airflow/.local/lib/python3.12/site-packages/airflow/example_dags/example_bash_operator.py for tasks to queue
[2025-12-30T23:39:24.335+0000] {logging_mixin.py:188} INFO - [2025-12-30T23:39:24.334+0000] {dagbag.py:545} INFO - Filling up the DagBag from /home/airflow/.local/lib/python3.12/site-packages/airflow/example_dags/example_bash_operator.py
[2025-12-30T23:39:24.344+0000] {processor.py:840} INFO - DAG(s) 'example_bash_operator' retrieved from /home/airflow/.local/lib/python3.12/site-packages/airflow/example_dags/example_bash_operator.py
[2025-12-30T23:39:24.367+0000] {logging_mixin.py:188} INFO - [2025-12-30T23:39:24.366+0000] {dag.py:3096} INFO - Sync 1 DAGs
[2025-12-30T23:39:24.384+0000] {logging_mixin.py:188} INFO - [2025-12-30T23:39:24.384+0000] {dag.py:3954} INFO - Setting next_dagrun for example_bash_operator to 2025-12-29 00:00:00+00:00, run_after=2025-12-30 00:00:00+00:00
[2025-12-30T23:39:24.394+0000] {processor.py:183} INFO - Processing /home/airflow/.local/lib/python3.12/site-packages/airflow/example_dags/example_bash_operator.py took 0.066 seconds
[2025-12-30T23:39:54.735+0000] {processor.py:161} INFO - Started process (PID=758) to work on /home/airflow/.local/lib/python3.12/site-packages/airflow/example_dags/example_bash_operator.py
[2025-12-30T23:39:54.736+0000] {processor.py:830} INFO - Processing file /home/airflow/.local/lib/python3.12/site-packages/airflow/example_dags/example_bash_operator.py for tasks to queue
[2025-12-30T23:39:54.738+0000] {logging_mixin.py:188} INFO - [2025-12-30T23:39:54.738+0000] {dagbag.py:545} INFO - Filling up the DagBag from /home/airflow/.local/lib/python3.12/site-packages/airflow/example_dags/example_bash_operator.py
[2025-12-30T23:39:54.755+0000] {processor.py:840} INFO - DAG(s) 'example_bash_operator' retrieved from /home/airflow/.local/lib/python3.12/site-packages/airflow/example_dags/example_bash_operator.py
[2025-12-30T23:39:54.771+0000] {logging_mixin.py:188} INFO - [2025-12-30T23:39:54.771+0000] {dag.py:3096} INFO - Sync 1 DAGs
[2025-12-30T23:39:54.782+0000] {logging_mixin.py:188} INFO - [2025-12-30T23:39:54.782+0000] {dag.py:3954} INFO - Setting next_dagrun for example_bash_operator to 2025-12-29 00:00:00+00:00, run_after=2025-12-30 00:00:00+00:00
[2025-12-30T23:39:54.790+0000] {processor.py:183} INFO - Processing /home/airflow/.local/lib/python3.12/site-packages/airflow/example_dags/example_bash_operator.py took 0.059 seconds
[2025-12-30T23:40:24.956+0000] {processor.py:161} INFO - Started process (PID=817) to work on /home/airflow/.local/lib/python3.12/site-packages/airflow/example_dags/example_bash_operator.py
[2025-12-30T23:40:24.956+0000] {processor.py:830} INFO - Processing file /home/airflow/.local/lib/python3.12/site-packages/airflow/example_dags/example_bash_operator.py for tasks to queue
[2025-12-30T23:40:24.957+0000] {logging_mixin.py:188} INFO - [2025-12-30T23:40:24.957+0000] {dagbag.py:545} INFO - Filling up the DagBag from /home/airflow/.local/lib/python3.12/site-packages/airflow/example_dags/example_bash_operator.py
[2025-12-30T23:40:24.964+0000] {processor.py:840} INFO - DAG(s) 'example_bash_operator' retrieved from /home/airflow/.local/lib/python3.12/site-packages/airflow/example_dags/example_bash_operator.py
[2025-12-30T23:40:24.977+0000] {logging_mixin.py:188} INFO - [2025-12-30T23:40:24.977+0000] {dag.py:3096} INFO - Sync 1 DAGs
[2025-12-30T23:40:24.988+0000] {logging_mixin.py:188} INFO - [2025-12-30T23:40:24.988+0000] {dag.py:3954} INFO - Setting next_dagrun for example_bash_operator to 2025-12-29 00:00:00+00:00, run_after=2025-12-30 00:00:00+00:00
[2025-12-30T23:40:24.996+0000] {processor.py:183} INFO - Processing /home/airflow/.local/lib/python3.12/site-packages/airflow/example_dags/example_bash_operator.py took 0.043 seconds
[2025-12-30T23:40:55.225+0000] {processor.py:161} INFO - Started process (PID=877) to work on /home/airflow/.local/lib/python3.12/site-packages/airflow/example_dags/example_bash_operator.py
[2025-12-30T23:40:55.226+0000] {processor.py:830} INFO - Processing file /home/airflow/.local/lib/python3.12/site-packages/airflow/example_dags/example_bash_operator.py for tasks to queue
[2025-12-30T23:40:55.227+0000] {logging_mixin.py:188} INFO - [2025-12-30T23:40:55.227+0000] {dagbag.py:545} INFO - Filling up the DagBag from /home/airflow/.local/lib/python3.12/site-packages/airflow/example_dags/example_bash_operator.py
[2025-12-30T23:40:55.234+0000] {processor.py:840} INFO - DAG(s) 'example_bash_operator' retrieved from /home/airflow/.local/lib/python3.12/site-packages/airflow/example_dags/example_bash_operator.py
[2025-12-30T23:40:55.249+0000] {logging_mixin.py:188} INFO - [2025-12-30T23:40:55.249+0000] {dag.py:3096} INFO - Sync 1 DAGs
[2025-12-30T23:40:55.260+0000] {logging_mixin.py:188} INFO - [2025-12-30T23:40:55.260+0000] {dag.py:3954} INFO - Setting next_dagrun for example_bash_operator to 2025-12-29 00:00:00+00:00, run_after=2025-12-30 00:00:00+00:00
[2025-12-30T23:40:55.269+0000] {processor.py:183} INFO - Processing /home/airflow/.local/lib/python3.12/site-packages/airflow/example_dags/example_bash_operator.py took 0.049 seconds
[2025-12-30T23:42:56.214+0000] {processor.py:161} INFO - Started process (PID=43) to work on /home/airflow/.local/lib/python3.12/site-packages/airflow/example_dags/example_bash_operator.py
[2025-12-30T23:42:56.218+0000] {processor.py:830} INFO - Processing file /home/airflow/.local/lib/python3.12/site-packages/airflow/example_dags/example_bash_operator.py for tasks to queue
[2025-12-30T23:42:56.240+0000] {logging_mixin.py:188} INFO - [2025-12-30T23:42:56.240+0000] {dagbag.py:545} INFO - Filling up the DagBag from /home/airflow/.local/lib/python3.12/site-packages/airflow/example_dags/example_bash_operator.py
[2025-12-30T23:42:56.329+0000] {processor.py:840} INFO - DAG(s) 'example_bash_operator' retrieved from /home/airflow/.local/lib/python3.12/site-packages/airflow/example_dags/example_bash_operator.py
[2025-12-30T23:42:56.361+0000] {logging_mixin.py:188} INFO - [2025-12-30T23:42:56.360+0000] {dag.py:3096} INFO - Sync 1 DAGs
[2025-12-30T23:42:56.404+0000] {logging_mixin.py:188} INFO - [2025-12-30T23:42:56.404+0000] {dag.py:3954} INFO - Setting next_dagrun for example_bash_operator to 2025-12-29 00:00:00+00:00, run_after=2025-12-30 00:00:00+00:00
[2025-12-30T23:42:56.443+0000] {processor.py:183} INFO - Processing /home/airflow/.local/lib/python3.12/site-packages/airflow/example_dags/example_bash_operator.py took 0.250 seconds
[2025-12-30T23:43:26.845+0000] {processor.py:161} INFO - Started process (PID=103) to work on /home/airflow/.local/lib/python3.12/site-packages/airflow/example_dags/example_bash_operator.py
[2025-12-30T23:43:26.846+0000] {processor.py:830} INFO - Processing file /home/airflow/.local/lib/python3.12/site-packages/airflow/example_dags/example_bash_operator.py for tasks to queue
[2025-12-30T23:43:26.848+0000] {logging_mixin.py:188} INFO - [2025-12-30T23:43:26.848+0000] {dagbag.py:545} INFO - Filling up the DagBag from /home/airflow/.local/lib/python3.12/site-packages/airflow/example_dags/example_bash_operator.py
[2025-12-30T23:43:26.867+0000] {processor.py:840} INFO - DAG(s) 'example_bash_operator' retrieved from /home/airflow/.local/lib/python3.12/site-packages/airflow/example_dags/example_bash_operator.py
[2025-12-30T23:43:26.966+0000] {logging_mixin.py:188} INFO - [2025-12-30T23:43:26.965+0000] {dag.py:3096} INFO - Sync 1 DAGs
[2025-12-30T23:43:26.984+0000] {logging_mixin.py:188} INFO - [2025-12-30T23:43:26.984+0000] {dag.py:3954} INFO - Setting next_dagrun for example_bash_operator to 2025-12-29 00:00:00+00:00, run_after=2025-12-30 00:00:00+00:00
[2025-12-30T23:43:26.994+0000] {processor.py:183} INFO - Processing /home/airflow/.local/lib/python3.12/site-packages/airflow/example_dags/example_bash_operator.py took 0.155 seconds
[2025-12-30T23:43:57.784+0000] {processor.py:161} INFO - Started process (PID=163) to work on /home/airflow/.local/lib/python3.12/site-packages/airflow/example_dags/example_bash_operator.py
[2025-12-30T23:43:57.785+0000] {processor.py:830} INFO - Processing file /home/airflow/.local/lib/python3.12/site-packages/airflow/example_dags/example_bash_operator.py for tasks to queue
[2025-12-30T23:43:57.786+0000] {logging_mixin.py:188} INFO - [2025-12-30T23:43:57.786+0000] {dagbag.py:545} INFO - Filling up the DagBag from /home/airflow/.local/lib/python3.12/site-packages/airflow/example_dags/example_bash_operator.py
[2025-12-30T23:43:57.794+0000] {processor.py:840} INFO - DAG(s) 'example_bash_operator' retrieved from /home/airflow/.local/lib/python3.12/site-packages/airflow/example_dags/example_bash_operator.py
[2025-12-30T23:43:57.809+0000] {logging_mixin.py:188} INFO - [2025-12-30T23:43:57.808+0000] {dag.py:3096} INFO - Sync 1 DAGs
[2025-12-30T23:43:57.822+0000] {logging_mixin.py:188} INFO - [2025-12-30T23:43:57.822+0000] {dag.py:3954} INFO - Setting next_dagrun for example_bash_operator to 2025-12-29 00:00:00+00:00, run_after=2025-12-30 00:00:00+00:00
[2025-12-30T23:43:57.830+0000] {processor.py:183} INFO - Processing /home/airflow/.local/lib/python3.12/site-packages/airflow/example_dags/example_bash_operator.py took 0.051 seconds
[2025-12-30T23:44:28.047+0000] {processor.py:161} INFO - Started process (PID=221) to work on /home/airflow/.local/lib/python3.12/site-packages/airflow/example_dags/example_bash_operator.py
[2025-12-30T23:44:28.048+0000] {processor.py:830} INFO - Processing file /home/airflow/.local/lib/python3.12/site-packages/airflow/example_dags/example_bash_operator.py for tasks to queue
[2025-12-30T23:44:28.049+0000] {logging_mixin.py:188} INFO - [2025-12-30T23:44:28.049+0000] {dagbag.py:545} INFO - Filling up the DagBag from /home/airflow/.local/lib/python3.12/site-packages/airflow/example_dags/example_bash_operator.py
[2025-12-30T23:44:28.057+0000] {processor.py:840} INFO - DAG(s) 'example_bash_operator' retrieved from /home/airflow/.local/lib/python3.12/site-packages/airflow/example_dags/example_bash_operator.py
[2025-12-30T23:44:28.077+0000] {logging_mixin.py:188} INFO - [2025-12-30T23:44:28.077+0000] {dag.py:3096} INFO - Sync 1 DAGs
[2025-12-30T23:44:28.090+0000] {logging_mixin.py:188} INFO - [2025-12-30T23:44:28.090+0000] {dag.py:3954} INFO - Setting next_dagrun for example_bash_operator to 2025-12-29 00:00:00+00:00, run_after=2025-12-30 00:00:00+00:00
[2025-12-30T23:44:28.098+0000] {processor.py:183} INFO - Processing /home/airflow/.local/lib/python3.12/site-packages/airflow/example_dags/example_bash_operator.py took 0.053 seconds
[2025-12-30T23:44:59.143+0000] {processor.py:161} INFO - Started process (PID=281) to work on /home/airflow/.local/lib/python3.12/site-packages/airflow/example_dags/example_bash_operator.py
[2025-12-30T23:44:59.144+0000] {processor.py:830} INFO - Processing file /home/airflow/.local/lib/python3.12/site-packages/airflow/example_dags/example_bash_operator.py for tasks to queue
[2025-12-30T23:44:59.146+0000] {logging_mixin.py:188} INFO - [2025-12-30T23:44:59.146+0000] {dagbag.py:545} INFO - Filling up the DagBag from /home/airflow/.local/lib/python3.12/site-packages/airflow/example_dags/example_bash_operator.py
[2025-12-30T23:44:59.157+0000] {processor.py:840} INFO - DAG(s) 'example_bash_operator' retrieved from /home/airflow/.local/lib/python3.12/site-packages/airflow/example_dags/example_bash_operator.py
[2025-12-30T23:44:59.182+0000] {logging_mixin.py:188} INFO - [2025-12-30T23:44:59.181+0000] {dag.py:3096} INFO - Sync 1 DAGs
[2025-12-30T23:44:59.205+0000] {logging_mixin.py:188} INFO - [2025-12-30T23:44:59.205+0000] {dag.py:3954} INFO - Setting next_dagrun for example_bash_operator to 2025-12-29 00:00:00+00:00, run_after=2025-12-30 00:00:00+00:00
[2025-12-30T23:44:59.219+0000] {processor.py:183} INFO - Processing /home/airflow/.local/lib/python3.12/site-packages/airflow/example_dags/example_bash_operator.py took 0.082 seconds
[2025-12-30T23:45:29.784+0000] {processor.py:161} INFO - Started process (PID=347) to work on /home/airflow/.local/lib/python3.12/site-packages/airflow/example_dags/example_bash_operator.py
[2025-12-30T23:45:29.785+0000] {processor.py:830} INFO - Processing file /home/airflow/.local/lib/python3.12/site-packages/airflow/example_dags/example_bash_operator.py for tasks to queue
[2025-12-30T23:45:29.789+0000] {logging_mixin.py:188} INFO - [2025-12-30T23:45:29.789+0000] {dagbag.py:545} INFO - Filling up the DagBag from /home/airflow/.local/lib/python3.12/site-packages/airflow/example_dags/example_bash_operator.py
[2025-12-30T23:45:29.800+0000] {processor.py:840} INFO - DAG(s) 'example_bash_operator' retrieved from /home/airflow/.local/lib/python3.12/site-packages/airflow/example_dags/example_bash_operator.py
[2025-12-30T23:45:29.819+0000] {logging_mixin.py:188} INFO - [2025-12-30T23:45:29.819+0000] {dag.py:3096} INFO - Sync 1 DAGs
[2025-12-30T23:45:29.831+0000] {logging_mixin.py:188} INFO - [2025-12-30T23:45:29.831+0000] {dag.py:3954} INFO - Setting next_dagrun for example_bash_operator to 2025-12-29 00:00:00+00:00, run_after=2025-12-30 00:00:00+00:00
[2025-12-30T23:45:29.842+0000] {processor.py:183} INFO - Processing /home/airflow/.local/lib/python3.12/site-packages/airflow/example_dags/example_bash_operator.py took 0.065 seconds
[2025-12-30T23:46:00.065+0000] {processor.py:161} INFO - Started process (PID=407) to work on /home/airflow/.local/lib/python3.12/site-packages/airflow/example_dags/example_bash_operator.py
[2025-12-30T23:46:00.066+0000] {processor.py:830} INFO - Processing file /home/airflow/.local/lib/python3.12/site-packages/airflow/example_dags/example_bash_operator.py for tasks to queue
[2025-12-30T23:46:00.068+0000] {logging_mixin.py:188} INFO - [2025-12-30T23:46:00.068+0000] {dagbag.py:545} INFO - Filling up the DagBag from /home/airflow/.local/lib/python3.12/site-packages/airflow/example_dags/example_bash_operator.py
[2025-12-30T23:46:00.083+0000] {processor.py:840} INFO - DAG(s) 'example_bash_operator' retrieved from /home/airflow/.local/lib/python3.12/site-packages/airflow/example_dags/example_bash_operator.py
[2025-12-30T23:46:00.098+0000] {logging_mixin.py:188} INFO - [2025-12-30T23:46:00.097+0000] {dag.py:3096} INFO - Sync 1 DAGs
[2025-12-30T23:46:00.111+0000] {logging_mixin.py:188} INFO - [2025-12-30T23:46:00.111+0000] {dag.py:3954} INFO - Setting next_dagrun for example_bash_operator to 2025-12-29 00:00:00+00:00, run_after=2025-12-30 00:00:00+00:00
[2025-12-30T23:46:00.123+0000] {processor.py:183} INFO - Processing /home/airflow/.local/lib/python3.12/site-packages/airflow/example_dags/example_bash_operator.py took 0.063 seconds
[2025-12-30T23:46:30.208+0000] {processor.py:161} INFO - Started process (PID=467) to work on /home/airflow/.local/lib/python3.12/site-packages/airflow/example_dags/example_bash_operator.py
[2025-12-30T23:46:30.209+0000] {processor.py:830} INFO - Processing file /home/airflow/.local/lib/python3.12/site-packages/airflow/example_dags/example_bash_operator.py for tasks to queue
[2025-12-30T23:46:30.210+0000] {logging_mixin.py:188} INFO - [2025-12-30T23:46:30.210+0000] {dagbag.py:545} INFO - Filling up the DagBag from /home/airflow/.local/lib/python3.12/site-packages/airflow/example_dags/example_bash_operator.py
[2025-12-30T23:46:30.223+0000] {processor.py:840} INFO - DAG(s) 'example_bash_operator' retrieved from /home/airflow/.local/lib/python3.12/site-packages/airflow/example_dags/example_bash_operator.py
[2025-12-30T23:46:30.239+0000] {logging_mixin.py:188} INFO - [2025-12-30T23:46:30.239+0000] {dag.py:3096} INFO - Sync 1 DAGs
[2025-12-30T23:46:30.251+0000] {logging_mixin.py:188} INFO - [2025-12-30T23:46:30.251+0000] {dag.py:3954} INFO - Setting next_dagrun for example_bash_operator to 2025-12-29 00:00:00+00:00, run_after=2025-12-30 00:00:00+00:00
[2025-12-30T23:46:30.259+0000] {processor.py:183} INFO - Processing /home/airflow/.local/lib/python3.12/site-packages/airflow/example_dags/example_bash_operator.py took 0.057 seconds
[2025-12-30T23:47:00.496+0000] {processor.py:161} INFO - Started process (PID=527) to work on /home/airflow/.local/lib/python3.12/site-packages/airflow/example_dags/example_bash_operator.py
[2025-12-30T23:47:00.497+0000] {processor.py:830} INFO - Processing file /home/airflow/.local/lib/python3.12/site-packages/airflow/example_dags/example_bash_operator.py for tasks to queue
[2025-12-30T23:47:00.498+0000] {logging_mixin.py:188} INFO - [2025-12-30T23:47:00.498+0000] {dagbag.py:545} INFO - Filling up the DagBag from /home/airflow/.local/lib/python3.12/site-packages/airflow/example_dags/example_bash_operator.py
[2025-12-30T23:47:00.508+0000] {processor.py:840} INFO - DAG(s) 'example_bash_operator' retrieved from /home/airflow/.local/lib/python3.12/site-packages/airflow/example_dags/example_bash_operator.py
[2025-12-30T23:47:00.522+0000] {logging_mixin.py:188} INFO - [2025-12-30T23:47:00.522+0000] {dag.py:3096} INFO - Sync 1 DAGs
[2025-12-30T23:47:00.533+0000] {logging_mixin.py:188} INFO - [2025-12-30T23:47:00.533+0000] {dag.py:3954} INFO - Setting next_dagrun for example_bash_operator to 2025-12-29 00:00:00+00:00, run_after=2025-12-30 00:00:00+00:00
[2025-12-30T23:47:00.541+0000] {processor.py:183} INFO - Processing /home/airflow/.local/lib/python3.12/site-packages/airflow/example_dags/example_bash_operator.py took 0.051 seconds
[2025-12-30T23:47:30.951+0000] {processor.py:161} INFO - Started process (PID=587) to work on /home/airflow/.local/lib/python3.12/site-packages/airflow/example_dags/example_bash_operator.py
[2025-12-30T23:47:30.952+0000] {processor.py:830} INFO - Processing file /home/airflow/.local/lib/python3.12/site-packages/airflow/example_dags/example_bash_operator.py for tasks to queue
[2025-12-30T23:47:30.954+0000] {logging_mixin.py:188} INFO - [2025-12-30T23:47:30.953+0000] {dagbag.py:545} INFO - Filling up the DagBag from /home/airflow/.local/lib/python3.12/site-packages/airflow/example_dags/example_bash_operator.py
[2025-12-30T23:47:30.964+0000] {processor.py:840} INFO - DAG(s) 'example_bash_operator' retrieved from /home/airflow/.local/lib/python3.12/site-packages/airflow/example_dags/example_bash_operator.py
[2025-12-30T23:47:30.981+0000] {logging_mixin.py:188} INFO - [2025-12-30T23:47:30.980+0000] {dag.py:3096} INFO - Sync 1 DAGs
[2025-12-30T23:47:30.992+0000] {logging_mixin.py:188} INFO - [2025-12-30T23:47:30.991+0000] {dag.py:3954} INFO - Setting next_dagrun for example_bash_operator to 2025-12-29 00:00:00+00:00, run_after=2025-12-30 00:00:00+00:00
[2025-12-30T23:47:30.999+0000] {processor.py:183} INFO - Processing /home/airflow/.local/lib/python3.12/site-packages/airflow/example_dags/example_bash_operator.py took 0.056 seconds
[2025-12-30T23:48:01.330+0000] {processor.py:161} INFO - Started process (PID=647) to work on /home/airflow/.local/lib/python3.12/site-packages/airflow/example_dags/example_bash_operator.py
[2025-12-30T23:48:01.331+0000] {processor.py:830} INFO - Processing file /home/airflow/.local/lib/python3.12/site-packages/airflow/example_dags/example_bash_operator.py for tasks to queue
[2025-12-30T23:48:01.333+0000] {logging_mixin.py:188} INFO - [2025-12-30T23:48:01.332+0000] {dagbag.py:545} INFO - Filling up the DagBag from /home/airflow/.local/lib/python3.12/site-packages/airflow/example_dags/example_bash_operator.py
[2025-12-30T23:48:01.341+0000] {processor.py:840} INFO - DAG(s) 'example_bash_operator' retrieved from /home/airflow/.local/lib/python3.12/site-packages/airflow/example_dags/example_bash_operator.py
[2025-12-30T23:48:01.353+0000] {logging_mixin.py:188} INFO - [2025-12-30T23:48:01.353+0000] {dag.py:3096} INFO - Sync 1 DAGs
[2025-12-30T23:48:01.362+0000] {logging_mixin.py:188} INFO - [2025-12-30T23:48:01.362+0000] {dag.py:3954} INFO - Setting next_dagrun for example_bash_operator to 2025-12-29 00:00:00+00:00, run_after=2025-12-30 00:00:00+00:00
[2025-12-30T23:48:01.370+0000] {processor.py:183} INFO - Processing /home/airflow/.local/lib/python3.12/site-packages/airflow/example_dags/example_bash_operator.py took 0.045 seconds
[2025-12-30T23:48:31.556+0000] {processor.py:161} INFO - Started process (PID=707) to work on /home/airflow/.local/lib/python3.12/site-packages/airflow/example_dags/example_bash_operator.py
[2025-12-30T23:48:31.557+0000] {processor.py:830} INFO - Processing file /home/airflow/.local/lib/python3.12/site-packages/airflow/example_dags/example_bash_operator.py for tasks to queue
[2025-12-30T23:48:31.559+0000] {logging_mixin.py:188} INFO - [2025-12-30T23:48:31.559+0000] {dagbag.py:545} INFO - Filling up the DagBag from /home/airflow/.local/lib/python3.12/site-packages/airflow/example_dags/example_bash_operator.py
[2025-12-30T23:48:31.571+0000] {processor.py:840} INFO - DAG(s) 'example_bash_operator' retrieved from /home/airflow/.local/lib/python3.12/site-packages/airflow/example_dags/example_bash_operator.py
[2025-12-30T23:48:31.591+0000] {logging_mixin.py:188} INFO - [2025-12-30T23:48:31.590+0000] {dag.py:3096} INFO - Sync 1 DAGs
[2025-12-30T23:48:31.602+0000] {logging_mixin.py:188} INFO - [2025-12-30T23:48:31.602+0000] {dag.py:3954} INFO - Setting next_dagrun for example_bash_operator to 2025-12-29 00:00:00+00:00, run_after=2025-12-30 00:00:00+00:00
[2025-12-30T23:48:31.610+0000] {processor.py:183} INFO - Processing /home/airflow/.local/lib/python3.12/site-packages/airflow/example_dags/example_bash_operator.py took 0.060 seconds
[2025-12-30T23:49:01.818+0000] {processor.py:161} INFO - Started process (PID=767) to work on /home/airflow/.local/lib/python3.12/site-packages/airflow/example_dags/example_bash_operator.py
[2025-12-30T23:49:01.819+0000] {processor.py:830} INFO - Processing file /home/airflow/.local/lib/python3.12/site-packages/airflow/example_dags/example_bash_operator.py for tasks to queue
[2025-12-30T23:49:01.820+0000] {logging_mixin.py:188} INFO - [2025-12-30T23:49:01.820+0000] {dagbag.py:545} INFO - Filling up the DagBag from /home/airflow/.local/lib/python3.12/site-packages/airflow/example_dags/example_bash_operator.py
[2025-12-30T23:49:01.834+0000] {processor.py:840} INFO - DAG(s) 'example_bash_operator' retrieved from /home/airflow/.local/lib/python3.12/site-packages/airflow/example_dags/example_bash_operator.py
[2025-12-30T23:49:01.848+0000] {logging_mixin.py:188} INFO - [2025-12-30T23:49:01.848+0000] {dag.py:3096} INFO - Sync 1 DAGs
[2025-12-30T23:49:01.860+0000] {logging_mixin.py:188} INFO - [2025-12-30T23:49:01.860+0000] {dag.py:3954} INFO - Setting next_dagrun for example_bash_operator to 2025-12-29 00:00:00+00:00, run_after=2025-12-30 00:00:00+00:00
[2025-12-30T23:49:01.868+0000] {processor.py:183} INFO - Processing /home/airflow/.local/lib/python3.12/site-packages/airflow/example_dags/example_bash_operator.py took 0.055 seconds
[2025-12-30T23:49:32.126+0000] {processor.py:161} INFO - Started process (PID=827) to work on /home/airflow/.local/lib/python3.12/site-packages/airflow/example_dags/example_bash_operator.py
[2025-12-30T23:49:32.127+0000] {processor.py:830} INFO - Processing file /home/airflow/.local/lib/python3.12/site-packages/airflow/example_dags/example_bash_operator.py for tasks to queue
[2025-12-30T23:49:32.129+0000] {logging_mixin.py:188} INFO - [2025-12-30T23:49:32.129+0000] {dagbag.py:545} INFO - Filling up the DagBag from /home/airflow/.local/lib/python3.12/site-packages/airflow/example_dags/example_bash_operator.py
[2025-12-30T23:49:32.138+0000] {processor.py:840} INFO - DAG(s) 'example_bash_operator' retrieved from /home/airflow/.local/lib/python3.12/site-packages/airflow/example_dags/example_bash_operator.py
[2025-12-30T23:49:32.151+0000] {logging_mixin.py:188} INFO - [2025-12-30T23:49:32.151+0000] {dag.py:3096} INFO - Sync 1 DAGs
[2025-12-30T23:49:32.161+0000] {logging_mixin.py:188} INFO - [2025-12-30T23:49:32.161+0000] {dag.py:3954} INFO - Setting next_dagrun for example_bash_operator to 2025-12-29 00:00:00+00:00, run_after=2025-12-30 00:00:00+00:00
[2025-12-30T23:49:32.168+0000] {processor.py:183} INFO - Processing /home/airflow/.local/lib/python3.12/site-packages/airflow/example_dags/example_bash_operator.py took 0.046 seconds
[2025-12-30T23:50:02.315+0000] {processor.py:161} INFO - Started process (PID=887) to work on /home/airflow/.local/lib/python3.12/site-packages/airflow/example_dags/example_bash_operator.py
[2025-12-30T23:50:02.316+0000] {processor.py:830} INFO - Processing file /home/airflow/.local/lib/python3.12/site-packages/airflow/example_dags/example_bash_operator.py for tasks to queue
[2025-12-30T23:50:02.318+0000] {logging_mixin.py:188} INFO - [2025-12-30T23:50:02.317+0000] {dagbag.py:545} INFO - Filling up the DagBag from /home/airflow/.local/lib/python3.12/site-packages/airflow/example_dags/example_bash_operator.py
[2025-12-30T23:50:02.328+0000] {processor.py:840} INFO - DAG(s) 'example_bash_operator' retrieved from /home/airflow/.local/lib/python3.12/site-packages/airflow/example_dags/example_bash_operator.py
[2025-12-30T23:50:02.344+0000] {logging_mixin.py:188} INFO - [2025-12-30T23:50:02.343+0000] {dag.py:3096} INFO - Sync 1 DAGs
[2025-12-30T23:50:02.354+0000] {logging_mixin.py:188} INFO - [2025-12-30T23:50:02.354+0000] {dag.py:3954} INFO - Setting next_dagrun for example_bash_operator to 2025-12-29 00:00:00+00:00, run_after=2025-12-30 00:00:00+00:00
[2025-12-30T23:50:02.362+0000] {processor.py:183} INFO - Processing /home/airflow/.local/lib/python3.12/site-packages/airflow/example_dags/example_bash_operator.py took 0.054 seconds
[2025-12-30T23:50:32.917+0000] {processor.py:161} INFO - Started process (PID=947) to work on /home/airflow/.local/lib/python3.12/site-packages/airflow/example_dags/example_bash_operator.py
[2025-12-30T23:50:32.917+0000] {processor.py:830} INFO - Processing file /home/airflow/.local/lib/python3.12/site-packages/airflow/example_dags/example_bash_operator.py for tasks to queue
[2025-12-30T23:50:32.919+0000] {logging_mixin.py:188} INFO - [2025-12-30T23:50:32.919+0000] {dagbag.py:545} INFO - Filling up the DagBag from /home/airflow/.local/lib/python3.12/site-packages/airflow/example_dags/example_bash_operator.py
[2025-12-30T23:50:32.928+0000] {processor.py:840} INFO - DAG(s) 'example_bash_operator' retrieved from /home/airflow/.local/lib/python3.12/site-packages/airflow/example_dags/example_bash_operator.py
[2025-12-30T23:50:32.942+0000] {logging_mixin.py:188} INFO - [2025-12-30T23:50:32.942+0000] {dag.py:3096} INFO - Sync 1 DAGs
[2025-12-30T23:50:32.952+0000] {logging_mixin.py:188} INFO - [2025-12-30T23:50:32.952+0000] {dag.py:3954} INFO - Setting next_dagrun for example_bash_operator to 2025-12-29 00:00:00+00:00, run_after=2025-12-30 00:00:00+00:00
[2025-12-30T23:50:32.960+0000] {processor.py:183} INFO - Processing /home/airflow/.local/lib/python3.12/site-packages/airflow/example_dags/example_bash_operator.py took 0.049 seconds
[2025-12-30T23:51:03.223+0000] {processor.py:161} INFO - Started process (PID=1007) to work on /home/airflow/.local/lib/python3.12/site-packages/airflow/example_dags/example_bash_operator.py
[2025-12-30T23:51:03.223+0000] {processor.py:830} INFO - Processing file /home/airflow/.local/lib/python3.12/site-packages/airflow/example_dags/example_bash_operator.py for tasks to queue
[2025-12-30T23:51:03.225+0000] {logging_mixin.py:188} INFO - [2025-12-30T23:51:03.225+0000] {dagbag.py:545} INFO - Filling up the DagBag from /home/airflow/.local/lib/python3.12/site-packages/airflow/example_dags/example_bash_operator.py
[2025-12-30T23:51:03.234+0000] {processor.py:840} INFO - DAG(s) 'example_bash_operator' retrieved from /home/airflow/.local/lib/python3.12/site-packages/airflow/example_dags/example_bash_operator.py
[2025-12-30T23:51:03.248+0000] {logging_mixin.py:188} INFO - [2025-12-30T23:51:03.248+0000] {dag.py:3096} INFO - Sync 1 DAGs
[2025-12-30T23:51:03.259+0000] {logging_mixin.py:188} INFO - [2025-12-30T23:51:03.259+0000] {dag.py:3954} INFO - Setting next_dagrun for example_bash_operator to 2025-12-29 00:00:00+00:00, run_after=2025-12-30 00:00:00+00:00
[2025-12-30T23:51:03.266+0000] {processor.py:183} INFO - Processing /home/airflow/.local/lib/python3.12/site-packages/airflow/example_dags/example_bash_operator.py took 0.049 seconds
[2025-12-30T23:51:33.464+0000] {processor.py:161} INFO - Started process (PID=1067) to work on /home/airflow/.local/lib/python3.12/site-packages/airflow/example_dags/example_bash_operator.py
[2025-12-30T23:51:33.466+0000] {processor.py:830} INFO - Processing file /home/airflow/.local/lib/python3.12/site-packages/airflow/example_dags/example_bash_operator.py for tasks to queue
[2025-12-30T23:51:33.469+0000] {logging_mixin.py:188} INFO - [2025-12-30T23:51:33.469+0000] {dagbag.py:545} INFO - Filling up the DagBag from /home/airflow/.local/lib/python3.12/site-packages/airflow/example_dags/example_bash_operator.py
[2025-12-30T23:51:33.483+0000] {processor.py:840} INFO - DAG(s) 'example_bash_operator' retrieved from /home/airflow/.local/lib/python3.12/site-packages/airflow/example_dags/example_bash_operator.py
[2025-12-30T23:51:33.511+0000] {logging_mixin.py:188} INFO - [2025-12-30T23:51:33.511+0000] {dag.py:3096} INFO - Sync 1 DAGs
[2025-12-30T23:51:33.525+0000] {logging_mixin.py:188} INFO - [2025-12-30T23:51:33.525+0000] {dag.py:3954} INFO - Setting next_dagrun for example_bash_operator to 2025-12-29 00:00:00+00:00, run_after=2025-12-30 00:00:00+00:00
[2025-12-30T23:51:33.534+0000] {processor.py:183} INFO - Processing /home/airflow/.local/lib/python3.12/site-packages/airflow/example_dags/example_bash_operator.py took 0.093 seconds
[2025-12-30T23:52:03.833+0000] {processor.py:161} INFO - Started process (PID=1127) to work on /home/airflow/.local/lib/python3.12/site-packages/airflow/example_dags/example_bash_operator.py
[2025-12-30T23:52:03.834+0000] {processor.py:830} INFO - Processing file /home/airflow/.local/lib/python3.12/site-packages/airflow/example_dags/example_bash_operator.py for tasks to queue
[2025-12-30T23:52:03.836+0000] {logging_mixin.py:188} INFO - [2025-12-30T23:52:03.836+0000] {dagbag.py:545} INFO - Filling up the DagBag from /home/airflow/.local/lib/python3.12/site-packages/airflow/example_dags/example_bash_operator.py
[2025-12-30T23:52:03.846+0000] {processor.py:840} INFO - DAG(s) 'example_bash_operator' retrieved from /home/airflow/.local/lib/python3.12/site-packages/airflow/example_dags/example_bash_operator.py
[2025-12-30T23:52:03.860+0000] {logging_mixin.py:188} INFO - [2025-12-30T23:52:03.860+0000] {dag.py:3096} INFO - Sync 1 DAGs
[2025-12-30T23:52:03.870+0000] {logging_mixin.py:188} INFO - [2025-12-30T23:52:03.870+0000] {dag.py:3954} INFO - Setting next_dagrun for example_bash_operator to 2025-12-29 00:00:00+00:00, run_after=2025-12-30 00:00:00+00:00
[2025-12-30T23:52:03.878+0000] {processor.py:183} INFO - Processing /home/airflow/.local/lib/python3.12/site-packages/airflow/example_dags/example_bash_operator.py took 0.052 seconds
[2025-12-30T23:52:34.131+0000] {processor.py:161} INFO - Started process (PID=1187) to work on /home/airflow/.local/lib/python3.12/site-packages/airflow/example_dags/example_bash_operator.py
[2025-12-30T23:52:34.132+0000] {processor.py:830} INFO - Processing file /home/airflow/.local/lib/python3.12/site-packages/airflow/example_dags/example_bash_operator.py for tasks to queue
[2025-12-30T23:52:34.134+0000] {logging_mixin.py:188} INFO - [2025-12-30T23:52:34.133+0000] {dagbag.py:545} INFO - Filling up the DagBag from /home/airflow/.local/lib/python3.12/site-packages/airflow/example_dags/example_bash_operator.py
[2025-12-30T23:52:34.143+0000] {processor.py:840} INFO - DAG(s) 'example_bash_operator' retrieved from /home/airflow/.local/lib/python3.12/site-packages/airflow/example_dags/example_bash_operator.py
[2025-12-30T23:52:34.160+0000] {logging_mixin.py:188} INFO - [2025-12-30T23:52:34.160+0000] {dag.py:3096} INFO - Sync 1 DAGs
[2025-12-30T23:52:34.171+0000] {logging_mixin.py:188} INFO - [2025-12-30T23:52:34.170+0000] {dag.py:3954} INFO - Setting next_dagrun for example_bash_operator to 2025-12-29 00:00:00+00:00, run_after=2025-12-30 00:00:00+00:00
[2025-12-30T23:52:34.179+0000] {processor.py:183} INFO - Processing /home/airflow/.local/lib/python3.12/site-packages/airflow/example_dags/example_bash_operator.py took 0.054 seconds
[2025-12-30T23:53:04.503+0000] {processor.py:161} INFO - Started process (PID=1247) to work on /home/airflow/.local/lib/python3.12/site-packages/airflow/example_dags/example_bash_operator.py
[2025-12-30T23:53:04.504+0000] {processor.py:830} INFO - Processing file /home/airflow/.local/lib/python3.12/site-packages/airflow/example_dags/example_bash_operator.py for tasks to queue
[2025-12-30T23:53:04.506+0000] {logging_mixin.py:188} INFO - [2025-12-30T23:53:04.506+0000] {dagbag.py:545} INFO - Filling up the DagBag from /home/airflow/.local/lib/python3.12/site-packages/airflow/example_dags/example_bash_operator.py
[2025-12-30T23:53:04.518+0000] {processor.py:840} INFO - DAG(s) 'example_bash_operator' retrieved from /home/airflow/.local/lib/python3.12/site-packages/airflow/example_dags/example_bash_operator.py
[2025-12-30T23:53:04.534+0000] {logging_mixin.py:188} INFO - [2025-12-30T23:53:04.534+0000] {dag.py:3096} INFO - Sync 1 DAGs
[2025-12-30T23:53:04.551+0000] {logging_mixin.py:188} INFO - [2025-12-30T23:53:04.551+0000] {dag.py:3954} INFO - Setting next_dagrun for example_bash_operator to 2025-12-29 00:00:00+00:00, run_after=2025-12-30 00:00:00+00:00
[2025-12-30T23:53:04.560+0000] {processor.py:183} INFO - Processing /home/airflow/.local/lib/python3.12/site-packages/airflow/example_dags/example_bash_operator.py took 0.065 seconds
[2025-12-30T23:53:35.267+0000] {processor.py:161} INFO - Started process (PID=1307) to work on /home/airflow/.local/lib/python3.12/site-packages/airflow/example_dags/example_bash_operator.py
[2025-12-30T23:53:35.268+0000] {processor.py:830} INFO - Processing file /home/airflow/.local/lib/python3.12/site-packages/airflow/example_dags/example_bash_operator.py for tasks to queue
[2025-12-30T23:53:35.271+0000] {logging_mixin.py:188} INFO - [2025-12-30T23:53:35.270+0000] {dagbag.py:545} INFO - Filling up the DagBag from /home/airflow/.local/lib/python3.12/site-packages/airflow/example_dags/example_bash_operator.py
[2025-12-30T23:53:35.281+0000] {processor.py:840} INFO - DAG(s) 'example_bash_operator' retrieved from /home/airflow/.local/lib/python3.12/site-packages/airflow/example_dags/example_bash_operator.py
[2025-12-30T23:53:35.306+0000] {logging_mixin.py:188} INFO - [2025-12-30T23:53:35.306+0000] {dag.py:3096} INFO - Sync 1 DAGs
[2025-12-30T23:53:35.318+0000] {logging_mixin.py:188} INFO - [2025-12-30T23:53:35.318+0000] {dag.py:3954} INFO - Setting next_dagrun for example_bash_operator to 2025-12-29 00:00:00+00:00, run_after=2025-12-30 00:00:00+00:00
[2025-12-30T23:53:35.326+0000] {processor.py:183} INFO - Processing /home/airflow/.local/lib/python3.12/site-packages/airflow/example_dags/example_bash_operator.py took 0.065 seconds
[2025-12-30T23:54:05.507+0000] {processor.py:161} INFO - Started process (PID=1367) to work on /home/airflow/.local/lib/python3.12/site-packages/airflow/example_dags/example_bash_operator.py
[2025-12-30T23:54:05.509+0000] {processor.py:830} INFO - Processing file /home/airflow/.local/lib/python3.12/site-packages/airflow/example_dags/example_bash_operator.py for tasks to queue
[2025-12-30T23:54:05.511+0000] {logging_mixin.py:188} INFO - [2025-12-30T23:54:05.511+0000] {dagbag.py:545} INFO - Filling up the DagBag from /home/airflow/.local/lib/python3.12/site-packages/airflow/example_dags/example_bash_operator.py
[2025-12-30T23:54:05.518+0000] {processor.py:840} INFO - DAG(s) 'example_bash_operator' retrieved from /home/airflow/.local/lib/python3.12/site-packages/airflow/example_dags/example_bash_operator.py
[2025-12-30T23:54:05.531+0000] {logging_mixin.py:188} INFO - [2025-12-30T23:54:05.531+0000] {dag.py:3096} INFO - Sync 1 DAGs
[2025-12-30T23:54:05.545+0000] {logging_mixin.py:188} INFO - [2025-12-30T23:54:05.545+0000] {dag.py:3954} INFO - Setting next_dagrun for example_bash_operator to 2025-12-29 00:00:00+00:00, run_after=2025-12-30 00:00:00+00:00
[2025-12-30T23:54:05.554+0000] {processor.py:183} INFO - Processing /home/airflow/.local/lib/python3.12/site-packages/airflow/example_dags/example_bash_operator.py took 0.050 seconds
[2025-12-30T23:54:35.642+0000] {processor.py:161} INFO - Started process (PID=1427) to work on /home/airflow/.local/lib/python3.12/site-packages/airflow/example_dags/example_bash_operator.py
[2025-12-30T23:54:35.642+0000] {processor.py:830} INFO - Processing file /home/airflow/.local/lib/python3.12/site-packages/airflow/example_dags/example_bash_operator.py for tasks to queue
[2025-12-30T23:54:35.643+0000] {logging_mixin.py:188} INFO - [2025-12-30T23:54:35.643+0000] {dagbag.py:545} INFO - Filling up the DagBag from /home/airflow/.local/lib/python3.12/site-packages/airflow/example_dags/example_bash_operator.py
[2025-12-30T23:54:35.651+0000] {processor.py:840} INFO - DAG(s) 'example_bash_operator' retrieved from /home/airflow/.local/lib/python3.12/site-packages/airflow/example_dags/example_bash_operator.py
[2025-12-30T23:54:35.671+0000] {logging_mixin.py:188} INFO - [2025-12-30T23:54:35.671+0000] {dag.py:3096} INFO - Sync 1 DAGs
[2025-12-30T23:54:35.682+0000] {logging_mixin.py:188} INFO - [2025-12-30T23:54:35.682+0000] {dag.py:3954} INFO - Setting next_dagrun for example_bash_operator to 2025-12-29 00:00:00+00:00, run_after=2025-12-30 00:00:00+00:00
[2025-12-30T23:54:35.689+0000] {processor.py:183} INFO - Processing /home/airflow/.local/lib/python3.12/site-packages/airflow/example_dags/example_bash_operator.py took 0.053 seconds
[2025-12-30T23:55:06.100+0000] {processor.py:161} INFO - Started process (PID=1487) to work on /home/airflow/.local/lib/python3.12/site-packages/airflow/example_dags/example_bash_operator.py
[2025-12-30T23:55:06.101+0000] {processor.py:830} INFO - Processing file /home/airflow/.local/lib/python3.12/site-packages/airflow/example_dags/example_bash_operator.py for tasks to queue
[2025-12-30T23:55:06.103+0000] {logging_mixin.py:188} INFO - [2025-12-30T23:55:06.103+0000] {dagbag.py:545} INFO - Filling up the DagBag from /home/airflow/.local/lib/python3.12/site-packages/airflow/example_dags/example_bash_operator.py
[2025-12-30T23:55:06.113+0000] {processor.py:840} INFO - DAG(s) 'example_bash_operator' retrieved from /home/airflow/.local/lib/python3.12/site-packages/airflow/example_dags/example_bash_operator.py
[2025-12-30T23:55:06.127+0000] {logging_mixin.py:188} INFO - [2025-12-30T23:55:06.127+0000] {dag.py:3096} INFO - Sync 1 DAGs
[2025-12-30T23:55:06.138+0000] {logging_mixin.py:188} INFO - [2025-12-30T23:55:06.137+0000] {dag.py:3954} INFO - Setting next_dagrun for example_bash_operator to 2025-12-29 00:00:00+00:00, run_after=2025-12-30 00:00:00+00:00
[2025-12-30T23:55:06.146+0000] {processor.py:183} INFO - Processing /home/airflow/.local/lib/python3.12/site-packages/airflow/example_dags/example_bash_operator.py took 0.052 seconds
[2025-12-30T23:55:36.392+0000] {processor.py:161} INFO - Started process (PID=1547) to work on /home/airflow/.local/lib/python3.12/site-packages/airflow/example_dags/example_bash_operator.py
[2025-12-30T23:55:36.395+0000] {processor.py:830} INFO - Processing file /home/airflow/.local/lib/python3.12/site-packages/airflow/example_dags/example_bash_operator.py for tasks to queue
[2025-12-30T23:55:36.400+0000] {logging_mixin.py:188} INFO - [2025-12-30T23:55:36.399+0000] {dagbag.py:545} INFO - Filling up the DagBag from /home/airflow/.local/lib/python3.12/site-packages/airflow/example_dags/example_bash_operator.py
[2025-12-30T23:55:36.421+0000] {processor.py:840} INFO - DAG(s) 'example_bash_operator' retrieved from /home/airflow/.local/lib/python3.12/site-packages/airflow/example_dags/example_bash_operator.py
[2025-12-30T23:55:36.437+0000] {logging_mixin.py:188} INFO - [2025-12-30T23:55:36.437+0000] {dag.py:3096} INFO - Sync 1 DAGs
[2025-12-30T23:55:36.448+0000] {logging_mixin.py:188} INFO - [2025-12-30T23:55:36.447+0000] {dag.py:3954} INFO - Setting next_dagrun for example_bash_operator to 2025-12-29 00:00:00+00:00, run_after=2025-12-30 00:00:00+00:00
[2025-12-30T23:55:36.455+0000] {processor.py:183} INFO - Processing /home/airflow/.local/lib/python3.12/site-packages/airflow/example_dags/example_bash_operator.py took 0.073 seconds
[2025-12-30T23:56:06.699+0000] {processor.py:161} INFO - Started process (PID=1607) to work on /home/airflow/.local/lib/python3.12/site-packages/airflow/example_dags/example_bash_operator.py
[2025-12-30T23:56:06.700+0000] {processor.py:830} INFO - Processing file /home/airflow/.local/lib/python3.12/site-packages/airflow/example_dags/example_bash_operator.py for tasks to queue
[2025-12-30T23:56:06.702+0000] {logging_mixin.py:188} INFO - [2025-12-30T23:56:06.701+0000] {dagbag.py:545} INFO - Filling up the DagBag from /home/airflow/.local/lib/python3.12/site-packages/airflow/example_dags/example_bash_operator.py
[2025-12-30T23:56:06.715+0000] {processor.py:840} INFO - DAG(s) 'example_bash_operator' retrieved from /home/airflow/.local/lib/python3.12/site-packages/airflow/example_dags/example_bash_operator.py
[2025-12-30T23:56:06.735+0000] {logging_mixin.py:188} INFO - [2025-12-30T23:56:06.735+0000] {dag.py:3096} INFO - Sync 1 DAGs
[2025-12-30T23:56:06.749+0000] {logging_mixin.py:188} INFO - [2025-12-30T23:56:06.749+0000] {dag.py:3954} INFO - Setting next_dagrun for example_bash_operator to 2025-12-29 00:00:00+00:00, run_after=2025-12-30 00:00:00+00:00
[2025-12-30T23:56:06.759+0000] {processor.py:183} INFO - Processing /home/airflow/.local/lib/python3.12/site-packages/airflow/example_dags/example_bash_operator.py took 0.066 seconds
[2025-12-30T23:56:37.157+0000] {processor.py:161} INFO - Started process (PID=1667) to work on /home/airflow/.local/lib/python3.12/site-packages/airflow/example_dags/example_bash_operator.py
[2025-12-30T23:56:37.157+0000] {processor.py:830} INFO - Processing file /home/airflow/.local/lib/python3.12/site-packages/airflow/example_dags/example_bash_operator.py for tasks to queue
[2025-12-30T23:56:37.159+0000] {logging_mixin.py:188} INFO - [2025-12-30T23:56:37.159+0000] {dagbag.py:545} INFO - Filling up the DagBag from /home/airflow/.local/lib/python3.12/site-packages/airflow/example_dags/example_bash_operator.py
[2025-12-30T23:56:37.173+0000] {processor.py:840} INFO - DAG(s) 'example_bash_operator' retrieved from /home/airflow/.local/lib/python3.12/site-packages/airflow/example_dags/example_bash_operator.py
[2025-12-30T23:56:37.197+0000] {logging_mixin.py:188} INFO - [2025-12-30T23:56:37.197+0000] {dag.py:3096} INFO - Sync 1 DAGs
[2025-12-30T23:56:37.209+0000] {logging_mixin.py:188} INFO - [2025-12-30T23:56:37.209+0000] {dag.py:3954} INFO - Setting next_dagrun for example_bash_operator to 2025-12-29 00:00:00+00:00, run_after=2025-12-30 00:00:00+00:00
[2025-12-30T23:56:37.218+0000] {processor.py:183} INFO - Processing /home/airflow/.local/lib/python3.12/site-packages/airflow/example_dags/example_bash_operator.py took 0.069 seconds
[2025-12-30T23:57:07.428+0000] {processor.py:161} INFO - Started process (PID=1727) to work on /home/airflow/.local/lib/python3.12/site-packages/airflow/example_dags/example_bash_operator.py
[2025-12-30T23:57:07.429+0000] {processor.py:830} INFO - Processing file /home/airflow/.local/lib/python3.12/site-packages/airflow/example_dags/example_bash_operator.py for tasks to queue
[2025-12-30T23:57:07.431+0000] {logging_mixin.py:188} INFO - [2025-12-30T23:57:07.431+0000] {dagbag.py:545} INFO - Filling up the DagBag from /home/airflow/.local/lib/python3.12/site-packages/airflow/example_dags/example_bash_operator.py
[2025-12-30T23:57:07.442+0000] {processor.py:840} INFO - DAG(s) 'example_bash_operator' retrieved from /home/airflow/.local/lib/python3.12/site-packages/airflow/example_dags/example_bash_operator.py
[2025-12-30T23:57:07.460+0000] {logging_mixin.py:188} INFO - [2025-12-30T23:57:07.460+0000] {dag.py:3096} INFO - Sync 1 DAGs
[2025-12-30T23:57:07.472+0000] {logging_mixin.py:188} INFO - [2025-12-30T23:57:07.472+0000] {dag.py:3954} INFO - Setting next_dagrun for example_bash_operator to 2025-12-29 00:00:00+00:00, run_after=2025-12-30 00:00:00+00:00
[2025-12-30T23:57:07.482+0000] {processor.py:183} INFO - Processing /home/airflow/.local/lib/python3.12/site-packages/airflow/example_dags/example_bash_operator.py took 0.064 seconds
[2025-12-30T23:57:38.136+0000] {processor.py:161} INFO - Started process (PID=1787) to work on /home/airflow/.local/lib/python3.12/site-packages/airflow/example_dags/example_bash_operator.py
[2025-12-30T23:57:38.138+0000] {processor.py:830} INFO - Processing file /home/airflow/.local/lib/python3.12/site-packages/airflow/example_dags/example_bash_operator.py for tasks to queue
[2025-12-30T23:57:38.141+0000] {logging_mixin.py:188} INFO - [2025-12-30T23:57:38.141+0000] {dagbag.py:545} INFO - Filling up the DagBag from /home/airflow/.local/lib/python3.12/site-packages/airflow/example_dags/example_bash_operator.py
[2025-12-30T23:57:38.152+0000] {processor.py:840} INFO - DAG(s) 'example_bash_operator' retrieved from /home/airflow/.local/lib/python3.12/site-packages/airflow/example_dags/example_bash_operator.py
[2025-12-30T23:57:38.170+0000] {logging_mixin.py:188} INFO - [2025-12-30T23:57:38.170+0000] {dag.py:3096} INFO - Sync 1 DAGs
[2025-12-30T23:57:38.181+0000] {logging_mixin.py:188} INFO - [2025-12-30T23:57:38.181+0000] {dag.py:3954} INFO - Setting next_dagrun for example_bash_operator to 2025-12-29 00:00:00+00:00, run_after=2025-12-30 00:00:00+00:00
[2025-12-30T23:57:38.189+0000] {processor.py:183} INFO - Processing /home/airflow/.local/lib/python3.12/site-packages/airflow/example_dags/example_bash_operator.py took 0.060 seconds
[2025-12-30T23:58:08.333+0000] {processor.py:161} INFO - Started process (PID=1847) to work on /home/airflow/.local/lib/python3.12/site-packages/airflow/example_dags/example_bash_operator.py
[2025-12-30T23:58:08.333+0000] {processor.py:830} INFO - Processing file /home/airflow/.local/lib/python3.12/site-packages/airflow/example_dags/example_bash_operator.py for tasks to queue
[2025-12-30T23:58:08.334+0000] {logging_mixin.py:188} INFO - [2025-12-30T23:58:08.334+0000] {dagbag.py:545} INFO - Filling up the DagBag from /home/airflow/.local/lib/python3.12/site-packages/airflow/example_dags/example_bash_operator.py
[2025-12-30T23:58:08.342+0000] {processor.py:840} INFO - DAG(s) 'example_bash_operator' retrieved from /home/airflow/.local/lib/python3.12/site-packages/airflow/example_dags/example_bash_operator.py
[2025-12-30T23:58:08.358+0000] {logging_mixin.py:188} INFO - [2025-12-30T23:58:08.358+0000] {dag.py:3096} INFO - Sync 1 DAGs
[2025-12-30T23:58:08.370+0000] {logging_mixin.py:188} INFO - [2025-12-30T23:58:08.370+0000] {dag.py:3954} INFO - Setting next_dagrun for example_bash_operator to 2025-12-29 00:00:00+00:00, run_after=2025-12-30 00:00:00+00:00
[2025-12-30T23:58:08.379+0000] {processor.py:183} INFO - Processing /home/airflow/.local/lib/python3.12/site-packages/airflow/example_dags/example_bash_operator.py took 0.050 seconds
[2025-12-30T23:58:39.121+0000] {processor.py:161} INFO - Started process (PID=1907) to work on /home/airflow/.local/lib/python3.12/site-packages/airflow/example_dags/example_bash_operator.py
[2025-12-30T23:58:39.122+0000] {processor.py:830} INFO - Processing file /home/airflow/.local/lib/python3.12/site-packages/airflow/example_dags/example_bash_operator.py for tasks to queue
[2025-12-30T23:58:39.124+0000] {logging_mixin.py:188} INFO - [2025-12-30T23:58:39.124+0000] {dagbag.py:545} INFO - Filling up the DagBag from /home/airflow/.local/lib/python3.12/site-packages/airflow/example_dags/example_bash_operator.py
[2025-12-30T23:58:39.137+0000] {processor.py:840} INFO - DAG(s) 'example_bash_operator' retrieved from /home/airflow/.local/lib/python3.12/site-packages/airflow/example_dags/example_bash_operator.py
[2025-12-30T23:58:39.156+0000] {logging_mixin.py:188} INFO - [2025-12-30T23:58:39.156+0000] {dag.py:3096} INFO - Sync 1 DAGs
[2025-12-30T23:58:39.169+0000] {logging_mixin.py:188} INFO - [2025-12-30T23:58:39.168+0000] {dag.py:3954} INFO - Setting next_dagrun for example_bash_operator to 2025-12-29 00:00:00+00:00, run_after=2025-12-30 00:00:00+00:00
[2025-12-30T23:58:39.183+0000] {processor.py:183} INFO - Processing /home/airflow/.local/lib/python3.12/site-packages/airflow/example_dags/example_bash_operator.py took 0.066 seconds
[2025-12-30T23:59:09.350+0000] {processor.py:161} INFO - Started process (PID=1967) to work on /home/airflow/.local/lib/python3.12/site-packages/airflow/example_dags/example_bash_operator.py
[2025-12-30T23:59:09.350+0000] {processor.py:830} INFO - Processing file /home/airflow/.local/lib/python3.12/site-packages/airflow/example_dags/example_bash_operator.py for tasks to queue
[2025-12-30T23:59:09.352+0000] {logging_mixin.py:188} INFO - [2025-12-30T23:59:09.352+0000] {dagbag.py:545} INFO - Filling up the DagBag from /home/airflow/.local/lib/python3.12/site-packages/airflow/example_dags/example_bash_operator.py
[2025-12-30T23:59:09.361+0000] {processor.py:840} INFO - DAG(s) 'example_bash_operator' retrieved from /home/airflow/.local/lib/python3.12/site-packages/airflow/example_dags/example_bash_operator.py
[2025-12-30T23:59:09.377+0000] {logging_mixin.py:188} INFO - [2025-12-30T23:59:09.377+0000] {dag.py:3096} INFO - Sync 1 DAGs
[2025-12-30T23:59:09.389+0000] {logging_mixin.py:188} INFO - [2025-12-30T23:59:09.388+0000] {dag.py:3954} INFO - Setting next_dagrun for example_bash_operator to 2025-12-29 00:00:00+00:00, run_after=2025-12-30 00:00:00+00:00
[2025-12-30T23:59:09.399+0000] {processor.py:183} INFO - Processing /home/airflow/.local/lib/python3.12/site-packages/airflow/example_dags/example_bash_operator.py took 0.054 seconds
[2025-12-30T23:59:39.980+0000] {processor.py:161} INFO - Started process (PID=2027) to work on /home/airflow/.local/lib/python3.12/site-packages/airflow/example_dags/example_bash_operator.py
[2025-12-30T23:59:39.981+0000] {processor.py:830} INFO - Processing file /home/airflow/.local/lib/python3.12/site-packages/airflow/example_dags/example_bash_operator.py for tasks to queue
[2025-12-30T23:59:39.983+0000] {logging_mixin.py:188} INFO - [2025-12-30T23:59:39.983+0000] {dagbag.py:545} INFO - Filling up the DagBag from /home/airflow/.local/lib/python3.12/site-packages/airflow/example_dags/example_bash_operator.py
[2025-12-30T23:59:39.992+0000] {processor.py:840} INFO - DAG(s) 'example_bash_operator' retrieved from /home/airflow/.local/lib/python3.12/site-packages/airflow/example_dags/example_bash_operator.py
[2025-12-30T23:59:40.007+0000] {logging_mixin.py:188} INFO - [2025-12-30T23:59:40.007+0000] {dag.py:3096} INFO - Sync 1 DAGs
[2025-12-30T23:59:40.018+0000] {logging_mixin.py:188} INFO - [2025-12-30T23:59:40.017+0000] {dag.py:3954} INFO - Setting next_dagrun for example_bash_operator to 2025-12-29 00:00:00+00:00, run_after=2025-12-30 00:00:00+00:00
[2025-12-30T23:59:40.025+0000] {processor.py:183} INFO - Processing /home/airflow/.local/lib/python3.12/site-packages/airflow/example_dags/example_bash_operator.py took 0.053 seconds
