[2025-12-30T23:33:51.091+0000] {processor.py:161} INFO - Started process (PID=60) to work on /home/airflow/.local/lib/python3.12/site-packages/airflow/example_dags/example_branch_labels.py
[2025-12-30T23:33:51.095+0000] {processor.py:830} INFO - Processing file /home/airflow/.local/lib/python3.12/site-packages/airflow/example_dags/example_branch_labels.py for tasks to queue
[2025-12-30T23:33:51.099+0000] {logging_mixin.py:188} INFO - [2025-12-30T23:33:51.098+0000] {dagbag.py:545} INFO - Filling up the DagBag from /home/airflow/.local/lib/python3.12/site-packages/airflow/example_dags/example_branch_labels.py
[2025-12-30T23:33:51.124+0000] {processor.py:840} INFO - DAG(s) 'example_branch_labels' retrieved from /home/airflow/.local/lib/python3.12/site-packages/airflow/example_dags/example_branch_labels.py
[2025-12-30T23:33:51.142+0000] {logging_mixin.py:188} INFO - [2025-12-30T23:33:51.141+0000] {dag.py:3096} INFO - Sync 1 DAGs
[2025-12-30T23:33:51.215+0000] {logging_mixin.py:188} INFO - [2025-12-30T23:33:51.214+0000] {dag.py:3954} INFO - Setting next_dagrun for example_branch_labels to 2025-12-29 00:00:00+00:00, run_after=2025-12-30 00:00:00+00:00
[2025-12-30T23:33:51.280+0000] {processor.py:183} INFO - Processing /home/airflow/.local/lib/python3.12/site-packages/airflow/example_dags/example_branch_labels.py took 0.201 seconds
[2025-12-30T23:34:21.502+0000] {processor.py:161} INFO - Started process (PID=119) to work on /home/airflow/.local/lib/python3.12/site-packages/airflow/example_dags/example_branch_labels.py
[2025-12-30T23:34:21.503+0000] {processor.py:830} INFO - Processing file /home/airflow/.local/lib/python3.12/site-packages/airflow/example_dags/example_branch_labels.py for tasks to queue
[2025-12-30T23:34:21.504+0000] {logging_mixin.py:188} INFO - [2025-12-30T23:34:21.504+0000] {dagbag.py:545} INFO - Filling up the DagBag from /home/airflow/.local/lib/python3.12/site-packages/airflow/example_dags/example_branch_labels.py
[2025-12-30T23:34:21.508+0000] {processor.py:840} INFO - DAG(s) 'example_branch_labels' retrieved from /home/airflow/.local/lib/python3.12/site-packages/airflow/example_dags/example_branch_labels.py
[2025-12-30T23:34:21.574+0000] {logging_mixin.py:188} INFO - [2025-12-30T23:34:21.574+0000] {dag.py:3096} INFO - Sync 1 DAGs
[2025-12-30T23:34:21.589+0000] {logging_mixin.py:188} INFO - [2025-12-30T23:34:21.589+0000] {dag.py:3954} INFO - Setting next_dagrun for example_branch_labels to 2025-12-29 00:00:00+00:00, run_after=2025-12-30 00:00:00+00:00
[2025-12-30T23:34:21.600+0000] {processor.py:183} INFO - Processing /home/airflow/.local/lib/python3.12/site-packages/airflow/example_dags/example_branch_labels.py took 0.101 seconds
[2025-12-30T23:34:51.881+0000] {processor.py:161} INFO - Started process (PID=178) to work on /home/airflow/.local/lib/python3.12/site-packages/airflow/example_dags/example_branch_labels.py
[2025-12-30T23:34:51.882+0000] {processor.py:830} INFO - Processing file /home/airflow/.local/lib/python3.12/site-packages/airflow/example_dags/example_branch_labels.py for tasks to queue
[2025-12-30T23:34:51.883+0000] {logging_mixin.py:188} INFO - [2025-12-30T23:34:51.883+0000] {dagbag.py:545} INFO - Filling up the DagBag from /home/airflow/.local/lib/python3.12/site-packages/airflow/example_dags/example_branch_labels.py
[2025-12-30T23:34:51.889+0000] {processor.py:840} INFO - DAG(s) 'example_branch_labels' retrieved from /home/airflow/.local/lib/python3.12/site-packages/airflow/example_dags/example_branch_labels.py
[2025-12-30T23:34:51.905+0000] {logging_mixin.py:188} INFO - [2025-12-30T23:34:51.905+0000] {dag.py:3096} INFO - Sync 1 DAGs
[2025-12-30T23:34:51.917+0000] {logging_mixin.py:188} INFO - [2025-12-30T23:34:51.917+0000] {dag.py:3954} INFO - Setting next_dagrun for example_branch_labels to 2025-12-29 00:00:00+00:00, run_after=2025-12-30 00:00:00+00:00
[2025-12-30T23:34:51.926+0000] {processor.py:183} INFO - Processing /home/airflow/.local/lib/python3.12/site-packages/airflow/example_dags/example_branch_labels.py took 0.048 seconds
[2025-12-30T23:35:22.143+0000] {processor.py:161} INFO - Started process (PID=237) to work on /home/airflow/.local/lib/python3.12/site-packages/airflow/example_dags/example_branch_labels.py
[2025-12-30T23:35:22.143+0000] {processor.py:830} INFO - Processing file /home/airflow/.local/lib/python3.12/site-packages/airflow/example_dags/example_branch_labels.py for tasks to queue
[2025-12-30T23:35:22.144+0000] {logging_mixin.py:188} INFO - [2025-12-30T23:35:22.144+0000] {dagbag.py:545} INFO - Filling up the DagBag from /home/airflow/.local/lib/python3.12/site-packages/airflow/example_dags/example_branch_labels.py
[2025-12-30T23:35:22.149+0000] {processor.py:840} INFO - DAG(s) 'example_branch_labels' retrieved from /home/airflow/.local/lib/python3.12/site-packages/airflow/example_dags/example_branch_labels.py
[2025-12-30T23:35:22.160+0000] {logging_mixin.py:188} INFO - [2025-12-30T23:35:22.160+0000] {dag.py:3096} INFO - Sync 1 DAGs
[2025-12-30T23:35:22.170+0000] {logging_mixin.py:188} INFO - [2025-12-30T23:35:22.170+0000] {dag.py:3954} INFO - Setting next_dagrun for example_branch_labels to 2025-12-29 00:00:00+00:00, run_after=2025-12-30 00:00:00+00:00
[2025-12-30T23:35:22.178+0000] {processor.py:183} INFO - Processing /home/airflow/.local/lib/python3.12/site-packages/airflow/example_dags/example_branch_labels.py took 0.038 seconds
[2025-12-30T23:35:52.315+0000] {processor.py:161} INFO - Started process (PID=296) to work on /home/airflow/.local/lib/python3.12/site-packages/airflow/example_dags/example_branch_labels.py
[2025-12-30T23:35:52.320+0000] {processor.py:830} INFO - Processing file /home/airflow/.local/lib/python3.12/site-packages/airflow/example_dags/example_branch_labels.py for tasks to queue
[2025-12-30T23:35:52.325+0000] {logging_mixin.py:188} INFO - [2025-12-30T23:35:52.324+0000] {dagbag.py:545} INFO - Filling up the DagBag from /home/airflow/.local/lib/python3.12/site-packages/airflow/example_dags/example_branch_labels.py
[2025-12-30T23:35:52.331+0000] {processor.py:840} INFO - DAG(s) 'example_branch_labels' retrieved from /home/airflow/.local/lib/python3.12/site-packages/airflow/example_dags/example_branch_labels.py
[2025-12-30T23:35:52.347+0000] {logging_mixin.py:188} INFO - [2025-12-30T23:35:52.347+0000] {dag.py:3096} INFO - Sync 1 DAGs
[2025-12-30T23:35:52.362+0000] {logging_mixin.py:188} INFO - [2025-12-30T23:35:52.362+0000] {dag.py:3954} INFO - Setting next_dagrun for example_branch_labels to 2025-12-29 00:00:00+00:00, run_after=2025-12-30 00:00:00+00:00
[2025-12-30T23:35:52.376+0000] {processor.py:183} INFO - Processing /home/airflow/.local/lib/python3.12/site-packages/airflow/example_dags/example_branch_labels.py took 0.066 seconds
[2025-12-30T23:36:22.518+0000] {processor.py:161} INFO - Started process (PID=361) to work on /home/airflow/.local/lib/python3.12/site-packages/airflow/example_dags/example_branch_labels.py
[2025-12-30T23:36:22.519+0000] {processor.py:830} INFO - Processing file /home/airflow/.local/lib/python3.12/site-packages/airflow/example_dags/example_branch_labels.py for tasks to queue
[2025-12-30T23:36:22.521+0000] {logging_mixin.py:188} INFO - [2025-12-30T23:36:22.520+0000] {dagbag.py:545} INFO - Filling up the DagBag from /home/airflow/.local/lib/python3.12/site-packages/airflow/example_dags/example_branch_labels.py
[2025-12-30T23:36:22.526+0000] {processor.py:840} INFO - DAG(s) 'example_branch_labels' retrieved from /home/airflow/.local/lib/python3.12/site-packages/airflow/example_dags/example_branch_labels.py
[2025-12-30T23:36:22.539+0000] {logging_mixin.py:188} INFO - [2025-12-30T23:36:22.538+0000] {dag.py:3096} INFO - Sync 1 DAGs
[2025-12-30T23:36:22.549+0000] {logging_mixin.py:188} INFO - [2025-12-30T23:36:22.549+0000] {dag.py:3954} INFO - Setting next_dagrun for example_branch_labels to 2025-12-29 00:00:00+00:00, run_after=2025-12-30 00:00:00+00:00
[2025-12-30T23:36:22.558+0000] {processor.py:183} INFO - Processing /home/airflow/.local/lib/python3.12/site-packages/airflow/example_dags/example_branch_labels.py took 0.044 seconds
[2025-12-30T23:36:52.850+0000] {processor.py:161} INFO - Started process (PID=420) to work on /home/airflow/.local/lib/python3.12/site-packages/airflow/example_dags/example_branch_labels.py
[2025-12-30T23:36:52.851+0000] {processor.py:830} INFO - Processing file /home/airflow/.local/lib/python3.12/site-packages/airflow/example_dags/example_branch_labels.py for tasks to queue
[2025-12-30T23:36:52.852+0000] {logging_mixin.py:188} INFO - [2025-12-30T23:36:52.852+0000] {dagbag.py:545} INFO - Filling up the DagBag from /home/airflow/.local/lib/python3.12/site-packages/airflow/example_dags/example_branch_labels.py
[2025-12-30T23:36:52.856+0000] {processor.py:840} INFO - DAG(s) 'example_branch_labels' retrieved from /home/airflow/.local/lib/python3.12/site-packages/airflow/example_dags/example_branch_labels.py
[2025-12-30T23:36:52.869+0000] {logging_mixin.py:188} INFO - [2025-12-30T23:36:52.868+0000] {dag.py:3096} INFO - Sync 1 DAGs
[2025-12-30T23:36:52.880+0000] {logging_mixin.py:188} INFO - [2025-12-30T23:36:52.880+0000] {dag.py:3954} INFO - Setting next_dagrun for example_branch_labels to 2025-12-29 00:00:00+00:00, run_after=2025-12-30 00:00:00+00:00
[2025-12-30T23:36:52.888+0000] {processor.py:183} INFO - Processing /home/airflow/.local/lib/python3.12/site-packages/airflow/example_dags/example_branch_labels.py took 0.042 seconds
[2025-12-30T23:37:23.240+0000] {processor.py:161} INFO - Started process (PID=479) to work on /home/airflow/.local/lib/python3.12/site-packages/airflow/example_dags/example_branch_labels.py
[2025-12-30T23:37:23.241+0000] {processor.py:830} INFO - Processing file /home/airflow/.local/lib/python3.12/site-packages/airflow/example_dags/example_branch_labels.py for tasks to queue
[2025-12-30T23:37:23.243+0000] {logging_mixin.py:188} INFO - [2025-12-30T23:37:23.243+0000] {dagbag.py:545} INFO - Filling up the DagBag from /home/airflow/.local/lib/python3.12/site-packages/airflow/example_dags/example_branch_labels.py
[2025-12-30T23:37:23.253+0000] {processor.py:840} INFO - DAG(s) 'example_branch_labels' retrieved from /home/airflow/.local/lib/python3.12/site-packages/airflow/example_dags/example_branch_labels.py
[2025-12-30T23:37:23.275+0000] {logging_mixin.py:188} INFO - [2025-12-30T23:37:23.275+0000] {dag.py:3096} INFO - Sync 1 DAGs
[2025-12-30T23:37:23.305+0000] {logging_mixin.py:188} INFO - [2025-12-30T23:37:23.305+0000] {dag.py:3954} INFO - Setting next_dagrun for example_branch_labels to 2025-12-29 00:00:00+00:00, run_after=2025-12-30 00:00:00+00:00
[2025-12-30T23:37:23.323+0000] {processor.py:183} INFO - Processing /home/airflow/.local/lib/python3.12/site-packages/airflow/example_dags/example_branch_labels.py took 0.087 seconds
[2025-12-30T23:37:53.581+0000] {processor.py:161} INFO - Started process (PID=538) to work on /home/airflow/.local/lib/python3.12/site-packages/airflow/example_dags/example_branch_labels.py
[2025-12-30T23:37:53.582+0000] {processor.py:830} INFO - Processing file /home/airflow/.local/lib/python3.12/site-packages/airflow/example_dags/example_branch_labels.py for tasks to queue
[2025-12-30T23:37:53.583+0000] {logging_mixin.py:188} INFO - [2025-12-30T23:37:53.583+0000] {dagbag.py:545} INFO - Filling up the DagBag from /home/airflow/.local/lib/python3.12/site-packages/airflow/example_dags/example_branch_labels.py
[2025-12-30T23:37:53.587+0000] {processor.py:840} INFO - DAG(s) 'example_branch_labels' retrieved from /home/airflow/.local/lib/python3.12/site-packages/airflow/example_dags/example_branch_labels.py
[2025-12-30T23:37:53.601+0000] {logging_mixin.py:188} INFO - [2025-12-30T23:37:53.601+0000] {dag.py:3096} INFO - Sync 1 DAGs
[2025-12-30T23:37:53.621+0000] {logging_mixin.py:188} INFO - [2025-12-30T23:37:53.620+0000] {dag.py:3954} INFO - Setting next_dagrun for example_branch_labels to 2025-12-29 00:00:00+00:00, run_after=2025-12-30 00:00:00+00:00
[2025-12-30T23:37:53.640+0000] {processor.py:183} INFO - Processing /home/airflow/.local/lib/python3.12/site-packages/airflow/example_dags/example_branch_labels.py took 0.063 seconds
[2025-12-30T23:38:24.142+0000] {processor.py:161} INFO - Started process (PID=597) to work on /home/airflow/.local/lib/python3.12/site-packages/airflow/example_dags/example_branch_labels.py
[2025-12-30T23:38:24.143+0000] {processor.py:830} INFO - Processing file /home/airflow/.local/lib/python3.12/site-packages/airflow/example_dags/example_branch_labels.py for tasks to queue
[2025-12-30T23:38:24.144+0000] {logging_mixin.py:188} INFO - [2025-12-30T23:38:24.143+0000] {dagbag.py:545} INFO - Filling up the DagBag from /home/airflow/.local/lib/python3.12/site-packages/airflow/example_dags/example_branch_labels.py
[2025-12-30T23:38:24.148+0000] {processor.py:840} INFO - DAG(s) 'example_branch_labels' retrieved from /home/airflow/.local/lib/python3.12/site-packages/airflow/example_dags/example_branch_labels.py
[2025-12-30T23:38:24.164+0000] {logging_mixin.py:188} INFO - [2025-12-30T23:38:24.164+0000] {dag.py:3096} INFO - Sync 1 DAGs
[2025-12-30T23:38:24.175+0000] {logging_mixin.py:188} INFO - [2025-12-30T23:38:24.175+0000] {dag.py:3954} INFO - Setting next_dagrun for example_branch_labels to 2025-12-29 00:00:00+00:00, run_after=2025-12-30 00:00:00+00:00
[2025-12-30T23:38:24.182+0000] {processor.py:183} INFO - Processing /home/airflow/.local/lib/python3.12/site-packages/airflow/example_dags/example_branch_labels.py took 0.043 seconds
[2025-12-30T23:38:54.589+0000] {processor.py:161} INFO - Started process (PID=656) to work on /home/airflow/.local/lib/python3.12/site-packages/airflow/example_dags/example_branch_labels.py
[2025-12-30T23:38:54.590+0000] {processor.py:830} INFO - Processing file /home/airflow/.local/lib/python3.12/site-packages/airflow/example_dags/example_branch_labels.py for tasks to queue
[2025-12-30T23:38:54.591+0000] {logging_mixin.py:188} INFO - [2025-12-30T23:38:54.591+0000] {dagbag.py:545} INFO - Filling up the DagBag from /home/airflow/.local/lib/python3.12/site-packages/airflow/example_dags/example_branch_labels.py
[2025-12-30T23:38:54.595+0000] {processor.py:840} INFO - DAG(s) 'example_branch_labels' retrieved from /home/airflow/.local/lib/python3.12/site-packages/airflow/example_dags/example_branch_labels.py
[2025-12-30T23:38:54.608+0000] {logging_mixin.py:188} INFO - [2025-12-30T23:38:54.607+0000] {dag.py:3096} INFO - Sync 1 DAGs
[2025-12-30T23:38:54.618+0000] {logging_mixin.py:188} INFO - [2025-12-30T23:38:54.618+0000] {dag.py:3954} INFO - Setting next_dagrun for example_branch_labels to 2025-12-29 00:00:00+00:00, run_after=2025-12-30 00:00:00+00:00
[2025-12-30T23:38:54.626+0000] {processor.py:183} INFO - Processing /home/airflow/.local/lib/python3.12/site-packages/airflow/example_dags/example_branch_labels.py took 0.041 seconds
[2025-12-30T23:39:24.929+0000] {processor.py:161} INFO - Started process (PID=715) to work on /home/airflow/.local/lib/python3.12/site-packages/airflow/example_dags/example_branch_labels.py
[2025-12-30T23:39:24.930+0000] {processor.py:830} INFO - Processing file /home/airflow/.local/lib/python3.12/site-packages/airflow/example_dags/example_branch_labels.py for tasks to queue
[2025-12-30T23:39:24.931+0000] {logging_mixin.py:188} INFO - [2025-12-30T23:39:24.931+0000] {dagbag.py:545} INFO - Filling up the DagBag from /home/airflow/.local/lib/python3.12/site-packages/airflow/example_dags/example_branch_labels.py
[2025-12-30T23:39:24.937+0000] {processor.py:840} INFO - DAG(s) 'example_branch_labels' retrieved from /home/airflow/.local/lib/python3.12/site-packages/airflow/example_dags/example_branch_labels.py
[2025-12-30T23:39:24.949+0000] {logging_mixin.py:188} INFO - [2025-12-30T23:39:24.949+0000] {dag.py:3096} INFO - Sync 1 DAGs
[2025-12-30T23:39:24.961+0000] {logging_mixin.py:188} INFO - [2025-12-30T23:39:24.961+0000] {dag.py:3954} INFO - Setting next_dagrun for example_branch_labels to 2025-12-29 00:00:00+00:00, run_after=2025-12-30 00:00:00+00:00
[2025-12-30T23:39:24.968+0000] {processor.py:183} INFO - Processing /home/airflow/.local/lib/python3.12/site-packages/airflow/example_dags/example_branch_labels.py took 0.042 seconds
[2025-12-30T23:39:55.255+0000] {processor.py:161} INFO - Started process (PID=774) to work on /home/airflow/.local/lib/python3.12/site-packages/airflow/example_dags/example_branch_labels.py
[2025-12-30T23:39:55.256+0000] {processor.py:830} INFO - Processing file /home/airflow/.local/lib/python3.12/site-packages/airflow/example_dags/example_branch_labels.py for tasks to queue
[2025-12-30T23:39:55.257+0000] {logging_mixin.py:188} INFO - [2025-12-30T23:39:55.257+0000] {dagbag.py:545} INFO - Filling up the DagBag from /home/airflow/.local/lib/python3.12/site-packages/airflow/example_dags/example_branch_labels.py
[2025-12-30T23:39:55.261+0000] {processor.py:840} INFO - DAG(s) 'example_branch_labels' retrieved from /home/airflow/.local/lib/python3.12/site-packages/airflow/example_dags/example_branch_labels.py
[2025-12-30T23:39:55.271+0000] {logging_mixin.py:188} INFO - [2025-12-30T23:39:55.271+0000] {dag.py:3096} INFO - Sync 1 DAGs
[2025-12-30T23:39:55.281+0000] {logging_mixin.py:188} INFO - [2025-12-30T23:39:55.281+0000] {dag.py:3954} INFO - Setting next_dagrun for example_branch_labels to 2025-12-29 00:00:00+00:00, run_after=2025-12-30 00:00:00+00:00
[2025-12-30T23:39:55.289+0000] {processor.py:183} INFO - Processing /home/airflow/.local/lib/python3.12/site-packages/airflow/example_dags/example_branch_labels.py took 0.038 seconds
[2025-12-30T23:40:25.638+0000] {processor.py:161} INFO - Started process (PID=833) to work on /home/airflow/.local/lib/python3.12/site-packages/airflow/example_dags/example_branch_labels.py
[2025-12-30T23:40:25.639+0000] {processor.py:830} INFO - Processing file /home/airflow/.local/lib/python3.12/site-packages/airflow/example_dags/example_branch_labels.py for tasks to queue
[2025-12-30T23:40:25.640+0000] {logging_mixin.py:188} INFO - [2025-12-30T23:40:25.640+0000] {dagbag.py:545} INFO - Filling up the DagBag from /home/airflow/.local/lib/python3.12/site-packages/airflow/example_dags/example_branch_labels.py
[2025-12-30T23:40:25.644+0000] {processor.py:840} INFO - DAG(s) 'example_branch_labels' retrieved from /home/airflow/.local/lib/python3.12/site-packages/airflow/example_dags/example_branch_labels.py
[2025-12-30T23:40:25.655+0000] {logging_mixin.py:188} INFO - [2025-12-30T23:40:25.655+0000] {dag.py:3096} INFO - Sync 1 DAGs
[2025-12-30T23:40:25.665+0000] {logging_mixin.py:188} INFO - [2025-12-30T23:40:25.665+0000] {dag.py:3954} INFO - Setting next_dagrun for example_branch_labels to 2025-12-29 00:00:00+00:00, run_after=2025-12-30 00:00:00+00:00
[2025-12-30T23:40:25.674+0000] {processor.py:183} INFO - Processing /home/airflow/.local/lib/python3.12/site-packages/airflow/example_dags/example_branch_labels.py took 0.039 seconds
[2025-12-30T23:40:55.987+0000] {processor.py:161} INFO - Started process (PID=893) to work on /home/airflow/.local/lib/python3.12/site-packages/airflow/example_dags/example_branch_labels.py
[2025-12-30T23:40:55.988+0000] {processor.py:830} INFO - Processing file /home/airflow/.local/lib/python3.12/site-packages/airflow/example_dags/example_branch_labels.py for tasks to queue
[2025-12-30T23:40:55.990+0000] {logging_mixin.py:188} INFO - [2025-12-30T23:40:55.990+0000] {dagbag.py:545} INFO - Filling up the DagBag from /home/airflow/.local/lib/python3.12/site-packages/airflow/example_dags/example_branch_labels.py
[2025-12-30T23:40:56.002+0000] {processor.py:840} INFO - DAG(s) 'example_branch_labels' retrieved from /home/airflow/.local/lib/python3.12/site-packages/airflow/example_dags/example_branch_labels.py
[2025-12-30T23:40:56.036+0000] {logging_mixin.py:188} INFO - [2025-12-30T23:40:56.036+0000] {dag.py:3096} INFO - Sync 1 DAGs
[2025-12-30T23:40:56.059+0000] {logging_mixin.py:188} INFO - [2025-12-30T23:40:56.059+0000] {dag.py:3954} INFO - Setting next_dagrun for example_branch_labels to 2025-12-29 00:00:00+00:00, run_after=2025-12-30 00:00:00+00:00
[2025-12-30T23:40:56.084+0000] {processor.py:183} INFO - Processing /home/airflow/.local/lib/python3.12/site-packages/airflow/example_dags/example_branch_labels.py took 0.103 seconds
[2025-12-30T23:42:58.173+0000] {processor.py:161} INFO - Started process (PID=59) to work on /home/airflow/.local/lib/python3.12/site-packages/airflow/example_dags/example_branch_labels.py
[2025-12-30T23:42:58.174+0000] {processor.py:830} INFO - Processing file /home/airflow/.local/lib/python3.12/site-packages/airflow/example_dags/example_branch_labels.py for tasks to queue
[2025-12-30T23:42:58.175+0000] {logging_mixin.py:188} INFO - [2025-12-30T23:42:58.175+0000] {dagbag.py:545} INFO - Filling up the DagBag from /home/airflow/.local/lib/python3.12/site-packages/airflow/example_dags/example_branch_labels.py
[2025-12-30T23:42:58.185+0000] {processor.py:840} INFO - DAG(s) 'example_branch_labels' retrieved from /home/airflow/.local/lib/python3.12/site-packages/airflow/example_dags/example_branch_labels.py
[2025-12-30T23:42:58.198+0000] {logging_mixin.py:188} INFO - [2025-12-30T23:42:58.198+0000] {dag.py:3096} INFO - Sync 1 DAGs
[2025-12-30T23:42:58.218+0000] {logging_mixin.py:188} INFO - [2025-12-30T23:42:58.218+0000] {dag.py:3954} INFO - Setting next_dagrun for example_branch_labels to 2025-12-29 00:00:00+00:00, run_after=2025-12-30 00:00:00+00:00
[2025-12-30T23:42:58.243+0000] {processor.py:183} INFO - Processing /home/airflow/.local/lib/python3.12/site-packages/airflow/example_dags/example_branch_labels.py took 0.076 seconds
[2025-12-30T23:43:28.872+0000] {processor.py:161} INFO - Started process (PID=119) to work on /home/airflow/.local/lib/python3.12/site-packages/airflow/example_dags/example_branch_labels.py
[2025-12-30T23:43:28.873+0000] {processor.py:830} INFO - Processing file /home/airflow/.local/lib/python3.12/site-packages/airflow/example_dags/example_branch_labels.py for tasks to queue
[2025-12-30T23:43:28.874+0000] {logging_mixin.py:188} INFO - [2025-12-30T23:43:28.874+0000] {dagbag.py:545} INFO - Filling up the DagBag from /home/airflow/.local/lib/python3.12/site-packages/airflow/example_dags/example_branch_labels.py
[2025-12-30T23:43:28.878+0000] {processor.py:840} INFO - DAG(s) 'example_branch_labels' retrieved from /home/airflow/.local/lib/python3.12/site-packages/airflow/example_dags/example_branch_labels.py
[2025-12-30T23:43:28.927+0000] {logging_mixin.py:188} INFO - [2025-12-30T23:43:28.927+0000] {dag.py:3096} INFO - Sync 1 DAGs
[2025-12-30T23:43:28.936+0000] {logging_mixin.py:188} INFO - [2025-12-30T23:43:28.936+0000] {dag.py:3954} INFO - Setting next_dagrun for example_branch_labels to 2025-12-29 00:00:00+00:00, run_after=2025-12-30 00:00:00+00:00
[2025-12-30T23:43:28.946+0000] {processor.py:183} INFO - Processing /home/airflow/.local/lib/python3.12/site-packages/airflow/example_dags/example_branch_labels.py took 0.076 seconds
[2025-12-30T23:43:59.596+0000] {processor.py:161} INFO - Started process (PID=185) to work on /home/airflow/.local/lib/python3.12/site-packages/airflow/example_dags/example_branch_labels.py
[2025-12-30T23:43:59.597+0000] {processor.py:830} INFO - Processing file /home/airflow/.local/lib/python3.12/site-packages/airflow/example_dags/example_branch_labels.py for tasks to queue
[2025-12-30T23:43:59.598+0000] {logging_mixin.py:188} INFO - [2025-12-30T23:43:59.598+0000] {dagbag.py:545} INFO - Filling up the DagBag from /home/airflow/.local/lib/python3.12/site-packages/airflow/example_dags/example_branch_labels.py
[2025-12-30T23:43:59.603+0000] {processor.py:840} INFO - DAG(s) 'example_branch_labels' retrieved from /home/airflow/.local/lib/python3.12/site-packages/airflow/example_dags/example_branch_labels.py
[2025-12-30T23:43:59.615+0000] {logging_mixin.py:188} INFO - [2025-12-30T23:43:59.615+0000] {dag.py:3096} INFO - Sync 1 DAGs
[2025-12-30T23:43:59.637+0000] {logging_mixin.py:188} INFO - [2025-12-30T23:43:59.637+0000] {dag.py:3954} INFO - Setting next_dagrun for example_branch_labels to 2025-12-29 00:00:00+00:00, run_after=2025-12-30 00:00:00+00:00
[2025-12-30T23:43:59.654+0000] {processor.py:183} INFO - Processing /home/airflow/.local/lib/python3.12/site-packages/airflow/example_dags/example_branch_labels.py took 0.061 seconds
[2025-12-30T23:44:29.868+0000] {processor.py:161} INFO - Started process (PID=245) to work on /home/airflow/.local/lib/python3.12/site-packages/airflow/example_dags/example_branch_labels.py
[2025-12-30T23:44:29.868+0000] {processor.py:830} INFO - Processing file /home/airflow/.local/lib/python3.12/site-packages/airflow/example_dags/example_branch_labels.py for tasks to queue
[2025-12-30T23:44:29.869+0000] {logging_mixin.py:188} INFO - [2025-12-30T23:44:29.869+0000] {dagbag.py:545} INFO - Filling up the DagBag from /home/airflow/.local/lib/python3.12/site-packages/airflow/example_dags/example_branch_labels.py
[2025-12-30T23:44:29.873+0000] {processor.py:840} INFO - DAG(s) 'example_branch_labels' retrieved from /home/airflow/.local/lib/python3.12/site-packages/airflow/example_dags/example_branch_labels.py
[2025-12-30T23:44:29.890+0000] {logging_mixin.py:188} INFO - [2025-12-30T23:44:29.889+0000] {dag.py:3096} INFO - Sync 1 DAGs
[2025-12-30T23:44:29.901+0000] {logging_mixin.py:188} INFO - [2025-12-30T23:44:29.901+0000] {dag.py:3954} INFO - Setting next_dagrun for example_branch_labels to 2025-12-29 00:00:00+00:00, run_after=2025-12-30 00:00:00+00:00
[2025-12-30T23:44:29.909+0000] {processor.py:183} INFO - Processing /home/airflow/.local/lib/python3.12/site-packages/airflow/example_dags/example_branch_labels.py took 0.044 seconds
[2025-12-30T23:45:00.440+0000] {processor.py:161} INFO - Started process (PID=305) to work on /home/airflow/.local/lib/python3.12/site-packages/airflow/example_dags/example_branch_labels.py
[2025-12-30T23:45:00.442+0000] {processor.py:830} INFO - Processing file /home/airflow/.local/lib/python3.12/site-packages/airflow/example_dags/example_branch_labels.py for tasks to queue
[2025-12-30T23:45:00.444+0000] {logging_mixin.py:188} INFO - [2025-12-30T23:45:00.444+0000] {dagbag.py:545} INFO - Filling up the DagBag from /home/airflow/.local/lib/python3.12/site-packages/airflow/example_dags/example_branch_labels.py
[2025-12-30T23:45:00.454+0000] {processor.py:840} INFO - DAG(s) 'example_branch_labels' retrieved from /home/airflow/.local/lib/python3.12/site-packages/airflow/example_dags/example_branch_labels.py
[2025-12-30T23:45:00.477+0000] {logging_mixin.py:188} INFO - [2025-12-30T23:45:00.476+0000] {dag.py:3096} INFO - Sync 1 DAGs
[2025-12-30T23:45:00.501+0000] {logging_mixin.py:188} INFO - [2025-12-30T23:45:00.501+0000] {dag.py:3954} INFO - Setting next_dagrun for example_branch_labels to 2025-12-29 00:00:00+00:00, run_after=2025-12-30 00:00:00+00:00
[2025-12-30T23:45:00.513+0000] {processor.py:183} INFO - Processing /home/airflow/.local/lib/python3.12/site-packages/airflow/example_dags/example_branch_labels.py took 0.088 seconds
[2025-12-30T23:45:31.786+0000] {processor.py:161} INFO - Started process (PID=365) to work on /home/airflow/.local/lib/python3.12/site-packages/airflow/example_dags/example_branch_labels.py
[2025-12-30T23:45:31.787+0000] {processor.py:830} INFO - Processing file /home/airflow/.local/lib/python3.12/site-packages/airflow/example_dags/example_branch_labels.py for tasks to queue
[2025-12-30T23:45:31.788+0000] {logging_mixin.py:188} INFO - [2025-12-30T23:45:31.788+0000] {dagbag.py:545} INFO - Filling up the DagBag from /home/airflow/.local/lib/python3.12/site-packages/airflow/example_dags/example_branch_labels.py
[2025-12-30T23:45:31.792+0000] {processor.py:840} INFO - DAG(s) 'example_branch_labels' retrieved from /home/airflow/.local/lib/python3.12/site-packages/airflow/example_dags/example_branch_labels.py
[2025-12-30T23:45:31.804+0000] {logging_mixin.py:188} INFO - [2025-12-30T23:45:31.804+0000] {dag.py:3096} INFO - Sync 1 DAGs
[2025-12-30T23:45:31.818+0000] {logging_mixin.py:188} INFO - [2025-12-30T23:45:31.818+0000] {dag.py:3954} INFO - Setting next_dagrun for example_branch_labels to 2025-12-29 00:00:00+00:00, run_after=2025-12-30 00:00:00+00:00
[2025-12-30T23:45:31.827+0000] {processor.py:183} INFO - Processing /home/airflow/.local/lib/python3.12/site-packages/airflow/example_dags/example_branch_labels.py took 0.044 seconds
[2025-12-30T23:46:02.954+0000] {processor.py:161} INFO - Started process (PID=425) to work on /home/airflow/.local/lib/python3.12/site-packages/airflow/example_dags/example_branch_labels.py
[2025-12-30T23:46:02.955+0000] {processor.py:830} INFO - Processing file /home/airflow/.local/lib/python3.12/site-packages/airflow/example_dags/example_branch_labels.py for tasks to queue
[2025-12-30T23:46:02.956+0000] {logging_mixin.py:188} INFO - [2025-12-30T23:46:02.956+0000] {dagbag.py:545} INFO - Filling up the DagBag from /home/airflow/.local/lib/python3.12/site-packages/airflow/example_dags/example_branch_labels.py
[2025-12-30T23:46:02.961+0000] {processor.py:840} INFO - DAG(s) 'example_branch_labels' retrieved from /home/airflow/.local/lib/python3.12/site-packages/airflow/example_dags/example_branch_labels.py
[2025-12-30T23:46:02.973+0000] {logging_mixin.py:188} INFO - [2025-12-30T23:46:02.973+0000] {dag.py:3096} INFO - Sync 1 DAGs
[2025-12-30T23:46:02.985+0000] {logging_mixin.py:188} INFO - [2025-12-30T23:46:02.985+0000] {dag.py:3954} INFO - Setting next_dagrun for example_branch_labels to 2025-12-29 00:00:00+00:00, run_after=2025-12-30 00:00:00+00:00
[2025-12-30T23:46:02.994+0000] {processor.py:183} INFO - Processing /home/airflow/.local/lib/python3.12/site-packages/airflow/example_dags/example_branch_labels.py took 0.046 seconds
[2025-12-30T23:46:33.938+0000] {processor.py:161} INFO - Started process (PID=485) to work on /home/airflow/.local/lib/python3.12/site-packages/airflow/example_dags/example_branch_labels.py
[2025-12-30T23:46:33.938+0000] {processor.py:830} INFO - Processing file /home/airflow/.local/lib/python3.12/site-packages/airflow/example_dags/example_branch_labels.py for tasks to queue
[2025-12-30T23:46:33.939+0000] {logging_mixin.py:188} INFO - [2025-12-30T23:46:33.939+0000] {dagbag.py:545} INFO - Filling up the DagBag from /home/airflow/.local/lib/python3.12/site-packages/airflow/example_dags/example_branch_labels.py
[2025-12-30T23:46:33.944+0000] {processor.py:840} INFO - DAG(s) 'example_branch_labels' retrieved from /home/airflow/.local/lib/python3.12/site-packages/airflow/example_dags/example_branch_labels.py
[2025-12-30T23:46:33.957+0000] {logging_mixin.py:188} INFO - [2025-12-30T23:46:33.957+0000] {dag.py:3096} INFO - Sync 1 DAGs
[2025-12-30T23:46:33.972+0000] {logging_mixin.py:188} INFO - [2025-12-30T23:46:33.972+0000] {dag.py:3954} INFO - Setting next_dagrun for example_branch_labels to 2025-12-29 00:00:00+00:00, run_after=2025-12-30 00:00:00+00:00
[2025-12-30T23:46:33.982+0000] {processor.py:183} INFO - Processing /home/airflow/.local/lib/python3.12/site-packages/airflow/example_dags/example_branch_labels.py took 0.048 seconds
[2025-12-30T23:47:04.264+0000] {processor.py:161} INFO - Started process (PID=545) to work on /home/airflow/.local/lib/python3.12/site-packages/airflow/example_dags/example_branch_labels.py
[2025-12-30T23:47:04.265+0000] {processor.py:830} INFO - Processing file /home/airflow/.local/lib/python3.12/site-packages/airflow/example_dags/example_branch_labels.py for tasks to queue
[2025-12-30T23:47:04.267+0000] {logging_mixin.py:188} INFO - [2025-12-30T23:47:04.267+0000] {dagbag.py:545} INFO - Filling up the DagBag from /home/airflow/.local/lib/python3.12/site-packages/airflow/example_dags/example_branch_labels.py
[2025-12-30T23:47:04.276+0000] {processor.py:840} INFO - DAG(s) 'example_branch_labels' retrieved from /home/airflow/.local/lib/python3.12/site-packages/airflow/example_dags/example_branch_labels.py
[2025-12-30T23:47:04.299+0000] {logging_mixin.py:188} INFO - [2025-12-30T23:47:04.299+0000] {dag.py:3096} INFO - Sync 1 DAGs
[2025-12-30T23:47:04.345+0000] {logging_mixin.py:188} INFO - [2025-12-30T23:47:04.345+0000] {dag.py:3954} INFO - Setting next_dagrun for example_branch_labels to 2025-12-29 00:00:00+00:00, run_after=2025-12-30 00:00:00+00:00
[2025-12-30T23:47:04.358+0000] {processor.py:183} INFO - Processing /home/airflow/.local/lib/python3.12/site-packages/airflow/example_dags/example_branch_labels.py took 0.099 seconds
[2025-12-30T23:47:34.726+0000] {processor.py:161} INFO - Started process (PID=603) to work on /home/airflow/.local/lib/python3.12/site-packages/airflow/example_dags/example_branch_labels.py
[2025-12-30T23:47:34.727+0000] {processor.py:830} INFO - Processing file /home/airflow/.local/lib/python3.12/site-packages/airflow/example_dags/example_branch_labels.py for tasks to queue
[2025-12-30T23:47:34.728+0000] {logging_mixin.py:188} INFO - [2025-12-30T23:47:34.728+0000] {dagbag.py:545} INFO - Filling up the DagBag from /home/airflow/.local/lib/python3.12/site-packages/airflow/example_dags/example_branch_labels.py
[2025-12-30T23:47:34.731+0000] {processor.py:840} INFO - DAG(s) 'example_branch_labels' retrieved from /home/airflow/.local/lib/python3.12/site-packages/airflow/example_dags/example_branch_labels.py
[2025-12-30T23:47:34.744+0000] {logging_mixin.py:188} INFO - [2025-12-30T23:47:34.744+0000] {dag.py:3096} INFO - Sync 1 DAGs
[2025-12-30T23:47:34.757+0000] {logging_mixin.py:188} INFO - [2025-12-30T23:47:34.757+0000] {dag.py:3954} INFO - Setting next_dagrun for example_branch_labels to 2025-12-29 00:00:00+00:00, run_after=2025-12-30 00:00:00+00:00
[2025-12-30T23:47:34.767+0000] {processor.py:183} INFO - Processing /home/airflow/.local/lib/python3.12/site-packages/airflow/example_dags/example_branch_labels.py took 0.044 seconds
[2025-12-30T23:48:04.991+0000] {processor.py:161} INFO - Started process (PID=663) to work on /home/airflow/.local/lib/python3.12/site-packages/airflow/example_dags/example_branch_labels.py
[2025-12-30T23:48:04.992+0000] {processor.py:830} INFO - Processing file /home/airflow/.local/lib/python3.12/site-packages/airflow/example_dags/example_branch_labels.py for tasks to queue
[2025-12-30T23:48:04.993+0000] {logging_mixin.py:188} INFO - [2025-12-30T23:48:04.992+0000] {dagbag.py:545} INFO - Filling up the DagBag from /home/airflow/.local/lib/python3.12/site-packages/airflow/example_dags/example_branch_labels.py
[2025-12-30T23:48:04.997+0000] {processor.py:840} INFO - DAG(s) 'example_branch_labels' retrieved from /home/airflow/.local/lib/python3.12/site-packages/airflow/example_dags/example_branch_labels.py
[2025-12-30T23:48:05.014+0000] {logging_mixin.py:188} INFO - [2025-12-30T23:48:05.014+0000] {dag.py:3096} INFO - Sync 1 DAGs
[2025-12-30T23:48:05.031+0000] {logging_mixin.py:188} INFO - [2025-12-30T23:48:05.031+0000] {dag.py:3954} INFO - Setting next_dagrun for example_branch_labels to 2025-12-29 00:00:00+00:00, run_after=2025-12-30 00:00:00+00:00
[2025-12-30T23:48:05.042+0000] {processor.py:183} INFO - Processing /home/airflow/.local/lib/python3.12/site-packages/airflow/example_dags/example_branch_labels.py took 0.055 seconds
[2025-12-30T23:48:35.062+0000] {processor.py:161} INFO - Started process (PID=723) to work on /home/airflow/.local/lib/python3.12/site-packages/airflow/example_dags/example_branch_labels.py
[2025-12-30T23:48:35.063+0000] {processor.py:830} INFO - Processing file /home/airflow/.local/lib/python3.12/site-packages/airflow/example_dags/example_branch_labels.py for tasks to queue
[2025-12-30T23:48:35.064+0000] {logging_mixin.py:188} INFO - [2025-12-30T23:48:35.064+0000] {dagbag.py:545} INFO - Filling up the DagBag from /home/airflow/.local/lib/python3.12/site-packages/airflow/example_dags/example_branch_labels.py
[2025-12-30T23:48:35.067+0000] {processor.py:840} INFO - DAG(s) 'example_branch_labels' retrieved from /home/airflow/.local/lib/python3.12/site-packages/airflow/example_dags/example_branch_labels.py
[2025-12-30T23:48:35.083+0000] {logging_mixin.py:188} INFO - [2025-12-30T23:48:35.083+0000] {dag.py:3096} INFO - Sync 1 DAGs
[2025-12-30T23:48:35.096+0000] {logging_mixin.py:188} INFO - [2025-12-30T23:48:35.096+0000] {dag.py:3954} INFO - Setting next_dagrun for example_branch_labels to 2025-12-29 00:00:00+00:00, run_after=2025-12-30 00:00:00+00:00
[2025-12-30T23:48:35.104+0000] {processor.py:183} INFO - Processing /home/airflow/.local/lib/python3.12/site-packages/airflow/example_dags/example_branch_labels.py took 0.045 seconds
[2025-12-30T23:49:05.384+0000] {processor.py:161} INFO - Started process (PID=782) to work on /home/airflow/.local/lib/python3.12/site-packages/airflow/example_dags/example_branch_labels.py
[2025-12-30T23:49:05.385+0000] {processor.py:830} INFO - Processing file /home/airflow/.local/lib/python3.12/site-packages/airflow/example_dags/example_branch_labels.py for tasks to queue
[2025-12-30T23:49:05.386+0000] {logging_mixin.py:188} INFO - [2025-12-30T23:49:05.386+0000] {dagbag.py:545} INFO - Filling up the DagBag from /home/airflow/.local/lib/python3.12/site-packages/airflow/example_dags/example_branch_labels.py
[2025-12-30T23:49:05.390+0000] {processor.py:840} INFO - DAG(s) 'example_branch_labels' retrieved from /home/airflow/.local/lib/python3.12/site-packages/airflow/example_dags/example_branch_labels.py
[2025-12-30T23:49:05.401+0000] {logging_mixin.py:188} INFO - [2025-12-30T23:49:05.401+0000] {dag.py:3096} INFO - Sync 1 DAGs
[2025-12-30T23:49:05.414+0000] {logging_mixin.py:188} INFO - [2025-12-30T23:49:05.413+0000] {dag.py:3954} INFO - Setting next_dagrun for example_branch_labels to 2025-12-29 00:00:00+00:00, run_after=2025-12-30 00:00:00+00:00
[2025-12-30T23:49:05.421+0000] {processor.py:183} INFO - Processing /home/airflow/.local/lib/python3.12/site-packages/airflow/example_dags/example_branch_labels.py took 0.040 seconds
[2025-12-30T23:49:35.681+0000] {processor.py:161} INFO - Started process (PID=842) to work on /home/airflow/.local/lib/python3.12/site-packages/airflow/example_dags/example_branch_labels.py
[2025-12-30T23:49:35.682+0000] {processor.py:830} INFO - Processing file /home/airflow/.local/lib/python3.12/site-packages/airflow/example_dags/example_branch_labels.py for tasks to queue
[2025-12-30T23:49:35.683+0000] {logging_mixin.py:188} INFO - [2025-12-30T23:49:35.683+0000] {dagbag.py:545} INFO - Filling up the DagBag from /home/airflow/.local/lib/python3.12/site-packages/airflow/example_dags/example_branch_labels.py
[2025-12-30T23:49:35.690+0000] {processor.py:840} INFO - DAG(s) 'example_branch_labels' retrieved from /home/airflow/.local/lib/python3.12/site-packages/airflow/example_dags/example_branch_labels.py
[2025-12-30T23:49:35.703+0000] {logging_mixin.py:188} INFO - [2025-12-30T23:49:35.702+0000] {dag.py:3096} INFO - Sync 1 DAGs
[2025-12-30T23:49:35.717+0000] {logging_mixin.py:188} INFO - [2025-12-30T23:49:35.717+0000] {dag.py:3954} INFO - Setting next_dagrun for example_branch_labels to 2025-12-29 00:00:00+00:00, run_after=2025-12-30 00:00:00+00:00
[2025-12-30T23:49:35.734+0000] {processor.py:183} INFO - Processing /home/airflow/.local/lib/python3.12/site-packages/airflow/example_dags/example_branch_labels.py took 0.056 seconds
[2025-12-30T23:50:05.901+0000] {processor.py:161} INFO - Started process (PID=902) to work on /home/airflow/.local/lib/python3.12/site-packages/airflow/example_dags/example_branch_labels.py
[2025-12-30T23:50:05.902+0000] {processor.py:830} INFO - Processing file /home/airflow/.local/lib/python3.12/site-packages/airflow/example_dags/example_branch_labels.py for tasks to queue
[2025-12-30T23:50:05.903+0000] {logging_mixin.py:188} INFO - [2025-12-30T23:50:05.903+0000] {dagbag.py:545} INFO - Filling up the DagBag from /home/airflow/.local/lib/python3.12/site-packages/airflow/example_dags/example_branch_labels.py
[2025-12-30T23:50:05.908+0000] {processor.py:840} INFO - DAG(s) 'example_branch_labels' retrieved from /home/airflow/.local/lib/python3.12/site-packages/airflow/example_dags/example_branch_labels.py
[2025-12-30T23:50:05.925+0000] {logging_mixin.py:188} INFO - [2025-12-30T23:50:05.925+0000] {dag.py:3096} INFO - Sync 1 DAGs
[2025-12-30T23:50:05.938+0000] {logging_mixin.py:188} INFO - [2025-12-30T23:50:05.938+0000] {dag.py:3954} INFO - Setting next_dagrun for example_branch_labels to 2025-12-29 00:00:00+00:00, run_after=2025-12-30 00:00:00+00:00
[2025-12-30T23:50:05.947+0000] {processor.py:183} INFO - Processing /home/airflow/.local/lib/python3.12/site-packages/airflow/example_dags/example_branch_labels.py took 0.049 seconds
[2025-12-30T23:50:36.621+0000] {processor.py:161} INFO - Started process (PID=962) to work on /home/airflow/.local/lib/python3.12/site-packages/airflow/example_dags/example_branch_labels.py
[2025-12-30T23:50:36.621+0000] {processor.py:830} INFO - Processing file /home/airflow/.local/lib/python3.12/site-packages/airflow/example_dags/example_branch_labels.py for tasks to queue
[2025-12-30T23:50:36.623+0000] {logging_mixin.py:188} INFO - [2025-12-30T23:50:36.622+0000] {dagbag.py:545} INFO - Filling up the DagBag from /home/airflow/.local/lib/python3.12/site-packages/airflow/example_dags/example_branch_labels.py
[2025-12-30T23:50:36.628+0000] {processor.py:840} INFO - DAG(s) 'example_branch_labels' retrieved from /home/airflow/.local/lib/python3.12/site-packages/airflow/example_dags/example_branch_labels.py
[2025-12-30T23:50:36.647+0000] {logging_mixin.py:188} INFO - [2025-12-30T23:50:36.647+0000] {dag.py:3096} INFO - Sync 1 DAGs
[2025-12-30T23:50:36.659+0000] {logging_mixin.py:188} INFO - [2025-12-30T23:50:36.659+0000] {dag.py:3954} INFO - Setting next_dagrun for example_branch_labels to 2025-12-29 00:00:00+00:00, run_after=2025-12-30 00:00:00+00:00
[2025-12-30T23:50:36.668+0000] {processor.py:183} INFO - Processing /home/airflow/.local/lib/python3.12/site-packages/airflow/example_dags/example_branch_labels.py took 0.051 seconds
[2025-12-30T23:51:07.033+0000] {processor.py:161} INFO - Started process (PID=1022) to work on /home/airflow/.local/lib/python3.12/site-packages/airflow/example_dags/example_branch_labels.py
[2025-12-30T23:51:07.034+0000] {processor.py:830} INFO - Processing file /home/airflow/.local/lib/python3.12/site-packages/airflow/example_dags/example_branch_labels.py for tasks to queue
[2025-12-30T23:51:07.035+0000] {logging_mixin.py:188} INFO - [2025-12-30T23:51:07.035+0000] {dagbag.py:545} INFO - Filling up the DagBag from /home/airflow/.local/lib/python3.12/site-packages/airflow/example_dags/example_branch_labels.py
[2025-12-30T23:51:07.040+0000] {processor.py:840} INFO - DAG(s) 'example_branch_labels' retrieved from /home/airflow/.local/lib/python3.12/site-packages/airflow/example_dags/example_branch_labels.py
[2025-12-30T23:51:07.051+0000] {logging_mixin.py:188} INFO - [2025-12-30T23:51:07.051+0000] {dag.py:3096} INFO - Sync 1 DAGs
[2025-12-30T23:51:07.066+0000] {logging_mixin.py:188} INFO - [2025-12-30T23:51:07.066+0000] {dag.py:3954} INFO - Setting next_dagrun for example_branch_labels to 2025-12-29 00:00:00+00:00, run_after=2025-12-30 00:00:00+00:00
[2025-12-30T23:51:07.073+0000] {processor.py:183} INFO - Processing /home/airflow/.local/lib/python3.12/site-packages/airflow/example_dags/example_branch_labels.py took 0.044 seconds
[2025-12-30T23:51:37.150+0000] {processor.py:161} INFO - Started process (PID=1082) to work on /home/airflow/.local/lib/python3.12/site-packages/airflow/example_dags/example_branch_labels.py
[2025-12-30T23:51:37.151+0000] {processor.py:830} INFO - Processing file /home/airflow/.local/lib/python3.12/site-packages/airflow/example_dags/example_branch_labels.py for tasks to queue
[2025-12-30T23:51:37.152+0000] {logging_mixin.py:188} INFO - [2025-12-30T23:51:37.152+0000] {dagbag.py:545} INFO - Filling up the DagBag from /home/airflow/.local/lib/python3.12/site-packages/airflow/example_dags/example_branch_labels.py
[2025-12-30T23:51:37.156+0000] {processor.py:840} INFO - DAG(s) 'example_branch_labels' retrieved from /home/airflow/.local/lib/python3.12/site-packages/airflow/example_dags/example_branch_labels.py
[2025-12-30T23:51:37.168+0000] {logging_mixin.py:188} INFO - [2025-12-30T23:51:37.168+0000] {dag.py:3096} INFO - Sync 1 DAGs
[2025-12-30T23:51:37.180+0000] {logging_mixin.py:188} INFO - [2025-12-30T23:51:37.180+0000] {dag.py:3954} INFO - Setting next_dagrun for example_branch_labels to 2025-12-29 00:00:00+00:00, run_after=2025-12-30 00:00:00+00:00
[2025-12-30T23:51:37.188+0000] {processor.py:183} INFO - Processing /home/airflow/.local/lib/python3.12/site-packages/airflow/example_dags/example_branch_labels.py took 0.041 seconds
[2025-12-30T23:52:07.334+0000] {processor.py:161} INFO - Started process (PID=1142) to work on /home/airflow/.local/lib/python3.12/site-packages/airflow/example_dags/example_branch_labels.py
[2025-12-30T23:52:07.335+0000] {processor.py:830} INFO - Processing file /home/airflow/.local/lib/python3.12/site-packages/airflow/example_dags/example_branch_labels.py for tasks to queue
[2025-12-30T23:52:07.337+0000] {logging_mixin.py:188} INFO - [2025-12-30T23:52:07.336+0000] {dagbag.py:545} INFO - Filling up the DagBag from /home/airflow/.local/lib/python3.12/site-packages/airflow/example_dags/example_branch_labels.py
[2025-12-30T23:52:07.342+0000] {processor.py:840} INFO - DAG(s) 'example_branch_labels' retrieved from /home/airflow/.local/lib/python3.12/site-packages/airflow/example_dags/example_branch_labels.py
[2025-12-30T23:52:07.355+0000] {logging_mixin.py:188} INFO - [2025-12-30T23:52:07.355+0000] {dag.py:3096} INFO - Sync 1 DAGs
[2025-12-30T23:52:07.371+0000] {logging_mixin.py:188} INFO - [2025-12-30T23:52:07.371+0000] {dag.py:3954} INFO - Setting next_dagrun for example_branch_labels to 2025-12-29 00:00:00+00:00, run_after=2025-12-30 00:00:00+00:00
[2025-12-30T23:52:07.380+0000] {processor.py:183} INFO - Processing /home/airflow/.local/lib/python3.12/site-packages/airflow/example_dags/example_branch_labels.py took 0.048 seconds
[2025-12-30T23:52:37.642+0000] {processor.py:161} INFO - Started process (PID=1202) to work on /home/airflow/.local/lib/python3.12/site-packages/airflow/example_dags/example_branch_labels.py
[2025-12-30T23:52:37.642+0000] {processor.py:830} INFO - Processing file /home/airflow/.local/lib/python3.12/site-packages/airflow/example_dags/example_branch_labels.py for tasks to queue
[2025-12-30T23:52:37.643+0000] {logging_mixin.py:188} INFO - [2025-12-30T23:52:37.643+0000] {dagbag.py:545} INFO - Filling up the DagBag from /home/airflow/.local/lib/python3.12/site-packages/airflow/example_dags/example_branch_labels.py
[2025-12-30T23:52:37.647+0000] {processor.py:840} INFO - DAG(s) 'example_branch_labels' retrieved from /home/airflow/.local/lib/python3.12/site-packages/airflow/example_dags/example_branch_labels.py
[2025-12-30T23:52:37.657+0000] {logging_mixin.py:188} INFO - [2025-12-30T23:52:37.657+0000] {dag.py:3096} INFO - Sync 1 DAGs
[2025-12-30T23:52:37.666+0000] {logging_mixin.py:188} INFO - [2025-12-30T23:52:37.666+0000] {dag.py:3954} INFO - Setting next_dagrun for example_branch_labels to 2025-12-29 00:00:00+00:00, run_after=2025-12-30 00:00:00+00:00
[2025-12-30T23:52:37.674+0000] {processor.py:183} INFO - Processing /home/airflow/.local/lib/python3.12/site-packages/airflow/example_dags/example_branch_labels.py took 0.035 seconds
[2025-12-30T23:53:08.090+0000] {processor.py:161} INFO - Started process (PID=1262) to work on /home/airflow/.local/lib/python3.12/site-packages/airflow/example_dags/example_branch_labels.py
[2025-12-30T23:53:08.091+0000] {processor.py:830} INFO - Processing file /home/airflow/.local/lib/python3.12/site-packages/airflow/example_dags/example_branch_labels.py for tasks to queue
[2025-12-30T23:53:08.093+0000] {logging_mixin.py:188} INFO - [2025-12-30T23:53:08.093+0000] {dagbag.py:545} INFO - Filling up the DagBag from /home/airflow/.local/lib/python3.12/site-packages/airflow/example_dags/example_branch_labels.py
[2025-12-30T23:53:08.100+0000] {processor.py:840} INFO - DAG(s) 'example_branch_labels' retrieved from /home/airflow/.local/lib/python3.12/site-packages/airflow/example_dags/example_branch_labels.py
[2025-12-30T23:53:08.122+0000] {logging_mixin.py:188} INFO - [2025-12-30T23:53:08.122+0000] {dag.py:3096} INFO - Sync 1 DAGs
[2025-12-30T23:53:08.140+0000] {logging_mixin.py:188} INFO - [2025-12-30T23:53:08.140+0000] {dag.py:3954} INFO - Setting next_dagrun for example_branch_labels to 2025-12-29 00:00:00+00:00, run_after=2025-12-30 00:00:00+00:00
[2025-12-30T23:53:08.160+0000] {processor.py:183} INFO - Processing /home/airflow/.local/lib/python3.12/site-packages/airflow/example_dags/example_branch_labels.py took 0.078 seconds
[2025-12-30T23:53:38.738+0000] {processor.py:161} INFO - Started process (PID=1322) to work on /home/airflow/.local/lib/python3.12/site-packages/airflow/example_dags/example_branch_labels.py
[2025-12-30T23:53:38.739+0000] {processor.py:830} INFO - Processing file /home/airflow/.local/lib/python3.12/site-packages/airflow/example_dags/example_branch_labels.py for tasks to queue
[2025-12-30T23:53:38.740+0000] {logging_mixin.py:188} INFO - [2025-12-30T23:53:38.740+0000] {dagbag.py:545} INFO - Filling up the DagBag from /home/airflow/.local/lib/python3.12/site-packages/airflow/example_dags/example_branch_labels.py
[2025-12-30T23:53:38.744+0000] {processor.py:840} INFO - DAG(s) 'example_branch_labels' retrieved from /home/airflow/.local/lib/python3.12/site-packages/airflow/example_dags/example_branch_labels.py
[2025-12-30T23:53:38.755+0000] {logging_mixin.py:188} INFO - [2025-12-30T23:53:38.754+0000] {dag.py:3096} INFO - Sync 1 DAGs
[2025-12-30T23:53:38.765+0000] {logging_mixin.py:188} INFO - [2025-12-30T23:53:38.765+0000] {dag.py:3954} INFO - Setting next_dagrun for example_branch_labels to 2025-12-29 00:00:00+00:00, run_after=2025-12-30 00:00:00+00:00
[2025-12-30T23:53:38.772+0000] {processor.py:183} INFO - Processing /home/airflow/.local/lib/python3.12/site-packages/airflow/example_dags/example_branch_labels.py took 0.037 seconds
[2025-12-30T23:54:08.938+0000] {processor.py:161} INFO - Started process (PID=1382) to work on /home/airflow/.local/lib/python3.12/site-packages/airflow/example_dags/example_branch_labels.py
[2025-12-30T23:54:08.939+0000] {processor.py:830} INFO - Processing file /home/airflow/.local/lib/python3.12/site-packages/airflow/example_dags/example_branch_labels.py for tasks to queue
[2025-12-30T23:54:08.940+0000] {logging_mixin.py:188} INFO - [2025-12-30T23:54:08.940+0000] {dagbag.py:545} INFO - Filling up the DagBag from /home/airflow/.local/lib/python3.12/site-packages/airflow/example_dags/example_branch_labels.py
[2025-12-30T23:54:08.944+0000] {processor.py:840} INFO - DAG(s) 'example_branch_labels' retrieved from /home/airflow/.local/lib/python3.12/site-packages/airflow/example_dags/example_branch_labels.py
[2025-12-30T23:54:08.955+0000] {logging_mixin.py:188} INFO - [2025-12-30T23:54:08.955+0000] {dag.py:3096} INFO - Sync 1 DAGs
[2025-12-30T23:54:08.966+0000] {logging_mixin.py:188} INFO - [2025-12-30T23:54:08.966+0000] {dag.py:3954} INFO - Setting next_dagrun for example_branch_labels to 2025-12-29 00:00:00+00:00, run_after=2025-12-30 00:00:00+00:00
[2025-12-30T23:54:08.977+0000] {processor.py:183} INFO - Processing /home/airflow/.local/lib/python3.12/site-packages/airflow/example_dags/example_branch_labels.py took 0.044 seconds
[2025-12-30T23:54:39.321+0000] {processor.py:161} INFO - Started process (PID=1442) to work on /home/airflow/.local/lib/python3.12/site-packages/airflow/example_dags/example_branch_labels.py
[2025-12-30T23:54:39.321+0000] {processor.py:830} INFO - Processing file /home/airflow/.local/lib/python3.12/site-packages/airflow/example_dags/example_branch_labels.py for tasks to queue
[2025-12-30T23:54:39.322+0000] {logging_mixin.py:188} INFO - [2025-12-30T23:54:39.322+0000] {dagbag.py:545} INFO - Filling up the DagBag from /home/airflow/.local/lib/python3.12/site-packages/airflow/example_dags/example_branch_labels.py
[2025-12-30T23:54:39.326+0000] {processor.py:840} INFO - DAG(s) 'example_branch_labels' retrieved from /home/airflow/.local/lib/python3.12/site-packages/airflow/example_dags/example_branch_labels.py
[2025-12-30T23:54:39.342+0000] {logging_mixin.py:188} INFO - [2025-12-30T23:54:39.342+0000] {dag.py:3096} INFO - Sync 1 DAGs
[2025-12-30T23:54:39.353+0000] {logging_mixin.py:188} INFO - [2025-12-30T23:54:39.353+0000] {dag.py:3954} INFO - Setting next_dagrun for example_branch_labels to 2025-12-29 00:00:00+00:00, run_after=2025-12-30 00:00:00+00:00
[2025-12-30T23:54:39.362+0000] {processor.py:183} INFO - Processing /home/airflow/.local/lib/python3.12/site-packages/airflow/example_dags/example_branch_labels.py took 0.046 seconds
[2025-12-30T23:55:09.587+0000] {processor.py:161} INFO - Started process (PID=1502) to work on /home/airflow/.local/lib/python3.12/site-packages/airflow/example_dags/example_branch_labels.py
[2025-12-30T23:55:09.588+0000] {processor.py:830} INFO - Processing file /home/airflow/.local/lib/python3.12/site-packages/airflow/example_dags/example_branch_labels.py for tasks to queue
[2025-12-30T23:55:09.590+0000] {logging_mixin.py:188} INFO - [2025-12-30T23:55:09.589+0000] {dagbag.py:545} INFO - Filling up the DagBag from /home/airflow/.local/lib/python3.12/site-packages/airflow/example_dags/example_branch_labels.py
[2025-12-30T23:55:09.594+0000] {processor.py:840} INFO - DAG(s) 'example_branch_labels' retrieved from /home/airflow/.local/lib/python3.12/site-packages/airflow/example_dags/example_branch_labels.py
[2025-12-30T23:55:09.605+0000] {logging_mixin.py:188} INFO - [2025-12-30T23:55:09.605+0000] {dag.py:3096} INFO - Sync 1 DAGs
[2025-12-30T23:55:09.616+0000] {logging_mixin.py:188} INFO - [2025-12-30T23:55:09.616+0000] {dag.py:3954} INFO - Setting next_dagrun for example_branch_labels to 2025-12-29 00:00:00+00:00, run_after=2025-12-30 00:00:00+00:00
[2025-12-30T23:55:09.623+0000] {processor.py:183} INFO - Processing /home/airflow/.local/lib/python3.12/site-packages/airflow/example_dags/example_branch_labels.py took 0.040 seconds
[2025-12-30T23:55:39.875+0000] {processor.py:161} INFO - Started process (PID=1562) to work on /home/airflow/.local/lib/python3.12/site-packages/airflow/example_dags/example_branch_labels.py
[2025-12-30T23:55:39.876+0000] {processor.py:830} INFO - Processing file /home/airflow/.local/lib/python3.12/site-packages/airflow/example_dags/example_branch_labels.py for tasks to queue
[2025-12-30T23:55:39.877+0000] {logging_mixin.py:188} INFO - [2025-12-30T23:55:39.877+0000] {dagbag.py:545} INFO - Filling up the DagBag from /home/airflow/.local/lib/python3.12/site-packages/airflow/example_dags/example_branch_labels.py
[2025-12-30T23:55:39.882+0000] {processor.py:840} INFO - DAG(s) 'example_branch_labels' retrieved from /home/airflow/.local/lib/python3.12/site-packages/airflow/example_dags/example_branch_labels.py
[2025-12-30T23:55:39.897+0000] {logging_mixin.py:188} INFO - [2025-12-30T23:55:39.897+0000] {dag.py:3096} INFO - Sync 1 DAGs
[2025-12-30T23:55:39.911+0000] {logging_mixin.py:188} INFO - [2025-12-30T23:55:39.910+0000] {dag.py:3954} INFO - Setting next_dagrun for example_branch_labels to 2025-12-29 00:00:00+00:00, run_after=2025-12-30 00:00:00+00:00
[2025-12-30T23:55:39.922+0000] {processor.py:183} INFO - Processing /home/airflow/.local/lib/python3.12/site-packages/airflow/example_dags/example_branch_labels.py took 0.051 seconds
[2025-12-30T23:56:10.223+0000] {processor.py:161} INFO - Started process (PID=1622) to work on /home/airflow/.local/lib/python3.12/site-packages/airflow/example_dags/example_branch_labels.py
[2025-12-30T23:56:10.223+0000] {processor.py:830} INFO - Processing file /home/airflow/.local/lib/python3.12/site-packages/airflow/example_dags/example_branch_labels.py for tasks to queue
[2025-12-30T23:56:10.224+0000] {logging_mixin.py:188} INFO - [2025-12-30T23:56:10.224+0000] {dagbag.py:545} INFO - Filling up the DagBag from /home/airflow/.local/lib/python3.12/site-packages/airflow/example_dags/example_branch_labels.py
[2025-12-30T23:56:10.228+0000] {processor.py:840} INFO - DAG(s) 'example_branch_labels' retrieved from /home/airflow/.local/lib/python3.12/site-packages/airflow/example_dags/example_branch_labels.py
[2025-12-30T23:56:10.240+0000] {logging_mixin.py:188} INFO - [2025-12-30T23:56:10.239+0000] {dag.py:3096} INFO - Sync 1 DAGs
[2025-12-30T23:56:10.250+0000] {logging_mixin.py:188} INFO - [2025-12-30T23:56:10.250+0000] {dag.py:3954} INFO - Setting next_dagrun for example_branch_labels to 2025-12-29 00:00:00+00:00, run_after=2025-12-30 00:00:00+00:00
[2025-12-30T23:56:10.262+0000] {processor.py:183} INFO - Processing /home/airflow/.local/lib/python3.12/site-packages/airflow/example_dags/example_branch_labels.py took 0.042 seconds
[2025-12-30T23:56:40.645+0000] {processor.py:161} INFO - Started process (PID=1682) to work on /home/airflow/.local/lib/python3.12/site-packages/airflow/example_dags/example_branch_labels.py
[2025-12-30T23:56:40.645+0000] {processor.py:830} INFO - Processing file /home/airflow/.local/lib/python3.12/site-packages/airflow/example_dags/example_branch_labels.py for tasks to queue
[2025-12-30T23:56:40.646+0000] {logging_mixin.py:188} INFO - [2025-12-30T23:56:40.646+0000] {dagbag.py:545} INFO - Filling up the DagBag from /home/airflow/.local/lib/python3.12/site-packages/airflow/example_dags/example_branch_labels.py
[2025-12-30T23:56:40.651+0000] {processor.py:840} INFO - DAG(s) 'example_branch_labels' retrieved from /home/airflow/.local/lib/python3.12/site-packages/airflow/example_dags/example_branch_labels.py
[2025-12-30T23:56:40.663+0000] {logging_mixin.py:188} INFO - [2025-12-30T23:56:40.662+0000] {dag.py:3096} INFO - Sync 1 DAGs
[2025-12-30T23:56:40.673+0000] {logging_mixin.py:188} INFO - [2025-12-30T23:56:40.673+0000] {dag.py:3954} INFO - Setting next_dagrun for example_branch_labels to 2025-12-29 00:00:00+00:00, run_after=2025-12-30 00:00:00+00:00
[2025-12-30T23:56:40.684+0000] {processor.py:183} INFO - Processing /home/airflow/.local/lib/python3.12/site-packages/airflow/example_dags/example_branch_labels.py took 0.043 seconds
[2025-12-30T23:57:11.101+0000] {processor.py:161} INFO - Started process (PID=1742) to work on /home/airflow/.local/lib/python3.12/site-packages/airflow/example_dags/example_branch_labels.py
[2025-12-30T23:57:11.101+0000] {processor.py:830} INFO - Processing file /home/airflow/.local/lib/python3.12/site-packages/airflow/example_dags/example_branch_labels.py for tasks to queue
[2025-12-30T23:57:11.102+0000] {logging_mixin.py:188} INFO - [2025-12-30T23:57:11.102+0000] {dagbag.py:545} INFO - Filling up the DagBag from /home/airflow/.local/lib/python3.12/site-packages/airflow/example_dags/example_branch_labels.py
[2025-12-30T23:57:11.106+0000] {processor.py:840} INFO - DAG(s) 'example_branch_labels' retrieved from /home/airflow/.local/lib/python3.12/site-packages/airflow/example_dags/example_branch_labels.py
[2025-12-30T23:57:11.117+0000] {logging_mixin.py:188} INFO - [2025-12-30T23:57:11.117+0000] {dag.py:3096} INFO - Sync 1 DAGs
[2025-12-30T23:57:11.129+0000] {logging_mixin.py:188} INFO - [2025-12-30T23:57:11.129+0000] {dag.py:3954} INFO - Setting next_dagrun for example_branch_labels to 2025-12-29 00:00:00+00:00, run_after=2025-12-30 00:00:00+00:00
[2025-12-30T23:57:11.137+0000] {processor.py:183} INFO - Processing /home/airflow/.local/lib/python3.12/site-packages/airflow/example_dags/example_branch_labels.py took 0.039 seconds
[2025-12-30T23:57:41.924+0000] {processor.py:161} INFO - Started process (PID=1802) to work on /home/airflow/.local/lib/python3.12/site-packages/airflow/example_dags/example_branch_labels.py
[2025-12-30T23:57:41.925+0000] {processor.py:830} INFO - Processing file /home/airflow/.local/lib/python3.12/site-packages/airflow/example_dags/example_branch_labels.py for tasks to queue
[2025-12-30T23:57:41.927+0000] {logging_mixin.py:188} INFO - [2025-12-30T23:57:41.927+0000] {dagbag.py:545} INFO - Filling up the DagBag from /home/airflow/.local/lib/python3.12/site-packages/airflow/example_dags/example_branch_labels.py
[2025-12-30T23:57:41.935+0000] {processor.py:840} INFO - DAG(s) 'example_branch_labels' retrieved from /home/airflow/.local/lib/python3.12/site-packages/airflow/example_dags/example_branch_labels.py
[2025-12-30T23:57:41.947+0000] {logging_mixin.py:188} INFO - [2025-12-30T23:57:41.947+0000] {dag.py:3096} INFO - Sync 1 DAGs
[2025-12-30T23:57:41.958+0000] {logging_mixin.py:188} INFO - [2025-12-30T23:57:41.958+0000] {dag.py:3954} INFO - Setting next_dagrun for example_branch_labels to 2025-12-29 00:00:00+00:00, run_after=2025-12-30 00:00:00+00:00
[2025-12-30T23:57:42.097+0000] {processor.py:183} INFO - Processing /home/airflow/.local/lib/python3.12/site-packages/airflow/example_dags/example_branch_labels.py took 0.177 seconds
[2025-12-30T23:58:12.940+0000] {processor.py:161} INFO - Started process (PID=1862) to work on /home/airflow/.local/lib/python3.12/site-packages/airflow/example_dags/example_branch_labels.py
[2025-12-30T23:58:12.940+0000] {processor.py:830} INFO - Processing file /home/airflow/.local/lib/python3.12/site-packages/airflow/example_dags/example_branch_labels.py for tasks to queue
[2025-12-30T23:58:12.941+0000] {logging_mixin.py:188} INFO - [2025-12-30T23:58:12.941+0000] {dagbag.py:545} INFO - Filling up the DagBag from /home/airflow/.local/lib/python3.12/site-packages/airflow/example_dags/example_branch_labels.py
[2025-12-30T23:58:12.946+0000] {processor.py:840} INFO - DAG(s) 'example_branch_labels' retrieved from /home/airflow/.local/lib/python3.12/site-packages/airflow/example_dags/example_branch_labels.py
[2025-12-30T23:58:12.960+0000] {logging_mixin.py:188} INFO - [2025-12-30T23:58:12.959+0000] {dag.py:3096} INFO - Sync 1 DAGs
[2025-12-30T23:58:12.984+0000] {logging_mixin.py:188} INFO - [2025-12-30T23:58:12.984+0000] {dag.py:3954} INFO - Setting next_dagrun for example_branch_labels to 2025-12-29 00:00:00+00:00, run_after=2025-12-30 00:00:00+00:00
[2025-12-30T23:58:12.997+0000] {processor.py:183} INFO - Processing /home/airflow/.local/lib/python3.12/site-packages/airflow/example_dags/example_branch_labels.py took 0.061 seconds
[2025-12-30T23:58:43.621+0000] {processor.py:161} INFO - Started process (PID=1922) to work on /home/airflow/.local/lib/python3.12/site-packages/airflow/example_dags/example_branch_labels.py
[2025-12-30T23:58:43.622+0000] {processor.py:830} INFO - Processing file /home/airflow/.local/lib/python3.12/site-packages/airflow/example_dags/example_branch_labels.py for tasks to queue
[2025-12-30T23:58:43.622+0000] {logging_mixin.py:188} INFO - [2025-12-30T23:58:43.622+0000] {dagbag.py:545} INFO - Filling up the DagBag from /home/airflow/.local/lib/python3.12/site-packages/airflow/example_dags/example_branch_labels.py
[2025-12-30T23:58:43.628+0000] {processor.py:840} INFO - DAG(s) 'example_branch_labels' retrieved from /home/airflow/.local/lib/python3.12/site-packages/airflow/example_dags/example_branch_labels.py
[2025-12-30T23:58:43.638+0000] {logging_mixin.py:188} INFO - [2025-12-30T23:58:43.638+0000] {dag.py:3096} INFO - Sync 1 DAGs
[2025-12-30T23:58:43.650+0000] {logging_mixin.py:188} INFO - [2025-12-30T23:58:43.649+0000] {dag.py:3954} INFO - Setting next_dagrun for example_branch_labels to 2025-12-29 00:00:00+00:00, run_after=2025-12-30 00:00:00+00:00
[2025-12-30T23:58:43.658+0000] {processor.py:183} INFO - Processing /home/airflow/.local/lib/python3.12/site-packages/airflow/example_dags/example_branch_labels.py took 0.040 seconds
[2025-12-30T23:59:13.844+0000] {processor.py:161} INFO - Started process (PID=1982) to work on /home/airflow/.local/lib/python3.12/site-packages/airflow/example_dags/example_branch_labels.py
[2025-12-30T23:59:13.845+0000] {processor.py:830} INFO - Processing file /home/airflow/.local/lib/python3.12/site-packages/airflow/example_dags/example_branch_labels.py for tasks to queue
[2025-12-30T23:59:13.846+0000] {logging_mixin.py:188} INFO - [2025-12-30T23:59:13.846+0000] {dagbag.py:545} INFO - Filling up the DagBag from /home/airflow/.local/lib/python3.12/site-packages/airflow/example_dags/example_branch_labels.py
[2025-12-30T23:59:13.850+0000] {processor.py:840} INFO - DAG(s) 'example_branch_labels' retrieved from /home/airflow/.local/lib/python3.12/site-packages/airflow/example_dags/example_branch_labels.py
[2025-12-30T23:59:13.862+0000] {logging_mixin.py:188} INFO - [2025-12-30T23:59:13.862+0000] {dag.py:3096} INFO - Sync 1 DAGs
[2025-12-30T23:59:13.872+0000] {logging_mixin.py:188} INFO - [2025-12-30T23:59:13.872+0000] {dag.py:3954} INFO - Setting next_dagrun for example_branch_labels to 2025-12-29 00:00:00+00:00, run_after=2025-12-30 00:00:00+00:00
[2025-12-30T23:59:13.880+0000] {processor.py:183} INFO - Processing /home/airflow/.local/lib/python3.12/site-packages/airflow/example_dags/example_branch_labels.py took 0.039 seconds
[2025-12-30T23:59:44.576+0000] {processor.py:161} INFO - Started process (PID=2042) to work on /home/airflow/.local/lib/python3.12/site-packages/airflow/example_dags/example_branch_labels.py
[2025-12-30T23:59:44.576+0000] {processor.py:830} INFO - Processing file /home/airflow/.local/lib/python3.12/site-packages/airflow/example_dags/example_branch_labels.py for tasks to queue
[2025-12-30T23:59:44.578+0000] {logging_mixin.py:188} INFO - [2025-12-30T23:59:44.577+0000] {dagbag.py:545} INFO - Filling up the DagBag from /home/airflow/.local/lib/python3.12/site-packages/airflow/example_dags/example_branch_labels.py
[2025-12-30T23:59:44.582+0000] {processor.py:840} INFO - DAG(s) 'example_branch_labels' retrieved from /home/airflow/.local/lib/python3.12/site-packages/airflow/example_dags/example_branch_labels.py
[2025-12-30T23:59:44.593+0000] {logging_mixin.py:188} INFO - [2025-12-30T23:59:44.592+0000] {dag.py:3096} INFO - Sync 1 DAGs
[2025-12-30T23:59:44.614+0000] {logging_mixin.py:188} INFO - [2025-12-30T23:59:44.614+0000] {dag.py:3954} INFO - Setting next_dagrun for example_branch_labels to 2025-12-29 00:00:00+00:00, run_after=2025-12-30 00:00:00+00:00
[2025-12-30T23:59:44.622+0000] {processor.py:183} INFO - Processing /home/airflow/.local/lib/python3.12/site-packages/airflow/example_dags/example_branch_labels.py took 0.049 seconds
