[2025-12-30T23:33:51.322+0000] {processor.py:161} INFO - Started process (PID=62) to work on /home/airflow/.local/lib/python3.12/site-packages/airflow/example_dags/example_branch_python_dop_operator_3.py
[2025-12-30T23:33:51.322+0000] {processor.py:830} INFO - Processing file /home/airflow/.local/lib/python3.12/site-packages/airflow/example_dags/example_branch_python_dop_operator_3.py for tasks to queue
[2025-12-30T23:33:51.324+0000] {logging_mixin.py:188} INFO - [2025-12-30T23:33:51.323+0000] {dagbag.py:545} INFO - Filling up the DagBag from /home/airflow/.local/lib/python3.12/site-packages/airflow/example_dags/example_branch_python_dop_operator_3.py
[2025-12-30T23:33:51.343+0000] {processor.py:840} INFO - DAG(s) 'example_branch_dop_operator_v3' retrieved from /home/airflow/.local/lib/python3.12/site-packages/airflow/example_dags/example_branch_python_dop_operator_3.py
[2025-12-30T23:33:51.402+0000] {logging_mixin.py:188} INFO - [2025-12-30T23:33:51.402+0000] {dag.py:3096} INFO - Sync 1 DAGs
[2025-12-30T23:33:51.478+0000] {logging_mixin.py:188} INFO - [2025-12-30T23:33:51.478+0000] {dag.py:3954} INFO - Setting next_dagrun for example_branch_dop_operator_v3 to 2025-12-30 23:32:00+00:00, run_after=2025-12-30 23:33:00+00:00
[2025-12-30T23:33:51.543+0000] {processor.py:183} INFO - Processing /home/airflow/.local/lib/python3.12/site-packages/airflow/example_dags/example_branch_python_dop_operator_3.py took 0.226 seconds
[2025-12-30T23:34:21.620+0000] {processor.py:161} INFO - Started process (PID=121) to work on /home/airflow/.local/lib/python3.12/site-packages/airflow/example_dags/example_branch_python_dop_operator_3.py
[2025-12-30T23:34:21.621+0000] {processor.py:830} INFO - Processing file /home/airflow/.local/lib/python3.12/site-packages/airflow/example_dags/example_branch_python_dop_operator_3.py for tasks to queue
[2025-12-30T23:34:21.623+0000] {logging_mixin.py:188} INFO - [2025-12-30T23:34:21.622+0000] {dagbag.py:545} INFO - Filling up the DagBag from /home/airflow/.local/lib/python3.12/site-packages/airflow/example_dags/example_branch_python_dop_operator_3.py
[2025-12-30T23:34:21.628+0000] {processor.py:840} INFO - DAG(s) 'example_branch_dop_operator_v3' retrieved from /home/airflow/.local/lib/python3.12/site-packages/airflow/example_dags/example_branch_python_dop_operator_3.py
[2025-12-30T23:34:21.677+0000] {logging_mixin.py:188} INFO - [2025-12-30T23:34:21.677+0000] {dag.py:3096} INFO - Sync 1 DAGs
[2025-12-30T23:34:21.687+0000] {logging_mixin.py:188} INFO - [2025-12-30T23:34:21.687+0000] {dag.py:3954} INFO - Setting next_dagrun for example_branch_dop_operator_v3 to 2025-12-30 23:33:00+00:00, run_after=2025-12-30 23:34:00+00:00
[2025-12-30T23:34:21.696+0000] {processor.py:183} INFO - Processing /home/airflow/.local/lib/python3.12/site-packages/airflow/example_dags/example_branch_python_dop_operator_3.py took 0.079 seconds
[2025-12-30T23:34:51.940+0000] {processor.py:161} INFO - Started process (PID=180) to work on /home/airflow/.local/lib/python3.12/site-packages/airflow/example_dags/example_branch_python_dop_operator_3.py
[2025-12-30T23:34:51.940+0000] {processor.py:830} INFO - Processing file /home/airflow/.local/lib/python3.12/site-packages/airflow/example_dags/example_branch_python_dop_operator_3.py for tasks to queue
[2025-12-30T23:34:51.941+0000] {logging_mixin.py:188} INFO - [2025-12-30T23:34:51.941+0000] {dagbag.py:545} INFO - Filling up the DagBag from /home/airflow/.local/lib/python3.12/site-packages/airflow/example_dags/example_branch_python_dop_operator_3.py
[2025-12-30T23:34:51.945+0000] {processor.py:840} INFO - DAG(s) 'example_branch_dop_operator_v3' retrieved from /home/airflow/.local/lib/python3.12/site-packages/airflow/example_dags/example_branch_python_dop_operator_3.py
[2025-12-30T23:34:51.957+0000] {logging_mixin.py:188} INFO - [2025-12-30T23:34:51.956+0000] {dag.py:3096} INFO - Sync 1 DAGs
[2025-12-30T23:34:51.968+0000] {logging_mixin.py:188} INFO - [2025-12-30T23:34:51.968+0000] {dag.py:3954} INFO - Setting next_dagrun for example_branch_dop_operator_v3 to 2025-12-30 23:33:00+00:00, run_after=2025-12-30 23:34:00+00:00
[2025-12-30T23:34:51.976+0000] {processor.py:183} INFO - Processing /home/airflow/.local/lib/python3.12/site-packages/airflow/example_dags/example_branch_python_dop_operator_3.py took 0.040 seconds
[2025-12-30T23:35:22.192+0000] {processor.py:161} INFO - Started process (PID=239) to work on /home/airflow/.local/lib/python3.12/site-packages/airflow/example_dags/example_branch_python_dop_operator_3.py
[2025-12-30T23:35:22.192+0000] {processor.py:830} INFO - Processing file /home/airflow/.local/lib/python3.12/site-packages/airflow/example_dags/example_branch_python_dop_operator_3.py for tasks to queue
[2025-12-30T23:35:22.193+0000] {logging_mixin.py:188} INFO - [2025-12-30T23:35:22.193+0000] {dagbag.py:545} INFO - Filling up the DagBag from /home/airflow/.local/lib/python3.12/site-packages/airflow/example_dags/example_branch_python_dop_operator_3.py
[2025-12-30T23:35:22.197+0000] {processor.py:840} INFO - DAG(s) 'example_branch_dop_operator_v3' retrieved from /home/airflow/.local/lib/python3.12/site-packages/airflow/example_dags/example_branch_python_dop_operator_3.py
[2025-12-30T23:35:22.207+0000] {logging_mixin.py:188} INFO - [2025-12-30T23:35:22.207+0000] {dag.py:3096} INFO - Sync 1 DAGs
[2025-12-30T23:35:22.221+0000] {logging_mixin.py:188} INFO - [2025-12-30T23:35:22.220+0000] {dag.py:3954} INFO - Setting next_dagrun for example_branch_dop_operator_v3 to 2025-12-30 23:34:00+00:00, run_after=2025-12-30 23:35:00+00:00
[2025-12-30T23:35:22.231+0000] {processor.py:183} INFO - Processing /home/airflow/.local/lib/python3.12/site-packages/airflow/example_dags/example_branch_python_dop_operator_3.py took 0.042 seconds
[2025-12-30T23:35:52.395+0000] {processor.py:161} INFO - Started process (PID=304) to work on /home/airflow/.local/lib/python3.12/site-packages/airflow/example_dags/example_branch_python_dop_operator_3.py
[2025-12-30T23:35:52.396+0000] {processor.py:830} INFO - Processing file /home/airflow/.local/lib/python3.12/site-packages/airflow/example_dags/example_branch_python_dop_operator_3.py for tasks to queue
[2025-12-30T23:35:52.397+0000] {logging_mixin.py:188} INFO - [2025-12-30T23:35:52.397+0000] {dagbag.py:545} INFO - Filling up the DagBag from /home/airflow/.local/lib/python3.12/site-packages/airflow/example_dags/example_branch_python_dop_operator_3.py
[2025-12-30T23:35:52.403+0000] {processor.py:840} INFO - DAG(s) 'example_branch_dop_operator_v3' retrieved from /home/airflow/.local/lib/python3.12/site-packages/airflow/example_dags/example_branch_python_dop_operator_3.py
[2025-12-30T23:35:52.421+0000] {logging_mixin.py:188} INFO - [2025-12-30T23:35:52.421+0000] {dag.py:3096} INFO - Sync 1 DAGs
[2025-12-30T23:35:52.433+0000] {logging_mixin.py:188} INFO - [2025-12-30T23:35:52.433+0000] {dag.py:3954} INFO - Setting next_dagrun for example_branch_dop_operator_v3 to 2025-12-30 23:34:00+00:00, run_after=2025-12-30 23:35:00+00:00
[2025-12-30T23:35:52.442+0000] {processor.py:183} INFO - Processing /home/airflow/.local/lib/python3.12/site-packages/airflow/example_dags/example_branch_python_dop_operator_3.py took 0.050 seconds
[2025-12-30T23:36:22.590+0000] {processor.py:161} INFO - Started process (PID=363) to work on /home/airflow/.local/lib/python3.12/site-packages/airflow/example_dags/example_branch_python_dop_operator_3.py
[2025-12-30T23:36:22.590+0000] {processor.py:830} INFO - Processing file /home/airflow/.local/lib/python3.12/site-packages/airflow/example_dags/example_branch_python_dop_operator_3.py for tasks to queue
[2025-12-30T23:36:22.591+0000] {logging_mixin.py:188} INFO - [2025-12-30T23:36:22.591+0000] {dagbag.py:545} INFO - Filling up the DagBag from /home/airflow/.local/lib/python3.12/site-packages/airflow/example_dags/example_branch_python_dop_operator_3.py
[2025-12-30T23:36:22.596+0000] {processor.py:840} INFO - DAG(s) 'example_branch_dop_operator_v3' retrieved from /home/airflow/.local/lib/python3.12/site-packages/airflow/example_dags/example_branch_python_dop_operator_3.py
[2025-12-30T23:36:22.613+0000] {logging_mixin.py:188} INFO - [2025-12-30T23:36:22.613+0000] {dag.py:3096} INFO - Sync 1 DAGs
[2025-12-30T23:36:22.625+0000] {logging_mixin.py:188} INFO - [2025-12-30T23:36:22.625+0000] {dag.py:3954} INFO - Setting next_dagrun for example_branch_dop_operator_v3 to 2025-12-30 23:35:00+00:00, run_after=2025-12-30 23:36:00+00:00
[2025-12-30T23:36:22.634+0000] {processor.py:183} INFO - Processing /home/airflow/.local/lib/python3.12/site-packages/airflow/example_dags/example_branch_python_dop_operator_3.py took 0.050 seconds
[2025-12-30T23:36:52.902+0000] {processor.py:161} INFO - Started process (PID=422) to work on /home/airflow/.local/lib/python3.12/site-packages/airflow/example_dags/example_branch_python_dop_operator_3.py
[2025-12-30T23:36:52.903+0000] {processor.py:830} INFO - Processing file /home/airflow/.local/lib/python3.12/site-packages/airflow/example_dags/example_branch_python_dop_operator_3.py for tasks to queue
[2025-12-30T23:36:52.904+0000] {logging_mixin.py:188} INFO - [2025-12-30T23:36:52.904+0000] {dagbag.py:545} INFO - Filling up the DagBag from /home/airflow/.local/lib/python3.12/site-packages/airflow/example_dags/example_branch_python_dop_operator_3.py
[2025-12-30T23:36:52.908+0000] {processor.py:840} INFO - DAG(s) 'example_branch_dop_operator_v3' retrieved from /home/airflow/.local/lib/python3.12/site-packages/airflow/example_dags/example_branch_python_dop_operator_3.py
[2025-12-30T23:36:52.918+0000] {logging_mixin.py:188} INFO - [2025-12-30T23:36:52.918+0000] {dag.py:3096} INFO - Sync 1 DAGs
[2025-12-30T23:36:52.929+0000] {logging_mixin.py:188} INFO - [2025-12-30T23:36:52.929+0000] {dag.py:3954} INFO - Setting next_dagrun for example_branch_dop_operator_v3 to 2025-12-30 23:35:00+00:00, run_after=2025-12-30 23:36:00+00:00
[2025-12-30T23:36:52.941+0000] {processor.py:183} INFO - Processing /home/airflow/.local/lib/python3.12/site-packages/airflow/example_dags/example_branch_python_dop_operator_3.py took 0.043 seconds
[2025-12-30T23:37:23.418+0000] {processor.py:161} INFO - Started process (PID=481) to work on /home/airflow/.local/lib/python3.12/site-packages/airflow/example_dags/example_branch_python_dop_operator_3.py
[2025-12-30T23:37:23.419+0000] {processor.py:830} INFO - Processing file /home/airflow/.local/lib/python3.12/site-packages/airflow/example_dags/example_branch_python_dop_operator_3.py for tasks to queue
[2025-12-30T23:37:23.420+0000] {logging_mixin.py:188} INFO - [2025-12-30T23:37:23.420+0000] {dagbag.py:545} INFO - Filling up the DagBag from /home/airflow/.local/lib/python3.12/site-packages/airflow/example_dags/example_branch_python_dop_operator_3.py
[2025-12-30T23:37:23.425+0000] {processor.py:840} INFO - DAG(s) 'example_branch_dop_operator_v3' retrieved from /home/airflow/.local/lib/python3.12/site-packages/airflow/example_dags/example_branch_python_dop_operator_3.py
[2025-12-30T23:37:23.437+0000] {logging_mixin.py:188} INFO - [2025-12-30T23:37:23.437+0000] {dag.py:3096} INFO - Sync 1 DAGs
[2025-12-30T23:37:23.453+0000] {logging_mixin.py:188} INFO - [2025-12-30T23:37:23.453+0000] {dag.py:3954} INFO - Setting next_dagrun for example_branch_dop_operator_v3 to 2025-12-30 23:36:00+00:00, run_after=2025-12-30 23:37:00+00:00
[2025-12-30T23:37:23.471+0000] {processor.py:183} INFO - Processing /home/airflow/.local/lib/python3.12/site-packages/airflow/example_dags/example_branch_python_dop_operator_3.py took 0.057 seconds
[2025-12-30T23:37:53.669+0000] {processor.py:161} INFO - Started process (PID=540) to work on /home/airflow/.local/lib/python3.12/site-packages/airflow/example_dags/example_branch_python_dop_operator_3.py
[2025-12-30T23:37:53.670+0000] {processor.py:830} INFO - Processing file /home/airflow/.local/lib/python3.12/site-packages/airflow/example_dags/example_branch_python_dop_operator_3.py for tasks to queue
[2025-12-30T23:37:53.672+0000] {logging_mixin.py:188} INFO - [2025-12-30T23:37:53.672+0000] {dagbag.py:545} INFO - Filling up the DagBag from /home/airflow/.local/lib/python3.12/site-packages/airflow/example_dags/example_branch_python_dop_operator_3.py
[2025-12-30T23:37:53.681+0000] {processor.py:840} INFO - DAG(s) 'example_branch_dop_operator_v3' retrieved from /home/airflow/.local/lib/python3.12/site-packages/airflow/example_dags/example_branch_python_dop_operator_3.py
[2025-12-30T23:37:53.696+0000] {logging_mixin.py:188} INFO - [2025-12-30T23:37:53.696+0000] {dag.py:3096} INFO - Sync 1 DAGs
[2025-12-30T23:37:53.718+0000] {logging_mixin.py:188} INFO - [2025-12-30T23:37:53.718+0000] {dag.py:3954} INFO - Setting next_dagrun for example_branch_dop_operator_v3 to 2025-12-30 23:36:00+00:00, run_after=2025-12-30 23:37:00+00:00
[2025-12-30T23:37:53.766+0000] {processor.py:183} INFO - Processing /home/airflow/.local/lib/python3.12/site-packages/airflow/example_dags/example_branch_python_dop_operator_3.py took 0.103 seconds
[2025-12-30T23:38:24.244+0000] {processor.py:161} INFO - Started process (PID=599) to work on /home/airflow/.local/lib/python3.12/site-packages/airflow/example_dags/example_branch_python_dop_operator_3.py
[2025-12-30T23:38:24.244+0000] {processor.py:830} INFO - Processing file /home/airflow/.local/lib/python3.12/site-packages/airflow/example_dags/example_branch_python_dop_operator_3.py for tasks to queue
[2025-12-30T23:38:24.245+0000] {logging_mixin.py:188} INFO - [2025-12-30T23:38:24.245+0000] {dagbag.py:545} INFO - Filling up the DagBag from /home/airflow/.local/lib/python3.12/site-packages/airflow/example_dags/example_branch_python_dop_operator_3.py
[2025-12-30T23:38:24.250+0000] {processor.py:840} INFO - DAG(s) 'example_branch_dop_operator_v3' retrieved from /home/airflow/.local/lib/python3.12/site-packages/airflow/example_dags/example_branch_python_dop_operator_3.py
[2025-12-30T23:38:24.260+0000] {logging_mixin.py:188} INFO - [2025-12-30T23:38:24.260+0000] {dag.py:3096} INFO - Sync 1 DAGs
[2025-12-30T23:38:24.276+0000] {logging_mixin.py:188} INFO - [2025-12-30T23:38:24.276+0000] {dag.py:3954} INFO - Setting next_dagrun for example_branch_dop_operator_v3 to 2025-12-30 23:37:00+00:00, run_after=2025-12-30 23:38:00+00:00
[2025-12-30T23:38:24.290+0000] {processor.py:183} INFO - Processing /home/airflow/.local/lib/python3.12/site-packages/airflow/example_dags/example_branch_python_dop_operator_3.py took 0.049 seconds
[2025-12-30T23:38:54.641+0000] {processor.py:161} INFO - Started process (PID=658) to work on /home/airflow/.local/lib/python3.12/site-packages/airflow/example_dags/example_branch_python_dop_operator_3.py
[2025-12-30T23:38:54.641+0000] {processor.py:830} INFO - Processing file /home/airflow/.local/lib/python3.12/site-packages/airflow/example_dags/example_branch_python_dop_operator_3.py for tasks to queue
[2025-12-30T23:38:54.642+0000] {logging_mixin.py:188} INFO - [2025-12-30T23:38:54.642+0000] {dagbag.py:545} INFO - Filling up the DagBag from /home/airflow/.local/lib/python3.12/site-packages/airflow/example_dags/example_branch_python_dop_operator_3.py
[2025-12-30T23:38:54.646+0000] {processor.py:840} INFO - DAG(s) 'example_branch_dop_operator_v3' retrieved from /home/airflow/.local/lib/python3.12/site-packages/airflow/example_dags/example_branch_python_dop_operator_3.py
[2025-12-30T23:38:54.658+0000] {logging_mixin.py:188} INFO - [2025-12-30T23:38:54.657+0000] {dag.py:3096} INFO - Sync 1 DAGs
[2025-12-30T23:38:54.669+0000] {logging_mixin.py:188} INFO - [2025-12-30T23:38:54.669+0000] {dag.py:3954} INFO - Setting next_dagrun for example_branch_dop_operator_v3 to 2025-12-30 23:37:00+00:00, run_after=2025-12-30 23:38:00+00:00
[2025-12-30T23:38:54.680+0000] {processor.py:183} INFO - Processing /home/airflow/.local/lib/python3.12/site-packages/airflow/example_dags/example_branch_python_dop_operator_3.py took 0.042 seconds
[2025-12-30T23:39:24.981+0000] {processor.py:161} INFO - Started process (PID=717) to work on /home/airflow/.local/lib/python3.12/site-packages/airflow/example_dags/example_branch_python_dop_operator_3.py
[2025-12-30T23:39:24.982+0000] {processor.py:830} INFO - Processing file /home/airflow/.local/lib/python3.12/site-packages/airflow/example_dags/example_branch_python_dop_operator_3.py for tasks to queue
[2025-12-30T23:39:24.983+0000] {logging_mixin.py:188} INFO - [2025-12-30T23:39:24.983+0000] {dagbag.py:545} INFO - Filling up the DagBag from /home/airflow/.local/lib/python3.12/site-packages/airflow/example_dags/example_branch_python_dop_operator_3.py
[2025-12-30T23:39:24.987+0000] {processor.py:840} INFO - DAG(s) 'example_branch_dop_operator_v3' retrieved from /home/airflow/.local/lib/python3.12/site-packages/airflow/example_dags/example_branch_python_dop_operator_3.py
[2025-12-30T23:39:24.998+0000] {logging_mixin.py:188} INFO - [2025-12-30T23:39:24.997+0000] {dag.py:3096} INFO - Sync 1 DAGs
[2025-12-30T23:39:25.010+0000] {logging_mixin.py:188} INFO - [2025-12-30T23:39:25.010+0000] {dag.py:3954} INFO - Setting next_dagrun for example_branch_dop_operator_v3 to 2025-12-30 23:38:00+00:00, run_after=2025-12-30 23:39:00+00:00
[2025-12-30T23:39:25.021+0000] {processor.py:183} INFO - Processing /home/airflow/.local/lib/python3.12/site-packages/airflow/example_dags/example_branch_python_dop_operator_3.py took 0.043 seconds
[2025-12-30T23:39:55.303+0000] {processor.py:161} INFO - Started process (PID=776) to work on /home/airflow/.local/lib/python3.12/site-packages/airflow/example_dags/example_branch_python_dop_operator_3.py
[2025-12-30T23:39:55.303+0000] {processor.py:830} INFO - Processing file /home/airflow/.local/lib/python3.12/site-packages/airflow/example_dags/example_branch_python_dop_operator_3.py for tasks to queue
[2025-12-30T23:39:55.304+0000] {logging_mixin.py:188} INFO - [2025-12-30T23:39:55.304+0000] {dagbag.py:545} INFO - Filling up the DagBag from /home/airflow/.local/lib/python3.12/site-packages/airflow/example_dags/example_branch_python_dop_operator_3.py
[2025-12-30T23:39:55.308+0000] {processor.py:840} INFO - DAG(s) 'example_branch_dop_operator_v3' retrieved from /home/airflow/.local/lib/python3.12/site-packages/airflow/example_dags/example_branch_python_dop_operator_3.py
[2025-12-30T23:39:55.318+0000] {logging_mixin.py:188} INFO - [2025-12-30T23:39:55.318+0000] {dag.py:3096} INFO - Sync 1 DAGs
[2025-12-30T23:39:55.328+0000] {logging_mixin.py:188} INFO - [2025-12-30T23:39:55.328+0000] {dag.py:3954} INFO - Setting next_dagrun for example_branch_dop_operator_v3 to 2025-12-30 23:38:00+00:00, run_after=2025-12-30 23:39:00+00:00
[2025-12-30T23:39:55.337+0000] {processor.py:183} INFO - Processing /home/airflow/.local/lib/python3.12/site-packages/airflow/example_dags/example_branch_python_dop_operator_3.py took 0.037 seconds
[2025-12-30T23:40:25.688+0000] {processor.py:161} INFO - Started process (PID=835) to work on /home/airflow/.local/lib/python3.12/site-packages/airflow/example_dags/example_branch_python_dop_operator_3.py
[2025-12-30T23:40:25.688+0000] {processor.py:830} INFO - Processing file /home/airflow/.local/lib/python3.12/site-packages/airflow/example_dags/example_branch_python_dop_operator_3.py for tasks to queue
[2025-12-30T23:40:25.689+0000] {logging_mixin.py:188} INFO - [2025-12-30T23:40:25.689+0000] {dagbag.py:545} INFO - Filling up the DagBag from /home/airflow/.local/lib/python3.12/site-packages/airflow/example_dags/example_branch_python_dop_operator_3.py
[2025-12-30T23:40:25.694+0000] {processor.py:840} INFO - DAG(s) 'example_branch_dop_operator_v3' retrieved from /home/airflow/.local/lib/python3.12/site-packages/airflow/example_dags/example_branch_python_dop_operator_3.py
[2025-12-30T23:40:25.703+0000] {logging_mixin.py:188} INFO - [2025-12-30T23:40:25.703+0000] {dag.py:3096} INFO - Sync 1 DAGs
[2025-12-30T23:40:25.714+0000] {logging_mixin.py:188} INFO - [2025-12-30T23:40:25.714+0000] {dag.py:3954} INFO - Setting next_dagrun for example_branch_dop_operator_v3 to 2025-12-30 23:39:00+00:00, run_after=2025-12-30 23:40:00+00:00
[2025-12-30T23:40:25.721+0000] {processor.py:183} INFO - Processing /home/airflow/.local/lib/python3.12/site-packages/airflow/example_dags/example_branch_python_dop_operator_3.py took 0.037 seconds
[2025-12-30T23:40:56.112+0000] {processor.py:161} INFO - Started process (PID=895) to work on /home/airflow/.local/lib/python3.12/site-packages/airflow/example_dags/example_branch_python_dop_operator_3.py
[2025-12-30T23:40:56.114+0000] {processor.py:830} INFO - Processing file /home/airflow/.local/lib/python3.12/site-packages/airflow/example_dags/example_branch_python_dop_operator_3.py for tasks to queue
[2025-12-30T23:40:56.116+0000] {logging_mixin.py:188} INFO - [2025-12-30T23:40:56.116+0000] {dagbag.py:545} INFO - Filling up the DagBag from /home/airflow/.local/lib/python3.12/site-packages/airflow/example_dags/example_branch_python_dop_operator_3.py
[2025-12-30T23:40:56.122+0000] {processor.py:840} INFO - DAG(s) 'example_branch_dop_operator_v3' retrieved from /home/airflow/.local/lib/python3.12/site-packages/airflow/example_dags/example_branch_python_dop_operator_3.py
[2025-12-30T23:40:56.143+0000] {logging_mixin.py:188} INFO - [2025-12-30T23:40:56.143+0000] {dag.py:3096} INFO - Sync 1 DAGs
[2025-12-30T23:40:56.166+0000] {logging_mixin.py:188} INFO - [2025-12-30T23:40:56.165+0000] {dag.py:3954} INFO - Setting next_dagrun for example_branch_dop_operator_v3 to 2025-12-30 23:39:00+00:00, run_after=2025-12-30 23:40:00+00:00
[2025-12-30T23:40:56.176+0000] {processor.py:183} INFO - Processing /home/airflow/.local/lib/python3.12/site-packages/airflow/example_dags/example_branch_python_dop_operator_3.py took 0.074 seconds
[2025-12-30T23:42:58.279+0000] {processor.py:161} INFO - Started process (PID=61) to work on /home/airflow/.local/lib/python3.12/site-packages/airflow/example_dags/example_branch_python_dop_operator_3.py
[2025-12-30T23:42:58.279+0000] {processor.py:830} INFO - Processing file /home/airflow/.local/lib/python3.12/site-packages/airflow/example_dags/example_branch_python_dop_operator_3.py for tasks to queue
[2025-12-30T23:42:58.287+0000] {logging_mixin.py:188} INFO - [2025-12-30T23:42:58.280+0000] {dagbag.py:545} INFO - Filling up the DagBag from /home/airflow/.local/lib/python3.12/site-packages/airflow/example_dags/example_branch_python_dop_operator_3.py
[2025-12-30T23:42:58.295+0000] {processor.py:840} INFO - DAG(s) 'example_branch_dop_operator_v3' retrieved from /home/airflow/.local/lib/python3.12/site-packages/airflow/example_dags/example_branch_python_dop_operator_3.py
[2025-12-30T23:42:58.326+0000] {logging_mixin.py:188} INFO - [2025-12-30T23:42:58.325+0000] {dag.py:3096} INFO - Sync 1 DAGs
[2025-12-30T23:42:58.383+0000] {logging_mixin.py:188} INFO - [2025-12-30T23:42:58.382+0000] {dag.py:3954} INFO - Setting next_dagrun for example_branch_dop_operator_v3 to 2025-12-30 23:41:00+00:00, run_after=2025-12-30 23:42:00+00:00
[2025-12-30T23:42:58.418+0000] {processor.py:183} INFO - Processing /home/airflow/.local/lib/python3.12/site-packages/airflow/example_dags/example_branch_python_dop_operator_3.py took 0.143 seconds
[2025-12-30T23:43:28.964+0000] {processor.py:161} INFO - Started process (PID=121) to work on /home/airflow/.local/lib/python3.12/site-packages/airflow/example_dags/example_branch_python_dop_operator_3.py
[2025-12-30T23:43:28.965+0000] {processor.py:830} INFO - Processing file /home/airflow/.local/lib/python3.12/site-packages/airflow/example_dags/example_branch_python_dop_operator_3.py for tasks to queue
[2025-12-30T23:43:28.966+0000] {logging_mixin.py:188} INFO - [2025-12-30T23:43:28.966+0000] {dagbag.py:545} INFO - Filling up the DagBag from /home/airflow/.local/lib/python3.12/site-packages/airflow/example_dags/example_branch_python_dop_operator_3.py
[2025-12-30T23:43:28.971+0000] {processor.py:840} INFO - DAG(s) 'example_branch_dop_operator_v3' retrieved from /home/airflow/.local/lib/python3.12/site-packages/airflow/example_dags/example_branch_python_dop_operator_3.py
[2025-12-30T23:43:29.052+0000] {logging_mixin.py:188} INFO - [2025-12-30T23:43:29.051+0000] {dag.py:3096} INFO - Sync 1 DAGs
[2025-12-30T23:43:29.070+0000] {logging_mixin.py:188} INFO - [2025-12-30T23:43:29.070+0000] {dag.py:3954} INFO - Setting next_dagrun for example_branch_dop_operator_v3 to 2025-12-30 23:42:00+00:00, run_after=2025-12-30 23:43:00+00:00
[2025-12-30T23:43:29.081+0000] {processor.py:183} INFO - Processing /home/airflow/.local/lib/python3.12/site-packages/airflow/example_dags/example_branch_python_dop_operator_3.py took 0.121 seconds
[2025-12-30T23:43:59.740+0000] {processor.py:161} INFO - Started process (PID=187) to work on /home/airflow/.local/lib/python3.12/site-packages/airflow/example_dags/example_branch_python_dop_operator_3.py
[2025-12-30T23:43:59.740+0000] {processor.py:830} INFO - Processing file /home/airflow/.local/lib/python3.12/site-packages/airflow/example_dags/example_branch_python_dop_operator_3.py for tasks to queue
[2025-12-30T23:43:59.742+0000] {logging_mixin.py:188} INFO - [2025-12-30T23:43:59.741+0000] {dagbag.py:545} INFO - Filling up the DagBag from /home/airflow/.local/lib/python3.12/site-packages/airflow/example_dags/example_branch_python_dop_operator_3.py
[2025-12-30T23:43:59.746+0000] {processor.py:840} INFO - DAG(s) 'example_branch_dop_operator_v3' retrieved from /home/airflow/.local/lib/python3.12/site-packages/airflow/example_dags/example_branch_python_dop_operator_3.py
[2025-12-30T23:43:59.759+0000] {logging_mixin.py:188} INFO - [2025-12-30T23:43:59.759+0000] {dag.py:3096} INFO - Sync 1 DAGs
[2025-12-30T23:43:59.772+0000] {logging_mixin.py:188} INFO - [2025-12-30T23:43:59.772+0000] {dag.py:3954} INFO - Setting next_dagrun for example_branch_dop_operator_v3 to 2025-12-30 23:42:00+00:00, run_after=2025-12-30 23:43:00+00:00
[2025-12-30T23:43:59.782+0000] {processor.py:183} INFO - Processing /home/airflow/.local/lib/python3.12/site-packages/airflow/example_dags/example_branch_python_dop_operator_3.py took 0.046 seconds
[2025-12-30T23:44:29.925+0000] {processor.py:161} INFO - Started process (PID=247) to work on /home/airflow/.local/lib/python3.12/site-packages/airflow/example_dags/example_branch_python_dop_operator_3.py
[2025-12-30T23:44:29.926+0000] {processor.py:830} INFO - Processing file /home/airflow/.local/lib/python3.12/site-packages/airflow/example_dags/example_branch_python_dop_operator_3.py for tasks to queue
[2025-12-30T23:44:29.927+0000] {logging_mixin.py:188} INFO - [2025-12-30T23:44:29.927+0000] {dagbag.py:545} INFO - Filling up the DagBag from /home/airflow/.local/lib/python3.12/site-packages/airflow/example_dags/example_branch_python_dop_operator_3.py
[2025-12-30T23:44:29.931+0000] {processor.py:840} INFO - DAG(s) 'example_branch_dop_operator_v3' retrieved from /home/airflow/.local/lib/python3.12/site-packages/airflow/example_dags/example_branch_python_dop_operator_3.py
[2025-12-30T23:44:29.944+0000] {logging_mixin.py:188} INFO - [2025-12-30T23:44:29.943+0000] {dag.py:3096} INFO - Sync 1 DAGs
[2025-12-30T23:44:29.957+0000] {logging_mixin.py:188} INFO - [2025-12-30T23:44:29.957+0000] {dag.py:3954} INFO - Setting next_dagrun for example_branch_dop_operator_v3 to 2025-12-30 23:43:00+00:00, run_after=2025-12-30 23:44:00+00:00
[2025-12-30T23:44:29.967+0000] {processor.py:183} INFO - Processing /home/airflow/.local/lib/python3.12/site-packages/airflow/example_dags/example_branch_python_dop_operator_3.py took 0.045 seconds
[2025-12-30T23:45:00.529+0000] {processor.py:161} INFO - Started process (PID=307) to work on /home/airflow/.local/lib/python3.12/site-packages/airflow/example_dags/example_branch_python_dop_operator_3.py
[2025-12-30T23:45:00.529+0000] {processor.py:830} INFO - Processing file /home/airflow/.local/lib/python3.12/site-packages/airflow/example_dags/example_branch_python_dop_operator_3.py for tasks to queue
[2025-12-30T23:45:00.530+0000] {logging_mixin.py:188} INFO - [2025-12-30T23:45:00.530+0000] {dagbag.py:545} INFO - Filling up the DagBag from /home/airflow/.local/lib/python3.12/site-packages/airflow/example_dags/example_branch_python_dop_operator_3.py
[2025-12-30T23:45:00.536+0000] {processor.py:840} INFO - DAG(s) 'example_branch_dop_operator_v3' retrieved from /home/airflow/.local/lib/python3.12/site-packages/airflow/example_dags/example_branch_python_dop_operator_3.py
[2025-12-30T23:45:00.549+0000] {logging_mixin.py:188} INFO - [2025-12-30T23:45:00.548+0000] {dag.py:3096} INFO - Sync 1 DAGs
[2025-12-30T23:45:00.569+0000] {logging_mixin.py:188} INFO - [2025-12-30T23:45:00.569+0000] {dag.py:3954} INFO - Setting next_dagrun for example_branch_dop_operator_v3 to 2025-12-30 23:44:00+00:00, run_after=2025-12-30 23:45:00+00:00
[2025-12-30T23:45:00.603+0000] {processor.py:183} INFO - Processing /home/airflow/.local/lib/python3.12/site-packages/airflow/example_dags/example_branch_python_dop_operator_3.py took 0.078 seconds
[2025-12-30T23:45:31.841+0000] {processor.py:161} INFO - Started process (PID=367) to work on /home/airflow/.local/lib/python3.12/site-packages/airflow/example_dags/example_branch_python_dop_operator_3.py
[2025-12-30T23:45:31.841+0000] {processor.py:830} INFO - Processing file /home/airflow/.local/lib/python3.12/site-packages/airflow/example_dags/example_branch_python_dop_operator_3.py for tasks to queue
[2025-12-30T23:45:31.842+0000] {logging_mixin.py:188} INFO - [2025-12-30T23:45:31.842+0000] {dagbag.py:545} INFO - Filling up the DagBag from /home/airflow/.local/lib/python3.12/site-packages/airflow/example_dags/example_branch_python_dop_operator_3.py
[2025-12-30T23:45:31.847+0000] {processor.py:840} INFO - DAG(s) 'example_branch_dop_operator_v3' retrieved from /home/airflow/.local/lib/python3.12/site-packages/airflow/example_dags/example_branch_python_dop_operator_3.py
[2025-12-30T23:45:31.856+0000] {logging_mixin.py:188} INFO - [2025-12-30T23:45:31.856+0000] {dag.py:3096} INFO - Sync 1 DAGs
[2025-12-30T23:45:31.866+0000] {logging_mixin.py:188} INFO - [2025-12-30T23:45:31.866+0000] {dag.py:3954} INFO - Setting next_dagrun for example_branch_dop_operator_v3 to 2025-12-30 23:44:00+00:00, run_after=2025-12-30 23:45:00+00:00
[2025-12-30T23:45:31.874+0000] {processor.py:183} INFO - Processing /home/airflow/.local/lib/python3.12/site-packages/airflow/example_dags/example_branch_python_dop_operator_3.py took 0.036 seconds
[2025-12-30T23:46:03.013+0000] {processor.py:161} INFO - Started process (PID=427) to work on /home/airflow/.local/lib/python3.12/site-packages/airflow/example_dags/example_branch_python_dop_operator_3.py
[2025-12-30T23:46:03.014+0000] {processor.py:830} INFO - Processing file /home/airflow/.local/lib/python3.12/site-packages/airflow/example_dags/example_branch_python_dop_operator_3.py for tasks to queue
[2025-12-30T23:46:03.016+0000] {logging_mixin.py:188} INFO - [2025-12-30T23:46:03.016+0000] {dagbag.py:545} INFO - Filling up the DagBag from /home/airflow/.local/lib/python3.12/site-packages/airflow/example_dags/example_branch_python_dop_operator_3.py
[2025-12-30T23:46:03.023+0000] {processor.py:840} INFO - DAG(s) 'example_branch_dop_operator_v3' retrieved from /home/airflow/.local/lib/python3.12/site-packages/airflow/example_dags/example_branch_python_dop_operator_3.py
[2025-12-30T23:46:03.037+0000] {logging_mixin.py:188} INFO - [2025-12-30T23:46:03.037+0000] {dag.py:3096} INFO - Sync 1 DAGs
[2025-12-30T23:46:03.050+0000] {logging_mixin.py:188} INFO - [2025-12-30T23:46:03.049+0000] {dag.py:3954} INFO - Setting next_dagrun for example_branch_dop_operator_v3 to 2025-12-30 23:45:00+00:00, run_after=2025-12-30 23:46:00+00:00
[2025-12-30T23:46:03.060+0000] {processor.py:183} INFO - Processing /home/airflow/.local/lib/python3.12/site-packages/airflow/example_dags/example_branch_python_dop_operator_3.py took 0.052 seconds
[2025-12-30T23:46:34.058+0000] {processor.py:161} INFO - Started process (PID=487) to work on /home/airflow/.local/lib/python3.12/site-packages/airflow/example_dags/example_branch_python_dop_operator_3.py
[2025-12-30T23:46:34.059+0000] {processor.py:830} INFO - Processing file /home/airflow/.local/lib/python3.12/site-packages/airflow/example_dags/example_branch_python_dop_operator_3.py for tasks to queue
[2025-12-30T23:46:34.060+0000] {logging_mixin.py:188} INFO - [2025-12-30T23:46:34.060+0000] {dagbag.py:545} INFO - Filling up the DagBag from /home/airflow/.local/lib/python3.12/site-packages/airflow/example_dags/example_branch_python_dop_operator_3.py
[2025-12-30T23:46:34.065+0000] {processor.py:840} INFO - DAG(s) 'example_branch_dop_operator_v3' retrieved from /home/airflow/.local/lib/python3.12/site-packages/airflow/example_dags/example_branch_python_dop_operator_3.py
[2025-12-30T23:46:34.076+0000] {logging_mixin.py:188} INFO - [2025-12-30T23:46:34.076+0000] {dag.py:3096} INFO - Sync 1 DAGs
[2025-12-30T23:46:34.088+0000] {logging_mixin.py:188} INFO - [2025-12-30T23:46:34.088+0000] {dag.py:3954} INFO - Setting next_dagrun for example_branch_dop_operator_v3 to 2025-12-30 23:45:00+00:00, run_after=2025-12-30 23:46:00+00:00
[2025-12-30T23:46:34.098+0000] {processor.py:183} INFO - Processing /home/airflow/.local/lib/python3.12/site-packages/airflow/example_dags/example_branch_python_dop_operator_3.py took 0.044 seconds
[2025-12-30T23:47:04.470+0000] {processor.py:161} INFO - Started process (PID=547) to work on /home/airflow/.local/lib/python3.12/site-packages/airflow/example_dags/example_branch_python_dop_operator_3.py
[2025-12-30T23:47:04.470+0000] {processor.py:830} INFO - Processing file /home/airflow/.local/lib/python3.12/site-packages/airflow/example_dags/example_branch_python_dop_operator_3.py for tasks to queue
[2025-12-30T23:47:04.472+0000] {logging_mixin.py:188} INFO - [2025-12-30T23:47:04.472+0000] {dagbag.py:545} INFO - Filling up the DagBag from /home/airflow/.local/lib/python3.12/site-packages/airflow/example_dags/example_branch_python_dop_operator_3.py
[2025-12-30T23:47:04.478+0000] {processor.py:840} INFO - DAG(s) 'example_branch_dop_operator_v3' retrieved from /home/airflow/.local/lib/python3.12/site-packages/airflow/example_dags/example_branch_python_dop_operator_3.py
[2025-12-30T23:47:04.493+0000] {logging_mixin.py:188} INFO - [2025-12-30T23:47:04.493+0000] {dag.py:3096} INFO - Sync 1 DAGs
[2025-12-30T23:47:04.508+0000] {logging_mixin.py:188} INFO - [2025-12-30T23:47:04.508+0000] {dag.py:3954} INFO - Setting next_dagrun for example_branch_dop_operator_v3 to 2025-12-30 23:46:00+00:00, run_after=2025-12-30 23:47:00+00:00
[2025-12-30T23:47:04.519+0000] {processor.py:183} INFO - Processing /home/airflow/.local/lib/python3.12/site-packages/airflow/example_dags/example_branch_python_dop_operator_3.py took 0.055 seconds
[2025-12-30T23:47:34.841+0000] {processor.py:161} INFO - Started process (PID=607) to work on /home/airflow/.local/lib/python3.12/site-packages/airflow/example_dags/example_branch_python_dop_operator_3.py
[2025-12-30T23:47:34.842+0000] {processor.py:830} INFO - Processing file /home/airflow/.local/lib/python3.12/site-packages/airflow/example_dags/example_branch_python_dop_operator_3.py for tasks to queue
[2025-12-30T23:47:34.843+0000] {logging_mixin.py:188} INFO - [2025-12-30T23:47:34.843+0000] {dagbag.py:545} INFO - Filling up the DagBag from /home/airflow/.local/lib/python3.12/site-packages/airflow/example_dags/example_branch_python_dop_operator_3.py
[2025-12-30T23:47:34.848+0000] {processor.py:840} INFO - DAG(s) 'example_branch_dop_operator_v3' retrieved from /home/airflow/.local/lib/python3.12/site-packages/airflow/example_dags/example_branch_python_dop_operator_3.py
[2025-12-30T23:47:34.859+0000] {logging_mixin.py:188} INFO - [2025-12-30T23:47:34.859+0000] {dag.py:3096} INFO - Sync 1 DAGs
[2025-12-30T23:47:34.870+0000] {logging_mixin.py:188} INFO - [2025-12-30T23:47:34.870+0000] {dag.py:3954} INFO - Setting next_dagrun for example_branch_dop_operator_v3 to 2025-12-30 23:46:00+00:00, run_after=2025-12-30 23:47:00+00:00
[2025-12-30T23:47:34.879+0000] {processor.py:183} INFO - Processing /home/airflow/.local/lib/python3.12/site-packages/airflow/example_dags/example_branch_python_dop_operator_3.py took 0.040 seconds
[2025-12-30T23:48:05.065+0000] {processor.py:161} INFO - Started process (PID=665) to work on /home/airflow/.local/lib/python3.12/site-packages/airflow/example_dags/example_branch_python_dop_operator_3.py
[2025-12-30T23:48:05.066+0000] {processor.py:830} INFO - Processing file /home/airflow/.local/lib/python3.12/site-packages/airflow/example_dags/example_branch_python_dop_operator_3.py for tasks to queue
[2025-12-30T23:48:05.069+0000] {logging_mixin.py:188} INFO - [2025-12-30T23:48:05.069+0000] {dagbag.py:545} INFO - Filling up the DagBag from /home/airflow/.local/lib/python3.12/site-packages/airflow/example_dags/example_branch_python_dop_operator_3.py
[2025-12-30T23:48:05.075+0000] {processor.py:840} INFO - DAG(s) 'example_branch_dop_operator_v3' retrieved from /home/airflow/.local/lib/python3.12/site-packages/airflow/example_dags/example_branch_python_dop_operator_3.py
[2025-12-30T23:48:05.088+0000] {logging_mixin.py:188} INFO - [2025-12-30T23:48:05.087+0000] {dag.py:3096} INFO - Sync 1 DAGs
[2025-12-30T23:48:05.100+0000] {logging_mixin.py:188} INFO - [2025-12-30T23:48:05.100+0000] {dag.py:3954} INFO - Setting next_dagrun for example_branch_dop_operator_v3 to 2025-12-30 23:47:00+00:00, run_after=2025-12-30 23:48:00+00:00
[2025-12-30T23:48:05.115+0000] {processor.py:183} INFO - Processing /home/airflow/.local/lib/python3.12/site-packages/airflow/example_dags/example_branch_python_dop_operator_3.py took 0.054 seconds
[2025-12-30T23:48:35.217+0000] {processor.py:161} INFO - Started process (PID=725) to work on /home/airflow/.local/lib/python3.12/site-packages/airflow/example_dags/example_branch_python_dop_operator_3.py
[2025-12-30T23:48:35.217+0000] {processor.py:830} INFO - Processing file /home/airflow/.local/lib/python3.12/site-packages/airflow/example_dags/example_branch_python_dop_operator_3.py for tasks to queue
[2025-12-30T23:48:35.219+0000] {logging_mixin.py:188} INFO - [2025-12-30T23:48:35.219+0000] {dagbag.py:545} INFO - Filling up the DagBag from /home/airflow/.local/lib/python3.12/site-packages/airflow/example_dags/example_branch_python_dop_operator_3.py
[2025-12-30T23:48:35.226+0000] {processor.py:840} INFO - DAG(s) 'example_branch_dop_operator_v3' retrieved from /home/airflow/.local/lib/python3.12/site-packages/airflow/example_dags/example_branch_python_dop_operator_3.py
[2025-12-30T23:48:35.240+0000] {logging_mixin.py:188} INFO - [2025-12-30T23:48:35.240+0000] {dag.py:3096} INFO - Sync 1 DAGs
[2025-12-30T23:48:35.253+0000] {logging_mixin.py:188} INFO - [2025-12-30T23:48:35.253+0000] {dag.py:3954} INFO - Setting next_dagrun for example_branch_dop_operator_v3 to 2025-12-30 23:47:00+00:00, run_after=2025-12-30 23:48:00+00:00
[2025-12-30T23:48:35.261+0000] {processor.py:183} INFO - Processing /home/airflow/.local/lib/python3.12/site-packages/airflow/example_dags/example_branch_python_dop_operator_3.py took 0.051 seconds
[2025-12-30T23:49:05.495+0000] {processor.py:161} INFO - Started process (PID=785) to work on /home/airflow/.local/lib/python3.12/site-packages/airflow/example_dags/example_branch_python_dop_operator_3.py
[2025-12-30T23:49:05.496+0000] {processor.py:830} INFO - Processing file /home/airflow/.local/lib/python3.12/site-packages/airflow/example_dags/example_branch_python_dop_operator_3.py for tasks to queue
[2025-12-30T23:49:05.497+0000] {logging_mixin.py:188} INFO - [2025-12-30T23:49:05.497+0000] {dagbag.py:545} INFO - Filling up the DagBag from /home/airflow/.local/lib/python3.12/site-packages/airflow/example_dags/example_branch_python_dop_operator_3.py
[2025-12-30T23:49:05.502+0000] {processor.py:840} INFO - DAG(s) 'example_branch_dop_operator_v3' retrieved from /home/airflow/.local/lib/python3.12/site-packages/airflow/example_dags/example_branch_python_dop_operator_3.py
[2025-12-30T23:49:05.512+0000] {logging_mixin.py:188} INFO - [2025-12-30T23:49:05.512+0000] {dag.py:3096} INFO - Sync 1 DAGs
[2025-12-30T23:49:05.522+0000] {logging_mixin.py:188} INFO - [2025-12-30T23:49:05.522+0000] {dag.py:3954} INFO - Setting next_dagrun for example_branch_dop_operator_v3 to 2025-12-30 23:48:00+00:00, run_after=2025-12-30 23:49:00+00:00
[2025-12-30T23:49:05.531+0000] {processor.py:183} INFO - Processing /home/airflow/.local/lib/python3.12/site-packages/airflow/example_dags/example_branch_python_dop_operator_3.py took 0.040 seconds
[2025-12-30T23:49:35.748+0000] {processor.py:161} INFO - Started process (PID=844) to work on /home/airflow/.local/lib/python3.12/site-packages/airflow/example_dags/example_branch_python_dop_operator_3.py
[2025-12-30T23:49:35.749+0000] {processor.py:830} INFO - Processing file /home/airflow/.local/lib/python3.12/site-packages/airflow/example_dags/example_branch_python_dop_operator_3.py for tasks to queue
[2025-12-30T23:49:35.750+0000] {logging_mixin.py:188} INFO - [2025-12-30T23:49:35.750+0000] {dagbag.py:545} INFO - Filling up the DagBag from /home/airflow/.local/lib/python3.12/site-packages/airflow/example_dags/example_branch_python_dop_operator_3.py
[2025-12-30T23:49:35.754+0000] {processor.py:840} INFO - DAG(s) 'example_branch_dop_operator_v3' retrieved from /home/airflow/.local/lib/python3.12/site-packages/airflow/example_dags/example_branch_python_dop_operator_3.py
[2025-12-30T23:49:35.771+0000] {logging_mixin.py:188} INFO - [2025-12-30T23:49:35.771+0000] {dag.py:3096} INFO - Sync 1 DAGs
[2025-12-30T23:49:35.794+0000] {logging_mixin.py:188} INFO - [2025-12-30T23:49:35.794+0000] {dag.py:3954} INFO - Setting next_dagrun for example_branch_dop_operator_v3 to 2025-12-30 23:48:00+00:00, run_after=2025-12-30 23:49:00+00:00
[2025-12-30T23:49:35.803+0000] {processor.py:183} INFO - Processing /home/airflow/.local/lib/python3.12/site-packages/airflow/example_dags/example_branch_python_dop_operator_3.py took 0.058 seconds
[2025-12-30T23:50:05.963+0000] {processor.py:161} INFO - Started process (PID=904) to work on /home/airflow/.local/lib/python3.12/site-packages/airflow/example_dags/example_branch_python_dop_operator_3.py
[2025-12-30T23:50:05.964+0000] {processor.py:830} INFO - Processing file /home/airflow/.local/lib/python3.12/site-packages/airflow/example_dags/example_branch_python_dop_operator_3.py for tasks to queue
[2025-12-30T23:50:05.965+0000] {logging_mixin.py:188} INFO - [2025-12-30T23:50:05.965+0000] {dagbag.py:545} INFO - Filling up the DagBag from /home/airflow/.local/lib/python3.12/site-packages/airflow/example_dags/example_branch_python_dop_operator_3.py
[2025-12-30T23:50:05.970+0000] {processor.py:840} INFO - DAG(s) 'example_branch_dop_operator_v3' retrieved from /home/airflow/.local/lib/python3.12/site-packages/airflow/example_dags/example_branch_python_dop_operator_3.py
[2025-12-30T23:50:05.981+0000] {logging_mixin.py:188} INFO - [2025-12-30T23:50:05.981+0000] {dag.py:3096} INFO - Sync 1 DAGs
[2025-12-30T23:50:05.993+0000] {logging_mixin.py:188} INFO - [2025-12-30T23:50:05.993+0000] {dag.py:3954} INFO - Setting next_dagrun for example_branch_dop_operator_v3 to 2025-12-30 23:49:00+00:00, run_after=2025-12-30 23:50:00+00:00
[2025-12-30T23:50:06.002+0000] {processor.py:183} INFO - Processing /home/airflow/.local/lib/python3.12/site-packages/airflow/example_dags/example_branch_python_dop_operator_3.py took 0.042 seconds
[2025-12-30T23:50:36.684+0000] {processor.py:161} INFO - Started process (PID=964) to work on /home/airflow/.local/lib/python3.12/site-packages/airflow/example_dags/example_branch_python_dop_operator_3.py
[2025-12-30T23:50:36.684+0000] {processor.py:830} INFO - Processing file /home/airflow/.local/lib/python3.12/site-packages/airflow/example_dags/example_branch_python_dop_operator_3.py for tasks to queue
[2025-12-30T23:50:36.685+0000] {logging_mixin.py:188} INFO - [2025-12-30T23:50:36.685+0000] {dagbag.py:545} INFO - Filling up the DagBag from /home/airflow/.local/lib/python3.12/site-packages/airflow/example_dags/example_branch_python_dop_operator_3.py
[2025-12-30T23:50:36.690+0000] {processor.py:840} INFO - DAG(s) 'example_branch_dop_operator_v3' retrieved from /home/airflow/.local/lib/python3.12/site-packages/airflow/example_dags/example_branch_python_dop_operator_3.py
[2025-12-30T23:50:36.702+0000] {logging_mixin.py:188} INFO - [2025-12-30T23:50:36.702+0000] {dag.py:3096} INFO - Sync 1 DAGs
[2025-12-30T23:50:36.716+0000] {logging_mixin.py:188} INFO - [2025-12-30T23:50:36.716+0000] {dag.py:3954} INFO - Setting next_dagrun for example_branch_dop_operator_v3 to 2025-12-30 23:49:00+00:00, run_after=2025-12-30 23:50:00+00:00
[2025-12-30T23:50:36.726+0000] {processor.py:183} INFO - Processing /home/airflow/.local/lib/python3.12/site-packages/airflow/example_dags/example_branch_python_dop_operator_3.py took 0.045 seconds
[2025-12-30T23:51:07.089+0000] {processor.py:161} INFO - Started process (PID=1024) to work on /home/airflow/.local/lib/python3.12/site-packages/airflow/example_dags/example_branch_python_dop_operator_3.py
[2025-12-30T23:51:07.089+0000] {processor.py:830} INFO - Processing file /home/airflow/.local/lib/python3.12/site-packages/airflow/example_dags/example_branch_python_dop_operator_3.py for tasks to queue
[2025-12-30T23:51:07.090+0000] {logging_mixin.py:188} INFO - [2025-12-30T23:51:07.090+0000] {dagbag.py:545} INFO - Filling up the DagBag from /home/airflow/.local/lib/python3.12/site-packages/airflow/example_dags/example_branch_python_dop_operator_3.py
[2025-12-30T23:51:07.095+0000] {processor.py:840} INFO - DAG(s) 'example_branch_dop_operator_v3' retrieved from /home/airflow/.local/lib/python3.12/site-packages/airflow/example_dags/example_branch_python_dop_operator_3.py
[2025-12-30T23:51:07.107+0000] {logging_mixin.py:188} INFO - [2025-12-30T23:51:07.107+0000] {dag.py:3096} INFO - Sync 1 DAGs
[2025-12-30T23:51:07.119+0000] {logging_mixin.py:188} INFO - [2025-12-30T23:51:07.119+0000] {dag.py:3954} INFO - Setting next_dagrun for example_branch_dop_operator_v3 to 2025-12-30 23:50:00+00:00, run_after=2025-12-30 23:51:00+00:00
[2025-12-30T23:51:07.128+0000] {processor.py:183} INFO - Processing /home/airflow/.local/lib/python3.12/site-packages/airflow/example_dags/example_branch_python_dop_operator_3.py took 0.043 seconds
[2025-12-30T23:51:37.202+0000] {processor.py:161} INFO - Started process (PID=1084) to work on /home/airflow/.local/lib/python3.12/site-packages/airflow/example_dags/example_branch_python_dop_operator_3.py
[2025-12-30T23:51:37.202+0000] {processor.py:830} INFO - Processing file /home/airflow/.local/lib/python3.12/site-packages/airflow/example_dags/example_branch_python_dop_operator_3.py for tasks to queue
[2025-12-30T23:51:37.204+0000] {logging_mixin.py:188} INFO - [2025-12-30T23:51:37.203+0000] {dagbag.py:545} INFO - Filling up the DagBag from /home/airflow/.local/lib/python3.12/site-packages/airflow/example_dags/example_branch_python_dop_operator_3.py
[2025-12-30T23:51:37.209+0000] {processor.py:840} INFO - DAG(s) 'example_branch_dop_operator_v3' retrieved from /home/airflow/.local/lib/python3.12/site-packages/airflow/example_dags/example_branch_python_dop_operator_3.py
[2025-12-30T23:51:37.222+0000] {logging_mixin.py:188} INFO - [2025-12-30T23:51:37.221+0000] {dag.py:3096} INFO - Sync 1 DAGs
[2025-12-30T23:51:37.234+0000] {logging_mixin.py:188} INFO - [2025-12-30T23:51:37.234+0000] {dag.py:3954} INFO - Setting next_dagrun for example_branch_dop_operator_v3 to 2025-12-30 23:50:00+00:00, run_after=2025-12-30 23:51:00+00:00
[2025-12-30T23:51:37.243+0000] {processor.py:183} INFO - Processing /home/airflow/.local/lib/python3.12/site-packages/airflow/example_dags/example_branch_python_dop_operator_3.py took 0.044 seconds
[2025-12-30T23:52:07.394+0000] {processor.py:161} INFO - Started process (PID=1144) to work on /home/airflow/.local/lib/python3.12/site-packages/airflow/example_dags/example_branch_python_dop_operator_3.py
[2025-12-30T23:52:07.395+0000] {processor.py:830} INFO - Processing file /home/airflow/.local/lib/python3.12/site-packages/airflow/example_dags/example_branch_python_dop_operator_3.py for tasks to queue
[2025-12-30T23:52:07.396+0000] {logging_mixin.py:188} INFO - [2025-12-30T23:52:07.396+0000] {dagbag.py:545} INFO - Filling up the DagBag from /home/airflow/.local/lib/python3.12/site-packages/airflow/example_dags/example_branch_python_dop_operator_3.py
[2025-12-30T23:52:07.402+0000] {processor.py:840} INFO - DAG(s) 'example_branch_dop_operator_v3' retrieved from /home/airflow/.local/lib/python3.12/site-packages/airflow/example_dags/example_branch_python_dop_operator_3.py
[2025-12-30T23:52:07.412+0000] {logging_mixin.py:188} INFO - [2025-12-30T23:52:07.412+0000] {dag.py:3096} INFO - Sync 1 DAGs
[2025-12-30T23:52:07.424+0000] {logging_mixin.py:188} INFO - [2025-12-30T23:52:07.424+0000] {dag.py:3954} INFO - Setting next_dagrun for example_branch_dop_operator_v3 to 2025-12-30 23:51:00+00:00, run_after=2025-12-30 23:52:00+00:00
[2025-12-30T23:52:07.434+0000] {processor.py:183} INFO - Processing /home/airflow/.local/lib/python3.12/site-packages/airflow/example_dags/example_branch_python_dop_operator_3.py took 0.044 seconds
[2025-12-30T23:52:37.738+0000] {processor.py:161} INFO - Started process (PID=1204) to work on /home/airflow/.local/lib/python3.12/site-packages/airflow/example_dags/example_branch_python_dop_operator_3.py
[2025-12-30T23:52:37.738+0000] {processor.py:830} INFO - Processing file /home/airflow/.local/lib/python3.12/site-packages/airflow/example_dags/example_branch_python_dop_operator_3.py for tasks to queue
[2025-12-30T23:52:37.739+0000] {logging_mixin.py:188} INFO - [2025-12-30T23:52:37.739+0000] {dagbag.py:545} INFO - Filling up the DagBag from /home/airflow/.local/lib/python3.12/site-packages/airflow/example_dags/example_branch_python_dop_operator_3.py
[2025-12-30T23:52:37.744+0000] {processor.py:840} INFO - DAG(s) 'example_branch_dop_operator_v3' retrieved from /home/airflow/.local/lib/python3.12/site-packages/airflow/example_dags/example_branch_python_dop_operator_3.py
[2025-12-30T23:52:37.753+0000] {logging_mixin.py:188} INFO - [2025-12-30T23:52:37.753+0000] {dag.py:3096} INFO - Sync 1 DAGs
[2025-12-30T23:52:37.764+0000] {logging_mixin.py:188} INFO - [2025-12-30T23:52:37.764+0000] {dag.py:3954} INFO - Setting next_dagrun for example_branch_dop_operator_v3 to 2025-12-30 23:51:00+00:00, run_after=2025-12-30 23:52:00+00:00
[2025-12-30T23:52:37.772+0000] {processor.py:183} INFO - Processing /home/airflow/.local/lib/python3.12/site-packages/airflow/example_dags/example_branch_python_dop_operator_3.py took 0.037 seconds
[2025-12-30T23:53:08.196+0000] {processor.py:161} INFO - Started process (PID=1264) to work on /home/airflow/.local/lib/python3.12/site-packages/airflow/example_dags/example_branch_python_dop_operator_3.py
[2025-12-30T23:53:08.199+0000] {processor.py:830} INFO - Processing file /home/airflow/.local/lib/python3.12/site-packages/airflow/example_dags/example_branch_python_dop_operator_3.py for tasks to queue
[2025-12-30T23:53:08.204+0000] {logging_mixin.py:188} INFO - [2025-12-30T23:53:08.204+0000] {dagbag.py:545} INFO - Filling up the DagBag from /home/airflow/.local/lib/python3.12/site-packages/airflow/example_dags/example_branch_python_dop_operator_3.py
[2025-12-30T23:53:08.212+0000] {processor.py:840} INFO - DAG(s) 'example_branch_dop_operator_v3' retrieved from /home/airflow/.local/lib/python3.12/site-packages/airflow/example_dags/example_branch_python_dop_operator_3.py
[2025-12-30T23:53:08.229+0000] {logging_mixin.py:188} INFO - [2025-12-30T23:53:08.229+0000] {dag.py:3096} INFO - Sync 1 DAGs
[2025-12-30T23:53:08.248+0000] {logging_mixin.py:188} INFO - [2025-12-30T23:53:08.248+0000] {dag.py:3954} INFO - Setting next_dagrun for example_branch_dop_operator_v3 to 2025-12-30 23:52:00+00:00, run_after=2025-12-30 23:53:00+00:00
[2025-12-30T23:53:08.262+0000] {processor.py:183} INFO - Processing /home/airflow/.local/lib/python3.12/site-packages/airflow/example_dags/example_branch_python_dop_operator_3.py took 0.072 seconds
[2025-12-30T23:53:38.786+0000] {processor.py:161} INFO - Started process (PID=1324) to work on /home/airflow/.local/lib/python3.12/site-packages/airflow/example_dags/example_branch_python_dop_operator_3.py
[2025-12-30T23:53:38.787+0000] {processor.py:830} INFO - Processing file /home/airflow/.local/lib/python3.12/site-packages/airflow/example_dags/example_branch_python_dop_operator_3.py for tasks to queue
[2025-12-30T23:53:38.788+0000] {logging_mixin.py:188} INFO - [2025-12-30T23:53:38.788+0000] {dagbag.py:545} INFO - Filling up the DagBag from /home/airflow/.local/lib/python3.12/site-packages/airflow/example_dags/example_branch_python_dop_operator_3.py
[2025-12-30T23:53:38.792+0000] {processor.py:840} INFO - DAG(s) 'example_branch_dop_operator_v3' retrieved from /home/airflow/.local/lib/python3.12/site-packages/airflow/example_dags/example_branch_python_dop_operator_3.py
[2025-12-30T23:53:38.802+0000] {logging_mixin.py:188} INFO - [2025-12-30T23:53:38.802+0000] {dag.py:3096} INFO - Sync 1 DAGs
[2025-12-30T23:53:38.813+0000] {logging_mixin.py:188} INFO - [2025-12-30T23:53:38.812+0000] {dag.py:3954} INFO - Setting next_dagrun for example_branch_dop_operator_v3 to 2025-12-30 23:52:00+00:00, run_after=2025-12-30 23:53:00+00:00
[2025-12-30T23:53:38.821+0000] {processor.py:183} INFO - Processing /home/airflow/.local/lib/python3.12/site-packages/airflow/example_dags/example_branch_python_dop_operator_3.py took 0.037 seconds
[2025-12-30T23:54:08.990+0000] {processor.py:161} INFO - Started process (PID=1384) to work on /home/airflow/.local/lib/python3.12/site-packages/airflow/example_dags/example_branch_python_dop_operator_3.py
[2025-12-30T23:54:08.990+0000] {processor.py:830} INFO - Processing file /home/airflow/.local/lib/python3.12/site-packages/airflow/example_dags/example_branch_python_dop_operator_3.py for tasks to queue
[2025-12-30T23:54:08.991+0000] {logging_mixin.py:188} INFO - [2025-12-30T23:54:08.991+0000] {dagbag.py:545} INFO - Filling up the DagBag from /home/airflow/.local/lib/python3.12/site-packages/airflow/example_dags/example_branch_python_dop_operator_3.py
[2025-12-30T23:54:08.996+0000] {processor.py:840} INFO - DAG(s) 'example_branch_dop_operator_v3' retrieved from /home/airflow/.local/lib/python3.12/site-packages/airflow/example_dags/example_branch_python_dop_operator_3.py
[2025-12-30T23:54:09.006+0000] {logging_mixin.py:188} INFO - [2025-12-30T23:54:09.006+0000] {dag.py:3096} INFO - Sync 1 DAGs
[2025-12-30T23:54:09.017+0000] {logging_mixin.py:188} INFO - [2025-12-30T23:54:09.017+0000] {dag.py:3954} INFO - Setting next_dagrun for example_branch_dop_operator_v3 to 2025-12-30 23:53:00+00:00, run_after=2025-12-30 23:54:00+00:00
[2025-12-30T23:54:09.025+0000] {processor.py:183} INFO - Processing /home/airflow/.local/lib/python3.12/site-packages/airflow/example_dags/example_branch_python_dop_operator_3.py took 0.038 seconds
[2025-12-30T23:54:39.377+0000] {processor.py:161} INFO - Started process (PID=1444) to work on /home/airflow/.local/lib/python3.12/site-packages/airflow/example_dags/example_branch_python_dop_operator_3.py
[2025-12-30T23:54:39.377+0000] {processor.py:830} INFO - Processing file /home/airflow/.local/lib/python3.12/site-packages/airflow/example_dags/example_branch_python_dop_operator_3.py for tasks to queue
[2025-12-30T23:54:39.379+0000] {logging_mixin.py:188} INFO - [2025-12-30T23:54:39.378+0000] {dagbag.py:545} INFO - Filling up the DagBag from /home/airflow/.local/lib/python3.12/site-packages/airflow/example_dags/example_branch_python_dop_operator_3.py
[2025-12-30T23:54:39.384+0000] {processor.py:840} INFO - DAG(s) 'example_branch_dop_operator_v3' retrieved from /home/airflow/.local/lib/python3.12/site-packages/airflow/example_dags/example_branch_python_dop_operator_3.py
[2025-12-30T23:54:39.401+0000] {logging_mixin.py:188} INFO - [2025-12-30T23:54:39.401+0000] {dag.py:3096} INFO - Sync 1 DAGs
[2025-12-30T23:54:39.414+0000] {logging_mixin.py:188} INFO - [2025-12-30T23:54:39.414+0000] {dag.py:3954} INFO - Setting next_dagrun for example_branch_dop_operator_v3 to 2025-12-30 23:53:00+00:00, run_after=2025-12-30 23:54:00+00:00
[2025-12-30T23:54:39.422+0000] {processor.py:183} INFO - Processing /home/airflow/.local/lib/python3.12/site-packages/airflow/example_dags/example_branch_python_dop_operator_3.py took 0.049 seconds
[2025-12-30T23:55:09.636+0000] {processor.py:161} INFO - Started process (PID=1504) to work on /home/airflow/.local/lib/python3.12/site-packages/airflow/example_dags/example_branch_python_dop_operator_3.py
[2025-12-30T23:55:09.636+0000] {processor.py:830} INFO - Processing file /home/airflow/.local/lib/python3.12/site-packages/airflow/example_dags/example_branch_python_dop_operator_3.py for tasks to queue
[2025-12-30T23:55:09.637+0000] {logging_mixin.py:188} INFO - [2025-12-30T23:55:09.637+0000] {dagbag.py:545} INFO - Filling up the DagBag from /home/airflow/.local/lib/python3.12/site-packages/airflow/example_dags/example_branch_python_dop_operator_3.py
[2025-12-30T23:55:09.643+0000] {processor.py:840} INFO - DAG(s) 'example_branch_dop_operator_v3' retrieved from /home/airflow/.local/lib/python3.12/site-packages/airflow/example_dags/example_branch_python_dop_operator_3.py
[2025-12-30T23:55:09.654+0000] {logging_mixin.py:188} INFO - [2025-12-30T23:55:09.653+0000] {dag.py:3096} INFO - Sync 1 DAGs
[2025-12-30T23:55:09.665+0000] {logging_mixin.py:188} INFO - [2025-12-30T23:55:09.665+0000] {dag.py:3954} INFO - Setting next_dagrun for example_branch_dop_operator_v3 to 2025-12-30 23:54:00+00:00, run_after=2025-12-30 23:55:00+00:00
[2025-12-30T23:55:09.673+0000] {processor.py:183} INFO - Processing /home/airflow/.local/lib/python3.12/site-packages/airflow/example_dags/example_branch_python_dop_operator_3.py took 0.040 seconds
[2025-12-30T23:55:39.941+0000] {processor.py:161} INFO - Started process (PID=1564) to work on /home/airflow/.local/lib/python3.12/site-packages/airflow/example_dags/example_branch_python_dop_operator_3.py
[2025-12-30T23:55:39.942+0000] {processor.py:830} INFO - Processing file /home/airflow/.local/lib/python3.12/site-packages/airflow/example_dags/example_branch_python_dop_operator_3.py for tasks to queue
[2025-12-30T23:55:39.943+0000] {logging_mixin.py:188} INFO - [2025-12-30T23:55:39.943+0000] {dagbag.py:545} INFO - Filling up the DagBag from /home/airflow/.local/lib/python3.12/site-packages/airflow/example_dags/example_branch_python_dop_operator_3.py
[2025-12-30T23:55:39.949+0000] {processor.py:840} INFO - DAG(s) 'example_branch_dop_operator_v3' retrieved from /home/airflow/.local/lib/python3.12/site-packages/airflow/example_dags/example_branch_python_dop_operator_3.py
[2025-12-30T23:55:39.960+0000] {logging_mixin.py:188} INFO - [2025-12-30T23:55:39.960+0000] {dag.py:3096} INFO - Sync 1 DAGs
[2025-12-30T23:55:39.975+0000] {logging_mixin.py:188} INFO - [2025-12-30T23:55:39.975+0000] {dag.py:3954} INFO - Setting next_dagrun for example_branch_dop_operator_v3 to 2025-12-30 23:54:00+00:00, run_after=2025-12-30 23:55:00+00:00
[2025-12-30T23:55:39.987+0000] {processor.py:183} INFO - Processing /home/airflow/.local/lib/python3.12/site-packages/airflow/example_dags/example_branch_python_dop_operator_3.py took 0.049 seconds
[2025-12-30T23:56:10.326+0000] {processor.py:161} INFO - Started process (PID=1624) to work on /home/airflow/.local/lib/python3.12/site-packages/airflow/example_dags/example_branch_python_dop_operator_3.py
[2025-12-30T23:56:10.327+0000] {processor.py:830} INFO - Processing file /home/airflow/.local/lib/python3.12/site-packages/airflow/example_dags/example_branch_python_dop_operator_3.py for tasks to queue
[2025-12-30T23:56:10.328+0000] {logging_mixin.py:188} INFO - [2025-12-30T23:56:10.328+0000] {dagbag.py:545} INFO - Filling up the DagBag from /home/airflow/.local/lib/python3.12/site-packages/airflow/example_dags/example_branch_python_dop_operator_3.py
[2025-12-30T23:56:10.332+0000] {processor.py:840} INFO - DAG(s) 'example_branch_dop_operator_v3' retrieved from /home/airflow/.local/lib/python3.12/site-packages/airflow/example_dags/example_branch_python_dop_operator_3.py
[2025-12-30T23:56:10.344+0000] {logging_mixin.py:188} INFO - [2025-12-30T23:56:10.344+0000] {dag.py:3096} INFO - Sync 1 DAGs
[2025-12-30T23:56:10.356+0000] {logging_mixin.py:188} INFO - [2025-12-30T23:56:10.356+0000] {dag.py:3954} INFO - Setting next_dagrun for example_branch_dop_operator_v3 to 2025-12-30 23:55:00+00:00, run_after=2025-12-30 23:56:00+00:00
[2025-12-30T23:56:10.366+0000] {processor.py:183} INFO - Processing /home/airflow/.local/lib/python3.12/site-packages/airflow/example_dags/example_branch_python_dop_operator_3.py took 0.042 seconds
[2025-12-30T23:56:40.698+0000] {processor.py:161} INFO - Started process (PID=1684) to work on /home/airflow/.local/lib/python3.12/site-packages/airflow/example_dags/example_branch_python_dop_operator_3.py
[2025-12-30T23:56:40.699+0000] {processor.py:830} INFO - Processing file /home/airflow/.local/lib/python3.12/site-packages/airflow/example_dags/example_branch_python_dop_operator_3.py for tasks to queue
[2025-12-30T23:56:40.700+0000] {logging_mixin.py:188} INFO - [2025-12-30T23:56:40.700+0000] {dagbag.py:545} INFO - Filling up the DagBag from /home/airflow/.local/lib/python3.12/site-packages/airflow/example_dags/example_branch_python_dop_operator_3.py
[2025-12-30T23:56:40.704+0000] {processor.py:840} INFO - DAG(s) 'example_branch_dop_operator_v3' retrieved from /home/airflow/.local/lib/python3.12/site-packages/airflow/example_dags/example_branch_python_dop_operator_3.py
[2025-12-30T23:56:40.715+0000] {logging_mixin.py:188} INFO - [2025-12-30T23:56:40.715+0000] {dag.py:3096} INFO - Sync 1 DAGs
[2025-12-30T23:56:40.727+0000] {logging_mixin.py:188} INFO - [2025-12-30T23:56:40.727+0000] {dag.py:3954} INFO - Setting next_dagrun for example_branch_dop_operator_v3 to 2025-12-30 23:55:00+00:00, run_after=2025-12-30 23:56:00+00:00
[2025-12-30T23:56:40.734+0000] {processor.py:183} INFO - Processing /home/airflow/.local/lib/python3.12/site-packages/airflow/example_dags/example_branch_python_dop_operator_3.py took 0.039 seconds
[2025-12-30T23:57:11.151+0000] {processor.py:161} INFO - Started process (PID=1744) to work on /home/airflow/.local/lib/python3.12/site-packages/airflow/example_dags/example_branch_python_dop_operator_3.py
[2025-12-30T23:57:11.151+0000] {processor.py:830} INFO - Processing file /home/airflow/.local/lib/python3.12/site-packages/airflow/example_dags/example_branch_python_dop_operator_3.py for tasks to queue
[2025-12-30T23:57:11.152+0000] {logging_mixin.py:188} INFO - [2025-12-30T23:57:11.152+0000] {dagbag.py:545} INFO - Filling up the DagBag from /home/airflow/.local/lib/python3.12/site-packages/airflow/example_dags/example_branch_python_dop_operator_3.py
[2025-12-30T23:57:11.157+0000] {processor.py:840} INFO - DAG(s) 'example_branch_dop_operator_v3' retrieved from /home/airflow/.local/lib/python3.12/site-packages/airflow/example_dags/example_branch_python_dop_operator_3.py
[2025-12-30T23:57:11.177+0000] {logging_mixin.py:188} INFO - [2025-12-30T23:57:11.177+0000] {dag.py:3096} INFO - Sync 1 DAGs
[2025-12-30T23:57:11.195+0000] {logging_mixin.py:188} INFO - [2025-12-30T23:57:11.195+0000] {dag.py:3954} INFO - Setting next_dagrun for example_branch_dop_operator_v3 to 2025-12-30 23:56:00+00:00, run_after=2025-12-30 23:57:00+00:00
[2025-12-30T23:57:11.205+0000] {processor.py:183} INFO - Processing /home/airflow/.local/lib/python3.12/site-packages/airflow/example_dags/example_branch_python_dop_operator_3.py took 0.057 seconds
[2025-12-30T23:57:42.113+0000] {processor.py:161} INFO - Started process (PID=1804) to work on /home/airflow/.local/lib/python3.12/site-packages/airflow/example_dags/example_branch_python_dop_operator_3.py
[2025-12-30T23:57:42.113+0000] {processor.py:830} INFO - Processing file /home/airflow/.local/lib/python3.12/site-packages/airflow/example_dags/example_branch_python_dop_operator_3.py for tasks to queue
[2025-12-30T23:57:42.114+0000] {logging_mixin.py:188} INFO - [2025-12-30T23:57:42.114+0000] {dagbag.py:545} INFO - Filling up the DagBag from /home/airflow/.local/lib/python3.12/site-packages/airflow/example_dags/example_branch_python_dop_operator_3.py
[2025-12-30T23:57:42.120+0000] {processor.py:840} INFO - DAG(s) 'example_branch_dop_operator_v3' retrieved from /home/airflow/.local/lib/python3.12/site-packages/airflow/example_dags/example_branch_python_dop_operator_3.py
[2025-12-30T23:57:42.131+0000] {logging_mixin.py:188} INFO - [2025-12-30T23:57:42.131+0000] {dag.py:3096} INFO - Sync 1 DAGs
[2025-12-30T23:57:42.141+0000] {logging_mixin.py:188} INFO - [2025-12-30T23:57:42.141+0000] {dag.py:3954} INFO - Setting next_dagrun for example_branch_dop_operator_v3 to 2025-12-30 23:56:00+00:00, run_after=2025-12-30 23:57:00+00:00
[2025-12-30T23:57:42.282+0000] {processor.py:183} INFO - Processing /home/airflow/.local/lib/python3.12/site-packages/airflow/example_dags/example_branch_python_dop_operator_3.py took 0.172 seconds
[2025-12-30T23:58:13.080+0000] {processor.py:161} INFO - Started process (PID=1864) to work on /home/airflow/.local/lib/python3.12/site-packages/airflow/example_dags/example_branch_python_dop_operator_3.py
[2025-12-30T23:58:13.080+0000] {processor.py:830} INFO - Processing file /home/airflow/.local/lib/python3.12/site-packages/airflow/example_dags/example_branch_python_dop_operator_3.py for tasks to queue
[2025-12-30T23:58:13.081+0000] {logging_mixin.py:188} INFO - [2025-12-30T23:58:13.081+0000] {dagbag.py:545} INFO - Filling up the DagBag from /home/airflow/.local/lib/python3.12/site-packages/airflow/example_dags/example_branch_python_dop_operator_3.py
[2025-12-30T23:58:13.086+0000] {processor.py:840} INFO - DAG(s) 'example_branch_dop_operator_v3' retrieved from /home/airflow/.local/lib/python3.12/site-packages/airflow/example_dags/example_branch_python_dop_operator_3.py
[2025-12-30T23:58:13.097+0000] {logging_mixin.py:188} INFO - [2025-12-30T23:58:13.097+0000] {dag.py:3096} INFO - Sync 1 DAGs
[2025-12-30T23:58:13.109+0000] {logging_mixin.py:188} INFO - [2025-12-30T23:58:13.109+0000] {dag.py:3954} INFO - Setting next_dagrun for example_branch_dop_operator_v3 to 2025-12-30 23:57:00+00:00, run_after=2025-12-30 23:58:00+00:00
[2025-12-30T23:58:13.225+0000] {processor.py:183} INFO - Processing /home/airflow/.local/lib/python3.12/site-packages/airflow/example_dags/example_branch_python_dop_operator_3.py took 0.149 seconds
[2025-12-30T23:58:43.676+0000] {processor.py:161} INFO - Started process (PID=1924) to work on /home/airflow/.local/lib/python3.12/site-packages/airflow/example_dags/example_branch_python_dop_operator_3.py
[2025-12-30T23:58:43.677+0000] {processor.py:830} INFO - Processing file /home/airflow/.local/lib/python3.12/site-packages/airflow/example_dags/example_branch_python_dop_operator_3.py for tasks to queue
[2025-12-30T23:58:43.678+0000] {logging_mixin.py:188} INFO - [2025-12-30T23:58:43.678+0000] {dagbag.py:545} INFO - Filling up the DagBag from /home/airflow/.local/lib/python3.12/site-packages/airflow/example_dags/example_branch_python_dop_operator_3.py
[2025-12-30T23:58:43.682+0000] {processor.py:840} INFO - DAG(s) 'example_branch_dop_operator_v3' retrieved from /home/airflow/.local/lib/python3.12/site-packages/airflow/example_dags/example_branch_python_dop_operator_3.py
[2025-12-30T23:58:43.691+0000] {logging_mixin.py:188} INFO - [2025-12-30T23:58:43.691+0000] {dag.py:3096} INFO - Sync 1 DAGs
[2025-12-30T23:58:43.701+0000] {logging_mixin.py:188} INFO - [2025-12-30T23:58:43.701+0000] {dag.py:3954} INFO - Setting next_dagrun for example_branch_dop_operator_v3 to 2025-12-30 23:57:00+00:00, run_after=2025-12-30 23:58:00+00:00
[2025-12-30T23:58:43.709+0000] {processor.py:183} INFO - Processing /home/airflow/.local/lib/python3.12/site-packages/airflow/example_dags/example_branch_python_dop_operator_3.py took 0.037 seconds
[2025-12-30T23:59:13.908+0000] {processor.py:161} INFO - Started process (PID=1984) to work on /home/airflow/.local/lib/python3.12/site-packages/airflow/example_dags/example_branch_python_dop_operator_3.py
[2025-12-30T23:59:13.908+0000] {processor.py:830} INFO - Processing file /home/airflow/.local/lib/python3.12/site-packages/airflow/example_dags/example_branch_python_dop_operator_3.py for tasks to queue
[2025-12-30T23:59:13.910+0000] {logging_mixin.py:188} INFO - [2025-12-30T23:59:13.910+0000] {dagbag.py:545} INFO - Filling up the DagBag from /home/airflow/.local/lib/python3.12/site-packages/airflow/example_dags/example_branch_python_dop_operator_3.py
[2025-12-30T23:59:13.914+0000] {processor.py:840} INFO - DAG(s) 'example_branch_dop_operator_v3' retrieved from /home/airflow/.local/lib/python3.12/site-packages/airflow/example_dags/example_branch_python_dop_operator_3.py
[2025-12-30T23:59:13.924+0000] {logging_mixin.py:188} INFO - [2025-12-30T23:59:13.924+0000] {dag.py:3096} INFO - Sync 1 DAGs
[2025-12-30T23:59:13.934+0000] {logging_mixin.py:188} INFO - [2025-12-30T23:59:13.934+0000] {dag.py:3954} INFO - Setting next_dagrun for example_branch_dop_operator_v3 to 2025-12-30 23:58:00+00:00, run_after=2025-12-30 23:59:00+00:00
[2025-12-30T23:59:13.943+0000] {processor.py:183} INFO - Processing /home/airflow/.local/lib/python3.12/site-packages/airflow/example_dags/example_branch_python_dop_operator_3.py took 0.038 seconds
[2025-12-30T23:59:44.634+0000] {processor.py:161} INFO - Started process (PID=2044) to work on /home/airflow/.local/lib/python3.12/site-packages/airflow/example_dags/example_branch_python_dop_operator_3.py
[2025-12-30T23:59:44.635+0000] {processor.py:830} INFO - Processing file /home/airflow/.local/lib/python3.12/site-packages/airflow/example_dags/example_branch_python_dop_operator_3.py for tasks to queue
[2025-12-30T23:59:44.636+0000] {logging_mixin.py:188} INFO - [2025-12-30T23:59:44.636+0000] {dagbag.py:545} INFO - Filling up the DagBag from /home/airflow/.local/lib/python3.12/site-packages/airflow/example_dags/example_branch_python_dop_operator_3.py
[2025-12-30T23:59:44.641+0000] {processor.py:840} INFO - DAG(s) 'example_branch_dop_operator_v3' retrieved from /home/airflow/.local/lib/python3.12/site-packages/airflow/example_dags/example_branch_python_dop_operator_3.py
[2025-12-30T23:59:44.651+0000] {logging_mixin.py:188} INFO - [2025-12-30T23:59:44.650+0000] {dag.py:3096} INFO - Sync 1 DAGs
[2025-12-30T23:59:44.662+0000] {logging_mixin.py:188} INFO - [2025-12-30T23:59:44.661+0000] {dag.py:3954} INFO - Setting next_dagrun for example_branch_dop_operator_v3 to 2025-12-30 23:58:00+00:00, run_after=2025-12-30 23:59:00+00:00
[2025-12-30T23:59:44.671+0000] {processor.py:183} INFO - Processing /home/airflow/.local/lib/python3.12/site-packages/airflow/example_dags/example_branch_python_dop_operator_3.py took 0.039 seconds
