[2025-12-30T23:33:52.476+0000] {processor.py:161} INFO - Started process (PID=76) to work on /home/airflow/.local/lib/python3.12/site-packages/airflow/example_dags/example_xcomargs.py
[2025-12-30T23:33:52.477+0000] {processor.py:830} INFO - Processing file /home/airflow/.local/lib/python3.12/site-packages/airflow/example_dags/example_xcomargs.py for tasks to queue
[2025-12-30T23:33:52.480+0000] {logging_mixin.py:188} INFO - [2025-12-30T23:33:52.480+0000] {dagbag.py:545} INFO - Filling up the DagBag from /home/airflow/.local/lib/python3.12/site-packages/airflow/example_dags/example_xcomargs.py
[2025-12-30T23:33:52.544+0000] {processor.py:840} INFO - DAG(s) 'example_xcom_args_with_operators', 'example_xcom_args' retrieved from /home/airflow/.local/lib/python3.12/site-packages/airflow/example_dags/example_xcomargs.py
[2025-12-30T23:33:52.585+0000] {logging_mixin.py:188} INFO - [2025-12-30T23:33:52.584+0000] {dag.py:3096} INFO - Sync 2 DAGs
[2025-12-30T23:33:52.601+0000] {logging_mixin.py:188} INFO - [2025-12-30T23:33:52.600+0000] {dag.py:3954} INFO - Setting next_dagrun for example_xcom_args to None, run_after=None
[2025-12-30T23:33:52.607+0000] {logging_mixin.py:188} INFO - [2025-12-30T23:33:52.607+0000] {dag.py:3954} INFO - Setting next_dagrun for example_xcom_args_with_operators to None, run_after=None
[2025-12-30T23:33:52.644+0000] {processor.py:183} INFO - Processing /home/airflow/.local/lib/python3.12/site-packages/airflow/example_dags/example_xcomargs.py took 0.190 seconds
[2025-12-30T23:34:23.223+0000] {processor.py:161} INFO - Started process (PID=135) to work on /home/airflow/.local/lib/python3.12/site-packages/airflow/example_dags/example_xcomargs.py
[2025-12-30T23:34:23.223+0000] {processor.py:830} INFO - Processing file /home/airflow/.local/lib/python3.12/site-packages/airflow/example_dags/example_xcomargs.py for tasks to queue
[2025-12-30T23:34:23.224+0000] {logging_mixin.py:188} INFO - [2025-12-30T23:34:23.224+0000] {dagbag.py:545} INFO - Filling up the DagBag from /home/airflow/.local/lib/python3.12/site-packages/airflow/example_dags/example_xcomargs.py
[2025-12-30T23:34:23.228+0000] {processor.py:840} INFO - DAG(s) 'example_xcom_args_with_operators', 'example_xcom_args' retrieved from /home/airflow/.local/lib/python3.12/site-packages/airflow/example_dags/example_xcomargs.py
[2025-12-30T23:34:23.274+0000] {logging_mixin.py:188} INFO - [2025-12-30T23:34:23.273+0000] {dag.py:3096} INFO - Sync 2 DAGs
[2025-12-30T23:34:23.279+0000] {logging_mixin.py:188} INFO - [2025-12-30T23:34:23.279+0000] {dag.py:3954} INFO - Setting next_dagrun for example_xcom_args to None, run_after=None
[2025-12-30T23:34:23.280+0000] {logging_mixin.py:188} INFO - [2025-12-30T23:34:23.280+0000] {dag.py:3954} INFO - Setting next_dagrun for example_xcom_args_with_operators to None, run_after=None
[2025-12-30T23:34:23.286+0000] {processor.py:183} INFO - Processing /home/airflow/.local/lib/python3.12/site-packages/airflow/example_dags/example_xcomargs.py took 0.066 seconds
[2025-12-30T23:34:54.208+0000] {processor.py:161} INFO - Started process (PID=194) to work on /home/airflow/.local/lib/python3.12/site-packages/airflow/example_dags/example_xcomargs.py
[2025-12-30T23:34:54.209+0000] {processor.py:830} INFO - Processing file /home/airflow/.local/lib/python3.12/site-packages/airflow/example_dags/example_xcomargs.py for tasks to queue
[2025-12-30T23:34:54.211+0000] {logging_mixin.py:188} INFO - [2025-12-30T23:34:54.210+0000] {dagbag.py:545} INFO - Filling up the DagBag from /home/airflow/.local/lib/python3.12/site-packages/airflow/example_dags/example_xcomargs.py
[2025-12-30T23:34:54.219+0000] {processor.py:840} INFO - DAG(s) 'example_xcom_args_with_operators', 'example_xcom_args' retrieved from /home/airflow/.local/lib/python3.12/site-packages/airflow/example_dags/example_xcomargs.py
[2025-12-30T23:34:54.237+0000] {logging_mixin.py:188} INFO - [2025-12-30T23:34:54.237+0000] {dag.py:3096} INFO - Sync 2 DAGs
[2025-12-30T23:34:54.245+0000] {logging_mixin.py:188} INFO - [2025-12-30T23:34:54.245+0000] {dag.py:3954} INFO - Setting next_dagrun for example_xcom_args to None, run_after=None
[2025-12-30T23:34:54.247+0000] {logging_mixin.py:188} INFO - [2025-12-30T23:34:54.247+0000] {dag.py:3954} INFO - Setting next_dagrun for example_xcom_args_with_operators to None, run_after=None
[2025-12-30T23:34:54.255+0000] {processor.py:183} INFO - Processing /home/airflow/.local/lib/python3.12/site-packages/airflow/example_dags/example_xcomargs.py took 0.054 seconds
[2025-12-30T23:35:24.514+0000] {processor.py:161} INFO - Started process (PID=253) to work on /home/airflow/.local/lib/python3.12/site-packages/airflow/example_dags/example_xcomargs.py
[2025-12-30T23:35:24.514+0000] {processor.py:830} INFO - Processing file /home/airflow/.local/lib/python3.12/site-packages/airflow/example_dags/example_xcomargs.py for tasks to queue
[2025-12-30T23:35:24.516+0000] {logging_mixin.py:188} INFO - [2025-12-30T23:35:24.515+0000] {dagbag.py:545} INFO - Filling up the DagBag from /home/airflow/.local/lib/python3.12/site-packages/airflow/example_dags/example_xcomargs.py
[2025-12-30T23:35:24.522+0000] {processor.py:840} INFO - DAG(s) 'example_xcom_args_with_operators', 'example_xcom_args' retrieved from /home/airflow/.local/lib/python3.12/site-packages/airflow/example_dags/example_xcomargs.py
[2025-12-30T23:35:24.537+0000] {logging_mixin.py:188} INFO - [2025-12-30T23:35:24.537+0000] {dag.py:3096} INFO - Sync 2 DAGs
[2025-12-30T23:35:24.544+0000] {logging_mixin.py:188} INFO - [2025-12-30T23:35:24.544+0000] {dag.py:3954} INFO - Setting next_dagrun for example_xcom_args to None, run_after=None
[2025-12-30T23:35:24.546+0000] {logging_mixin.py:188} INFO - [2025-12-30T23:35:24.546+0000] {dag.py:3954} INFO - Setting next_dagrun for example_xcom_args_with_operators to None, run_after=None
[2025-12-30T23:35:24.553+0000] {processor.py:183} INFO - Processing /home/airflow/.local/lib/python3.12/site-packages/airflow/example_dags/example_xcomargs.py took 0.043 seconds
[2025-12-30T23:35:54.650+0000] {processor.py:161} INFO - Started process (PID=312) to work on /home/airflow/.local/lib/python3.12/site-packages/airflow/example_dags/example_xcomargs.py
[2025-12-30T23:35:54.651+0000] {processor.py:830} INFO - Processing file /home/airflow/.local/lib/python3.12/site-packages/airflow/example_dags/example_xcomargs.py for tasks to queue
[2025-12-30T23:35:54.653+0000] {logging_mixin.py:188} INFO - [2025-12-30T23:35:54.653+0000] {dagbag.py:545} INFO - Filling up the DagBag from /home/airflow/.local/lib/python3.12/site-packages/airflow/example_dags/example_xcomargs.py
[2025-12-30T23:35:54.663+0000] {processor.py:840} INFO - DAG(s) 'example_xcom_args_with_operators', 'example_xcom_args' retrieved from /home/airflow/.local/lib/python3.12/site-packages/airflow/example_dags/example_xcomargs.py
[2025-12-30T23:35:54.680+0000] {logging_mixin.py:188} INFO - [2025-12-30T23:35:54.680+0000] {dag.py:3096} INFO - Sync 2 DAGs
[2025-12-30T23:35:54.688+0000] {logging_mixin.py:188} INFO - [2025-12-30T23:35:54.687+0000] {dag.py:3954} INFO - Setting next_dagrun for example_xcom_args to None, run_after=None
[2025-12-30T23:35:54.689+0000] {logging_mixin.py:188} INFO - [2025-12-30T23:35:54.689+0000] {dag.py:3954} INFO - Setting next_dagrun for example_xcom_args_with_operators to None, run_after=None
[2025-12-30T23:35:54.697+0000] {processor.py:183} INFO - Processing /home/airflow/.local/lib/python3.12/site-packages/airflow/example_dags/example_xcomargs.py took 0.055 seconds
[2025-12-30T23:36:24.838+0000] {processor.py:161} INFO - Started process (PID=371) to work on /home/airflow/.local/lib/python3.12/site-packages/airflow/example_dags/example_xcomargs.py
[2025-12-30T23:36:24.839+0000] {processor.py:830} INFO - Processing file /home/airflow/.local/lib/python3.12/site-packages/airflow/example_dags/example_xcomargs.py for tasks to queue
[2025-12-30T23:36:24.840+0000] {logging_mixin.py:188} INFO - [2025-12-30T23:36:24.840+0000] {dagbag.py:545} INFO - Filling up the DagBag from /home/airflow/.local/lib/python3.12/site-packages/airflow/example_dags/example_xcomargs.py
[2025-12-30T23:36:24.851+0000] {processor.py:840} INFO - DAG(s) 'example_xcom_args', 'example_xcom_args_with_operators' retrieved from /home/airflow/.local/lib/python3.12/site-packages/airflow/example_dags/example_xcomargs.py
[2025-12-30T23:36:24.869+0000] {logging_mixin.py:188} INFO - [2025-12-30T23:36:24.869+0000] {dag.py:3096} INFO - Sync 2 DAGs
[2025-12-30T23:36:24.877+0000] {logging_mixin.py:188} INFO - [2025-12-30T23:36:24.877+0000] {dag.py:3954} INFO - Setting next_dagrun for example_xcom_args to None, run_after=None
[2025-12-30T23:36:24.879+0000] {logging_mixin.py:188} INFO - [2025-12-30T23:36:24.879+0000] {dag.py:3954} INFO - Setting next_dagrun for example_xcom_args_with_operators to None, run_after=None
[2025-12-30T23:36:24.887+0000] {processor.py:183} INFO - Processing /home/airflow/.local/lib/python3.12/site-packages/airflow/example_dags/example_xcomargs.py took 0.055 seconds
[2025-12-30T23:36:55.131+0000] {processor.py:161} INFO - Started process (PID=430) to work on /home/airflow/.local/lib/python3.12/site-packages/airflow/example_dags/example_xcomargs.py
[2025-12-30T23:36:55.132+0000] {processor.py:830} INFO - Processing file /home/airflow/.local/lib/python3.12/site-packages/airflow/example_dags/example_xcomargs.py for tasks to queue
[2025-12-30T23:36:55.133+0000] {logging_mixin.py:188} INFO - [2025-12-30T23:36:55.132+0000] {dagbag.py:545} INFO - Filling up the DagBag from /home/airflow/.local/lib/python3.12/site-packages/airflow/example_dags/example_xcomargs.py
[2025-12-30T23:36:55.139+0000] {processor.py:840} INFO - DAG(s) 'example_xcom_args_with_operators', 'example_xcom_args' retrieved from /home/airflow/.local/lib/python3.12/site-packages/airflow/example_dags/example_xcomargs.py
[2025-12-30T23:36:55.152+0000] {logging_mixin.py:188} INFO - [2025-12-30T23:36:55.152+0000] {dag.py:3096} INFO - Sync 2 DAGs
[2025-12-30T23:36:55.159+0000] {logging_mixin.py:188} INFO - [2025-12-30T23:36:55.159+0000] {dag.py:3954} INFO - Setting next_dagrun for example_xcom_args to None, run_after=None
[2025-12-30T23:36:55.160+0000] {logging_mixin.py:188} INFO - [2025-12-30T23:36:55.160+0000] {dag.py:3954} INFO - Setting next_dagrun for example_xcom_args_with_operators to None, run_after=None
[2025-12-30T23:36:55.168+0000] {processor.py:183} INFO - Processing /home/airflow/.local/lib/python3.12/site-packages/airflow/example_dags/example_xcomargs.py took 0.041 seconds
[2025-12-30T23:37:25.903+0000] {processor.py:161} INFO - Started process (PID=489) to work on /home/airflow/.local/lib/python3.12/site-packages/airflow/example_dags/example_xcomargs.py
[2025-12-30T23:37:25.904+0000] {processor.py:830} INFO - Processing file /home/airflow/.local/lib/python3.12/site-packages/airflow/example_dags/example_xcomargs.py for tasks to queue
[2025-12-30T23:37:25.905+0000] {logging_mixin.py:188} INFO - [2025-12-30T23:37:25.905+0000] {dagbag.py:545} INFO - Filling up the DagBag from /home/airflow/.local/lib/python3.12/site-packages/airflow/example_dags/example_xcomargs.py
[2025-12-30T23:37:25.913+0000] {processor.py:840} INFO - DAG(s) 'example_xcom_args', 'example_xcom_args_with_operators' retrieved from /home/airflow/.local/lib/python3.12/site-packages/airflow/example_dags/example_xcomargs.py
[2025-12-30T23:37:25.934+0000] {logging_mixin.py:188} INFO - [2025-12-30T23:37:25.934+0000] {dag.py:3096} INFO - Sync 2 DAGs
[2025-12-30T23:37:25.941+0000] {logging_mixin.py:188} INFO - [2025-12-30T23:37:25.941+0000] {dag.py:3954} INFO - Setting next_dagrun for example_xcom_args to None, run_after=None
[2025-12-30T23:37:25.943+0000] {logging_mixin.py:188} INFO - [2025-12-30T23:37:25.943+0000] {dag.py:3954} INFO - Setting next_dagrun for example_xcom_args_with_operators to None, run_after=None
[2025-12-30T23:37:25.951+0000] {processor.py:183} INFO - Processing /home/airflow/.local/lib/python3.12/site-packages/airflow/example_dags/example_xcomargs.py took 0.053 seconds
[2025-12-30T23:37:56.183+0000] {processor.py:161} INFO - Started process (PID=548) to work on /home/airflow/.local/lib/python3.12/site-packages/airflow/example_dags/example_xcomargs.py
[2025-12-30T23:37:56.184+0000] {processor.py:830} INFO - Processing file /home/airflow/.local/lib/python3.12/site-packages/airflow/example_dags/example_xcomargs.py for tasks to queue
[2025-12-30T23:37:56.190+0000] {logging_mixin.py:188} INFO - [2025-12-30T23:37:56.190+0000] {dagbag.py:545} INFO - Filling up the DagBag from /home/airflow/.local/lib/python3.12/site-packages/airflow/example_dags/example_xcomargs.py
[2025-12-30T23:37:56.200+0000] {processor.py:840} INFO - DAG(s) 'example_xcom_args_with_operators', 'example_xcom_args' retrieved from /home/airflow/.local/lib/python3.12/site-packages/airflow/example_dags/example_xcomargs.py
[2025-12-30T23:37:56.222+0000] {logging_mixin.py:188} INFO - [2025-12-30T23:37:56.221+0000] {dag.py:3096} INFO - Sync 2 DAGs
[2025-12-30T23:37:56.230+0000] {logging_mixin.py:188} INFO - [2025-12-30T23:37:56.230+0000] {dag.py:3954} INFO - Setting next_dagrun for example_xcom_args to None, run_after=None
[2025-12-30T23:37:56.232+0000] {logging_mixin.py:188} INFO - [2025-12-30T23:37:56.232+0000] {dag.py:3954} INFO - Setting next_dagrun for example_xcom_args_with_operators to None, run_after=None
[2025-12-30T23:37:56.241+0000] {processor.py:183} INFO - Processing /home/airflow/.local/lib/python3.12/site-packages/airflow/example_dags/example_xcomargs.py took 0.063 seconds
[2025-12-30T23:38:26.747+0000] {processor.py:161} INFO - Started process (PID=607) to work on /home/airflow/.local/lib/python3.12/site-packages/airflow/example_dags/example_xcomargs.py
[2025-12-30T23:38:26.748+0000] {processor.py:830} INFO - Processing file /home/airflow/.local/lib/python3.12/site-packages/airflow/example_dags/example_xcomargs.py for tasks to queue
[2025-12-30T23:38:26.751+0000] {logging_mixin.py:188} INFO - [2025-12-30T23:38:26.750+0000] {dagbag.py:545} INFO - Filling up the DagBag from /home/airflow/.local/lib/python3.12/site-packages/airflow/example_dags/example_xcomargs.py
[2025-12-30T23:38:26.762+0000] {processor.py:840} INFO - DAG(s) 'example_xcom_args_with_operators', 'example_xcom_args' retrieved from /home/airflow/.local/lib/python3.12/site-packages/airflow/example_dags/example_xcomargs.py
[2025-12-30T23:38:26.781+0000] {logging_mixin.py:188} INFO - [2025-12-30T23:38:26.781+0000] {dag.py:3096} INFO - Sync 2 DAGs
[2025-12-30T23:38:26.789+0000] {logging_mixin.py:188} INFO - [2025-12-30T23:38:26.788+0000] {dag.py:3954} INFO - Setting next_dagrun for example_xcom_args to None, run_after=None
[2025-12-30T23:38:26.791+0000] {logging_mixin.py:188} INFO - [2025-12-30T23:38:26.790+0000] {dag.py:3954} INFO - Setting next_dagrun for example_xcom_args_with_operators to None, run_after=None
[2025-12-30T23:38:26.799+0000] {processor.py:183} INFO - Processing /home/airflow/.local/lib/python3.12/site-packages/airflow/example_dags/example_xcomargs.py took 0.059 seconds
[2025-12-30T23:38:56.882+0000] {processor.py:161} INFO - Started process (PID=666) to work on /home/airflow/.local/lib/python3.12/site-packages/airflow/example_dags/example_xcomargs.py
[2025-12-30T23:38:56.883+0000] {processor.py:830} INFO - Processing file /home/airflow/.local/lib/python3.12/site-packages/airflow/example_dags/example_xcomargs.py for tasks to queue
[2025-12-30T23:38:56.884+0000] {logging_mixin.py:188} INFO - [2025-12-30T23:38:56.884+0000] {dagbag.py:545} INFO - Filling up the DagBag from /home/airflow/.local/lib/python3.12/site-packages/airflow/example_dags/example_xcomargs.py
[2025-12-30T23:38:56.890+0000] {processor.py:840} INFO - DAG(s) 'example_xcom_args', 'example_xcom_args_with_operators' retrieved from /home/airflow/.local/lib/python3.12/site-packages/airflow/example_dags/example_xcomargs.py
[2025-12-30T23:38:56.906+0000] {logging_mixin.py:188} INFO - [2025-12-30T23:38:56.906+0000] {dag.py:3096} INFO - Sync 2 DAGs
[2025-12-30T23:38:56.913+0000] {logging_mixin.py:188} INFO - [2025-12-30T23:38:56.913+0000] {dag.py:3954} INFO - Setting next_dagrun for example_xcom_args to None, run_after=None
[2025-12-30T23:38:56.915+0000] {logging_mixin.py:188} INFO - [2025-12-30T23:38:56.915+0000] {dag.py:3954} INFO - Setting next_dagrun for example_xcom_args_with_operators to None, run_after=None
[2025-12-30T23:38:56.923+0000] {processor.py:183} INFO - Processing /home/airflow/.local/lib/python3.12/site-packages/airflow/example_dags/example_xcomargs.py took 0.046 seconds
[2025-12-30T23:39:27.490+0000] {processor.py:161} INFO - Started process (PID=725) to work on /home/airflow/.local/lib/python3.12/site-packages/airflow/example_dags/example_xcomargs.py
[2025-12-30T23:39:27.491+0000] {processor.py:830} INFO - Processing file /home/airflow/.local/lib/python3.12/site-packages/airflow/example_dags/example_xcomargs.py for tasks to queue
[2025-12-30T23:39:27.497+0000] {logging_mixin.py:188} INFO - [2025-12-30T23:39:27.496+0000] {dagbag.py:545} INFO - Filling up the DagBag from /home/airflow/.local/lib/python3.12/site-packages/airflow/example_dags/example_xcomargs.py
[2025-12-30T23:39:27.513+0000] {processor.py:840} INFO - DAG(s) 'example_xcom_args_with_operators', 'example_xcom_args' retrieved from /home/airflow/.local/lib/python3.12/site-packages/airflow/example_dags/example_xcomargs.py
[2025-12-30T23:39:27.540+0000] {logging_mixin.py:188} INFO - [2025-12-30T23:39:27.540+0000] {dag.py:3096} INFO - Sync 2 DAGs
[2025-12-30T23:39:27.549+0000] {logging_mixin.py:188} INFO - [2025-12-30T23:39:27.549+0000] {dag.py:3954} INFO - Setting next_dagrun for example_xcom_args to None, run_after=None
[2025-12-30T23:39:27.551+0000] {logging_mixin.py:188} INFO - [2025-12-30T23:39:27.551+0000] {dag.py:3954} INFO - Setting next_dagrun for example_xcom_args_with_operators to None, run_after=None
[2025-12-30T23:39:27.561+0000] {processor.py:183} INFO - Processing /home/airflow/.local/lib/python3.12/site-packages/airflow/example_dags/example_xcomargs.py took 0.077 seconds
[2025-12-30T23:39:58.632+0000] {processor.py:161} INFO - Started process (PID=784) to work on /home/airflow/.local/lib/python3.12/site-packages/airflow/example_dags/example_xcomargs.py
[2025-12-30T23:39:58.633+0000] {processor.py:830} INFO - Processing file /home/airflow/.local/lib/python3.12/site-packages/airflow/example_dags/example_xcomargs.py for tasks to queue
[2025-12-30T23:39:58.637+0000] {logging_mixin.py:188} INFO - [2025-12-30T23:39:58.636+0000] {dagbag.py:545} INFO - Filling up the DagBag from /home/airflow/.local/lib/python3.12/site-packages/airflow/example_dags/example_xcomargs.py
[2025-12-30T23:39:58.665+0000] {processor.py:840} INFO - DAG(s) 'example_xcom_args', 'example_xcom_args_with_operators' retrieved from /home/airflow/.local/lib/python3.12/site-packages/airflow/example_dags/example_xcomargs.py
[2025-12-30T23:39:58.731+0000] {logging_mixin.py:188} INFO - [2025-12-30T23:39:58.731+0000] {dag.py:3096} INFO - Sync 2 DAGs
[2025-12-30T23:39:58.755+0000] {logging_mixin.py:188} INFO - [2025-12-30T23:39:58.754+0000] {dag.py:3954} INFO - Setting next_dagrun for example_xcom_args to None, run_after=None
[2025-12-30T23:39:58.757+0000] {logging_mixin.py:188} INFO - [2025-12-30T23:39:58.757+0000] {dag.py:3954} INFO - Setting next_dagrun for example_xcom_args_with_operators to None, run_after=None
[2025-12-30T23:39:58.772+0000] {processor.py:183} INFO - Processing /home/airflow/.local/lib/python3.12/site-packages/airflow/example_dags/example_xcomargs.py took 0.153 seconds
[2025-12-30T23:40:28.995+0000] {processor.py:161} INFO - Started process (PID=843) to work on /home/airflow/.local/lib/python3.12/site-packages/airflow/example_dags/example_xcomargs.py
[2025-12-30T23:40:28.997+0000] {processor.py:830} INFO - Processing file /home/airflow/.local/lib/python3.12/site-packages/airflow/example_dags/example_xcomargs.py for tasks to queue
[2025-12-30T23:40:28.999+0000] {logging_mixin.py:188} INFO - [2025-12-30T23:40:28.999+0000] {dagbag.py:545} INFO - Filling up the DagBag from /home/airflow/.local/lib/python3.12/site-packages/airflow/example_dags/example_xcomargs.py
[2025-12-30T23:40:29.016+0000] {processor.py:840} INFO - DAG(s) 'example_xcom_args_with_operators', 'example_xcom_args' retrieved from /home/airflow/.local/lib/python3.12/site-packages/airflow/example_dags/example_xcomargs.py
[2025-12-30T23:40:29.053+0000] {logging_mixin.py:188} INFO - [2025-12-30T23:40:29.053+0000] {dag.py:3096} INFO - Sync 2 DAGs
[2025-12-30T23:40:29.063+0000] {logging_mixin.py:188} INFO - [2025-12-30T23:40:29.063+0000] {dag.py:3954} INFO - Setting next_dagrun for example_xcom_args to None, run_after=None
[2025-12-30T23:40:29.066+0000] {logging_mixin.py:188} INFO - [2025-12-30T23:40:29.065+0000] {dag.py:3954} INFO - Setting next_dagrun for example_xcom_args_with_operators to None, run_after=None
[2025-12-30T23:40:29.076+0000] {processor.py:183} INFO - Processing /home/airflow/.local/lib/python3.12/site-packages/airflow/example_dags/example_xcomargs.py took 0.090 seconds
[2025-12-30T23:40:59.229+0000] {processor.py:161} INFO - Started process (PID=905) to work on /home/airflow/.local/lib/python3.12/site-packages/airflow/example_dags/example_xcomargs.py
[2025-12-30T23:40:59.231+0000] {processor.py:830} INFO - Processing file /home/airflow/.local/lib/python3.12/site-packages/airflow/example_dags/example_xcomargs.py for tasks to queue
[2025-12-30T23:40:59.233+0000] {logging_mixin.py:188} INFO - [2025-12-30T23:40:59.233+0000] {dagbag.py:545} INFO - Filling up the DagBag from /home/airflow/.local/lib/python3.12/site-packages/airflow/example_dags/example_xcomargs.py
[2025-12-30T23:40:59.266+0000] {processor.py:840} INFO - DAG(s) 'example_xcom_args', 'example_xcom_args_with_operators' retrieved from /home/airflow/.local/lib/python3.12/site-packages/airflow/example_dags/example_xcomargs.py
[2025-12-30T23:40:59.303+0000] {logging_mixin.py:188} INFO - [2025-12-30T23:40:59.302+0000] {dag.py:3096} INFO - Sync 2 DAGs
[2025-12-30T23:40:59.315+0000] {logging_mixin.py:188} INFO - [2025-12-30T23:40:59.315+0000] {dag.py:3954} INFO - Setting next_dagrun for example_xcom_args to None, run_after=None
[2025-12-30T23:40:59.317+0000] {logging_mixin.py:188} INFO - [2025-12-30T23:40:59.317+0000] {dag.py:3954} INFO - Setting next_dagrun for example_xcom_args_with_operators to None, run_after=None
[2025-12-30T23:40:59.327+0000] {processor.py:183} INFO - Processing /home/airflow/.local/lib/python3.12/site-packages/airflow/example_dags/example_xcomargs.py took 0.112 seconds
[2025-12-30T23:43:00.339+0000] {processor.py:161} INFO - Started process (PID=75) to work on /home/airflow/.local/lib/python3.12/site-packages/airflow/example_dags/example_xcomargs.py
[2025-12-30T23:43:00.340+0000] {processor.py:830} INFO - Processing file /home/airflow/.local/lib/python3.12/site-packages/airflow/example_dags/example_xcomargs.py for tasks to queue
[2025-12-30T23:43:00.344+0000] {logging_mixin.py:188} INFO - [2025-12-30T23:43:00.344+0000] {dagbag.py:545} INFO - Filling up the DagBag from /home/airflow/.local/lib/python3.12/site-packages/airflow/example_dags/example_xcomargs.py
[2025-12-30T23:43:00.361+0000] {processor.py:840} INFO - DAG(s) 'example_xcom_args_with_operators', 'example_xcom_args' retrieved from /home/airflow/.local/lib/python3.12/site-packages/airflow/example_dags/example_xcomargs.py
[2025-12-30T23:43:00.379+0000] {logging_mixin.py:188} INFO - [2025-12-30T23:43:00.379+0000] {dag.py:3096} INFO - Sync 2 DAGs
[2025-12-30T23:43:00.396+0000] {logging_mixin.py:188} INFO - [2025-12-30T23:43:00.396+0000] {dag.py:3954} INFO - Setting next_dagrun for example_xcom_args to None, run_after=None
[2025-12-30T23:43:00.400+0000] {logging_mixin.py:188} INFO - [2025-12-30T23:43:00.399+0000] {dag.py:3954} INFO - Setting next_dagrun for example_xcom_args_with_operators to None, run_after=None
[2025-12-30T23:43:00.430+0000] {processor.py:183} INFO - Processing /home/airflow/.local/lib/python3.12/site-packages/airflow/example_dags/example_xcomargs.py took 0.103 seconds
[2025-12-30T23:43:31.379+0000] {processor.py:161} INFO - Started process (PID=135) to work on /home/airflow/.local/lib/python3.12/site-packages/airflow/example_dags/example_xcomargs.py
[2025-12-30T23:43:31.380+0000] {processor.py:830} INFO - Processing file /home/airflow/.local/lib/python3.12/site-packages/airflow/example_dags/example_xcomargs.py for tasks to queue
[2025-12-30T23:43:31.382+0000] {logging_mixin.py:188} INFO - [2025-12-30T23:43:31.382+0000] {dagbag.py:545} INFO - Filling up the DagBag from /home/airflow/.local/lib/python3.12/site-packages/airflow/example_dags/example_xcomargs.py
[2025-12-30T23:43:31.389+0000] {processor.py:840} INFO - DAG(s) 'example_xcom_args', 'example_xcom_args_with_operators' retrieved from /home/airflow/.local/lib/python3.12/site-packages/airflow/example_dags/example_xcomargs.py
[2025-12-30T23:43:31.444+0000] {logging_mixin.py:188} INFO - [2025-12-30T23:43:31.444+0000] {dag.py:3096} INFO - Sync 2 DAGs
[2025-12-30T23:43:31.449+0000] {logging_mixin.py:188} INFO - [2025-12-30T23:43:31.449+0000] {dag.py:3954} INFO - Setting next_dagrun for example_xcom_args to None, run_after=None
[2025-12-30T23:43:31.450+0000] {logging_mixin.py:188} INFO - [2025-12-30T23:43:31.450+0000] {dag.py:3954} INFO - Setting next_dagrun for example_xcom_args_with_operators to None, run_after=None
[2025-12-30T23:43:31.458+0000] {processor.py:183} INFO - Processing /home/airflow/.local/lib/python3.12/site-packages/airflow/example_dags/example_xcomargs.py took 0.085 seconds
[2025-12-30T23:44:01.990+0000] {processor.py:161} INFO - Started process (PID=195) to work on /home/airflow/.local/lib/python3.12/site-packages/airflow/example_dags/example_xcomargs.py
[2025-12-30T23:44:01.991+0000] {processor.py:830} INFO - Processing file /home/airflow/.local/lib/python3.12/site-packages/airflow/example_dags/example_xcomargs.py for tasks to queue
[2025-12-30T23:44:01.993+0000] {logging_mixin.py:188} INFO - [2025-12-30T23:44:01.992+0000] {dagbag.py:545} INFO - Filling up the DagBag from /home/airflow/.local/lib/python3.12/site-packages/airflow/example_dags/example_xcomargs.py
[2025-12-30T23:44:01.999+0000] {processor.py:840} INFO - DAG(s) 'example_xcom_args_with_operators', 'example_xcom_args' retrieved from /home/airflow/.local/lib/python3.12/site-packages/airflow/example_dags/example_xcomargs.py
[2025-12-30T23:44:02.018+0000] {logging_mixin.py:188} INFO - [2025-12-30T23:44:02.017+0000] {dag.py:3096} INFO - Sync 2 DAGs
[2025-12-30T23:44:02.025+0000] {logging_mixin.py:188} INFO - [2025-12-30T23:44:02.025+0000] {dag.py:3954} INFO - Setting next_dagrun for example_xcom_args to None, run_after=None
[2025-12-30T23:44:02.026+0000] {logging_mixin.py:188} INFO - [2025-12-30T23:44:02.026+0000] {dag.py:3954} INFO - Setting next_dagrun for example_xcom_args_with_operators to None, run_after=None
[2025-12-30T23:44:02.034+0000] {processor.py:183} INFO - Processing /home/airflow/.local/lib/python3.12/site-packages/airflow/example_dags/example_xcomargs.py took 0.049 seconds
[2025-12-30T23:44:32.163+0000] {processor.py:161} INFO - Started process (PID=255) to work on /home/airflow/.local/lib/python3.12/site-packages/airflow/example_dags/example_xcomargs.py
[2025-12-30T23:44:32.164+0000] {processor.py:830} INFO - Processing file /home/airflow/.local/lib/python3.12/site-packages/airflow/example_dags/example_xcomargs.py for tasks to queue
[2025-12-30T23:44:32.166+0000] {logging_mixin.py:188} INFO - [2025-12-30T23:44:32.166+0000] {dagbag.py:545} INFO - Filling up the DagBag from /home/airflow/.local/lib/python3.12/site-packages/airflow/example_dags/example_xcomargs.py
[2025-12-30T23:44:32.173+0000] {processor.py:840} INFO - DAG(s) 'example_xcom_args', 'example_xcom_args_with_operators' retrieved from /home/airflow/.local/lib/python3.12/site-packages/airflow/example_dags/example_xcomargs.py
[2025-12-30T23:44:32.191+0000] {logging_mixin.py:188} INFO - [2025-12-30T23:44:32.190+0000] {dag.py:3096} INFO - Sync 2 DAGs
[2025-12-30T23:44:32.198+0000] {logging_mixin.py:188} INFO - [2025-12-30T23:44:32.198+0000] {dag.py:3954} INFO - Setting next_dagrun for example_xcom_args to None, run_after=None
[2025-12-30T23:44:32.199+0000] {logging_mixin.py:188} INFO - [2025-12-30T23:44:32.199+0000] {dag.py:3954} INFO - Setting next_dagrun for example_xcom_args_with_operators to None, run_after=None
[2025-12-30T23:44:32.207+0000] {processor.py:183} INFO - Processing /home/airflow/.local/lib/python3.12/site-packages/airflow/example_dags/example_xcomargs.py took 0.049 seconds
[2025-12-30T23:45:02.862+0000] {processor.py:161} INFO - Started process (PID=315) to work on /home/airflow/.local/lib/python3.12/site-packages/airflow/example_dags/example_xcomargs.py
[2025-12-30T23:45:02.863+0000] {processor.py:830} INFO - Processing file /home/airflow/.local/lib/python3.12/site-packages/airflow/example_dags/example_xcomargs.py for tasks to queue
[2025-12-30T23:45:02.865+0000] {logging_mixin.py:188} INFO - [2025-12-30T23:45:02.864+0000] {dagbag.py:545} INFO - Filling up the DagBag from /home/airflow/.local/lib/python3.12/site-packages/airflow/example_dags/example_xcomargs.py
[2025-12-30T23:45:02.871+0000] {processor.py:840} INFO - DAG(s) 'example_xcom_args', 'example_xcom_args_with_operators' retrieved from /home/airflow/.local/lib/python3.12/site-packages/airflow/example_dags/example_xcomargs.py
[2025-12-30T23:45:02.885+0000] {logging_mixin.py:188} INFO - [2025-12-30T23:45:02.885+0000] {dag.py:3096} INFO - Sync 2 DAGs
[2025-12-30T23:45:02.892+0000] {logging_mixin.py:188} INFO - [2025-12-30T23:45:02.892+0000] {dag.py:3954} INFO - Setting next_dagrun for example_xcom_args to None, run_after=None
[2025-12-30T23:45:02.894+0000] {logging_mixin.py:188} INFO - [2025-12-30T23:45:02.894+0000] {dag.py:3954} INFO - Setting next_dagrun for example_xcom_args_with_operators to None, run_after=None
[2025-12-30T23:45:02.902+0000] {processor.py:183} INFO - Processing /home/airflow/.local/lib/python3.12/site-packages/airflow/example_dags/example_xcomargs.py took 0.045 seconds
[2025-12-30T23:45:33.118+0000] {processor.py:161} INFO - Started process (PID=375) to work on /home/airflow/.local/lib/python3.12/site-packages/airflow/example_dags/example_xcomargs.py
[2025-12-30T23:45:33.118+0000] {processor.py:830} INFO - Processing file /home/airflow/.local/lib/python3.12/site-packages/airflow/example_dags/example_xcomargs.py for tasks to queue
[2025-12-30T23:45:33.120+0000] {logging_mixin.py:188} INFO - [2025-12-30T23:45:33.120+0000] {dagbag.py:545} INFO - Filling up the DagBag from /home/airflow/.local/lib/python3.12/site-packages/airflow/example_dags/example_xcomargs.py
[2025-12-30T23:45:33.128+0000] {processor.py:840} INFO - DAG(s) 'example_xcom_args_with_operators', 'example_xcom_args' retrieved from /home/airflow/.local/lib/python3.12/site-packages/airflow/example_dags/example_xcomargs.py
[2025-12-30T23:45:33.142+0000] {logging_mixin.py:188} INFO - [2025-12-30T23:45:33.142+0000] {dag.py:3096} INFO - Sync 2 DAGs
[2025-12-30T23:45:33.151+0000] {logging_mixin.py:188} INFO - [2025-12-30T23:45:33.151+0000] {dag.py:3954} INFO - Setting next_dagrun for example_xcom_args to None, run_after=None
[2025-12-30T23:45:33.153+0000] {logging_mixin.py:188} INFO - [2025-12-30T23:45:33.153+0000] {dag.py:3954} INFO - Setting next_dagrun for example_xcom_args_with_operators to None, run_after=None
[2025-12-30T23:45:33.160+0000] {processor.py:183} INFO - Processing /home/airflow/.local/lib/python3.12/site-packages/airflow/example_dags/example_xcomargs.py took 0.047 seconds
[2025-12-30T23:46:03.278+0000] {processor.py:161} INFO - Started process (PID=435) to work on /home/airflow/.local/lib/python3.12/site-packages/airflow/example_dags/example_xcomargs.py
[2025-12-30T23:46:03.278+0000] {processor.py:830} INFO - Processing file /home/airflow/.local/lib/python3.12/site-packages/airflow/example_dags/example_xcomargs.py for tasks to queue
[2025-12-30T23:46:03.279+0000] {logging_mixin.py:188} INFO - [2025-12-30T23:46:03.279+0000] {dagbag.py:545} INFO - Filling up the DagBag from /home/airflow/.local/lib/python3.12/site-packages/airflow/example_dags/example_xcomargs.py
[2025-12-30T23:46:03.283+0000] {processor.py:840} INFO - DAG(s) 'example_xcom_args', 'example_xcom_args_with_operators' retrieved from /home/airflow/.local/lib/python3.12/site-packages/airflow/example_dags/example_xcomargs.py
[2025-12-30T23:46:03.293+0000] {logging_mixin.py:188} INFO - [2025-12-30T23:46:03.293+0000] {dag.py:3096} INFO - Sync 2 DAGs
[2025-12-30T23:46:03.300+0000] {logging_mixin.py:188} INFO - [2025-12-30T23:46:03.300+0000] {dag.py:3954} INFO - Setting next_dagrun for example_xcom_args to None, run_after=None
[2025-12-30T23:46:03.303+0000] {logging_mixin.py:188} INFO - [2025-12-30T23:46:03.303+0000] {dag.py:3954} INFO - Setting next_dagrun for example_xcom_args_with_operators to None, run_after=None
[2025-12-30T23:46:03.312+0000] {processor.py:183} INFO - Processing /home/airflow/.local/lib/python3.12/site-packages/airflow/example_dags/example_xcomargs.py took 0.037 seconds
[2025-12-30T23:46:34.284+0000] {processor.py:161} INFO - Started process (PID=495) to work on /home/airflow/.local/lib/python3.12/site-packages/airflow/example_dags/example_xcomargs.py
[2025-12-30T23:46:34.285+0000] {processor.py:830} INFO - Processing file /home/airflow/.local/lib/python3.12/site-packages/airflow/example_dags/example_xcomargs.py for tasks to queue
[2025-12-30T23:46:34.286+0000] {logging_mixin.py:188} INFO - [2025-12-30T23:46:34.286+0000] {dagbag.py:545} INFO - Filling up the DagBag from /home/airflow/.local/lib/python3.12/site-packages/airflow/example_dags/example_xcomargs.py
[2025-12-30T23:46:34.291+0000] {processor.py:840} INFO - DAG(s) 'example_xcom_args_with_operators', 'example_xcom_args' retrieved from /home/airflow/.local/lib/python3.12/site-packages/airflow/example_dags/example_xcomargs.py
[2025-12-30T23:46:34.304+0000] {logging_mixin.py:188} INFO - [2025-12-30T23:46:34.304+0000] {dag.py:3096} INFO - Sync 2 DAGs
[2025-12-30T23:46:34.311+0000] {logging_mixin.py:188} INFO - [2025-12-30T23:46:34.311+0000] {dag.py:3954} INFO - Setting next_dagrun for example_xcom_args to None, run_after=None
[2025-12-30T23:46:34.313+0000] {logging_mixin.py:188} INFO - [2025-12-30T23:46:34.313+0000] {dag.py:3954} INFO - Setting next_dagrun for example_xcom_args_with_operators to None, run_after=None
[2025-12-30T23:46:34.321+0000] {processor.py:183} INFO - Processing /home/airflow/.local/lib/python3.12/site-packages/airflow/example_dags/example_xcomargs.py took 0.039 seconds
[2025-12-30T23:47:04.731+0000] {processor.py:161} INFO - Started process (PID=555) to work on /home/airflow/.local/lib/python3.12/site-packages/airflow/example_dags/example_xcomargs.py
[2025-12-30T23:47:04.731+0000] {processor.py:830} INFO - Processing file /home/airflow/.local/lib/python3.12/site-packages/airflow/example_dags/example_xcomargs.py for tasks to queue
[2025-12-30T23:47:04.733+0000] {logging_mixin.py:188} INFO - [2025-12-30T23:47:04.732+0000] {dagbag.py:545} INFO - Filling up the DagBag from /home/airflow/.local/lib/python3.12/site-packages/airflow/example_dags/example_xcomargs.py
[2025-12-30T23:47:04.737+0000] {processor.py:840} INFO - DAG(s) 'example_xcom_args_with_operators', 'example_xcom_args' retrieved from /home/airflow/.local/lib/python3.12/site-packages/airflow/example_dags/example_xcomargs.py
[2025-12-30T23:47:04.751+0000] {logging_mixin.py:188} INFO - [2025-12-30T23:47:04.751+0000] {dag.py:3096} INFO - Sync 2 DAGs
[2025-12-30T23:47:04.760+0000] {logging_mixin.py:188} INFO - [2025-12-30T23:47:04.759+0000] {dag.py:3954} INFO - Setting next_dagrun for example_xcom_args to None, run_after=None
[2025-12-30T23:47:04.762+0000] {logging_mixin.py:188} INFO - [2025-12-30T23:47:04.761+0000] {dag.py:3954} INFO - Setting next_dagrun for example_xcom_args_with_operators to None, run_after=None
[2025-12-30T23:47:04.770+0000] {processor.py:183} INFO - Processing /home/airflow/.local/lib/python3.12/site-packages/airflow/example_dags/example_xcomargs.py took 0.043 seconds
[2025-12-30T23:47:35.346+0000] {processor.py:161} INFO - Started process (PID=615) to work on /home/airflow/.local/lib/python3.12/site-packages/airflow/example_dags/example_xcomargs.py
[2025-12-30T23:47:35.347+0000] {processor.py:830} INFO - Processing file /home/airflow/.local/lib/python3.12/site-packages/airflow/example_dags/example_xcomargs.py for tasks to queue
[2025-12-30T23:47:35.348+0000] {logging_mixin.py:188} INFO - [2025-12-30T23:47:35.347+0000] {dagbag.py:545} INFO - Filling up the DagBag from /home/airflow/.local/lib/python3.12/site-packages/airflow/example_dags/example_xcomargs.py
[2025-12-30T23:47:35.352+0000] {processor.py:840} INFO - DAG(s) 'example_xcom_args', 'example_xcom_args_with_operators' retrieved from /home/airflow/.local/lib/python3.12/site-packages/airflow/example_dags/example_xcomargs.py
[2025-12-30T23:47:35.363+0000] {logging_mixin.py:188} INFO - [2025-12-30T23:47:35.363+0000] {dag.py:3096} INFO - Sync 2 DAGs
[2025-12-30T23:47:35.369+0000] {logging_mixin.py:188} INFO - [2025-12-30T23:47:35.369+0000] {dag.py:3954} INFO - Setting next_dagrun for example_xcom_args to None, run_after=None
[2025-12-30T23:47:35.370+0000] {logging_mixin.py:188} INFO - [2025-12-30T23:47:35.370+0000] {dag.py:3954} INFO - Setting next_dagrun for example_xcom_args_with_operators to None, run_after=None
[2025-12-30T23:47:35.378+0000] {processor.py:183} INFO - Processing /home/airflow/.local/lib/python3.12/site-packages/airflow/example_dags/example_xcomargs.py took 0.035 seconds
[2025-12-30T23:48:06.562+0000] {processor.py:161} INFO - Started process (PID=675) to work on /home/airflow/.local/lib/python3.12/site-packages/airflow/example_dags/example_xcomargs.py
[2025-12-30T23:48:06.563+0000] {processor.py:830} INFO - Processing file /home/airflow/.local/lib/python3.12/site-packages/airflow/example_dags/example_xcomargs.py for tasks to queue
[2025-12-30T23:48:06.564+0000] {logging_mixin.py:188} INFO - [2025-12-30T23:48:06.564+0000] {dagbag.py:545} INFO - Filling up the DagBag from /home/airflow/.local/lib/python3.12/site-packages/airflow/example_dags/example_xcomargs.py
[2025-12-30T23:48:06.568+0000] {processor.py:840} INFO - DAG(s) 'example_xcom_args_with_operators', 'example_xcom_args' retrieved from /home/airflow/.local/lib/python3.12/site-packages/airflow/example_dags/example_xcomargs.py
[2025-12-30T23:48:06.581+0000] {logging_mixin.py:188} INFO - [2025-12-30T23:48:06.580+0000] {dag.py:3096} INFO - Sync 2 DAGs
[2025-12-30T23:48:06.588+0000] {logging_mixin.py:188} INFO - [2025-12-30T23:48:06.588+0000] {dag.py:3954} INFO - Setting next_dagrun for example_xcom_args to None, run_after=None
[2025-12-30T23:48:06.589+0000] {logging_mixin.py:188} INFO - [2025-12-30T23:48:06.589+0000] {dag.py:3954} INFO - Setting next_dagrun for example_xcom_args_with_operators to None, run_after=None
[2025-12-30T23:48:06.598+0000] {processor.py:183} INFO - Processing /home/airflow/.local/lib/python3.12/site-packages/airflow/example_dags/example_xcomargs.py took 0.039 seconds
[2025-12-30T23:48:37.662+0000] {processor.py:161} INFO - Started process (PID=735) to work on /home/airflow/.local/lib/python3.12/site-packages/airflow/example_dags/example_xcomargs.py
[2025-12-30T23:48:37.663+0000] {processor.py:830} INFO - Processing file /home/airflow/.local/lib/python3.12/site-packages/airflow/example_dags/example_xcomargs.py for tasks to queue
[2025-12-30T23:48:37.665+0000] {logging_mixin.py:188} INFO - [2025-12-30T23:48:37.665+0000] {dagbag.py:545} INFO - Filling up the DagBag from /home/airflow/.local/lib/python3.12/site-packages/airflow/example_dags/example_xcomargs.py
[2025-12-30T23:48:37.671+0000] {processor.py:840} INFO - DAG(s) 'example_xcom_args', 'example_xcom_args_with_operators' retrieved from /home/airflow/.local/lib/python3.12/site-packages/airflow/example_dags/example_xcomargs.py
[2025-12-30T23:48:37.701+0000] {logging_mixin.py:188} INFO - [2025-12-30T23:48:37.700+0000] {dag.py:3096} INFO - Sync 2 DAGs
[2025-12-30T23:48:37.708+0000] {logging_mixin.py:188} INFO - [2025-12-30T23:48:37.708+0000] {dag.py:3954} INFO - Setting next_dagrun for example_xcom_args to None, run_after=None
[2025-12-30T23:48:37.710+0000] {logging_mixin.py:188} INFO - [2025-12-30T23:48:37.710+0000] {dag.py:3954} INFO - Setting next_dagrun for example_xcom_args_with_operators to None, run_after=None
[2025-12-30T23:48:37.721+0000] {processor.py:183} INFO - Processing /home/airflow/.local/lib/python3.12/site-packages/airflow/example_dags/example_xcomargs.py took 0.063 seconds
[2025-12-30T23:49:07.838+0000] {processor.py:161} INFO - Started process (PID=793) to work on /home/airflow/.local/lib/python3.12/site-packages/airflow/example_dags/example_xcomargs.py
[2025-12-30T23:49:07.839+0000] {processor.py:830} INFO - Processing file /home/airflow/.local/lib/python3.12/site-packages/airflow/example_dags/example_xcomargs.py for tasks to queue
[2025-12-30T23:49:07.840+0000] {logging_mixin.py:188} INFO - [2025-12-30T23:49:07.840+0000] {dagbag.py:545} INFO - Filling up the DagBag from /home/airflow/.local/lib/python3.12/site-packages/airflow/example_dags/example_xcomargs.py
[2025-12-30T23:49:07.849+0000] {processor.py:840} INFO - DAG(s) 'example_xcom_args', 'example_xcom_args_with_operators' retrieved from /home/airflow/.local/lib/python3.12/site-packages/airflow/example_dags/example_xcomargs.py
[2025-12-30T23:49:07.868+0000] {logging_mixin.py:188} INFO - [2025-12-30T23:49:07.868+0000] {dag.py:3096} INFO - Sync 2 DAGs
[2025-12-30T23:49:07.879+0000] {logging_mixin.py:188} INFO - [2025-12-30T23:49:07.878+0000] {dag.py:3954} INFO - Setting next_dagrun for example_xcom_args to None, run_after=None
[2025-12-30T23:49:07.881+0000] {logging_mixin.py:188} INFO - [2025-12-30T23:49:07.881+0000] {dag.py:3954} INFO - Setting next_dagrun for example_xcom_args_with_operators to None, run_after=None
[2025-12-30T23:49:07.889+0000] {processor.py:183} INFO - Processing /home/airflow/.local/lib/python3.12/site-packages/airflow/example_dags/example_xcomargs.py took 0.056 seconds
[2025-12-30T23:49:38.093+0000] {processor.py:161} INFO - Started process (PID=853) to work on /home/airflow/.local/lib/python3.12/site-packages/airflow/example_dags/example_xcomargs.py
[2025-12-30T23:49:38.093+0000] {processor.py:830} INFO - Processing file /home/airflow/.local/lib/python3.12/site-packages/airflow/example_dags/example_xcomargs.py for tasks to queue
[2025-12-30T23:49:38.096+0000] {logging_mixin.py:188} INFO - [2025-12-30T23:49:38.095+0000] {dagbag.py:545} INFO - Filling up the DagBag from /home/airflow/.local/lib/python3.12/site-packages/airflow/example_dags/example_xcomargs.py
[2025-12-30T23:49:38.104+0000] {processor.py:840} INFO - DAG(s) 'example_xcom_args', 'example_xcom_args_with_operators' retrieved from /home/airflow/.local/lib/python3.12/site-packages/airflow/example_dags/example_xcomargs.py
[2025-12-30T23:49:38.120+0000] {logging_mixin.py:188} INFO - [2025-12-30T23:49:38.120+0000] {dag.py:3096} INFO - Sync 2 DAGs
[2025-12-30T23:49:38.127+0000] {logging_mixin.py:188} INFO - [2025-12-30T23:49:38.127+0000] {dag.py:3954} INFO - Setting next_dagrun for example_xcom_args to None, run_after=None
[2025-12-30T23:49:38.129+0000] {logging_mixin.py:188} INFO - [2025-12-30T23:49:38.129+0000] {dag.py:3954} INFO - Setting next_dagrun for example_xcom_args_with_operators to None, run_after=None
[2025-12-30T23:49:38.137+0000] {processor.py:183} INFO - Processing /home/airflow/.local/lib/python3.12/site-packages/airflow/example_dags/example_xcomargs.py took 0.053 seconds
[2025-12-30T23:50:08.357+0000] {processor.py:161} INFO - Started process (PID=913) to work on /home/airflow/.local/lib/python3.12/site-packages/airflow/example_dags/example_xcomargs.py
[2025-12-30T23:50:08.358+0000] {processor.py:830} INFO - Processing file /home/airflow/.local/lib/python3.12/site-packages/airflow/example_dags/example_xcomargs.py for tasks to queue
[2025-12-30T23:50:08.360+0000] {logging_mixin.py:188} INFO - [2025-12-30T23:50:08.360+0000] {dagbag.py:545} INFO - Filling up the DagBag from /home/airflow/.local/lib/python3.12/site-packages/airflow/example_dags/example_xcomargs.py
[2025-12-30T23:50:08.370+0000] {processor.py:840} INFO - DAG(s) 'example_xcom_args_with_operators', 'example_xcom_args' retrieved from /home/airflow/.local/lib/python3.12/site-packages/airflow/example_dags/example_xcomargs.py
[2025-12-30T23:50:08.386+0000] {logging_mixin.py:188} INFO - [2025-12-30T23:50:08.386+0000] {dag.py:3096} INFO - Sync 2 DAGs
[2025-12-30T23:50:08.393+0000] {logging_mixin.py:188} INFO - [2025-12-30T23:50:08.393+0000] {dag.py:3954} INFO - Setting next_dagrun for example_xcom_args to None, run_after=None
[2025-12-30T23:50:08.398+0000] {logging_mixin.py:188} INFO - [2025-12-30T23:50:08.398+0000] {dag.py:3954} INFO - Setting next_dagrun for example_xcom_args_with_operators to None, run_after=None
[2025-12-30T23:50:08.407+0000] {processor.py:183} INFO - Processing /home/airflow/.local/lib/python3.12/site-packages/airflow/example_dags/example_xcomargs.py took 0.054 seconds
[2025-12-30T23:50:39.030+0000] {processor.py:161} INFO - Started process (PID=973) to work on /home/airflow/.local/lib/python3.12/site-packages/airflow/example_dags/example_xcomargs.py
[2025-12-30T23:50:39.031+0000] {processor.py:830} INFO - Processing file /home/airflow/.local/lib/python3.12/site-packages/airflow/example_dags/example_xcomargs.py for tasks to queue
[2025-12-30T23:50:39.033+0000] {logging_mixin.py:188} INFO - [2025-12-30T23:50:39.032+0000] {dagbag.py:545} INFO - Filling up the DagBag from /home/airflow/.local/lib/python3.12/site-packages/airflow/example_dags/example_xcomargs.py
[2025-12-30T23:50:39.041+0000] {processor.py:840} INFO - DAG(s) 'example_xcom_args', 'example_xcom_args_with_operators' retrieved from /home/airflow/.local/lib/python3.12/site-packages/airflow/example_dags/example_xcomargs.py
[2025-12-30T23:50:39.062+0000] {logging_mixin.py:188} INFO - [2025-12-30T23:50:39.062+0000] {dag.py:3096} INFO - Sync 2 DAGs
[2025-12-30T23:50:39.072+0000] {logging_mixin.py:188} INFO - [2025-12-30T23:50:39.072+0000] {dag.py:3954} INFO - Setting next_dagrun for example_xcom_args to None, run_after=None
[2025-12-30T23:50:39.074+0000] {logging_mixin.py:188} INFO - [2025-12-30T23:50:39.074+0000] {dag.py:3954} INFO - Setting next_dagrun for example_xcom_args_with_operators to None, run_after=None
[2025-12-30T23:50:39.083+0000] {processor.py:183} INFO - Processing /home/airflow/.local/lib/python3.12/site-packages/airflow/example_dags/example_xcomargs.py took 0.059 seconds
[2025-12-30T23:51:09.569+0000] {processor.py:161} INFO - Started process (PID=1033) to work on /home/airflow/.local/lib/python3.12/site-packages/airflow/example_dags/example_xcomargs.py
[2025-12-30T23:51:09.569+0000] {processor.py:830} INFO - Processing file /home/airflow/.local/lib/python3.12/site-packages/airflow/example_dags/example_xcomargs.py for tasks to queue
[2025-12-30T23:51:09.572+0000] {logging_mixin.py:188} INFO - [2025-12-30T23:51:09.571+0000] {dagbag.py:545} INFO - Filling up the DagBag from /home/airflow/.local/lib/python3.12/site-packages/airflow/example_dags/example_xcomargs.py
[2025-12-30T23:51:09.582+0000] {processor.py:840} INFO - DAG(s) 'example_xcom_args', 'example_xcom_args_with_operators' retrieved from /home/airflow/.local/lib/python3.12/site-packages/airflow/example_dags/example_xcomargs.py
[2025-12-30T23:51:09.602+0000] {logging_mixin.py:188} INFO - [2025-12-30T23:51:09.602+0000] {dag.py:3096} INFO - Sync 2 DAGs
[2025-12-30T23:51:09.611+0000] {logging_mixin.py:188} INFO - [2025-12-30T23:51:09.611+0000] {dag.py:3954} INFO - Setting next_dagrun for example_xcom_args to None, run_after=None
[2025-12-30T23:51:09.614+0000] {logging_mixin.py:188} INFO - [2025-12-30T23:51:09.614+0000] {dag.py:3954} INFO - Setting next_dagrun for example_xcom_args_with_operators to None, run_after=None
[2025-12-30T23:51:09.624+0000] {processor.py:183} INFO - Processing /home/airflow/.local/lib/python3.12/site-packages/airflow/example_dags/example_xcomargs.py took 0.061 seconds
[2025-12-30T23:51:39.736+0000] {processor.py:161} INFO - Started process (PID=1093) to work on /home/airflow/.local/lib/python3.12/site-packages/airflow/example_dags/example_xcomargs.py
[2025-12-30T23:51:39.736+0000] {processor.py:830} INFO - Processing file /home/airflow/.local/lib/python3.12/site-packages/airflow/example_dags/example_xcomargs.py for tasks to queue
[2025-12-30T23:51:39.737+0000] {logging_mixin.py:188} INFO - [2025-12-30T23:51:39.737+0000] {dagbag.py:545} INFO - Filling up the DagBag from /home/airflow/.local/lib/python3.12/site-packages/airflow/example_dags/example_xcomargs.py
[2025-12-30T23:51:39.742+0000] {processor.py:840} INFO - DAG(s) 'example_xcom_args', 'example_xcom_args_with_operators' retrieved from /home/airflow/.local/lib/python3.12/site-packages/airflow/example_dags/example_xcomargs.py
[2025-12-30T23:51:39.763+0000] {logging_mixin.py:188} INFO - [2025-12-30T23:51:39.763+0000] {dag.py:3096} INFO - Sync 2 DAGs
[2025-12-30T23:51:39.771+0000] {logging_mixin.py:188} INFO - [2025-12-30T23:51:39.771+0000] {dag.py:3954} INFO - Setting next_dagrun for example_xcom_args to None, run_after=None
[2025-12-30T23:51:39.773+0000] {logging_mixin.py:188} INFO - [2025-12-30T23:51:39.773+0000] {dag.py:3954} INFO - Setting next_dagrun for example_xcom_args_with_operators to None, run_after=None
[2025-12-30T23:51:39.782+0000] {processor.py:183} INFO - Processing /home/airflow/.local/lib/python3.12/site-packages/airflow/example_dags/example_xcomargs.py took 0.050 seconds
[2025-12-30T23:52:10.719+0000] {processor.py:161} INFO - Started process (PID=1153) to work on /home/airflow/.local/lib/python3.12/site-packages/airflow/example_dags/example_xcomargs.py
[2025-12-30T23:52:10.720+0000] {processor.py:830} INFO - Processing file /home/airflow/.local/lib/python3.12/site-packages/airflow/example_dags/example_xcomargs.py for tasks to queue
[2025-12-30T23:52:10.721+0000] {logging_mixin.py:188} INFO - [2025-12-30T23:52:10.721+0000] {dagbag.py:545} INFO - Filling up the DagBag from /home/airflow/.local/lib/python3.12/site-packages/airflow/example_dags/example_xcomargs.py
[2025-12-30T23:52:10.725+0000] {processor.py:840} INFO - DAG(s) 'example_xcom_args', 'example_xcom_args_with_operators' retrieved from /home/airflow/.local/lib/python3.12/site-packages/airflow/example_dags/example_xcomargs.py
[2025-12-30T23:52:10.735+0000] {logging_mixin.py:188} INFO - [2025-12-30T23:52:10.735+0000] {dag.py:3096} INFO - Sync 2 DAGs
[2025-12-30T23:52:10.744+0000] {logging_mixin.py:188} INFO - [2025-12-30T23:52:10.744+0000] {dag.py:3954} INFO - Setting next_dagrun for example_xcom_args to None, run_after=None
[2025-12-30T23:52:10.747+0000] {logging_mixin.py:188} INFO - [2025-12-30T23:52:10.747+0000] {dag.py:3954} INFO - Setting next_dagrun for example_xcom_args_with_operators to None, run_after=None
[2025-12-30T23:52:10.758+0000] {processor.py:183} INFO - Processing /home/airflow/.local/lib/python3.12/site-packages/airflow/example_dags/example_xcomargs.py took 0.042 seconds
[2025-12-30T23:52:41.183+0000] {processor.py:161} INFO - Started process (PID=1213) to work on /home/airflow/.local/lib/python3.12/site-packages/airflow/example_dags/example_xcomargs.py
[2025-12-30T23:52:41.184+0000] {processor.py:830} INFO - Processing file /home/airflow/.local/lib/python3.12/site-packages/airflow/example_dags/example_xcomargs.py for tasks to queue
[2025-12-30T23:52:41.185+0000] {logging_mixin.py:188} INFO - [2025-12-30T23:52:41.185+0000] {dagbag.py:545} INFO - Filling up the DagBag from /home/airflow/.local/lib/python3.12/site-packages/airflow/example_dags/example_xcomargs.py
[2025-12-30T23:52:41.192+0000] {processor.py:840} INFO - DAG(s) 'example_xcom_args_with_operators', 'example_xcom_args' retrieved from /home/airflow/.local/lib/python3.12/site-packages/airflow/example_dags/example_xcomargs.py
[2025-12-30T23:52:41.210+0000] {logging_mixin.py:188} INFO - [2025-12-30T23:52:41.210+0000] {dag.py:3096} INFO - Sync 2 DAGs
[2025-12-30T23:52:41.218+0000] {logging_mixin.py:188} INFO - [2025-12-30T23:52:41.218+0000] {dag.py:3954} INFO - Setting next_dagrun for example_xcom_args to None, run_after=None
[2025-12-30T23:52:41.222+0000] {logging_mixin.py:188} INFO - [2025-12-30T23:52:41.221+0000] {dag.py:3954} INFO - Setting next_dagrun for example_xcom_args_with_operators to None, run_after=None
[2025-12-30T23:52:41.234+0000] {processor.py:183} INFO - Processing /home/airflow/.local/lib/python3.12/site-packages/airflow/example_dags/example_xcomargs.py took 0.055 seconds
[2025-12-30T23:53:11.595+0000] {processor.py:161} INFO - Started process (PID=1273) to work on /home/airflow/.local/lib/python3.12/site-packages/airflow/example_dags/example_xcomargs.py
[2025-12-30T23:53:11.595+0000] {processor.py:830} INFO - Processing file /home/airflow/.local/lib/python3.12/site-packages/airflow/example_dags/example_xcomargs.py for tasks to queue
[2025-12-30T23:53:11.596+0000] {logging_mixin.py:188} INFO - [2025-12-30T23:53:11.596+0000] {dagbag.py:545} INFO - Filling up the DagBag from /home/airflow/.local/lib/python3.12/site-packages/airflow/example_dags/example_xcomargs.py
[2025-12-30T23:53:11.603+0000] {processor.py:840} INFO - DAG(s) 'example_xcom_args_with_operators', 'example_xcom_args' retrieved from /home/airflow/.local/lib/python3.12/site-packages/airflow/example_dags/example_xcomargs.py
[2025-12-30T23:53:11.620+0000] {logging_mixin.py:188} INFO - [2025-12-30T23:53:11.620+0000] {dag.py:3096} INFO - Sync 2 DAGs
[2025-12-30T23:53:11.634+0000] {logging_mixin.py:188} INFO - [2025-12-30T23:53:11.634+0000] {dag.py:3954} INFO - Setting next_dagrun for example_xcom_args to None, run_after=None
[2025-12-30T23:53:11.637+0000] {logging_mixin.py:188} INFO - [2025-12-30T23:53:11.636+0000] {dag.py:3954} INFO - Setting next_dagrun for example_xcom_args_with_operators to None, run_after=None
[2025-12-30T23:53:11.645+0000] {processor.py:183} INFO - Processing /home/airflow/.local/lib/python3.12/site-packages/airflow/example_dags/example_xcomargs.py took 0.054 seconds
[2025-12-30T23:53:42.161+0000] {processor.py:161} INFO - Started process (PID=1333) to work on /home/airflow/.local/lib/python3.12/site-packages/airflow/example_dags/example_xcomargs.py
[2025-12-30T23:53:42.162+0000] {processor.py:830} INFO - Processing file /home/airflow/.local/lib/python3.12/site-packages/airflow/example_dags/example_xcomargs.py for tasks to queue
[2025-12-30T23:53:42.163+0000] {logging_mixin.py:188} INFO - [2025-12-30T23:53:42.163+0000] {dagbag.py:545} INFO - Filling up the DagBag from /home/airflow/.local/lib/python3.12/site-packages/airflow/example_dags/example_xcomargs.py
[2025-12-30T23:53:42.167+0000] {processor.py:840} INFO - DAG(s) 'example_xcom_args', 'example_xcom_args_with_operators' retrieved from /home/airflow/.local/lib/python3.12/site-packages/airflow/example_dags/example_xcomargs.py
[2025-12-30T23:53:42.180+0000] {logging_mixin.py:188} INFO - [2025-12-30T23:53:42.180+0000] {dag.py:3096} INFO - Sync 2 DAGs
[2025-12-30T23:53:42.189+0000] {logging_mixin.py:188} INFO - [2025-12-30T23:53:42.188+0000] {dag.py:3954} INFO - Setting next_dagrun for example_xcom_args to None, run_after=None
[2025-12-30T23:53:42.191+0000] {logging_mixin.py:188} INFO - [2025-12-30T23:53:42.191+0000] {dag.py:3954} INFO - Setting next_dagrun for example_xcom_args_with_operators to None, run_after=None
[2025-12-30T23:53:42.200+0000] {processor.py:183} INFO - Processing /home/airflow/.local/lib/python3.12/site-packages/airflow/example_dags/example_xcomargs.py took 0.043 seconds
[2025-12-30T23:54:12.244+0000] {processor.py:161} INFO - Started process (PID=1392) to work on /home/airflow/.local/lib/python3.12/site-packages/airflow/example_dags/example_xcomargs.py
[2025-12-30T23:54:12.245+0000] {processor.py:830} INFO - Processing file /home/airflow/.local/lib/python3.12/site-packages/airflow/example_dags/example_xcomargs.py for tasks to queue
[2025-12-30T23:54:12.247+0000] {logging_mixin.py:188} INFO - [2025-12-30T23:54:12.246+0000] {dagbag.py:545} INFO - Filling up the DagBag from /home/airflow/.local/lib/python3.12/site-packages/airflow/example_dags/example_xcomargs.py
[2025-12-30T23:54:12.253+0000] {processor.py:840} INFO - DAG(s) 'example_xcom_args', 'example_xcom_args_with_operators' retrieved from /home/airflow/.local/lib/python3.12/site-packages/airflow/example_dags/example_xcomargs.py
[2025-12-30T23:54:12.268+0000] {logging_mixin.py:188} INFO - [2025-12-30T23:54:12.268+0000] {dag.py:3096} INFO - Sync 2 DAGs
[2025-12-30T23:54:12.275+0000] {logging_mixin.py:188} INFO - [2025-12-30T23:54:12.275+0000] {dag.py:3954} INFO - Setting next_dagrun for example_xcom_args to None, run_after=None
[2025-12-30T23:54:12.276+0000] {logging_mixin.py:188} INFO - [2025-12-30T23:54:12.276+0000] {dag.py:3954} INFO - Setting next_dagrun for example_xcom_args_with_operators to None, run_after=None
[2025-12-30T23:54:12.284+0000] {processor.py:183} INFO - Processing /home/airflow/.local/lib/python3.12/site-packages/airflow/example_dags/example_xcomargs.py took 0.044 seconds
[2025-12-30T23:54:42.661+0000] {processor.py:161} INFO - Started process (PID=1452) to work on /home/airflow/.local/lib/python3.12/site-packages/airflow/example_dags/example_xcomargs.py
[2025-12-30T23:54:42.661+0000] {processor.py:830} INFO - Processing file /home/airflow/.local/lib/python3.12/site-packages/airflow/example_dags/example_xcomargs.py for tasks to queue
[2025-12-30T23:54:42.663+0000] {logging_mixin.py:188} INFO - [2025-12-30T23:54:42.663+0000] {dagbag.py:545} INFO - Filling up the DagBag from /home/airflow/.local/lib/python3.12/site-packages/airflow/example_dags/example_xcomargs.py
[2025-12-30T23:54:42.668+0000] {processor.py:840} INFO - DAG(s) 'example_xcom_args_with_operators', 'example_xcom_args' retrieved from /home/airflow/.local/lib/python3.12/site-packages/airflow/example_dags/example_xcomargs.py
[2025-12-30T23:54:42.682+0000] {logging_mixin.py:188} INFO - [2025-12-30T23:54:42.682+0000] {dag.py:3096} INFO - Sync 2 DAGs
[2025-12-30T23:54:42.689+0000] {logging_mixin.py:188} INFO - [2025-12-30T23:54:42.689+0000] {dag.py:3954} INFO - Setting next_dagrun for example_xcom_args to None, run_after=None
[2025-12-30T23:54:42.690+0000] {logging_mixin.py:188} INFO - [2025-12-30T23:54:42.690+0000] {dag.py:3954} INFO - Setting next_dagrun for example_xcom_args_with_operators to None, run_after=None
[2025-12-30T23:54:42.698+0000] {processor.py:183} INFO - Processing /home/airflow/.local/lib/python3.12/site-packages/airflow/example_dags/example_xcomargs.py took 0.041 seconds
[2025-12-30T23:55:12.880+0000] {processor.py:161} INFO - Started process (PID=1512) to work on /home/airflow/.local/lib/python3.12/site-packages/airflow/example_dags/example_xcomargs.py
[2025-12-30T23:55:12.880+0000] {processor.py:830} INFO - Processing file /home/airflow/.local/lib/python3.12/site-packages/airflow/example_dags/example_xcomargs.py for tasks to queue
[2025-12-30T23:55:12.882+0000] {logging_mixin.py:188} INFO - [2025-12-30T23:55:12.882+0000] {dagbag.py:545} INFO - Filling up the DagBag from /home/airflow/.local/lib/python3.12/site-packages/airflow/example_dags/example_xcomargs.py
[2025-12-30T23:55:12.888+0000] {processor.py:840} INFO - DAG(s) 'example_xcom_args', 'example_xcom_args_with_operators' retrieved from /home/airflow/.local/lib/python3.12/site-packages/airflow/example_dags/example_xcomargs.py
[2025-12-30T23:55:12.902+0000] {logging_mixin.py:188} INFO - [2025-12-30T23:55:12.902+0000] {dag.py:3096} INFO - Sync 2 DAGs
[2025-12-30T23:55:12.909+0000] {logging_mixin.py:188} INFO - [2025-12-30T23:55:12.908+0000] {dag.py:3954} INFO - Setting next_dagrun for example_xcom_args to None, run_after=None
[2025-12-30T23:55:12.910+0000] {logging_mixin.py:188} INFO - [2025-12-30T23:55:12.910+0000] {dag.py:3954} INFO - Setting next_dagrun for example_xcom_args_with_operators to None, run_after=None
[2025-12-30T23:55:12.918+0000] {processor.py:183} INFO - Processing /home/airflow/.local/lib/python3.12/site-packages/airflow/example_dags/example_xcomargs.py took 0.042 seconds
[2025-12-30T23:55:43.225+0000] {processor.py:161} INFO - Started process (PID=1572) to work on /home/airflow/.local/lib/python3.12/site-packages/airflow/example_dags/example_xcomargs.py
[2025-12-30T23:55:43.225+0000] {processor.py:830} INFO - Processing file /home/airflow/.local/lib/python3.12/site-packages/airflow/example_dags/example_xcomargs.py for tasks to queue
[2025-12-30T23:55:43.227+0000] {logging_mixin.py:188} INFO - [2025-12-30T23:55:43.227+0000] {dagbag.py:545} INFO - Filling up the DagBag from /home/airflow/.local/lib/python3.12/site-packages/airflow/example_dags/example_xcomargs.py
[2025-12-30T23:55:43.233+0000] {processor.py:840} INFO - DAG(s) 'example_xcom_args_with_operators', 'example_xcom_args' retrieved from /home/airflow/.local/lib/python3.12/site-packages/airflow/example_dags/example_xcomargs.py
[2025-12-30T23:55:43.248+0000] {logging_mixin.py:188} INFO - [2025-12-30T23:55:43.248+0000] {dag.py:3096} INFO - Sync 2 DAGs
[2025-12-30T23:55:43.258+0000] {logging_mixin.py:188} INFO - [2025-12-30T23:55:43.258+0000] {dag.py:3954} INFO - Setting next_dagrun for example_xcom_args to None, run_after=None
[2025-12-30T23:55:43.261+0000] {logging_mixin.py:188} INFO - [2025-12-30T23:55:43.260+0000] {dag.py:3954} INFO - Setting next_dagrun for example_xcom_args_with_operators to None, run_after=None
[2025-12-30T23:55:43.270+0000] {processor.py:183} INFO - Processing /home/airflow/.local/lib/python3.12/site-packages/airflow/example_dags/example_xcomargs.py took 0.050 seconds
[2025-12-30T23:56:13.576+0000] {processor.py:161} INFO - Started process (PID=1632) to work on /home/airflow/.local/lib/python3.12/site-packages/airflow/example_dags/example_xcomargs.py
[2025-12-30T23:56:13.577+0000] {processor.py:830} INFO - Processing file /home/airflow/.local/lib/python3.12/site-packages/airflow/example_dags/example_xcomargs.py for tasks to queue
[2025-12-30T23:56:13.578+0000] {logging_mixin.py:188} INFO - [2025-12-30T23:56:13.578+0000] {dagbag.py:545} INFO - Filling up the DagBag from /home/airflow/.local/lib/python3.12/site-packages/airflow/example_dags/example_xcomargs.py
[2025-12-30T23:56:13.583+0000] {processor.py:840} INFO - DAG(s) 'example_xcom_args', 'example_xcom_args_with_operators' retrieved from /home/airflow/.local/lib/python3.12/site-packages/airflow/example_dags/example_xcomargs.py
[2025-12-30T23:56:13.605+0000] {logging_mixin.py:188} INFO - [2025-12-30T23:56:13.605+0000] {dag.py:3096} INFO - Sync 2 DAGs
[2025-12-30T23:56:13.612+0000] {logging_mixin.py:188} INFO - [2025-12-30T23:56:13.612+0000] {dag.py:3954} INFO - Setting next_dagrun for example_xcom_args to None, run_after=None
[2025-12-30T23:56:13.614+0000] {logging_mixin.py:188} INFO - [2025-12-30T23:56:13.614+0000] {dag.py:3954} INFO - Setting next_dagrun for example_xcom_args_with_operators to None, run_after=None
[2025-12-30T23:56:13.623+0000] {processor.py:183} INFO - Processing /home/airflow/.local/lib/python3.12/site-packages/airflow/example_dags/example_xcomargs.py took 0.051 seconds
[2025-12-30T23:56:43.910+0000] {processor.py:161} INFO - Started process (PID=1692) to work on /home/airflow/.local/lib/python3.12/site-packages/airflow/example_dags/example_xcomargs.py
[2025-12-30T23:56:43.910+0000] {processor.py:830} INFO - Processing file /home/airflow/.local/lib/python3.12/site-packages/airflow/example_dags/example_xcomargs.py for tasks to queue
[2025-12-30T23:56:43.912+0000] {logging_mixin.py:188} INFO - [2025-12-30T23:56:43.912+0000] {dagbag.py:545} INFO - Filling up the DagBag from /home/airflow/.local/lib/python3.12/site-packages/airflow/example_dags/example_xcomargs.py
[2025-12-30T23:56:43.917+0000] {processor.py:840} INFO - DAG(s) 'example_xcom_args_with_operators', 'example_xcom_args' retrieved from /home/airflow/.local/lib/python3.12/site-packages/airflow/example_dags/example_xcomargs.py
[2025-12-30T23:56:43.931+0000] {logging_mixin.py:188} INFO - [2025-12-30T23:56:43.931+0000] {dag.py:3096} INFO - Sync 2 DAGs
[2025-12-30T23:56:43.940+0000] {logging_mixin.py:188} INFO - [2025-12-30T23:56:43.939+0000] {dag.py:3954} INFO - Setting next_dagrun for example_xcom_args to None, run_after=None
[2025-12-30T23:56:43.942+0000] {logging_mixin.py:188} INFO - [2025-12-30T23:56:43.941+0000] {dag.py:3954} INFO - Setting next_dagrun for example_xcom_args_with_operators to None, run_after=None
[2025-12-30T23:56:43.951+0000] {processor.py:183} INFO - Processing /home/airflow/.local/lib/python3.12/site-packages/airflow/example_dags/example_xcomargs.py took 0.044 seconds
[2025-12-30T23:57:14.411+0000] {processor.py:161} INFO - Started process (PID=1752) to work on /home/airflow/.local/lib/python3.12/site-packages/airflow/example_dags/example_xcomargs.py
[2025-12-30T23:57:14.412+0000] {processor.py:830} INFO - Processing file /home/airflow/.local/lib/python3.12/site-packages/airflow/example_dags/example_xcomargs.py for tasks to queue
[2025-12-30T23:57:14.414+0000] {logging_mixin.py:188} INFO - [2025-12-30T23:57:14.413+0000] {dagbag.py:545} INFO - Filling up the DagBag from /home/airflow/.local/lib/python3.12/site-packages/airflow/example_dags/example_xcomargs.py
[2025-12-30T23:57:14.422+0000] {processor.py:840} INFO - DAG(s) 'example_xcom_args_with_operators', 'example_xcom_args' retrieved from /home/airflow/.local/lib/python3.12/site-packages/airflow/example_dags/example_xcomargs.py
[2025-12-30T23:57:14.435+0000] {logging_mixin.py:188} INFO - [2025-12-30T23:57:14.435+0000] {dag.py:3096} INFO - Sync 2 DAGs
[2025-12-30T23:57:14.442+0000] {logging_mixin.py:188} INFO - [2025-12-30T23:57:14.442+0000] {dag.py:3954} INFO - Setting next_dagrun for example_xcom_args to None, run_after=None
[2025-12-30T23:57:14.443+0000] {logging_mixin.py:188} INFO - [2025-12-30T23:57:14.443+0000] {dag.py:3954} INFO - Setting next_dagrun for example_xcom_args_with_operators to None, run_after=None
[2025-12-30T23:57:14.450+0000] {processor.py:183} INFO - Processing /home/airflow/.local/lib/python3.12/site-packages/airflow/example_dags/example_xcomargs.py took 0.044 seconds
[2025-12-30T23:57:44.498+0000] {processor.py:161} INFO - Started process (PID=1812) to work on /home/airflow/.local/lib/python3.12/site-packages/airflow/example_dags/example_xcomargs.py
[2025-12-30T23:57:44.498+0000] {processor.py:830} INFO - Processing file /home/airflow/.local/lib/python3.12/site-packages/airflow/example_dags/example_xcomargs.py for tasks to queue
[2025-12-30T23:57:44.499+0000] {logging_mixin.py:188} INFO - [2025-12-30T23:57:44.499+0000] {dagbag.py:545} INFO - Filling up the DagBag from /home/airflow/.local/lib/python3.12/site-packages/airflow/example_dags/example_xcomargs.py
[2025-12-30T23:57:44.503+0000] {processor.py:840} INFO - DAG(s) 'example_xcom_args_with_operators', 'example_xcom_args' retrieved from /home/airflow/.local/lib/python3.12/site-packages/airflow/example_dags/example_xcomargs.py
[2025-12-30T23:57:44.517+0000] {logging_mixin.py:188} INFO - [2025-12-30T23:57:44.517+0000] {dag.py:3096} INFO - Sync 2 DAGs
[2025-12-30T23:57:44.524+0000] {logging_mixin.py:188} INFO - [2025-12-30T23:57:44.524+0000] {dag.py:3954} INFO - Setting next_dagrun for example_xcom_args to None, run_after=None
[2025-12-30T23:57:44.526+0000] {logging_mixin.py:188} INFO - [2025-12-30T23:57:44.526+0000] {dag.py:3954} INFO - Setting next_dagrun for example_xcom_args_with_operators to None, run_after=None
[2025-12-30T23:57:44.533+0000] {processor.py:183} INFO - Processing /home/airflow/.local/lib/python3.12/site-packages/airflow/example_dags/example_xcomargs.py took 0.038 seconds
[2025-12-30T23:58:14.606+0000] {processor.py:161} INFO - Started process (PID=1872) to work on /home/airflow/.local/lib/python3.12/site-packages/airflow/example_dags/example_xcomargs.py
[2025-12-30T23:58:14.607+0000] {processor.py:830} INFO - Processing file /home/airflow/.local/lib/python3.12/site-packages/airflow/example_dags/example_xcomargs.py for tasks to queue
[2025-12-30T23:58:14.609+0000] {logging_mixin.py:188} INFO - [2025-12-30T23:58:14.609+0000] {dagbag.py:545} INFO - Filling up the DagBag from /home/airflow/.local/lib/python3.12/site-packages/airflow/example_dags/example_xcomargs.py
[2025-12-30T23:58:14.614+0000] {processor.py:840} INFO - DAG(s) 'example_xcom_args_with_operators', 'example_xcom_args' retrieved from /home/airflow/.local/lib/python3.12/site-packages/airflow/example_dags/example_xcomargs.py
[2025-12-30T23:58:14.629+0000] {logging_mixin.py:188} INFO - [2025-12-30T23:58:14.628+0000] {dag.py:3096} INFO - Sync 2 DAGs
[2025-12-30T23:58:14.635+0000] {logging_mixin.py:188} INFO - [2025-12-30T23:58:14.635+0000] {dag.py:3954} INFO - Setting next_dagrun for example_xcom_args to None, run_after=None
[2025-12-30T23:58:14.637+0000] {logging_mixin.py:188} INFO - [2025-12-30T23:58:14.637+0000] {dag.py:3954} INFO - Setting next_dagrun for example_xcom_args_with_operators to None, run_after=None
[2025-12-30T23:58:14.645+0000] {processor.py:183} INFO - Processing /home/airflow/.local/lib/python3.12/site-packages/airflow/example_dags/example_xcomargs.py took 0.044 seconds
[2025-12-30T23:58:45.438+0000] {processor.py:161} INFO - Started process (PID=1932) to work on /home/airflow/.local/lib/python3.12/site-packages/airflow/example_dags/example_xcomargs.py
[2025-12-30T23:58:45.439+0000] {processor.py:830} INFO - Processing file /home/airflow/.local/lib/python3.12/site-packages/airflow/example_dags/example_xcomargs.py for tasks to queue
[2025-12-30T23:58:45.440+0000] {logging_mixin.py:188} INFO - [2025-12-30T23:58:45.440+0000] {dagbag.py:545} INFO - Filling up the DagBag from /home/airflow/.local/lib/python3.12/site-packages/airflow/example_dags/example_xcomargs.py
[2025-12-30T23:58:45.445+0000] {processor.py:840} INFO - DAG(s) 'example_xcom_args_with_operators', 'example_xcom_args' retrieved from /home/airflow/.local/lib/python3.12/site-packages/airflow/example_dags/example_xcomargs.py
[2025-12-30T23:58:45.460+0000] {logging_mixin.py:188} INFO - [2025-12-30T23:58:45.459+0000] {dag.py:3096} INFO - Sync 2 DAGs
[2025-12-30T23:58:45.547+0000] {logging_mixin.py:188} INFO - [2025-12-30T23:58:45.547+0000] {dag.py:3954} INFO - Setting next_dagrun for example_xcom_args to None, run_after=None
[2025-12-30T23:58:45.549+0000] {logging_mixin.py:188} INFO - [2025-12-30T23:58:45.549+0000] {dag.py:3954} INFO - Setting next_dagrun for example_xcom_args_with_operators to None, run_after=None
[2025-12-30T23:58:45.555+0000] {processor.py:183} INFO - Processing /home/airflow/.local/lib/python3.12/site-packages/airflow/example_dags/example_xcomargs.py took 0.120 seconds
[2025-12-30T23:59:16.413+0000] {processor.py:161} INFO - Started process (PID=1992) to work on /home/airflow/.local/lib/python3.12/site-packages/airflow/example_dags/example_xcomargs.py
[2025-12-30T23:59:16.414+0000] {processor.py:830} INFO - Processing file /home/airflow/.local/lib/python3.12/site-packages/airflow/example_dags/example_xcomargs.py for tasks to queue
[2025-12-30T23:59:16.415+0000] {logging_mixin.py:188} INFO - [2025-12-30T23:59:16.415+0000] {dagbag.py:545} INFO - Filling up the DagBag from /home/airflow/.local/lib/python3.12/site-packages/airflow/example_dags/example_xcomargs.py
[2025-12-30T23:59:16.421+0000] {processor.py:840} INFO - DAG(s) 'example_xcom_args_with_operators', 'example_xcom_args' retrieved from /home/airflow/.local/lib/python3.12/site-packages/airflow/example_dags/example_xcomargs.py
[2025-12-30T23:59:16.435+0000] {logging_mixin.py:188} INFO - [2025-12-30T23:59:16.435+0000] {dag.py:3096} INFO - Sync 2 DAGs
[2025-12-30T23:59:16.528+0000] {logging_mixin.py:188} INFO - [2025-12-30T23:59:16.528+0000] {dag.py:3954} INFO - Setting next_dagrun for example_xcom_args to None, run_after=None
[2025-12-30T23:59:16.530+0000] {logging_mixin.py:188} INFO - [2025-12-30T23:59:16.530+0000] {dag.py:3954} INFO - Setting next_dagrun for example_xcom_args_with_operators to None, run_after=None
[2025-12-30T23:59:16.537+0000] {processor.py:183} INFO - Processing /home/airflow/.local/lib/python3.12/site-packages/airflow/example_dags/example_xcomargs.py took 0.129 seconds
[2025-12-30T23:59:46.971+0000] {processor.py:161} INFO - Started process (PID=2052) to work on /home/airflow/.local/lib/python3.12/site-packages/airflow/example_dags/example_xcomargs.py
[2025-12-30T23:59:46.972+0000] {processor.py:830} INFO - Processing file /home/airflow/.local/lib/python3.12/site-packages/airflow/example_dags/example_xcomargs.py for tasks to queue
[2025-12-30T23:59:46.973+0000] {logging_mixin.py:188} INFO - [2025-12-30T23:59:46.973+0000] {dagbag.py:545} INFO - Filling up the DagBag from /home/airflow/.local/lib/python3.12/site-packages/airflow/example_dags/example_xcomargs.py
[2025-12-30T23:59:46.979+0000] {processor.py:840} INFO - DAG(s) 'example_xcom_args', 'example_xcom_args_with_operators' retrieved from /home/airflow/.local/lib/python3.12/site-packages/airflow/example_dags/example_xcomargs.py
[2025-12-30T23:59:46.995+0000] {logging_mixin.py:188} INFO - [2025-12-30T23:59:46.995+0000] {dag.py:3096} INFO - Sync 2 DAGs
[2025-12-30T23:59:47.004+0000] {logging_mixin.py:188} INFO - [2025-12-30T23:59:47.004+0000] {dag.py:3954} INFO - Setting next_dagrun for example_xcom_args to None, run_after=None
[2025-12-30T23:59:47.006+0000] {logging_mixin.py:188} INFO - [2025-12-30T23:59:47.006+0000] {dag.py:3954} INFO - Setting next_dagrun for example_xcom_args_with_operators to None, run_after=None
[2025-12-30T23:59:47.107+0000] {processor.py:183} INFO - Processing /home/airflow/.local/lib/python3.12/site-packages/airflow/example_dags/example_xcomargs.py took 0.142 seconds
