[2025-12-30T23:33:50.486+0000] {processor.py:161} INFO - Started process (PID=56) to work on /home/airflow/.local/lib/python3.12/site-packages/airflow/example_dags/example_sla_dag.py
[2025-12-30T23:33:50.486+0000] {processor.py:830} INFO - Processing file /home/airflow/.local/lib/python3.12/site-packages/airflow/example_dags/example_sla_dag.py for tasks to queue
[2025-12-30T23:33:50.490+0000] {logging_mixin.py:188} INFO - [2025-12-30T23:33:50.489+0000] {dagbag.py:545} INFO - Filling up the DagBag from /home/airflow/.local/lib/python3.12/site-packages/airflow/example_dags/example_sla_dag.py
[2025-12-30T23:33:50.506+0000] {processor.py:840} INFO - DAG(s) 'example_sla_dag' retrieved from /home/airflow/.local/lib/python3.12/site-packages/airflow/example_dags/example_sla_dag.py
[2025-12-30T23:33:50.560+0000] {logging_mixin.py:188} INFO - [2025-12-30T23:33:50.555+0000] {dag.py:3096} INFO - Sync 1 DAGs
[2025-12-30T23:33:50.643+0000] {logging_mixin.py:188} INFO - [2025-12-30T23:33:50.643+0000] {dag.py:3954} INFO - Setting next_dagrun for example_sla_dag to 2025-12-30 23:30:00+00:00, run_after=2025-12-30 23:32:00+00:00
[2025-12-30T23:33:50.689+0000] {processor.py:183} INFO - Processing /home/airflow/.local/lib/python3.12/site-packages/airflow/example_dags/example_sla_dag.py took 0.229 seconds
[2025-12-30T23:34:21.219+0000] {processor.py:161} INFO - Started process (PID=115) to work on /home/airflow/.local/lib/python3.12/site-packages/airflow/example_dags/example_sla_dag.py
[2025-12-30T23:34:21.219+0000] {processor.py:830} INFO - Processing file /home/airflow/.local/lib/python3.12/site-packages/airflow/example_dags/example_sla_dag.py for tasks to queue
[2025-12-30T23:34:21.220+0000] {logging_mixin.py:188} INFO - [2025-12-30T23:34:21.220+0000] {dagbag.py:545} INFO - Filling up the DagBag from /home/airflow/.local/lib/python3.12/site-packages/airflow/example_dags/example_sla_dag.py
[2025-12-30T23:34:21.225+0000] {processor.py:840} INFO - DAG(s) 'example_sla_dag' retrieved from /home/airflow/.local/lib/python3.12/site-packages/airflow/example_dags/example_sla_dag.py
[2025-12-30T23:34:21.280+0000] {logging_mixin.py:188} INFO - [2025-12-30T23:34:21.280+0000] {dag.py:3096} INFO - Sync 1 DAGs
[2025-12-30T23:34:21.292+0000] {logging_mixin.py:188} INFO - [2025-12-30T23:34:21.291+0000] {dag.py:3954} INFO - Setting next_dagrun for example_sla_dag to 2025-12-30 23:32:00+00:00, run_after=2025-12-30 23:34:00+00:00
[2025-12-30T23:34:21.300+0000] {processor.py:183} INFO - Processing /home/airflow/.local/lib/python3.12/site-packages/airflow/example_dags/example_sla_dag.py took 0.085 seconds
[2025-12-30T23:34:51.658+0000] {processor.py:161} INFO - Started process (PID=174) to work on /home/airflow/.local/lib/python3.12/site-packages/airflow/example_dags/example_sla_dag.py
[2025-12-30T23:34:51.659+0000] {processor.py:830} INFO - Processing file /home/airflow/.local/lib/python3.12/site-packages/airflow/example_dags/example_sla_dag.py for tasks to queue
[2025-12-30T23:34:51.663+0000] {logging_mixin.py:188} INFO - [2025-12-30T23:34:51.662+0000] {dagbag.py:545} INFO - Filling up the DagBag from /home/airflow/.local/lib/python3.12/site-packages/airflow/example_dags/example_sla_dag.py
[2025-12-30T23:34:51.676+0000] {processor.py:840} INFO - DAG(s) 'example_sla_dag' retrieved from /home/airflow/.local/lib/python3.12/site-packages/airflow/example_dags/example_sla_dag.py
[2025-12-30T23:34:51.698+0000] {logging_mixin.py:188} INFO - [2025-12-30T23:34:51.697+0000] {dag.py:3096} INFO - Sync 1 DAGs
[2025-12-30T23:34:51.719+0000] {logging_mixin.py:188} INFO - [2025-12-30T23:34:51.719+0000] {dag.py:3954} INFO - Setting next_dagrun for example_sla_dag to 2025-12-30 23:32:00+00:00, run_after=2025-12-30 23:34:00+00:00
[2025-12-30T23:34:51.732+0000] {processor.py:183} INFO - Processing /home/airflow/.local/lib/python3.12/site-packages/airflow/example_dags/example_sla_dag.py took 0.077 seconds
[2025-12-30T23:35:21.983+0000] {processor.py:161} INFO - Started process (PID=233) to work on /home/airflow/.local/lib/python3.12/site-packages/airflow/example_dags/example_sla_dag.py
[2025-12-30T23:35:21.984+0000] {processor.py:830} INFO - Processing file /home/airflow/.local/lib/python3.12/site-packages/airflow/example_dags/example_sla_dag.py for tasks to queue
[2025-12-30T23:35:21.985+0000] {logging_mixin.py:188} INFO - [2025-12-30T23:35:21.985+0000] {dagbag.py:545} INFO - Filling up the DagBag from /home/airflow/.local/lib/python3.12/site-packages/airflow/example_dags/example_sla_dag.py
[2025-12-30T23:35:21.990+0000] {processor.py:840} INFO - DAG(s) 'example_sla_dag' retrieved from /home/airflow/.local/lib/python3.12/site-packages/airflow/example_dags/example_sla_dag.py
[2025-12-30T23:35:22.004+0000] {logging_mixin.py:188} INFO - [2025-12-30T23:35:22.004+0000] {dag.py:3096} INFO - Sync 1 DAGs
[2025-12-30T23:35:22.019+0000] {logging_mixin.py:188} INFO - [2025-12-30T23:35:22.018+0000] {dag.py:3954} INFO - Setting next_dagrun for example_sla_dag to 2025-12-30 23:32:00+00:00, run_after=2025-12-30 23:34:00+00:00
[2025-12-30T23:35:22.034+0000] {processor.py:183} INFO - Processing /home/airflow/.local/lib/python3.12/site-packages/airflow/example_dags/example_sla_dag.py took 0.055 seconds
[2025-12-30T23:35:52.082+0000] {processor.py:161} INFO - Started process (PID=291) to work on /home/airflow/.local/lib/python3.12/site-packages/airflow/example_dags/example_sla_dag.py
[2025-12-30T23:35:52.082+0000] {processor.py:830} INFO - Processing file /home/airflow/.local/lib/python3.12/site-packages/airflow/example_dags/example_sla_dag.py for tasks to queue
[2025-12-30T23:35:52.083+0000] {logging_mixin.py:188} INFO - [2025-12-30T23:35:52.083+0000] {dagbag.py:545} INFO - Filling up the DagBag from /home/airflow/.local/lib/python3.12/site-packages/airflow/example_dags/example_sla_dag.py
[2025-12-30T23:35:52.087+0000] {processor.py:840} INFO - DAG(s) 'example_sla_dag' retrieved from /home/airflow/.local/lib/python3.12/site-packages/airflow/example_dags/example_sla_dag.py
[2025-12-30T23:35:52.098+0000] {logging_mixin.py:188} INFO - [2025-12-30T23:35:52.098+0000] {dag.py:3096} INFO - Sync 1 DAGs
[2025-12-30T23:35:52.108+0000] {logging_mixin.py:188} INFO - [2025-12-30T23:35:52.108+0000] {dag.py:3954} INFO - Setting next_dagrun for example_sla_dag to 2025-12-30 23:32:00+00:00, run_after=2025-12-30 23:34:00+00:00
[2025-12-30T23:35:52.116+0000] {processor.py:183} INFO - Processing /home/airflow/.local/lib/python3.12/site-packages/airflow/example_dags/example_sla_dag.py took 0.037 seconds
[2025-12-30T23:36:22.167+0000] {processor.py:161} INFO - Started process (PID=350) to work on /home/airflow/.local/lib/python3.12/site-packages/airflow/example_dags/example_sla_dag.py
[2025-12-30T23:36:22.167+0000] {processor.py:830} INFO - Processing file /home/airflow/.local/lib/python3.12/site-packages/airflow/example_dags/example_sla_dag.py for tasks to queue
[2025-12-30T23:36:22.168+0000] {logging_mixin.py:188} INFO - [2025-12-30T23:36:22.168+0000] {dagbag.py:545} INFO - Filling up the DagBag from /home/airflow/.local/lib/python3.12/site-packages/airflow/example_dags/example_sla_dag.py
[2025-12-30T23:36:22.174+0000] {processor.py:840} INFO - DAG(s) 'example_sla_dag' retrieved from /home/airflow/.local/lib/python3.12/site-packages/airflow/example_dags/example_sla_dag.py
[2025-12-30T23:36:22.189+0000] {logging_mixin.py:188} INFO - [2025-12-30T23:36:22.189+0000] {dag.py:3096} INFO - Sync 1 DAGs
[2025-12-30T23:36:22.202+0000] {logging_mixin.py:188} INFO - [2025-12-30T23:36:22.201+0000] {dag.py:3954} INFO - Setting next_dagrun for example_sla_dag to 2025-12-30 23:34:00+00:00, run_after=2025-12-30 23:36:00+00:00
[2025-12-30T23:36:22.216+0000] {processor.py:183} INFO - Processing /home/airflow/.local/lib/python3.12/site-packages/airflow/example_dags/example_sla_dag.py took 0.052 seconds
[2025-12-30T23:36:52.715+0000] {processor.py:161} INFO - Started process (PID=416) to work on /home/airflow/.local/lib/python3.12/site-packages/airflow/example_dags/example_sla_dag.py
[2025-12-30T23:36:52.715+0000] {processor.py:830} INFO - Processing file /home/airflow/.local/lib/python3.12/site-packages/airflow/example_dags/example_sla_dag.py for tasks to queue
[2025-12-30T23:36:52.717+0000] {logging_mixin.py:188} INFO - [2025-12-30T23:36:52.717+0000] {dagbag.py:545} INFO - Filling up the DagBag from /home/airflow/.local/lib/python3.12/site-packages/airflow/example_dags/example_sla_dag.py
[2025-12-30T23:36:52.723+0000] {processor.py:840} INFO - DAG(s) 'example_sla_dag' retrieved from /home/airflow/.local/lib/python3.12/site-packages/airflow/example_dags/example_sla_dag.py
[2025-12-30T23:36:52.732+0000] {logging_mixin.py:188} INFO - [2025-12-30T23:36:52.732+0000] {dag.py:3096} INFO - Sync 1 DAGs
[2025-12-30T23:36:52.743+0000] {logging_mixin.py:188} INFO - [2025-12-30T23:36:52.743+0000] {dag.py:3954} INFO - Setting next_dagrun for example_sla_dag to 2025-12-30 23:34:00+00:00, run_after=2025-12-30 23:36:00+00:00
[2025-12-30T23:36:52.752+0000] {processor.py:183} INFO - Processing /home/airflow/.local/lib/python3.12/site-packages/airflow/example_dags/example_sla_dag.py took 0.041 seconds
[2025-12-30T23:37:23.043+0000] {processor.py:161} INFO - Started process (PID=475) to work on /home/airflow/.local/lib/python3.12/site-packages/airflow/example_dags/example_sla_dag.py
[2025-12-30T23:37:23.045+0000] {processor.py:830} INFO - Processing file /home/airflow/.local/lib/python3.12/site-packages/airflow/example_dags/example_sla_dag.py for tasks to queue
[2025-12-30T23:37:23.047+0000] {logging_mixin.py:188} INFO - [2025-12-30T23:37:23.047+0000] {dagbag.py:545} INFO - Filling up the DagBag from /home/airflow/.local/lib/python3.12/site-packages/airflow/example_dags/example_sla_dag.py
[2025-12-30T23:37:23.059+0000] {processor.py:840} INFO - DAG(s) 'example_sla_dag' retrieved from /home/airflow/.local/lib/python3.12/site-packages/airflow/example_dags/example_sla_dag.py
[2025-12-30T23:37:23.088+0000] {logging_mixin.py:188} INFO - [2025-12-30T23:37:23.087+0000] {dag.py:3096} INFO - Sync 1 DAGs
[2025-12-30T23:37:23.120+0000] {logging_mixin.py:188} INFO - [2025-12-30T23:37:23.120+0000] {dag.py:3954} INFO - Setting next_dagrun for example_sla_dag to 2025-12-30 23:34:00+00:00, run_after=2025-12-30 23:36:00+00:00
[2025-12-30T23:37:23.138+0000] {processor.py:183} INFO - Processing /home/airflow/.local/lib/python3.12/site-packages/airflow/example_dags/example_sla_dag.py took 0.103 seconds
[2025-12-30T23:37:53.450+0000] {processor.py:161} INFO - Started process (PID=534) to work on /home/airflow/.local/lib/python3.12/site-packages/airflow/example_dags/example_sla_dag.py
[2025-12-30T23:37:53.451+0000] {processor.py:830} INFO - Processing file /home/airflow/.local/lib/python3.12/site-packages/airflow/example_dags/example_sla_dag.py for tasks to queue
[2025-12-30T23:37:53.452+0000] {logging_mixin.py:188} INFO - [2025-12-30T23:37:53.452+0000] {dagbag.py:545} INFO - Filling up the DagBag from /home/airflow/.local/lib/python3.12/site-packages/airflow/example_dags/example_sla_dag.py
[2025-12-30T23:37:53.456+0000] {processor.py:840} INFO - DAG(s) 'example_sla_dag' retrieved from /home/airflow/.local/lib/python3.12/site-packages/airflow/example_dags/example_sla_dag.py
[2025-12-30T23:37:53.466+0000] {logging_mixin.py:188} INFO - [2025-12-30T23:37:53.466+0000] {dag.py:3096} INFO - Sync 1 DAGs
[2025-12-30T23:37:53.478+0000] {logging_mixin.py:188} INFO - [2025-12-30T23:37:53.478+0000] {dag.py:3954} INFO - Setting next_dagrun for example_sla_dag to 2025-12-30 23:34:00+00:00, run_after=2025-12-30 23:36:00+00:00
[2025-12-30T23:37:53.488+0000] {processor.py:183} INFO - Processing /home/airflow/.local/lib/python3.12/site-packages/airflow/example_dags/example_sla_dag.py took 0.042 seconds
[2025-12-30T23:38:24.017+0000] {processor.py:161} INFO - Started process (PID=593) to work on /home/airflow/.local/lib/python3.12/site-packages/airflow/example_dags/example_sla_dag.py
[2025-12-30T23:38:24.017+0000] {processor.py:830} INFO - Processing file /home/airflow/.local/lib/python3.12/site-packages/airflow/example_dags/example_sla_dag.py for tasks to queue
[2025-12-30T23:38:24.018+0000] {logging_mixin.py:188} INFO - [2025-12-30T23:38:24.018+0000] {dagbag.py:545} INFO - Filling up the DagBag from /home/airflow/.local/lib/python3.12/site-packages/airflow/example_dags/example_sla_dag.py
[2025-12-30T23:38:24.024+0000] {processor.py:840} INFO - DAG(s) 'example_sla_dag' retrieved from /home/airflow/.local/lib/python3.12/site-packages/airflow/example_dags/example_sla_dag.py
[2025-12-30T23:38:24.044+0000] {logging_mixin.py:188} INFO - [2025-12-30T23:38:24.044+0000] {dag.py:3096} INFO - Sync 1 DAGs
[2025-12-30T23:38:24.059+0000] {logging_mixin.py:188} INFO - [2025-12-30T23:38:24.059+0000] {dag.py:3954} INFO - Setting next_dagrun for example_sla_dag to 2025-12-30 23:36:00+00:00, run_after=2025-12-30 23:38:00+00:00
[2025-12-30T23:38:24.068+0000] {processor.py:183} INFO - Processing /home/airflow/.local/lib/python3.12/site-packages/airflow/example_dags/example_sla_dag.py took 0.055 seconds
[2025-12-30T23:38:54.432+0000] {processor.py:161} INFO - Started process (PID=652) to work on /home/airflow/.local/lib/python3.12/site-packages/airflow/example_dags/example_sla_dag.py
[2025-12-30T23:38:54.434+0000] {processor.py:830} INFO - Processing file /home/airflow/.local/lib/python3.12/site-packages/airflow/example_dags/example_sla_dag.py for tasks to queue
[2025-12-30T23:38:54.438+0000] {logging_mixin.py:188} INFO - [2025-12-30T23:38:54.437+0000] {dagbag.py:545} INFO - Filling up the DagBag from /home/airflow/.local/lib/python3.12/site-packages/airflow/example_dags/example_sla_dag.py
[2025-12-30T23:38:54.448+0000] {processor.py:840} INFO - DAG(s) 'example_sla_dag' retrieved from /home/airflow/.local/lib/python3.12/site-packages/airflow/example_dags/example_sla_dag.py
[2025-12-30T23:38:54.463+0000] {logging_mixin.py:188} INFO - [2025-12-30T23:38:54.463+0000] {dag.py:3096} INFO - Sync 1 DAGs
[2025-12-30T23:38:54.482+0000] {logging_mixin.py:188} INFO - [2025-12-30T23:38:54.482+0000] {dag.py:3954} INFO - Setting next_dagrun for example_sla_dag to 2025-12-30 23:36:00+00:00, run_after=2025-12-30 23:38:00+00:00
[2025-12-30T23:38:54.494+0000] {processor.py:183} INFO - Processing /home/airflow/.local/lib/python3.12/site-packages/airflow/example_dags/example_sla_dag.py took 0.067 seconds
[2025-12-30T23:39:24.694+0000] {processor.py:161} INFO - Started process (PID=710) to work on /home/airflow/.local/lib/python3.12/site-packages/airflow/example_dags/example_sla_dag.py
[2025-12-30T23:39:24.695+0000] {processor.py:830} INFO - Processing file /home/airflow/.local/lib/python3.12/site-packages/airflow/example_dags/example_sla_dag.py for tasks to queue
[2025-12-30T23:39:24.696+0000] {logging_mixin.py:188} INFO - [2025-12-30T23:39:24.696+0000] {dagbag.py:545} INFO - Filling up the DagBag from /home/airflow/.local/lib/python3.12/site-packages/airflow/example_dags/example_sla_dag.py
[2025-12-30T23:39:24.700+0000] {processor.py:840} INFO - DAG(s) 'example_sla_dag' retrieved from /home/airflow/.local/lib/python3.12/site-packages/airflow/example_dags/example_sla_dag.py
[2025-12-30T23:39:24.709+0000] {logging_mixin.py:188} INFO - [2025-12-30T23:39:24.709+0000] {dag.py:3096} INFO - Sync 1 DAGs
[2025-12-30T23:39:24.721+0000] {logging_mixin.py:188} INFO - [2025-12-30T23:39:24.721+0000] {dag.py:3954} INFO - Setting next_dagrun for example_sla_dag to 2025-12-30 23:36:00+00:00, run_after=2025-12-30 23:38:00+00:00
[2025-12-30T23:39:24.729+0000] {processor.py:183} INFO - Processing /home/airflow/.local/lib/python3.12/site-packages/airflow/example_dags/example_sla_dag.py took 0.038 seconds
[2025-12-30T23:39:55.113+0000] {processor.py:161} INFO - Started process (PID=770) to work on /home/airflow/.local/lib/python3.12/site-packages/airflow/example_dags/example_sla_dag.py
[2025-12-30T23:39:55.114+0000] {processor.py:830} INFO - Processing file /home/airflow/.local/lib/python3.12/site-packages/airflow/example_dags/example_sla_dag.py for tasks to queue
[2025-12-30T23:39:55.115+0000] {logging_mixin.py:188} INFO - [2025-12-30T23:39:55.115+0000] {dagbag.py:545} INFO - Filling up the DagBag from /home/airflow/.local/lib/python3.12/site-packages/airflow/example_dags/example_sla_dag.py
[2025-12-30T23:39:55.121+0000] {processor.py:840} INFO - DAG(s) 'example_sla_dag' retrieved from /home/airflow/.local/lib/python3.12/site-packages/airflow/example_dags/example_sla_dag.py
[2025-12-30T23:39:55.134+0000] {logging_mixin.py:188} INFO - [2025-12-30T23:39:55.134+0000] {dag.py:3096} INFO - Sync 1 DAGs
[2025-12-30T23:39:55.158+0000] {logging_mixin.py:188} INFO - [2025-12-30T23:39:55.157+0000] {dag.py:3954} INFO - Setting next_dagrun for example_sla_dag to 2025-12-30 23:36:00+00:00, run_after=2025-12-30 23:38:00+00:00
[2025-12-30T23:39:55.174+0000] {processor.py:183} INFO - Processing /home/airflow/.local/lib/python3.12/site-packages/airflow/example_dags/example_sla_dag.py took 0.064 seconds
[2025-12-30T23:40:25.379+0000] {processor.py:161} INFO - Started process (PID=829) to work on /home/airflow/.local/lib/python3.12/site-packages/airflow/example_dags/example_sla_dag.py
[2025-12-30T23:40:25.380+0000] {processor.py:830} INFO - Processing file /home/airflow/.local/lib/python3.12/site-packages/airflow/example_dags/example_sla_dag.py for tasks to queue
[2025-12-30T23:40:25.381+0000] {logging_mixin.py:188} INFO - [2025-12-30T23:40:25.381+0000] {dagbag.py:545} INFO - Filling up the DagBag from /home/airflow/.local/lib/python3.12/site-packages/airflow/example_dags/example_sla_dag.py
[2025-12-30T23:40:25.388+0000] {processor.py:840} INFO - DAG(s) 'example_sla_dag' retrieved from /home/airflow/.local/lib/python3.12/site-packages/airflow/example_dags/example_sla_dag.py
[2025-12-30T23:40:25.407+0000] {logging_mixin.py:188} INFO - [2025-12-30T23:40:25.407+0000] {dag.py:3096} INFO - Sync 1 DAGs
[2025-12-30T23:40:25.431+0000] {logging_mixin.py:188} INFO - [2025-12-30T23:40:25.431+0000] {dag.py:3954} INFO - Setting next_dagrun for example_sla_dag to 2025-12-30 23:38:00+00:00, run_after=2025-12-30 23:40:00+00:00
[2025-12-30T23:40:25.452+0000] {processor.py:183} INFO - Processing /home/airflow/.local/lib/python3.12/site-packages/airflow/example_dags/example_sla_dag.py took 0.076 seconds
[2025-12-30T23:40:55.635+0000] {processor.py:161} INFO - Started process (PID=889) to work on /home/airflow/.local/lib/python3.12/site-packages/airflow/example_dags/example_sla_dag.py
[2025-12-30T23:40:55.635+0000] {processor.py:830} INFO - Processing file /home/airflow/.local/lib/python3.12/site-packages/airflow/example_dags/example_sla_dag.py for tasks to queue
[2025-12-30T23:40:55.637+0000] {logging_mixin.py:188} INFO - [2025-12-30T23:40:55.636+0000] {dagbag.py:545} INFO - Filling up the DagBag from /home/airflow/.local/lib/python3.12/site-packages/airflow/example_dags/example_sla_dag.py
[2025-12-30T23:40:55.642+0000] {processor.py:840} INFO - DAG(s) 'example_sla_dag' retrieved from /home/airflow/.local/lib/python3.12/site-packages/airflow/example_dags/example_sla_dag.py
[2025-12-30T23:40:55.653+0000] {logging_mixin.py:188} INFO - [2025-12-30T23:40:55.653+0000] {dag.py:3096} INFO - Sync 1 DAGs
[2025-12-30T23:40:55.664+0000] {logging_mixin.py:188} INFO - [2025-12-30T23:40:55.664+0000] {dag.py:3954} INFO - Setting next_dagrun for example_sla_dag to 2025-12-30 23:38:00+00:00, run_after=2025-12-30 23:40:00+00:00
[2025-12-30T23:40:55.672+0000] {processor.py:183} INFO - Processing /home/airflow/.local/lib/python3.12/site-packages/airflow/example_dags/example_sla_dag.py took 0.042 seconds
[2025-12-30T23:42:57.966+0000] {processor.py:161} INFO - Started process (PID=55) to work on /home/airflow/.local/lib/python3.12/site-packages/airflow/example_dags/example_sla_dag.py
[2025-12-30T23:42:57.967+0000] {processor.py:830} INFO - Processing file /home/airflow/.local/lib/python3.12/site-packages/airflow/example_dags/example_sla_dag.py for tasks to queue
[2025-12-30T23:42:57.968+0000] {logging_mixin.py:188} INFO - [2025-12-30T23:42:57.968+0000] {dagbag.py:545} INFO - Filling up the DagBag from /home/airflow/.local/lib/python3.12/site-packages/airflow/example_dags/example_sla_dag.py
[2025-12-30T23:42:57.973+0000] {processor.py:840} INFO - DAG(s) 'example_sla_dag' retrieved from /home/airflow/.local/lib/python3.12/site-packages/airflow/example_dags/example_sla_dag.py
[2025-12-30T23:42:57.981+0000] {logging_mixin.py:188} INFO - [2025-12-30T23:42:57.981+0000] {dag.py:3096} INFO - Sync 1 DAGs
[2025-12-30T23:42:58.003+0000] {logging_mixin.py:188} INFO - [2025-12-30T23:42:58.003+0000] {dag.py:3954} INFO - Setting next_dagrun for example_sla_dag to 2025-12-30 23:40:00+00:00, run_after=2025-12-30 23:42:00+00:00
[2025-12-30T23:42:58.015+0000] {processor.py:183} INFO - Processing /home/airflow/.local/lib/python3.12/site-packages/airflow/example_dags/example_sla_dag.py took 0.054 seconds
[2025-12-30T23:43:28.680+0000] {processor.py:161} INFO - Started process (PID=115) to work on /home/airflow/.local/lib/python3.12/site-packages/airflow/example_dags/example_sla_dag.py
[2025-12-30T23:43:28.680+0000] {processor.py:830} INFO - Processing file /home/airflow/.local/lib/python3.12/site-packages/airflow/example_dags/example_sla_dag.py for tasks to queue
[2025-12-30T23:43:28.681+0000] {logging_mixin.py:188} INFO - [2025-12-30T23:43:28.681+0000] {dagbag.py:545} INFO - Filling up the DagBag from /home/airflow/.local/lib/python3.12/site-packages/airflow/example_dags/example_sla_dag.py
[2025-12-30T23:43:28.687+0000] {processor.py:840} INFO - DAG(s) 'example_sla_dag' retrieved from /home/airflow/.local/lib/python3.12/site-packages/airflow/example_dags/example_sla_dag.py
[2025-12-30T23:43:28.742+0000] {logging_mixin.py:188} INFO - [2025-12-30T23:43:28.742+0000] {dag.py:3096} INFO - Sync 1 DAGs
[2025-12-30T23:43:28.756+0000] {logging_mixin.py:188} INFO - [2025-12-30T23:43:28.756+0000] {dag.py:3954} INFO - Setting next_dagrun for example_sla_dag to 2025-12-30 23:40:00+00:00, run_after=2025-12-30 23:42:00+00:00
[2025-12-30T23:43:28.763+0000] {processor.py:183} INFO - Processing /home/airflow/.local/lib/python3.12/site-packages/airflow/example_dags/example_sla_dag.py took 0.087 seconds
[2025-12-30T23:43:59.459+0000] {processor.py:161} INFO - Started process (PID=181) to work on /home/airflow/.local/lib/python3.12/site-packages/airflow/example_dags/example_sla_dag.py
[2025-12-30T23:43:59.459+0000] {processor.py:830} INFO - Processing file /home/airflow/.local/lib/python3.12/site-packages/airflow/example_dags/example_sla_dag.py for tasks to queue
[2025-12-30T23:43:59.460+0000] {logging_mixin.py:188} INFO - [2025-12-30T23:43:59.460+0000] {dagbag.py:545} INFO - Filling up the DagBag from /home/airflow/.local/lib/python3.12/site-packages/airflow/example_dags/example_sla_dag.py
[2025-12-30T23:43:59.465+0000] {processor.py:840} INFO - DAG(s) 'example_sla_dag' retrieved from /home/airflow/.local/lib/python3.12/site-packages/airflow/example_dags/example_sla_dag.py
[2025-12-30T23:43:59.478+0000] {logging_mixin.py:188} INFO - [2025-12-30T23:43:59.478+0000] {dag.py:3096} INFO - Sync 1 DAGs
[2025-12-30T23:43:59.492+0000] {logging_mixin.py:188} INFO - [2025-12-30T23:43:59.492+0000] {dag.py:3954} INFO - Setting next_dagrun for example_sla_dag to 2025-12-30 23:40:00+00:00, run_after=2025-12-30 23:42:00+00:00
[2025-12-30T23:43:59.500+0000] {processor.py:183} INFO - Processing /home/airflow/.local/lib/python3.12/site-packages/airflow/example_dags/example_sla_dag.py took 0.045 seconds
[2025-12-30T23:44:29.698+0000] {processor.py:161} INFO - Started process (PID=241) to work on /home/airflow/.local/lib/python3.12/site-packages/airflow/example_dags/example_sla_dag.py
[2025-12-30T23:44:29.699+0000] {processor.py:830} INFO - Processing file /home/airflow/.local/lib/python3.12/site-packages/airflow/example_dags/example_sla_dag.py for tasks to queue
[2025-12-30T23:44:29.700+0000] {logging_mixin.py:188} INFO - [2025-12-30T23:44:29.700+0000] {dagbag.py:545} INFO - Filling up the DagBag from /home/airflow/.local/lib/python3.12/site-packages/airflow/example_dags/example_sla_dag.py
[2025-12-30T23:44:29.707+0000] {processor.py:840} INFO - DAG(s) 'example_sla_dag' retrieved from /home/airflow/.local/lib/python3.12/site-packages/airflow/example_dags/example_sla_dag.py
[2025-12-30T23:44:29.728+0000] {logging_mixin.py:188} INFO - [2025-12-30T23:44:29.728+0000] {dag.py:3096} INFO - Sync 1 DAGs
[2025-12-30T23:44:29.749+0000] {logging_mixin.py:188} INFO - [2025-12-30T23:44:29.749+0000] {dag.py:3954} INFO - Setting next_dagrun for example_sla_dag to 2025-12-30 23:42:00+00:00, run_after=2025-12-30 23:44:00+00:00
[2025-12-30T23:44:29.761+0000] {processor.py:183} INFO - Processing /home/airflow/.local/lib/python3.12/site-packages/airflow/example_dags/example_sla_dag.py took 0.067 seconds
[2025-12-30T23:45:00.248+0000] {processor.py:161} INFO - Started process (PID=301) to work on /home/airflow/.local/lib/python3.12/site-packages/airflow/example_dags/example_sla_dag.py
[2025-12-30T23:45:00.249+0000] {processor.py:830} INFO - Processing file /home/airflow/.local/lib/python3.12/site-packages/airflow/example_dags/example_sla_dag.py for tasks to queue
[2025-12-30T23:45:00.250+0000] {logging_mixin.py:188} INFO - [2025-12-30T23:45:00.250+0000] {dagbag.py:545} INFO - Filling up the DagBag from /home/airflow/.local/lib/python3.12/site-packages/airflow/example_dags/example_sla_dag.py
[2025-12-30T23:45:00.254+0000] {processor.py:840} INFO - DAG(s) 'example_sla_dag' retrieved from /home/airflow/.local/lib/python3.12/site-packages/airflow/example_dags/example_sla_dag.py
[2025-12-30T23:45:00.265+0000] {logging_mixin.py:188} INFO - [2025-12-30T23:45:00.264+0000] {dag.py:3096} INFO - Sync 1 DAGs
[2025-12-30T23:45:00.277+0000] {logging_mixin.py:188} INFO - [2025-12-30T23:45:00.277+0000] {dag.py:3954} INFO - Setting next_dagrun for example_sla_dag to 2025-12-30 23:42:00+00:00, run_after=2025-12-30 23:44:00+00:00
[2025-12-30T23:45:00.286+0000] {processor.py:183} INFO - Processing /home/airflow/.local/lib/python3.12/site-packages/airflow/example_dags/example_sla_dag.py took 0.040 seconds
[2025-12-30T23:45:31.671+0000] {processor.py:161} INFO - Started process (PID=361) to work on /home/airflow/.local/lib/python3.12/site-packages/airflow/example_dags/example_sla_dag.py
[2025-12-30T23:45:31.672+0000] {processor.py:830} INFO - Processing file /home/airflow/.local/lib/python3.12/site-packages/airflow/example_dags/example_sla_dag.py for tasks to queue
[2025-12-30T23:45:31.673+0000] {logging_mixin.py:188} INFO - [2025-12-30T23:45:31.673+0000] {dagbag.py:545} INFO - Filling up the DagBag from /home/airflow/.local/lib/python3.12/site-packages/airflow/example_dags/example_sla_dag.py
[2025-12-30T23:45:31.680+0000] {processor.py:840} INFO - DAG(s) 'example_sla_dag' retrieved from /home/airflow/.local/lib/python3.12/site-packages/airflow/example_dags/example_sla_dag.py
[2025-12-30T23:45:31.691+0000] {logging_mixin.py:188} INFO - [2025-12-30T23:45:31.691+0000] {dag.py:3096} INFO - Sync 1 DAGs
[2025-12-30T23:45:31.703+0000] {logging_mixin.py:188} INFO - [2025-12-30T23:45:31.702+0000] {dag.py:3954} INFO - Setting next_dagrun for example_sla_dag to 2025-12-30 23:42:00+00:00, run_after=2025-12-30 23:44:00+00:00
[2025-12-30T23:45:31.711+0000] {processor.py:183} INFO - Processing /home/airflow/.local/lib/python3.12/site-packages/airflow/example_dags/example_sla_dag.py took 0.043 seconds
[2025-12-30T23:46:02.775+0000] {processor.py:161} INFO - Started process (PID=421) to work on /home/airflow/.local/lib/python3.12/site-packages/airflow/example_dags/example_sla_dag.py
[2025-12-30T23:46:02.775+0000] {processor.py:830} INFO - Processing file /home/airflow/.local/lib/python3.12/site-packages/airflow/example_dags/example_sla_dag.py for tasks to queue
[2025-12-30T23:46:02.777+0000] {logging_mixin.py:188} INFO - [2025-12-30T23:46:02.776+0000] {dagbag.py:545} INFO - Filling up the DagBag from /home/airflow/.local/lib/python3.12/site-packages/airflow/example_dags/example_sla_dag.py
[2025-12-30T23:46:02.782+0000] {processor.py:840} INFO - DAG(s) 'example_sla_dag' retrieved from /home/airflow/.local/lib/python3.12/site-packages/airflow/example_dags/example_sla_dag.py
[2025-12-30T23:46:02.794+0000] {logging_mixin.py:188} INFO - [2025-12-30T23:46:02.794+0000] {dag.py:3096} INFO - Sync 1 DAGs
[2025-12-30T23:46:02.809+0000] {logging_mixin.py:188} INFO - [2025-12-30T23:46:02.808+0000] {dag.py:3954} INFO - Setting next_dagrun for example_sla_dag to 2025-12-30 23:44:00+00:00, run_after=2025-12-30 23:46:00+00:00
[2025-12-30T23:46:02.825+0000] {processor.py:183} INFO - Processing /home/airflow/.local/lib/python3.12/site-packages/airflow/example_dags/example_sla_dag.py took 0.054 seconds
[2025-12-30T23:46:33.761+0000] {processor.py:161} INFO - Started process (PID=481) to work on /home/airflow/.local/lib/python3.12/site-packages/airflow/example_dags/example_sla_dag.py
[2025-12-30T23:46:33.762+0000] {processor.py:830} INFO - Processing file /home/airflow/.local/lib/python3.12/site-packages/airflow/example_dags/example_sla_dag.py for tasks to queue
[2025-12-30T23:46:33.763+0000] {logging_mixin.py:188} INFO - [2025-12-30T23:46:33.763+0000] {dagbag.py:545} INFO - Filling up the DagBag from /home/airflow/.local/lib/python3.12/site-packages/airflow/example_dags/example_sla_dag.py
[2025-12-30T23:46:33.768+0000] {processor.py:840} INFO - DAG(s) 'example_sla_dag' retrieved from /home/airflow/.local/lib/python3.12/site-packages/airflow/example_dags/example_sla_dag.py
[2025-12-30T23:46:33.780+0000] {logging_mixin.py:188} INFO - [2025-12-30T23:46:33.780+0000] {dag.py:3096} INFO - Sync 1 DAGs
[2025-12-30T23:46:33.792+0000] {logging_mixin.py:188} INFO - [2025-12-30T23:46:33.792+0000] {dag.py:3954} INFO - Setting next_dagrun for example_sla_dag to 2025-12-30 23:44:00+00:00, run_after=2025-12-30 23:46:00+00:00
[2025-12-30T23:46:33.802+0000] {processor.py:183} INFO - Processing /home/airflow/.local/lib/python3.12/site-packages/airflow/example_dags/example_sla_dag.py took 0.046 seconds
[2025-12-30T23:47:03.922+0000] {processor.py:161} INFO - Started process (PID=539) to work on /home/airflow/.local/lib/python3.12/site-packages/airflow/example_dags/example_sla_dag.py
[2025-12-30T23:47:03.923+0000] {processor.py:830} INFO - Processing file /home/airflow/.local/lib/python3.12/site-packages/airflow/example_dags/example_sla_dag.py for tasks to queue
[2025-12-30T23:47:03.924+0000] {logging_mixin.py:188} INFO - [2025-12-30T23:47:03.924+0000] {dagbag.py:545} INFO - Filling up the DagBag from /home/airflow/.local/lib/python3.12/site-packages/airflow/example_dags/example_sla_dag.py
[2025-12-30T23:47:03.928+0000] {processor.py:840} INFO - DAG(s) 'example_sla_dag' retrieved from /home/airflow/.local/lib/python3.12/site-packages/airflow/example_dags/example_sla_dag.py
[2025-12-30T23:47:03.939+0000] {logging_mixin.py:188} INFO - [2025-12-30T23:47:03.939+0000] {dag.py:3096} INFO - Sync 1 DAGs
[2025-12-30T23:47:03.953+0000] {logging_mixin.py:188} INFO - [2025-12-30T23:47:03.953+0000] {dag.py:3954} INFO - Setting next_dagrun for example_sla_dag to 2025-12-30 23:44:00+00:00, run_after=2025-12-30 23:46:00+00:00
[2025-12-30T23:47:03.963+0000] {processor.py:183} INFO - Processing /home/airflow/.local/lib/python3.12/site-packages/airflow/example_dags/example_sla_dag.py took 0.043 seconds
[2025-12-30T23:47:34.549+0000] {processor.py:161} INFO - Started process (PID=599) to work on /home/airflow/.local/lib/python3.12/site-packages/airflow/example_dags/example_sla_dag.py
[2025-12-30T23:47:34.551+0000] {processor.py:830} INFO - Processing file /home/airflow/.local/lib/python3.12/site-packages/airflow/example_dags/example_sla_dag.py for tasks to queue
[2025-12-30T23:47:34.553+0000] {logging_mixin.py:188} INFO - [2025-12-30T23:47:34.553+0000] {dagbag.py:545} INFO - Filling up the DagBag from /home/airflow/.local/lib/python3.12/site-packages/airflow/example_dags/example_sla_dag.py
[2025-12-30T23:47:34.559+0000] {processor.py:840} INFO - DAG(s) 'example_sla_dag' retrieved from /home/airflow/.local/lib/python3.12/site-packages/airflow/example_dags/example_sla_dag.py
[2025-12-30T23:47:34.579+0000] {logging_mixin.py:188} INFO - [2025-12-30T23:47:34.579+0000] {dag.py:3096} INFO - Sync 1 DAGs
[2025-12-30T23:47:34.598+0000] {logging_mixin.py:188} INFO - [2025-12-30T23:47:34.597+0000] {dag.py:3954} INFO - Setting next_dagrun for example_sla_dag to 2025-12-30 23:44:00+00:00, run_after=2025-12-30 23:46:00+00:00
[2025-12-30T23:47:34.621+0000] {processor.py:183} INFO - Processing /home/airflow/.local/lib/python3.12/site-packages/airflow/example_dags/example_sla_dag.py took 0.077 seconds
[2025-12-30T23:48:04.761+0000] {processor.py:161} INFO - Started process (PID=659) to work on /home/airflow/.local/lib/python3.12/site-packages/airflow/example_dags/example_sla_dag.py
[2025-12-30T23:48:04.762+0000] {processor.py:830} INFO - Processing file /home/airflow/.local/lib/python3.12/site-packages/airflow/example_dags/example_sla_dag.py for tasks to queue
[2025-12-30T23:48:04.763+0000] {logging_mixin.py:188} INFO - [2025-12-30T23:48:04.762+0000] {dagbag.py:545} INFO - Filling up the DagBag from /home/airflow/.local/lib/python3.12/site-packages/airflow/example_dags/example_sla_dag.py
[2025-12-30T23:48:04.770+0000] {processor.py:840} INFO - DAG(s) 'example_sla_dag' retrieved from /home/airflow/.local/lib/python3.12/site-packages/airflow/example_dags/example_sla_dag.py
[2025-12-30T23:48:04.781+0000] {logging_mixin.py:188} INFO - [2025-12-30T23:48:04.781+0000] {dag.py:3096} INFO - Sync 1 DAGs
[2025-12-30T23:48:04.792+0000] {logging_mixin.py:188} INFO - [2025-12-30T23:48:04.792+0000] {dag.py:3954} INFO - Setting next_dagrun for example_sla_dag to 2025-12-30 23:46:00+00:00, run_after=2025-12-30 23:48:00+00:00
[2025-12-30T23:48:04.801+0000] {processor.py:183} INFO - Processing /home/airflow/.local/lib/python3.12/site-packages/airflow/example_dags/example_sla_dag.py took 0.044 seconds
[2025-12-30T23:48:34.906+0000] {processor.py:161} INFO - Started process (PID=718) to work on /home/airflow/.local/lib/python3.12/site-packages/airflow/example_dags/example_sla_dag.py
[2025-12-30T23:48:34.906+0000] {processor.py:830} INFO - Processing file /home/airflow/.local/lib/python3.12/site-packages/airflow/example_dags/example_sla_dag.py for tasks to queue
[2025-12-30T23:48:34.907+0000] {logging_mixin.py:188} INFO - [2025-12-30T23:48:34.907+0000] {dagbag.py:545} INFO - Filling up the DagBag from /home/airflow/.local/lib/python3.12/site-packages/airflow/example_dags/example_sla_dag.py
[2025-12-30T23:48:34.912+0000] {processor.py:840} INFO - DAG(s) 'example_sla_dag' retrieved from /home/airflow/.local/lib/python3.12/site-packages/airflow/example_dags/example_sla_dag.py
[2025-12-30T23:48:34.924+0000] {logging_mixin.py:188} INFO - [2025-12-30T23:48:34.924+0000] {dag.py:3096} INFO - Sync 1 DAGs
[2025-12-30T23:48:34.935+0000] {logging_mixin.py:188} INFO - [2025-12-30T23:48:34.935+0000] {dag.py:3954} INFO - Setting next_dagrun for example_sla_dag to 2025-12-30 23:46:00+00:00, run_after=2025-12-30 23:48:00+00:00
[2025-12-30T23:48:34.943+0000] {processor.py:183} INFO - Processing /home/airflow/.local/lib/python3.12/site-packages/airflow/example_dags/example_sla_dag.py took 0.042 seconds
[2025-12-30T23:49:05.198+0000] {processor.py:161} INFO - Started process (PID=778) to work on /home/airflow/.local/lib/python3.12/site-packages/airflow/example_dags/example_sla_dag.py
[2025-12-30T23:49:05.199+0000] {processor.py:830} INFO - Processing file /home/airflow/.local/lib/python3.12/site-packages/airflow/example_dags/example_sla_dag.py for tasks to queue
[2025-12-30T23:49:05.201+0000] {logging_mixin.py:188} INFO - [2025-12-30T23:49:05.200+0000] {dagbag.py:545} INFO - Filling up the DagBag from /home/airflow/.local/lib/python3.12/site-packages/airflow/example_dags/example_sla_dag.py
[2025-12-30T23:49:05.206+0000] {processor.py:840} INFO - DAG(s) 'example_sla_dag' retrieved from /home/airflow/.local/lib/python3.12/site-packages/airflow/example_dags/example_sla_dag.py
[2025-12-30T23:49:05.222+0000] {logging_mixin.py:188} INFO - [2025-12-30T23:49:05.222+0000] {dag.py:3096} INFO - Sync 1 DAGs
[2025-12-30T23:49:05.238+0000] {logging_mixin.py:188} INFO - [2025-12-30T23:49:05.237+0000] {dag.py:3954} INFO - Setting next_dagrun for example_sla_dag to 2025-12-30 23:46:00+00:00, run_after=2025-12-30 23:48:00+00:00
[2025-12-30T23:49:05.247+0000] {processor.py:183} INFO - Processing /home/airflow/.local/lib/python3.12/site-packages/airflow/example_dags/example_sla_dag.py took 0.053 seconds
[2025-12-30T23:49:35.507+0000] {processor.py:161} INFO - Started process (PID=838) to work on /home/airflow/.local/lib/python3.12/site-packages/airflow/example_dags/example_sla_dag.py
[2025-12-30T23:49:35.509+0000] {processor.py:830} INFO - Processing file /home/airflow/.local/lib/python3.12/site-packages/airflow/example_dags/example_sla_dag.py for tasks to queue
[2025-12-30T23:49:35.511+0000] {logging_mixin.py:188} INFO - [2025-12-30T23:49:35.511+0000] {dagbag.py:545} INFO - Filling up the DagBag from /home/airflow/.local/lib/python3.12/site-packages/airflow/example_dags/example_sla_dag.py
[2025-12-30T23:49:35.525+0000] {processor.py:840} INFO - DAG(s) 'example_sla_dag' retrieved from /home/airflow/.local/lib/python3.12/site-packages/airflow/example_dags/example_sla_dag.py
[2025-12-30T23:49:35.543+0000] {logging_mixin.py:188} INFO - [2025-12-30T23:49:35.543+0000] {dag.py:3096} INFO - Sync 1 DAGs
[2025-12-30T23:49:35.557+0000] {logging_mixin.py:188} INFO - [2025-12-30T23:49:35.557+0000] {dag.py:3954} INFO - Setting next_dagrun for example_sla_dag to 2025-12-30 23:46:00+00:00, run_after=2025-12-30 23:48:00+00:00
[2025-12-30T23:49:35.570+0000] {processor.py:183} INFO - Processing /home/airflow/.local/lib/python3.12/site-packages/airflow/example_dags/example_sla_dag.py took 0.068 seconds
[2025-12-30T23:50:05.708+0000] {processor.py:161} INFO - Started process (PID=898) to work on /home/airflow/.local/lib/python3.12/site-packages/airflow/example_dags/example_sla_dag.py
[2025-12-30T23:50:05.709+0000] {processor.py:830} INFO - Processing file /home/airflow/.local/lib/python3.12/site-packages/airflow/example_dags/example_sla_dag.py for tasks to queue
[2025-12-30T23:50:05.711+0000] {logging_mixin.py:188} INFO - [2025-12-30T23:50:05.711+0000] {dagbag.py:545} INFO - Filling up the DagBag from /home/airflow/.local/lib/python3.12/site-packages/airflow/example_dags/example_sla_dag.py
[2025-12-30T23:50:05.718+0000] {processor.py:840} INFO - DAG(s) 'example_sla_dag' retrieved from /home/airflow/.local/lib/python3.12/site-packages/airflow/example_dags/example_sla_dag.py
[2025-12-30T23:50:05.742+0000] {logging_mixin.py:188} INFO - [2025-12-30T23:50:05.742+0000] {dag.py:3096} INFO - Sync 1 DAGs
[2025-12-30T23:50:05.758+0000] {logging_mixin.py:188} INFO - [2025-12-30T23:50:05.758+0000] {dag.py:3954} INFO - Setting next_dagrun for example_sla_dag to 2025-12-30 23:48:00+00:00, run_after=2025-12-30 23:50:00+00:00
[2025-12-30T23:50:05.768+0000] {processor.py:183} INFO - Processing /home/airflow/.local/lib/python3.12/site-packages/airflow/example_dags/example_sla_dag.py took 0.066 seconds
[2025-12-30T23:50:36.334+0000] {processor.py:161} INFO - Started process (PID=958) to work on /home/airflow/.local/lib/python3.12/site-packages/airflow/example_dags/example_sla_dag.py
[2025-12-30T23:50:36.336+0000] {processor.py:830} INFO - Processing file /home/airflow/.local/lib/python3.12/site-packages/airflow/example_dags/example_sla_dag.py for tasks to queue
[2025-12-30T23:50:36.343+0000] {logging_mixin.py:188} INFO - [2025-12-30T23:50:36.343+0000] {dagbag.py:545} INFO - Filling up the DagBag from /home/airflow/.local/lib/python3.12/site-packages/airflow/example_dags/example_sla_dag.py
[2025-12-30T23:50:36.360+0000] {processor.py:840} INFO - DAG(s) 'example_sla_dag' retrieved from /home/airflow/.local/lib/python3.12/site-packages/airflow/example_dags/example_sla_dag.py
[2025-12-30T23:50:36.401+0000] {logging_mixin.py:188} INFO - [2025-12-30T23:50:36.401+0000] {dag.py:3096} INFO - Sync 1 DAGs
[2025-12-30T23:50:36.434+0000] {logging_mixin.py:188} INFO - [2025-12-30T23:50:36.434+0000] {dag.py:3954} INFO - Setting next_dagrun for example_sla_dag to 2025-12-30 23:48:00+00:00, run_after=2025-12-30 23:50:00+00:00
[2025-12-30T23:50:36.453+0000] {processor.py:183} INFO - Processing /home/airflow/.local/lib/python3.12/site-packages/airflow/example_dags/example_sla_dag.py took 0.128 seconds
[2025-12-30T23:51:06.825+0000] {processor.py:161} INFO - Started process (PID=1018) to work on /home/airflow/.local/lib/python3.12/site-packages/airflow/example_dags/example_sla_dag.py
[2025-12-30T23:51:06.826+0000] {processor.py:830} INFO - Processing file /home/airflow/.local/lib/python3.12/site-packages/airflow/example_dags/example_sla_dag.py for tasks to queue
[2025-12-30T23:51:06.828+0000] {logging_mixin.py:188} INFO - [2025-12-30T23:51:06.827+0000] {dagbag.py:545} INFO - Filling up the DagBag from /home/airflow/.local/lib/python3.12/site-packages/airflow/example_dags/example_sla_dag.py
[2025-12-30T23:51:06.842+0000] {processor.py:840} INFO - DAG(s) 'example_sla_dag' retrieved from /home/airflow/.local/lib/python3.12/site-packages/airflow/example_dags/example_sla_dag.py
[2025-12-30T23:51:06.870+0000] {logging_mixin.py:188} INFO - [2025-12-30T23:51:06.870+0000] {dag.py:3096} INFO - Sync 1 DAGs
[2025-12-30T23:51:06.888+0000] {logging_mixin.py:188} INFO - [2025-12-30T23:51:06.888+0000] {dag.py:3954} INFO - Setting next_dagrun for example_sla_dag to 2025-12-30 23:48:00+00:00, run_after=2025-12-30 23:50:00+00:00
[2025-12-30T23:51:06.902+0000] {processor.py:183} INFO - Processing /home/airflow/.local/lib/python3.12/site-packages/airflow/example_dags/example_sla_dag.py took 0.088 seconds
[2025-12-30T23:51:36.989+0000] {processor.py:161} INFO - Started process (PID=1078) to work on /home/airflow/.local/lib/python3.12/site-packages/airflow/example_dags/example_sla_dag.py
[2025-12-30T23:51:36.990+0000] {processor.py:830} INFO - Processing file /home/airflow/.local/lib/python3.12/site-packages/airflow/example_dags/example_sla_dag.py for tasks to queue
[2025-12-30T23:51:36.991+0000] {logging_mixin.py:188} INFO - [2025-12-30T23:51:36.991+0000] {dagbag.py:545} INFO - Filling up the DagBag from /home/airflow/.local/lib/python3.12/site-packages/airflow/example_dags/example_sla_dag.py
[2025-12-30T23:51:36.996+0000] {processor.py:840} INFO - DAG(s) 'example_sla_dag' retrieved from /home/airflow/.local/lib/python3.12/site-packages/airflow/example_dags/example_sla_dag.py
[2025-12-30T23:51:37.010+0000] {logging_mixin.py:188} INFO - [2025-12-30T23:51:37.010+0000] {dag.py:3096} INFO - Sync 1 DAGs
[2025-12-30T23:51:37.024+0000] {logging_mixin.py:188} INFO - [2025-12-30T23:51:37.024+0000] {dag.py:3954} INFO - Setting next_dagrun for example_sla_dag to 2025-12-30 23:48:00+00:00, run_after=2025-12-30 23:50:00+00:00
[2025-12-30T23:51:37.033+0000] {processor.py:183} INFO - Processing /home/airflow/.local/lib/python3.12/site-packages/airflow/example_dags/example_sla_dag.py took 0.048 seconds
[2025-12-30T23:52:07.194+0000] {processor.py:161} INFO - Started process (PID=1138) to work on /home/airflow/.local/lib/python3.12/site-packages/airflow/example_dags/example_sla_dag.py
[2025-12-30T23:52:07.194+0000] {processor.py:830} INFO - Processing file /home/airflow/.local/lib/python3.12/site-packages/airflow/example_dags/example_sla_dag.py for tasks to queue
[2025-12-30T23:52:07.195+0000] {logging_mixin.py:188} INFO - [2025-12-30T23:52:07.195+0000] {dagbag.py:545} INFO - Filling up the DagBag from /home/airflow/.local/lib/python3.12/site-packages/airflow/example_dags/example_sla_dag.py
[2025-12-30T23:52:07.201+0000] {processor.py:840} INFO - DAG(s) 'example_sla_dag' retrieved from /home/airflow/.local/lib/python3.12/site-packages/airflow/example_dags/example_sla_dag.py
[2025-12-30T23:52:07.213+0000] {logging_mixin.py:188} INFO - [2025-12-30T23:52:07.212+0000] {dag.py:3096} INFO - Sync 1 DAGs
[2025-12-30T23:52:07.224+0000] {logging_mixin.py:188} INFO - [2025-12-30T23:52:07.224+0000] {dag.py:3954} INFO - Setting next_dagrun for example_sla_dag to 2025-12-30 23:50:00+00:00, run_after=2025-12-30 23:52:00+00:00
[2025-12-30T23:52:07.234+0000] {processor.py:183} INFO - Processing /home/airflow/.local/lib/python3.12/site-packages/airflow/example_dags/example_sla_dag.py took 0.044 seconds
[2025-12-30T23:52:37.533+0000] {processor.py:161} INFO - Started process (PID=1198) to work on /home/airflow/.local/lib/python3.12/site-packages/airflow/example_dags/example_sla_dag.py
[2025-12-30T23:52:37.533+0000] {processor.py:830} INFO - Processing file /home/airflow/.local/lib/python3.12/site-packages/airflow/example_dags/example_sla_dag.py for tasks to queue
[2025-12-30T23:52:37.534+0000] {logging_mixin.py:188} INFO - [2025-12-30T23:52:37.534+0000] {dagbag.py:545} INFO - Filling up the DagBag from /home/airflow/.local/lib/python3.12/site-packages/airflow/example_dags/example_sla_dag.py
[2025-12-30T23:52:37.540+0000] {processor.py:840} INFO - DAG(s) 'example_sla_dag' retrieved from /home/airflow/.local/lib/python3.12/site-packages/airflow/example_dags/example_sla_dag.py
[2025-12-30T23:52:37.553+0000] {logging_mixin.py:188} INFO - [2025-12-30T23:52:37.553+0000] {dag.py:3096} INFO - Sync 1 DAGs
[2025-12-30T23:52:37.566+0000] {logging_mixin.py:188} INFO - [2025-12-30T23:52:37.566+0000] {dag.py:3954} INFO - Setting next_dagrun for example_sla_dag to 2025-12-30 23:50:00+00:00, run_after=2025-12-30 23:52:00+00:00
[2025-12-30T23:52:37.574+0000] {processor.py:183} INFO - Processing /home/airflow/.local/lib/python3.12/site-packages/airflow/example_dags/example_sla_dag.py took 0.045 seconds
[2025-12-30T23:53:07.891+0000] {processor.py:161} INFO - Started process (PID=1258) to work on /home/airflow/.local/lib/python3.12/site-packages/airflow/example_dags/example_sla_dag.py
[2025-12-30T23:53:07.893+0000] {processor.py:830} INFO - Processing file /home/airflow/.local/lib/python3.12/site-packages/airflow/example_dags/example_sla_dag.py for tasks to queue
[2025-12-30T23:53:07.895+0000] {logging_mixin.py:188} INFO - [2025-12-30T23:53:07.894+0000] {dagbag.py:545} INFO - Filling up the DagBag from /home/airflow/.local/lib/python3.12/site-packages/airflow/example_dags/example_sla_dag.py
[2025-12-30T23:53:07.902+0000] {processor.py:840} INFO - DAG(s) 'example_sla_dag' retrieved from /home/airflow/.local/lib/python3.12/site-packages/airflow/example_dags/example_sla_dag.py
[2025-12-30T23:53:07.916+0000] {logging_mixin.py:188} INFO - [2025-12-30T23:53:07.915+0000] {dag.py:3096} INFO - Sync 1 DAGs
[2025-12-30T23:53:07.928+0000] {logging_mixin.py:188} INFO - [2025-12-30T23:53:07.928+0000] {dag.py:3954} INFO - Setting next_dagrun for example_sla_dag to 2025-12-30 23:50:00+00:00, run_after=2025-12-30 23:52:00+00:00
[2025-12-30T23:53:07.936+0000] {processor.py:183} INFO - Processing /home/airflow/.local/lib/python3.12/site-packages/airflow/example_dags/example_sla_dag.py took 0.049 seconds
[2025-12-30T23:53:38.600+0000] {processor.py:161} INFO - Started process (PID=1318) to work on /home/airflow/.local/lib/python3.12/site-packages/airflow/example_dags/example_sla_dag.py
[2025-12-30T23:53:38.601+0000] {processor.py:830} INFO - Processing file /home/airflow/.local/lib/python3.12/site-packages/airflow/example_dags/example_sla_dag.py for tasks to queue
[2025-12-30T23:53:38.602+0000] {logging_mixin.py:188} INFO - [2025-12-30T23:53:38.602+0000] {dagbag.py:545} INFO - Filling up the DagBag from /home/airflow/.local/lib/python3.12/site-packages/airflow/example_dags/example_sla_dag.py
[2025-12-30T23:53:38.607+0000] {processor.py:840} INFO - DAG(s) 'example_sla_dag' retrieved from /home/airflow/.local/lib/python3.12/site-packages/airflow/example_dags/example_sla_dag.py
[2025-12-30T23:53:38.619+0000] {logging_mixin.py:188} INFO - [2025-12-30T23:53:38.619+0000] {dag.py:3096} INFO - Sync 1 DAGs
[2025-12-30T23:53:38.631+0000] {logging_mixin.py:188} INFO - [2025-12-30T23:53:38.631+0000] {dag.py:3954} INFO - Setting next_dagrun for example_sla_dag to 2025-12-30 23:50:00+00:00, run_after=2025-12-30 23:52:00+00:00
[2025-12-30T23:53:38.638+0000] {processor.py:183} INFO - Processing /home/airflow/.local/lib/python3.12/site-packages/airflow/example_dags/example_sla_dag.py took 0.042 seconds
[2025-12-30T23:54:08.797+0000] {processor.py:161} INFO - Started process (PID=1378) to work on /home/airflow/.local/lib/python3.12/site-packages/airflow/example_dags/example_sla_dag.py
[2025-12-30T23:54:08.797+0000] {processor.py:830} INFO - Processing file /home/airflow/.local/lib/python3.12/site-packages/airflow/example_dags/example_sla_dag.py for tasks to queue
[2025-12-30T23:54:08.799+0000] {logging_mixin.py:188} INFO - [2025-12-30T23:54:08.799+0000] {dagbag.py:545} INFO - Filling up the DagBag from /home/airflow/.local/lib/python3.12/site-packages/airflow/example_dags/example_sla_dag.py
[2025-12-30T23:54:08.804+0000] {processor.py:840} INFO - DAG(s) 'example_sla_dag' retrieved from /home/airflow/.local/lib/python3.12/site-packages/airflow/example_dags/example_sla_dag.py
[2025-12-30T23:54:08.816+0000] {logging_mixin.py:188} INFO - [2025-12-30T23:54:08.816+0000] {dag.py:3096} INFO - Sync 1 DAGs
[2025-12-30T23:54:08.828+0000] {logging_mixin.py:188} INFO - [2025-12-30T23:54:08.828+0000] {dag.py:3954} INFO - Setting next_dagrun for example_sla_dag to 2025-12-30 23:52:00+00:00, run_after=2025-12-30 23:54:00+00:00
[2025-12-30T23:54:08.836+0000] {processor.py:183} INFO - Processing /home/airflow/.local/lib/python3.12/site-packages/airflow/example_dags/example_sla_dag.py took 0.044 seconds
[2025-12-30T23:54:39.139+0000] {processor.py:161} INFO - Started process (PID=1438) to work on /home/airflow/.local/lib/python3.12/site-packages/airflow/example_dags/example_sla_dag.py
[2025-12-30T23:54:39.140+0000] {processor.py:830} INFO - Processing file /home/airflow/.local/lib/python3.12/site-packages/airflow/example_dags/example_sla_dag.py for tasks to queue
[2025-12-30T23:54:39.141+0000] {logging_mixin.py:188} INFO - [2025-12-30T23:54:39.141+0000] {dagbag.py:545} INFO - Filling up the DagBag from /home/airflow/.local/lib/python3.12/site-packages/airflow/example_dags/example_sla_dag.py
[2025-12-30T23:54:39.146+0000] {processor.py:840} INFO - DAG(s) 'example_sla_dag' retrieved from /home/airflow/.local/lib/python3.12/site-packages/airflow/example_dags/example_sla_dag.py
[2025-12-30T23:54:39.160+0000] {logging_mixin.py:188} INFO - [2025-12-30T23:54:39.160+0000] {dag.py:3096} INFO - Sync 1 DAGs
[2025-12-30T23:54:39.172+0000] {logging_mixin.py:188} INFO - [2025-12-30T23:54:39.172+0000] {dag.py:3954} INFO - Setting next_dagrun for example_sla_dag to 2025-12-30 23:52:00+00:00, run_after=2025-12-30 23:54:00+00:00
[2025-12-30T23:54:39.181+0000] {processor.py:183} INFO - Processing /home/airflow/.local/lib/python3.12/site-packages/airflow/example_dags/example_sla_dag.py took 0.046 seconds
[2025-12-30T23:55:09.446+0000] {processor.py:161} INFO - Started process (PID=1498) to work on /home/airflow/.local/lib/python3.12/site-packages/airflow/example_dags/example_sla_dag.py
[2025-12-30T23:55:09.447+0000] {processor.py:830} INFO - Processing file /home/airflow/.local/lib/python3.12/site-packages/airflow/example_dags/example_sla_dag.py for tasks to queue
[2025-12-30T23:55:09.448+0000] {logging_mixin.py:188} INFO - [2025-12-30T23:55:09.448+0000] {dagbag.py:545} INFO - Filling up the DagBag from /home/airflow/.local/lib/python3.12/site-packages/airflow/example_dags/example_sla_dag.py
[2025-12-30T23:55:09.452+0000] {processor.py:840} INFO - DAG(s) 'example_sla_dag' retrieved from /home/airflow/.local/lib/python3.12/site-packages/airflow/example_dags/example_sla_dag.py
[2025-12-30T23:55:09.462+0000] {logging_mixin.py:188} INFO - [2025-12-30T23:55:09.462+0000] {dag.py:3096} INFO - Sync 1 DAGs
[2025-12-30T23:55:09.471+0000] {logging_mixin.py:188} INFO - [2025-12-30T23:55:09.471+0000] {dag.py:3954} INFO - Setting next_dagrun for example_sla_dag to 2025-12-30 23:52:00+00:00, run_after=2025-12-30 23:54:00+00:00
[2025-12-30T23:55:09.479+0000] {processor.py:183} INFO - Processing /home/airflow/.local/lib/python3.12/site-packages/airflow/example_dags/example_sla_dag.py took 0.036 seconds
[2025-12-30T23:55:39.729+0000] {processor.py:161} INFO - Started process (PID=1558) to work on /home/airflow/.local/lib/python3.12/site-packages/airflow/example_dags/example_sla_dag.py
[2025-12-30T23:55:39.730+0000] {processor.py:830} INFO - Processing file /home/airflow/.local/lib/python3.12/site-packages/airflow/example_dags/example_sla_dag.py for tasks to queue
[2025-12-30T23:55:39.731+0000] {logging_mixin.py:188} INFO - [2025-12-30T23:55:39.731+0000] {dagbag.py:545} INFO - Filling up the DagBag from /home/airflow/.local/lib/python3.12/site-packages/airflow/example_dags/example_sla_dag.py
[2025-12-30T23:55:39.738+0000] {processor.py:840} INFO - DAG(s) 'example_sla_dag' retrieved from /home/airflow/.local/lib/python3.12/site-packages/airflow/example_dags/example_sla_dag.py
[2025-12-30T23:55:39.752+0000] {logging_mixin.py:188} INFO - [2025-12-30T23:55:39.752+0000] {dag.py:3096} INFO - Sync 1 DAGs
[2025-12-30T23:55:39.766+0000] {logging_mixin.py:188} INFO - [2025-12-30T23:55:39.766+0000] {dag.py:3954} INFO - Setting next_dagrun for example_sla_dag to 2025-12-30 23:52:00+00:00, run_after=2025-12-30 23:54:00+00:00
[2025-12-30T23:55:39.778+0000] {processor.py:183} INFO - Processing /home/airflow/.local/lib/python3.12/site-packages/airflow/example_dags/example_sla_dag.py took 0.052 seconds
[2025-12-30T23:56:10.099+0000] {processor.py:161} INFO - Started process (PID=1618) to work on /home/airflow/.local/lib/python3.12/site-packages/airflow/example_dags/example_sla_dag.py
[2025-12-30T23:56:10.100+0000] {processor.py:830} INFO - Processing file /home/airflow/.local/lib/python3.12/site-packages/airflow/example_dags/example_sla_dag.py for tasks to queue
[2025-12-30T23:56:10.101+0000] {logging_mixin.py:188} INFO - [2025-12-30T23:56:10.101+0000] {dagbag.py:545} INFO - Filling up the DagBag from /home/airflow/.local/lib/python3.12/site-packages/airflow/example_dags/example_sla_dag.py
[2025-12-30T23:56:10.109+0000] {processor.py:840} INFO - DAG(s) 'example_sla_dag' retrieved from /home/airflow/.local/lib/python3.12/site-packages/airflow/example_dags/example_sla_dag.py
[2025-12-30T23:56:10.123+0000] {logging_mixin.py:188} INFO - [2025-12-30T23:56:10.123+0000] {dag.py:3096} INFO - Sync 1 DAGs
[2025-12-30T23:56:10.138+0000] {logging_mixin.py:188} INFO - [2025-12-30T23:56:10.137+0000] {dag.py:3954} INFO - Setting next_dagrun for example_sla_dag to 2025-12-30 23:54:00+00:00, run_after=2025-12-30 23:56:00+00:00
[2025-12-30T23:56:10.146+0000] {processor.py:183} INFO - Processing /home/airflow/.local/lib/python3.12/site-packages/airflow/example_dags/example_sla_dag.py took 0.052 seconds
[2025-12-30T23:56:40.502+0000] {processor.py:161} INFO - Started process (PID=1678) to work on /home/airflow/.local/lib/python3.12/site-packages/airflow/example_dags/example_sla_dag.py
[2025-12-30T23:56:40.503+0000] {processor.py:830} INFO - Processing file /home/airflow/.local/lib/python3.12/site-packages/airflow/example_dags/example_sla_dag.py for tasks to queue
[2025-12-30T23:56:40.504+0000] {logging_mixin.py:188} INFO - [2025-12-30T23:56:40.504+0000] {dagbag.py:545} INFO - Filling up the DagBag from /home/airflow/.local/lib/python3.12/site-packages/airflow/example_dags/example_sla_dag.py
[2025-12-30T23:56:40.510+0000] {processor.py:840} INFO - DAG(s) 'example_sla_dag' retrieved from /home/airflow/.local/lib/python3.12/site-packages/airflow/example_dags/example_sla_dag.py
[2025-12-30T23:56:40.522+0000] {logging_mixin.py:188} INFO - [2025-12-30T23:56:40.522+0000] {dag.py:3096} INFO - Sync 1 DAGs
[2025-12-30T23:56:40.534+0000] {logging_mixin.py:188} INFO - [2025-12-30T23:56:40.534+0000] {dag.py:3954} INFO - Setting next_dagrun for example_sla_dag to 2025-12-30 23:54:00+00:00, run_after=2025-12-30 23:56:00+00:00
[2025-12-30T23:56:40.542+0000] {processor.py:183} INFO - Processing /home/airflow/.local/lib/python3.12/site-packages/airflow/example_dags/example_sla_dag.py took 0.045 seconds
[2025-12-30T23:57:10.941+0000] {processor.py:161} INFO - Started process (PID=1738) to work on /home/airflow/.local/lib/python3.12/site-packages/airflow/example_dags/example_sla_dag.py
[2025-12-30T23:57:10.942+0000] {processor.py:830} INFO - Processing file /home/airflow/.local/lib/python3.12/site-packages/airflow/example_dags/example_sla_dag.py for tasks to queue
[2025-12-30T23:57:10.944+0000] {logging_mixin.py:188} INFO - [2025-12-30T23:57:10.944+0000] {dagbag.py:545} INFO - Filling up the DagBag from /home/airflow/.local/lib/python3.12/site-packages/airflow/example_dags/example_sla_dag.py
[2025-12-30T23:57:10.952+0000] {processor.py:840} INFO - DAG(s) 'example_sla_dag' retrieved from /home/airflow/.local/lib/python3.12/site-packages/airflow/example_dags/example_sla_dag.py
[2025-12-30T23:57:10.968+0000] {logging_mixin.py:188} INFO - [2025-12-30T23:57:10.967+0000] {dag.py:3096} INFO - Sync 1 DAGs
[2025-12-30T23:57:10.982+0000] {logging_mixin.py:188} INFO - [2025-12-30T23:57:10.982+0000] {dag.py:3954} INFO - Setting next_dagrun for example_sla_dag to 2025-12-30 23:54:00+00:00, run_after=2025-12-30 23:56:00+00:00
[2025-12-30T23:57:10.991+0000] {processor.py:183} INFO - Processing /home/airflow/.local/lib/python3.12/site-packages/airflow/example_dags/example_sla_dag.py took 0.057 seconds
[2025-12-30T23:57:41.653+0000] {processor.py:161} INFO - Started process (PID=1798) to work on /home/airflow/.local/lib/python3.12/site-packages/airflow/example_dags/example_sla_dag.py
[2025-12-30T23:57:41.654+0000] {processor.py:830} INFO - Processing file /home/airflow/.local/lib/python3.12/site-packages/airflow/example_dags/example_sla_dag.py for tasks to queue
[2025-12-30T23:57:41.656+0000] {logging_mixin.py:188} INFO - [2025-12-30T23:57:41.655+0000] {dagbag.py:545} INFO - Filling up the DagBag from /home/airflow/.local/lib/python3.12/site-packages/airflow/example_dags/example_sla_dag.py
[2025-12-30T23:57:41.661+0000] {processor.py:840} INFO - DAG(s) 'example_sla_dag' retrieved from /home/airflow/.local/lib/python3.12/site-packages/airflow/example_dags/example_sla_dag.py
[2025-12-30T23:57:41.677+0000] {logging_mixin.py:188} INFO - [2025-12-30T23:57:41.677+0000] {dag.py:3096} INFO - Sync 1 DAGs
[2025-12-30T23:57:41.691+0000] {logging_mixin.py:188} INFO - [2025-12-30T23:57:41.691+0000] {dag.py:3954} INFO - Setting next_dagrun for example_sla_dag to 2025-12-30 23:54:00+00:00, run_after=2025-12-30 23:56:00+00:00
[2025-12-30T23:57:41.807+0000] {processor.py:183} INFO - Processing /home/airflow/.local/lib/python3.12/site-packages/airflow/example_dags/example_sla_dag.py took 0.158 seconds
[2025-12-30T23:58:12.676+0000] {processor.py:161} INFO - Started process (PID=1858) to work on /home/airflow/.local/lib/python3.12/site-packages/airflow/example_dags/example_sla_dag.py
[2025-12-30T23:58:12.677+0000] {processor.py:830} INFO - Processing file /home/airflow/.local/lib/python3.12/site-packages/airflow/example_dags/example_sla_dag.py for tasks to queue
[2025-12-30T23:58:12.679+0000] {logging_mixin.py:188} INFO - [2025-12-30T23:58:12.679+0000] {dagbag.py:545} INFO - Filling up the DagBag from /home/airflow/.local/lib/python3.12/site-packages/airflow/example_dags/example_sla_dag.py
[2025-12-30T23:58:12.686+0000] {processor.py:840} INFO - DAG(s) 'example_sla_dag' retrieved from /home/airflow/.local/lib/python3.12/site-packages/airflow/example_dags/example_sla_dag.py
[2025-12-30T23:58:12.705+0000] {logging_mixin.py:188} INFO - [2025-12-30T23:58:12.704+0000] {dag.py:3096} INFO - Sync 1 DAGs
[2025-12-30T23:58:12.720+0000] {logging_mixin.py:188} INFO - [2025-12-30T23:58:12.720+0000] {dag.py:3954} INFO - Setting next_dagrun for example_sla_dag to 2025-12-30 23:56:00+00:00, run_after=2025-12-30 23:58:00+00:00
[2025-12-30T23:58:12.729+0000] {processor.py:183} INFO - Processing /home/airflow/.local/lib/python3.12/site-packages/airflow/example_dags/example_sla_dag.py took 0.058 seconds
[2025-12-30T23:58:43.491+0000] {processor.py:161} INFO - Started process (PID=1918) to work on /home/airflow/.local/lib/python3.12/site-packages/airflow/example_dags/example_sla_dag.py
[2025-12-30T23:58:43.492+0000] {processor.py:830} INFO - Processing file /home/airflow/.local/lib/python3.12/site-packages/airflow/example_dags/example_sla_dag.py for tasks to queue
[2025-12-30T23:58:43.494+0000] {logging_mixin.py:188} INFO - [2025-12-30T23:58:43.494+0000] {dagbag.py:545} INFO - Filling up the DagBag from /home/airflow/.local/lib/python3.12/site-packages/airflow/example_dags/example_sla_dag.py
[2025-12-30T23:58:43.500+0000] {processor.py:840} INFO - DAG(s) 'example_sla_dag' retrieved from /home/airflow/.local/lib/python3.12/site-packages/airflow/example_dags/example_sla_dag.py
[2025-12-30T23:58:43.513+0000] {logging_mixin.py:188} INFO - [2025-12-30T23:58:43.513+0000] {dag.py:3096} INFO - Sync 1 DAGs
[2025-12-30T23:58:43.526+0000] {logging_mixin.py:188} INFO - [2025-12-30T23:58:43.526+0000] {dag.py:3954} INFO - Setting next_dagrun for example_sla_dag to 2025-12-30 23:56:00+00:00, run_after=2025-12-30 23:58:00+00:00
[2025-12-30T23:58:43.534+0000] {processor.py:183} INFO - Processing /home/airflow/.local/lib/python3.12/site-packages/airflow/example_dags/example_sla_dag.py took 0.046 seconds
[2025-12-30T23:59:13.678+0000] {processor.py:161} INFO - Started process (PID=1978) to work on /home/airflow/.local/lib/python3.12/site-packages/airflow/example_dags/example_sla_dag.py
[2025-12-30T23:59:13.679+0000] {processor.py:830} INFO - Processing file /home/airflow/.local/lib/python3.12/site-packages/airflow/example_dags/example_sla_dag.py for tasks to queue
[2025-12-30T23:59:13.680+0000] {logging_mixin.py:188} INFO - [2025-12-30T23:59:13.680+0000] {dagbag.py:545} INFO - Filling up the DagBag from /home/airflow/.local/lib/python3.12/site-packages/airflow/example_dags/example_sla_dag.py
[2025-12-30T23:59:13.686+0000] {processor.py:840} INFO - DAG(s) 'example_sla_dag' retrieved from /home/airflow/.local/lib/python3.12/site-packages/airflow/example_dags/example_sla_dag.py
[2025-12-30T23:59:13.699+0000] {logging_mixin.py:188} INFO - [2025-12-30T23:59:13.699+0000] {dag.py:3096} INFO - Sync 1 DAGs
[2025-12-30T23:59:13.711+0000] {logging_mixin.py:188} INFO - [2025-12-30T23:59:13.711+0000] {dag.py:3954} INFO - Setting next_dagrun for example_sla_dag to 2025-12-30 23:56:00+00:00, run_after=2025-12-30 23:58:00+00:00
[2025-12-30T23:59:13.719+0000] {processor.py:183} INFO - Processing /home/airflow/.local/lib/python3.12/site-packages/airflow/example_dags/example_sla_dag.py took 0.045 seconds
[2025-12-30T23:59:44.369+0000] {processor.py:161} INFO - Started process (PID=2038) to work on /home/airflow/.local/lib/python3.12/site-packages/airflow/example_dags/example_sla_dag.py
[2025-12-30T23:59:44.371+0000] {processor.py:830} INFO - Processing file /home/airflow/.local/lib/python3.12/site-packages/airflow/example_dags/example_sla_dag.py for tasks to queue
[2025-12-30T23:59:44.374+0000] {logging_mixin.py:188} INFO - [2025-12-30T23:59:44.374+0000] {dagbag.py:545} INFO - Filling up the DagBag from /home/airflow/.local/lib/python3.12/site-packages/airflow/example_dags/example_sla_dag.py
[2025-12-30T23:59:44.393+0000] {processor.py:840} INFO - DAG(s) 'example_sla_dag' retrieved from /home/airflow/.local/lib/python3.12/site-packages/airflow/example_dags/example_sla_dag.py
[2025-12-30T23:59:44.419+0000] {logging_mixin.py:188} INFO - [2025-12-30T23:59:44.419+0000] {dag.py:3096} INFO - Sync 1 DAGs
[2025-12-30T23:59:44.436+0000] {logging_mixin.py:188} INFO - [2025-12-30T23:59:44.436+0000] {dag.py:3954} INFO - Setting next_dagrun for example_sla_dag to 2025-12-30 23:56:00+00:00, run_after=2025-12-30 23:58:00+00:00
[2025-12-30T23:59:44.448+0000] {processor.py:183} INFO - Processing /home/airflow/.local/lib/python3.12/site-packages/airflow/example_dags/example_sla_dag.py took 0.089 seconds
