[2025-12-30T23:33:52.317+0000] {processor.py:161} INFO - Started process (PID=74) to work on /home/airflow/.local/lib/python3.12/site-packages/airflow/example_dags/example_display_name.py
[2025-12-30T23:33:52.319+0000] {processor.py:830} INFO - Processing file /home/airflow/.local/lib/python3.12/site-packages/airflow/example_dags/example_display_name.py for tasks to queue
[2025-12-30T23:33:52.322+0000] {logging_mixin.py:188} INFO - [2025-12-30T23:33:52.322+0000] {dagbag.py:545} INFO - Filling up the DagBag from /home/airflow/.local/lib/python3.12/site-packages/airflow/example_dags/example_display_name.py
[2025-12-30T23:33:52.329+0000] {processor.py:840} INFO - DAG(s) 'example_display_name' retrieved from /home/airflow/.local/lib/python3.12/site-packages/airflow/example_dags/example_display_name.py
[2025-12-30T23:33:52.351+0000] {logging_mixin.py:188} INFO - [2025-12-30T23:33:52.351+0000] {dag.py:3096} INFO - Sync 1 DAGs
[2025-12-30T23:33:52.365+0000] {logging_mixin.py:188} INFO - [2025-12-30T23:33:52.364+0000] {dag.py:3954} INFO - Setting next_dagrun for example_display_name to None, run_after=None
[2025-12-30T23:33:52.404+0000] {processor.py:183} INFO - Processing /home/airflow/.local/lib/python3.12/site-packages/airflow/example_dags/example_display_name.py took 0.114 seconds
[2025-12-30T23:34:22.997+0000] {processor.py:161} INFO - Started process (PID=133) to work on /home/airflow/.local/lib/python3.12/site-packages/airflow/example_dags/example_display_name.py
[2025-12-30T23:34:22.998+0000] {processor.py:830} INFO - Processing file /home/airflow/.local/lib/python3.12/site-packages/airflow/example_dags/example_display_name.py for tasks to queue
[2025-12-30T23:34:22.999+0000] {logging_mixin.py:188} INFO - [2025-12-30T23:34:22.999+0000] {dagbag.py:545} INFO - Filling up the DagBag from /home/airflow/.local/lib/python3.12/site-packages/airflow/example_dags/example_display_name.py
[2025-12-30T23:34:23.003+0000] {processor.py:840} INFO - DAG(s) 'example_display_name' retrieved from /home/airflow/.local/lib/python3.12/site-packages/airflow/example_dags/example_display_name.py
[2025-12-30T23:34:23.056+0000] {logging_mixin.py:188} INFO - [2025-12-30T23:34:23.056+0000] {dag.py:3096} INFO - Sync 1 DAGs
[2025-12-30T23:34:23.061+0000] {logging_mixin.py:188} INFO - [2025-12-30T23:34:23.061+0000] {dag.py:3954} INFO - Setting next_dagrun for example_display_name to None, run_after=None
[2025-12-30T23:34:23.070+0000] {processor.py:183} INFO - Processing /home/airflow/.local/lib/python3.12/site-packages/airflow/example_dags/example_display_name.py took 0.076 seconds
[2025-12-30T23:34:53.167+0000] {processor.py:161} INFO - Started process (PID=192) to work on /home/airflow/.local/lib/python3.12/site-packages/airflow/example_dags/example_display_name.py
[2025-12-30T23:34:53.167+0000] {processor.py:830} INFO - Processing file /home/airflow/.local/lib/python3.12/site-packages/airflow/example_dags/example_display_name.py for tasks to queue
[2025-12-30T23:34:53.168+0000] {logging_mixin.py:188} INFO - [2025-12-30T23:34:53.168+0000] {dagbag.py:545} INFO - Filling up the DagBag from /home/airflow/.local/lib/python3.12/site-packages/airflow/example_dags/example_display_name.py
[2025-12-30T23:34:53.172+0000] {processor.py:840} INFO - DAG(s) 'example_display_name' retrieved from /home/airflow/.local/lib/python3.12/site-packages/airflow/example_dags/example_display_name.py
[2025-12-30T23:34:53.182+0000] {logging_mixin.py:188} INFO - [2025-12-30T23:34:53.182+0000] {dag.py:3096} INFO - Sync 1 DAGs
[2025-12-30T23:34:53.187+0000] {logging_mixin.py:188} INFO - [2025-12-30T23:34:53.187+0000] {dag.py:3954} INFO - Setting next_dagrun for example_display_name to None, run_after=None
[2025-12-30T23:34:53.195+0000] {processor.py:183} INFO - Processing /home/airflow/.local/lib/python3.12/site-packages/airflow/example_dags/example_display_name.py took 0.031 seconds
[2025-12-30T23:35:23.469+0000] {processor.py:161} INFO - Started process (PID=251) to work on /home/airflow/.local/lib/python3.12/site-packages/airflow/example_dags/example_display_name.py
[2025-12-30T23:35:23.470+0000] {processor.py:830} INFO - Processing file /home/airflow/.local/lib/python3.12/site-packages/airflow/example_dags/example_display_name.py for tasks to queue
[2025-12-30T23:35:23.471+0000] {logging_mixin.py:188} INFO - [2025-12-30T23:35:23.471+0000] {dagbag.py:545} INFO - Filling up the DagBag from /home/airflow/.local/lib/python3.12/site-packages/airflow/example_dags/example_display_name.py
[2025-12-30T23:35:23.476+0000] {processor.py:840} INFO - DAG(s) 'example_display_name' retrieved from /home/airflow/.local/lib/python3.12/site-packages/airflow/example_dags/example_display_name.py
[2025-12-30T23:35:23.488+0000] {logging_mixin.py:188} INFO - [2025-12-30T23:35:23.488+0000] {dag.py:3096} INFO - Sync 1 DAGs
[2025-12-30T23:35:23.495+0000] {logging_mixin.py:188} INFO - [2025-12-30T23:35:23.495+0000] {dag.py:3954} INFO - Setting next_dagrun for example_display_name to None, run_after=None
[2025-12-30T23:35:23.503+0000] {processor.py:183} INFO - Processing /home/airflow/.local/lib/python3.12/site-packages/airflow/example_dags/example_display_name.py took 0.037 seconds
[2025-12-30T23:35:53.612+0000] {processor.py:161} INFO - Started process (PID=310) to work on /home/airflow/.local/lib/python3.12/site-packages/airflow/example_dags/example_display_name.py
[2025-12-30T23:35:53.612+0000] {processor.py:830} INFO - Processing file /home/airflow/.local/lib/python3.12/site-packages/airflow/example_dags/example_display_name.py for tasks to queue
[2025-12-30T23:35:53.613+0000] {logging_mixin.py:188} INFO - [2025-12-30T23:35:53.613+0000] {dagbag.py:545} INFO - Filling up the DagBag from /home/airflow/.local/lib/python3.12/site-packages/airflow/example_dags/example_display_name.py
[2025-12-30T23:35:53.617+0000] {processor.py:840} INFO - DAG(s) 'example_display_name' retrieved from /home/airflow/.local/lib/python3.12/site-packages/airflow/example_dags/example_display_name.py
[2025-12-30T23:35:53.627+0000] {logging_mixin.py:188} INFO - [2025-12-30T23:35:53.627+0000] {dag.py:3096} INFO - Sync 1 DAGs
[2025-12-30T23:35:53.633+0000] {logging_mixin.py:188} INFO - [2025-12-30T23:35:53.633+0000] {dag.py:3954} INFO - Setting next_dagrun for example_display_name to None, run_after=None
[2025-12-30T23:35:53.640+0000] {processor.py:183} INFO - Processing /home/airflow/.local/lib/python3.12/site-packages/airflow/example_dags/example_display_name.py took 0.031 seconds
[2025-12-30T23:36:23.776+0000] {processor.py:161} INFO - Started process (PID=369) to work on /home/airflow/.local/lib/python3.12/site-packages/airflow/example_dags/example_display_name.py
[2025-12-30T23:36:23.777+0000] {processor.py:830} INFO - Processing file /home/airflow/.local/lib/python3.12/site-packages/airflow/example_dags/example_display_name.py for tasks to queue
[2025-12-30T23:36:23.779+0000] {logging_mixin.py:188} INFO - [2025-12-30T23:36:23.779+0000] {dagbag.py:545} INFO - Filling up the DagBag from /home/airflow/.local/lib/python3.12/site-packages/airflow/example_dags/example_display_name.py
[2025-12-30T23:36:23.785+0000] {processor.py:840} INFO - DAG(s) 'example_display_name' retrieved from /home/airflow/.local/lib/python3.12/site-packages/airflow/example_dags/example_display_name.py
[2025-12-30T23:36:23.797+0000] {logging_mixin.py:188} INFO - [2025-12-30T23:36:23.797+0000] {dag.py:3096} INFO - Sync 1 DAGs
[2025-12-30T23:36:23.803+0000] {logging_mixin.py:188} INFO - [2025-12-30T23:36:23.803+0000] {dag.py:3954} INFO - Setting next_dagrun for example_display_name to None, run_after=None
[2025-12-30T23:36:23.811+0000] {processor.py:183} INFO - Processing /home/airflow/.local/lib/python3.12/site-packages/airflow/example_dags/example_display_name.py took 0.041 seconds
[2025-12-30T23:36:54.095+0000] {processor.py:161} INFO - Started process (PID=428) to work on /home/airflow/.local/lib/python3.12/site-packages/airflow/example_dags/example_display_name.py
[2025-12-30T23:36:54.096+0000] {processor.py:830} INFO - Processing file /home/airflow/.local/lib/python3.12/site-packages/airflow/example_dags/example_display_name.py for tasks to queue
[2025-12-30T23:36:54.097+0000] {logging_mixin.py:188} INFO - [2025-12-30T23:36:54.096+0000] {dagbag.py:545} INFO - Filling up the DagBag from /home/airflow/.local/lib/python3.12/site-packages/airflow/example_dags/example_display_name.py
[2025-12-30T23:36:54.100+0000] {processor.py:840} INFO - DAG(s) 'example_display_name' retrieved from /home/airflow/.local/lib/python3.12/site-packages/airflow/example_dags/example_display_name.py
[2025-12-30T23:36:54.108+0000] {logging_mixin.py:188} INFO - [2025-12-30T23:36:54.108+0000] {dag.py:3096} INFO - Sync 1 DAGs
[2025-12-30T23:36:54.114+0000] {logging_mixin.py:188} INFO - [2025-12-30T23:36:54.113+0000] {dag.py:3954} INFO - Setting next_dagrun for example_display_name to None, run_after=None
[2025-12-30T23:36:54.120+0000] {processor.py:183} INFO - Processing /home/airflow/.local/lib/python3.12/site-packages/airflow/example_dags/example_display_name.py took 0.028 seconds
[2025-12-30T23:37:24.811+0000] {processor.py:161} INFO - Started process (PID=487) to work on /home/airflow/.local/lib/python3.12/site-packages/airflow/example_dags/example_display_name.py
[2025-12-30T23:37:24.812+0000] {processor.py:830} INFO - Processing file /home/airflow/.local/lib/python3.12/site-packages/airflow/example_dags/example_display_name.py for tasks to queue
[2025-12-30T23:37:24.815+0000] {logging_mixin.py:188} INFO - [2025-12-30T23:37:24.814+0000] {dagbag.py:545} INFO - Filling up the DagBag from /home/airflow/.local/lib/python3.12/site-packages/airflow/example_dags/example_display_name.py
[2025-12-30T23:37:24.821+0000] {processor.py:840} INFO - DAG(s) 'example_display_name' retrieved from /home/airflow/.local/lib/python3.12/site-packages/airflow/example_dags/example_display_name.py
[2025-12-30T23:37:24.839+0000] {logging_mixin.py:188} INFO - [2025-12-30T23:37:24.839+0000] {dag.py:3096} INFO - Sync 1 DAGs
[2025-12-30T23:37:24.847+0000] {logging_mixin.py:188} INFO - [2025-12-30T23:37:24.847+0000] {dag.py:3954} INFO - Setting next_dagrun for example_display_name to None, run_after=None
[2025-12-30T23:37:24.857+0000] {processor.py:183} INFO - Processing /home/airflow/.local/lib/python3.12/site-packages/airflow/example_dags/example_display_name.py took 0.050 seconds
[2025-12-30T23:37:55.097+0000] {processor.py:161} INFO - Started process (PID=546) to work on /home/airflow/.local/lib/python3.12/site-packages/airflow/example_dags/example_display_name.py
[2025-12-30T23:37:55.097+0000] {processor.py:830} INFO - Processing file /home/airflow/.local/lib/python3.12/site-packages/airflow/example_dags/example_display_name.py for tasks to queue
[2025-12-30T23:37:55.099+0000] {logging_mixin.py:188} INFO - [2025-12-30T23:37:55.098+0000] {dagbag.py:545} INFO - Filling up the DagBag from /home/airflow/.local/lib/python3.12/site-packages/airflow/example_dags/example_display_name.py
[2025-12-30T23:37:55.103+0000] {processor.py:840} INFO - DAG(s) 'example_display_name' retrieved from /home/airflow/.local/lib/python3.12/site-packages/airflow/example_dags/example_display_name.py
[2025-12-30T23:37:55.116+0000] {logging_mixin.py:188} INFO - [2025-12-30T23:37:55.115+0000] {dag.py:3096} INFO - Sync 1 DAGs
[2025-12-30T23:37:55.125+0000] {logging_mixin.py:188} INFO - [2025-12-30T23:37:55.125+0000] {dag.py:3954} INFO - Setting next_dagrun for example_display_name to None, run_after=None
[2025-12-30T23:37:55.139+0000] {processor.py:183} INFO - Processing /home/airflow/.local/lib/python3.12/site-packages/airflow/example_dags/example_display_name.py took 0.047 seconds
[2025-12-30T23:38:25.696+0000] {processor.py:161} INFO - Started process (PID=605) to work on /home/airflow/.local/lib/python3.12/site-packages/airflow/example_dags/example_display_name.py
[2025-12-30T23:38:25.697+0000] {processor.py:830} INFO - Processing file /home/airflow/.local/lib/python3.12/site-packages/airflow/example_dags/example_display_name.py for tasks to queue
[2025-12-30T23:38:25.698+0000] {logging_mixin.py:188} INFO - [2025-12-30T23:38:25.698+0000] {dagbag.py:545} INFO - Filling up the DagBag from /home/airflow/.local/lib/python3.12/site-packages/airflow/example_dags/example_display_name.py
[2025-12-30T23:38:25.702+0000] {processor.py:840} INFO - DAG(s) 'example_display_name' retrieved from /home/airflow/.local/lib/python3.12/site-packages/airflow/example_dags/example_display_name.py
[2025-12-30T23:38:25.719+0000] {logging_mixin.py:188} INFO - [2025-12-30T23:38:25.719+0000] {dag.py:3096} INFO - Sync 1 DAGs
[2025-12-30T23:38:25.732+0000] {logging_mixin.py:188} INFO - [2025-12-30T23:38:25.731+0000] {dag.py:3954} INFO - Setting next_dagrun for example_display_name to None, run_after=None
[2025-12-30T23:38:25.744+0000] {processor.py:183} INFO - Processing /home/airflow/.local/lib/python3.12/site-packages/airflow/example_dags/example_display_name.py took 0.052 seconds
[2025-12-30T23:38:55.844+0000] {processor.py:161} INFO - Started process (PID=664) to work on /home/airflow/.local/lib/python3.12/site-packages/airflow/example_dags/example_display_name.py
[2025-12-30T23:38:55.845+0000] {processor.py:830} INFO - Processing file /home/airflow/.local/lib/python3.12/site-packages/airflow/example_dags/example_display_name.py for tasks to queue
[2025-12-30T23:38:55.846+0000] {logging_mixin.py:188} INFO - [2025-12-30T23:38:55.845+0000] {dagbag.py:545} INFO - Filling up the DagBag from /home/airflow/.local/lib/python3.12/site-packages/airflow/example_dags/example_display_name.py
[2025-12-30T23:38:55.848+0000] {processor.py:840} INFO - DAG(s) 'example_display_name' retrieved from /home/airflow/.local/lib/python3.12/site-packages/airflow/example_dags/example_display_name.py
[2025-12-30T23:38:55.857+0000] {logging_mixin.py:188} INFO - [2025-12-30T23:38:55.857+0000] {dag.py:3096} INFO - Sync 1 DAGs
[2025-12-30T23:38:55.862+0000] {logging_mixin.py:188} INFO - [2025-12-30T23:38:55.862+0000] {dag.py:3954} INFO - Setting next_dagrun for example_display_name to None, run_after=None
[2025-12-30T23:38:55.870+0000] {processor.py:183} INFO - Processing /home/airflow/.local/lib/python3.12/site-packages/airflow/example_dags/example_display_name.py took 0.028 seconds
[2025-12-30T23:39:26.391+0000] {processor.py:161} INFO - Started process (PID=723) to work on /home/airflow/.local/lib/python3.12/site-packages/airflow/example_dags/example_display_name.py
[2025-12-30T23:39:26.392+0000] {processor.py:830} INFO - Processing file /home/airflow/.local/lib/python3.12/site-packages/airflow/example_dags/example_display_name.py for tasks to queue
[2025-12-30T23:39:26.394+0000] {logging_mixin.py:188} INFO - [2025-12-30T23:39:26.393+0000] {dagbag.py:545} INFO - Filling up the DagBag from /home/airflow/.local/lib/python3.12/site-packages/airflow/example_dags/example_display_name.py
[2025-12-30T23:39:26.415+0000] {processor.py:840} INFO - DAG(s) 'example_display_name' retrieved from /home/airflow/.local/lib/python3.12/site-packages/airflow/example_dags/example_display_name.py
[2025-12-30T23:39:26.446+0000] {logging_mixin.py:188} INFO - [2025-12-30T23:39:26.445+0000] {dag.py:3096} INFO - Sync 1 DAGs
[2025-12-30T23:39:26.476+0000] {logging_mixin.py:188} INFO - [2025-12-30T23:39:26.476+0000] {dag.py:3954} INFO - Setting next_dagrun for example_display_name to None, run_after=None
[2025-12-30T23:39:26.494+0000] {processor.py:183} INFO - Processing /home/airflow/.local/lib/python3.12/site-packages/airflow/example_dags/example_display_name.py took 0.114 seconds
[2025-12-30T23:39:56.515+0000] {processor.py:161} INFO - Started process (PID=782) to work on /home/airflow/.local/lib/python3.12/site-packages/airflow/example_dags/example_display_name.py
[2025-12-30T23:39:56.515+0000] {processor.py:830} INFO - Processing file /home/airflow/.local/lib/python3.12/site-packages/airflow/example_dags/example_display_name.py for tasks to queue
[2025-12-30T23:39:56.516+0000] {logging_mixin.py:188} INFO - [2025-12-30T23:39:56.516+0000] {dagbag.py:545} INFO - Filling up the DagBag from /home/airflow/.local/lib/python3.12/site-packages/airflow/example_dags/example_display_name.py
[2025-12-30T23:39:56.519+0000] {processor.py:840} INFO - DAG(s) 'example_display_name' retrieved from /home/airflow/.local/lib/python3.12/site-packages/airflow/example_dags/example_display_name.py
[2025-12-30T23:39:56.529+0000] {logging_mixin.py:188} INFO - [2025-12-30T23:39:56.529+0000] {dag.py:3096} INFO - Sync 1 DAGs
[2025-12-30T23:39:56.535+0000] {logging_mixin.py:188} INFO - [2025-12-30T23:39:56.535+0000] {dag.py:3954} INFO - Setting next_dagrun for example_display_name to None, run_after=None
[2025-12-30T23:39:56.543+0000] {processor.py:183} INFO - Processing /home/airflow/.local/lib/python3.12/site-packages/airflow/example_dags/example_display_name.py took 0.031 seconds
[2025-12-30T23:40:26.895+0000] {processor.py:161} INFO - Started process (PID=841) to work on /home/airflow/.local/lib/python3.12/site-packages/airflow/example_dags/example_display_name.py
[2025-12-30T23:40:26.895+0000] {processor.py:830} INFO - Processing file /home/airflow/.local/lib/python3.12/site-packages/airflow/example_dags/example_display_name.py for tasks to queue
[2025-12-30T23:40:26.897+0000] {logging_mixin.py:188} INFO - [2025-12-30T23:40:26.896+0000] {dagbag.py:545} INFO - Filling up the DagBag from /home/airflow/.local/lib/python3.12/site-packages/airflow/example_dags/example_display_name.py
[2025-12-30T23:40:26.902+0000] {processor.py:840} INFO - DAG(s) 'example_display_name' retrieved from /home/airflow/.local/lib/python3.12/site-packages/airflow/example_dags/example_display_name.py
[2025-12-30T23:40:26.913+0000] {logging_mixin.py:188} INFO - [2025-12-30T23:40:26.913+0000] {dag.py:3096} INFO - Sync 1 DAGs
[2025-12-30T23:40:26.919+0000] {logging_mixin.py:188} INFO - [2025-12-30T23:40:26.919+0000] {dag.py:3954} INFO - Setting next_dagrun for example_display_name to None, run_after=None
[2025-12-30T23:40:26.928+0000] {processor.py:183} INFO - Processing /home/airflow/.local/lib/python3.12/site-packages/airflow/example_dags/example_display_name.py took 0.037 seconds
[2025-12-30T23:40:57.551+0000] {processor.py:161} INFO - Started process (PID=901) to work on /home/airflow/.local/lib/python3.12/site-packages/airflow/example_dags/example_display_name.py
[2025-12-30T23:40:57.552+0000] {processor.py:830} INFO - Processing file /home/airflow/.local/lib/python3.12/site-packages/airflow/example_dags/example_display_name.py for tasks to queue
[2025-12-30T23:40:57.553+0000] {logging_mixin.py:188} INFO - [2025-12-30T23:40:57.553+0000] {dagbag.py:545} INFO - Filling up the DagBag from /home/airflow/.local/lib/python3.12/site-packages/airflow/example_dags/example_display_name.py
[2025-12-30T23:40:57.566+0000] {processor.py:840} INFO - DAG(s) 'example_display_name' retrieved from /home/airflow/.local/lib/python3.12/site-packages/airflow/example_dags/example_display_name.py
[2025-12-30T23:40:57.598+0000] {logging_mixin.py:188} INFO - [2025-12-30T23:40:57.597+0000] {dag.py:3096} INFO - Sync 1 DAGs
[2025-12-30T23:40:57.615+0000] {logging_mixin.py:188} INFO - [2025-12-30T23:40:57.615+0000] {dag.py:3954} INFO - Setting next_dagrun for example_display_name to None, run_after=None
[2025-12-30T23:40:57.638+0000] {processor.py:183} INFO - Processing /home/airflow/.local/lib/python3.12/site-packages/airflow/example_dags/example_display_name.py took 0.092 seconds
[2025-12-30T23:42:59.990+0000] {processor.py:161} INFO - Started process (PID=73) to work on /home/airflow/.local/lib/python3.12/site-packages/airflow/example_dags/example_display_name.py
[2025-12-30T23:42:59.997+0000] {processor.py:830} INFO - Processing file /home/airflow/.local/lib/python3.12/site-packages/airflow/example_dags/example_display_name.py for tasks to queue
[2025-12-30T23:43:00.008+0000] {logging_mixin.py:188} INFO - [2025-12-30T23:43:00.007+0000] {dagbag.py:545} INFO - Filling up the DagBag from /home/airflow/.local/lib/python3.12/site-packages/airflow/example_dags/example_display_name.py
[2025-12-30T23:43:00.048+0000] {processor.py:840} INFO - DAG(s) 'example_display_name' retrieved from /home/airflow/.local/lib/python3.12/site-packages/airflow/example_dags/example_display_name.py
[2025-12-30T23:43:00.155+0000] {logging_mixin.py:188} INFO - [2025-12-30T23:43:00.155+0000] {dag.py:3096} INFO - Sync 1 DAGs
[2025-12-30T23:43:00.212+0000] {logging_mixin.py:188} INFO - [2025-12-30T23:43:00.212+0000] {dag.py:3954} INFO - Setting next_dagrun for example_display_name to None, run_after=None
[2025-12-30T23:43:00.267+0000] {processor.py:183} INFO - Processing /home/airflow/.local/lib/python3.12/site-packages/airflow/example_dags/example_display_name.py took 0.370 seconds
[2025-12-30T23:43:30.343+0000] {processor.py:161} INFO - Started process (PID=133) to work on /home/airflow/.local/lib/python3.12/site-packages/airflow/example_dags/example_display_name.py
[2025-12-30T23:43:30.343+0000] {processor.py:830} INFO - Processing file /home/airflow/.local/lib/python3.12/site-packages/airflow/example_dags/example_display_name.py for tasks to queue
[2025-12-30T23:43:30.344+0000] {logging_mixin.py:188} INFO - [2025-12-30T23:43:30.344+0000] {dagbag.py:545} INFO - Filling up the DagBag from /home/airflow/.local/lib/python3.12/site-packages/airflow/example_dags/example_display_name.py
[2025-12-30T23:43:30.347+0000] {processor.py:840} INFO - DAG(s) 'example_display_name' retrieved from /home/airflow/.local/lib/python3.12/site-packages/airflow/example_dags/example_display_name.py
[2025-12-30T23:43:30.397+0000] {logging_mixin.py:188} INFO - [2025-12-30T23:43:30.397+0000] {dag.py:3096} INFO - Sync 1 DAGs
[2025-12-30T23:43:30.404+0000] {logging_mixin.py:188} INFO - [2025-12-30T23:43:30.404+0000] {dag.py:3954} INFO - Setting next_dagrun for example_display_name to None, run_after=None
[2025-12-30T23:43:30.413+0000] {processor.py:183} INFO - Processing /home/airflow/.local/lib/python3.12/site-packages/airflow/example_dags/example_display_name.py took 0.074 seconds
[2025-12-30T23:44:00.945+0000] {processor.py:161} INFO - Started process (PID=193) to work on /home/airflow/.local/lib/python3.12/site-packages/airflow/example_dags/example_display_name.py
[2025-12-30T23:44:00.945+0000] {processor.py:830} INFO - Processing file /home/airflow/.local/lib/python3.12/site-packages/airflow/example_dags/example_display_name.py for tasks to queue
[2025-12-30T23:44:00.946+0000] {logging_mixin.py:188} INFO - [2025-12-30T23:44:00.946+0000] {dagbag.py:545} INFO - Filling up the DagBag from /home/airflow/.local/lib/python3.12/site-packages/airflow/example_dags/example_display_name.py
[2025-12-30T23:44:00.948+0000] {processor.py:840} INFO - DAG(s) 'example_display_name' retrieved from /home/airflow/.local/lib/python3.12/site-packages/airflow/example_dags/example_display_name.py
[2025-12-30T23:44:00.959+0000] {logging_mixin.py:188} INFO - [2025-12-30T23:44:00.959+0000] {dag.py:3096} INFO - Sync 1 DAGs
[2025-12-30T23:44:00.966+0000] {logging_mixin.py:188} INFO - [2025-12-30T23:44:00.966+0000] {dag.py:3954} INFO - Setting next_dagrun for example_display_name to None, run_after=None
[2025-12-30T23:44:00.974+0000] {processor.py:183} INFO - Processing /home/airflow/.local/lib/python3.12/site-packages/airflow/example_dags/example_display_name.py took 0.032 seconds
[2025-12-30T23:44:31.121+0000] {processor.py:161} INFO - Started process (PID=253) to work on /home/airflow/.local/lib/python3.12/site-packages/airflow/example_dags/example_display_name.py
[2025-12-30T23:44:31.122+0000] {processor.py:830} INFO - Processing file /home/airflow/.local/lib/python3.12/site-packages/airflow/example_dags/example_display_name.py for tasks to queue
[2025-12-30T23:44:31.123+0000] {logging_mixin.py:188} INFO - [2025-12-30T23:44:31.122+0000] {dagbag.py:545} INFO - Filling up the DagBag from /home/airflow/.local/lib/python3.12/site-packages/airflow/example_dags/example_display_name.py
[2025-12-30T23:44:31.125+0000] {processor.py:840} INFO - DAG(s) 'example_display_name' retrieved from /home/airflow/.local/lib/python3.12/site-packages/airflow/example_dags/example_display_name.py
[2025-12-30T23:44:31.134+0000] {logging_mixin.py:188} INFO - [2025-12-30T23:44:31.134+0000] {dag.py:3096} INFO - Sync 1 DAGs
[2025-12-30T23:44:31.139+0000] {logging_mixin.py:188} INFO - [2025-12-30T23:44:31.139+0000] {dag.py:3954} INFO - Setting next_dagrun for example_display_name to None, run_after=None
[2025-12-30T23:44:31.146+0000] {processor.py:183} INFO - Processing /home/airflow/.local/lib/python3.12/site-packages/airflow/example_dags/example_display_name.py took 0.027 seconds
[2025-12-30T23:45:01.823+0000] {processor.py:161} INFO - Started process (PID=313) to work on /home/airflow/.local/lib/python3.12/site-packages/airflow/example_dags/example_display_name.py
[2025-12-30T23:45:01.824+0000] {processor.py:830} INFO - Processing file /home/airflow/.local/lib/python3.12/site-packages/airflow/example_dags/example_display_name.py for tasks to queue
[2025-12-30T23:45:01.825+0000] {logging_mixin.py:188} INFO - [2025-12-30T23:45:01.824+0000] {dagbag.py:545} INFO - Filling up the DagBag from /home/airflow/.local/lib/python3.12/site-packages/airflow/example_dags/example_display_name.py
[2025-12-30T23:45:01.827+0000] {processor.py:840} INFO - DAG(s) 'example_display_name' retrieved from /home/airflow/.local/lib/python3.12/site-packages/airflow/example_dags/example_display_name.py
[2025-12-30T23:45:01.838+0000] {logging_mixin.py:188} INFO - [2025-12-30T23:45:01.838+0000] {dag.py:3096} INFO - Sync 1 DAGs
[2025-12-30T23:45:01.849+0000] {logging_mixin.py:188} INFO - [2025-12-30T23:45:01.849+0000] {dag.py:3954} INFO - Setting next_dagrun for example_display_name to None, run_after=None
[2025-12-30T23:45:01.861+0000] {processor.py:183} INFO - Processing /home/airflow/.local/lib/python3.12/site-packages/airflow/example_dags/example_display_name.py took 0.040 seconds
[2025-12-30T23:45:32.058+0000] {processor.py:161} INFO - Started process (PID=373) to work on /home/airflow/.local/lib/python3.12/site-packages/airflow/example_dags/example_display_name.py
[2025-12-30T23:45:32.058+0000] {processor.py:830} INFO - Processing file /home/airflow/.local/lib/python3.12/site-packages/airflow/example_dags/example_display_name.py for tasks to queue
[2025-12-30T23:45:32.060+0000] {logging_mixin.py:188} INFO - [2025-12-30T23:45:32.060+0000] {dagbag.py:545} INFO - Filling up the DagBag from /home/airflow/.local/lib/python3.12/site-packages/airflow/example_dags/example_display_name.py
[2025-12-30T23:45:32.065+0000] {processor.py:840} INFO - DAG(s) 'example_display_name' retrieved from /home/airflow/.local/lib/python3.12/site-packages/airflow/example_dags/example_display_name.py
[2025-12-30T23:45:32.093+0000] {logging_mixin.py:188} INFO - [2025-12-30T23:45:32.092+0000] {dag.py:3096} INFO - Sync 1 DAGs
[2025-12-30T23:45:32.101+0000] {logging_mixin.py:188} INFO - [2025-12-30T23:45:32.101+0000] {dag.py:3954} INFO - Setting next_dagrun for example_display_name to None, run_after=None
[2025-12-30T23:45:32.109+0000] {processor.py:183} INFO - Processing /home/airflow/.local/lib/python3.12/site-packages/airflow/example_dags/example_display_name.py took 0.055 seconds
[2025-12-30T23:46:03.171+0000] {processor.py:161} INFO - Started process (PID=433) to work on /home/airflow/.local/lib/python3.12/site-packages/airflow/example_dags/example_display_name.py
[2025-12-30T23:46:03.172+0000] {processor.py:830} INFO - Processing file /home/airflow/.local/lib/python3.12/site-packages/airflow/example_dags/example_display_name.py for tasks to queue
[2025-12-30T23:46:03.173+0000] {logging_mixin.py:188} INFO - [2025-12-30T23:46:03.173+0000] {dagbag.py:545} INFO - Filling up the DagBag from /home/airflow/.local/lib/python3.12/site-packages/airflow/example_dags/example_display_name.py
[2025-12-30T23:46:03.176+0000] {processor.py:840} INFO - DAG(s) 'example_display_name' retrieved from /home/airflow/.local/lib/python3.12/site-packages/airflow/example_dags/example_display_name.py
[2025-12-30T23:46:03.185+0000] {logging_mixin.py:188} INFO - [2025-12-30T23:46:03.185+0000] {dag.py:3096} INFO - Sync 1 DAGs
[2025-12-30T23:46:03.190+0000] {logging_mixin.py:188} INFO - [2025-12-30T23:46:03.190+0000] {dag.py:3954} INFO - Setting next_dagrun for example_display_name to None, run_after=None
[2025-12-30T23:46:03.198+0000] {processor.py:183} INFO - Processing /home/airflow/.local/lib/python3.12/site-packages/airflow/example_dags/example_display_name.py took 0.029 seconds
[2025-12-30T23:46:34.235+0000] {processor.py:161} INFO - Started process (PID=493) to work on /home/airflow/.local/lib/python3.12/site-packages/airflow/example_dags/example_display_name.py
[2025-12-30T23:46:34.236+0000] {processor.py:830} INFO - Processing file /home/airflow/.local/lib/python3.12/site-packages/airflow/example_dags/example_display_name.py for tasks to queue
[2025-12-30T23:46:34.237+0000] {logging_mixin.py:188} INFO - [2025-12-30T23:46:34.237+0000] {dagbag.py:545} INFO - Filling up the DagBag from /home/airflow/.local/lib/python3.12/site-packages/airflow/example_dags/example_display_name.py
[2025-12-30T23:46:34.240+0000] {processor.py:840} INFO - DAG(s) 'example_display_name' retrieved from /home/airflow/.local/lib/python3.12/site-packages/airflow/example_dags/example_display_name.py
[2025-12-30T23:46:34.251+0000] {logging_mixin.py:188} INFO - [2025-12-30T23:46:34.250+0000] {dag.py:3096} INFO - Sync 1 DAGs
[2025-12-30T23:46:34.259+0000] {logging_mixin.py:188} INFO - [2025-12-30T23:46:34.259+0000] {dag.py:3954} INFO - Setting next_dagrun for example_display_name to None, run_after=None
[2025-12-30T23:46:34.270+0000] {processor.py:183} INFO - Processing /home/airflow/.local/lib/python3.12/site-packages/airflow/example_dags/example_display_name.py took 0.037 seconds
[2025-12-30T23:47:04.666+0000] {processor.py:161} INFO - Started process (PID=553) to work on /home/airflow/.local/lib/python3.12/site-packages/airflow/example_dags/example_display_name.py
[2025-12-30T23:47:04.667+0000] {processor.py:830} INFO - Processing file /home/airflow/.local/lib/python3.12/site-packages/airflow/example_dags/example_display_name.py for tasks to queue
[2025-12-30T23:47:04.668+0000] {logging_mixin.py:188} INFO - [2025-12-30T23:47:04.668+0000] {dagbag.py:545} INFO - Filling up the DagBag from /home/airflow/.local/lib/python3.12/site-packages/airflow/example_dags/example_display_name.py
[2025-12-30T23:47:04.671+0000] {processor.py:840} INFO - DAG(s) 'example_display_name' retrieved from /home/airflow/.local/lib/python3.12/site-packages/airflow/example_dags/example_display_name.py
[2025-12-30T23:47:04.683+0000] {logging_mixin.py:188} INFO - [2025-12-30T23:47:04.682+0000] {dag.py:3096} INFO - Sync 1 DAGs
[2025-12-30T23:47:04.691+0000] {logging_mixin.py:188} INFO - [2025-12-30T23:47:04.691+0000] {dag.py:3954} INFO - Setting next_dagrun for example_display_name to None, run_after=None
[2025-12-30T23:47:04.708+0000] {processor.py:183} INFO - Processing /home/airflow/.local/lib/python3.12/site-packages/airflow/example_dags/example_display_name.py took 0.045 seconds
[2025-12-30T23:47:35.297+0000] {processor.py:161} INFO - Started process (PID=613) to work on /home/airflow/.local/lib/python3.12/site-packages/airflow/example_dags/example_display_name.py
[2025-12-30T23:47:35.298+0000] {processor.py:830} INFO - Processing file /home/airflow/.local/lib/python3.12/site-packages/airflow/example_dags/example_display_name.py for tasks to queue
[2025-12-30T23:47:35.299+0000] {logging_mixin.py:188} INFO - [2025-12-30T23:47:35.299+0000] {dagbag.py:545} INFO - Filling up the DagBag from /home/airflow/.local/lib/python3.12/site-packages/airflow/example_dags/example_display_name.py
[2025-12-30T23:47:35.302+0000] {processor.py:840} INFO - DAG(s) 'example_display_name' retrieved from /home/airflow/.local/lib/python3.12/site-packages/airflow/example_dags/example_display_name.py
[2025-12-30T23:47:35.314+0000] {logging_mixin.py:188} INFO - [2025-12-30T23:47:35.314+0000] {dag.py:3096} INFO - Sync 1 DAGs
[2025-12-30T23:47:35.321+0000] {logging_mixin.py:188} INFO - [2025-12-30T23:47:35.321+0000] {dag.py:3954} INFO - Setting next_dagrun for example_display_name to None, run_after=None
[2025-12-30T23:47:35.331+0000] {processor.py:183} INFO - Processing /home/airflow/.local/lib/python3.12/site-packages/airflow/example_dags/example_display_name.py took 0.039 seconds
[2025-12-30T23:48:06.418+0000] {processor.py:161} INFO - Started process (PID=673) to work on /home/airflow/.local/lib/python3.12/site-packages/airflow/example_dags/example_display_name.py
[2025-12-30T23:48:06.418+0000] {processor.py:830} INFO - Processing file /home/airflow/.local/lib/python3.12/site-packages/airflow/example_dags/example_display_name.py for tasks to queue
[2025-12-30T23:48:06.420+0000] {logging_mixin.py:188} INFO - [2025-12-30T23:48:06.419+0000] {dagbag.py:545} INFO - Filling up the DagBag from /home/airflow/.local/lib/python3.12/site-packages/airflow/example_dags/example_display_name.py
[2025-12-30T23:48:06.423+0000] {processor.py:840} INFO - DAG(s) 'example_display_name' retrieved from /home/airflow/.local/lib/python3.12/site-packages/airflow/example_dags/example_display_name.py
[2025-12-30T23:48:06.438+0000] {logging_mixin.py:188} INFO - [2025-12-30T23:48:06.438+0000] {dag.py:3096} INFO - Sync 1 DAGs
[2025-12-30T23:48:06.448+0000] {logging_mixin.py:188} INFO - [2025-12-30T23:48:06.448+0000] {dag.py:3954} INFO - Setting next_dagrun for example_display_name to None, run_after=None
[2025-12-30T23:48:06.459+0000] {processor.py:183} INFO - Processing /home/airflow/.local/lib/python3.12/site-packages/airflow/example_dags/example_display_name.py took 0.045 seconds
[2025-12-30T23:48:36.498+0000] {processor.py:161} INFO - Started process (PID=731) to work on /home/airflow/.local/lib/python3.12/site-packages/airflow/example_dags/example_display_name.py
[2025-12-30T23:48:36.499+0000] {processor.py:830} INFO - Processing file /home/airflow/.local/lib/python3.12/site-packages/airflow/example_dags/example_display_name.py for tasks to queue
[2025-12-30T23:48:36.500+0000] {logging_mixin.py:188} INFO - [2025-12-30T23:48:36.499+0000] {dagbag.py:545} INFO - Filling up the DagBag from /home/airflow/.local/lib/python3.12/site-packages/airflow/example_dags/example_display_name.py
[2025-12-30T23:48:36.503+0000] {processor.py:840} INFO - DAG(s) 'example_display_name' retrieved from /home/airflow/.local/lib/python3.12/site-packages/airflow/example_dags/example_display_name.py
[2025-12-30T23:48:36.514+0000] {logging_mixin.py:188} INFO - [2025-12-30T23:48:36.514+0000] {dag.py:3096} INFO - Sync 1 DAGs
[2025-12-30T23:48:36.520+0000] {logging_mixin.py:188} INFO - [2025-12-30T23:48:36.520+0000] {dag.py:3954} INFO - Setting next_dagrun for example_display_name to None, run_after=None
[2025-12-30T23:48:36.529+0000] {processor.py:183} INFO - Processing /home/airflow/.local/lib/python3.12/site-packages/airflow/example_dags/example_display_name.py took 0.034 seconds
[2025-12-30T23:49:06.812+0000] {processor.py:161} INFO - Started process (PID=791) to work on /home/airflow/.local/lib/python3.12/site-packages/airflow/example_dags/example_display_name.py
[2025-12-30T23:49:06.812+0000] {processor.py:830} INFO - Processing file /home/airflow/.local/lib/python3.12/site-packages/airflow/example_dags/example_display_name.py for tasks to queue
[2025-12-30T23:49:06.813+0000] {logging_mixin.py:188} INFO - [2025-12-30T23:49:06.813+0000] {dagbag.py:545} INFO - Filling up the DagBag from /home/airflow/.local/lib/python3.12/site-packages/airflow/example_dags/example_display_name.py
[2025-12-30T23:49:06.815+0000] {processor.py:840} INFO - DAG(s) 'example_display_name' retrieved from /home/airflow/.local/lib/python3.12/site-packages/airflow/example_dags/example_display_name.py
[2025-12-30T23:49:06.826+0000] {logging_mixin.py:188} INFO - [2025-12-30T23:49:06.825+0000] {dag.py:3096} INFO - Sync 1 DAGs
[2025-12-30T23:49:06.831+0000] {logging_mixin.py:188} INFO - [2025-12-30T23:49:06.831+0000] {dag.py:3954} INFO - Setting next_dagrun for example_display_name to None, run_after=None
[2025-12-30T23:49:06.839+0000] {processor.py:183} INFO - Processing /home/airflow/.local/lib/python3.12/site-packages/airflow/example_dags/example_display_name.py took 0.030 seconds
[2025-12-30T23:49:37.064+0000] {processor.py:161} INFO - Started process (PID=851) to work on /home/airflow/.local/lib/python3.12/site-packages/airflow/example_dags/example_display_name.py
[2025-12-30T23:49:37.065+0000] {processor.py:830} INFO - Processing file /home/airflow/.local/lib/python3.12/site-packages/airflow/example_dags/example_display_name.py for tasks to queue
[2025-12-30T23:49:37.066+0000] {logging_mixin.py:188} INFO - [2025-12-30T23:49:37.065+0000] {dagbag.py:545} INFO - Filling up the DagBag from /home/airflow/.local/lib/python3.12/site-packages/airflow/example_dags/example_display_name.py
[2025-12-30T23:49:37.068+0000] {processor.py:840} INFO - DAG(s) 'example_display_name' retrieved from /home/airflow/.local/lib/python3.12/site-packages/airflow/example_dags/example_display_name.py
[2025-12-30T23:49:37.077+0000] {logging_mixin.py:188} INFO - [2025-12-30T23:49:37.077+0000] {dag.py:3096} INFO - Sync 1 DAGs
[2025-12-30T23:49:37.084+0000] {logging_mixin.py:188} INFO - [2025-12-30T23:49:37.083+0000] {dag.py:3954} INFO - Setting next_dagrun for example_display_name to None, run_after=None
[2025-12-30T23:49:37.094+0000] {processor.py:183} INFO - Processing /home/airflow/.local/lib/python3.12/site-packages/airflow/example_dags/example_display_name.py took 0.033 seconds
[2025-12-30T23:50:07.289+0000] {processor.py:161} INFO - Started process (PID=911) to work on /home/airflow/.local/lib/python3.12/site-packages/airflow/example_dags/example_display_name.py
[2025-12-30T23:50:07.290+0000] {processor.py:830} INFO - Processing file /home/airflow/.local/lib/python3.12/site-packages/airflow/example_dags/example_display_name.py for tasks to queue
[2025-12-30T23:50:07.291+0000] {logging_mixin.py:188} INFO - [2025-12-30T23:50:07.291+0000] {dagbag.py:545} INFO - Filling up the DagBag from /home/airflow/.local/lib/python3.12/site-packages/airflow/example_dags/example_display_name.py
[2025-12-30T23:50:07.296+0000] {processor.py:840} INFO - DAG(s) 'example_display_name' retrieved from /home/airflow/.local/lib/python3.12/site-packages/airflow/example_dags/example_display_name.py
[2025-12-30T23:50:07.311+0000] {logging_mixin.py:188} INFO - [2025-12-30T23:50:07.311+0000] {dag.py:3096} INFO - Sync 1 DAGs
[2025-12-30T23:50:07.318+0000] {logging_mixin.py:188} INFO - [2025-12-30T23:50:07.318+0000] {dag.py:3954} INFO - Setting next_dagrun for example_display_name to None, run_after=None
[2025-12-30T23:50:07.330+0000] {processor.py:183} INFO - Processing /home/airflow/.local/lib/python3.12/site-packages/airflow/example_dags/example_display_name.py took 0.044 seconds
[2025-12-30T23:50:37.950+0000] {processor.py:161} INFO - Started process (PID=971) to work on /home/airflow/.local/lib/python3.12/site-packages/airflow/example_dags/example_display_name.py
[2025-12-30T23:50:37.950+0000] {processor.py:830} INFO - Processing file /home/airflow/.local/lib/python3.12/site-packages/airflow/example_dags/example_display_name.py for tasks to queue
[2025-12-30T23:50:37.952+0000] {logging_mixin.py:188} INFO - [2025-12-30T23:50:37.951+0000] {dagbag.py:545} INFO - Filling up the DagBag from /home/airflow/.local/lib/python3.12/site-packages/airflow/example_dags/example_display_name.py
[2025-12-30T23:50:37.957+0000] {processor.py:840} INFO - DAG(s) 'example_display_name' retrieved from /home/airflow/.local/lib/python3.12/site-packages/airflow/example_dags/example_display_name.py
[2025-12-30T23:50:37.972+0000] {logging_mixin.py:188} INFO - [2025-12-30T23:50:37.971+0000] {dag.py:3096} INFO - Sync 1 DAGs
[2025-12-30T23:50:37.979+0000] {logging_mixin.py:188} INFO - [2025-12-30T23:50:37.978+0000] {dag.py:3954} INFO - Setting next_dagrun for example_display_name to None, run_after=None
[2025-12-30T23:50:37.987+0000] {processor.py:183} INFO - Processing /home/airflow/.local/lib/python3.12/site-packages/airflow/example_dags/example_display_name.py took 0.041 seconds
[2025-12-30T23:51:08.444+0000] {processor.py:161} INFO - Started process (PID=1031) to work on /home/airflow/.local/lib/python3.12/site-packages/airflow/example_dags/example_display_name.py
[2025-12-30T23:51:08.445+0000] {processor.py:830} INFO - Processing file /home/airflow/.local/lib/python3.12/site-packages/airflow/example_dags/example_display_name.py for tasks to queue
[2025-12-30T23:51:08.447+0000] {logging_mixin.py:188} INFO - [2025-12-30T23:51:08.447+0000] {dagbag.py:545} INFO - Filling up the DagBag from /home/airflow/.local/lib/python3.12/site-packages/airflow/example_dags/example_display_name.py
[2025-12-30T23:51:08.458+0000] {processor.py:840} INFO - DAG(s) 'example_display_name' retrieved from /home/airflow/.local/lib/python3.12/site-packages/airflow/example_dags/example_display_name.py
[2025-12-30T23:51:08.485+0000] {logging_mixin.py:188} INFO - [2025-12-30T23:51:08.485+0000] {dag.py:3096} INFO - Sync 1 DAGs
[2025-12-30T23:51:08.509+0000] {logging_mixin.py:188} INFO - [2025-12-30T23:51:08.508+0000] {dag.py:3954} INFO - Setting next_dagrun for example_display_name to None, run_after=None
[2025-12-30T23:51:08.523+0000] {processor.py:183} INFO - Processing /home/airflow/.local/lib/python3.12/site-packages/airflow/example_dags/example_display_name.py took 0.090 seconds
[2025-12-30T23:51:39.428+0000] {processor.py:161} INFO - Started process (PID=1091) to work on /home/airflow/.local/lib/python3.12/site-packages/airflow/example_dags/example_display_name.py
[2025-12-30T23:51:39.428+0000] {processor.py:830} INFO - Processing file /home/airflow/.local/lib/python3.12/site-packages/airflow/example_dags/example_display_name.py for tasks to queue
[2025-12-30T23:51:39.430+0000] {logging_mixin.py:188} INFO - [2025-12-30T23:51:39.429+0000] {dagbag.py:545} INFO - Filling up the DagBag from /home/airflow/.local/lib/python3.12/site-packages/airflow/example_dags/example_display_name.py
[2025-12-30T23:51:39.433+0000] {processor.py:840} INFO - DAG(s) 'example_display_name' retrieved from /home/airflow/.local/lib/python3.12/site-packages/airflow/example_dags/example_display_name.py
[2025-12-30T23:51:39.452+0000] {logging_mixin.py:188} INFO - [2025-12-30T23:51:39.452+0000] {dag.py:3096} INFO - Sync 1 DAGs
[2025-12-30T23:51:39.459+0000] {logging_mixin.py:188} INFO - [2025-12-30T23:51:39.459+0000] {dag.py:3954} INFO - Setting next_dagrun for example_display_name to None, run_after=None
[2025-12-30T23:51:39.471+0000] {processor.py:183} INFO - Processing /home/airflow/.local/lib/python3.12/site-packages/airflow/example_dags/example_display_name.py took 0.047 seconds
[2025-12-30T23:52:09.561+0000] {processor.py:161} INFO - Started process (PID=1150) to work on /home/airflow/.local/lib/python3.12/site-packages/airflow/example_dags/example_display_name.py
[2025-12-30T23:52:09.562+0000] {processor.py:830} INFO - Processing file /home/airflow/.local/lib/python3.12/site-packages/airflow/example_dags/example_display_name.py for tasks to queue
[2025-12-30T23:52:09.563+0000] {logging_mixin.py:188} INFO - [2025-12-30T23:52:09.563+0000] {dagbag.py:545} INFO - Filling up the DagBag from /home/airflow/.local/lib/python3.12/site-packages/airflow/example_dags/example_display_name.py
[2025-12-30T23:52:09.567+0000] {processor.py:840} INFO - DAG(s) 'example_display_name' retrieved from /home/airflow/.local/lib/python3.12/site-packages/airflow/example_dags/example_display_name.py
[2025-12-30T23:52:09.578+0000] {logging_mixin.py:188} INFO - [2025-12-30T23:52:09.578+0000] {dag.py:3096} INFO - Sync 1 DAGs
[2025-12-30T23:52:09.585+0000] {logging_mixin.py:188} INFO - [2025-12-30T23:52:09.585+0000] {dag.py:3954} INFO - Setting next_dagrun for example_display_name to None, run_after=None
[2025-12-30T23:52:09.595+0000] {processor.py:183} INFO - Processing /home/airflow/.local/lib/python3.12/site-packages/airflow/example_dags/example_display_name.py took 0.038 seconds
[2025-12-30T23:52:39.884+0000] {processor.py:161} INFO - Started process (PID=1210) to work on /home/airflow/.local/lib/python3.12/site-packages/airflow/example_dags/example_display_name.py
[2025-12-30T23:52:39.885+0000] {processor.py:830} INFO - Processing file /home/airflow/.local/lib/python3.12/site-packages/airflow/example_dags/example_display_name.py for tasks to queue
[2025-12-30T23:52:39.886+0000] {logging_mixin.py:188} INFO - [2025-12-30T23:52:39.886+0000] {dagbag.py:545} INFO - Filling up the DagBag from /home/airflow/.local/lib/python3.12/site-packages/airflow/example_dags/example_display_name.py
[2025-12-30T23:52:39.892+0000] {processor.py:840} INFO - DAG(s) 'example_display_name' retrieved from /home/airflow/.local/lib/python3.12/site-packages/airflow/example_dags/example_display_name.py
[2025-12-30T23:52:39.908+0000] {logging_mixin.py:188} INFO - [2025-12-30T23:52:39.908+0000] {dag.py:3096} INFO - Sync 1 DAGs
[2025-12-30T23:52:39.917+0000] {logging_mixin.py:188} INFO - [2025-12-30T23:52:39.917+0000] {dag.py:3954} INFO - Setting next_dagrun for example_display_name to None, run_after=None
[2025-12-30T23:52:39.929+0000] {processor.py:183} INFO - Processing /home/airflow/.local/lib/python3.12/site-packages/airflow/example_dags/example_display_name.py took 0.051 seconds
[2025-12-30T23:53:10.413+0000] {processor.py:161} INFO - Started process (PID=1270) to work on /home/airflow/.local/lib/python3.12/site-packages/airflow/example_dags/example_display_name.py
[2025-12-30T23:53:10.414+0000] {processor.py:830} INFO - Processing file /home/airflow/.local/lib/python3.12/site-packages/airflow/example_dags/example_display_name.py for tasks to queue
[2025-12-30T23:53:10.416+0000] {logging_mixin.py:188} INFO - [2025-12-30T23:53:10.416+0000] {dagbag.py:545} INFO - Filling up the DagBag from /home/airflow/.local/lib/python3.12/site-packages/airflow/example_dags/example_display_name.py
[2025-12-30T23:53:10.427+0000] {processor.py:840} INFO - DAG(s) 'example_display_name' retrieved from /home/airflow/.local/lib/python3.12/site-packages/airflow/example_dags/example_display_name.py
[2025-12-30T23:53:10.454+0000] {logging_mixin.py:188} INFO - [2025-12-30T23:53:10.454+0000] {dag.py:3096} INFO - Sync 1 DAGs
[2025-12-30T23:53:10.463+0000] {logging_mixin.py:188} INFO - [2025-12-30T23:53:10.463+0000] {dag.py:3954} INFO - Setting next_dagrun for example_display_name to None, run_after=None
[2025-12-30T23:53:10.477+0000] {processor.py:183} INFO - Processing /home/airflow/.local/lib/python3.12/site-packages/airflow/example_dags/example_display_name.py took 0.069 seconds
[2025-12-30T23:53:40.972+0000] {processor.py:161} INFO - Started process (PID=1330) to work on /home/airflow/.local/lib/python3.12/site-packages/airflow/example_dags/example_display_name.py
[2025-12-30T23:53:40.973+0000] {processor.py:830} INFO - Processing file /home/airflow/.local/lib/python3.12/site-packages/airflow/example_dags/example_display_name.py for tasks to queue
[2025-12-30T23:53:40.974+0000] {logging_mixin.py:188} INFO - [2025-12-30T23:53:40.974+0000] {dagbag.py:545} INFO - Filling up the DagBag from /home/airflow/.local/lib/python3.12/site-packages/airflow/example_dags/example_display_name.py
[2025-12-30T23:53:40.978+0000] {processor.py:840} INFO - DAG(s) 'example_display_name' retrieved from /home/airflow/.local/lib/python3.12/site-packages/airflow/example_dags/example_display_name.py
[2025-12-30T23:53:40.992+0000] {logging_mixin.py:188} INFO - [2025-12-30T23:53:40.992+0000] {dag.py:3096} INFO - Sync 1 DAGs
[2025-12-30T23:53:40.999+0000] {logging_mixin.py:188} INFO - [2025-12-30T23:53:40.999+0000] {dag.py:3954} INFO - Setting next_dagrun for example_display_name to None, run_after=None
[2025-12-30T23:53:41.008+0000] {processor.py:183} INFO - Processing /home/airflow/.local/lib/python3.12/site-packages/airflow/example_dags/example_display_name.py took 0.041 seconds
[2025-12-30T23:54:11.162+0000] {processor.py:161} INFO - Started process (PID=1390) to work on /home/airflow/.local/lib/python3.12/site-packages/airflow/example_dags/example_display_name.py
[2025-12-30T23:54:11.163+0000] {processor.py:830} INFO - Processing file /home/airflow/.local/lib/python3.12/site-packages/airflow/example_dags/example_display_name.py for tasks to queue
[2025-12-30T23:54:11.164+0000] {logging_mixin.py:188} INFO - [2025-12-30T23:54:11.164+0000] {dagbag.py:545} INFO - Filling up the DagBag from /home/airflow/.local/lib/python3.12/site-packages/airflow/example_dags/example_display_name.py
[2025-12-30T23:54:11.170+0000] {processor.py:840} INFO - DAG(s) 'example_display_name' retrieved from /home/airflow/.local/lib/python3.12/site-packages/airflow/example_dags/example_display_name.py
[2025-12-30T23:54:11.184+0000] {logging_mixin.py:188} INFO - [2025-12-30T23:54:11.184+0000] {dag.py:3096} INFO - Sync 1 DAGs
[2025-12-30T23:54:11.191+0000] {logging_mixin.py:188} INFO - [2025-12-30T23:54:11.191+0000] {dag.py:3954} INFO - Setting next_dagrun for example_display_name to None, run_after=None
[2025-12-30T23:54:11.200+0000] {processor.py:183} INFO - Processing /home/airflow/.local/lib/python3.12/site-packages/airflow/example_dags/example_display_name.py took 0.044 seconds
[2025-12-30T23:54:41.569+0000] {processor.py:161} INFO - Started process (PID=1450) to work on /home/airflow/.local/lib/python3.12/site-packages/airflow/example_dags/example_display_name.py
[2025-12-30T23:54:41.570+0000] {processor.py:830} INFO - Processing file /home/airflow/.local/lib/python3.12/site-packages/airflow/example_dags/example_display_name.py for tasks to queue
[2025-12-30T23:54:41.572+0000] {logging_mixin.py:188} INFO - [2025-12-30T23:54:41.571+0000] {dagbag.py:545} INFO - Filling up the DagBag from /home/airflow/.local/lib/python3.12/site-packages/airflow/example_dags/example_display_name.py
[2025-12-30T23:54:41.578+0000] {processor.py:840} INFO - DAG(s) 'example_display_name' retrieved from /home/airflow/.local/lib/python3.12/site-packages/airflow/example_dags/example_display_name.py
[2025-12-30T23:54:41.596+0000] {logging_mixin.py:188} INFO - [2025-12-30T23:54:41.596+0000] {dag.py:3096} INFO - Sync 1 DAGs
[2025-12-30T23:54:41.605+0000] {logging_mixin.py:188} INFO - [2025-12-30T23:54:41.605+0000] {dag.py:3954} INFO - Setting next_dagrun for example_display_name to None, run_after=None
[2025-12-30T23:54:41.615+0000] {processor.py:183} INFO - Processing /home/airflow/.local/lib/python3.12/site-packages/airflow/example_dags/example_display_name.py took 0.051 seconds
[2025-12-30T23:55:11.806+0000] {processor.py:161} INFO - Started process (PID=1510) to work on /home/airflow/.local/lib/python3.12/site-packages/airflow/example_dags/example_display_name.py
[2025-12-30T23:55:11.807+0000] {processor.py:830} INFO - Processing file /home/airflow/.local/lib/python3.12/site-packages/airflow/example_dags/example_display_name.py for tasks to queue
[2025-12-30T23:55:11.808+0000] {logging_mixin.py:188} INFO - [2025-12-30T23:55:11.808+0000] {dagbag.py:545} INFO - Filling up the DagBag from /home/airflow/.local/lib/python3.12/site-packages/airflow/example_dags/example_display_name.py
[2025-12-30T23:55:11.812+0000] {processor.py:840} INFO - DAG(s) 'example_display_name' retrieved from /home/airflow/.local/lib/python3.12/site-packages/airflow/example_dags/example_display_name.py
[2025-12-30T23:55:11.825+0000] {logging_mixin.py:188} INFO - [2025-12-30T23:55:11.825+0000] {dag.py:3096} INFO - Sync 1 DAGs
[2025-12-30T23:55:11.832+0000] {logging_mixin.py:188} INFO - [2025-12-30T23:55:11.832+0000] {dag.py:3954} INFO - Setting next_dagrun for example_display_name to None, run_after=None
[2025-12-30T23:55:11.842+0000] {processor.py:183} INFO - Processing /home/airflow/.local/lib/python3.12/site-packages/airflow/example_dags/example_display_name.py took 0.042 seconds
[2025-12-30T23:55:42.149+0000] {processor.py:161} INFO - Started process (PID=1570) to work on /home/airflow/.local/lib/python3.12/site-packages/airflow/example_dags/example_display_name.py
[2025-12-30T23:55:42.149+0000] {processor.py:830} INFO - Processing file /home/airflow/.local/lib/python3.12/site-packages/airflow/example_dags/example_display_name.py for tasks to queue
[2025-12-30T23:55:42.151+0000] {logging_mixin.py:188} INFO - [2025-12-30T23:55:42.151+0000] {dagbag.py:545} INFO - Filling up the DagBag from /home/airflow/.local/lib/python3.12/site-packages/airflow/example_dags/example_display_name.py
[2025-12-30T23:55:42.156+0000] {processor.py:840} INFO - DAG(s) 'example_display_name' retrieved from /home/airflow/.local/lib/python3.12/site-packages/airflow/example_dags/example_display_name.py
[2025-12-30T23:55:42.169+0000] {logging_mixin.py:188} INFO - [2025-12-30T23:55:42.169+0000] {dag.py:3096} INFO - Sync 1 DAGs
[2025-12-30T23:55:42.176+0000] {logging_mixin.py:188} INFO - [2025-12-30T23:55:42.176+0000] {dag.py:3954} INFO - Setting next_dagrun for example_display_name to None, run_after=None
[2025-12-30T23:55:42.185+0000] {processor.py:183} INFO - Processing /home/airflow/.local/lib/python3.12/site-packages/airflow/example_dags/example_display_name.py took 0.041 seconds
[2025-12-30T23:56:12.482+0000] {processor.py:161} INFO - Started process (PID=1630) to work on /home/airflow/.local/lib/python3.12/site-packages/airflow/example_dags/example_display_name.py
[2025-12-30T23:56:12.483+0000] {processor.py:830} INFO - Processing file /home/airflow/.local/lib/python3.12/site-packages/airflow/example_dags/example_display_name.py for tasks to queue
[2025-12-30T23:56:12.485+0000] {logging_mixin.py:188} INFO - [2025-12-30T23:56:12.485+0000] {dagbag.py:545} INFO - Filling up the DagBag from /home/airflow/.local/lib/python3.12/site-packages/airflow/example_dags/example_display_name.py
[2025-12-30T23:56:12.491+0000] {processor.py:840} INFO - DAG(s) 'example_display_name' retrieved from /home/airflow/.local/lib/python3.12/site-packages/airflow/example_dags/example_display_name.py
[2025-12-30T23:56:12.515+0000] {logging_mixin.py:188} INFO - [2025-12-30T23:56:12.515+0000] {dag.py:3096} INFO - Sync 1 DAGs
[2025-12-30T23:56:12.524+0000] {logging_mixin.py:188} INFO - [2025-12-30T23:56:12.524+0000] {dag.py:3954} INFO - Setting next_dagrun for example_display_name to None, run_after=None
[2025-12-30T23:56:12.537+0000] {processor.py:183} INFO - Processing /home/airflow/.local/lib/python3.12/site-packages/airflow/example_dags/example_display_name.py took 0.059 seconds
[2025-12-30T23:56:42.845+0000] {processor.py:161} INFO - Started process (PID=1690) to work on /home/airflow/.local/lib/python3.12/site-packages/airflow/example_dags/example_display_name.py
[2025-12-30T23:56:42.846+0000] {processor.py:830} INFO - Processing file /home/airflow/.local/lib/python3.12/site-packages/airflow/example_dags/example_display_name.py for tasks to queue
[2025-12-30T23:56:42.848+0000] {logging_mixin.py:188} INFO - [2025-12-30T23:56:42.848+0000] {dagbag.py:545} INFO - Filling up the DagBag from /home/airflow/.local/lib/python3.12/site-packages/airflow/example_dags/example_display_name.py
[2025-12-30T23:56:42.853+0000] {processor.py:840} INFO - DAG(s) 'example_display_name' retrieved from /home/airflow/.local/lib/python3.12/site-packages/airflow/example_dags/example_display_name.py
[2025-12-30T23:56:42.868+0000] {logging_mixin.py:188} INFO - [2025-12-30T23:56:42.868+0000] {dag.py:3096} INFO - Sync 1 DAGs
[2025-12-30T23:56:42.876+0000] {logging_mixin.py:188} INFO - [2025-12-30T23:56:42.876+0000] {dag.py:3954} INFO - Setting next_dagrun for example_display_name to None, run_after=None
[2025-12-30T23:56:42.885+0000] {processor.py:183} INFO - Processing /home/airflow/.local/lib/python3.12/site-packages/airflow/example_dags/example_display_name.py took 0.043 seconds
[2025-12-30T23:57:13.329+0000] {processor.py:161} INFO - Started process (PID=1750) to work on /home/airflow/.local/lib/python3.12/site-packages/airflow/example_dags/example_display_name.py
[2025-12-30T23:57:13.330+0000] {processor.py:830} INFO - Processing file /home/airflow/.local/lib/python3.12/site-packages/airflow/example_dags/example_display_name.py for tasks to queue
[2025-12-30T23:57:13.332+0000] {logging_mixin.py:188} INFO - [2025-12-30T23:57:13.332+0000] {dagbag.py:545} INFO - Filling up the DagBag from /home/airflow/.local/lib/python3.12/site-packages/airflow/example_dags/example_display_name.py
[2025-12-30T23:57:13.336+0000] {processor.py:840} INFO - DAG(s) 'example_display_name' retrieved from /home/airflow/.local/lib/python3.12/site-packages/airflow/example_dags/example_display_name.py
[2025-12-30T23:57:13.349+0000] {logging_mixin.py:188} INFO - [2025-12-30T23:57:13.349+0000] {dag.py:3096} INFO - Sync 1 DAGs
[2025-12-30T23:57:13.356+0000] {logging_mixin.py:188} INFO - [2025-12-30T23:57:13.356+0000] {dag.py:3954} INFO - Setting next_dagrun for example_display_name to None, run_after=None
[2025-12-30T23:57:13.367+0000] {processor.py:183} INFO - Processing /home/airflow/.local/lib/python3.12/site-packages/airflow/example_dags/example_display_name.py took 0.043 seconds
[2025-12-30T23:57:43.446+0000] {processor.py:161} INFO - Started process (PID=1810) to work on /home/airflow/.local/lib/python3.12/site-packages/airflow/example_dags/example_display_name.py
[2025-12-30T23:57:43.447+0000] {processor.py:830} INFO - Processing file /home/airflow/.local/lib/python3.12/site-packages/airflow/example_dags/example_display_name.py for tasks to queue
[2025-12-30T23:57:43.448+0000] {logging_mixin.py:188} INFO - [2025-12-30T23:57:43.448+0000] {dagbag.py:545} INFO - Filling up the DagBag from /home/airflow/.local/lib/python3.12/site-packages/airflow/example_dags/example_display_name.py
[2025-12-30T23:57:43.453+0000] {processor.py:840} INFO - DAG(s) 'example_display_name' retrieved from /home/airflow/.local/lib/python3.12/site-packages/airflow/example_dags/example_display_name.py
[2025-12-30T23:57:43.464+0000] {logging_mixin.py:188} INFO - [2025-12-30T23:57:43.464+0000] {dag.py:3096} INFO - Sync 1 DAGs
[2025-12-30T23:57:43.471+0000] {logging_mixin.py:188} INFO - [2025-12-30T23:57:43.471+0000] {dag.py:3954} INFO - Setting next_dagrun for example_display_name to None, run_after=None
[2025-12-30T23:57:43.480+0000] {processor.py:183} INFO - Processing /home/airflow/.local/lib/python3.12/site-packages/airflow/example_dags/example_display_name.py took 0.039 seconds
[2025-12-30T23:58:13.572+0000] {processor.py:161} INFO - Started process (PID=1870) to work on /home/airflow/.local/lib/python3.12/site-packages/airflow/example_dags/example_display_name.py
[2025-12-30T23:58:13.572+0000] {processor.py:830} INFO - Processing file /home/airflow/.local/lib/python3.12/site-packages/airflow/example_dags/example_display_name.py for tasks to queue
[2025-12-30T23:58:13.574+0000] {logging_mixin.py:188} INFO - [2025-12-30T23:58:13.573+0000] {dagbag.py:545} INFO - Filling up the DagBag from /home/airflow/.local/lib/python3.12/site-packages/airflow/example_dags/example_display_name.py
[2025-12-30T23:58:13.577+0000] {processor.py:840} INFO - DAG(s) 'example_display_name' retrieved from /home/airflow/.local/lib/python3.12/site-packages/airflow/example_dags/example_display_name.py
[2025-12-30T23:58:13.592+0000] {logging_mixin.py:188} INFO - [2025-12-30T23:58:13.591+0000] {dag.py:3096} INFO - Sync 1 DAGs
[2025-12-30T23:58:13.602+0000] {logging_mixin.py:188} INFO - [2025-12-30T23:58:13.602+0000] {dag.py:3954} INFO - Setting next_dagrun for example_display_name to None, run_after=None
[2025-12-30T23:58:13.614+0000] {processor.py:183} INFO - Processing /home/airflow/.local/lib/python3.12/site-packages/airflow/example_dags/example_display_name.py took 0.045 seconds
[2025-12-30T23:58:44.269+0000] {processor.py:161} INFO - Started process (PID=1930) to work on /home/airflow/.local/lib/python3.12/site-packages/airflow/example_dags/example_display_name.py
[2025-12-30T23:58:44.269+0000] {processor.py:830} INFO - Processing file /home/airflow/.local/lib/python3.12/site-packages/airflow/example_dags/example_display_name.py for tasks to queue
[2025-12-30T23:58:44.271+0000] {logging_mixin.py:188} INFO - [2025-12-30T23:58:44.270+0000] {dagbag.py:545} INFO - Filling up the DagBag from /home/airflow/.local/lib/python3.12/site-packages/airflow/example_dags/example_display_name.py
[2025-12-30T23:58:44.273+0000] {processor.py:840} INFO - DAG(s) 'example_display_name' retrieved from /home/airflow/.local/lib/python3.12/site-packages/airflow/example_dags/example_display_name.py
[2025-12-30T23:58:44.282+0000] {logging_mixin.py:188} INFO - [2025-12-30T23:58:44.282+0000] {dag.py:3096} INFO - Sync 1 DAGs
[2025-12-30T23:58:44.288+0000] {logging_mixin.py:188} INFO - [2025-12-30T23:58:44.288+0000] {dag.py:3954} INFO - Setting next_dagrun for example_display_name to None, run_after=None
[2025-12-30T23:58:44.396+0000] {processor.py:183} INFO - Processing /home/airflow/.local/lib/python3.12/site-packages/airflow/example_dags/example_display_name.py took 0.130 seconds
[2025-12-30T23:59:15.379+0000] {processor.py:161} INFO - Started process (PID=1990) to work on /home/airflow/.local/lib/python3.12/site-packages/airflow/example_dags/example_display_name.py
[2025-12-30T23:59:15.380+0000] {processor.py:830} INFO - Processing file /home/airflow/.local/lib/python3.12/site-packages/airflow/example_dags/example_display_name.py for tasks to queue
[2025-12-30T23:59:15.381+0000] {logging_mixin.py:188} INFO - [2025-12-30T23:59:15.380+0000] {dagbag.py:545} INFO - Filling up the DagBag from /home/airflow/.local/lib/python3.12/site-packages/airflow/example_dags/example_display_name.py
[2025-12-30T23:59:15.383+0000] {processor.py:840} INFO - DAG(s) 'example_display_name' retrieved from /home/airflow/.local/lib/python3.12/site-packages/airflow/example_dags/example_display_name.py
[2025-12-30T23:59:15.396+0000] {logging_mixin.py:188} INFO - [2025-12-30T23:59:15.396+0000] {dag.py:3096} INFO - Sync 1 DAGs
[2025-12-30T23:59:15.401+0000] {logging_mixin.py:188} INFO - [2025-12-30T23:59:15.401+0000] {dag.py:3954} INFO - Setting next_dagrun for example_display_name to None, run_after=None
[2025-12-30T23:59:15.409+0000] {processor.py:183} INFO - Processing /home/airflow/.local/lib/python3.12/site-packages/airflow/example_dags/example_display_name.py took 0.033 seconds
[2025-12-30T23:59:45.898+0000] {processor.py:161} INFO - Started process (PID=2050) to work on /home/airflow/.local/lib/python3.12/site-packages/airflow/example_dags/example_display_name.py
[2025-12-30T23:59:45.898+0000] {processor.py:830} INFO - Processing file /home/airflow/.local/lib/python3.12/site-packages/airflow/example_dags/example_display_name.py for tasks to queue
[2025-12-30T23:59:45.900+0000] {logging_mixin.py:188} INFO - [2025-12-30T23:59:45.899+0000] {dagbag.py:545} INFO - Filling up the DagBag from /home/airflow/.local/lib/python3.12/site-packages/airflow/example_dags/example_display_name.py
[2025-12-30T23:59:45.903+0000] {processor.py:840} INFO - DAG(s) 'example_display_name' retrieved from /home/airflow/.local/lib/python3.12/site-packages/airflow/example_dags/example_display_name.py
[2025-12-30T23:59:45.915+0000] {logging_mixin.py:188} INFO - [2025-12-30T23:59:45.915+0000] {dag.py:3096} INFO - Sync 1 DAGs
[2025-12-30T23:59:45.922+0000] {logging_mixin.py:188} INFO - [2025-12-30T23:59:45.922+0000] {dag.py:3954} INFO - Setting next_dagrun for example_display_name to None, run_after=None
[2025-12-30T23:59:45.931+0000] {processor.py:183} INFO - Processing /home/airflow/.local/lib/python3.12/site-packages/airflow/example_dags/example_display_name.py took 0.036 seconds
