[2025-12-30T23:33:52.259+0000] {processor.py:161} INFO - Started process (PID=73) to work on /home/airflow/.local/lib/python3.12/site-packages/airflow/example_dags/example_complex.py
[2025-12-30T23:33:52.259+0000] {processor.py:830} INFO - Processing file /home/airflow/.local/lib/python3.12/site-packages/airflow/example_dags/example_complex.py for tasks to queue
[2025-12-30T23:33:52.260+0000] {logging_mixin.py:188} INFO - [2025-12-30T23:33:52.260+0000] {dagbag.py:545} INFO - Filling up the DagBag from /home/airflow/.local/lib/python3.12/site-packages/airflow/example_dags/example_complex.py
[2025-12-30T23:33:52.270+0000] {processor.py:840} INFO - DAG(s) 'example_complex' retrieved from /home/airflow/.local/lib/python3.12/site-packages/airflow/example_dags/example_complex.py
[2025-12-30T23:33:52.284+0000] {logging_mixin.py:188} INFO - [2025-12-30T23:33:52.284+0000] {dag.py:3096} INFO - Sync 1 DAGs
[2025-12-30T23:33:52.303+0000] {logging_mixin.py:188} INFO - [2025-12-30T23:33:52.303+0000] {dag.py:3954} INFO - Setting next_dagrun for example_complex to None, run_after=None
[2025-12-30T23:33:52.316+0000] {processor.py:183} INFO - Processing /home/airflow/.local/lib/python3.12/site-packages/airflow/example_dags/example_complex.py took 0.065 seconds
[2025-12-30T23:34:22.990+0000] {processor.py:161} INFO - Started process (PID=132) to work on /home/airflow/.local/lib/python3.12/site-packages/airflow/example_dags/example_complex.py
[2025-12-30T23:34:22.991+0000] {processor.py:830} INFO - Processing file /home/airflow/.local/lib/python3.12/site-packages/airflow/example_dags/example_complex.py for tasks to queue
[2025-12-30T23:34:22.992+0000] {logging_mixin.py:188} INFO - [2025-12-30T23:34:22.992+0000] {dagbag.py:545} INFO - Filling up the DagBag from /home/airflow/.local/lib/python3.12/site-packages/airflow/example_dags/example_complex.py
[2025-12-30T23:34:22.999+0000] {processor.py:840} INFO - DAG(s) 'example_complex' retrieved from /home/airflow/.local/lib/python3.12/site-packages/airflow/example_dags/example_complex.py
[2025-12-30T23:34:23.056+0000] {logging_mixin.py:188} INFO - [2025-12-30T23:34:23.056+0000] {dag.py:3096} INFO - Sync 1 DAGs
[2025-12-30T23:34:23.061+0000] {logging_mixin.py:188} INFO - [2025-12-30T23:34:23.061+0000] {dag.py:3954} INFO - Setting next_dagrun for example_complex to None, run_after=None
[2025-12-30T23:34:23.074+0000] {processor.py:183} INFO - Processing /home/airflow/.local/lib/python3.12/site-packages/airflow/example_dags/example_complex.py took 0.089 seconds
[2025-12-30T23:34:53.115+0000] {processor.py:161} INFO - Started process (PID=191) to work on /home/airflow/.local/lib/python3.12/site-packages/airflow/example_dags/example_complex.py
[2025-12-30T23:34:53.116+0000] {processor.py:830} INFO - Processing file /home/airflow/.local/lib/python3.12/site-packages/airflow/example_dags/example_complex.py for tasks to queue
[2025-12-30T23:34:53.117+0000] {logging_mixin.py:188} INFO - [2025-12-30T23:34:53.117+0000] {dagbag.py:545} INFO - Filling up the DagBag from /home/airflow/.local/lib/python3.12/site-packages/airflow/example_dags/example_complex.py
[2025-12-30T23:34:53.122+0000] {processor.py:840} INFO - DAG(s) 'example_complex' retrieved from /home/airflow/.local/lib/python3.12/site-packages/airflow/example_dags/example_complex.py
[2025-12-30T23:34:53.140+0000] {logging_mixin.py:188} INFO - [2025-12-30T23:34:53.140+0000] {dag.py:3096} INFO - Sync 1 DAGs
[2025-12-30T23:34:53.147+0000] {logging_mixin.py:188} INFO - [2025-12-30T23:34:53.147+0000] {dag.py:3954} INFO - Setting next_dagrun for example_complex to None, run_after=None
[2025-12-30T23:34:53.155+0000] {processor.py:183} INFO - Processing /home/airflow/.local/lib/python3.12/site-packages/airflow/example_dags/example_complex.py took 0.042 seconds
[2025-12-30T23:35:23.416+0000] {processor.py:161} INFO - Started process (PID=250) to work on /home/airflow/.local/lib/python3.12/site-packages/airflow/example_dags/example_complex.py
[2025-12-30T23:35:23.417+0000] {processor.py:830} INFO - Processing file /home/airflow/.local/lib/python3.12/site-packages/airflow/example_dags/example_complex.py for tasks to queue
[2025-12-30T23:35:23.418+0000] {logging_mixin.py:188} INFO - [2025-12-30T23:35:23.418+0000] {dagbag.py:545} INFO - Filling up the DagBag from /home/airflow/.local/lib/python3.12/site-packages/airflow/example_dags/example_complex.py
[2025-12-30T23:35:23.425+0000] {processor.py:840} INFO - DAG(s) 'example_complex' retrieved from /home/airflow/.local/lib/python3.12/site-packages/airflow/example_dags/example_complex.py
[2025-12-30T23:35:23.442+0000] {logging_mixin.py:188} INFO - [2025-12-30T23:35:23.442+0000] {dag.py:3096} INFO - Sync 1 DAGs
[2025-12-30T23:35:23.451+0000] {logging_mixin.py:188} INFO - [2025-12-30T23:35:23.451+0000] {dag.py:3954} INFO - Setting next_dagrun for example_complex to None, run_after=None
[2025-12-30T23:35:23.467+0000] {processor.py:183} INFO - Processing /home/airflow/.local/lib/python3.12/site-packages/airflow/example_dags/example_complex.py took 0.057 seconds
[2025-12-30T23:35:53.565+0000] {processor.py:161} INFO - Started process (PID=309) to work on /home/airflow/.local/lib/python3.12/site-packages/airflow/example_dags/example_complex.py
[2025-12-30T23:35:53.566+0000] {processor.py:830} INFO - Processing file /home/airflow/.local/lib/python3.12/site-packages/airflow/example_dags/example_complex.py for tasks to queue
[2025-12-30T23:35:53.566+0000] {logging_mixin.py:188} INFO - [2025-12-30T23:35:53.566+0000] {dagbag.py:545} INFO - Filling up the DagBag from /home/airflow/.local/lib/python3.12/site-packages/airflow/example_dags/example_complex.py
[2025-12-30T23:35:53.571+0000] {processor.py:840} INFO - DAG(s) 'example_complex' retrieved from /home/airflow/.local/lib/python3.12/site-packages/airflow/example_dags/example_complex.py
[2025-12-30T23:35:53.586+0000] {logging_mixin.py:188} INFO - [2025-12-30T23:35:53.586+0000] {dag.py:3096} INFO - Sync 1 DAGs
[2025-12-30T23:35:53.593+0000] {logging_mixin.py:188} INFO - [2025-12-30T23:35:53.593+0000] {dag.py:3954} INFO - Setting next_dagrun for example_complex to None, run_after=None
[2025-12-30T23:35:53.604+0000] {processor.py:183} INFO - Processing /home/airflow/.local/lib/python3.12/site-packages/airflow/example_dags/example_complex.py took 0.042 seconds
[2025-12-30T23:36:23.730+0000] {processor.py:161} INFO - Started process (PID=368) to work on /home/airflow/.local/lib/python3.12/site-packages/airflow/example_dags/example_complex.py
[2025-12-30T23:36:23.730+0000] {processor.py:830} INFO - Processing file /home/airflow/.local/lib/python3.12/site-packages/airflow/example_dags/example_complex.py for tasks to queue
[2025-12-30T23:36:23.732+0000] {logging_mixin.py:188} INFO - [2025-12-30T23:36:23.731+0000] {dagbag.py:545} INFO - Filling up the DagBag from /home/airflow/.local/lib/python3.12/site-packages/airflow/example_dags/example_complex.py
[2025-12-30T23:36:23.737+0000] {processor.py:840} INFO - DAG(s) 'example_complex' retrieved from /home/airflow/.local/lib/python3.12/site-packages/airflow/example_dags/example_complex.py
[2025-12-30T23:36:23.753+0000] {logging_mixin.py:188} INFO - [2025-12-30T23:36:23.753+0000] {dag.py:3096} INFO - Sync 1 DAGs
[2025-12-30T23:36:23.763+0000] {logging_mixin.py:188} INFO - [2025-12-30T23:36:23.762+0000] {dag.py:3954} INFO - Setting next_dagrun for example_complex to None, run_after=None
[2025-12-30T23:36:23.781+0000] {processor.py:183} INFO - Processing /home/airflow/.local/lib/python3.12/site-packages/airflow/example_dags/example_complex.py took 0.054 seconds
[2025-12-30T23:36:54.057+0000] {processor.py:161} INFO - Started process (PID=427) to work on /home/airflow/.local/lib/python3.12/site-packages/airflow/example_dags/example_complex.py
[2025-12-30T23:36:54.058+0000] {processor.py:830} INFO - Processing file /home/airflow/.local/lib/python3.12/site-packages/airflow/example_dags/example_complex.py for tasks to queue
[2025-12-30T23:36:54.059+0000] {logging_mixin.py:188} INFO - [2025-12-30T23:36:54.059+0000] {dagbag.py:545} INFO - Filling up the DagBag from /home/airflow/.local/lib/python3.12/site-packages/airflow/example_dags/example_complex.py
[2025-12-30T23:36:54.064+0000] {processor.py:840} INFO - DAG(s) 'example_complex' retrieved from /home/airflow/.local/lib/python3.12/site-packages/airflow/example_dags/example_complex.py
[2025-12-30T23:36:54.079+0000] {logging_mixin.py:188} INFO - [2025-12-30T23:36:54.079+0000] {dag.py:3096} INFO - Sync 1 DAGs
[2025-12-30T23:36:54.085+0000] {logging_mixin.py:188} INFO - [2025-12-30T23:36:54.084+0000] {dag.py:3954} INFO - Setting next_dagrun for example_complex to None, run_after=None
[2025-12-30T23:36:54.093+0000] {processor.py:183} INFO - Processing /home/airflow/.local/lib/python3.12/site-packages/airflow/example_dags/example_complex.py took 0.039 seconds
[2025-12-30T23:37:24.810+0000] {processor.py:161} INFO - Started process (PID=486) to work on /home/airflow/.local/lib/python3.12/site-packages/airflow/example_dags/example_complex.py
[2025-12-30T23:37:24.810+0000] {processor.py:830} INFO - Processing file /home/airflow/.local/lib/python3.12/site-packages/airflow/example_dags/example_complex.py for tasks to queue
[2025-12-30T23:37:24.812+0000] {logging_mixin.py:188} INFO - [2025-12-30T23:37:24.812+0000] {dagbag.py:545} INFO - Filling up the DagBag from /home/airflow/.local/lib/python3.12/site-packages/airflow/example_dags/example_complex.py
[2025-12-30T23:37:24.823+0000] {processor.py:840} INFO - DAG(s) 'example_complex' retrieved from /home/airflow/.local/lib/python3.12/site-packages/airflow/example_dags/example_complex.py
[2025-12-30T23:37:24.844+0000] {logging_mixin.py:188} INFO - [2025-12-30T23:37:24.844+0000] {dag.py:3096} INFO - Sync 1 DAGs
[2025-12-30T23:37:24.852+0000] {logging_mixin.py:188} INFO - [2025-12-30T23:37:24.852+0000] {dag.py:3954} INFO - Setting next_dagrun for example_complex to None, run_after=None
[2025-12-30T23:37:24.865+0000] {processor.py:183} INFO - Processing /home/airflow/.local/lib/python3.12/site-packages/airflow/example_dags/example_complex.py took 0.060 seconds
[2025-12-30T23:37:55.091+0000] {processor.py:161} INFO - Started process (PID=545) to work on /home/airflow/.local/lib/python3.12/site-packages/airflow/example_dags/example_complex.py
[2025-12-30T23:37:55.092+0000] {processor.py:830} INFO - Processing file /home/airflow/.local/lib/python3.12/site-packages/airflow/example_dags/example_complex.py for tasks to queue
[2025-12-30T23:37:55.095+0000] {logging_mixin.py:188} INFO - [2025-12-30T23:37:55.094+0000] {dagbag.py:545} INFO - Filling up the DagBag from /home/airflow/.local/lib/python3.12/site-packages/airflow/example_dags/example_complex.py
[2025-12-30T23:37:55.101+0000] {processor.py:840} INFO - DAG(s) 'example_complex' retrieved from /home/airflow/.local/lib/python3.12/site-packages/airflow/example_dags/example_complex.py
[2025-12-30T23:37:55.123+0000] {logging_mixin.py:188} INFO - [2025-12-30T23:37:55.123+0000] {dag.py:3096} INFO - Sync 1 DAGs
[2025-12-30T23:37:55.132+0000] {logging_mixin.py:188} INFO - [2025-12-30T23:37:55.132+0000] {dag.py:3954} INFO - Setting next_dagrun for example_complex to None, run_after=None
[2025-12-30T23:37:55.144+0000] {processor.py:183} INFO - Processing /home/airflow/.local/lib/python3.12/site-packages/airflow/example_dags/example_complex.py took 0.056 seconds
[2025-12-30T23:38:25.585+0000] {processor.py:161} INFO - Started process (PID=604) to work on /home/airflow/.local/lib/python3.12/site-packages/airflow/example_dags/example_complex.py
[2025-12-30T23:38:25.586+0000] {processor.py:830} INFO - Processing file /home/airflow/.local/lib/python3.12/site-packages/airflow/example_dags/example_complex.py for tasks to queue
[2025-12-30T23:38:25.587+0000] {logging_mixin.py:188} INFO - [2025-12-30T23:38:25.587+0000] {dagbag.py:545} INFO - Filling up the DagBag from /home/airflow/.local/lib/python3.12/site-packages/airflow/example_dags/example_complex.py
[2025-12-30T23:38:25.605+0000] {processor.py:840} INFO - DAG(s) 'example_complex' retrieved from /home/airflow/.local/lib/python3.12/site-packages/airflow/example_dags/example_complex.py
[2025-12-30T23:38:25.640+0000] {logging_mixin.py:188} INFO - [2025-12-30T23:38:25.640+0000] {dag.py:3096} INFO - Sync 1 DAGs
[2025-12-30T23:38:25.666+0000] {logging_mixin.py:188} INFO - [2025-12-30T23:38:25.666+0000] {dag.py:3954} INFO - Setting next_dagrun for example_complex to None, run_after=None
[2025-12-30T23:38:25.680+0000] {processor.py:183} INFO - Processing /home/airflow/.local/lib/python3.12/site-packages/airflow/example_dags/example_complex.py took 0.102 seconds
[2025-12-30T23:38:55.797+0000] {processor.py:161} INFO - Started process (PID=663) to work on /home/airflow/.local/lib/python3.12/site-packages/airflow/example_dags/example_complex.py
[2025-12-30T23:38:55.798+0000] {processor.py:830} INFO - Processing file /home/airflow/.local/lib/python3.12/site-packages/airflow/example_dags/example_complex.py for tasks to queue
[2025-12-30T23:38:55.799+0000] {logging_mixin.py:188} INFO - [2025-12-30T23:38:55.799+0000] {dagbag.py:545} INFO - Filling up the DagBag from /home/airflow/.local/lib/python3.12/site-packages/airflow/example_dags/example_complex.py
[2025-12-30T23:38:55.804+0000] {processor.py:840} INFO - DAG(s) 'example_complex' retrieved from /home/airflow/.local/lib/python3.12/site-packages/airflow/example_dags/example_complex.py
[2025-12-30T23:38:55.821+0000] {logging_mixin.py:188} INFO - [2025-12-30T23:38:55.821+0000] {dag.py:3096} INFO - Sync 1 DAGs
[2025-12-30T23:38:55.827+0000] {logging_mixin.py:188} INFO - [2025-12-30T23:38:55.827+0000] {dag.py:3954} INFO - Setting next_dagrun for example_complex to None, run_after=None
[2025-12-30T23:38:55.836+0000] {processor.py:183} INFO - Processing /home/airflow/.local/lib/python3.12/site-packages/airflow/example_dags/example_complex.py took 0.042 seconds
[2025-12-30T23:39:26.306+0000] {processor.py:161} INFO - Started process (PID=722) to work on /home/airflow/.local/lib/python3.12/site-packages/airflow/example_dags/example_complex.py
[2025-12-30T23:39:26.308+0000] {processor.py:830} INFO - Processing file /home/airflow/.local/lib/python3.12/site-packages/airflow/example_dags/example_complex.py for tasks to queue
[2025-12-30T23:39:26.310+0000] {logging_mixin.py:188} INFO - [2025-12-30T23:39:26.310+0000] {dagbag.py:545} INFO - Filling up the DagBag from /home/airflow/.local/lib/python3.12/site-packages/airflow/example_dags/example_complex.py
[2025-12-30T23:39:26.323+0000] {processor.py:840} INFO - DAG(s) 'example_complex' retrieved from /home/airflow/.local/lib/python3.12/site-packages/airflow/example_dags/example_complex.py
[2025-12-30T23:39:26.351+0000] {logging_mixin.py:188} INFO - [2025-12-30T23:39:26.350+0000] {dag.py:3096} INFO - Sync 1 DAGs
[2025-12-30T23:39:26.376+0000] {logging_mixin.py:188} INFO - [2025-12-30T23:39:26.376+0000] {dag.py:3954} INFO - Setting next_dagrun for example_complex to None, run_after=None
[2025-12-30T23:39:26.395+0000] {processor.py:183} INFO - Processing /home/airflow/.local/lib/python3.12/site-packages/airflow/example_dags/example_complex.py took 0.100 seconds
[2025-12-30T23:39:56.457+0000] {processor.py:161} INFO - Started process (PID=781) to work on /home/airflow/.local/lib/python3.12/site-packages/airflow/example_dags/example_complex.py
[2025-12-30T23:39:56.458+0000] {processor.py:830} INFO - Processing file /home/airflow/.local/lib/python3.12/site-packages/airflow/example_dags/example_complex.py for tasks to queue
[2025-12-30T23:39:56.459+0000] {logging_mixin.py:188} INFO - [2025-12-30T23:39:56.459+0000] {dagbag.py:545} INFO - Filling up the DagBag from /home/airflow/.local/lib/python3.12/site-packages/airflow/example_dags/example_complex.py
[2025-12-30T23:39:56.464+0000] {processor.py:840} INFO - DAG(s) 'example_complex' retrieved from /home/airflow/.local/lib/python3.12/site-packages/airflow/example_dags/example_complex.py
[2025-12-30T23:39:56.484+0000] {logging_mixin.py:188} INFO - [2025-12-30T23:39:56.484+0000] {dag.py:3096} INFO - Sync 1 DAGs
[2025-12-30T23:39:56.492+0000] {logging_mixin.py:188} INFO - [2025-12-30T23:39:56.491+0000] {dag.py:3954} INFO - Setting next_dagrun for example_complex to None, run_after=None
[2025-12-30T23:39:56.502+0000] {processor.py:183} INFO - Processing /home/airflow/.local/lib/python3.12/site-packages/airflow/example_dags/example_complex.py took 0.048 seconds
[2025-12-30T23:40:26.834+0000] {processor.py:161} INFO - Started process (PID=840) to work on /home/airflow/.local/lib/python3.12/site-packages/airflow/example_dags/example_complex.py
[2025-12-30T23:40:26.834+0000] {processor.py:830} INFO - Processing file /home/airflow/.local/lib/python3.12/site-packages/airflow/example_dags/example_complex.py for tasks to queue
[2025-12-30T23:40:26.835+0000] {logging_mixin.py:188} INFO - [2025-12-30T23:40:26.835+0000] {dagbag.py:545} INFO - Filling up the DagBag from /home/airflow/.local/lib/python3.12/site-packages/airflow/example_dags/example_complex.py
[2025-12-30T23:40:26.841+0000] {processor.py:840} INFO - DAG(s) 'example_complex' retrieved from /home/airflow/.local/lib/python3.12/site-packages/airflow/example_dags/example_complex.py
[2025-12-30T23:40:26.864+0000] {logging_mixin.py:188} INFO - [2025-12-30T23:40:26.863+0000] {dag.py:3096} INFO - Sync 1 DAGs
[2025-12-30T23:40:26.873+0000] {logging_mixin.py:188} INFO - [2025-12-30T23:40:26.873+0000] {dag.py:3954} INFO - Setting next_dagrun for example_complex to None, run_after=None
[2025-12-30T23:40:26.890+0000] {processor.py:183} INFO - Processing /home/airflow/.local/lib/python3.12/site-packages/airflow/example_dags/example_complex.py took 0.060 seconds
[2025-12-30T23:40:57.378+0000] {processor.py:161} INFO - Started process (PID=900) to work on /home/airflow/.local/lib/python3.12/site-packages/airflow/example_dags/example_complex.py
[2025-12-30T23:40:57.379+0000] {processor.py:830} INFO - Processing file /home/airflow/.local/lib/python3.12/site-packages/airflow/example_dags/example_complex.py for tasks to queue
[2025-12-30T23:40:57.382+0000] {logging_mixin.py:188} INFO - [2025-12-30T23:40:57.381+0000] {dagbag.py:545} INFO - Filling up the DagBag from /home/airflow/.local/lib/python3.12/site-packages/airflow/example_dags/example_complex.py
[2025-12-30T23:40:57.415+0000] {processor.py:840} INFO - DAG(s) 'example_complex' retrieved from /home/airflow/.local/lib/python3.12/site-packages/airflow/example_dags/example_complex.py
[2025-12-30T23:40:57.516+0000] {logging_mixin.py:188} INFO - [2025-12-30T23:40:57.516+0000] {dag.py:3096} INFO - Sync 1 DAGs
[2025-12-30T23:40:57.529+0000] {logging_mixin.py:188} INFO - [2025-12-30T23:40:57.528+0000] {dag.py:3954} INFO - Setting next_dagrun for example_complex to None, run_after=None
[2025-12-30T23:40:57.545+0000] {processor.py:183} INFO - Processing /home/airflow/.local/lib/python3.12/site-packages/airflow/example_dags/example_complex.py took 0.178 seconds
[2025-12-30T23:42:59.656+0000] {processor.py:161} INFO - Started process (PID=72) to work on /home/airflow/.local/lib/python3.12/site-packages/airflow/example_dags/example_complex.py
[2025-12-30T23:42:59.669+0000] {processor.py:830} INFO - Processing file /home/airflow/.local/lib/python3.12/site-packages/airflow/example_dags/example_complex.py for tasks to queue
[2025-12-30T23:42:59.740+0000] {logging_mixin.py:188} INFO - [2025-12-30T23:42:59.733+0000] {dagbag.py:545} INFO - Filling up the DagBag from /home/airflow/.local/lib/python3.12/site-packages/airflow/example_dags/example_complex.py
[2025-12-30T23:42:59.826+0000] {processor.py:840} INFO - DAG(s) 'example_complex' retrieved from /home/airflow/.local/lib/python3.12/site-packages/airflow/example_dags/example_complex.py
[2025-12-30T23:42:59.882+0000] {logging_mixin.py:188} INFO - [2025-12-30T23:42:59.882+0000] {dag.py:3096} INFO - Sync 1 DAGs
[2025-12-30T23:42:59.931+0000] {logging_mixin.py:188} INFO - [2025-12-30T23:42:59.931+0000] {dag.py:3954} INFO - Setting next_dagrun for example_complex to None, run_after=None
[2025-12-30T23:43:00.106+0000] {processor.py:183} INFO - Processing /home/airflow/.local/lib/python3.12/site-packages/airflow/example_dags/example_complex.py took 0.571 seconds
[2025-12-30T23:43:30.228+0000] {processor.py:161} INFO - Started process (PID=132) to work on /home/airflow/.local/lib/python3.12/site-packages/airflow/example_dags/example_complex.py
[2025-12-30T23:43:30.229+0000] {processor.py:830} INFO - Processing file /home/airflow/.local/lib/python3.12/site-packages/airflow/example_dags/example_complex.py for tasks to queue
[2025-12-30T23:43:30.231+0000] {logging_mixin.py:188} INFO - [2025-12-30T23:43:30.230+0000] {dagbag.py:545} INFO - Filling up the DagBag from /home/airflow/.local/lib/python3.12/site-packages/airflow/example_dags/example_complex.py
[2025-12-30T23:43:30.239+0000] {processor.py:840} INFO - DAG(s) 'example_complex' retrieved from /home/airflow/.local/lib/python3.12/site-packages/airflow/example_dags/example_complex.py
[2025-12-30T23:43:30.310+0000] {logging_mixin.py:188} INFO - [2025-12-30T23:43:30.310+0000] {dag.py:3096} INFO - Sync 1 DAGs
[2025-12-30T23:43:30.316+0000] {logging_mixin.py:188} INFO - [2025-12-30T23:43:30.316+0000] {dag.py:3954} INFO - Setting next_dagrun for example_complex to None, run_after=None
[2025-12-30T23:43:30.331+0000] {processor.py:183} INFO - Processing /home/airflow/.local/lib/python3.12/site-packages/airflow/example_dags/example_complex.py took 0.109 seconds
[2025-12-30T23:44:00.888+0000] {processor.py:161} INFO - Started process (PID=192) to work on /home/airflow/.local/lib/python3.12/site-packages/airflow/example_dags/example_complex.py
[2025-12-30T23:44:00.888+0000] {processor.py:830} INFO - Processing file /home/airflow/.local/lib/python3.12/site-packages/airflow/example_dags/example_complex.py for tasks to queue
[2025-12-30T23:44:00.890+0000] {logging_mixin.py:188} INFO - [2025-12-30T23:44:00.890+0000] {dagbag.py:545} INFO - Filling up the DagBag from /home/airflow/.local/lib/python3.12/site-packages/airflow/example_dags/example_complex.py
[2025-12-30T23:44:00.899+0000] {processor.py:840} INFO - DAG(s) 'example_complex' retrieved from /home/airflow/.local/lib/python3.12/site-packages/airflow/example_dags/example_complex.py
[2025-12-30T23:44:00.918+0000] {logging_mixin.py:188} INFO - [2025-12-30T23:44:00.918+0000] {dag.py:3096} INFO - Sync 1 DAGs
[2025-12-30T23:44:00.925+0000] {logging_mixin.py:188} INFO - [2025-12-30T23:44:00.925+0000] {dag.py:3954} INFO - Setting next_dagrun for example_complex to None, run_after=None
[2025-12-30T23:44:00.934+0000] {processor.py:183} INFO - Processing /home/airflow/.local/lib/python3.12/site-packages/airflow/example_dags/example_complex.py took 0.051 seconds
[2025-12-30T23:44:31.068+0000] {processor.py:161} INFO - Started process (PID=252) to work on /home/airflow/.local/lib/python3.12/site-packages/airflow/example_dags/example_complex.py
[2025-12-30T23:44:31.069+0000] {processor.py:830} INFO - Processing file /home/airflow/.local/lib/python3.12/site-packages/airflow/example_dags/example_complex.py for tasks to queue
[2025-12-30T23:44:31.070+0000] {logging_mixin.py:188} INFO - [2025-12-30T23:44:31.070+0000] {dagbag.py:545} INFO - Filling up the DagBag from /home/airflow/.local/lib/python3.12/site-packages/airflow/example_dags/example_complex.py
[2025-12-30T23:44:31.080+0000] {processor.py:840} INFO - DAG(s) 'example_complex' retrieved from /home/airflow/.local/lib/python3.12/site-packages/airflow/example_dags/example_complex.py
[2025-12-30T23:44:31.096+0000] {logging_mixin.py:188} INFO - [2025-12-30T23:44:31.096+0000] {dag.py:3096} INFO - Sync 1 DAGs
[2025-12-30T23:44:31.102+0000] {logging_mixin.py:188} INFO - [2025-12-30T23:44:31.102+0000] {dag.py:3954} INFO - Setting next_dagrun for example_complex to None, run_after=None
[2025-12-30T23:44:31.110+0000] {processor.py:183} INFO - Processing /home/airflow/.local/lib/python3.12/site-packages/airflow/example_dags/example_complex.py took 0.047 seconds
[2025-12-30T23:45:01.756+0000] {processor.py:161} INFO - Started process (PID=312) to work on /home/airflow/.local/lib/python3.12/site-packages/airflow/example_dags/example_complex.py
[2025-12-30T23:45:01.757+0000] {processor.py:830} INFO - Processing file /home/airflow/.local/lib/python3.12/site-packages/airflow/example_dags/example_complex.py for tasks to queue
[2025-12-30T23:45:01.760+0000] {logging_mixin.py:188} INFO - [2025-12-30T23:45:01.760+0000] {dagbag.py:545} INFO - Filling up the DagBag from /home/airflow/.local/lib/python3.12/site-packages/airflow/example_dags/example_complex.py
[2025-12-30T23:45:01.768+0000] {processor.py:840} INFO - DAG(s) 'example_complex' retrieved from /home/airflow/.local/lib/python3.12/site-packages/airflow/example_dags/example_complex.py
[2025-12-30T23:45:01.792+0000] {logging_mixin.py:188} INFO - [2025-12-30T23:45:01.792+0000] {dag.py:3096} INFO - Sync 1 DAGs
[2025-12-30T23:45:01.800+0000] {logging_mixin.py:188} INFO - [2025-12-30T23:45:01.800+0000] {dag.py:3954} INFO - Setting next_dagrun for example_complex to None, run_after=None
[2025-12-30T23:45:01.812+0000] {processor.py:183} INFO - Processing /home/airflow/.local/lib/python3.12/site-packages/airflow/example_dags/example_complex.py took 0.066 seconds
[2025-12-30T23:45:32.008+0000] {processor.py:161} INFO - Started process (PID=372) to work on /home/airflow/.local/lib/python3.12/site-packages/airflow/example_dags/example_complex.py
[2025-12-30T23:45:32.009+0000] {processor.py:830} INFO - Processing file /home/airflow/.local/lib/python3.12/site-packages/airflow/example_dags/example_complex.py for tasks to queue
[2025-12-30T23:45:32.011+0000] {logging_mixin.py:188} INFO - [2025-12-30T23:45:32.010+0000] {dagbag.py:545} INFO - Filling up the DagBag from /home/airflow/.local/lib/python3.12/site-packages/airflow/example_dags/example_complex.py
[2025-12-30T23:45:32.020+0000] {processor.py:840} INFO - DAG(s) 'example_complex' retrieved from /home/airflow/.local/lib/python3.12/site-packages/airflow/example_dags/example_complex.py
[2025-12-30T23:45:32.042+0000] {logging_mixin.py:188} INFO - [2025-12-30T23:45:32.042+0000] {dag.py:3096} INFO - Sync 1 DAGs
[2025-12-30T23:45:32.050+0000] {logging_mixin.py:188} INFO - [2025-12-30T23:45:32.049+0000] {dag.py:3954} INFO - Setting next_dagrun for example_complex to None, run_after=None
[2025-12-30T23:45:32.061+0000] {processor.py:183} INFO - Processing /home/airflow/.local/lib/python3.12/site-packages/airflow/example_dags/example_complex.py took 0.057 seconds
[2025-12-30T23:46:03.161+0000] {processor.py:161} INFO - Started process (PID=432) to work on /home/airflow/.local/lib/python3.12/site-packages/airflow/example_dags/example_complex.py
[2025-12-30T23:46:03.161+0000] {processor.py:830} INFO - Processing file /home/airflow/.local/lib/python3.12/site-packages/airflow/example_dags/example_complex.py for tasks to queue
[2025-12-30T23:46:03.162+0000] {logging_mixin.py:188} INFO - [2025-12-30T23:46:03.162+0000] {dagbag.py:545} INFO - Filling up the DagBag from /home/airflow/.local/lib/python3.12/site-packages/airflow/example_dags/example_complex.py
[2025-12-30T23:46:03.167+0000] {processor.py:840} INFO - DAG(s) 'example_complex' retrieved from /home/airflow/.local/lib/python3.12/site-packages/airflow/example_dags/example_complex.py
[2025-12-30T23:46:03.181+0000] {logging_mixin.py:188} INFO - [2025-12-30T23:46:03.181+0000] {dag.py:3096} INFO - Sync 1 DAGs
[2025-12-30T23:46:03.187+0000] {logging_mixin.py:188} INFO - [2025-12-30T23:46:03.187+0000] {dag.py:3954} INFO - Setting next_dagrun for example_complex to None, run_after=None
[2025-12-30T23:46:03.195+0000] {processor.py:183} INFO - Processing /home/airflow/.local/lib/python3.12/site-packages/airflow/example_dags/example_complex.py took 0.037 seconds
[2025-12-30T23:46:34.199+0000] {processor.py:161} INFO - Started process (PID=492) to work on /home/airflow/.local/lib/python3.12/site-packages/airflow/example_dags/example_complex.py
[2025-12-30T23:46:34.200+0000] {processor.py:830} INFO - Processing file /home/airflow/.local/lib/python3.12/site-packages/airflow/example_dags/example_complex.py for tasks to queue
[2025-12-30T23:46:34.201+0000] {logging_mixin.py:188} INFO - [2025-12-30T23:46:34.201+0000] {dagbag.py:545} INFO - Filling up the DagBag from /home/airflow/.local/lib/python3.12/site-packages/airflow/example_dags/example_complex.py
[2025-12-30T23:46:34.207+0000] {processor.py:840} INFO - DAG(s) 'example_complex' retrieved from /home/airflow/.local/lib/python3.12/site-packages/airflow/example_dags/example_complex.py
[2025-12-30T23:46:34.224+0000] {logging_mixin.py:188} INFO - [2025-12-30T23:46:34.224+0000] {dag.py:3096} INFO - Sync 1 DAGs
[2025-12-30T23:46:34.231+0000] {logging_mixin.py:188} INFO - [2025-12-30T23:46:34.230+0000] {dag.py:3954} INFO - Setting next_dagrun for example_complex to None, run_after=None
[2025-12-30T23:46:34.240+0000] {processor.py:183} INFO - Processing /home/airflow/.local/lib/python3.12/site-packages/airflow/example_dags/example_complex.py took 0.045 seconds
[2025-12-30T23:47:04.645+0000] {processor.py:161} INFO - Started process (PID=552) to work on /home/airflow/.local/lib/python3.12/site-packages/airflow/example_dags/example_complex.py
[2025-12-30T23:47:04.646+0000] {processor.py:830} INFO - Processing file /home/airflow/.local/lib/python3.12/site-packages/airflow/example_dags/example_complex.py for tasks to queue
[2025-12-30T23:47:04.647+0000] {logging_mixin.py:188} INFO - [2025-12-30T23:47:04.647+0000] {dagbag.py:545} INFO - Filling up the DagBag from /home/airflow/.local/lib/python3.12/site-packages/airflow/example_dags/example_complex.py
[2025-12-30T23:47:04.653+0000] {processor.py:840} INFO - DAG(s) 'example_complex' retrieved from /home/airflow/.local/lib/python3.12/site-packages/airflow/example_dags/example_complex.py
[2025-12-30T23:47:04.669+0000] {logging_mixin.py:188} INFO - [2025-12-30T23:47:04.669+0000] {dag.py:3096} INFO - Sync 1 DAGs
[2025-12-30T23:47:04.675+0000] {logging_mixin.py:188} INFO - [2025-12-30T23:47:04.675+0000] {dag.py:3954} INFO - Setting next_dagrun for example_complex to None, run_after=None
[2025-12-30T23:47:04.684+0000] {processor.py:183} INFO - Processing /home/airflow/.local/lib/python3.12/site-packages/airflow/example_dags/example_complex.py took 0.042 seconds
[2025-12-30T23:47:35.259+0000] {processor.py:161} INFO - Started process (PID=612) to work on /home/airflow/.local/lib/python3.12/site-packages/airflow/example_dags/example_complex.py
[2025-12-30T23:47:35.260+0000] {processor.py:830} INFO - Processing file /home/airflow/.local/lib/python3.12/site-packages/airflow/example_dags/example_complex.py for tasks to queue
[2025-12-30T23:47:35.261+0000] {logging_mixin.py:188} INFO - [2025-12-30T23:47:35.261+0000] {dagbag.py:545} INFO - Filling up the DagBag from /home/airflow/.local/lib/python3.12/site-packages/airflow/example_dags/example_complex.py
[2025-12-30T23:47:35.267+0000] {processor.py:840} INFO - DAG(s) 'example_complex' retrieved from /home/airflow/.local/lib/python3.12/site-packages/airflow/example_dags/example_complex.py
[2025-12-30T23:47:35.286+0000] {logging_mixin.py:188} INFO - [2025-12-30T23:47:35.286+0000] {dag.py:3096} INFO - Sync 1 DAGs
[2025-12-30T23:47:35.293+0000] {logging_mixin.py:188} INFO - [2025-12-30T23:47:35.293+0000] {dag.py:3954} INFO - Setting next_dagrun for example_complex to None, run_after=None
[2025-12-30T23:47:35.304+0000] {processor.py:183} INFO - Processing /home/airflow/.local/lib/python3.12/site-packages/airflow/example_dags/example_complex.py took 0.048 seconds
[2025-12-30T23:48:06.354+0000] {processor.py:161} INFO - Started process (PID=672) to work on /home/airflow/.local/lib/python3.12/site-packages/airflow/example_dags/example_complex.py
[2025-12-30T23:48:06.355+0000] {processor.py:830} INFO - Processing file /home/airflow/.local/lib/python3.12/site-packages/airflow/example_dags/example_complex.py for tasks to queue
[2025-12-30T23:48:06.356+0000] {logging_mixin.py:188} INFO - [2025-12-30T23:48:06.356+0000] {dagbag.py:545} INFO - Filling up the DagBag from /home/airflow/.local/lib/python3.12/site-packages/airflow/example_dags/example_complex.py
[2025-12-30T23:48:06.364+0000] {processor.py:840} INFO - DAG(s) 'example_complex' retrieved from /home/airflow/.local/lib/python3.12/site-packages/airflow/example_dags/example_complex.py
[2025-12-30T23:48:06.382+0000] {logging_mixin.py:188} INFO - [2025-12-30T23:48:06.382+0000] {dag.py:3096} INFO - Sync 1 DAGs
[2025-12-30T23:48:06.390+0000] {logging_mixin.py:188} INFO - [2025-12-30T23:48:06.390+0000] {dag.py:3954} INFO - Setting next_dagrun for example_complex to None, run_after=None
[2025-12-30T23:48:06.400+0000] {processor.py:183} INFO - Processing /home/airflow/.local/lib/python3.12/site-packages/airflow/example_dags/example_complex.py took 0.052 seconds
[2025-12-30T23:48:36.450+0000] {processor.py:161} INFO - Started process (PID=730) to work on /home/airflow/.local/lib/python3.12/site-packages/airflow/example_dags/example_complex.py
[2025-12-30T23:48:36.451+0000] {processor.py:830} INFO - Processing file /home/airflow/.local/lib/python3.12/site-packages/airflow/example_dags/example_complex.py for tasks to queue
[2025-12-30T23:48:36.452+0000] {logging_mixin.py:188} INFO - [2025-12-30T23:48:36.452+0000] {dagbag.py:545} INFO - Filling up the DagBag from /home/airflow/.local/lib/python3.12/site-packages/airflow/example_dags/example_complex.py
[2025-12-30T23:48:36.456+0000] {processor.py:840} INFO - DAG(s) 'example_complex' retrieved from /home/airflow/.local/lib/python3.12/site-packages/airflow/example_dags/example_complex.py
[2025-12-30T23:48:36.469+0000] {logging_mixin.py:188} INFO - [2025-12-30T23:48:36.469+0000] {dag.py:3096} INFO - Sync 1 DAGs
[2025-12-30T23:48:36.476+0000] {logging_mixin.py:188} INFO - [2025-12-30T23:48:36.476+0000] {dag.py:3954} INFO - Setting next_dagrun for example_complex to None, run_after=None
[2025-12-30T23:48:36.484+0000] {processor.py:183} INFO - Processing /home/airflow/.local/lib/python3.12/site-packages/airflow/example_dags/example_complex.py took 0.036 seconds
[2025-12-30T23:49:06.763+0000] {processor.py:161} INFO - Started process (PID=790) to work on /home/airflow/.local/lib/python3.12/site-packages/airflow/example_dags/example_complex.py
[2025-12-30T23:49:06.764+0000] {processor.py:830} INFO - Processing file /home/airflow/.local/lib/python3.12/site-packages/airflow/example_dags/example_complex.py for tasks to queue
[2025-12-30T23:49:06.765+0000] {logging_mixin.py:188} INFO - [2025-12-30T23:49:06.765+0000] {dagbag.py:545} INFO - Filling up the DagBag from /home/airflow/.local/lib/python3.12/site-packages/airflow/example_dags/example_complex.py
[2025-12-30T23:49:06.772+0000] {processor.py:840} INFO - DAG(s) 'example_complex' retrieved from /home/airflow/.local/lib/python3.12/site-packages/airflow/example_dags/example_complex.py
[2025-12-30T23:49:06.787+0000] {logging_mixin.py:188} INFO - [2025-12-30T23:49:06.787+0000] {dag.py:3096} INFO - Sync 1 DAGs
[2025-12-30T23:49:06.793+0000] {logging_mixin.py:188} INFO - [2025-12-30T23:49:06.793+0000] {dag.py:3954} INFO - Setting next_dagrun for example_complex to None, run_after=None
[2025-12-30T23:49:06.801+0000] {processor.py:183} INFO - Processing /home/airflow/.local/lib/python3.12/site-packages/airflow/example_dags/example_complex.py took 0.043 seconds
[2025-12-30T23:49:36.998+0000] {processor.py:161} INFO - Started process (PID=850) to work on /home/airflow/.local/lib/python3.12/site-packages/airflow/example_dags/example_complex.py
[2025-12-30T23:49:37.000+0000] {processor.py:830} INFO - Processing file /home/airflow/.local/lib/python3.12/site-packages/airflow/example_dags/example_complex.py for tasks to queue
[2025-12-30T23:49:37.003+0000] {logging_mixin.py:188} INFO - [2025-12-30T23:49:37.003+0000] {dagbag.py:545} INFO - Filling up the DagBag from /home/airflow/.local/lib/python3.12/site-packages/airflow/example_dags/example_complex.py
[2025-12-30T23:49:37.012+0000] {processor.py:840} INFO - DAG(s) 'example_complex' retrieved from /home/airflow/.local/lib/python3.12/site-packages/airflow/example_dags/example_complex.py
[2025-12-30T23:49:37.033+0000] {logging_mixin.py:188} INFO - [2025-12-30T23:49:37.033+0000] {dag.py:3096} INFO - Sync 1 DAGs
[2025-12-30T23:49:37.041+0000] {logging_mixin.py:188} INFO - [2025-12-30T23:49:37.041+0000] {dag.py:3954} INFO - Setting next_dagrun for example_complex to None, run_after=None
[2025-12-30T23:49:37.051+0000] {processor.py:183} INFO - Processing /home/airflow/.local/lib/python3.12/site-packages/airflow/example_dags/example_complex.py took 0.062 seconds
[2025-12-30T23:50:07.228+0000] {processor.py:161} INFO - Started process (PID=910) to work on /home/airflow/.local/lib/python3.12/site-packages/airflow/example_dags/example_complex.py
[2025-12-30T23:50:07.228+0000] {processor.py:830} INFO - Processing file /home/airflow/.local/lib/python3.12/site-packages/airflow/example_dags/example_complex.py for tasks to queue
[2025-12-30T23:50:07.230+0000] {logging_mixin.py:188} INFO - [2025-12-30T23:50:07.230+0000] {dagbag.py:545} INFO - Filling up the DagBag from /home/airflow/.local/lib/python3.12/site-packages/airflow/example_dags/example_complex.py
[2025-12-30T23:50:07.236+0000] {processor.py:840} INFO - DAG(s) 'example_complex' retrieved from /home/airflow/.local/lib/python3.12/site-packages/airflow/example_dags/example_complex.py
[2025-12-30T23:50:07.257+0000] {logging_mixin.py:188} INFO - [2025-12-30T23:50:07.257+0000] {dag.py:3096} INFO - Sync 1 DAGs
[2025-12-30T23:50:07.266+0000] {logging_mixin.py:188} INFO - [2025-12-30T23:50:07.266+0000] {dag.py:3954} INFO - Setting next_dagrun for example_complex to None, run_after=None
[2025-12-30T23:50:07.275+0000] {processor.py:183} INFO - Processing /home/airflow/.local/lib/python3.12/site-packages/airflow/example_dags/example_complex.py took 0.051 seconds
[2025-12-30T23:50:37.895+0000] {processor.py:161} INFO - Started process (PID=970) to work on /home/airflow/.local/lib/python3.12/site-packages/airflow/example_dags/example_complex.py
[2025-12-30T23:50:37.896+0000] {processor.py:830} INFO - Processing file /home/airflow/.local/lib/python3.12/site-packages/airflow/example_dags/example_complex.py for tasks to queue
[2025-12-30T23:50:37.897+0000] {logging_mixin.py:188} INFO - [2025-12-30T23:50:37.897+0000] {dagbag.py:545} INFO - Filling up the DagBag from /home/airflow/.local/lib/python3.12/site-packages/airflow/example_dags/example_complex.py
[2025-12-30T23:50:37.902+0000] {processor.py:840} INFO - DAG(s) 'example_complex' retrieved from /home/airflow/.local/lib/python3.12/site-packages/airflow/example_dags/example_complex.py
[2025-12-30T23:50:37.916+0000] {logging_mixin.py:188} INFO - [2025-12-30T23:50:37.916+0000] {dag.py:3096} INFO - Sync 1 DAGs
[2025-12-30T23:50:37.922+0000] {logging_mixin.py:188} INFO - [2025-12-30T23:50:37.922+0000] {dag.py:3954} INFO - Setting next_dagrun for example_complex to None, run_after=None
[2025-12-30T23:50:37.932+0000] {processor.py:183} INFO - Processing /home/airflow/.local/lib/python3.12/site-packages/airflow/example_dags/example_complex.py took 0.040 seconds
[2025-12-30T23:51:08.319+0000] {processor.py:161} INFO - Started process (PID=1030) to work on /home/airflow/.local/lib/python3.12/site-packages/airflow/example_dags/example_complex.py
[2025-12-30T23:51:08.320+0000] {processor.py:830} INFO - Processing file /home/airflow/.local/lib/python3.12/site-packages/airflow/example_dags/example_complex.py for tasks to queue
[2025-12-30T23:51:08.324+0000] {logging_mixin.py:188} INFO - [2025-12-30T23:51:08.323+0000] {dagbag.py:545} INFO - Filling up the DagBag from /home/airflow/.local/lib/python3.12/site-packages/airflow/example_dags/example_complex.py
[2025-12-30T23:51:08.332+0000] {processor.py:840} INFO - DAG(s) 'example_complex' retrieved from /home/airflow/.local/lib/python3.12/site-packages/airflow/example_dags/example_complex.py
[2025-12-30T23:51:08.363+0000] {logging_mixin.py:188} INFO - [2025-12-30T23:51:08.363+0000] {dag.py:3096} INFO - Sync 1 DAGs
[2025-12-30T23:51:08.383+0000] {logging_mixin.py:188} INFO - [2025-12-30T23:51:08.383+0000] {dag.py:3954} INFO - Setting next_dagrun for example_complex to None, run_after=None
[2025-12-30T23:51:08.412+0000] {processor.py:183} INFO - Processing /home/airflow/.local/lib/python3.12/site-packages/airflow/example_dags/example_complex.py took 0.098 seconds
[2025-12-30T23:51:39.372+0000] {processor.py:161} INFO - Started process (PID=1090) to work on /home/airflow/.local/lib/python3.12/site-packages/airflow/example_dags/example_complex.py
[2025-12-30T23:51:39.373+0000] {processor.py:830} INFO - Processing file /home/airflow/.local/lib/python3.12/site-packages/airflow/example_dags/example_complex.py for tasks to queue
[2025-12-30T23:51:39.374+0000] {logging_mixin.py:188} INFO - [2025-12-30T23:51:39.374+0000] {dagbag.py:545} INFO - Filling up the DagBag from /home/airflow/.local/lib/python3.12/site-packages/airflow/example_dags/example_complex.py
[2025-12-30T23:51:39.380+0000] {processor.py:840} INFO - DAG(s) 'example_complex' retrieved from /home/airflow/.local/lib/python3.12/site-packages/airflow/example_dags/example_complex.py
[2025-12-30T23:51:39.398+0000] {logging_mixin.py:188} INFO - [2025-12-30T23:51:39.398+0000] {dag.py:3096} INFO - Sync 1 DAGs
[2025-12-30T23:51:39.405+0000] {logging_mixin.py:188} INFO - [2025-12-30T23:51:39.405+0000] {dag.py:3954} INFO - Setting next_dagrun for example_complex to None, run_after=None
[2025-12-30T23:51:39.415+0000] {processor.py:183} INFO - Processing /home/airflow/.local/lib/python3.12/site-packages/airflow/example_dags/example_complex.py took 0.046 seconds
[2025-12-30T23:52:09.559+0000] {processor.py:161} INFO - Started process (PID=1149) to work on /home/airflow/.local/lib/python3.12/site-packages/airflow/example_dags/example_complex.py
[2025-12-30T23:52:09.560+0000] {processor.py:830} INFO - Processing file /home/airflow/.local/lib/python3.12/site-packages/airflow/example_dags/example_complex.py for tasks to queue
[2025-12-30T23:52:09.561+0000] {logging_mixin.py:188} INFO - [2025-12-30T23:52:09.561+0000] {dagbag.py:545} INFO - Filling up the DagBag from /home/airflow/.local/lib/python3.12/site-packages/airflow/example_dags/example_complex.py
[2025-12-30T23:52:09.568+0000] {processor.py:840} INFO - DAG(s) 'example_complex' retrieved from /home/airflow/.local/lib/python3.12/site-packages/airflow/example_dags/example_complex.py
[2025-12-30T23:52:09.584+0000] {logging_mixin.py:188} INFO - [2025-12-30T23:52:09.584+0000] {dag.py:3096} INFO - Sync 1 DAGs
[2025-12-30T23:52:09.592+0000] {logging_mixin.py:188} INFO - [2025-12-30T23:52:09.592+0000] {dag.py:3954} INFO - Setting next_dagrun for example_complex to None, run_after=None
[2025-12-30T23:52:09.600+0000] {processor.py:183} INFO - Processing /home/airflow/.local/lib/python3.12/site-packages/airflow/example_dags/example_complex.py took 0.046 seconds
[2025-12-30T23:52:39.881+0000] {processor.py:161} INFO - Started process (PID=1209) to work on /home/airflow/.local/lib/python3.12/site-packages/airflow/example_dags/example_complex.py
[2025-12-30T23:52:39.883+0000] {processor.py:830} INFO - Processing file /home/airflow/.local/lib/python3.12/site-packages/airflow/example_dags/example_complex.py for tasks to queue
[2025-12-30T23:52:39.885+0000] {logging_mixin.py:188} INFO - [2025-12-30T23:52:39.885+0000] {dagbag.py:545} INFO - Filling up the DagBag from /home/airflow/.local/lib/python3.12/site-packages/airflow/example_dags/example_complex.py
[2025-12-30T23:52:39.896+0000] {processor.py:840} INFO - DAG(s) 'example_complex' retrieved from /home/airflow/.local/lib/python3.12/site-packages/airflow/example_dags/example_complex.py
[2025-12-30T23:52:39.914+0000] {logging_mixin.py:188} INFO - [2025-12-30T23:52:39.914+0000] {dag.py:3096} INFO - Sync 1 DAGs
[2025-12-30T23:52:39.922+0000] {logging_mixin.py:188} INFO - [2025-12-30T23:52:39.922+0000] {dag.py:3954} INFO - Setting next_dagrun for example_complex to None, run_after=None
[2025-12-30T23:52:39.932+0000] {processor.py:183} INFO - Processing /home/airflow/.local/lib/python3.12/site-packages/airflow/example_dags/example_complex.py took 0.057 seconds
[2025-12-30T23:53:10.412+0000] {processor.py:161} INFO - Started process (PID=1269) to work on /home/airflow/.local/lib/python3.12/site-packages/airflow/example_dags/example_complex.py
[2025-12-30T23:53:10.414+0000] {processor.py:830} INFO - Processing file /home/airflow/.local/lib/python3.12/site-packages/airflow/example_dags/example_complex.py for tasks to queue
[2025-12-30T23:53:10.416+0000] {logging_mixin.py:188} INFO - [2025-12-30T23:53:10.416+0000] {dagbag.py:545} INFO - Filling up the DagBag from /home/airflow/.local/lib/python3.12/site-packages/airflow/example_dags/example_complex.py
[2025-12-30T23:53:10.429+0000] {processor.py:840} INFO - DAG(s) 'example_complex' retrieved from /home/airflow/.local/lib/python3.12/site-packages/airflow/example_dags/example_complex.py
[2025-12-30T23:53:10.457+0000] {logging_mixin.py:188} INFO - [2025-12-30T23:53:10.457+0000] {dag.py:3096} INFO - Sync 1 DAGs
[2025-12-30T23:53:10.465+0000] {logging_mixin.py:188} INFO - [2025-12-30T23:53:10.464+0000] {dag.py:3954} INFO - Setting next_dagrun for example_complex to None, run_after=None
[2025-12-30T23:53:10.477+0000] {processor.py:183} INFO - Processing /home/airflow/.local/lib/python3.12/site-packages/airflow/example_dags/example_complex.py took 0.072 seconds
[2025-12-30T23:53:40.969+0000] {processor.py:161} INFO - Started process (PID=1329) to work on /home/airflow/.local/lib/python3.12/site-packages/airflow/example_dags/example_complex.py
[2025-12-30T23:53:40.970+0000] {processor.py:830} INFO - Processing file /home/airflow/.local/lib/python3.12/site-packages/airflow/example_dags/example_complex.py for tasks to queue
[2025-12-30T23:53:40.972+0000] {logging_mixin.py:188} INFO - [2025-12-30T23:53:40.972+0000] {dagbag.py:545} INFO - Filling up the DagBag from /home/airflow/.local/lib/python3.12/site-packages/airflow/example_dags/example_complex.py
[2025-12-30T23:53:40.979+0000] {processor.py:840} INFO - DAG(s) 'example_complex' retrieved from /home/airflow/.local/lib/python3.12/site-packages/airflow/example_dags/example_complex.py
[2025-12-30T23:53:40.998+0000] {logging_mixin.py:188} INFO - [2025-12-30T23:53:40.998+0000] {dag.py:3096} INFO - Sync 1 DAGs
[2025-12-30T23:53:41.004+0000] {logging_mixin.py:188} INFO - [2025-12-30T23:53:41.004+0000] {dag.py:3954} INFO - Setting next_dagrun for example_complex to None, run_after=None
[2025-12-30T23:53:41.012+0000] {processor.py:183} INFO - Processing /home/airflow/.local/lib/python3.12/site-packages/airflow/example_dags/example_complex.py took 0.053 seconds
[2025-12-30T23:54:11.160+0000] {processor.py:161} INFO - Started process (PID=1389) to work on /home/airflow/.local/lib/python3.12/site-packages/airflow/example_dags/example_complex.py
[2025-12-30T23:54:11.161+0000] {processor.py:830} INFO - Processing file /home/airflow/.local/lib/python3.12/site-packages/airflow/example_dags/example_complex.py for tasks to queue
[2025-12-30T23:54:11.163+0000] {logging_mixin.py:188} INFO - [2025-12-30T23:54:11.162+0000] {dagbag.py:545} INFO - Filling up the DagBag from /home/airflow/.local/lib/python3.12/site-packages/airflow/example_dags/example_complex.py
[2025-12-30T23:54:11.174+0000] {processor.py:840} INFO - DAG(s) 'example_complex' retrieved from /home/airflow/.local/lib/python3.12/site-packages/airflow/example_dags/example_complex.py
[2025-12-30T23:54:11.192+0000] {logging_mixin.py:188} INFO - [2025-12-30T23:54:11.192+0000] {dag.py:3096} INFO - Sync 1 DAGs
[2025-12-30T23:54:11.198+0000] {logging_mixin.py:188} INFO - [2025-12-30T23:54:11.198+0000] {dag.py:3954} INFO - Setting next_dagrun for example_complex to None, run_after=None
[2025-12-30T23:54:11.206+0000] {processor.py:183} INFO - Processing /home/airflow/.local/lib/python3.12/site-packages/airflow/example_dags/example_complex.py took 0.054 seconds
[2025-12-30T23:54:41.567+0000] {processor.py:161} INFO - Started process (PID=1449) to work on /home/airflow/.local/lib/python3.12/site-packages/airflow/example_dags/example_complex.py
[2025-12-30T23:54:41.569+0000] {processor.py:830} INFO - Processing file /home/airflow/.local/lib/python3.12/site-packages/airflow/example_dags/example_complex.py for tasks to queue
[2025-12-30T23:54:41.572+0000] {logging_mixin.py:188} INFO - [2025-12-30T23:54:41.571+0000] {dagbag.py:545} INFO - Filling up the DagBag from /home/airflow/.local/lib/python3.12/site-packages/airflow/example_dags/example_complex.py
[2025-12-30T23:54:41.582+0000] {processor.py:840} INFO - DAG(s) 'example_complex' retrieved from /home/airflow/.local/lib/python3.12/site-packages/airflow/example_dags/example_complex.py
[2025-12-30T23:54:41.602+0000] {logging_mixin.py:188} INFO - [2025-12-30T23:54:41.602+0000] {dag.py:3096} INFO - Sync 1 DAGs
[2025-12-30T23:54:41.609+0000] {logging_mixin.py:188} INFO - [2025-12-30T23:54:41.609+0000] {dag.py:3954} INFO - Setting next_dagrun for example_complex to None, run_after=None
[2025-12-30T23:54:41.617+0000] {processor.py:183} INFO - Processing /home/airflow/.local/lib/python3.12/site-packages/airflow/example_dags/example_complex.py took 0.059 seconds
[2025-12-30T23:55:11.802+0000] {processor.py:161} INFO - Started process (PID=1509) to work on /home/airflow/.local/lib/python3.12/site-packages/airflow/example_dags/example_complex.py
[2025-12-30T23:55:11.803+0000] {processor.py:830} INFO - Processing file /home/airflow/.local/lib/python3.12/site-packages/airflow/example_dags/example_complex.py for tasks to queue
[2025-12-30T23:55:11.805+0000] {logging_mixin.py:188} INFO - [2025-12-30T23:55:11.805+0000] {dagbag.py:545} INFO - Filling up the DagBag from /home/airflow/.local/lib/python3.12/site-packages/airflow/example_dags/example_complex.py
[2025-12-30T23:55:11.813+0000] {processor.py:840} INFO - DAG(s) 'example_complex' retrieved from /home/airflow/.local/lib/python3.12/site-packages/airflow/example_dags/example_complex.py
[2025-12-30T23:55:11.831+0000] {logging_mixin.py:188} INFO - [2025-12-30T23:55:11.831+0000] {dag.py:3096} INFO - Sync 1 DAGs
[2025-12-30T23:55:11.837+0000] {logging_mixin.py:188} INFO - [2025-12-30T23:55:11.837+0000] {dag.py:3954} INFO - Setting next_dagrun for example_complex to None, run_after=None
[2025-12-30T23:55:11.845+0000] {processor.py:183} INFO - Processing /home/airflow/.local/lib/python3.12/site-packages/airflow/example_dags/example_complex.py took 0.050 seconds
[2025-12-30T23:55:42.146+0000] {processor.py:161} INFO - Started process (PID=1569) to work on /home/airflow/.local/lib/python3.12/site-packages/airflow/example_dags/example_complex.py
[2025-12-30T23:55:42.147+0000] {processor.py:830} INFO - Processing file /home/airflow/.local/lib/python3.12/site-packages/airflow/example_dags/example_complex.py for tasks to queue
[2025-12-30T23:55:42.148+0000] {logging_mixin.py:188} INFO - [2025-12-30T23:55:42.148+0000] {dagbag.py:545} INFO - Filling up the DagBag from /home/airflow/.local/lib/python3.12/site-packages/airflow/example_dags/example_complex.py
[2025-12-30T23:55:42.157+0000] {processor.py:840} INFO - DAG(s) 'example_complex' retrieved from /home/airflow/.local/lib/python3.12/site-packages/airflow/example_dags/example_complex.py
[2025-12-30T23:55:42.175+0000] {logging_mixin.py:188} INFO - [2025-12-30T23:55:42.174+0000] {dag.py:3096} INFO - Sync 1 DAGs
[2025-12-30T23:55:42.181+0000] {logging_mixin.py:188} INFO - [2025-12-30T23:55:42.181+0000] {dag.py:3954} INFO - Setting next_dagrun for example_complex to None, run_after=None
[2025-12-30T23:55:42.189+0000] {processor.py:183} INFO - Processing /home/airflow/.local/lib/python3.12/site-packages/airflow/example_dags/example_complex.py took 0.050 seconds
[2025-12-30T23:56:12.482+0000] {processor.py:161} INFO - Started process (PID=1629) to work on /home/airflow/.local/lib/python3.12/site-packages/airflow/example_dags/example_complex.py
[2025-12-30T23:56:12.483+0000] {processor.py:830} INFO - Processing file /home/airflow/.local/lib/python3.12/site-packages/airflow/example_dags/example_complex.py for tasks to queue
[2025-12-30T23:56:12.485+0000] {logging_mixin.py:188} INFO - [2025-12-30T23:56:12.485+0000] {dagbag.py:545} INFO - Filling up the DagBag from /home/airflow/.local/lib/python3.12/site-packages/airflow/example_dags/example_complex.py
[2025-12-30T23:56:12.493+0000] {processor.py:840} INFO - DAG(s) 'example_complex' retrieved from /home/airflow/.local/lib/python3.12/site-packages/airflow/example_dags/example_complex.py
[2025-12-30T23:56:12.519+0000] {logging_mixin.py:188} INFO - [2025-12-30T23:56:12.519+0000] {dag.py:3096} INFO - Sync 1 DAGs
[2025-12-30T23:56:12.526+0000] {logging_mixin.py:188} INFO - [2025-12-30T23:56:12.526+0000] {dag.py:3954} INFO - Setting next_dagrun for example_complex to None, run_after=None
[2025-12-30T23:56:12.540+0000] {processor.py:183} INFO - Processing /home/airflow/.local/lib/python3.12/site-packages/airflow/example_dags/example_complex.py took 0.064 seconds
[2025-12-30T23:56:42.845+0000] {processor.py:161} INFO - Started process (PID=1689) to work on /home/airflow/.local/lib/python3.12/site-packages/airflow/example_dags/example_complex.py
[2025-12-30T23:56:42.846+0000] {processor.py:830} INFO - Processing file /home/airflow/.local/lib/python3.12/site-packages/airflow/example_dags/example_complex.py for tasks to queue
[2025-12-30T23:56:42.848+0000] {logging_mixin.py:188} INFO - [2025-12-30T23:56:42.848+0000] {dagbag.py:545} INFO - Filling up the DagBag from /home/airflow/.local/lib/python3.12/site-packages/airflow/example_dags/example_complex.py
[2025-12-30T23:56:42.855+0000] {processor.py:840} INFO - DAG(s) 'example_complex' retrieved from /home/airflow/.local/lib/python3.12/site-packages/airflow/example_dags/example_complex.py
[2025-12-30T23:56:42.872+0000] {logging_mixin.py:188} INFO - [2025-12-30T23:56:42.872+0000] {dag.py:3096} INFO - Sync 1 DAGs
[2025-12-30T23:56:42.878+0000] {logging_mixin.py:188} INFO - [2025-12-30T23:56:42.878+0000] {dag.py:3954} INFO - Setting next_dagrun for example_complex to None, run_after=None
[2025-12-30T23:56:42.887+0000] {processor.py:183} INFO - Processing /home/airflow/.local/lib/python3.12/site-packages/airflow/example_dags/example_complex.py took 0.047 seconds
[2025-12-30T23:57:13.328+0000] {processor.py:161} INFO - Started process (PID=1749) to work on /home/airflow/.local/lib/python3.12/site-packages/airflow/example_dags/example_complex.py
[2025-12-30T23:57:13.329+0000] {processor.py:830} INFO - Processing file /home/airflow/.local/lib/python3.12/site-packages/airflow/example_dags/example_complex.py for tasks to queue
[2025-12-30T23:57:13.332+0000] {logging_mixin.py:188} INFO - [2025-12-30T23:57:13.331+0000] {dagbag.py:545} INFO - Filling up the DagBag from /home/airflow/.local/lib/python3.12/site-packages/airflow/example_dags/example_complex.py
[2025-12-30T23:57:13.339+0000] {processor.py:840} INFO - DAG(s) 'example_complex' retrieved from /home/airflow/.local/lib/python3.12/site-packages/airflow/example_dags/example_complex.py
[2025-12-30T23:57:13.356+0000] {logging_mixin.py:188} INFO - [2025-12-30T23:57:13.356+0000] {dag.py:3096} INFO - Sync 1 DAGs
[2025-12-30T23:57:13.362+0000] {logging_mixin.py:188} INFO - [2025-12-30T23:57:13.362+0000] {dag.py:3954} INFO - Setting next_dagrun for example_complex to None, run_after=None
[2025-12-30T23:57:13.371+0000] {processor.py:183} INFO - Processing /home/airflow/.local/lib/python3.12/site-packages/airflow/example_dags/example_complex.py took 0.048 seconds
[2025-12-30T23:57:43.443+0000] {processor.py:161} INFO - Started process (PID=1809) to work on /home/airflow/.local/lib/python3.12/site-packages/airflow/example_dags/example_complex.py
[2025-12-30T23:57:43.444+0000] {processor.py:830} INFO - Processing file /home/airflow/.local/lib/python3.12/site-packages/airflow/example_dags/example_complex.py for tasks to queue
[2025-12-30T23:57:43.446+0000] {logging_mixin.py:188} INFO - [2025-12-30T23:57:43.445+0000] {dagbag.py:545} INFO - Filling up the DagBag from /home/airflow/.local/lib/python3.12/site-packages/airflow/example_dags/example_complex.py
[2025-12-30T23:57:43.454+0000] {processor.py:840} INFO - DAG(s) 'example_complex' retrieved from /home/airflow/.local/lib/python3.12/site-packages/airflow/example_dags/example_complex.py
[2025-12-30T23:57:43.470+0000] {logging_mixin.py:188} INFO - [2025-12-30T23:57:43.470+0000] {dag.py:3096} INFO - Sync 1 DAGs
[2025-12-30T23:57:43.477+0000] {logging_mixin.py:188} INFO - [2025-12-30T23:57:43.477+0000] {dag.py:3954} INFO - Setting next_dagrun for example_complex to None, run_after=None
[2025-12-30T23:57:43.485+0000] {processor.py:183} INFO - Processing /home/airflow/.local/lib/python3.12/site-packages/airflow/example_dags/example_complex.py took 0.048 seconds
[2025-12-30T23:58:13.554+0000] {processor.py:161} INFO - Started process (PID=1869) to work on /home/airflow/.local/lib/python3.12/site-packages/airflow/example_dags/example_complex.py
[2025-12-30T23:58:13.554+0000] {processor.py:830} INFO - Processing file /home/airflow/.local/lib/python3.12/site-packages/airflow/example_dags/example_complex.py for tasks to queue
[2025-12-30T23:58:13.556+0000] {logging_mixin.py:188} INFO - [2025-12-30T23:58:13.556+0000] {dagbag.py:545} INFO - Filling up the DagBag from /home/airflow/.local/lib/python3.12/site-packages/airflow/example_dags/example_complex.py
[2025-12-30T23:58:13.564+0000] {processor.py:840} INFO - DAG(s) 'example_complex' retrieved from /home/airflow/.local/lib/python3.12/site-packages/airflow/example_dags/example_complex.py
[2025-12-30T23:58:13.584+0000] {logging_mixin.py:188} INFO - [2025-12-30T23:58:13.583+0000] {dag.py:3096} INFO - Sync 1 DAGs
[2025-12-30T23:58:13.596+0000] {logging_mixin.py:188} INFO - [2025-12-30T23:58:13.596+0000] {dag.py:3954} INFO - Setting next_dagrun for example_complex to None, run_after=None
[2025-12-30T23:58:13.611+0000] {processor.py:183} INFO - Processing /home/airflow/.local/lib/python3.12/site-packages/airflow/example_dags/example_complex.py took 0.061 seconds
[2025-12-30T23:58:44.262+0000] {processor.py:161} INFO - Started process (PID=1929) to work on /home/airflow/.local/lib/python3.12/site-packages/airflow/example_dags/example_complex.py
[2025-12-30T23:58:44.262+0000] {processor.py:830} INFO - Processing file /home/airflow/.local/lib/python3.12/site-packages/airflow/example_dags/example_complex.py for tasks to queue
[2025-12-30T23:58:44.263+0000] {logging_mixin.py:188} INFO - [2025-12-30T23:58:44.263+0000] {dagbag.py:545} INFO - Filling up the DagBag from /home/airflow/.local/lib/python3.12/site-packages/airflow/example_dags/example_complex.py
[2025-12-30T23:58:44.268+0000] {processor.py:840} INFO - DAG(s) 'example_complex' retrieved from /home/airflow/.local/lib/python3.12/site-packages/airflow/example_dags/example_complex.py
[2025-12-30T23:58:44.282+0000] {logging_mixin.py:188} INFO - [2025-12-30T23:58:44.282+0000] {dag.py:3096} INFO - Sync 1 DAGs
[2025-12-30T23:58:44.391+0000] {logging_mixin.py:188} INFO - [2025-12-30T23:58:44.391+0000] {dag.py:3954} INFO - Setting next_dagrun for example_complex to None, run_after=None
[2025-12-30T23:58:44.399+0000] {processor.py:183} INFO - Processing /home/airflow/.local/lib/python3.12/site-packages/airflow/example_dags/example_complex.py took 0.140 seconds
[2025-12-30T23:59:15.237+0000] {processor.py:161} INFO - Started process (PID=1989) to work on /home/airflow/.local/lib/python3.12/site-packages/airflow/example_dags/example_complex.py
[2025-12-30T23:59:15.237+0000] {processor.py:830} INFO - Processing file /home/airflow/.local/lib/python3.12/site-packages/airflow/example_dags/example_complex.py for tasks to queue
[2025-12-30T23:59:15.238+0000] {logging_mixin.py:188} INFO - [2025-12-30T23:59:15.238+0000] {dagbag.py:545} INFO - Filling up the DagBag from /home/airflow/.local/lib/python3.12/site-packages/airflow/example_dags/example_complex.py
[2025-12-30T23:59:15.243+0000] {processor.py:840} INFO - DAG(s) 'example_complex' retrieved from /home/airflow/.local/lib/python3.12/site-packages/airflow/example_dags/example_complex.py
[2025-12-30T23:59:15.258+0000] {logging_mixin.py:188} INFO - [2025-12-30T23:59:15.258+0000] {dag.py:3096} INFO - Sync 1 DAGs
[2025-12-30T23:59:15.264+0000] {logging_mixin.py:188} INFO - [2025-12-30T23:59:15.264+0000] {dag.py:3954} INFO - Setting next_dagrun for example_complex to None, run_after=None
[2025-12-30T23:59:15.364+0000] {processor.py:183} INFO - Processing /home/airflow/.local/lib/python3.12/site-packages/airflow/example_dags/example_complex.py took 0.130 seconds
[2025-12-30T23:59:45.843+0000] {processor.py:161} INFO - Started process (PID=2049) to work on /home/airflow/.local/lib/python3.12/site-packages/airflow/example_dags/example_complex.py
[2025-12-30T23:59:45.844+0000] {processor.py:830} INFO - Processing file /home/airflow/.local/lib/python3.12/site-packages/airflow/example_dags/example_complex.py for tasks to queue
[2025-12-30T23:59:45.846+0000] {logging_mixin.py:188} INFO - [2025-12-30T23:59:45.845+0000] {dagbag.py:545} INFO - Filling up the DagBag from /home/airflow/.local/lib/python3.12/site-packages/airflow/example_dags/example_complex.py
[2025-12-30T23:59:45.851+0000] {processor.py:840} INFO - DAG(s) 'example_complex' retrieved from /home/airflow/.local/lib/python3.12/site-packages/airflow/example_dags/example_complex.py
[2025-12-30T23:59:45.866+0000] {logging_mixin.py:188} INFO - [2025-12-30T23:59:45.866+0000] {dag.py:3096} INFO - Sync 1 DAGs
[2025-12-30T23:59:45.874+0000] {logging_mixin.py:188} INFO - [2025-12-30T23:59:45.873+0000] {dag.py:3954} INFO - Setting next_dagrun for example_complex to None, run_after=None
[2025-12-30T23:59:45.884+0000] {processor.py:183} INFO - Processing /home/airflow/.local/lib/python3.12/site-packages/airflow/example_dags/example_complex.py took 0.044 seconds
