[2025-12-30T23:33:50.873+0000] {processor.py:161} INFO - Started process (PID=58) to work on /home/airflow/.local/lib/python3.12/site-packages/airflow/example_dags/example_branch_day_of_week_operator.py
[2025-12-30T23:33:50.874+0000] {processor.py:830} INFO - Processing file /home/airflow/.local/lib/python3.12/site-packages/airflow/example_dags/example_branch_day_of_week_operator.py for tasks to queue
[2025-12-30T23:33:50.875+0000] {logging_mixin.py:188} INFO - [2025-12-30T23:33:50.875+0000] {dagbag.py:545} INFO - Filling up the DagBag from /home/airflow/.local/lib/python3.12/site-packages/airflow/example_dags/example_branch_day_of_week_operator.py
[2025-12-30T23:33:50.885+0000] {processor.py:840} INFO - DAG(s) 'example_weekday_branch_operator' retrieved from /home/airflow/.local/lib/python3.12/site-packages/airflow/example_dags/example_branch_day_of_week_operator.py
[2025-12-30T23:33:50.911+0000] {logging_mixin.py:188} INFO - [2025-12-30T23:33:50.911+0000] {dag.py:3096} INFO - Sync 1 DAGs
[2025-12-30T23:33:50.982+0000] {logging_mixin.py:188} INFO - [2025-12-30T23:33:50.981+0000] {dag.py:3954} INFO - Setting next_dagrun for example_weekday_branch_operator to 2025-12-29 00:00:00+00:00, run_after=2025-12-30 00:00:00+00:00
[2025-12-30T23:33:51.044+0000] {processor.py:183} INFO - Processing /home/airflow/.local/lib/python3.12/site-packages/airflow/example_dags/example_branch_day_of_week_operator.py took 0.184 seconds
[2025-12-30T23:34:21.318+0000] {processor.py:161} INFO - Started process (PID=117) to work on /home/airflow/.local/lib/python3.12/site-packages/airflow/example_dags/example_branch_day_of_week_operator.py
[2025-12-30T23:34:21.319+0000] {processor.py:830} INFO - Processing file /home/airflow/.local/lib/python3.12/site-packages/airflow/example_dags/example_branch_day_of_week_operator.py for tasks to queue
[2025-12-30T23:34:21.322+0000] {logging_mixin.py:188} INFO - [2025-12-30T23:34:21.322+0000] {dagbag.py:545} INFO - Filling up the DagBag from /home/airflow/.local/lib/python3.12/site-packages/airflow/example_dags/example_branch_day_of_week_operator.py
[2025-12-30T23:34:21.333+0000] {processor.py:840} INFO - DAG(s) 'example_weekday_branch_operator' retrieved from /home/airflow/.local/lib/python3.12/site-packages/airflow/example_dags/example_branch_day_of_week_operator.py
[2025-12-30T23:34:21.460+0000] {logging_mixin.py:188} INFO - [2025-12-30T23:34:21.460+0000] {dag.py:3096} INFO - Sync 1 DAGs
[2025-12-30T23:34:21.474+0000] {logging_mixin.py:188} INFO - [2025-12-30T23:34:21.474+0000] {dag.py:3954} INFO - Setting next_dagrun for example_weekday_branch_operator to 2025-12-29 00:00:00+00:00, run_after=2025-12-30 00:00:00+00:00
[2025-12-30T23:34:21.485+0000] {processor.py:183} INFO - Processing /home/airflow/.local/lib/python3.12/site-packages/airflow/example_dags/example_branch_day_of_week_operator.py took 0.170 seconds
[2025-12-30T23:34:51.819+0000] {processor.py:161} INFO - Started process (PID=176) to work on /home/airflow/.local/lib/python3.12/site-packages/airflow/example_dags/example_branch_day_of_week_operator.py
[2025-12-30T23:34:51.820+0000] {processor.py:830} INFO - Processing file /home/airflow/.local/lib/python3.12/site-packages/airflow/example_dags/example_branch_day_of_week_operator.py for tasks to queue
[2025-12-30T23:34:51.821+0000] {logging_mixin.py:188} INFO - [2025-12-30T23:34:51.821+0000] {dagbag.py:545} INFO - Filling up the DagBag from /home/airflow/.local/lib/python3.12/site-packages/airflow/example_dags/example_branch_day_of_week_operator.py
[2025-12-30T23:34:51.830+0000] {processor.py:840} INFO - DAG(s) 'example_weekday_branch_operator' retrieved from /home/airflow/.local/lib/python3.12/site-packages/airflow/example_dags/example_branch_day_of_week_operator.py
[2025-12-30T23:34:51.843+0000] {logging_mixin.py:188} INFO - [2025-12-30T23:34:51.843+0000] {dag.py:3096} INFO - Sync 1 DAGs
[2025-12-30T23:34:51.854+0000] {logging_mixin.py:188} INFO - [2025-12-30T23:34:51.854+0000] {dag.py:3954} INFO - Setting next_dagrun for example_weekday_branch_operator to 2025-12-29 00:00:00+00:00, run_after=2025-12-30 00:00:00+00:00
[2025-12-30T23:34:51.862+0000] {processor.py:183} INFO - Processing /home/airflow/.local/lib/python3.12/site-packages/airflow/example_dags/example_branch_day_of_week_operator.py took 0.047 seconds
[2025-12-30T23:35:22.093+0000] {processor.py:161} INFO - Started process (PID=235) to work on /home/airflow/.local/lib/python3.12/site-packages/airflow/example_dags/example_branch_day_of_week_operator.py
[2025-12-30T23:35:22.093+0000] {processor.py:830} INFO - Processing file /home/airflow/.local/lib/python3.12/site-packages/airflow/example_dags/example_branch_day_of_week_operator.py for tasks to queue
[2025-12-30T23:35:22.094+0000] {logging_mixin.py:188} INFO - [2025-12-30T23:35:22.094+0000] {dagbag.py:545} INFO - Filling up the DagBag from /home/airflow/.local/lib/python3.12/site-packages/airflow/example_dags/example_branch_day_of_week_operator.py
[2025-12-30T23:35:22.099+0000] {processor.py:840} INFO - DAG(s) 'example_weekday_branch_operator' retrieved from /home/airflow/.local/lib/python3.12/site-packages/airflow/example_dags/example_branch_day_of_week_operator.py
[2025-12-30T23:35:22.111+0000] {logging_mixin.py:188} INFO - [2025-12-30T23:35:22.111+0000] {dag.py:3096} INFO - Sync 1 DAGs
[2025-12-30T23:35:22.122+0000] {logging_mixin.py:188} INFO - [2025-12-30T23:35:22.122+0000] {dag.py:3954} INFO - Setting next_dagrun for example_weekday_branch_operator to 2025-12-29 00:00:00+00:00, run_after=2025-12-30 00:00:00+00:00
[2025-12-30T23:35:22.130+0000] {processor.py:183} INFO - Processing /home/airflow/.local/lib/python3.12/site-packages/airflow/example_dags/example_branch_day_of_week_operator.py took 0.041 seconds
[2025-12-30T23:35:52.179+0000] {processor.py:161} INFO - Started process (PID=294) to work on /home/airflow/.local/lib/python3.12/site-packages/airflow/example_dags/example_branch_day_of_week_operator.py
[2025-12-30T23:35:52.180+0000] {processor.py:830} INFO - Processing file /home/airflow/.local/lib/python3.12/site-packages/airflow/example_dags/example_branch_day_of_week_operator.py for tasks to queue
[2025-12-30T23:35:52.181+0000] {logging_mixin.py:188} INFO - [2025-12-30T23:35:52.181+0000] {dagbag.py:545} INFO - Filling up the DagBag from /home/airflow/.local/lib/python3.12/site-packages/airflow/example_dags/example_branch_day_of_week_operator.py
[2025-12-30T23:35:52.185+0000] {processor.py:840} INFO - DAG(s) 'example_weekday_branch_operator' retrieved from /home/airflow/.local/lib/python3.12/site-packages/airflow/example_dags/example_branch_day_of_week_operator.py
[2025-12-30T23:35:52.200+0000] {logging_mixin.py:188} INFO - [2025-12-30T23:35:52.199+0000] {dag.py:3096} INFO - Sync 1 DAGs
[2025-12-30T23:35:52.211+0000] {logging_mixin.py:188} INFO - [2025-12-30T23:35:52.210+0000] {dag.py:3954} INFO - Setting next_dagrun for example_weekday_branch_operator to 2025-12-29 00:00:00+00:00, run_after=2025-12-30 00:00:00+00:00
[2025-12-30T23:35:52.219+0000] {processor.py:183} INFO - Processing /home/airflow/.local/lib/python3.12/site-packages/airflow/example_dags/example_branch_day_of_week_operator.py took 0.043 seconds
[2025-12-30T23:36:22.277+0000] {processor.py:161} INFO - Started process (PID=352) to work on /home/airflow/.local/lib/python3.12/site-packages/airflow/example_dags/example_branch_day_of_week_operator.py
[2025-12-30T23:36:22.278+0000] {processor.py:830} INFO - Processing file /home/airflow/.local/lib/python3.12/site-packages/airflow/example_dags/example_branch_day_of_week_operator.py for tasks to queue
[2025-12-30T23:36:22.279+0000] {logging_mixin.py:188} INFO - [2025-12-30T23:36:22.278+0000] {dagbag.py:545} INFO - Filling up the DagBag from /home/airflow/.local/lib/python3.12/site-packages/airflow/example_dags/example_branch_day_of_week_operator.py
[2025-12-30T23:36:22.283+0000] {processor.py:840} INFO - DAG(s) 'example_weekday_branch_operator' retrieved from /home/airflow/.local/lib/python3.12/site-packages/airflow/example_dags/example_branch_day_of_week_operator.py
[2025-12-30T23:36:22.295+0000] {logging_mixin.py:188} INFO - [2025-12-30T23:36:22.294+0000] {dag.py:3096} INFO - Sync 1 DAGs
[2025-12-30T23:36:22.305+0000] {logging_mixin.py:188} INFO - [2025-12-30T23:36:22.305+0000] {dag.py:3954} INFO - Setting next_dagrun for example_weekday_branch_operator to 2025-12-29 00:00:00+00:00, run_after=2025-12-30 00:00:00+00:00
[2025-12-30T23:36:22.313+0000] {processor.py:183} INFO - Processing /home/airflow/.local/lib/python3.12/site-packages/airflow/example_dags/example_branch_day_of_week_operator.py took 0.039 seconds
[2025-12-30T23:36:52.801+0000] {processor.py:161} INFO - Started process (PID=418) to work on /home/airflow/.local/lib/python3.12/site-packages/airflow/example_dags/example_branch_day_of_week_operator.py
[2025-12-30T23:36:52.801+0000] {processor.py:830} INFO - Processing file /home/airflow/.local/lib/python3.12/site-packages/airflow/example_dags/example_branch_day_of_week_operator.py for tasks to queue
[2025-12-30T23:36:52.802+0000] {logging_mixin.py:188} INFO - [2025-12-30T23:36:52.802+0000] {dagbag.py:545} INFO - Filling up the DagBag from /home/airflow/.local/lib/python3.12/site-packages/airflow/example_dags/example_branch_day_of_week_operator.py
[2025-12-30T23:36:52.806+0000] {processor.py:840} INFO - DAG(s) 'example_weekday_branch_operator' retrieved from /home/airflow/.local/lib/python3.12/site-packages/airflow/example_dags/example_branch_day_of_week_operator.py
[2025-12-30T23:36:52.818+0000] {logging_mixin.py:188} INFO - [2025-12-30T23:36:52.818+0000] {dag.py:3096} INFO - Sync 1 DAGs
[2025-12-30T23:36:52.828+0000] {logging_mixin.py:188} INFO - [2025-12-30T23:36:52.828+0000] {dag.py:3954} INFO - Setting next_dagrun for example_weekday_branch_operator to 2025-12-29 00:00:00+00:00, run_after=2025-12-30 00:00:00+00:00
[2025-12-30T23:36:52.836+0000] {processor.py:183} INFO - Processing /home/airflow/.local/lib/python3.12/site-packages/airflow/example_dags/example_branch_day_of_week_operator.py took 0.039 seconds
[2025-12-30T23:37:23.180+0000] {processor.py:161} INFO - Started process (PID=477) to work on /home/airflow/.local/lib/python3.12/site-packages/airflow/example_dags/example_branch_day_of_week_operator.py
[2025-12-30T23:37:23.180+0000] {processor.py:830} INFO - Processing file /home/airflow/.local/lib/python3.12/site-packages/airflow/example_dags/example_branch_day_of_week_operator.py for tasks to queue
[2025-12-30T23:37:23.182+0000] {logging_mixin.py:188} INFO - [2025-12-30T23:37:23.181+0000] {dagbag.py:545} INFO - Filling up the DagBag from /home/airflow/.local/lib/python3.12/site-packages/airflow/example_dags/example_branch_day_of_week_operator.py
[2025-12-30T23:37:23.187+0000] {processor.py:840} INFO - DAG(s) 'example_weekday_branch_operator' retrieved from /home/airflow/.local/lib/python3.12/site-packages/airflow/example_dags/example_branch_day_of_week_operator.py
[2025-12-30T23:37:23.202+0000] {logging_mixin.py:188} INFO - [2025-12-30T23:37:23.202+0000] {dag.py:3096} INFO - Sync 1 DAGs
[2025-12-30T23:37:23.215+0000] {logging_mixin.py:188} INFO - [2025-12-30T23:37:23.215+0000] {dag.py:3954} INFO - Setting next_dagrun for example_weekday_branch_operator to 2025-12-29 00:00:00+00:00, run_after=2025-12-30 00:00:00+00:00
[2025-12-30T23:37:23.224+0000] {processor.py:183} INFO - Processing /home/airflow/.local/lib/python3.12/site-packages/airflow/example_dags/example_branch_day_of_week_operator.py took 0.049 seconds
[2025-12-30T23:37:53.524+0000] {processor.py:161} INFO - Started process (PID=536) to work on /home/airflow/.local/lib/python3.12/site-packages/airflow/example_dags/example_branch_day_of_week_operator.py
[2025-12-30T23:37:53.524+0000] {processor.py:830} INFO - Processing file /home/airflow/.local/lib/python3.12/site-packages/airflow/example_dags/example_branch_day_of_week_operator.py for tasks to queue
[2025-12-30T23:37:53.525+0000] {logging_mixin.py:188} INFO - [2025-12-30T23:37:53.525+0000] {dagbag.py:545} INFO - Filling up the DagBag from /home/airflow/.local/lib/python3.12/site-packages/airflow/example_dags/example_branch_day_of_week_operator.py
[2025-12-30T23:37:53.529+0000] {processor.py:840} INFO - DAG(s) 'example_weekday_branch_operator' retrieved from /home/airflow/.local/lib/python3.12/site-packages/airflow/example_dags/example_branch_day_of_week_operator.py
[2025-12-30T23:37:53.544+0000] {logging_mixin.py:188} INFO - [2025-12-30T23:37:53.543+0000] {dag.py:3096} INFO - Sync 1 DAGs
[2025-12-30T23:37:53.555+0000] {logging_mixin.py:188} INFO - [2025-12-30T23:37:53.555+0000] {dag.py:3954} INFO - Setting next_dagrun for example_weekday_branch_operator to 2025-12-29 00:00:00+00:00, run_after=2025-12-30 00:00:00+00:00
[2025-12-30T23:37:53.563+0000] {processor.py:183} INFO - Processing /home/airflow/.local/lib/python3.12/site-packages/airflow/example_dags/example_branch_day_of_week_operator.py took 0.043 seconds
[2025-12-30T23:38:24.087+0000] {processor.py:161} INFO - Started process (PID=595) to work on /home/airflow/.local/lib/python3.12/site-packages/airflow/example_dags/example_branch_day_of_week_operator.py
[2025-12-30T23:38:24.087+0000] {processor.py:830} INFO - Processing file /home/airflow/.local/lib/python3.12/site-packages/airflow/example_dags/example_branch_day_of_week_operator.py for tasks to queue
[2025-12-30T23:38:24.089+0000] {logging_mixin.py:188} INFO - [2025-12-30T23:38:24.089+0000] {dagbag.py:545} INFO - Filling up the DagBag from /home/airflow/.local/lib/python3.12/site-packages/airflow/example_dags/example_branch_day_of_week_operator.py
[2025-12-30T23:38:24.094+0000] {processor.py:840} INFO - DAG(s) 'example_weekday_branch_operator' retrieved from /home/airflow/.local/lib/python3.12/site-packages/airflow/example_dags/example_branch_day_of_week_operator.py
[2025-12-30T23:38:24.104+0000] {logging_mixin.py:188} INFO - [2025-12-30T23:38:24.104+0000] {dag.py:3096} INFO - Sync 1 DAGs
[2025-12-30T23:38:24.115+0000] {logging_mixin.py:188} INFO - [2025-12-30T23:38:24.114+0000] {dag.py:3954} INFO - Setting next_dagrun for example_weekday_branch_operator to 2025-12-29 00:00:00+00:00, run_after=2025-12-30 00:00:00+00:00
[2025-12-30T23:38:24.126+0000] {processor.py:183} INFO - Processing /home/airflow/.local/lib/python3.12/site-packages/airflow/example_dags/example_branch_day_of_week_operator.py took 0.043 seconds
[2025-12-30T23:38:54.528+0000] {processor.py:161} INFO - Started process (PID=654) to work on /home/airflow/.local/lib/python3.12/site-packages/airflow/example_dags/example_branch_day_of_week_operator.py
[2025-12-30T23:38:54.528+0000] {processor.py:830} INFO - Processing file /home/airflow/.local/lib/python3.12/site-packages/airflow/example_dags/example_branch_day_of_week_operator.py for tasks to queue
[2025-12-30T23:38:54.529+0000] {logging_mixin.py:188} INFO - [2025-12-30T23:38:54.529+0000] {dagbag.py:545} INFO - Filling up the DagBag from /home/airflow/.local/lib/python3.12/site-packages/airflow/example_dags/example_branch_day_of_week_operator.py
[2025-12-30T23:38:54.534+0000] {processor.py:840} INFO - DAG(s) 'example_weekday_branch_operator' retrieved from /home/airflow/.local/lib/python3.12/site-packages/airflow/example_dags/example_branch_day_of_week_operator.py
[2025-12-30T23:38:54.551+0000] {logging_mixin.py:188} INFO - [2025-12-30T23:38:54.550+0000] {dag.py:3096} INFO - Sync 1 DAGs
[2025-12-30T23:38:54.566+0000] {logging_mixin.py:188} INFO - [2025-12-30T23:38:54.566+0000] {dag.py:3954} INFO - Setting next_dagrun for example_weekday_branch_operator to 2025-12-29 00:00:00+00:00, run_after=2025-12-30 00:00:00+00:00
[2025-12-30T23:38:54.574+0000] {processor.py:183} INFO - Processing /home/airflow/.local/lib/python3.12/site-packages/airflow/example_dags/example_branch_day_of_week_operator.py took 0.050 seconds
[2025-12-30T23:39:24.800+0000] {processor.py:161} INFO - Started process (PID=713) to work on /home/airflow/.local/lib/python3.12/site-packages/airflow/example_dags/example_branch_day_of_week_operator.py
[2025-12-30T23:39:24.801+0000] {processor.py:830} INFO - Processing file /home/airflow/.local/lib/python3.12/site-packages/airflow/example_dags/example_branch_day_of_week_operator.py for tasks to queue
[2025-12-30T23:39:24.802+0000] {logging_mixin.py:188} INFO - [2025-12-30T23:39:24.802+0000] {dagbag.py:545} INFO - Filling up the DagBag from /home/airflow/.local/lib/python3.12/site-packages/airflow/example_dags/example_branch_day_of_week_operator.py
[2025-12-30T23:39:24.806+0000] {processor.py:840} INFO - DAG(s) 'example_weekday_branch_operator' retrieved from /home/airflow/.local/lib/python3.12/site-packages/airflow/example_dags/example_branch_day_of_week_operator.py
[2025-12-30T23:39:24.820+0000] {logging_mixin.py:188} INFO - [2025-12-30T23:39:24.819+0000] {dag.py:3096} INFO - Sync 1 DAGs
[2025-12-30T23:39:24.832+0000] {logging_mixin.py:188} INFO - [2025-12-30T23:39:24.832+0000] {dag.py:3954} INFO - Setting next_dagrun for example_weekday_branch_operator to 2025-12-29 00:00:00+00:00, run_after=2025-12-30 00:00:00+00:00
[2025-12-30T23:39:24.843+0000] {processor.py:183} INFO - Processing /home/airflow/.local/lib/python3.12/site-packages/airflow/example_dags/example_branch_day_of_week_operator.py took 0.046 seconds
[2025-12-30T23:39:55.202+0000] {processor.py:161} INFO - Started process (PID=772) to work on /home/airflow/.local/lib/python3.12/site-packages/airflow/example_dags/example_branch_day_of_week_operator.py
[2025-12-30T23:39:55.202+0000] {processor.py:830} INFO - Processing file /home/airflow/.local/lib/python3.12/site-packages/airflow/example_dags/example_branch_day_of_week_operator.py for tasks to queue
[2025-12-30T23:39:55.203+0000] {logging_mixin.py:188} INFO - [2025-12-30T23:39:55.203+0000] {dagbag.py:545} INFO - Filling up the DagBag from /home/airflow/.local/lib/python3.12/site-packages/airflow/example_dags/example_branch_day_of_week_operator.py
[2025-12-30T23:39:55.207+0000] {processor.py:840} INFO - DAG(s) 'example_weekday_branch_operator' retrieved from /home/airflow/.local/lib/python3.12/site-packages/airflow/example_dags/example_branch_day_of_week_operator.py
[2025-12-30T23:39:55.219+0000] {logging_mixin.py:188} INFO - [2025-12-30T23:39:55.219+0000] {dag.py:3096} INFO - Sync 1 DAGs
[2025-12-30T23:39:55.230+0000] {logging_mixin.py:188} INFO - [2025-12-30T23:39:55.230+0000] {dag.py:3954} INFO - Setting next_dagrun for example_weekday_branch_operator to 2025-12-29 00:00:00+00:00, run_after=2025-12-30 00:00:00+00:00
[2025-12-30T23:39:55.238+0000] {processor.py:183} INFO - Processing /home/airflow/.local/lib/python3.12/site-packages/airflow/example_dags/example_branch_day_of_week_operator.py took 0.039 seconds
[2025-12-30T23:40:25.526+0000] {processor.py:161} INFO - Started process (PID=831) to work on /home/airflow/.local/lib/python3.12/site-packages/airflow/example_dags/example_branch_day_of_week_operator.py
[2025-12-30T23:40:25.526+0000] {processor.py:830} INFO - Processing file /home/airflow/.local/lib/python3.12/site-packages/airflow/example_dags/example_branch_day_of_week_operator.py for tasks to queue
[2025-12-30T23:40:25.527+0000] {logging_mixin.py:188} INFO - [2025-12-30T23:40:25.527+0000] {dagbag.py:545} INFO - Filling up the DagBag from /home/airflow/.local/lib/python3.12/site-packages/airflow/example_dags/example_branch_day_of_week_operator.py
[2025-12-30T23:40:25.531+0000] {processor.py:840} INFO - DAG(s) 'example_weekday_branch_operator' retrieved from /home/airflow/.local/lib/python3.12/site-packages/airflow/example_dags/example_branch_day_of_week_operator.py
[2025-12-30T23:40:25.544+0000] {logging_mixin.py:188} INFO - [2025-12-30T23:40:25.543+0000] {dag.py:3096} INFO - Sync 1 DAGs
[2025-12-30T23:40:25.555+0000] {logging_mixin.py:188} INFO - [2025-12-30T23:40:25.554+0000] {dag.py:3954} INFO - Setting next_dagrun for example_weekday_branch_operator to 2025-12-29 00:00:00+00:00, run_after=2025-12-30 00:00:00+00:00
[2025-12-30T23:40:25.564+0000] {processor.py:183} INFO - Processing /home/airflow/.local/lib/python3.12/site-packages/airflow/example_dags/example_branch_day_of_week_operator.py took 0.042 seconds
[2025-12-30T23:40:55.754+0000] {processor.py:161} INFO - Started process (PID=891) to work on /home/airflow/.local/lib/python3.12/site-packages/airflow/example_dags/example_branch_day_of_week_operator.py
[2025-12-30T23:40:55.755+0000] {processor.py:830} INFO - Processing file /home/airflow/.local/lib/python3.12/site-packages/airflow/example_dags/example_branch_day_of_week_operator.py for tasks to queue
[2025-12-30T23:40:55.756+0000] {logging_mixin.py:188} INFO - [2025-12-30T23:40:55.756+0000] {dagbag.py:545} INFO - Filling up the DagBag from /home/airflow/.local/lib/python3.12/site-packages/airflow/example_dags/example_branch_day_of_week_operator.py
[2025-12-30T23:40:55.763+0000] {processor.py:840} INFO - DAG(s) 'example_weekday_branch_operator' retrieved from /home/airflow/.local/lib/python3.12/site-packages/airflow/example_dags/example_branch_day_of_week_operator.py
[2025-12-30T23:40:55.780+0000] {logging_mixin.py:188} INFO - [2025-12-30T23:40:55.780+0000] {dag.py:3096} INFO - Sync 1 DAGs
[2025-12-30T23:40:55.795+0000] {logging_mixin.py:188} INFO - [2025-12-30T23:40:55.795+0000] {dag.py:3954} INFO - Setting next_dagrun for example_weekday_branch_operator to 2025-12-29 00:00:00+00:00, run_after=2025-12-30 00:00:00+00:00
[2025-12-30T23:40:55.806+0000] {processor.py:183} INFO - Processing /home/airflow/.local/lib/python3.12/site-packages/airflow/example_dags/example_branch_day_of_week_operator.py took 0.056 seconds
[2025-12-30T23:42:58.042+0000] {processor.py:161} INFO - Started process (PID=57) to work on /home/airflow/.local/lib/python3.12/site-packages/airflow/example_dags/example_branch_day_of_week_operator.py
[2025-12-30T23:42:58.044+0000] {processor.py:830} INFO - Processing file /home/airflow/.local/lib/python3.12/site-packages/airflow/example_dags/example_branch_day_of_week_operator.py for tasks to queue
[2025-12-30T23:42:58.051+0000] {logging_mixin.py:188} INFO - [2025-12-30T23:42:58.050+0000] {dagbag.py:545} INFO - Filling up the DagBag from /home/airflow/.local/lib/python3.12/site-packages/airflow/example_dags/example_branch_day_of_week_operator.py
[2025-12-30T23:42:58.075+0000] {processor.py:840} INFO - DAG(s) 'example_weekday_branch_operator' retrieved from /home/airflow/.local/lib/python3.12/site-packages/airflow/example_dags/example_branch_day_of_week_operator.py
[2025-12-30T23:42:58.090+0000] {logging_mixin.py:188} INFO - [2025-12-30T23:42:58.090+0000] {dag.py:3096} INFO - Sync 1 DAGs
[2025-12-30T23:42:58.121+0000] {logging_mixin.py:188} INFO - [2025-12-30T23:42:58.120+0000] {dag.py:3954} INFO - Setting next_dagrun for example_weekday_branch_operator to 2025-12-29 00:00:00+00:00, run_after=2025-12-30 00:00:00+00:00
[2025-12-30T23:42:58.142+0000] {processor.py:183} INFO - Processing /home/airflow/.local/lib/python3.12/site-packages/airflow/example_dags/example_branch_day_of_week_operator.py took 0.113 seconds
[2025-12-30T23:43:28.778+0000] {processor.py:161} INFO - Started process (PID=117) to work on /home/airflow/.local/lib/python3.12/site-packages/airflow/example_dags/example_branch_day_of_week_operator.py
[2025-12-30T23:43:28.778+0000] {processor.py:830} INFO - Processing file /home/airflow/.local/lib/python3.12/site-packages/airflow/example_dags/example_branch_day_of_week_operator.py for tasks to queue
[2025-12-30T23:43:28.779+0000] {logging_mixin.py:188} INFO - [2025-12-30T23:43:28.779+0000] {dagbag.py:545} INFO - Filling up the DagBag from /home/airflow/.local/lib/python3.12/site-packages/airflow/example_dags/example_branch_day_of_week_operator.py
[2025-12-30T23:43:28.784+0000] {processor.py:840} INFO - DAG(s) 'example_weekday_branch_operator' retrieved from /home/airflow/.local/lib/python3.12/site-packages/airflow/example_dags/example_branch_day_of_week_operator.py
[2025-12-30T23:43:28.839+0000] {logging_mixin.py:188} INFO - [2025-12-30T23:43:28.839+0000] {dag.py:3096} INFO - Sync 1 DAGs
[2025-12-30T23:43:28.848+0000] {logging_mixin.py:188} INFO - [2025-12-30T23:43:28.848+0000] {dag.py:3954} INFO - Setting next_dagrun for example_weekday_branch_operator to 2025-12-29 00:00:00+00:00, run_after=2025-12-30 00:00:00+00:00
[2025-12-30T23:43:28.858+0000] {processor.py:183} INFO - Processing /home/airflow/.local/lib/python3.12/site-packages/airflow/example_dags/example_branch_day_of_week_operator.py took 0.084 seconds
[2025-12-30T23:43:59.520+0000] {processor.py:161} INFO - Started process (PID=183) to work on /home/airflow/.local/lib/python3.12/site-packages/airflow/example_dags/example_branch_day_of_week_operator.py
[2025-12-30T23:43:59.521+0000] {processor.py:830} INFO - Processing file /home/airflow/.local/lib/python3.12/site-packages/airflow/example_dags/example_branch_day_of_week_operator.py for tasks to queue
[2025-12-30T23:43:59.522+0000] {logging_mixin.py:188} INFO - [2025-12-30T23:43:59.522+0000] {dagbag.py:545} INFO - Filling up the DagBag from /home/airflow/.local/lib/python3.12/site-packages/airflow/example_dags/example_branch_day_of_week_operator.py
[2025-12-30T23:43:59.528+0000] {processor.py:840} INFO - DAG(s) 'example_weekday_branch_operator' retrieved from /home/airflow/.local/lib/python3.12/site-packages/airflow/example_dags/example_branch_day_of_week_operator.py
[2025-12-30T23:43:59.550+0000] {logging_mixin.py:188} INFO - [2025-12-30T23:43:59.550+0000] {dag.py:3096} INFO - Sync 1 DAGs
[2025-12-30T23:43:59.567+0000] {logging_mixin.py:188} INFO - [2025-12-30T23:43:59.567+0000] {dag.py:3954} INFO - Setting next_dagrun for example_weekday_branch_operator to 2025-12-29 00:00:00+00:00, run_after=2025-12-30 00:00:00+00:00
[2025-12-30T23:43:59.577+0000] {processor.py:183} INFO - Processing /home/airflow/.local/lib/python3.12/site-packages/airflow/example_dags/example_branch_day_of_week_operator.py took 0.060 seconds
[2025-12-30T23:44:29.806+0000] {processor.py:161} INFO - Started process (PID=243) to work on /home/airflow/.local/lib/python3.12/site-packages/airflow/example_dags/example_branch_day_of_week_operator.py
[2025-12-30T23:44:29.806+0000] {processor.py:830} INFO - Processing file /home/airflow/.local/lib/python3.12/site-packages/airflow/example_dags/example_branch_day_of_week_operator.py for tasks to queue
[2025-12-30T23:44:29.807+0000] {logging_mixin.py:188} INFO - [2025-12-30T23:44:29.807+0000] {dagbag.py:545} INFO - Filling up the DagBag from /home/airflow/.local/lib/python3.12/site-packages/airflow/example_dags/example_branch_day_of_week_operator.py
[2025-12-30T23:44:29.812+0000] {processor.py:840} INFO - DAG(s) 'example_weekday_branch_operator' retrieved from /home/airflow/.local/lib/python3.12/site-packages/airflow/example_dags/example_branch_day_of_week_operator.py
[2025-12-30T23:44:29.823+0000] {logging_mixin.py:188} INFO - [2025-12-30T23:44:29.823+0000] {dag.py:3096} INFO - Sync 1 DAGs
[2025-12-30T23:44:29.836+0000] {logging_mixin.py:188} INFO - [2025-12-30T23:44:29.836+0000] {dag.py:3954} INFO - Setting next_dagrun for example_weekday_branch_operator to 2025-12-29 00:00:00+00:00, run_after=2025-12-30 00:00:00+00:00
[2025-12-30T23:44:29.849+0000] {processor.py:183} INFO - Processing /home/airflow/.local/lib/python3.12/site-packages/airflow/example_dags/example_branch_day_of_week_operator.py took 0.047 seconds
[2025-12-30T23:45:00.358+0000] {processor.py:161} INFO - Started process (PID=303) to work on /home/airflow/.local/lib/python3.12/site-packages/airflow/example_dags/example_branch_day_of_week_operator.py
[2025-12-30T23:45:00.359+0000] {processor.py:830} INFO - Processing file /home/airflow/.local/lib/python3.12/site-packages/airflow/example_dags/example_branch_day_of_week_operator.py for tasks to queue
[2025-12-30T23:45:00.361+0000] {logging_mixin.py:188} INFO - [2025-12-30T23:45:00.360+0000] {dagbag.py:545} INFO - Filling up the DagBag from /home/airflow/.local/lib/python3.12/site-packages/airflow/example_dags/example_branch_day_of_week_operator.py
[2025-12-30T23:45:00.366+0000] {processor.py:840} INFO - DAG(s) 'example_weekday_branch_operator' retrieved from /home/airflow/.local/lib/python3.12/site-packages/airflow/example_dags/example_branch_day_of_week_operator.py
[2025-12-30T23:45:00.380+0000] {logging_mixin.py:188} INFO - [2025-12-30T23:45:00.380+0000] {dag.py:3096} INFO - Sync 1 DAGs
[2025-12-30T23:45:00.393+0000] {logging_mixin.py:188} INFO - [2025-12-30T23:45:00.393+0000] {dag.py:3954} INFO - Setting next_dagrun for example_weekday_branch_operator to 2025-12-29 00:00:00+00:00, run_after=2025-12-30 00:00:00+00:00
[2025-12-30T23:45:00.405+0000] {processor.py:183} INFO - Processing /home/airflow/.local/lib/python3.12/site-packages/airflow/example_dags/example_branch_day_of_week_operator.py took 0.051 seconds
[2025-12-30T23:45:31.731+0000] {processor.py:161} INFO - Started process (PID=363) to work on /home/airflow/.local/lib/python3.12/site-packages/airflow/example_dags/example_branch_day_of_week_operator.py
[2025-12-30T23:45:31.732+0000] {processor.py:830} INFO - Processing file /home/airflow/.local/lib/python3.12/site-packages/airflow/example_dags/example_branch_day_of_week_operator.py for tasks to queue
[2025-12-30T23:45:31.733+0000] {logging_mixin.py:188} INFO - [2025-12-30T23:45:31.733+0000] {dagbag.py:545} INFO - Filling up the DagBag from /home/airflow/.local/lib/python3.12/site-packages/airflow/example_dags/example_branch_day_of_week_operator.py
[2025-12-30T23:45:31.737+0000] {processor.py:840} INFO - DAG(s) 'example_weekday_branch_operator' retrieved from /home/airflow/.local/lib/python3.12/site-packages/airflow/example_dags/example_branch_day_of_week_operator.py
[2025-12-30T23:45:31.750+0000] {logging_mixin.py:188} INFO - [2025-12-30T23:45:31.750+0000] {dag.py:3096} INFO - Sync 1 DAGs
[2025-12-30T23:45:31.764+0000] {logging_mixin.py:188} INFO - [2025-12-30T23:45:31.764+0000] {dag.py:3954} INFO - Setting next_dagrun for example_weekday_branch_operator to 2025-12-29 00:00:00+00:00, run_after=2025-12-30 00:00:00+00:00
[2025-12-30T23:45:31.772+0000] {processor.py:183} INFO - Processing /home/airflow/.local/lib/python3.12/site-packages/airflow/example_dags/example_branch_day_of_week_operator.py took 0.044 seconds
[2025-12-30T23:46:02.891+0000] {processor.py:161} INFO - Started process (PID=423) to work on /home/airflow/.local/lib/python3.12/site-packages/airflow/example_dags/example_branch_day_of_week_operator.py
[2025-12-30T23:46:02.892+0000] {processor.py:830} INFO - Processing file /home/airflow/.local/lib/python3.12/site-packages/airflow/example_dags/example_branch_day_of_week_operator.py for tasks to queue
[2025-12-30T23:46:02.894+0000] {logging_mixin.py:188} INFO - [2025-12-30T23:46:02.894+0000] {dagbag.py:545} INFO - Filling up the DagBag from /home/airflow/.local/lib/python3.12/site-packages/airflow/example_dags/example_branch_day_of_week_operator.py
[2025-12-30T23:46:02.901+0000] {processor.py:840} INFO - DAG(s) 'example_weekday_branch_operator' retrieved from /home/airflow/.local/lib/python3.12/site-packages/airflow/example_dags/example_branch_day_of_week_operator.py
[2025-12-30T23:46:02.915+0000] {logging_mixin.py:188} INFO - [2025-12-30T23:46:02.915+0000] {dag.py:3096} INFO - Sync 1 DAGs
[2025-12-30T23:46:02.927+0000] {logging_mixin.py:188} INFO - [2025-12-30T23:46:02.927+0000] {dag.py:3954} INFO - Setting next_dagrun for example_weekday_branch_operator to 2025-12-29 00:00:00+00:00, run_after=2025-12-30 00:00:00+00:00
[2025-12-30T23:46:02.935+0000] {processor.py:183} INFO - Processing /home/airflow/.local/lib/python3.12/site-packages/airflow/example_dags/example_branch_day_of_week_operator.py took 0.051 seconds
[2025-12-30T23:46:33.879+0000] {processor.py:161} INFO - Started process (PID=483) to work on /home/airflow/.local/lib/python3.12/site-packages/airflow/example_dags/example_branch_day_of_week_operator.py
[2025-12-30T23:46:33.880+0000] {processor.py:830} INFO - Processing file /home/airflow/.local/lib/python3.12/site-packages/airflow/example_dags/example_branch_day_of_week_operator.py for tasks to queue
[2025-12-30T23:46:33.881+0000] {logging_mixin.py:188} INFO - [2025-12-30T23:46:33.881+0000] {dagbag.py:545} INFO - Filling up the DagBag from /home/airflow/.local/lib/python3.12/site-packages/airflow/example_dags/example_branch_day_of_week_operator.py
[2025-12-30T23:46:33.885+0000] {processor.py:840} INFO - DAG(s) 'example_weekday_branch_operator' retrieved from /home/airflow/.local/lib/python3.12/site-packages/airflow/example_dags/example_branch_day_of_week_operator.py
[2025-12-30T23:46:33.897+0000] {logging_mixin.py:188} INFO - [2025-12-30T23:46:33.897+0000] {dag.py:3096} INFO - Sync 1 DAGs
[2025-12-30T23:46:33.909+0000] {logging_mixin.py:188} INFO - [2025-12-30T23:46:33.909+0000] {dag.py:3954} INFO - Setting next_dagrun for example_weekday_branch_operator to 2025-12-29 00:00:00+00:00, run_after=2025-12-30 00:00:00+00:00
[2025-12-30T23:46:33.921+0000] {processor.py:183} INFO - Processing /home/airflow/.local/lib/python3.12/site-packages/airflow/example_dags/example_branch_day_of_week_operator.py took 0.045 seconds
[2025-12-30T23:47:04.090+0000] {processor.py:161} INFO - Started process (PID=543) to work on /home/airflow/.local/lib/python3.12/site-packages/airflow/example_dags/example_branch_day_of_week_operator.py
[2025-12-30T23:47:04.091+0000] {processor.py:830} INFO - Processing file /home/airflow/.local/lib/python3.12/site-packages/airflow/example_dags/example_branch_day_of_week_operator.py for tasks to queue
[2025-12-30T23:47:04.092+0000] {logging_mixin.py:188} INFO - [2025-12-30T23:47:04.092+0000] {dagbag.py:545} INFO - Filling up the DagBag from /home/airflow/.local/lib/python3.12/site-packages/airflow/example_dags/example_branch_day_of_week_operator.py
[2025-12-30T23:47:04.097+0000] {processor.py:840} INFO - DAG(s) 'example_weekday_branch_operator' retrieved from /home/airflow/.local/lib/python3.12/site-packages/airflow/example_dags/example_branch_day_of_week_operator.py
[2025-12-30T23:47:04.117+0000] {logging_mixin.py:188} INFO - [2025-12-30T23:47:04.117+0000] {dag.py:3096} INFO - Sync 1 DAGs
[2025-12-30T23:47:04.130+0000] {logging_mixin.py:188} INFO - [2025-12-30T23:47:04.130+0000] {dag.py:3954} INFO - Setting next_dagrun for example_weekday_branch_operator to 2025-12-29 00:00:00+00:00, run_after=2025-12-30 00:00:00+00:00
[2025-12-30T23:47:04.141+0000] {processor.py:183} INFO - Processing /home/airflow/.local/lib/python3.12/site-packages/airflow/example_dags/example_branch_day_of_week_operator.py took 0.055 seconds
[2025-12-30T23:47:34.669+0000] {processor.py:161} INFO - Started process (PID=601) to work on /home/airflow/.local/lib/python3.12/site-packages/airflow/example_dags/example_branch_day_of_week_operator.py
[2025-12-30T23:47:34.669+0000] {processor.py:830} INFO - Processing file /home/airflow/.local/lib/python3.12/site-packages/airflow/example_dags/example_branch_day_of_week_operator.py for tasks to queue
[2025-12-30T23:47:34.671+0000] {logging_mixin.py:188} INFO - [2025-12-30T23:47:34.671+0000] {dagbag.py:545} INFO - Filling up the DagBag from /home/airflow/.local/lib/python3.12/site-packages/airflow/example_dags/example_branch_day_of_week_operator.py
[2025-12-30T23:47:34.675+0000] {processor.py:840} INFO - DAG(s) 'example_weekday_branch_operator' retrieved from /home/airflow/.local/lib/python3.12/site-packages/airflow/example_dags/example_branch_day_of_week_operator.py
[2025-12-30T23:47:34.687+0000] {logging_mixin.py:188} INFO - [2025-12-30T23:47:34.687+0000] {dag.py:3096} INFO - Sync 1 DAGs
[2025-12-30T23:47:34.701+0000] {logging_mixin.py:188} INFO - [2025-12-30T23:47:34.701+0000] {dag.py:3954} INFO - Setting next_dagrun for example_weekday_branch_operator to 2025-12-29 00:00:00+00:00, run_after=2025-12-30 00:00:00+00:00
[2025-12-30T23:47:34.711+0000] {processor.py:183} INFO - Processing /home/airflow/.local/lib/python3.12/site-packages/airflow/example_dags/example_branch_day_of_week_operator.py took 0.045 seconds
[2025-12-30T23:48:04.868+0000] {processor.py:161} INFO - Started process (PID=661) to work on /home/airflow/.local/lib/python3.12/site-packages/airflow/example_dags/example_branch_day_of_week_operator.py
[2025-12-30T23:48:04.869+0000] {processor.py:830} INFO - Processing file /home/airflow/.local/lib/python3.12/site-packages/airflow/example_dags/example_branch_day_of_week_operator.py for tasks to queue
[2025-12-30T23:48:04.870+0000] {logging_mixin.py:188} INFO - [2025-12-30T23:48:04.870+0000] {dagbag.py:545} INFO - Filling up the DagBag from /home/airflow/.local/lib/python3.12/site-packages/airflow/example_dags/example_branch_day_of_week_operator.py
[2025-12-30T23:48:04.875+0000] {processor.py:840} INFO - DAG(s) 'example_weekday_branch_operator' retrieved from /home/airflow/.local/lib/python3.12/site-packages/airflow/example_dags/example_branch_day_of_week_operator.py
[2025-12-30T23:48:04.887+0000] {logging_mixin.py:188} INFO - [2025-12-30T23:48:04.887+0000] {dag.py:3096} INFO - Sync 1 DAGs
[2025-12-30T23:48:04.898+0000] {logging_mixin.py:188} INFO - [2025-12-30T23:48:04.898+0000] {dag.py:3954} INFO - Setting next_dagrun for example_weekday_branch_operator to 2025-12-29 00:00:00+00:00, run_after=2025-12-30 00:00:00+00:00
[2025-12-30T23:48:04.907+0000] {processor.py:183} INFO - Processing /home/airflow/.local/lib/python3.12/site-packages/airflow/example_dags/example_branch_day_of_week_operator.py took 0.042 seconds
[2025-12-30T23:48:34.963+0000] {processor.py:161} INFO - Started process (PID=720) to work on /home/airflow/.local/lib/python3.12/site-packages/airflow/example_dags/example_branch_day_of_week_operator.py
[2025-12-30T23:48:34.964+0000] {processor.py:830} INFO - Processing file /home/airflow/.local/lib/python3.12/site-packages/airflow/example_dags/example_branch_day_of_week_operator.py for tasks to queue
[2025-12-30T23:48:34.965+0000] {logging_mixin.py:188} INFO - [2025-12-30T23:48:34.965+0000] {dagbag.py:545} INFO - Filling up the DagBag from /home/airflow/.local/lib/python3.12/site-packages/airflow/example_dags/example_branch_day_of_week_operator.py
[2025-12-30T23:48:34.968+0000] {processor.py:840} INFO - DAG(s) 'example_weekday_branch_operator' retrieved from /home/airflow/.local/lib/python3.12/site-packages/airflow/example_dags/example_branch_day_of_week_operator.py
[2025-12-30T23:48:34.979+0000] {logging_mixin.py:188} INFO - [2025-12-30T23:48:34.979+0000] {dag.py:3096} INFO - Sync 1 DAGs
[2025-12-30T23:48:34.989+0000] {logging_mixin.py:188} INFO - [2025-12-30T23:48:34.989+0000] {dag.py:3954} INFO - Setting next_dagrun for example_weekday_branch_operator to 2025-12-29 00:00:00+00:00, run_after=2025-12-30 00:00:00+00:00
[2025-12-30T23:48:35.000+0000] {processor.py:183} INFO - Processing /home/airflow/.local/lib/python3.12/site-packages/airflow/example_dags/example_branch_day_of_week_operator.py took 0.040 seconds
[2025-12-30T23:49:05.328+0000] {processor.py:161} INFO - Started process (PID=780) to work on /home/airflow/.local/lib/python3.12/site-packages/airflow/example_dags/example_branch_day_of_week_operator.py
[2025-12-30T23:49:05.329+0000] {processor.py:830} INFO - Processing file /home/airflow/.local/lib/python3.12/site-packages/airflow/example_dags/example_branch_day_of_week_operator.py for tasks to queue
[2025-12-30T23:49:05.330+0000] {logging_mixin.py:188} INFO - [2025-12-30T23:49:05.330+0000] {dagbag.py:545} INFO - Filling up the DagBag from /home/airflow/.local/lib/python3.12/site-packages/airflow/example_dags/example_branch_day_of_week_operator.py
[2025-12-30T23:49:05.335+0000] {processor.py:840} INFO - DAG(s) 'example_weekday_branch_operator' retrieved from /home/airflow/.local/lib/python3.12/site-packages/airflow/example_dags/example_branch_day_of_week_operator.py
[2025-12-30T23:49:05.351+0000] {logging_mixin.py:188} INFO - [2025-12-30T23:49:05.351+0000] {dag.py:3096} INFO - Sync 1 DAGs
[2025-12-30T23:49:05.362+0000] {logging_mixin.py:188} INFO - [2025-12-30T23:49:05.362+0000] {dag.py:3954} INFO - Setting next_dagrun for example_weekday_branch_operator to 2025-12-29 00:00:00+00:00, run_after=2025-12-30 00:00:00+00:00
[2025-12-30T23:49:05.371+0000] {processor.py:183} INFO - Processing /home/airflow/.local/lib/python3.12/site-packages/airflow/example_dags/example_branch_day_of_week_operator.py took 0.046 seconds
[2025-12-30T23:49:35.623+0000] {processor.py:161} INFO - Started process (PID=840) to work on /home/airflow/.local/lib/python3.12/site-packages/airflow/example_dags/example_branch_day_of_week_operator.py
[2025-12-30T23:49:35.624+0000] {processor.py:830} INFO - Processing file /home/airflow/.local/lib/python3.12/site-packages/airflow/example_dags/example_branch_day_of_week_operator.py for tasks to queue
[2025-12-30T23:49:35.625+0000] {logging_mixin.py:188} INFO - [2025-12-30T23:49:35.625+0000] {dagbag.py:545} INFO - Filling up the DagBag from /home/airflow/.local/lib/python3.12/site-packages/airflow/example_dags/example_branch_day_of_week_operator.py
[2025-12-30T23:49:35.631+0000] {processor.py:840} INFO - DAG(s) 'example_weekday_branch_operator' retrieved from /home/airflow/.local/lib/python3.12/site-packages/airflow/example_dags/example_branch_day_of_week_operator.py
[2025-12-30T23:49:35.645+0000] {logging_mixin.py:188} INFO - [2025-12-30T23:49:35.645+0000] {dag.py:3096} INFO - Sync 1 DAGs
[2025-12-30T23:49:35.658+0000] {logging_mixin.py:188} INFO - [2025-12-30T23:49:35.658+0000] {dag.py:3954} INFO - Setting next_dagrun for example_weekday_branch_operator to 2025-12-29 00:00:00+00:00, run_after=2025-12-30 00:00:00+00:00
[2025-12-30T23:49:35.667+0000] {processor.py:183} INFO - Processing /home/airflow/.local/lib/python3.12/site-packages/airflow/example_dags/example_branch_day_of_week_operator.py took 0.047 seconds
[2025-12-30T23:50:05.836+0000] {processor.py:161} INFO - Started process (PID=900) to work on /home/airflow/.local/lib/python3.12/site-packages/airflow/example_dags/example_branch_day_of_week_operator.py
[2025-12-30T23:50:05.837+0000] {processor.py:830} INFO - Processing file /home/airflow/.local/lib/python3.12/site-packages/airflow/example_dags/example_branch_day_of_week_operator.py for tasks to queue
[2025-12-30T23:50:05.839+0000] {logging_mixin.py:188} INFO - [2025-12-30T23:50:05.838+0000] {dagbag.py:545} INFO - Filling up the DagBag from /home/airflow/.local/lib/python3.12/site-packages/airflow/example_dags/example_branch_day_of_week_operator.py
[2025-12-30T23:50:05.845+0000] {processor.py:840} INFO - DAG(s) 'example_weekday_branch_operator' retrieved from /home/airflow/.local/lib/python3.12/site-packages/airflow/example_dags/example_branch_day_of_week_operator.py
[2025-12-30T23:50:05.863+0000] {logging_mixin.py:188} INFO - [2025-12-30T23:50:05.862+0000] {dag.py:3096} INFO - Sync 1 DAGs
[2025-12-30T23:50:05.875+0000] {logging_mixin.py:188} INFO - [2025-12-30T23:50:05.874+0000] {dag.py:3954} INFO - Setting next_dagrun for example_weekday_branch_operator to 2025-12-29 00:00:00+00:00, run_after=2025-12-30 00:00:00+00:00
[2025-12-30T23:50:05.884+0000] {processor.py:183} INFO - Processing /home/airflow/.local/lib/python3.12/site-packages/airflow/example_dags/example_branch_day_of_week_operator.py took 0.052 seconds
[2025-12-30T23:50:36.555+0000] {processor.py:161} INFO - Started process (PID=960) to work on /home/airflow/.local/lib/python3.12/site-packages/airflow/example_dags/example_branch_day_of_week_operator.py
[2025-12-30T23:50:36.556+0000] {processor.py:830} INFO - Processing file /home/airflow/.local/lib/python3.12/site-packages/airflow/example_dags/example_branch_day_of_week_operator.py for tasks to queue
[2025-12-30T23:50:36.558+0000] {logging_mixin.py:188} INFO - [2025-12-30T23:50:36.558+0000] {dagbag.py:545} INFO - Filling up the DagBag from /home/airflow/.local/lib/python3.12/site-packages/airflow/example_dags/example_branch_day_of_week_operator.py
[2025-12-30T23:50:36.567+0000] {processor.py:840} INFO - DAG(s) 'example_weekday_branch_operator' retrieved from /home/airflow/.local/lib/python3.12/site-packages/airflow/example_dags/example_branch_day_of_week_operator.py
[2025-12-30T23:50:36.581+0000] {logging_mixin.py:188} INFO - [2025-12-30T23:50:36.580+0000] {dag.py:3096} INFO - Sync 1 DAGs
[2025-12-30T23:50:36.593+0000] {logging_mixin.py:188} INFO - [2025-12-30T23:50:36.593+0000] {dag.py:3954} INFO - Setting next_dagrun for example_weekday_branch_operator to 2025-12-29 00:00:00+00:00, run_after=2025-12-30 00:00:00+00:00
[2025-12-30T23:50:36.605+0000] {processor.py:183} INFO - Processing /home/airflow/.local/lib/python3.12/site-packages/airflow/example_dags/example_branch_day_of_week_operator.py took 0.056 seconds
[2025-12-30T23:51:06.965+0000] {processor.py:161} INFO - Started process (PID=1020) to work on /home/airflow/.local/lib/python3.12/site-packages/airflow/example_dags/example_branch_day_of_week_operator.py
[2025-12-30T23:51:06.965+0000] {processor.py:830} INFO - Processing file /home/airflow/.local/lib/python3.12/site-packages/airflow/example_dags/example_branch_day_of_week_operator.py for tasks to queue
[2025-12-30T23:51:06.966+0000] {logging_mixin.py:188} INFO - [2025-12-30T23:51:06.966+0000] {dagbag.py:545} INFO - Filling up the DagBag from /home/airflow/.local/lib/python3.12/site-packages/airflow/example_dags/example_branch_day_of_week_operator.py
[2025-12-30T23:51:06.972+0000] {processor.py:840} INFO - DAG(s) 'example_weekday_branch_operator' retrieved from /home/airflow/.local/lib/python3.12/site-packages/airflow/example_dags/example_branch_day_of_week_operator.py
[2025-12-30T23:51:06.993+0000] {logging_mixin.py:188} INFO - [2025-12-30T23:51:06.993+0000] {dag.py:3096} INFO - Sync 1 DAGs
[2025-12-30T23:51:07.005+0000] {logging_mixin.py:188} INFO - [2025-12-30T23:51:07.005+0000] {dag.py:3954} INFO - Setting next_dagrun for example_weekday_branch_operator to 2025-12-29 00:00:00+00:00, run_after=2025-12-30 00:00:00+00:00
[2025-12-30T23:51:07.013+0000] {processor.py:183} INFO - Processing /home/airflow/.local/lib/python3.12/site-packages/airflow/example_dags/example_branch_day_of_week_operator.py took 0.053 seconds
[2025-12-30T23:51:37.097+0000] {processor.py:161} INFO - Started process (PID=1080) to work on /home/airflow/.local/lib/python3.12/site-packages/airflow/example_dags/example_branch_day_of_week_operator.py
[2025-12-30T23:51:37.097+0000] {processor.py:830} INFO - Processing file /home/airflow/.local/lib/python3.12/site-packages/airflow/example_dags/example_branch_day_of_week_operator.py for tasks to queue
[2025-12-30T23:51:37.098+0000] {logging_mixin.py:188} INFO - [2025-12-30T23:51:37.098+0000] {dagbag.py:545} INFO - Filling up the DagBag from /home/airflow/.local/lib/python3.12/site-packages/airflow/example_dags/example_branch_day_of_week_operator.py
[2025-12-30T23:51:37.103+0000] {processor.py:840} INFO - DAG(s) 'example_weekday_branch_operator' retrieved from /home/airflow/.local/lib/python3.12/site-packages/airflow/example_dags/example_branch_day_of_week_operator.py
[2025-12-30T23:51:37.116+0000] {logging_mixin.py:188} INFO - [2025-12-30T23:51:37.116+0000] {dag.py:3096} INFO - Sync 1 DAGs
[2025-12-30T23:51:37.127+0000] {logging_mixin.py:188} INFO - [2025-12-30T23:51:37.127+0000] {dag.py:3954} INFO - Setting next_dagrun for example_weekday_branch_operator to 2025-12-29 00:00:00+00:00, run_after=2025-12-30 00:00:00+00:00
[2025-12-30T23:51:37.136+0000] {processor.py:183} INFO - Processing /home/airflow/.local/lib/python3.12/site-packages/airflow/example_dags/example_branch_day_of_week_operator.py took 0.043 seconds
[2025-12-30T23:52:07.289+0000] {processor.py:161} INFO - Started process (PID=1140) to work on /home/airflow/.local/lib/python3.12/site-packages/airflow/example_dags/example_branch_day_of_week_operator.py
[2025-12-30T23:52:07.289+0000] {processor.py:830} INFO - Processing file /home/airflow/.local/lib/python3.12/site-packages/airflow/example_dags/example_branch_day_of_week_operator.py for tasks to queue
[2025-12-30T23:52:07.290+0000] {logging_mixin.py:188} INFO - [2025-12-30T23:52:07.290+0000] {dagbag.py:545} INFO - Filling up the DagBag from /home/airflow/.local/lib/python3.12/site-packages/airflow/example_dags/example_branch_day_of_week_operator.py
[2025-12-30T23:52:07.294+0000] {processor.py:840} INFO - DAG(s) 'example_weekday_branch_operator' retrieved from /home/airflow/.local/lib/python3.12/site-packages/airflow/example_dags/example_branch_day_of_week_operator.py
[2025-12-30T23:52:07.305+0000] {logging_mixin.py:188} INFO - [2025-12-30T23:52:07.305+0000] {dag.py:3096} INFO - Sync 1 DAGs
[2025-12-30T23:52:07.315+0000] {logging_mixin.py:188} INFO - [2025-12-30T23:52:07.315+0000] {dag.py:3954} INFO - Setting next_dagrun for example_weekday_branch_operator to 2025-12-29 00:00:00+00:00, run_after=2025-12-30 00:00:00+00:00
[2025-12-30T23:52:07.322+0000] {processor.py:183} INFO - Processing /home/airflow/.local/lib/python3.12/site-packages/airflow/example_dags/example_branch_day_of_week_operator.py took 0.036 seconds
[2025-12-30T23:52:37.594+0000] {processor.py:161} INFO - Started process (PID=1200) to work on /home/airflow/.local/lib/python3.12/site-packages/airflow/example_dags/example_branch_day_of_week_operator.py
[2025-12-30T23:52:37.595+0000] {processor.py:830} INFO - Processing file /home/airflow/.local/lib/python3.12/site-packages/airflow/example_dags/example_branch_day_of_week_operator.py for tasks to queue
[2025-12-30T23:52:37.596+0000] {logging_mixin.py:188} INFO - [2025-12-30T23:52:37.596+0000] {dagbag.py:545} INFO - Filling up the DagBag from /home/airflow/.local/lib/python3.12/site-packages/airflow/example_dags/example_branch_day_of_week_operator.py
[2025-12-30T23:52:37.599+0000] {processor.py:840} INFO - DAG(s) 'example_weekday_branch_operator' retrieved from /home/airflow/.local/lib/python3.12/site-packages/airflow/example_dags/example_branch_day_of_week_operator.py
[2025-12-30T23:52:37.610+0000] {logging_mixin.py:188} INFO - [2025-12-30T23:52:37.610+0000] {dag.py:3096} INFO - Sync 1 DAGs
[2025-12-30T23:52:37.621+0000] {logging_mixin.py:188} INFO - [2025-12-30T23:52:37.621+0000] {dag.py:3954} INFO - Setting next_dagrun for example_weekday_branch_operator to 2025-12-29 00:00:00+00:00, run_after=2025-12-30 00:00:00+00:00
[2025-12-30T23:52:37.629+0000] {processor.py:183} INFO - Processing /home/airflow/.local/lib/python3.12/site-packages/airflow/example_dags/example_branch_day_of_week_operator.py took 0.037 seconds
[2025-12-30T23:53:07.998+0000] {processor.py:161} INFO - Started process (PID=1260) to work on /home/airflow/.local/lib/python3.12/site-packages/airflow/example_dags/example_branch_day_of_week_operator.py
[2025-12-30T23:53:07.999+0000] {processor.py:830} INFO - Processing file /home/airflow/.local/lib/python3.12/site-packages/airflow/example_dags/example_branch_day_of_week_operator.py for tasks to queue
[2025-12-30T23:53:08.002+0000] {logging_mixin.py:188} INFO - [2025-12-30T23:53:08.002+0000] {dagbag.py:545} INFO - Filling up the DagBag from /home/airflow/.local/lib/python3.12/site-packages/airflow/example_dags/example_branch_day_of_week_operator.py
[2025-12-30T23:53:08.010+0000] {processor.py:840} INFO - DAG(s) 'example_weekday_branch_operator' retrieved from /home/airflow/.local/lib/python3.12/site-packages/airflow/example_dags/example_branch_day_of_week_operator.py
[2025-12-30T23:53:08.033+0000] {logging_mixin.py:188} INFO - [2025-12-30T23:53:08.033+0000] {dag.py:3096} INFO - Sync 1 DAGs
[2025-12-30T23:53:08.049+0000] {logging_mixin.py:188} INFO - [2025-12-30T23:53:08.049+0000] {dag.py:3954} INFO - Setting next_dagrun for example_weekday_branch_operator to 2025-12-29 00:00:00+00:00, run_after=2025-12-30 00:00:00+00:00
[2025-12-30T23:53:08.063+0000] {processor.py:183} INFO - Processing /home/airflow/.local/lib/python3.12/site-packages/airflow/example_dags/example_branch_day_of_week_operator.py took 0.069 seconds
[2025-12-30T23:53:38.690+0000] {processor.py:161} INFO - Started process (PID=1320) to work on /home/airflow/.local/lib/python3.12/site-packages/airflow/example_dags/example_branch_day_of_week_operator.py
[2025-12-30T23:53:38.691+0000] {processor.py:830} INFO - Processing file /home/airflow/.local/lib/python3.12/site-packages/airflow/example_dags/example_branch_day_of_week_operator.py for tasks to queue
[2025-12-30T23:53:38.692+0000] {logging_mixin.py:188} INFO - [2025-12-30T23:53:38.692+0000] {dagbag.py:545} INFO - Filling up the DagBag from /home/airflow/.local/lib/python3.12/site-packages/airflow/example_dags/example_branch_day_of_week_operator.py
[2025-12-30T23:53:38.696+0000] {processor.py:840} INFO - DAG(s) 'example_weekday_branch_operator' retrieved from /home/airflow/.local/lib/python3.12/site-packages/airflow/example_dags/example_branch_day_of_week_operator.py
[2025-12-30T23:53:38.707+0000] {logging_mixin.py:188} INFO - [2025-12-30T23:53:38.707+0000] {dag.py:3096} INFO - Sync 1 DAGs
[2025-12-30T23:53:38.718+0000] {logging_mixin.py:188} INFO - [2025-12-30T23:53:38.718+0000] {dag.py:3954} INFO - Setting next_dagrun for example_weekday_branch_operator to 2025-12-29 00:00:00+00:00, run_after=2025-12-30 00:00:00+00:00
[2025-12-30T23:53:38.726+0000] {processor.py:183} INFO - Processing /home/airflow/.local/lib/python3.12/site-packages/airflow/example_dags/example_branch_day_of_week_operator.py took 0.039 seconds
[2025-12-30T23:54:08.887+0000] {processor.py:161} INFO - Started process (PID=1380) to work on /home/airflow/.local/lib/python3.12/site-packages/airflow/example_dags/example_branch_day_of_week_operator.py
[2025-12-30T23:54:08.888+0000] {processor.py:830} INFO - Processing file /home/airflow/.local/lib/python3.12/site-packages/airflow/example_dags/example_branch_day_of_week_operator.py for tasks to queue
[2025-12-30T23:54:08.889+0000] {logging_mixin.py:188} INFO - [2025-12-30T23:54:08.889+0000] {dagbag.py:545} INFO - Filling up the DagBag from /home/airflow/.local/lib/python3.12/site-packages/airflow/example_dags/example_branch_day_of_week_operator.py
[2025-12-30T23:54:08.893+0000] {processor.py:840} INFO - DAG(s) 'example_weekday_branch_operator' retrieved from /home/airflow/.local/lib/python3.12/site-packages/airflow/example_dags/example_branch_day_of_week_operator.py
[2025-12-30T23:54:08.904+0000] {logging_mixin.py:188} INFO - [2025-12-30T23:54:08.904+0000] {dag.py:3096} INFO - Sync 1 DAGs
[2025-12-30T23:54:08.915+0000] {logging_mixin.py:188} INFO - [2025-12-30T23:54:08.915+0000] {dag.py:3954} INFO - Setting next_dagrun for example_weekday_branch_operator to 2025-12-29 00:00:00+00:00, run_after=2025-12-30 00:00:00+00:00
[2025-12-30T23:54:08.923+0000] {processor.py:183} INFO - Processing /home/airflow/.local/lib/python3.12/site-packages/airflow/example_dags/example_branch_day_of_week_operator.py took 0.039 seconds
[2025-12-30T23:54:39.199+0000] {processor.py:161} INFO - Started process (PID=1440) to work on /home/airflow/.local/lib/python3.12/site-packages/airflow/example_dags/example_branch_day_of_week_operator.py
[2025-12-30T23:54:39.200+0000] {processor.py:830} INFO - Processing file /home/airflow/.local/lib/python3.12/site-packages/airflow/example_dags/example_branch_day_of_week_operator.py for tasks to queue
[2025-12-30T23:54:39.201+0000] {logging_mixin.py:188} INFO - [2025-12-30T23:54:39.201+0000] {dagbag.py:545} INFO - Filling up the DagBag from /home/airflow/.local/lib/python3.12/site-packages/airflow/example_dags/example_branch_day_of_week_operator.py
[2025-12-30T23:54:39.205+0000] {processor.py:840} INFO - DAG(s) 'example_weekday_branch_operator' retrieved from /home/airflow/.local/lib/python3.12/site-packages/airflow/example_dags/example_branch_day_of_week_operator.py
[2025-12-30T23:54:39.216+0000] {logging_mixin.py:188} INFO - [2025-12-30T23:54:39.216+0000] {dag.py:3096} INFO - Sync 1 DAGs
[2025-12-30T23:54:39.229+0000] {logging_mixin.py:188} INFO - [2025-12-30T23:54:39.229+0000] {dag.py:3954} INFO - Setting next_dagrun for example_weekday_branch_operator to 2025-12-29 00:00:00+00:00, run_after=2025-12-30 00:00:00+00:00
[2025-12-30T23:54:39.238+0000] {processor.py:183} INFO - Processing /home/airflow/.local/lib/python3.12/site-packages/airflow/example_dags/example_branch_day_of_week_operator.py took 0.042 seconds
[2025-12-30T23:55:09.535+0000] {processor.py:161} INFO - Started process (PID=1500) to work on /home/airflow/.local/lib/python3.12/site-packages/airflow/example_dags/example_branch_day_of_week_operator.py
[2025-12-30T23:55:09.535+0000] {processor.py:830} INFO - Processing file /home/airflow/.local/lib/python3.12/site-packages/airflow/example_dags/example_branch_day_of_week_operator.py for tasks to queue
[2025-12-30T23:55:09.536+0000] {logging_mixin.py:188} INFO - [2025-12-30T23:55:09.536+0000] {dagbag.py:545} INFO - Filling up the DagBag from /home/airflow/.local/lib/python3.12/site-packages/airflow/example_dags/example_branch_day_of_week_operator.py
[2025-12-30T23:55:09.541+0000] {processor.py:840} INFO - DAG(s) 'example_weekday_branch_operator' retrieved from /home/airflow/.local/lib/python3.12/site-packages/airflow/example_dags/example_branch_day_of_week_operator.py
[2025-12-30T23:55:09.553+0000] {logging_mixin.py:188} INFO - [2025-12-30T23:55:09.553+0000] {dag.py:3096} INFO - Sync 1 DAGs
[2025-12-30T23:55:09.564+0000] {logging_mixin.py:188} INFO - [2025-12-30T23:55:09.564+0000] {dag.py:3954} INFO - Setting next_dagrun for example_weekday_branch_operator to 2025-12-29 00:00:00+00:00, run_after=2025-12-30 00:00:00+00:00
[2025-12-30T23:55:09.573+0000] {processor.py:183} INFO - Processing /home/airflow/.local/lib/python3.12/site-packages/airflow/example_dags/example_branch_day_of_week_operator.py took 0.043 seconds
[2025-12-30T23:55:39.803+0000] {processor.py:161} INFO - Started process (PID=1560) to work on /home/airflow/.local/lib/python3.12/site-packages/airflow/example_dags/example_branch_day_of_week_operator.py
[2025-12-30T23:55:39.804+0000] {processor.py:830} INFO - Processing file /home/airflow/.local/lib/python3.12/site-packages/airflow/example_dags/example_branch_day_of_week_operator.py for tasks to queue
[2025-12-30T23:55:39.805+0000] {logging_mixin.py:188} INFO - [2025-12-30T23:55:39.805+0000] {dagbag.py:545} INFO - Filling up the DagBag from /home/airflow/.local/lib/python3.12/site-packages/airflow/example_dags/example_branch_day_of_week_operator.py
[2025-12-30T23:55:39.811+0000] {processor.py:840} INFO - DAG(s) 'example_weekday_branch_operator' retrieved from /home/airflow/.local/lib/python3.12/site-packages/airflow/example_dags/example_branch_day_of_week_operator.py
[2025-12-30T23:55:39.830+0000] {logging_mixin.py:188} INFO - [2025-12-30T23:55:39.830+0000] {dag.py:3096} INFO - Sync 1 DAGs
[2025-12-30T23:55:39.843+0000] {logging_mixin.py:188} INFO - [2025-12-30T23:55:39.843+0000] {dag.py:3954} INFO - Setting next_dagrun for example_weekday_branch_operator to 2025-12-29 00:00:00+00:00, run_after=2025-12-30 00:00:00+00:00
[2025-12-30T23:55:39.855+0000] {processor.py:183} INFO - Processing /home/airflow/.local/lib/python3.12/site-packages/airflow/example_dags/example_branch_day_of_week_operator.py took 0.055 seconds
[2025-12-30T23:56:10.163+0000] {processor.py:161} INFO - Started process (PID=1620) to work on /home/airflow/.local/lib/python3.12/site-packages/airflow/example_dags/example_branch_day_of_week_operator.py
[2025-12-30T23:56:10.163+0000] {processor.py:830} INFO - Processing file /home/airflow/.local/lib/python3.12/site-packages/airflow/example_dags/example_branch_day_of_week_operator.py for tasks to queue
[2025-12-30T23:56:10.164+0000] {logging_mixin.py:188} INFO - [2025-12-30T23:56:10.164+0000] {dagbag.py:545} INFO - Filling up the DagBag from /home/airflow/.local/lib/python3.12/site-packages/airflow/example_dags/example_branch_day_of_week_operator.py
[2025-12-30T23:56:10.168+0000] {processor.py:840} INFO - DAG(s) 'example_weekday_branch_operator' retrieved from /home/airflow/.local/lib/python3.12/site-packages/airflow/example_dags/example_branch_day_of_week_operator.py
[2025-12-30T23:56:10.181+0000] {logging_mixin.py:188} INFO - [2025-12-30T23:56:10.180+0000] {dag.py:3096} INFO - Sync 1 DAGs
[2025-12-30T23:56:10.197+0000] {logging_mixin.py:188} INFO - [2025-12-30T23:56:10.196+0000] {dag.py:3954} INFO - Setting next_dagrun for example_weekday_branch_operator to 2025-12-29 00:00:00+00:00, run_after=2025-12-30 00:00:00+00:00
[2025-12-30T23:56:10.207+0000] {processor.py:183} INFO - Processing /home/airflow/.local/lib/python3.12/site-packages/airflow/example_dags/example_branch_day_of_week_operator.py took 0.047 seconds
[2025-12-30T23:56:40.598+0000] {processor.py:161} INFO - Started process (PID=1680) to work on /home/airflow/.local/lib/python3.12/site-packages/airflow/example_dags/example_branch_day_of_week_operator.py
[2025-12-30T23:56:40.598+0000] {processor.py:830} INFO - Processing file /home/airflow/.local/lib/python3.12/site-packages/airflow/example_dags/example_branch_day_of_week_operator.py for tasks to queue
[2025-12-30T23:56:40.599+0000] {logging_mixin.py:188} INFO - [2025-12-30T23:56:40.599+0000] {dagbag.py:545} INFO - Filling up the DagBag from /home/airflow/.local/lib/python3.12/site-packages/airflow/example_dags/example_branch_day_of_week_operator.py
[2025-12-30T23:56:40.604+0000] {processor.py:840} INFO - DAG(s) 'example_weekday_branch_operator' retrieved from /home/airflow/.local/lib/python3.12/site-packages/airflow/example_dags/example_branch_day_of_week_operator.py
[2025-12-30T23:56:40.614+0000] {logging_mixin.py:188} INFO - [2025-12-30T23:56:40.614+0000] {dag.py:3096} INFO - Sync 1 DAGs
[2025-12-30T23:56:40.624+0000] {logging_mixin.py:188} INFO - [2025-12-30T23:56:40.624+0000] {dag.py:3954} INFO - Setting next_dagrun for example_weekday_branch_operator to 2025-12-29 00:00:00+00:00, run_after=2025-12-30 00:00:00+00:00
[2025-12-30T23:56:40.632+0000] {processor.py:183} INFO - Processing /home/airflow/.local/lib/python3.12/site-packages/airflow/example_dags/example_branch_day_of_week_operator.py took 0.037 seconds
[2025-12-30T23:57:11.047+0000] {processor.py:161} INFO - Started process (PID=1740) to work on /home/airflow/.local/lib/python3.12/site-packages/airflow/example_dags/example_branch_day_of_week_operator.py
[2025-12-30T23:57:11.048+0000] {processor.py:830} INFO - Processing file /home/airflow/.local/lib/python3.12/site-packages/airflow/example_dags/example_branch_day_of_week_operator.py for tasks to queue
[2025-12-30T23:57:11.049+0000] {logging_mixin.py:188} INFO - [2025-12-30T23:57:11.049+0000] {dagbag.py:545} INFO - Filling up the DagBag from /home/airflow/.local/lib/python3.12/site-packages/airflow/example_dags/example_branch_day_of_week_operator.py
[2025-12-30T23:57:11.054+0000] {processor.py:840} INFO - DAG(s) 'example_weekday_branch_operator' retrieved from /home/airflow/.local/lib/python3.12/site-packages/airflow/example_dags/example_branch_day_of_week_operator.py
[2025-12-30T23:57:11.068+0000] {logging_mixin.py:188} INFO - [2025-12-30T23:57:11.068+0000] {dag.py:3096} INFO - Sync 1 DAGs
[2025-12-30T23:57:11.079+0000] {logging_mixin.py:188} INFO - [2025-12-30T23:57:11.078+0000] {dag.py:3954} INFO - Setting next_dagrun for example_weekday_branch_operator to 2025-12-29 00:00:00+00:00, run_after=2025-12-30 00:00:00+00:00
[2025-12-30T23:57:11.086+0000] {processor.py:183} INFO - Processing /home/airflow/.local/lib/python3.12/site-packages/airflow/example_dags/example_branch_day_of_week_operator.py took 0.045 seconds
[2025-12-30T23:57:41.845+0000] {processor.py:161} INFO - Started process (PID=1800) to work on /home/airflow/.local/lib/python3.12/site-packages/airflow/example_dags/example_branch_day_of_week_operator.py
[2025-12-30T23:57:41.846+0000] {processor.py:830} INFO - Processing file /home/airflow/.local/lib/python3.12/site-packages/airflow/example_dags/example_branch_day_of_week_operator.py for tasks to queue
[2025-12-30T23:57:41.848+0000] {logging_mixin.py:188} INFO - [2025-12-30T23:57:41.848+0000] {dagbag.py:545} INFO - Filling up the DagBag from /home/airflow/.local/lib/python3.12/site-packages/airflow/example_dags/example_branch_day_of_week_operator.py
[2025-12-30T23:57:41.853+0000] {processor.py:840} INFO - DAG(s) 'example_weekday_branch_operator' retrieved from /home/airflow/.local/lib/python3.12/site-packages/airflow/example_dags/example_branch_day_of_week_operator.py
[2025-12-30T23:57:41.871+0000] {logging_mixin.py:188} INFO - [2025-12-30T23:57:41.871+0000] {dag.py:3096} INFO - Sync 1 DAGs
[2025-12-30T23:57:41.893+0000] {logging_mixin.py:188} INFO - [2025-12-30T23:57:41.892+0000] {dag.py:3954} INFO - Setting next_dagrun for example_weekday_branch_operator to 2025-12-29 00:00:00+00:00, run_after=2025-12-30 00:00:00+00:00
[2025-12-30T23:57:41.903+0000] {processor.py:183} INFO - Processing /home/airflow/.local/lib/python3.12/site-packages/airflow/example_dags/example_branch_day_of_week_operator.py took 0.063 seconds
[2025-12-30T23:58:12.800+0000] {processor.py:161} INFO - Started process (PID=1860) to work on /home/airflow/.local/lib/python3.12/site-packages/airflow/example_dags/example_branch_day_of_week_operator.py
[2025-12-30T23:58:12.801+0000] {processor.py:830} INFO - Processing file /home/airflow/.local/lib/python3.12/site-packages/airflow/example_dags/example_branch_day_of_week_operator.py for tasks to queue
[2025-12-30T23:58:12.802+0000] {logging_mixin.py:188} INFO - [2025-12-30T23:58:12.802+0000] {dagbag.py:545} INFO - Filling up the DagBag from /home/airflow/.local/lib/python3.12/site-packages/airflow/example_dags/example_branch_day_of_week_operator.py
[2025-12-30T23:58:12.809+0000] {processor.py:840} INFO - DAG(s) 'example_weekday_branch_operator' retrieved from /home/airflow/.local/lib/python3.12/site-packages/airflow/example_dags/example_branch_day_of_week_operator.py
[2025-12-30T23:58:12.828+0000] {logging_mixin.py:188} INFO - [2025-12-30T23:58:12.828+0000] {dag.py:3096} INFO - Sync 1 DAGs
[2025-12-30T23:58:12.846+0000] {logging_mixin.py:188} INFO - [2025-12-30T23:58:12.846+0000] {dag.py:3954} INFO - Setting next_dagrun for example_weekday_branch_operator to 2025-12-29 00:00:00+00:00, run_after=2025-12-30 00:00:00+00:00
[2025-12-30T23:58:12.856+0000] {processor.py:183} INFO - Processing /home/airflow/.local/lib/python3.12/site-packages/airflow/example_dags/example_branch_day_of_week_operator.py took 0.061 seconds
[2025-12-30T23:58:43.556+0000] {processor.py:161} INFO - Started process (PID=1920) to work on /home/airflow/.local/lib/python3.12/site-packages/airflow/example_dags/example_branch_day_of_week_operator.py
[2025-12-30T23:58:43.556+0000] {processor.py:830} INFO - Processing file /home/airflow/.local/lib/python3.12/site-packages/airflow/example_dags/example_branch_day_of_week_operator.py for tasks to queue
[2025-12-30T23:58:43.557+0000] {logging_mixin.py:188} INFO - [2025-12-30T23:58:43.557+0000] {dagbag.py:545} INFO - Filling up the DagBag from /home/airflow/.local/lib/python3.12/site-packages/airflow/example_dags/example_branch_day_of_week_operator.py
[2025-12-30T23:58:43.562+0000] {processor.py:840} INFO - DAG(s) 'example_weekday_branch_operator' retrieved from /home/airflow/.local/lib/python3.12/site-packages/airflow/example_dags/example_branch_day_of_week_operator.py
[2025-12-30T23:58:43.579+0000] {logging_mixin.py:188} INFO - [2025-12-30T23:58:43.578+0000] {dag.py:3096} INFO - Sync 1 DAGs
[2025-12-30T23:58:43.595+0000] {logging_mixin.py:188} INFO - [2025-12-30T23:58:43.595+0000] {dag.py:3954} INFO - Setting next_dagrun for example_weekday_branch_operator to 2025-12-29 00:00:00+00:00, run_after=2025-12-30 00:00:00+00:00
[2025-12-30T23:58:43.607+0000] {processor.py:183} INFO - Processing /home/airflow/.local/lib/python3.12/site-packages/airflow/example_dags/example_branch_day_of_week_operator.py took 0.057 seconds
[2025-12-30T23:59:13.784+0000] {processor.py:161} INFO - Started process (PID=1980) to work on /home/airflow/.local/lib/python3.12/site-packages/airflow/example_dags/example_branch_day_of_week_operator.py
[2025-12-30T23:59:13.785+0000] {processor.py:830} INFO - Processing file /home/airflow/.local/lib/python3.12/site-packages/airflow/example_dags/example_branch_day_of_week_operator.py for tasks to queue
[2025-12-30T23:59:13.787+0000] {logging_mixin.py:188} INFO - [2025-12-30T23:59:13.787+0000] {dagbag.py:545} INFO - Filling up the DagBag from /home/airflow/.local/lib/python3.12/site-packages/airflow/example_dags/example_branch_day_of_week_operator.py
[2025-12-30T23:59:13.793+0000] {processor.py:840} INFO - DAG(s) 'example_weekday_branch_operator' retrieved from /home/airflow/.local/lib/python3.12/site-packages/airflow/example_dags/example_branch_day_of_week_operator.py
[2025-12-30T23:59:13.806+0000] {logging_mixin.py:188} INFO - [2025-12-30T23:59:13.806+0000] {dag.py:3096} INFO - Sync 1 DAGs
[2025-12-30T23:59:13.819+0000] {logging_mixin.py:188} INFO - [2025-12-30T23:59:13.819+0000] {dag.py:3954} INFO - Setting next_dagrun for example_weekday_branch_operator to 2025-12-29 00:00:00+00:00, run_after=2025-12-30 00:00:00+00:00
[2025-12-30T23:59:13.829+0000] {processor.py:183} INFO - Processing /home/airflow/.local/lib/python3.12/site-packages/airflow/example_dags/example_branch_day_of_week_operator.py took 0.050 seconds
[2025-12-30T23:59:44.465+0000] {processor.py:161} INFO - Started process (PID=2040) to work on /home/airflow/.local/lib/python3.12/site-packages/airflow/example_dags/example_branch_day_of_week_operator.py
[2025-12-30T23:59:44.465+0000] {processor.py:830} INFO - Processing file /home/airflow/.local/lib/python3.12/site-packages/airflow/example_dags/example_branch_day_of_week_operator.py for tasks to queue
[2025-12-30T23:59:44.466+0000] {logging_mixin.py:188} INFO - [2025-12-30T23:59:44.466+0000] {dagbag.py:545} INFO - Filling up the DagBag from /home/airflow/.local/lib/python3.12/site-packages/airflow/example_dags/example_branch_day_of_week_operator.py
[2025-12-30T23:59:44.471+0000] {processor.py:840} INFO - DAG(s) 'example_weekday_branch_operator' retrieved from /home/airflow/.local/lib/python3.12/site-packages/airflow/example_dags/example_branch_day_of_week_operator.py
[2025-12-30T23:59:44.481+0000] {logging_mixin.py:188} INFO - [2025-12-30T23:59:44.481+0000] {dag.py:3096} INFO - Sync 1 DAGs
[2025-12-30T23:59:44.494+0000] {logging_mixin.py:188} INFO - [2025-12-30T23:59:44.494+0000] {dag.py:3954} INFO - Setting next_dagrun for example_weekday_branch_operator to 2025-12-29 00:00:00+00:00, run_after=2025-12-30 00:00:00+00:00
[2025-12-30T23:59:44.505+0000] {processor.py:183} INFO - Processing /home/airflow/.local/lib/python3.12/site-packages/airflow/example_dags/example_branch_day_of_week_operator.py took 0.043 seconds
