[2025-12-30T23:33:53.064+0000] {processor.py:161} INFO - Started process (PID=81) to work on /home/airflow/.local/lib/python3.12/site-packages/airflow/example_dags/example_short_circuit_operator.py
[2025-12-30T23:33:53.072+0000] {processor.py:830} INFO - Processing file /home/airflow/.local/lib/python3.12/site-packages/airflow/example_dags/example_short_circuit_operator.py for tasks to queue
[2025-12-30T23:33:53.074+0000] {logging_mixin.py:188} INFO - [2025-12-30T23:33:53.073+0000] {dagbag.py:545} INFO - Filling up the DagBag from /home/airflow/.local/lib/python3.12/site-packages/airflow/example_dags/example_short_circuit_operator.py
[2025-12-30T23:33:53.103+0000] {processor.py:840} INFO - DAG(s) 'example_short_circuit_operator' retrieved from /home/airflow/.local/lib/python3.12/site-packages/airflow/example_dags/example_short_circuit_operator.py
[2025-12-30T23:33:53.128+0000] {logging_mixin.py:188} INFO - [2025-12-30T23:33:53.127+0000] {dag.py:3096} INFO - Sync 1 DAGs
[2025-12-30T23:33:53.166+0000] {logging_mixin.py:188} INFO - [2025-12-30T23:33:53.166+0000] {dag.py:3954} INFO - Setting next_dagrun for example_short_circuit_operator to 2025-12-29 00:00:00+00:00, run_after=2025-12-30 00:00:00+00:00
[2025-12-30T23:33:53.235+0000] {processor.py:183} INFO - Processing /home/airflow/.local/lib/python3.12/site-packages/airflow/example_dags/example_short_circuit_operator.py took 0.184 seconds
[2025-12-30T23:34:23.541+0000] {processor.py:161} INFO - Started process (PID=140) to work on /home/airflow/.local/lib/python3.12/site-packages/airflow/example_dags/example_short_circuit_operator.py
[2025-12-30T23:34:23.542+0000] {processor.py:830} INFO - Processing file /home/airflow/.local/lib/python3.12/site-packages/airflow/example_dags/example_short_circuit_operator.py for tasks to queue
[2025-12-30T23:34:23.543+0000] {logging_mixin.py:188} INFO - [2025-12-30T23:34:23.543+0000] {dagbag.py:545} INFO - Filling up the DagBag from /home/airflow/.local/lib/python3.12/site-packages/airflow/example_dags/example_short_circuit_operator.py
[2025-12-30T23:34:23.548+0000] {processor.py:840} INFO - DAG(s) 'example_short_circuit_operator' retrieved from /home/airflow/.local/lib/python3.12/site-packages/airflow/example_dags/example_short_circuit_operator.py
[2025-12-30T23:34:23.611+0000] {logging_mixin.py:188} INFO - [2025-12-30T23:34:23.611+0000] {dag.py:3096} INFO - Sync 1 DAGs
[2025-12-30T23:34:23.622+0000] {logging_mixin.py:188} INFO - [2025-12-30T23:34:23.622+0000] {dag.py:3954} INFO - Setting next_dagrun for example_short_circuit_operator to 2025-12-29 00:00:00+00:00, run_after=2025-12-30 00:00:00+00:00
[2025-12-30T23:34:23.632+0000] {processor.py:183} INFO - Processing /home/airflow/.local/lib/python3.12/site-packages/airflow/example_dags/example_short_circuit_operator.py took 0.094 seconds
[2025-12-30T23:34:54.392+0000] {processor.py:161} INFO - Started process (PID=199) to work on /home/airflow/.local/lib/python3.12/site-packages/airflow/example_dags/example_short_circuit_operator.py
[2025-12-30T23:34:54.393+0000] {processor.py:830} INFO - Processing file /home/airflow/.local/lib/python3.12/site-packages/airflow/example_dags/example_short_circuit_operator.py for tasks to queue
[2025-12-30T23:34:54.394+0000] {logging_mixin.py:188} INFO - [2025-12-30T23:34:54.394+0000] {dagbag.py:545} INFO - Filling up the DagBag from /home/airflow/.local/lib/python3.12/site-packages/airflow/example_dags/example_short_circuit_operator.py
[2025-12-30T23:34:54.401+0000] {processor.py:840} INFO - DAG(s) 'example_short_circuit_operator' retrieved from /home/airflow/.local/lib/python3.12/site-packages/airflow/example_dags/example_short_circuit_operator.py
[2025-12-30T23:34:54.425+0000] {logging_mixin.py:188} INFO - [2025-12-30T23:34:54.425+0000] {dag.py:3096} INFO - Sync 1 DAGs
[2025-12-30T23:34:54.442+0000] {logging_mixin.py:188} INFO - [2025-12-30T23:34:54.442+0000] {dag.py:3954} INFO - Setting next_dagrun for example_short_circuit_operator to 2025-12-29 00:00:00+00:00, run_after=2025-12-30 00:00:00+00:00
[2025-12-30T23:34:54.459+0000] {processor.py:183} INFO - Processing /home/airflow/.local/lib/python3.12/site-packages/airflow/example_dags/example_short_circuit_operator.py took 0.071 seconds
[2025-12-30T23:35:24.676+0000] {processor.py:161} INFO - Started process (PID=258) to work on /home/airflow/.local/lib/python3.12/site-packages/airflow/example_dags/example_short_circuit_operator.py
[2025-12-30T23:35:24.676+0000] {processor.py:830} INFO - Processing file /home/airflow/.local/lib/python3.12/site-packages/airflow/example_dags/example_short_circuit_operator.py for tasks to queue
[2025-12-30T23:35:24.677+0000] {logging_mixin.py:188} INFO - [2025-12-30T23:35:24.677+0000] {dagbag.py:545} INFO - Filling up the DagBag from /home/airflow/.local/lib/python3.12/site-packages/airflow/example_dags/example_short_circuit_operator.py
[2025-12-30T23:35:24.682+0000] {processor.py:840} INFO - DAG(s) 'example_short_circuit_operator' retrieved from /home/airflow/.local/lib/python3.12/site-packages/airflow/example_dags/example_short_circuit_operator.py
[2025-12-30T23:35:24.693+0000] {logging_mixin.py:188} INFO - [2025-12-30T23:35:24.693+0000] {dag.py:3096} INFO - Sync 1 DAGs
[2025-12-30T23:35:24.704+0000] {logging_mixin.py:188} INFO - [2025-12-30T23:35:24.704+0000] {dag.py:3954} INFO - Setting next_dagrun for example_short_circuit_operator to 2025-12-29 00:00:00+00:00, run_after=2025-12-30 00:00:00+00:00
[2025-12-30T23:35:24.713+0000] {processor.py:183} INFO - Processing /home/airflow/.local/lib/python3.12/site-packages/airflow/example_dags/example_short_circuit_operator.py took 0.040 seconds
[2025-12-30T23:35:54.846+0000] {processor.py:161} INFO - Started process (PID=317) to work on /home/airflow/.local/lib/python3.12/site-packages/airflow/example_dags/example_short_circuit_operator.py
[2025-12-30T23:35:54.846+0000] {processor.py:830} INFO - Processing file /home/airflow/.local/lib/python3.12/site-packages/airflow/example_dags/example_short_circuit_operator.py for tasks to queue
[2025-12-30T23:35:54.847+0000] {logging_mixin.py:188} INFO - [2025-12-30T23:35:54.847+0000] {dagbag.py:545} INFO - Filling up the DagBag from /home/airflow/.local/lib/python3.12/site-packages/airflow/example_dags/example_short_circuit_operator.py
[2025-12-30T23:35:54.851+0000] {processor.py:840} INFO - DAG(s) 'example_short_circuit_operator' retrieved from /home/airflow/.local/lib/python3.12/site-packages/airflow/example_dags/example_short_circuit_operator.py
[2025-12-30T23:35:54.868+0000] {logging_mixin.py:188} INFO - [2025-12-30T23:35:54.867+0000] {dag.py:3096} INFO - Sync 1 DAGs
[2025-12-30T23:35:54.881+0000] {logging_mixin.py:188} INFO - [2025-12-30T23:35:54.881+0000] {dag.py:3954} INFO - Setting next_dagrun for example_short_circuit_operator to 2025-12-29 00:00:00+00:00, run_after=2025-12-30 00:00:00+00:00
[2025-12-30T23:35:54.899+0000] {processor.py:183} INFO - Processing /home/airflow/.local/lib/python3.12/site-packages/airflow/example_dags/example_short_circuit_operator.py took 0.057 seconds
[2025-12-30T23:36:25.015+0000] {processor.py:161} INFO - Started process (PID=376) to work on /home/airflow/.local/lib/python3.12/site-packages/airflow/example_dags/example_short_circuit_operator.py
[2025-12-30T23:36:25.016+0000] {processor.py:830} INFO - Processing file /home/airflow/.local/lib/python3.12/site-packages/airflow/example_dags/example_short_circuit_operator.py for tasks to queue
[2025-12-30T23:36:25.017+0000] {logging_mixin.py:188} INFO - [2025-12-30T23:36:25.016+0000] {dagbag.py:545} INFO - Filling up the DagBag from /home/airflow/.local/lib/python3.12/site-packages/airflow/example_dags/example_short_circuit_operator.py
[2025-12-30T23:36:25.021+0000] {processor.py:840} INFO - DAG(s) 'example_short_circuit_operator' retrieved from /home/airflow/.local/lib/python3.12/site-packages/airflow/example_dags/example_short_circuit_operator.py
[2025-12-30T23:36:25.032+0000] {logging_mixin.py:188} INFO - [2025-12-30T23:36:25.032+0000] {dag.py:3096} INFO - Sync 1 DAGs
[2025-12-30T23:36:25.044+0000] {logging_mixin.py:188} INFO - [2025-12-30T23:36:25.044+0000] {dag.py:3954} INFO - Setting next_dagrun for example_short_circuit_operator to 2025-12-29 00:00:00+00:00, run_after=2025-12-30 00:00:00+00:00
[2025-12-30T23:36:25.052+0000] {processor.py:183} INFO - Processing /home/airflow/.local/lib/python3.12/site-packages/airflow/example_dags/example_short_circuit_operator.py took 0.041 seconds
[2025-12-30T23:36:55.286+0000] {processor.py:161} INFO - Started process (PID=435) to work on /home/airflow/.local/lib/python3.12/site-packages/airflow/example_dags/example_short_circuit_operator.py
[2025-12-30T23:36:55.287+0000] {processor.py:830} INFO - Processing file /home/airflow/.local/lib/python3.12/site-packages/airflow/example_dags/example_short_circuit_operator.py for tasks to queue
[2025-12-30T23:36:55.288+0000] {logging_mixin.py:188} INFO - [2025-12-30T23:36:55.288+0000] {dagbag.py:545} INFO - Filling up the DagBag from /home/airflow/.local/lib/python3.12/site-packages/airflow/example_dags/example_short_circuit_operator.py
[2025-12-30T23:36:55.292+0000] {processor.py:840} INFO - DAG(s) 'example_short_circuit_operator' retrieved from /home/airflow/.local/lib/python3.12/site-packages/airflow/example_dags/example_short_circuit_operator.py
[2025-12-30T23:36:55.304+0000] {logging_mixin.py:188} INFO - [2025-12-30T23:36:55.304+0000] {dag.py:3096} INFO - Sync 1 DAGs
[2025-12-30T23:36:55.314+0000] {logging_mixin.py:188} INFO - [2025-12-30T23:36:55.314+0000] {dag.py:3954} INFO - Setting next_dagrun for example_short_circuit_operator to 2025-12-29 00:00:00+00:00, run_after=2025-12-30 00:00:00+00:00
[2025-12-30T23:36:55.324+0000] {processor.py:183} INFO - Processing /home/airflow/.local/lib/python3.12/site-packages/airflow/example_dags/example_short_circuit_operator.py took 0.041 seconds
[2025-12-30T23:37:26.065+0000] {processor.py:161} INFO - Started process (PID=494) to work on /home/airflow/.local/lib/python3.12/site-packages/airflow/example_dags/example_short_circuit_operator.py
[2025-12-30T23:37:26.066+0000] {processor.py:830} INFO - Processing file /home/airflow/.local/lib/python3.12/site-packages/airflow/example_dags/example_short_circuit_operator.py for tasks to queue
[2025-12-30T23:37:26.067+0000] {logging_mixin.py:188} INFO - [2025-12-30T23:37:26.067+0000] {dagbag.py:545} INFO - Filling up the DagBag from /home/airflow/.local/lib/python3.12/site-packages/airflow/example_dags/example_short_circuit_operator.py
[2025-12-30T23:37:26.071+0000] {processor.py:840} INFO - DAG(s) 'example_short_circuit_operator' retrieved from /home/airflow/.local/lib/python3.12/site-packages/airflow/example_dags/example_short_circuit_operator.py
[2025-12-30T23:37:26.082+0000] {logging_mixin.py:188} INFO - [2025-12-30T23:37:26.082+0000] {dag.py:3096} INFO - Sync 1 DAGs
[2025-12-30T23:37:26.095+0000] {logging_mixin.py:188} INFO - [2025-12-30T23:37:26.095+0000] {dag.py:3954} INFO - Setting next_dagrun for example_short_circuit_operator to 2025-12-29 00:00:00+00:00, run_after=2025-12-30 00:00:00+00:00
[2025-12-30T23:37:26.106+0000] {processor.py:183} INFO - Processing /home/airflow/.local/lib/python3.12/site-packages/airflow/example_dags/example_short_circuit_operator.py took 0.044 seconds
[2025-12-30T23:37:56.375+0000] {processor.py:161} INFO - Started process (PID=553) to work on /home/airflow/.local/lib/python3.12/site-packages/airflow/example_dags/example_short_circuit_operator.py
[2025-12-30T23:37:56.375+0000] {processor.py:830} INFO - Processing file /home/airflow/.local/lib/python3.12/site-packages/airflow/example_dags/example_short_circuit_operator.py for tasks to queue
[2025-12-30T23:37:56.376+0000] {logging_mixin.py:188} INFO - [2025-12-30T23:37:56.376+0000] {dagbag.py:545} INFO - Filling up the DagBag from /home/airflow/.local/lib/python3.12/site-packages/airflow/example_dags/example_short_circuit_operator.py
[2025-12-30T23:37:56.382+0000] {processor.py:840} INFO - DAG(s) 'example_short_circuit_operator' retrieved from /home/airflow/.local/lib/python3.12/site-packages/airflow/example_dags/example_short_circuit_operator.py
[2025-12-30T23:37:56.402+0000] {logging_mixin.py:188} INFO - [2025-12-30T23:37:56.401+0000] {dag.py:3096} INFO - Sync 1 DAGs
[2025-12-30T23:37:56.415+0000] {logging_mixin.py:188} INFO - [2025-12-30T23:37:56.415+0000] {dag.py:3954} INFO - Setting next_dagrun for example_short_circuit_operator to 2025-12-29 00:00:00+00:00, run_after=2025-12-30 00:00:00+00:00
[2025-12-30T23:37:56.424+0000] {processor.py:183} INFO - Processing /home/airflow/.local/lib/python3.12/site-packages/airflow/example_dags/example_short_circuit_operator.py took 0.055 seconds
[2025-12-30T23:38:26.951+0000] {processor.py:161} INFO - Started process (PID=612) to work on /home/airflow/.local/lib/python3.12/site-packages/airflow/example_dags/example_short_circuit_operator.py
[2025-12-30T23:38:26.951+0000] {processor.py:830} INFO - Processing file /home/airflow/.local/lib/python3.12/site-packages/airflow/example_dags/example_short_circuit_operator.py for tasks to queue
[2025-12-30T23:38:26.952+0000] {logging_mixin.py:188} INFO - [2025-12-30T23:38:26.952+0000] {dagbag.py:545} INFO - Filling up the DagBag from /home/airflow/.local/lib/python3.12/site-packages/airflow/example_dags/example_short_circuit_operator.py
[2025-12-30T23:38:26.957+0000] {processor.py:840} INFO - DAG(s) 'example_short_circuit_operator' retrieved from /home/airflow/.local/lib/python3.12/site-packages/airflow/example_dags/example_short_circuit_operator.py
[2025-12-30T23:38:26.972+0000] {logging_mixin.py:188} INFO - [2025-12-30T23:38:26.971+0000] {dag.py:3096} INFO - Sync 1 DAGs
[2025-12-30T23:38:26.983+0000] {logging_mixin.py:188} INFO - [2025-12-30T23:38:26.982+0000] {dag.py:3954} INFO - Setting next_dagrun for example_short_circuit_operator to 2025-12-29 00:00:00+00:00, run_after=2025-12-30 00:00:00+00:00
[2025-12-30T23:38:26.992+0000] {processor.py:183} INFO - Processing /home/airflow/.local/lib/python3.12/site-packages/airflow/example_dags/example_short_circuit_operator.py took 0.044 seconds
[2025-12-30T23:38:57.036+0000] {processor.py:161} INFO - Started process (PID=671) to work on /home/airflow/.local/lib/python3.12/site-packages/airflow/example_dags/example_short_circuit_operator.py
[2025-12-30T23:38:57.036+0000] {processor.py:830} INFO - Processing file /home/airflow/.local/lib/python3.12/site-packages/airflow/example_dags/example_short_circuit_operator.py for tasks to queue
[2025-12-30T23:38:57.037+0000] {logging_mixin.py:188} INFO - [2025-12-30T23:38:57.037+0000] {dagbag.py:545} INFO - Filling up the DagBag from /home/airflow/.local/lib/python3.12/site-packages/airflow/example_dags/example_short_circuit_operator.py
[2025-12-30T23:38:57.042+0000] {processor.py:840} INFO - DAG(s) 'example_short_circuit_operator' retrieved from /home/airflow/.local/lib/python3.12/site-packages/airflow/example_dags/example_short_circuit_operator.py
[2025-12-30T23:38:57.053+0000] {logging_mixin.py:188} INFO - [2025-12-30T23:38:57.053+0000] {dag.py:3096} INFO - Sync 1 DAGs
[2025-12-30T23:38:57.062+0000] {logging_mixin.py:188} INFO - [2025-12-30T23:38:57.062+0000] {dag.py:3954} INFO - Setting next_dagrun for example_short_circuit_operator to 2025-12-29 00:00:00+00:00, run_after=2025-12-30 00:00:00+00:00
[2025-12-30T23:38:57.071+0000] {processor.py:183} INFO - Processing /home/airflow/.local/lib/python3.12/site-packages/airflow/example_dags/example_short_circuit_operator.py took 0.038 seconds
[2025-12-30T23:39:27.691+0000] {processor.py:161} INFO - Started process (PID=730) to work on /home/airflow/.local/lib/python3.12/site-packages/airflow/example_dags/example_short_circuit_operator.py
[2025-12-30T23:39:27.691+0000] {processor.py:830} INFO - Processing file /home/airflow/.local/lib/python3.12/site-packages/airflow/example_dags/example_short_circuit_operator.py for tasks to queue
[2025-12-30T23:39:27.692+0000] {logging_mixin.py:188} INFO - [2025-12-30T23:39:27.692+0000] {dagbag.py:545} INFO - Filling up the DagBag from /home/airflow/.local/lib/python3.12/site-packages/airflow/example_dags/example_short_circuit_operator.py
[2025-12-30T23:39:27.696+0000] {processor.py:840} INFO - DAG(s) 'example_short_circuit_operator' retrieved from /home/airflow/.local/lib/python3.12/site-packages/airflow/example_dags/example_short_circuit_operator.py
[2025-12-30T23:39:27.707+0000] {logging_mixin.py:188} INFO - [2025-12-30T23:39:27.707+0000] {dag.py:3096} INFO - Sync 1 DAGs
[2025-12-30T23:39:27.720+0000] {logging_mixin.py:188} INFO - [2025-12-30T23:39:27.720+0000] {dag.py:3954} INFO - Setting next_dagrun for example_short_circuit_operator to 2025-12-29 00:00:00+00:00, run_after=2025-12-30 00:00:00+00:00
[2025-12-30T23:39:27.728+0000] {processor.py:183} INFO - Processing /home/airflow/.local/lib/python3.12/site-packages/airflow/example_dags/example_short_circuit_operator.py took 0.041 seconds
[2025-12-30T23:39:58.964+0000] {processor.py:161} INFO - Started process (PID=789) to work on /home/airflow/.local/lib/python3.12/site-packages/airflow/example_dags/example_short_circuit_operator.py
[2025-12-30T23:39:58.965+0000] {processor.py:830} INFO - Processing file /home/airflow/.local/lib/python3.12/site-packages/airflow/example_dags/example_short_circuit_operator.py for tasks to queue
[2025-12-30T23:39:58.966+0000] {logging_mixin.py:188} INFO - [2025-12-30T23:39:58.966+0000] {dagbag.py:545} INFO - Filling up the DagBag from /home/airflow/.local/lib/python3.12/site-packages/airflow/example_dags/example_short_circuit_operator.py
[2025-12-30T23:39:58.970+0000] {processor.py:840} INFO - DAG(s) 'example_short_circuit_operator' retrieved from /home/airflow/.local/lib/python3.12/site-packages/airflow/example_dags/example_short_circuit_operator.py
[2025-12-30T23:39:58.987+0000] {logging_mixin.py:188} INFO - [2025-12-30T23:39:58.987+0000] {dag.py:3096} INFO - Sync 1 DAGs
[2025-12-30T23:39:58.999+0000] {logging_mixin.py:188} INFO - [2025-12-30T23:39:58.999+0000] {dag.py:3954} INFO - Setting next_dagrun for example_short_circuit_operator to 2025-12-29 00:00:00+00:00, run_after=2025-12-30 00:00:00+00:00
[2025-12-30T23:39:59.007+0000] {processor.py:183} INFO - Processing /home/airflow/.local/lib/python3.12/site-packages/airflow/example_dags/example_short_circuit_operator.py took 0.046 seconds
[2025-12-30T23:40:29.216+0000] {processor.py:161} INFO - Started process (PID=848) to work on /home/airflow/.local/lib/python3.12/site-packages/airflow/example_dags/example_short_circuit_operator.py
[2025-12-30T23:40:29.216+0000] {processor.py:830} INFO - Processing file /home/airflow/.local/lib/python3.12/site-packages/airflow/example_dags/example_short_circuit_operator.py for tasks to queue
[2025-12-30T23:40:29.217+0000] {logging_mixin.py:188} INFO - [2025-12-30T23:40:29.217+0000] {dagbag.py:545} INFO - Filling up the DagBag from /home/airflow/.local/lib/python3.12/site-packages/airflow/example_dags/example_short_circuit_operator.py
[2025-12-30T23:40:29.223+0000] {processor.py:840} INFO - DAG(s) 'example_short_circuit_operator' retrieved from /home/airflow/.local/lib/python3.12/site-packages/airflow/example_dags/example_short_circuit_operator.py
[2025-12-30T23:40:29.242+0000] {logging_mixin.py:188} INFO - [2025-12-30T23:40:29.241+0000] {dag.py:3096} INFO - Sync 1 DAGs
[2025-12-30T23:40:29.261+0000] {logging_mixin.py:188} INFO - [2025-12-30T23:40:29.261+0000] {dag.py:3954} INFO - Setting next_dagrun for example_short_circuit_operator to 2025-12-29 00:00:00+00:00, run_after=2025-12-30 00:00:00+00:00
[2025-12-30T23:40:29.270+0000] {processor.py:183} INFO - Processing /home/airflow/.local/lib/python3.12/site-packages/airflow/example_dags/example_short_circuit_operator.py took 0.058 seconds
[2025-12-30T23:40:59.525+0000] {processor.py:161} INFO - Started process (PID=910) to work on /home/airflow/.local/lib/python3.12/site-packages/airflow/example_dags/example_short_circuit_operator.py
[2025-12-30T23:40:59.527+0000] {processor.py:830} INFO - Processing file /home/airflow/.local/lib/python3.12/site-packages/airflow/example_dags/example_short_circuit_operator.py for tasks to queue
[2025-12-30T23:40:59.530+0000] {logging_mixin.py:188} INFO - [2025-12-30T23:40:59.529+0000] {dagbag.py:545} INFO - Filling up the DagBag from /home/airflow/.local/lib/python3.12/site-packages/airflow/example_dags/example_short_circuit_operator.py
[2025-12-30T23:40:59.535+0000] {processor.py:840} INFO - DAG(s) 'example_short_circuit_operator' retrieved from /home/airflow/.local/lib/python3.12/site-packages/airflow/example_dags/example_short_circuit_operator.py
[2025-12-30T23:40:59.549+0000] {logging_mixin.py:188} INFO - [2025-12-30T23:40:59.549+0000] {dag.py:3096} INFO - Sync 1 DAGs
[2025-12-30T23:40:59.560+0000] {logging_mixin.py:188} INFO - [2025-12-30T23:40:59.560+0000] {dag.py:3954} INFO - Setting next_dagrun for example_short_circuit_operator to 2025-12-29 00:00:00+00:00, run_after=2025-12-30 00:00:00+00:00
[2025-12-30T23:40:59.576+0000] {processor.py:183} INFO - Processing /home/airflow/.local/lib/python3.12/site-packages/airflow/example_dags/example_short_circuit_operator.py took 0.056 seconds
[2025-12-30T23:43:00.789+0000] {processor.py:161} INFO - Started process (PID=80) to work on /home/airflow/.local/lib/python3.12/site-packages/airflow/example_dags/example_short_circuit_operator.py
[2025-12-30T23:43:00.791+0000] {processor.py:830} INFO - Processing file /home/airflow/.local/lib/python3.12/site-packages/airflow/example_dags/example_short_circuit_operator.py for tasks to queue
[2025-12-30T23:43:00.795+0000] {logging_mixin.py:188} INFO - [2025-12-30T23:43:00.795+0000] {dagbag.py:545} INFO - Filling up the DagBag from /home/airflow/.local/lib/python3.12/site-packages/airflow/example_dags/example_short_circuit_operator.py
[2025-12-30T23:43:00.842+0000] {processor.py:840} INFO - DAG(s) 'example_short_circuit_operator' retrieved from /home/airflow/.local/lib/python3.12/site-packages/airflow/example_dags/example_short_circuit_operator.py
[2025-12-30T23:43:00.881+0000] {logging_mixin.py:188} INFO - [2025-12-30T23:43:00.881+0000] {dag.py:3096} INFO - Sync 1 DAGs
[2025-12-30T23:43:00.917+0000] {logging_mixin.py:188} INFO - [2025-12-30T23:43:00.916+0000] {dag.py:3954} INFO - Setting next_dagrun for example_short_circuit_operator to 2025-12-29 00:00:00+00:00, run_after=2025-12-30 00:00:00+00:00
[2025-12-30T23:43:00.946+0000] {processor.py:183} INFO - Processing /home/airflow/.local/lib/python3.12/site-packages/airflow/example_dags/example_short_circuit_operator.py took 0.173 seconds
[2025-12-30T23:43:31.639+0000] {processor.py:161} INFO - Started process (PID=140) to work on /home/airflow/.local/lib/python3.12/site-packages/airflow/example_dags/example_short_circuit_operator.py
[2025-12-30T23:43:31.640+0000] {processor.py:830} INFO - Processing file /home/airflow/.local/lib/python3.12/site-packages/airflow/example_dags/example_short_circuit_operator.py for tasks to queue
[2025-12-30T23:43:31.641+0000] {logging_mixin.py:188} INFO - [2025-12-30T23:43:31.641+0000] {dagbag.py:545} INFO - Filling up the DagBag from /home/airflow/.local/lib/python3.12/site-packages/airflow/example_dags/example_short_circuit_operator.py
[2025-12-30T23:43:31.645+0000] {processor.py:840} INFO - DAG(s) 'example_short_circuit_operator' retrieved from /home/airflow/.local/lib/python3.12/site-packages/airflow/example_dags/example_short_circuit_operator.py
[2025-12-30T23:43:31.691+0000] {logging_mixin.py:188} INFO - [2025-12-30T23:43:31.691+0000] {dag.py:3096} INFO - Sync 1 DAGs
[2025-12-30T23:43:31.700+0000] {logging_mixin.py:188} INFO - [2025-12-30T23:43:31.700+0000] {dag.py:3954} INFO - Setting next_dagrun for example_short_circuit_operator to 2025-12-29 00:00:00+00:00, run_after=2025-12-30 00:00:00+00:00
[2025-12-30T23:43:31.709+0000] {processor.py:183} INFO - Processing /home/airflow/.local/lib/python3.12/site-packages/airflow/example_dags/example_short_circuit_operator.py took 0.073 seconds
[2025-12-30T23:44:02.172+0000] {processor.py:161} INFO - Started process (PID=200) to work on /home/airflow/.local/lib/python3.12/site-packages/airflow/example_dags/example_short_circuit_operator.py
[2025-12-30T23:44:02.172+0000] {processor.py:830} INFO - Processing file /home/airflow/.local/lib/python3.12/site-packages/airflow/example_dags/example_short_circuit_operator.py for tasks to queue
[2025-12-30T23:44:02.173+0000] {logging_mixin.py:188} INFO - [2025-12-30T23:44:02.173+0000] {dagbag.py:545} INFO - Filling up the DagBag from /home/airflow/.local/lib/python3.12/site-packages/airflow/example_dags/example_short_circuit_operator.py
[2025-12-30T23:44:02.178+0000] {processor.py:840} INFO - DAG(s) 'example_short_circuit_operator' retrieved from /home/airflow/.local/lib/python3.12/site-packages/airflow/example_dags/example_short_circuit_operator.py
[2025-12-30T23:44:02.202+0000] {logging_mixin.py:188} INFO - [2025-12-30T23:44:02.202+0000] {dag.py:3096} INFO - Sync 1 DAGs
[2025-12-30T23:44:02.214+0000] {logging_mixin.py:188} INFO - [2025-12-30T23:44:02.214+0000] {dag.py:3954} INFO - Setting next_dagrun for example_short_circuit_operator to 2025-12-29 00:00:00+00:00, run_after=2025-12-30 00:00:00+00:00
[2025-12-30T23:44:02.223+0000] {processor.py:183} INFO - Processing /home/airflow/.local/lib/python3.12/site-packages/airflow/example_dags/example_short_circuit_operator.py took 0.056 seconds
[2025-12-30T23:44:32.353+0000] {processor.py:161} INFO - Started process (PID=260) to work on /home/airflow/.local/lib/python3.12/site-packages/airflow/example_dags/example_short_circuit_operator.py
[2025-12-30T23:44:32.354+0000] {processor.py:830} INFO - Processing file /home/airflow/.local/lib/python3.12/site-packages/airflow/example_dags/example_short_circuit_operator.py for tasks to queue
[2025-12-30T23:44:32.355+0000] {logging_mixin.py:188} INFO - [2025-12-30T23:44:32.355+0000] {dagbag.py:545} INFO - Filling up the DagBag from /home/airflow/.local/lib/python3.12/site-packages/airflow/example_dags/example_short_circuit_operator.py
[2025-12-30T23:44:32.359+0000] {processor.py:840} INFO - DAG(s) 'example_short_circuit_operator' retrieved from /home/airflow/.local/lib/python3.12/site-packages/airflow/example_dags/example_short_circuit_operator.py
[2025-12-30T23:44:32.374+0000] {logging_mixin.py:188} INFO - [2025-12-30T23:44:32.373+0000] {dag.py:3096} INFO - Sync 1 DAGs
[2025-12-30T23:44:32.386+0000] {logging_mixin.py:188} INFO - [2025-12-30T23:44:32.386+0000] {dag.py:3954} INFO - Setting next_dagrun for example_short_circuit_operator to 2025-12-29 00:00:00+00:00, run_after=2025-12-30 00:00:00+00:00
[2025-12-30T23:44:32.401+0000] {processor.py:183} INFO - Processing /home/airflow/.local/lib/python3.12/site-packages/airflow/example_dags/example_short_circuit_operator.py took 0.052 seconds
[2025-12-30T23:45:03.020+0000] {processor.py:161} INFO - Started process (PID=320) to work on /home/airflow/.local/lib/python3.12/site-packages/airflow/example_dags/example_short_circuit_operator.py
[2025-12-30T23:45:03.020+0000] {processor.py:830} INFO - Processing file /home/airflow/.local/lib/python3.12/site-packages/airflow/example_dags/example_short_circuit_operator.py for tasks to queue
[2025-12-30T23:45:03.021+0000] {logging_mixin.py:188} INFO - [2025-12-30T23:45:03.021+0000] {dagbag.py:545} INFO - Filling up the DagBag from /home/airflow/.local/lib/python3.12/site-packages/airflow/example_dags/example_short_circuit_operator.py
[2025-12-30T23:45:03.025+0000] {processor.py:840} INFO - DAG(s) 'example_short_circuit_operator' retrieved from /home/airflow/.local/lib/python3.12/site-packages/airflow/example_dags/example_short_circuit_operator.py
[2025-12-30T23:45:03.037+0000] {logging_mixin.py:188} INFO - [2025-12-30T23:45:03.037+0000] {dag.py:3096} INFO - Sync 1 DAGs
[2025-12-30T23:45:03.049+0000] {logging_mixin.py:188} INFO - [2025-12-30T23:45:03.049+0000] {dag.py:3954} INFO - Setting next_dagrun for example_short_circuit_operator to 2025-12-29 00:00:00+00:00, run_after=2025-12-30 00:00:00+00:00
[2025-12-30T23:45:03.058+0000] {processor.py:183} INFO - Processing /home/airflow/.local/lib/python3.12/site-packages/airflow/example_dags/example_short_circuit_operator.py took 0.042 seconds
[2025-12-30T23:45:33.286+0000] {processor.py:161} INFO - Started process (PID=380) to work on /home/airflow/.local/lib/python3.12/site-packages/airflow/example_dags/example_short_circuit_operator.py
[2025-12-30T23:45:33.287+0000] {processor.py:830} INFO - Processing file /home/airflow/.local/lib/python3.12/site-packages/airflow/example_dags/example_short_circuit_operator.py for tasks to queue
[2025-12-30T23:45:33.288+0000] {logging_mixin.py:188} INFO - [2025-12-30T23:45:33.288+0000] {dagbag.py:545} INFO - Filling up the DagBag from /home/airflow/.local/lib/python3.12/site-packages/airflow/example_dags/example_short_circuit_operator.py
[2025-12-30T23:45:33.292+0000] {processor.py:840} INFO - DAG(s) 'example_short_circuit_operator' retrieved from /home/airflow/.local/lib/python3.12/site-packages/airflow/example_dags/example_short_circuit_operator.py
[2025-12-30T23:45:33.304+0000] {logging_mixin.py:188} INFO - [2025-12-30T23:45:33.304+0000] {dag.py:3096} INFO - Sync 1 DAGs
[2025-12-30T23:45:33.314+0000] {logging_mixin.py:188} INFO - [2025-12-30T23:45:33.314+0000] {dag.py:3954} INFO - Setting next_dagrun for example_short_circuit_operator to 2025-12-29 00:00:00+00:00, run_after=2025-12-30 00:00:00+00:00
[2025-12-30T23:45:33.323+0000] {processor.py:183} INFO - Processing /home/airflow/.local/lib/python3.12/site-packages/airflow/example_dags/example_short_circuit_operator.py took 0.040 seconds
[2025-12-30T23:46:03.423+0000] {processor.py:161} INFO - Started process (PID=440) to work on /home/airflow/.local/lib/python3.12/site-packages/airflow/example_dags/example_short_circuit_operator.py
[2025-12-30T23:46:03.423+0000] {processor.py:830} INFO - Processing file /home/airflow/.local/lib/python3.12/site-packages/airflow/example_dags/example_short_circuit_operator.py for tasks to queue
[2025-12-30T23:46:03.424+0000] {logging_mixin.py:188} INFO - [2025-12-30T23:46:03.424+0000] {dagbag.py:545} INFO - Filling up the DagBag from /home/airflow/.local/lib/python3.12/site-packages/airflow/example_dags/example_short_circuit_operator.py
[2025-12-30T23:46:03.428+0000] {processor.py:840} INFO - DAG(s) 'example_short_circuit_operator' retrieved from /home/airflow/.local/lib/python3.12/site-packages/airflow/example_dags/example_short_circuit_operator.py
[2025-12-30T23:46:03.439+0000] {logging_mixin.py:188} INFO - [2025-12-30T23:46:03.438+0000] {dag.py:3096} INFO - Sync 1 DAGs
[2025-12-30T23:46:03.448+0000] {logging_mixin.py:188} INFO - [2025-12-30T23:46:03.448+0000] {dag.py:3954} INFO - Setting next_dagrun for example_short_circuit_operator to 2025-12-29 00:00:00+00:00, run_after=2025-12-30 00:00:00+00:00
[2025-12-30T23:46:03.456+0000] {processor.py:183} INFO - Processing /home/airflow/.local/lib/python3.12/site-packages/airflow/example_dags/example_short_circuit_operator.py took 0.036 seconds
[2025-12-30T23:46:34.460+0000] {processor.py:161} INFO - Started process (PID=500) to work on /home/airflow/.local/lib/python3.12/site-packages/airflow/example_dags/example_short_circuit_operator.py
[2025-12-30T23:46:34.461+0000] {processor.py:830} INFO - Processing file /home/airflow/.local/lib/python3.12/site-packages/airflow/example_dags/example_short_circuit_operator.py for tasks to queue
[2025-12-30T23:46:34.462+0000] {logging_mixin.py:188} INFO - [2025-12-30T23:46:34.462+0000] {dagbag.py:545} INFO - Filling up the DagBag from /home/airflow/.local/lib/python3.12/site-packages/airflow/example_dags/example_short_circuit_operator.py
[2025-12-30T23:46:34.466+0000] {processor.py:840} INFO - DAG(s) 'example_short_circuit_operator' retrieved from /home/airflow/.local/lib/python3.12/site-packages/airflow/example_dags/example_short_circuit_operator.py
[2025-12-30T23:46:34.479+0000] {logging_mixin.py:188} INFO - [2025-12-30T23:46:34.478+0000] {dag.py:3096} INFO - Sync 1 DAGs
[2025-12-30T23:46:34.491+0000] {logging_mixin.py:188} INFO - [2025-12-30T23:46:34.490+0000] {dag.py:3954} INFO - Setting next_dagrun for example_short_circuit_operator to 2025-12-29 00:00:00+00:00, run_after=2025-12-30 00:00:00+00:00
[2025-12-30T23:46:34.499+0000] {processor.py:183} INFO - Processing /home/airflow/.local/lib/python3.12/site-packages/airflow/example_dags/example_short_circuit_operator.py took 0.042 seconds
[2025-12-30T23:47:05.024+0000] {processor.py:161} INFO - Started process (PID=560) to work on /home/airflow/.local/lib/python3.12/site-packages/airflow/example_dags/example_short_circuit_operator.py
[2025-12-30T23:47:05.025+0000] {processor.py:830} INFO - Processing file /home/airflow/.local/lib/python3.12/site-packages/airflow/example_dags/example_short_circuit_operator.py for tasks to queue
[2025-12-30T23:47:05.027+0000] {logging_mixin.py:188} INFO - [2025-12-30T23:47:05.027+0000] {dagbag.py:545} INFO - Filling up the DagBag from /home/airflow/.local/lib/python3.12/site-packages/airflow/example_dags/example_short_circuit_operator.py
[2025-12-30T23:47:05.041+0000] {processor.py:840} INFO - DAG(s) 'example_short_circuit_operator' retrieved from /home/airflow/.local/lib/python3.12/site-packages/airflow/example_dags/example_short_circuit_operator.py
[2025-12-30T23:47:05.060+0000] {logging_mixin.py:188} INFO - [2025-12-30T23:47:05.060+0000] {dag.py:3096} INFO - Sync 1 DAGs
[2025-12-30T23:47:05.077+0000] {logging_mixin.py:188} INFO - [2025-12-30T23:47:05.077+0000] {dag.py:3954} INFO - Setting next_dagrun for example_short_circuit_operator to 2025-12-29 00:00:00+00:00, run_after=2025-12-30 00:00:00+00:00
[2025-12-30T23:47:05.086+0000] {processor.py:183} INFO - Processing /home/airflow/.local/lib/python3.12/site-packages/airflow/example_dags/example_short_circuit_operator.py took 0.071 seconds
[2025-12-30T23:47:35.493+0000] {processor.py:161} INFO - Started process (PID=620) to work on /home/airflow/.local/lib/python3.12/site-packages/airflow/example_dags/example_short_circuit_operator.py
[2025-12-30T23:47:35.493+0000] {processor.py:830} INFO - Processing file /home/airflow/.local/lib/python3.12/site-packages/airflow/example_dags/example_short_circuit_operator.py for tasks to queue
[2025-12-30T23:47:35.494+0000] {logging_mixin.py:188} INFO - [2025-12-30T23:47:35.494+0000] {dagbag.py:545} INFO - Filling up the DagBag from /home/airflow/.local/lib/python3.12/site-packages/airflow/example_dags/example_short_circuit_operator.py
[2025-12-30T23:47:35.500+0000] {processor.py:840} INFO - DAG(s) 'example_short_circuit_operator' retrieved from /home/airflow/.local/lib/python3.12/site-packages/airflow/example_dags/example_short_circuit_operator.py
[2025-12-30T23:47:35.512+0000] {logging_mixin.py:188} INFO - [2025-12-30T23:47:35.512+0000] {dag.py:3096} INFO - Sync 1 DAGs
[2025-12-30T23:47:35.522+0000] {logging_mixin.py:188} INFO - [2025-12-30T23:47:35.522+0000] {dag.py:3954} INFO - Setting next_dagrun for example_short_circuit_operator to 2025-12-29 00:00:00+00:00, run_after=2025-12-30 00:00:00+00:00
[2025-12-30T23:47:35.530+0000] {processor.py:183} INFO - Processing /home/airflow/.local/lib/python3.12/site-packages/airflow/example_dags/example_short_circuit_operator.py took 0.040 seconds
[2025-12-30T23:48:06.747+0000] {processor.py:161} INFO - Started process (PID=680) to work on /home/airflow/.local/lib/python3.12/site-packages/airflow/example_dags/example_short_circuit_operator.py
[2025-12-30T23:48:06.748+0000] {processor.py:830} INFO - Processing file /home/airflow/.local/lib/python3.12/site-packages/airflow/example_dags/example_short_circuit_operator.py for tasks to queue
[2025-12-30T23:48:06.749+0000] {logging_mixin.py:188} INFO - [2025-12-30T23:48:06.749+0000] {dagbag.py:545} INFO - Filling up the DagBag from /home/airflow/.local/lib/python3.12/site-packages/airflow/example_dags/example_short_circuit_operator.py
[2025-12-30T23:48:06.753+0000] {processor.py:840} INFO - DAG(s) 'example_short_circuit_operator' retrieved from /home/airflow/.local/lib/python3.12/site-packages/airflow/example_dags/example_short_circuit_operator.py
[2025-12-30T23:48:06.764+0000] {logging_mixin.py:188} INFO - [2025-12-30T23:48:06.764+0000] {dag.py:3096} INFO - Sync 1 DAGs
[2025-12-30T23:48:06.773+0000] {logging_mixin.py:188} INFO - [2025-12-30T23:48:06.773+0000] {dag.py:3954} INFO - Setting next_dagrun for example_short_circuit_operator to 2025-12-29 00:00:00+00:00, run_after=2025-12-30 00:00:00+00:00
[2025-12-30T23:48:06.780+0000] {processor.py:183} INFO - Processing /home/airflow/.local/lib/python3.12/site-packages/airflow/example_dags/example_short_circuit_operator.py took 0.035 seconds
[2025-12-30T23:48:38.030+0000] {processor.py:161} INFO - Started process (PID=740) to work on /home/airflow/.local/lib/python3.12/site-packages/airflow/example_dags/example_short_circuit_operator.py
[2025-12-30T23:48:38.031+0000] {processor.py:830} INFO - Processing file /home/airflow/.local/lib/python3.12/site-packages/airflow/example_dags/example_short_circuit_operator.py for tasks to queue
[2025-12-30T23:48:38.033+0000] {logging_mixin.py:188} INFO - [2025-12-30T23:48:38.032+0000] {dagbag.py:545} INFO - Filling up the DagBag from /home/airflow/.local/lib/python3.12/site-packages/airflow/example_dags/example_short_circuit_operator.py
[2025-12-30T23:48:38.042+0000] {processor.py:840} INFO - DAG(s) 'example_short_circuit_operator' retrieved from /home/airflow/.local/lib/python3.12/site-packages/airflow/example_dags/example_short_circuit_operator.py
[2025-12-30T23:48:38.062+0000] {logging_mixin.py:188} INFO - [2025-12-30T23:48:38.062+0000] {dag.py:3096} INFO - Sync 1 DAGs
[2025-12-30T23:48:38.075+0000] {logging_mixin.py:188} INFO - [2025-12-30T23:48:38.075+0000] {dag.py:3954} INFO - Setting next_dagrun for example_short_circuit_operator to 2025-12-29 00:00:00+00:00, run_after=2025-12-30 00:00:00+00:00
[2025-12-30T23:48:38.089+0000] {processor.py:183} INFO - Processing /home/airflow/.local/lib/python3.12/site-packages/airflow/example_dags/example_short_circuit_operator.py took 0.064 seconds
[2025-12-30T23:49:08.379+0000] {processor.py:161} INFO - Started process (PID=800) to work on /home/airflow/.local/lib/python3.12/site-packages/airflow/example_dags/example_short_circuit_operator.py
[2025-12-30T23:49:08.380+0000] {processor.py:830} INFO - Processing file /home/airflow/.local/lib/python3.12/site-packages/airflow/example_dags/example_short_circuit_operator.py for tasks to queue
[2025-12-30T23:49:08.381+0000] {logging_mixin.py:188} INFO - [2025-12-30T23:49:08.381+0000] {dagbag.py:545} INFO - Filling up the DagBag from /home/airflow/.local/lib/python3.12/site-packages/airflow/example_dags/example_short_circuit_operator.py
[2025-12-30T23:49:08.385+0000] {processor.py:840} INFO - DAG(s) 'example_short_circuit_operator' retrieved from /home/airflow/.local/lib/python3.12/site-packages/airflow/example_dags/example_short_circuit_operator.py
[2025-12-30T23:49:08.396+0000] {logging_mixin.py:188} INFO - [2025-12-30T23:49:08.395+0000] {dag.py:3096} INFO - Sync 1 DAGs
[2025-12-30T23:49:08.409+0000] {logging_mixin.py:188} INFO - [2025-12-30T23:49:08.409+0000] {dag.py:3954} INFO - Setting next_dagrun for example_short_circuit_operator to 2025-12-29 00:00:00+00:00, run_after=2025-12-30 00:00:00+00:00
[2025-12-30T23:49:08.422+0000] {processor.py:183} INFO - Processing /home/airflow/.local/lib/python3.12/site-packages/airflow/example_dags/example_short_circuit_operator.py took 0.045 seconds
[2025-12-30T23:49:39.289+0000] {processor.py:161} INFO - Started process (PID=859) to work on /home/airflow/.local/lib/python3.12/site-packages/airflow/example_dags/example_short_circuit_operator.py
[2025-12-30T23:49:39.290+0000] {processor.py:830} INFO - Processing file /home/airflow/.local/lib/python3.12/site-packages/airflow/example_dags/example_short_circuit_operator.py for tasks to queue
[2025-12-30T23:49:39.291+0000] {logging_mixin.py:188} INFO - [2025-12-30T23:49:39.290+0000] {dagbag.py:545} INFO - Filling up the DagBag from /home/airflow/.local/lib/python3.12/site-packages/airflow/example_dags/example_short_circuit_operator.py
[2025-12-30T23:49:39.295+0000] {processor.py:840} INFO - DAG(s) 'example_short_circuit_operator' retrieved from /home/airflow/.local/lib/python3.12/site-packages/airflow/example_dags/example_short_circuit_operator.py
[2025-12-30T23:49:39.311+0000] {logging_mixin.py:188} INFO - [2025-12-30T23:49:39.311+0000] {dag.py:3096} INFO - Sync 1 DAGs
[2025-12-30T23:49:39.323+0000] {logging_mixin.py:188} INFO - [2025-12-30T23:49:39.323+0000] {dag.py:3954} INFO - Setting next_dagrun for example_short_circuit_operator to 2025-12-29 00:00:00+00:00, run_after=2025-12-30 00:00:00+00:00
[2025-12-30T23:49:39.332+0000] {processor.py:183} INFO - Processing /home/airflow/.local/lib/python3.12/site-packages/airflow/example_dags/example_short_circuit_operator.py took 0.047 seconds
[2025-12-30T23:50:09.627+0000] {processor.py:161} INFO - Started process (PID=918) to work on /home/airflow/.local/lib/python3.12/site-packages/airflow/example_dags/example_short_circuit_operator.py
[2025-12-30T23:50:09.629+0000] {processor.py:830} INFO - Processing file /home/airflow/.local/lib/python3.12/site-packages/airflow/example_dags/example_short_circuit_operator.py for tasks to queue
[2025-12-30T23:50:09.631+0000] {logging_mixin.py:188} INFO - [2025-12-30T23:50:09.631+0000] {dagbag.py:545} INFO - Filling up the DagBag from /home/airflow/.local/lib/python3.12/site-packages/airflow/example_dags/example_short_circuit_operator.py
[2025-12-30T23:50:09.639+0000] {processor.py:840} INFO - DAG(s) 'example_short_circuit_operator' retrieved from /home/airflow/.local/lib/python3.12/site-packages/airflow/example_dags/example_short_circuit_operator.py
[2025-12-30T23:50:09.663+0000] {logging_mixin.py:188} INFO - [2025-12-30T23:50:09.662+0000] {dag.py:3096} INFO - Sync 1 DAGs
[2025-12-30T23:50:09.674+0000] {logging_mixin.py:188} INFO - [2025-12-30T23:50:09.674+0000] {dag.py:3954} INFO - Setting next_dagrun for example_short_circuit_operator to 2025-12-29 00:00:00+00:00, run_after=2025-12-30 00:00:00+00:00
[2025-12-30T23:50:09.683+0000] {processor.py:183} INFO - Processing /home/airflow/.local/lib/python3.12/site-packages/airflow/example_dags/example_short_circuit_operator.py took 0.069 seconds
[2025-12-30T23:50:40.242+0000] {processor.py:161} INFO - Started process (PID=979) to work on /home/airflow/.local/lib/python3.12/site-packages/airflow/example_dags/example_short_circuit_operator.py
[2025-12-30T23:50:40.243+0000] {processor.py:830} INFO - Processing file /home/airflow/.local/lib/python3.12/site-packages/airflow/example_dags/example_short_circuit_operator.py for tasks to queue
[2025-12-30T23:50:40.244+0000] {logging_mixin.py:188} INFO - [2025-12-30T23:50:40.244+0000] {dagbag.py:545} INFO - Filling up the DagBag from /home/airflow/.local/lib/python3.12/site-packages/airflow/example_dags/example_short_circuit_operator.py
[2025-12-30T23:50:40.250+0000] {processor.py:840} INFO - DAG(s) 'example_short_circuit_operator' retrieved from /home/airflow/.local/lib/python3.12/site-packages/airflow/example_dags/example_short_circuit_operator.py
[2025-12-30T23:50:40.264+0000] {logging_mixin.py:188} INFO - [2025-12-30T23:50:40.264+0000] {dag.py:3096} INFO - Sync 1 DAGs
[2025-12-30T23:50:40.275+0000] {logging_mixin.py:188} INFO - [2025-12-30T23:50:40.275+0000] {dag.py:3954} INFO - Setting next_dagrun for example_short_circuit_operator to 2025-12-29 00:00:00+00:00, run_after=2025-12-30 00:00:00+00:00
[2025-12-30T23:50:40.284+0000] {processor.py:183} INFO - Processing /home/airflow/.local/lib/python3.12/site-packages/airflow/example_dags/example_short_circuit_operator.py took 0.046 seconds
[2025-12-30T23:51:10.809+0000] {processor.py:161} INFO - Started process (PID=1039) to work on /home/airflow/.local/lib/python3.12/site-packages/airflow/example_dags/example_short_circuit_operator.py
[2025-12-30T23:51:10.810+0000] {processor.py:830} INFO - Processing file /home/airflow/.local/lib/python3.12/site-packages/airflow/example_dags/example_short_circuit_operator.py for tasks to queue
[2025-12-30T23:51:10.811+0000] {logging_mixin.py:188} INFO - [2025-12-30T23:51:10.811+0000] {dagbag.py:545} INFO - Filling up the DagBag from /home/airflow/.local/lib/python3.12/site-packages/airflow/example_dags/example_short_circuit_operator.py
[2025-12-30T23:51:10.815+0000] {processor.py:840} INFO - DAG(s) 'example_short_circuit_operator' retrieved from /home/airflow/.local/lib/python3.12/site-packages/airflow/example_dags/example_short_circuit_operator.py
[2025-12-30T23:51:10.831+0000] {logging_mixin.py:188} INFO - [2025-12-30T23:51:10.831+0000] {dag.py:3096} INFO - Sync 1 DAGs
[2025-12-30T23:51:10.844+0000] {logging_mixin.py:188} INFO - [2025-12-30T23:51:10.844+0000] {dag.py:3954} INFO - Setting next_dagrun for example_short_circuit_operator to 2025-12-29 00:00:00+00:00, run_after=2025-12-30 00:00:00+00:00
[2025-12-30T23:51:10.852+0000] {processor.py:183} INFO - Processing /home/airflow/.local/lib/python3.12/site-packages/airflow/example_dags/example_short_circuit_operator.py took 0.046 seconds
[2025-12-30T23:51:40.911+0000] {processor.py:161} INFO - Started process (PID=1098) to work on /home/airflow/.local/lib/python3.12/site-packages/airflow/example_dags/example_short_circuit_operator.py
[2025-12-30T23:51:40.912+0000] {processor.py:830} INFO - Processing file /home/airflow/.local/lib/python3.12/site-packages/airflow/example_dags/example_short_circuit_operator.py for tasks to queue
[2025-12-30T23:51:40.914+0000] {logging_mixin.py:188} INFO - [2025-12-30T23:51:40.914+0000] {dagbag.py:545} INFO - Filling up the DagBag from /home/airflow/.local/lib/python3.12/site-packages/airflow/example_dags/example_short_circuit_operator.py
[2025-12-30T23:51:40.919+0000] {processor.py:840} INFO - DAG(s) 'example_short_circuit_operator' retrieved from /home/airflow/.local/lib/python3.12/site-packages/airflow/example_dags/example_short_circuit_operator.py
[2025-12-30T23:51:40.931+0000] {logging_mixin.py:188} INFO - [2025-12-30T23:51:40.931+0000] {dag.py:3096} INFO - Sync 1 DAGs
[2025-12-30T23:51:40.941+0000] {logging_mixin.py:188} INFO - [2025-12-30T23:51:40.940+0000] {dag.py:3954} INFO - Setting next_dagrun for example_short_circuit_operator to 2025-12-29 00:00:00+00:00, run_after=2025-12-30 00:00:00+00:00
[2025-12-30T23:51:40.948+0000] {processor.py:183} INFO - Processing /home/airflow/.local/lib/python3.12/site-packages/airflow/example_dags/example_short_circuit_operator.py took 0.042 seconds
[2025-12-30T23:52:10.960+0000] {processor.py:161} INFO - Started process (PID=1158) to work on /home/airflow/.local/lib/python3.12/site-packages/airflow/example_dags/example_short_circuit_operator.py
[2025-12-30T23:52:10.961+0000] {processor.py:830} INFO - Processing file /home/airflow/.local/lib/python3.12/site-packages/airflow/example_dags/example_short_circuit_operator.py for tasks to queue
[2025-12-30T23:52:10.962+0000] {logging_mixin.py:188} INFO - [2025-12-30T23:52:10.961+0000] {dagbag.py:545} INFO - Filling up the DagBag from /home/airflow/.local/lib/python3.12/site-packages/airflow/example_dags/example_short_circuit_operator.py
[2025-12-30T23:52:10.965+0000] {processor.py:840} INFO - DAG(s) 'example_short_circuit_operator' retrieved from /home/airflow/.local/lib/python3.12/site-packages/airflow/example_dags/example_short_circuit_operator.py
[2025-12-30T23:52:10.975+0000] {logging_mixin.py:188} INFO - [2025-12-30T23:52:10.975+0000] {dag.py:3096} INFO - Sync 1 DAGs
[2025-12-30T23:52:10.984+0000] {logging_mixin.py:188} INFO - [2025-12-30T23:52:10.984+0000] {dag.py:3954} INFO - Setting next_dagrun for example_short_circuit_operator to 2025-12-29 00:00:00+00:00, run_after=2025-12-30 00:00:00+00:00
[2025-12-30T23:52:10.992+0000] {processor.py:183} INFO - Processing /home/airflow/.local/lib/python3.12/site-packages/airflow/example_dags/example_short_circuit_operator.py took 0.035 seconds
[2025-12-30T23:52:41.508+0000] {processor.py:161} INFO - Started process (PID=1218) to work on /home/airflow/.local/lib/python3.12/site-packages/airflow/example_dags/example_short_circuit_operator.py
[2025-12-30T23:52:41.509+0000] {processor.py:830} INFO - Processing file /home/airflow/.local/lib/python3.12/site-packages/airflow/example_dags/example_short_circuit_operator.py for tasks to queue
[2025-12-30T23:52:41.510+0000] {logging_mixin.py:188} INFO - [2025-12-30T23:52:41.510+0000] {dagbag.py:545} INFO - Filling up the DagBag from /home/airflow/.local/lib/python3.12/site-packages/airflow/example_dags/example_short_circuit_operator.py
[2025-12-30T23:52:41.514+0000] {processor.py:840} INFO - DAG(s) 'example_short_circuit_operator' retrieved from /home/airflow/.local/lib/python3.12/site-packages/airflow/example_dags/example_short_circuit_operator.py
[2025-12-30T23:52:41.543+0000] {logging_mixin.py:188} INFO - [2025-12-30T23:52:41.542+0000] {dag.py:3096} INFO - Sync 1 DAGs
[2025-12-30T23:52:41.562+0000] {logging_mixin.py:188} INFO - [2025-12-30T23:52:41.562+0000] {dag.py:3954} INFO - Setting next_dagrun for example_short_circuit_operator to 2025-12-29 00:00:00+00:00, run_after=2025-12-30 00:00:00+00:00
[2025-12-30T23:52:41.572+0000] {processor.py:183} INFO - Processing /home/airflow/.local/lib/python3.12/site-packages/airflow/example_dags/example_short_circuit_operator.py took 0.067 seconds
[2025-12-30T23:53:11.864+0000] {processor.py:161} INFO - Started process (PID=1278) to work on /home/airflow/.local/lib/python3.12/site-packages/airflow/example_dags/example_short_circuit_operator.py
[2025-12-30T23:53:11.865+0000] {processor.py:830} INFO - Processing file /home/airflow/.local/lib/python3.12/site-packages/airflow/example_dags/example_short_circuit_operator.py for tasks to queue
[2025-12-30T23:53:11.866+0000] {logging_mixin.py:188} INFO - [2025-12-30T23:53:11.866+0000] {dagbag.py:545} INFO - Filling up the DagBag from /home/airflow/.local/lib/python3.12/site-packages/airflow/example_dags/example_short_circuit_operator.py
[2025-12-30T23:53:11.871+0000] {processor.py:840} INFO - DAG(s) 'example_short_circuit_operator' retrieved from /home/airflow/.local/lib/python3.12/site-packages/airflow/example_dags/example_short_circuit_operator.py
[2025-12-30T23:53:11.891+0000] {logging_mixin.py:188} INFO - [2025-12-30T23:53:11.891+0000] {dag.py:3096} INFO - Sync 1 DAGs
[2025-12-30T23:53:11.902+0000] {logging_mixin.py:188} INFO - [2025-12-30T23:53:11.902+0000] {dag.py:3954} INFO - Setting next_dagrun for example_short_circuit_operator to 2025-12-29 00:00:00+00:00, run_after=2025-12-30 00:00:00+00:00
[2025-12-30T23:53:11.911+0000] {processor.py:183} INFO - Processing /home/airflow/.local/lib/python3.12/site-packages/airflow/example_dags/example_short_circuit_operator.py took 0.050 seconds
[2025-12-30T23:53:42.401+0000] {processor.py:161} INFO - Started process (PID=1338) to work on /home/airflow/.local/lib/python3.12/site-packages/airflow/example_dags/example_short_circuit_operator.py
[2025-12-30T23:53:42.401+0000] {processor.py:830} INFO - Processing file /home/airflow/.local/lib/python3.12/site-packages/airflow/example_dags/example_short_circuit_operator.py for tasks to queue
[2025-12-30T23:53:42.403+0000] {logging_mixin.py:188} INFO - [2025-12-30T23:53:42.402+0000] {dagbag.py:545} INFO - Filling up the DagBag from /home/airflow/.local/lib/python3.12/site-packages/airflow/example_dags/example_short_circuit_operator.py
[2025-12-30T23:53:42.407+0000] {processor.py:840} INFO - DAG(s) 'example_short_circuit_operator' retrieved from /home/airflow/.local/lib/python3.12/site-packages/airflow/example_dags/example_short_circuit_operator.py
[2025-12-30T23:53:42.419+0000] {logging_mixin.py:188} INFO - [2025-12-30T23:53:42.419+0000] {dag.py:3096} INFO - Sync 1 DAGs
[2025-12-30T23:53:42.430+0000] {logging_mixin.py:188} INFO - [2025-12-30T23:53:42.430+0000] {dag.py:3954} INFO - Setting next_dagrun for example_short_circuit_operator to 2025-12-29 00:00:00+00:00, run_after=2025-12-30 00:00:00+00:00
[2025-12-30T23:53:42.438+0000] {processor.py:183} INFO - Processing /home/airflow/.local/lib/python3.12/site-packages/airflow/example_dags/example_short_circuit_operator.py took 0.040 seconds
[2025-12-30T23:54:13.482+0000] {processor.py:161} INFO - Started process (PID=1398) to work on /home/airflow/.local/lib/python3.12/site-packages/airflow/example_dags/example_short_circuit_operator.py
[2025-12-30T23:54:13.483+0000] {processor.py:830} INFO - Processing file /home/airflow/.local/lib/python3.12/site-packages/airflow/example_dags/example_short_circuit_operator.py for tasks to queue
[2025-12-30T23:54:13.484+0000] {logging_mixin.py:188} INFO - [2025-12-30T23:54:13.484+0000] {dagbag.py:545} INFO - Filling up the DagBag from /home/airflow/.local/lib/python3.12/site-packages/airflow/example_dags/example_short_circuit_operator.py
[2025-12-30T23:54:13.490+0000] {processor.py:840} INFO - DAG(s) 'example_short_circuit_operator' retrieved from /home/airflow/.local/lib/python3.12/site-packages/airflow/example_dags/example_short_circuit_operator.py
[2025-12-30T23:54:13.503+0000] {logging_mixin.py:188} INFO - [2025-12-30T23:54:13.502+0000] {dag.py:3096} INFO - Sync 1 DAGs
[2025-12-30T23:54:13.516+0000] {logging_mixin.py:188} INFO - [2025-12-30T23:54:13.516+0000] {dag.py:3954} INFO - Setting next_dagrun for example_short_circuit_operator to 2025-12-29 00:00:00+00:00, run_after=2025-12-30 00:00:00+00:00
[2025-12-30T23:54:13.528+0000] {processor.py:183} INFO - Processing /home/airflow/.local/lib/python3.12/site-packages/airflow/example_dags/example_short_circuit_operator.py took 0.049 seconds
[2025-12-30T23:54:43.939+0000] {processor.py:161} INFO - Started process (PID=1458) to work on /home/airflow/.local/lib/python3.12/site-packages/airflow/example_dags/example_short_circuit_operator.py
[2025-12-30T23:54:43.940+0000] {processor.py:830} INFO - Processing file /home/airflow/.local/lib/python3.12/site-packages/airflow/example_dags/example_short_circuit_operator.py for tasks to queue
[2025-12-30T23:54:43.941+0000] {logging_mixin.py:188} INFO - [2025-12-30T23:54:43.941+0000] {dagbag.py:545} INFO - Filling up the DagBag from /home/airflow/.local/lib/python3.12/site-packages/airflow/example_dags/example_short_circuit_operator.py
[2025-12-30T23:54:43.947+0000] {processor.py:840} INFO - DAG(s) 'example_short_circuit_operator' retrieved from /home/airflow/.local/lib/python3.12/site-packages/airflow/example_dags/example_short_circuit_operator.py
[2025-12-30T23:54:43.960+0000] {logging_mixin.py:188} INFO - [2025-12-30T23:54:43.960+0000] {dag.py:3096} INFO - Sync 1 DAGs
[2025-12-30T23:54:43.971+0000] {logging_mixin.py:188} INFO - [2025-12-30T23:54:43.971+0000] {dag.py:3954} INFO - Setting next_dagrun for example_short_circuit_operator to 2025-12-29 00:00:00+00:00, run_after=2025-12-30 00:00:00+00:00
[2025-12-30T23:54:43.984+0000] {processor.py:183} INFO - Processing /home/airflow/.local/lib/python3.12/site-packages/airflow/example_dags/example_short_circuit_operator.py took 0.049 seconds
[2025-12-30T23:55:14.060+0000] {processor.py:161} INFO - Started process (PID=1517) to work on /home/airflow/.local/lib/python3.12/site-packages/airflow/example_dags/example_short_circuit_operator.py
[2025-12-30T23:55:14.061+0000] {processor.py:830} INFO - Processing file /home/airflow/.local/lib/python3.12/site-packages/airflow/example_dags/example_short_circuit_operator.py for tasks to queue
[2025-12-30T23:55:14.062+0000] {logging_mixin.py:188} INFO - [2025-12-30T23:55:14.062+0000] {dagbag.py:545} INFO - Filling up the DagBag from /home/airflow/.local/lib/python3.12/site-packages/airflow/example_dags/example_short_circuit_operator.py
[2025-12-30T23:55:14.065+0000] {processor.py:840} INFO - DAG(s) 'example_short_circuit_operator' retrieved from /home/airflow/.local/lib/python3.12/site-packages/airflow/example_dags/example_short_circuit_operator.py
[2025-12-30T23:55:14.075+0000] {logging_mixin.py:188} INFO - [2025-12-30T23:55:14.074+0000] {dag.py:3096} INFO - Sync 1 DAGs
[2025-12-30T23:55:14.084+0000] {logging_mixin.py:188} INFO - [2025-12-30T23:55:14.084+0000] {dag.py:3954} INFO - Setting next_dagrun for example_short_circuit_operator to 2025-12-29 00:00:00+00:00, run_after=2025-12-30 00:00:00+00:00
[2025-12-30T23:55:14.094+0000] {processor.py:183} INFO - Processing /home/airflow/.local/lib/python3.12/site-packages/airflow/example_dags/example_short_circuit_operator.py took 0.036 seconds
[2025-12-30T23:55:44.449+0000] {processor.py:161} INFO - Started process (PID=1577) to work on /home/airflow/.local/lib/python3.12/site-packages/airflow/example_dags/example_short_circuit_operator.py
[2025-12-30T23:55:44.449+0000] {processor.py:830} INFO - Processing file /home/airflow/.local/lib/python3.12/site-packages/airflow/example_dags/example_short_circuit_operator.py for tasks to queue
[2025-12-30T23:55:44.450+0000] {logging_mixin.py:188} INFO - [2025-12-30T23:55:44.450+0000] {dagbag.py:545} INFO - Filling up the DagBag from /home/airflow/.local/lib/python3.12/site-packages/airflow/example_dags/example_short_circuit_operator.py
[2025-12-30T23:55:44.454+0000] {processor.py:840} INFO - DAG(s) 'example_short_circuit_operator' retrieved from /home/airflow/.local/lib/python3.12/site-packages/airflow/example_dags/example_short_circuit_operator.py
[2025-12-30T23:55:44.468+0000] {logging_mixin.py:188} INFO - [2025-12-30T23:55:44.468+0000] {dag.py:3096} INFO - Sync 1 DAGs
[2025-12-30T23:55:44.484+0000] {logging_mixin.py:188} INFO - [2025-12-30T23:55:44.484+0000] {dag.py:3954} INFO - Setting next_dagrun for example_short_circuit_operator to 2025-12-29 00:00:00+00:00, run_after=2025-12-30 00:00:00+00:00
[2025-12-30T23:55:44.496+0000] {processor.py:183} INFO - Processing /home/airflow/.local/lib/python3.12/site-packages/airflow/example_dags/example_short_circuit_operator.py took 0.050 seconds
[2025-12-30T23:56:14.846+0000] {processor.py:161} INFO - Started process (PID=1637) to work on /home/airflow/.local/lib/python3.12/site-packages/airflow/example_dags/example_short_circuit_operator.py
[2025-12-30T23:56:14.847+0000] {processor.py:830} INFO - Processing file /home/airflow/.local/lib/python3.12/site-packages/airflow/example_dags/example_short_circuit_operator.py for tasks to queue
[2025-12-30T23:56:14.848+0000] {logging_mixin.py:188} INFO - [2025-12-30T23:56:14.848+0000] {dagbag.py:545} INFO - Filling up the DagBag from /home/airflow/.local/lib/python3.12/site-packages/airflow/example_dags/example_short_circuit_operator.py
[2025-12-30T23:56:14.851+0000] {processor.py:840} INFO - DAG(s) 'example_short_circuit_operator' retrieved from /home/airflow/.local/lib/python3.12/site-packages/airflow/example_dags/example_short_circuit_operator.py
[2025-12-30T23:56:14.862+0000] {logging_mixin.py:188} INFO - [2025-12-30T23:56:14.861+0000] {dag.py:3096} INFO - Sync 1 DAGs
[2025-12-30T23:56:14.871+0000] {logging_mixin.py:188} INFO - [2025-12-30T23:56:14.871+0000] {dag.py:3954} INFO - Setting next_dagrun for example_short_circuit_operator to 2025-12-29 00:00:00+00:00, run_after=2025-12-30 00:00:00+00:00
[2025-12-30T23:56:14.880+0000] {processor.py:183} INFO - Processing /home/airflow/.local/lib/python3.12/site-packages/airflow/example_dags/example_short_circuit_operator.py took 0.036 seconds
[2025-12-30T23:56:45.093+0000] {processor.py:161} INFO - Started process (PID=1697) to work on /home/airflow/.local/lib/python3.12/site-packages/airflow/example_dags/example_short_circuit_operator.py
[2025-12-30T23:56:45.094+0000] {processor.py:830} INFO - Processing file /home/airflow/.local/lib/python3.12/site-packages/airflow/example_dags/example_short_circuit_operator.py for tasks to queue
[2025-12-30T23:56:45.095+0000] {logging_mixin.py:188} INFO - [2025-12-30T23:56:45.095+0000] {dagbag.py:545} INFO - Filling up the DagBag from /home/airflow/.local/lib/python3.12/site-packages/airflow/example_dags/example_short_circuit_operator.py
[2025-12-30T23:56:45.098+0000] {processor.py:840} INFO - DAG(s) 'example_short_circuit_operator' retrieved from /home/airflow/.local/lib/python3.12/site-packages/airflow/example_dags/example_short_circuit_operator.py
[2025-12-30T23:56:45.108+0000] {logging_mixin.py:188} INFO - [2025-12-30T23:56:45.108+0000] {dag.py:3096} INFO - Sync 1 DAGs
[2025-12-30T23:56:45.117+0000] {logging_mixin.py:188} INFO - [2025-12-30T23:56:45.117+0000] {dag.py:3954} INFO - Setting next_dagrun for example_short_circuit_operator to 2025-12-29 00:00:00+00:00, run_after=2025-12-30 00:00:00+00:00
[2025-12-30T23:56:45.125+0000] {processor.py:183} INFO - Processing /home/airflow/.local/lib/python3.12/site-packages/airflow/example_dags/example_short_circuit_operator.py took 0.034 seconds
[2025-12-30T23:57:15.600+0000] {processor.py:161} INFO - Started process (PID=1757) to work on /home/airflow/.local/lib/python3.12/site-packages/airflow/example_dags/example_short_circuit_operator.py
[2025-12-30T23:57:15.601+0000] {processor.py:830} INFO - Processing file /home/airflow/.local/lib/python3.12/site-packages/airflow/example_dags/example_short_circuit_operator.py for tasks to queue
[2025-12-30T23:57:15.602+0000] {logging_mixin.py:188} INFO - [2025-12-30T23:57:15.602+0000] {dagbag.py:545} INFO - Filling up the DagBag from /home/airflow/.local/lib/python3.12/site-packages/airflow/example_dags/example_short_circuit_operator.py
[2025-12-30T23:57:15.607+0000] {processor.py:840} INFO - DAG(s) 'example_short_circuit_operator' retrieved from /home/airflow/.local/lib/python3.12/site-packages/airflow/example_dags/example_short_circuit_operator.py
[2025-12-30T23:57:15.626+0000] {logging_mixin.py:188} INFO - [2025-12-30T23:57:15.626+0000] {dag.py:3096} INFO - Sync 1 DAGs
[2025-12-30T23:57:15.642+0000] {logging_mixin.py:188} INFO - [2025-12-30T23:57:15.642+0000] {dag.py:3954} INFO - Setting next_dagrun for example_short_circuit_operator to 2025-12-29 00:00:00+00:00, run_after=2025-12-30 00:00:00+00:00
[2025-12-30T23:57:15.651+0000] {processor.py:183} INFO - Processing /home/airflow/.local/lib/python3.12/site-packages/airflow/example_dags/example_short_circuit_operator.py took 0.055 seconds
[2025-12-30T23:57:45.685+0000] {processor.py:161} INFO - Started process (PID=1817) to work on /home/airflow/.local/lib/python3.12/site-packages/airflow/example_dags/example_short_circuit_operator.py
[2025-12-30T23:57:45.685+0000] {processor.py:830} INFO - Processing file /home/airflow/.local/lib/python3.12/site-packages/airflow/example_dags/example_short_circuit_operator.py for tasks to queue
[2025-12-30T23:57:45.686+0000] {logging_mixin.py:188} INFO - [2025-12-30T23:57:45.686+0000] {dagbag.py:545} INFO - Filling up the DagBag from /home/airflow/.local/lib/python3.12/site-packages/airflow/example_dags/example_short_circuit_operator.py
[2025-12-30T23:57:45.689+0000] {processor.py:840} INFO - DAG(s) 'example_short_circuit_operator' retrieved from /home/airflow/.local/lib/python3.12/site-packages/airflow/example_dags/example_short_circuit_operator.py
[2025-12-30T23:57:45.699+0000] {logging_mixin.py:188} INFO - [2025-12-30T23:57:45.699+0000] {dag.py:3096} INFO - Sync 1 DAGs
[2025-12-30T23:57:45.712+0000] {logging_mixin.py:188} INFO - [2025-12-30T23:57:45.712+0000] {dag.py:3954} INFO - Setting next_dagrun for example_short_circuit_operator to 2025-12-29 00:00:00+00:00, run_after=2025-12-30 00:00:00+00:00
[2025-12-30T23:57:45.721+0000] {processor.py:183} INFO - Processing /home/airflow/.local/lib/python3.12/site-packages/airflow/example_dags/example_short_circuit_operator.py took 0.039 seconds
[2025-12-30T23:58:15.754+0000] {processor.py:161} INFO - Started process (PID=1877) to work on /home/airflow/.local/lib/python3.12/site-packages/airflow/example_dags/example_short_circuit_operator.py
[2025-12-30T23:58:15.754+0000] {processor.py:830} INFO - Processing file /home/airflow/.local/lib/python3.12/site-packages/airflow/example_dags/example_short_circuit_operator.py for tasks to queue
[2025-12-30T23:58:15.755+0000] {logging_mixin.py:188} INFO - [2025-12-30T23:58:15.755+0000] {dagbag.py:545} INFO - Filling up the DagBag from /home/airflow/.local/lib/python3.12/site-packages/airflow/example_dags/example_short_circuit_operator.py
[2025-12-30T23:58:15.759+0000] {processor.py:840} INFO - DAG(s) 'example_short_circuit_operator' retrieved from /home/airflow/.local/lib/python3.12/site-packages/airflow/example_dags/example_short_circuit_operator.py
[2025-12-30T23:58:15.769+0000] {logging_mixin.py:188} INFO - [2025-12-30T23:58:15.769+0000] {dag.py:3096} INFO - Sync 1 DAGs
[2025-12-30T23:58:15.779+0000] {logging_mixin.py:188} INFO - [2025-12-30T23:58:15.779+0000] {dag.py:3954} INFO - Setting next_dagrun for example_short_circuit_operator to 2025-12-29 00:00:00+00:00, run_after=2025-12-30 00:00:00+00:00
[2025-12-30T23:58:15.789+0000] {processor.py:183} INFO - Processing /home/airflow/.local/lib/python3.12/site-packages/airflow/example_dags/example_short_circuit_operator.py took 0.038 seconds
[2025-12-30T23:58:46.814+0000] {processor.py:161} INFO - Started process (PID=1937) to work on /home/airflow/.local/lib/python3.12/site-packages/airflow/example_dags/example_short_circuit_operator.py
[2025-12-30T23:58:46.814+0000] {processor.py:830} INFO - Processing file /home/airflow/.local/lib/python3.12/site-packages/airflow/example_dags/example_short_circuit_operator.py for tasks to queue
[2025-12-30T23:58:46.815+0000] {logging_mixin.py:188} INFO - [2025-12-30T23:58:46.815+0000] {dagbag.py:545} INFO - Filling up the DagBag from /home/airflow/.local/lib/python3.12/site-packages/airflow/example_dags/example_short_circuit_operator.py
[2025-12-30T23:58:46.819+0000] {processor.py:840} INFO - DAG(s) 'example_short_circuit_operator' retrieved from /home/airflow/.local/lib/python3.12/site-packages/airflow/example_dags/example_short_circuit_operator.py
[2025-12-30T23:58:46.831+0000] {logging_mixin.py:188} INFO - [2025-12-30T23:58:46.831+0000] {dag.py:3096} INFO - Sync 1 DAGs
[2025-12-30T23:58:46.845+0000] {logging_mixin.py:188} INFO - [2025-12-30T23:58:46.844+0000] {dag.py:3954} INFO - Setting next_dagrun for example_short_circuit_operator to 2025-12-29 00:00:00+00:00, run_after=2025-12-30 00:00:00+00:00
[2025-12-30T23:58:46.856+0000] {processor.py:183} INFO - Processing /home/airflow/.local/lib/python3.12/site-packages/airflow/example_dags/example_short_circuit_operator.py took 0.046 seconds
[2025-12-30T23:59:17.913+0000] {processor.py:161} INFO - Started process (PID=1997) to work on /home/airflow/.local/lib/python3.12/site-packages/airflow/example_dags/example_short_circuit_operator.py
[2025-12-30T23:59:17.913+0000] {processor.py:830} INFO - Processing file /home/airflow/.local/lib/python3.12/site-packages/airflow/example_dags/example_short_circuit_operator.py for tasks to queue
[2025-12-30T23:59:17.914+0000] {logging_mixin.py:188} INFO - [2025-12-30T23:59:17.914+0000] {dagbag.py:545} INFO - Filling up the DagBag from /home/airflow/.local/lib/python3.12/site-packages/airflow/example_dags/example_short_circuit_operator.py
[2025-12-30T23:59:17.918+0000] {processor.py:840} INFO - DAG(s) 'example_short_circuit_operator' retrieved from /home/airflow/.local/lib/python3.12/site-packages/airflow/example_dags/example_short_circuit_operator.py
[2025-12-30T23:59:17.929+0000] {logging_mixin.py:188} INFO - [2025-12-30T23:59:17.929+0000] {dag.py:3096} INFO - Sync 1 DAGs
[2025-12-30T23:59:18.048+0000] {logging_mixin.py:188} INFO - [2025-12-30T23:59:18.048+0000] {dag.py:3954} INFO - Setting next_dagrun for example_short_circuit_operator to 2025-12-29 00:00:00+00:00, run_after=2025-12-30 00:00:00+00:00
[2025-12-30T23:59:18.057+0000] {processor.py:183} INFO - Processing /home/airflow/.local/lib/python3.12/site-packages/airflow/example_dags/example_short_circuit_operator.py took 0.147 seconds
[2025-12-30T23:59:48.466+0000] {processor.py:161} INFO - Started process (PID=2057) to work on /home/airflow/.local/lib/python3.12/site-packages/airflow/example_dags/example_short_circuit_operator.py
[2025-12-30T23:59:48.467+0000] {processor.py:830} INFO - Processing file /home/airflow/.local/lib/python3.12/site-packages/airflow/example_dags/example_short_circuit_operator.py for tasks to queue
[2025-12-30T23:59:48.468+0000] {logging_mixin.py:188} INFO - [2025-12-30T23:59:48.467+0000] {dagbag.py:545} INFO - Filling up the DagBag from /home/airflow/.local/lib/python3.12/site-packages/airflow/example_dags/example_short_circuit_operator.py
[2025-12-30T23:59:48.471+0000] {processor.py:840} INFO - DAG(s) 'example_short_circuit_operator' retrieved from /home/airflow/.local/lib/python3.12/site-packages/airflow/example_dags/example_short_circuit_operator.py
[2025-12-30T23:59:48.481+0000] {logging_mixin.py:188} INFO - [2025-12-30T23:59:48.481+0000] {dag.py:3096} INFO - Sync 1 DAGs
[2025-12-30T23:59:48.612+0000] {logging_mixin.py:188} INFO - [2025-12-30T23:59:48.611+0000] {dag.py:3954} INFO - Setting next_dagrun for example_short_circuit_operator to 2025-12-29 00:00:00+00:00, run_after=2025-12-30 00:00:00+00:00
[2025-12-30T23:59:48.620+0000] {processor.py:183} INFO - Processing /home/airflow/.local/lib/python3.12/site-packages/airflow/example_dags/example_short_circuit_operator.py took 0.156 seconds
