[2025-12-30T23:33:51.372+0000] {processor.py:161} INFO - Started process (PID=63) to work on /home/airflow/.local/lib/python3.12/site-packages/airflow/example_dags/example_params_trigger_ui.py
[2025-12-30T23:33:51.379+0000] {processor.py:830} INFO - Processing file /home/airflow/.local/lib/python3.12/site-packages/airflow/example_dags/example_params_trigger_ui.py for tasks to queue
[2025-12-30T23:33:51.389+0000] {logging_mixin.py:188} INFO - [2025-12-30T23:33:51.388+0000] {dagbag.py:545} INFO - Filling up the DagBag from /home/airflow/.local/lib/python3.12/site-packages/airflow/example_dags/example_params_trigger_ui.py
[2025-12-30T23:33:51.469+0000] {processor.py:840} INFO - DAG(s) 'example_params_trigger_ui' retrieved from /home/airflow/.local/lib/python3.12/site-packages/airflow/example_dags/example_params_trigger_ui.py
[2025-12-30T23:33:51.500+0000] {logging_mixin.py:188} INFO - [2025-12-30T23:33:51.499+0000] {dag.py:3096} INFO - Sync 1 DAGs
[2025-12-30T23:33:51.520+0000] {logging_mixin.py:188} INFO - [2025-12-30T23:33:51.520+0000] {dag.py:3954} INFO - Setting next_dagrun for example_params_trigger_ui to None, run_after=None
[2025-12-30T23:33:51.566+0000] {processor.py:183} INFO - Processing /home/airflow/.local/lib/python3.12/site-packages/airflow/example_dags/example_params_trigger_ui.py took 0.219 seconds
[2025-12-30T23:34:21.690+0000] {processor.py:161} INFO - Started process (PID=122) to work on /home/airflow/.local/lib/python3.12/site-packages/airflow/example_dags/example_params_trigger_ui.py
[2025-12-30T23:34:21.690+0000] {processor.py:830} INFO - Processing file /home/airflow/.local/lib/python3.12/site-packages/airflow/example_dags/example_params_trigger_ui.py for tasks to queue
[2025-12-30T23:34:21.691+0000] {logging_mixin.py:188} INFO - [2025-12-30T23:34:21.691+0000] {dagbag.py:545} INFO - Filling up the DagBag from /home/airflow/.local/lib/python3.12/site-packages/airflow/example_dags/example_params_trigger_ui.py
[2025-12-30T23:34:21.700+0000] {processor.py:840} INFO - DAG(s) 'example_params_trigger_ui' retrieved from /home/airflow/.local/lib/python3.12/site-packages/airflow/example_dags/example_params_trigger_ui.py
[2025-12-30T23:34:21.761+0000] {logging_mixin.py:188} INFO - [2025-12-30T23:34:21.760+0000] {dag.py:3096} INFO - Sync 1 DAGs
[2025-12-30T23:34:21.766+0000] {logging_mixin.py:188} INFO - [2025-12-30T23:34:21.766+0000] {dag.py:3954} INFO - Setting next_dagrun for example_params_trigger_ui to None, run_after=None
[2025-12-30T23:34:21.776+0000] {processor.py:183} INFO - Processing /home/airflow/.local/lib/python3.12/site-packages/airflow/example_dags/example_params_trigger_ui.py took 0.089 seconds
[2025-12-30T23:34:51.969+0000] {processor.py:161} INFO - Started process (PID=181) to work on /home/airflow/.local/lib/python3.12/site-packages/airflow/example_dags/example_params_trigger_ui.py
[2025-12-30T23:34:51.969+0000] {processor.py:830} INFO - Processing file /home/airflow/.local/lib/python3.12/site-packages/airflow/example_dags/example_params_trigger_ui.py for tasks to queue
[2025-12-30T23:34:51.970+0000] {logging_mixin.py:188} INFO - [2025-12-30T23:34:51.970+0000] {dagbag.py:545} INFO - Filling up the DagBag from /home/airflow/.local/lib/python3.12/site-packages/airflow/example_dags/example_params_trigger_ui.py
[2025-12-30T23:34:51.978+0000] {processor.py:840} INFO - DAG(s) 'example_params_trigger_ui' retrieved from /home/airflow/.local/lib/python3.12/site-packages/airflow/example_dags/example_params_trigger_ui.py
[2025-12-30T23:34:51.997+0000] {logging_mixin.py:188} INFO - [2025-12-30T23:34:51.996+0000] {dag.py:3096} INFO - Sync 1 DAGs
[2025-12-30T23:34:52.002+0000] {logging_mixin.py:188} INFO - [2025-12-30T23:34:52.002+0000] {dag.py:3954} INFO - Setting next_dagrun for example_params_trigger_ui to None, run_after=None
[2025-12-30T23:34:52.010+0000] {processor.py:183} INFO - Processing /home/airflow/.local/lib/python3.12/site-packages/airflow/example_dags/example_params_trigger_ui.py took 0.044 seconds
[2025-12-30T23:35:22.241+0000] {processor.py:161} INFO - Started process (PID=240) to work on /home/airflow/.local/lib/python3.12/site-packages/airflow/example_dags/example_params_trigger_ui.py
[2025-12-30T23:35:22.241+0000] {processor.py:830} INFO - Processing file /home/airflow/.local/lib/python3.12/site-packages/airflow/example_dags/example_params_trigger_ui.py for tasks to queue
[2025-12-30T23:35:22.242+0000] {logging_mixin.py:188} INFO - [2025-12-30T23:35:22.242+0000] {dagbag.py:545} INFO - Filling up the DagBag from /home/airflow/.local/lib/python3.12/site-packages/airflow/example_dags/example_params_trigger_ui.py
[2025-12-30T23:35:22.255+0000] {processor.py:840} INFO - DAG(s) 'example_params_trigger_ui' retrieved from /home/airflow/.local/lib/python3.12/site-packages/airflow/example_dags/example_params_trigger_ui.py
[2025-12-30T23:35:22.276+0000] {logging_mixin.py:188} INFO - [2025-12-30T23:35:22.276+0000] {dag.py:3096} INFO - Sync 1 DAGs
[2025-12-30T23:35:22.285+0000] {logging_mixin.py:188} INFO - [2025-12-30T23:35:22.284+0000] {dag.py:3954} INFO - Setting next_dagrun for example_params_trigger_ui to None, run_after=None
[2025-12-30T23:35:22.300+0000] {processor.py:183} INFO - Processing /home/airflow/.local/lib/python3.12/site-packages/airflow/example_dags/example_params_trigger_ui.py took 0.062 seconds
[2025-12-30T23:35:52.430+0000] {processor.py:161} INFO - Started process (PID=305) to work on /home/airflow/.local/lib/python3.12/site-packages/airflow/example_dags/example_params_trigger_ui.py
[2025-12-30T23:35:52.431+0000] {processor.py:830} INFO - Processing file /home/airflow/.local/lib/python3.12/site-packages/airflow/example_dags/example_params_trigger_ui.py for tasks to queue
[2025-12-30T23:35:52.432+0000] {logging_mixin.py:188} INFO - [2025-12-30T23:35:52.431+0000] {dagbag.py:545} INFO - Filling up the DagBag from /home/airflow/.local/lib/python3.12/site-packages/airflow/example_dags/example_params_trigger_ui.py
[2025-12-30T23:35:52.443+0000] {processor.py:840} INFO - DAG(s) 'example_params_trigger_ui' retrieved from /home/airflow/.local/lib/python3.12/site-packages/airflow/example_dags/example_params_trigger_ui.py
[2025-12-30T23:35:52.467+0000] {logging_mixin.py:188} INFO - [2025-12-30T23:35:52.467+0000] {dag.py:3096} INFO - Sync 1 DAGs
[2025-12-30T23:35:52.473+0000] {logging_mixin.py:188} INFO - [2025-12-30T23:35:52.473+0000] {dag.py:3954} INFO - Setting next_dagrun for example_params_trigger_ui to None, run_after=None
[2025-12-30T23:35:52.481+0000] {processor.py:183} INFO - Processing /home/airflow/.local/lib/python3.12/site-packages/airflow/example_dags/example_params_trigger_ui.py took 0.054 seconds
[2025-12-30T23:36:22.640+0000] {processor.py:161} INFO - Started process (PID=364) to work on /home/airflow/.local/lib/python3.12/site-packages/airflow/example_dags/example_params_trigger_ui.py
[2025-12-30T23:36:22.640+0000] {processor.py:830} INFO - Processing file /home/airflow/.local/lib/python3.12/site-packages/airflow/example_dags/example_params_trigger_ui.py for tasks to queue
[2025-12-30T23:36:22.641+0000] {logging_mixin.py:188} INFO - [2025-12-30T23:36:22.641+0000] {dagbag.py:545} INFO - Filling up the DagBag from /home/airflow/.local/lib/python3.12/site-packages/airflow/example_dags/example_params_trigger_ui.py
[2025-12-30T23:36:22.648+0000] {processor.py:840} INFO - DAG(s) 'example_params_trigger_ui' retrieved from /home/airflow/.local/lib/python3.12/site-packages/airflow/example_dags/example_params_trigger_ui.py
[2025-12-30T23:36:22.665+0000] {logging_mixin.py:188} INFO - [2025-12-30T23:36:22.665+0000] {dag.py:3096} INFO - Sync 1 DAGs
[2025-12-30T23:36:22.670+0000] {logging_mixin.py:188} INFO - [2025-12-30T23:36:22.670+0000] {dag.py:3954} INFO - Setting next_dagrun for example_params_trigger_ui to None, run_after=None
[2025-12-30T23:36:22.678+0000] {processor.py:183} INFO - Processing /home/airflow/.local/lib/python3.12/site-packages/airflow/example_dags/example_params_trigger_ui.py took 0.041 seconds
[2025-12-30T23:36:52.934+0000] {processor.py:161} INFO - Started process (PID=423) to work on /home/airflow/.local/lib/python3.12/site-packages/airflow/example_dags/example_params_trigger_ui.py
[2025-12-30T23:36:52.935+0000] {processor.py:830} INFO - Processing file /home/airflow/.local/lib/python3.12/site-packages/airflow/example_dags/example_params_trigger_ui.py for tasks to queue
[2025-12-30T23:36:52.937+0000] {logging_mixin.py:188} INFO - [2025-12-30T23:36:52.936+0000] {dagbag.py:545} INFO - Filling up the DagBag from /home/airflow/.local/lib/python3.12/site-packages/airflow/example_dags/example_params_trigger_ui.py
[2025-12-30T23:36:52.944+0000] {processor.py:840} INFO - DAG(s) 'example_params_trigger_ui' retrieved from /home/airflow/.local/lib/python3.12/site-packages/airflow/example_dags/example_params_trigger_ui.py
[2025-12-30T23:36:52.962+0000] {logging_mixin.py:188} INFO - [2025-12-30T23:36:52.962+0000] {dag.py:3096} INFO - Sync 1 DAGs
[2025-12-30T23:36:52.972+0000] {logging_mixin.py:188} INFO - [2025-12-30T23:36:52.972+0000] {dag.py:3954} INFO - Setting next_dagrun for example_params_trigger_ui to None, run_after=None
[2025-12-30T23:36:52.983+0000] {processor.py:183} INFO - Processing /home/airflow/.local/lib/python3.12/site-packages/airflow/example_dags/example_params_trigger_ui.py took 0.053 seconds
[2025-12-30T23:37:23.422+0000] {processor.py:161} INFO - Started process (PID=482) to work on /home/airflow/.local/lib/python3.12/site-packages/airflow/example_dags/example_params_trigger_ui.py
[2025-12-30T23:37:23.423+0000] {processor.py:830} INFO - Processing file /home/airflow/.local/lib/python3.12/site-packages/airflow/example_dags/example_params_trigger_ui.py for tasks to queue
[2025-12-30T23:37:23.424+0000] {logging_mixin.py:188} INFO - [2025-12-30T23:37:23.424+0000] {dagbag.py:545} INFO - Filling up the DagBag from /home/airflow/.local/lib/python3.12/site-packages/airflow/example_dags/example_params_trigger_ui.py
[2025-12-30T23:37:23.434+0000] {processor.py:840} INFO - DAG(s) 'example_params_trigger_ui' retrieved from /home/airflow/.local/lib/python3.12/site-packages/airflow/example_dags/example_params_trigger_ui.py
[2025-12-30T23:37:23.463+0000] {logging_mixin.py:188} INFO - [2025-12-30T23:37:23.463+0000] {dag.py:3096} INFO - Sync 1 DAGs
[2025-12-30T23:37:23.472+0000] {logging_mixin.py:188} INFO - [2025-12-30T23:37:23.472+0000] {dag.py:3954} INFO - Setting next_dagrun for example_params_trigger_ui to None, run_after=None
[2025-12-30T23:37:23.489+0000] {processor.py:183} INFO - Processing /home/airflow/.local/lib/python3.12/site-packages/airflow/example_dags/example_params_trigger_ui.py took 0.070 seconds
[2025-12-30T23:37:53.773+0000] {processor.py:161} INFO - Started process (PID=541) to work on /home/airflow/.local/lib/python3.12/site-packages/airflow/example_dags/example_params_trigger_ui.py
[2025-12-30T23:37:53.779+0000] {processor.py:830} INFO - Processing file /home/airflow/.local/lib/python3.12/site-packages/airflow/example_dags/example_params_trigger_ui.py for tasks to queue
[2025-12-30T23:37:53.804+0000] {logging_mixin.py:188} INFO - [2025-12-30T23:37:53.799+0000] {dagbag.py:545} INFO - Filling up the DagBag from /home/airflow/.local/lib/python3.12/site-packages/airflow/example_dags/example_params_trigger_ui.py
[2025-12-30T23:37:53.835+0000] {processor.py:840} INFO - DAG(s) 'example_params_trigger_ui' retrieved from /home/airflow/.local/lib/python3.12/site-packages/airflow/example_dags/example_params_trigger_ui.py
[2025-12-30T23:37:53.911+0000] {logging_mixin.py:188} INFO - [2025-12-30T23:37:53.911+0000] {dag.py:3096} INFO - Sync 1 DAGs
[2025-12-30T23:37:53.933+0000] {logging_mixin.py:188} INFO - [2025-12-30T23:37:53.933+0000] {dag.py:3954} INFO - Setting next_dagrun for example_params_trigger_ui to None, run_after=None
[2025-12-30T23:37:53.954+0000] {processor.py:183} INFO - Processing /home/airflow/.local/lib/python3.12/site-packages/airflow/example_dags/example_params_trigger_ui.py took 0.212 seconds
[2025-12-30T23:38:24.245+0000] {processor.py:161} INFO - Started process (PID=600) to work on /home/airflow/.local/lib/python3.12/site-packages/airflow/example_dags/example_params_trigger_ui.py
[2025-12-30T23:38:24.245+0000] {processor.py:830} INFO - Processing file /home/airflow/.local/lib/python3.12/site-packages/airflow/example_dags/example_params_trigger_ui.py for tasks to queue
[2025-12-30T23:38:24.246+0000] {logging_mixin.py:188} INFO - [2025-12-30T23:38:24.246+0000] {dagbag.py:545} INFO - Filling up the DagBag from /home/airflow/.local/lib/python3.12/site-packages/airflow/example_dags/example_params_trigger_ui.py
[2025-12-30T23:38:24.253+0000] {processor.py:840} INFO - DAG(s) 'example_params_trigger_ui' retrieved from /home/airflow/.local/lib/python3.12/site-packages/airflow/example_dags/example_params_trigger_ui.py
[2025-12-30T23:38:24.275+0000] {logging_mixin.py:188} INFO - [2025-12-30T23:38:24.275+0000] {dag.py:3096} INFO - Sync 1 DAGs
[2025-12-30T23:38:24.285+0000] {logging_mixin.py:188} INFO - [2025-12-30T23:38:24.285+0000] {dag.py:3954} INFO - Setting next_dagrun for example_params_trigger_ui to None, run_after=None
[2025-12-30T23:38:24.296+0000] {processor.py:183} INFO - Processing /home/airflow/.local/lib/python3.12/site-packages/airflow/example_dags/example_params_trigger_ui.py took 0.054 seconds
[2025-12-30T23:38:54.689+0000] {processor.py:161} INFO - Started process (PID=659) to work on /home/airflow/.local/lib/python3.12/site-packages/airflow/example_dags/example_params_trigger_ui.py
[2025-12-30T23:38:54.690+0000] {processor.py:830} INFO - Processing file /home/airflow/.local/lib/python3.12/site-packages/airflow/example_dags/example_params_trigger_ui.py for tasks to queue
[2025-12-30T23:38:54.691+0000] {logging_mixin.py:188} INFO - [2025-12-30T23:38:54.691+0000] {dagbag.py:545} INFO - Filling up the DagBag from /home/airflow/.local/lib/python3.12/site-packages/airflow/example_dags/example_params_trigger_ui.py
[2025-12-30T23:38:54.698+0000] {processor.py:840} INFO - DAG(s) 'example_params_trigger_ui' retrieved from /home/airflow/.local/lib/python3.12/site-packages/airflow/example_dags/example_params_trigger_ui.py
[2025-12-30T23:38:54.715+0000] {logging_mixin.py:188} INFO - [2025-12-30T23:38:54.715+0000] {dag.py:3096} INFO - Sync 1 DAGs
[2025-12-30T23:38:54.725+0000] {logging_mixin.py:188} INFO - [2025-12-30T23:38:54.724+0000] {dag.py:3954} INFO - Setting next_dagrun for example_params_trigger_ui to None, run_after=None
[2025-12-30T23:38:54.733+0000] {processor.py:183} INFO - Processing /home/airflow/.local/lib/python3.12/site-packages/airflow/example_dags/example_params_trigger_ui.py took 0.047 seconds
[2025-12-30T23:39:25.001+0000] {processor.py:161} INFO - Started process (PID=718) to work on /home/airflow/.local/lib/python3.12/site-packages/airflow/example_dags/example_params_trigger_ui.py
[2025-12-30T23:39:25.001+0000] {processor.py:830} INFO - Processing file /home/airflow/.local/lib/python3.12/site-packages/airflow/example_dags/example_params_trigger_ui.py for tasks to queue
[2025-12-30T23:39:25.002+0000] {logging_mixin.py:188} INFO - [2025-12-30T23:39:25.002+0000] {dagbag.py:545} INFO - Filling up the DagBag from /home/airflow/.local/lib/python3.12/site-packages/airflow/example_dags/example_params_trigger_ui.py
[2025-12-30T23:39:25.011+0000] {processor.py:840} INFO - DAG(s) 'example_params_trigger_ui' retrieved from /home/airflow/.local/lib/python3.12/site-packages/airflow/example_dags/example_params_trigger_ui.py
[2025-12-30T23:39:25.034+0000] {logging_mixin.py:188} INFO - [2025-12-30T23:39:25.034+0000] {dag.py:3096} INFO - Sync 1 DAGs
[2025-12-30T23:39:25.040+0000] {logging_mixin.py:188} INFO - [2025-12-30T23:39:25.040+0000] {dag.py:3954} INFO - Setting next_dagrun for example_params_trigger_ui to None, run_after=None
[2025-12-30T23:39:25.050+0000] {processor.py:183} INFO - Processing /home/airflow/.local/lib/python3.12/site-packages/airflow/example_dags/example_params_trigger_ui.py took 0.052 seconds
[2025-12-30T23:39:55.352+0000] {processor.py:161} INFO - Started process (PID=777) to work on /home/airflow/.local/lib/python3.12/site-packages/airflow/example_dags/example_params_trigger_ui.py
[2025-12-30T23:39:55.353+0000] {processor.py:830} INFO - Processing file /home/airflow/.local/lib/python3.12/site-packages/airflow/example_dags/example_params_trigger_ui.py for tasks to queue
[2025-12-30T23:39:55.355+0000] {logging_mixin.py:188} INFO - [2025-12-30T23:39:55.355+0000] {dagbag.py:545} INFO - Filling up the DagBag from /home/airflow/.local/lib/python3.12/site-packages/airflow/example_dags/example_params_trigger_ui.py
[2025-12-30T23:39:55.366+0000] {processor.py:840} INFO - DAG(s) 'example_params_trigger_ui' retrieved from /home/airflow/.local/lib/python3.12/site-packages/airflow/example_dags/example_params_trigger_ui.py
[2025-12-30T23:39:55.393+0000] {logging_mixin.py:188} INFO - [2025-12-30T23:39:55.393+0000] {dag.py:3096} INFO - Sync 1 DAGs
[2025-12-30T23:39:55.399+0000] {logging_mixin.py:188} INFO - [2025-12-30T23:39:55.399+0000] {dag.py:3954} INFO - Setting next_dagrun for example_params_trigger_ui to None, run_after=None
[2025-12-30T23:39:55.408+0000] {processor.py:183} INFO - Processing /home/airflow/.local/lib/python3.12/site-packages/airflow/example_dags/example_params_trigger_ui.py took 0.063 seconds
[2025-12-30T23:40:25.696+0000] {processor.py:161} INFO - Started process (PID=836) to work on /home/airflow/.local/lib/python3.12/site-packages/airflow/example_dags/example_params_trigger_ui.py
[2025-12-30T23:40:25.696+0000] {processor.py:830} INFO - Processing file /home/airflow/.local/lib/python3.12/site-packages/airflow/example_dags/example_params_trigger_ui.py for tasks to queue
[2025-12-30T23:40:25.697+0000] {logging_mixin.py:188} INFO - [2025-12-30T23:40:25.697+0000] {dagbag.py:545} INFO - Filling up the DagBag from /home/airflow/.local/lib/python3.12/site-packages/airflow/example_dags/example_params_trigger_ui.py
[2025-12-30T23:40:25.705+0000] {processor.py:840} INFO - DAG(s) 'example_params_trigger_ui' retrieved from /home/airflow/.local/lib/python3.12/site-packages/airflow/example_dags/example_params_trigger_ui.py
[2025-12-30T23:40:25.723+0000] {logging_mixin.py:188} INFO - [2025-12-30T23:40:25.722+0000] {dag.py:3096} INFO - Sync 1 DAGs
[2025-12-30T23:40:25.728+0000] {logging_mixin.py:188} INFO - [2025-12-30T23:40:25.728+0000] {dag.py:3954} INFO - Setting next_dagrun for example_params_trigger_ui to None, run_after=None
[2025-12-30T23:40:25.735+0000] {processor.py:183} INFO - Processing /home/airflow/.local/lib/python3.12/site-packages/airflow/example_dags/example_params_trigger_ui.py took 0.043 seconds
[2025-12-30T23:40:56.147+0000] {processor.py:161} INFO - Started process (PID=896) to work on /home/airflow/.local/lib/python3.12/site-packages/airflow/example_dags/example_params_trigger_ui.py
[2025-12-30T23:40:56.148+0000] {processor.py:830} INFO - Processing file /home/airflow/.local/lib/python3.12/site-packages/airflow/example_dags/example_params_trigger_ui.py for tasks to queue
[2025-12-30T23:40:56.150+0000] {logging_mixin.py:188} INFO - [2025-12-30T23:40:56.149+0000] {dagbag.py:545} INFO - Filling up the DagBag from /home/airflow/.local/lib/python3.12/site-packages/airflow/example_dags/example_params_trigger_ui.py
[2025-12-30T23:40:56.168+0000] {processor.py:840} INFO - DAG(s) 'example_params_trigger_ui' retrieved from /home/airflow/.local/lib/python3.12/site-packages/airflow/example_dags/example_params_trigger_ui.py
[2025-12-30T23:40:56.190+0000] {logging_mixin.py:188} INFO - [2025-12-30T23:40:56.190+0000] {dag.py:3096} INFO - Sync 1 DAGs
[2025-12-30T23:40:56.196+0000] {logging_mixin.py:188} INFO - [2025-12-30T23:40:56.196+0000] {dag.py:3954} INFO - Setting next_dagrun for example_params_trigger_ui to None, run_after=None
[2025-12-30T23:40:56.210+0000] {processor.py:183} INFO - Processing /home/airflow/.local/lib/python3.12/site-packages/airflow/example_dags/example_params_trigger_ui.py took 0.069 seconds
[2025-12-30T23:42:58.397+0000] {processor.py:161} INFO - Started process (PID=62) to work on /home/airflow/.local/lib/python3.12/site-packages/airflow/example_dags/example_params_trigger_ui.py
[2025-12-30T23:42:58.398+0000] {processor.py:830} INFO - Processing file /home/airflow/.local/lib/python3.12/site-packages/airflow/example_dags/example_params_trigger_ui.py for tasks to queue
[2025-12-30T23:42:58.400+0000] {logging_mixin.py:188} INFO - [2025-12-30T23:42:58.399+0000] {dagbag.py:545} INFO - Filling up the DagBag from /home/airflow/.local/lib/python3.12/site-packages/airflow/example_dags/example_params_trigger_ui.py
[2025-12-30T23:42:58.418+0000] {processor.py:840} INFO - DAG(s) 'example_params_trigger_ui' retrieved from /home/airflow/.local/lib/python3.12/site-packages/airflow/example_dags/example_params_trigger_ui.py
[2025-12-30T23:42:58.437+0000] {logging_mixin.py:188} INFO - [2025-12-30T23:42:58.437+0000] {dag.py:3096} INFO - Sync 1 DAGs
[2025-12-30T23:42:58.469+0000] {logging_mixin.py:188} INFO - [2025-12-30T23:42:58.468+0000] {dag.py:3954} INFO - Setting next_dagrun for example_params_trigger_ui to None, run_after=None
[2025-12-30T23:42:58.491+0000] {processor.py:183} INFO - Processing /home/airflow/.local/lib/python3.12/site-packages/airflow/example_dags/example_params_trigger_ui.py took 0.101 seconds
[2025-12-30T23:43:29.041+0000] {processor.py:161} INFO - Started process (PID=128) to work on /home/airflow/.local/lib/python3.12/site-packages/airflow/example_dags/example_params_trigger_ui.py
[2025-12-30T23:43:29.041+0000] {processor.py:830} INFO - Processing file /home/airflow/.local/lib/python3.12/site-packages/airflow/example_dags/example_params_trigger_ui.py for tasks to queue
[2025-12-30T23:43:29.042+0000] {logging_mixin.py:188} INFO - [2025-12-30T23:43:29.042+0000] {dagbag.py:545} INFO - Filling up the DagBag from /home/airflow/.local/lib/python3.12/site-packages/airflow/example_dags/example_params_trigger_ui.py
[2025-12-30T23:43:29.053+0000] {processor.py:840} INFO - DAG(s) 'example_params_trigger_ui' retrieved from /home/airflow/.local/lib/python3.12/site-packages/airflow/example_dags/example_params_trigger_ui.py
[2025-12-30T23:43:29.127+0000] {logging_mixin.py:188} INFO - [2025-12-30T23:43:29.127+0000] {dag.py:3096} INFO - Sync 1 DAGs
[2025-12-30T23:43:29.132+0000] {logging_mixin.py:188} INFO - [2025-12-30T23:43:29.132+0000] {dag.py:3954} INFO - Setting next_dagrun for example_params_trigger_ui to None, run_after=None
[2025-12-30T23:43:29.140+0000] {processor.py:183} INFO - Processing /home/airflow/.local/lib/python3.12/site-packages/airflow/example_dags/example_params_trigger_ui.py took 0.103 seconds
[2025-12-30T23:43:59.745+0000] {processor.py:161} INFO - Started process (PID=188) to work on /home/airflow/.local/lib/python3.12/site-packages/airflow/example_dags/example_params_trigger_ui.py
[2025-12-30T23:43:59.745+0000] {processor.py:830} INFO - Processing file /home/airflow/.local/lib/python3.12/site-packages/airflow/example_dags/example_params_trigger_ui.py for tasks to queue
[2025-12-30T23:43:59.746+0000] {logging_mixin.py:188} INFO - [2025-12-30T23:43:59.746+0000] {dagbag.py:545} INFO - Filling up the DagBag from /home/airflow/.local/lib/python3.12/site-packages/airflow/example_dags/example_params_trigger_ui.py
[2025-12-30T23:43:59.755+0000] {processor.py:840} INFO - DAG(s) 'example_params_trigger_ui' retrieved from /home/airflow/.local/lib/python3.12/site-packages/airflow/example_dags/example_params_trigger_ui.py
[2025-12-30T23:43:59.777+0000] {logging_mixin.py:188} INFO - [2025-12-30T23:43:59.777+0000] {dag.py:3096} INFO - Sync 1 DAGs
[2025-12-30T23:43:59.784+0000] {logging_mixin.py:188} INFO - [2025-12-30T23:43:59.784+0000] {dag.py:3954} INFO - Setting next_dagrun for example_params_trigger_ui to None, run_after=None
[2025-12-30T23:43:59.795+0000] {processor.py:183} INFO - Processing /home/airflow/.local/lib/python3.12/site-packages/airflow/example_dags/example_params_trigger_ui.py took 0.054 seconds
[2025-12-30T23:44:29.975+0000] {processor.py:161} INFO - Started process (PID=248) to work on /home/airflow/.local/lib/python3.12/site-packages/airflow/example_dags/example_params_trigger_ui.py
[2025-12-30T23:44:29.975+0000] {processor.py:830} INFO - Processing file /home/airflow/.local/lib/python3.12/site-packages/airflow/example_dags/example_params_trigger_ui.py for tasks to queue
[2025-12-30T23:44:29.977+0000] {logging_mixin.py:188} INFO - [2025-12-30T23:44:29.977+0000] {dagbag.py:545} INFO - Filling up the DagBag from /home/airflow/.local/lib/python3.12/site-packages/airflow/example_dags/example_params_trigger_ui.py
[2025-12-30T23:44:29.985+0000] {processor.py:840} INFO - DAG(s) 'example_params_trigger_ui' retrieved from /home/airflow/.local/lib/python3.12/site-packages/airflow/example_dags/example_params_trigger_ui.py
[2025-12-30T23:44:30.006+0000] {logging_mixin.py:188} INFO - [2025-12-30T23:44:30.006+0000] {dag.py:3096} INFO - Sync 1 DAGs
[2025-12-30T23:44:30.016+0000] {logging_mixin.py:188} INFO - [2025-12-30T23:44:30.016+0000] {dag.py:3954} INFO - Setting next_dagrun for example_params_trigger_ui to None, run_after=None
[2025-12-30T23:44:30.024+0000] {processor.py:183} INFO - Processing /home/airflow/.local/lib/python3.12/site-packages/airflow/example_dags/example_params_trigger_ui.py took 0.052 seconds
[2025-12-30T23:45:00.553+0000] {processor.py:161} INFO - Started process (PID=308) to work on /home/airflow/.local/lib/python3.12/site-packages/airflow/example_dags/example_params_trigger_ui.py
[2025-12-30T23:45:00.555+0000] {processor.py:830} INFO - Processing file /home/airflow/.local/lib/python3.12/site-packages/airflow/example_dags/example_params_trigger_ui.py for tasks to queue
[2025-12-30T23:45:00.559+0000] {logging_mixin.py:188} INFO - [2025-12-30T23:45:00.558+0000] {dagbag.py:545} INFO - Filling up the DagBag from /home/airflow/.local/lib/python3.12/site-packages/airflow/example_dags/example_params_trigger_ui.py
[2025-12-30T23:45:00.569+0000] {processor.py:840} INFO - DAG(s) 'example_params_trigger_ui' retrieved from /home/airflow/.local/lib/python3.12/site-packages/airflow/example_dags/example_params_trigger_ui.py
[2025-12-30T23:45:00.628+0000] {logging_mixin.py:188} INFO - [2025-12-30T23:45:00.627+0000] {dag.py:3096} INFO - Sync 1 DAGs
[2025-12-30T23:45:00.636+0000] {logging_mixin.py:188} INFO - [2025-12-30T23:45:00.636+0000] {dag.py:3954} INFO - Setting next_dagrun for example_params_trigger_ui to None, run_after=None
[2025-12-30T23:45:00.649+0000] {processor.py:183} INFO - Processing /home/airflow/.local/lib/python3.12/site-packages/airflow/example_dags/example_params_trigger_ui.py took 0.099 seconds
[2025-12-30T23:45:31.888+0000] {processor.py:161} INFO - Started process (PID=368) to work on /home/airflow/.local/lib/python3.12/site-packages/airflow/example_dags/example_params_trigger_ui.py
[2025-12-30T23:45:31.889+0000] {processor.py:830} INFO - Processing file /home/airflow/.local/lib/python3.12/site-packages/airflow/example_dags/example_params_trigger_ui.py for tasks to queue
[2025-12-30T23:45:31.889+0000] {logging_mixin.py:188} INFO - [2025-12-30T23:45:31.889+0000] {dagbag.py:545} INFO - Filling up the DagBag from /home/airflow/.local/lib/python3.12/site-packages/airflow/example_dags/example_params_trigger_ui.py
[2025-12-30T23:45:31.896+0000] {processor.py:840} INFO - DAG(s) 'example_params_trigger_ui' retrieved from /home/airflow/.local/lib/python3.12/site-packages/airflow/example_dags/example_params_trigger_ui.py
[2025-12-30T23:45:31.913+0000] {logging_mixin.py:188} INFO - [2025-12-30T23:45:31.913+0000] {dag.py:3096} INFO - Sync 1 DAGs
[2025-12-30T23:45:31.920+0000] {logging_mixin.py:188} INFO - [2025-12-30T23:45:31.920+0000] {dag.py:3954} INFO - Setting next_dagrun for example_params_trigger_ui to None, run_after=None
[2025-12-30T23:45:31.930+0000] {processor.py:183} INFO - Processing /home/airflow/.local/lib/python3.12/site-packages/airflow/example_dags/example_params_trigger_ui.py took 0.045 seconds
[2025-12-30T23:46:03.040+0000] {processor.py:161} INFO - Started process (PID=428) to work on /home/airflow/.local/lib/python3.12/site-packages/airflow/example_dags/example_params_trigger_ui.py
[2025-12-30T23:46:03.041+0000] {processor.py:830} INFO - Processing file /home/airflow/.local/lib/python3.12/site-packages/airflow/example_dags/example_params_trigger_ui.py for tasks to queue
[2025-12-30T23:46:03.042+0000] {logging_mixin.py:188} INFO - [2025-12-30T23:46:03.042+0000] {dagbag.py:545} INFO - Filling up the DagBag from /home/airflow/.local/lib/python3.12/site-packages/airflow/example_dags/example_params_trigger_ui.py
[2025-12-30T23:46:03.050+0000] {processor.py:840} INFO - DAG(s) 'example_params_trigger_ui' retrieved from /home/airflow/.local/lib/python3.12/site-packages/airflow/example_dags/example_params_trigger_ui.py
[2025-12-30T23:46:03.076+0000] {logging_mixin.py:188} INFO - [2025-12-30T23:46:03.076+0000] {dag.py:3096} INFO - Sync 1 DAGs
[2025-12-30T23:46:03.083+0000] {logging_mixin.py:188} INFO - [2025-12-30T23:46:03.083+0000] {dag.py:3954} INFO - Setting next_dagrun for example_params_trigger_ui to None, run_after=None
[2025-12-30T23:46:03.092+0000] {processor.py:183} INFO - Processing /home/airflow/.local/lib/python3.12/site-packages/airflow/example_dags/example_params_trigger_ui.py took 0.055 seconds
[2025-12-30T23:46:34.061+0000] {processor.py:161} INFO - Started process (PID=488) to work on /home/airflow/.local/lib/python3.12/site-packages/airflow/example_dags/example_params_trigger_ui.py
[2025-12-30T23:46:34.062+0000] {processor.py:830} INFO - Processing file /home/airflow/.local/lib/python3.12/site-packages/airflow/example_dags/example_params_trigger_ui.py for tasks to queue
[2025-12-30T23:46:34.063+0000] {logging_mixin.py:188} INFO - [2025-12-30T23:46:34.063+0000] {dagbag.py:545} INFO - Filling up the DagBag from /home/airflow/.local/lib/python3.12/site-packages/airflow/example_dags/example_params_trigger_ui.py
[2025-12-30T23:46:34.071+0000] {processor.py:840} INFO - DAG(s) 'example_params_trigger_ui' retrieved from /home/airflow/.local/lib/python3.12/site-packages/airflow/example_dags/example_params_trigger_ui.py
[2025-12-30T23:46:34.093+0000] {logging_mixin.py:188} INFO - [2025-12-30T23:46:34.093+0000] {dag.py:3096} INFO - Sync 1 DAGs
[2025-12-30T23:46:34.100+0000] {logging_mixin.py:188} INFO - [2025-12-30T23:46:34.099+0000] {dag.py:3954} INFO - Setting next_dagrun for example_params_trigger_ui to None, run_after=None
[2025-12-30T23:46:34.109+0000] {processor.py:183} INFO - Processing /home/airflow/.local/lib/python3.12/site-packages/airflow/example_dags/example_params_trigger_ui.py took 0.051 seconds
[2025-12-30T23:47:04.491+0000] {processor.py:161} INFO - Started process (PID=548) to work on /home/airflow/.local/lib/python3.12/site-packages/airflow/example_dags/example_params_trigger_ui.py
[2025-12-30T23:47:04.492+0000] {processor.py:830} INFO - Processing file /home/airflow/.local/lib/python3.12/site-packages/airflow/example_dags/example_params_trigger_ui.py for tasks to queue
[2025-12-30T23:47:04.493+0000] {logging_mixin.py:188} INFO - [2025-12-30T23:47:04.492+0000] {dagbag.py:545} INFO - Filling up the DagBag from /home/airflow/.local/lib/python3.12/site-packages/airflow/example_dags/example_params_trigger_ui.py
[2025-12-30T23:47:04.501+0000] {processor.py:840} INFO - DAG(s) 'example_params_trigger_ui' retrieved from /home/airflow/.local/lib/python3.12/site-packages/airflow/example_dags/example_params_trigger_ui.py
[2025-12-30T23:47:04.526+0000] {logging_mixin.py:188} INFO - [2025-12-30T23:47:04.525+0000] {dag.py:3096} INFO - Sync 1 DAGs
[2025-12-30T23:47:04.533+0000] {logging_mixin.py:188} INFO - [2025-12-30T23:47:04.533+0000] {dag.py:3954} INFO - Setting next_dagrun for example_params_trigger_ui to None, run_after=None
[2025-12-30T23:47:04.546+0000] {processor.py:183} INFO - Processing /home/airflow/.local/lib/python3.12/site-packages/airflow/example_dags/example_params_trigger_ui.py took 0.058 seconds
[2025-12-30T23:47:34.892+0000] {processor.py:161} INFO - Started process (PID=608) to work on /home/airflow/.local/lib/python3.12/site-packages/airflow/example_dags/example_params_trigger_ui.py
[2025-12-30T23:47:34.893+0000] {processor.py:830} INFO - Processing file /home/airflow/.local/lib/python3.12/site-packages/airflow/example_dags/example_params_trigger_ui.py for tasks to queue
[2025-12-30T23:47:34.894+0000] {logging_mixin.py:188} INFO - [2025-12-30T23:47:34.894+0000] {dagbag.py:545} INFO - Filling up the DagBag from /home/airflow/.local/lib/python3.12/site-packages/airflow/example_dags/example_params_trigger_ui.py
[2025-12-30T23:47:34.901+0000] {processor.py:840} INFO - DAG(s) 'example_params_trigger_ui' retrieved from /home/airflow/.local/lib/python3.12/site-packages/airflow/example_dags/example_params_trigger_ui.py
[2025-12-30T23:47:34.931+0000] {logging_mixin.py:188} INFO - [2025-12-30T23:47:34.931+0000] {dag.py:3096} INFO - Sync 1 DAGs
[2025-12-30T23:47:34.944+0000] {logging_mixin.py:188} INFO - [2025-12-30T23:47:34.944+0000] {dag.py:3954} INFO - Setting next_dagrun for example_params_trigger_ui to None, run_after=None
[2025-12-30T23:47:34.961+0000] {processor.py:183} INFO - Processing /home/airflow/.local/lib/python3.12/site-packages/airflow/example_dags/example_params_trigger_ui.py took 0.072 seconds
[2025-12-30T23:48:05.111+0000] {processor.py:161} INFO - Started process (PID=666) to work on /home/airflow/.local/lib/python3.12/site-packages/airflow/example_dags/example_params_trigger_ui.py
[2025-12-30T23:48:05.112+0000] {processor.py:830} INFO - Processing file /home/airflow/.local/lib/python3.12/site-packages/airflow/example_dags/example_params_trigger_ui.py for tasks to queue
[2025-12-30T23:48:05.113+0000] {logging_mixin.py:188} INFO - [2025-12-30T23:48:05.113+0000] {dagbag.py:545} INFO - Filling up the DagBag from /home/airflow/.local/lib/python3.12/site-packages/airflow/example_dags/example_params_trigger_ui.py
[2025-12-30T23:48:05.129+0000] {processor.py:840} INFO - DAG(s) 'example_params_trigger_ui' retrieved from /home/airflow/.local/lib/python3.12/site-packages/airflow/example_dags/example_params_trigger_ui.py
[2025-12-30T23:48:05.154+0000] {logging_mixin.py:188} INFO - [2025-12-30T23:48:05.154+0000] {dag.py:3096} INFO - Sync 1 DAGs
[2025-12-30T23:48:05.160+0000] {logging_mixin.py:188} INFO - [2025-12-30T23:48:05.160+0000] {dag.py:3954} INFO - Setting next_dagrun for example_params_trigger_ui to None, run_after=None
[2025-12-30T23:48:05.170+0000] {processor.py:183} INFO - Processing /home/airflow/.local/lib/python3.12/site-packages/airflow/example_dags/example_params_trigger_ui.py took 0.064 seconds
[2025-12-30T23:48:35.231+0000] {processor.py:161} INFO - Started process (PID=726) to work on /home/airflow/.local/lib/python3.12/site-packages/airflow/example_dags/example_params_trigger_ui.py
[2025-12-30T23:48:35.232+0000] {processor.py:830} INFO - Processing file /home/airflow/.local/lib/python3.12/site-packages/airflow/example_dags/example_params_trigger_ui.py for tasks to queue
[2025-12-30T23:48:35.233+0000] {logging_mixin.py:188} INFO - [2025-12-30T23:48:35.233+0000] {dagbag.py:545} INFO - Filling up the DagBag from /home/airflow/.local/lib/python3.12/site-packages/airflow/example_dags/example_params_trigger_ui.py
[2025-12-30T23:48:35.242+0000] {processor.py:840} INFO - DAG(s) 'example_params_trigger_ui' retrieved from /home/airflow/.local/lib/python3.12/site-packages/airflow/example_dags/example_params_trigger_ui.py
[2025-12-30T23:48:35.262+0000] {logging_mixin.py:188} INFO - [2025-12-30T23:48:35.262+0000] {dag.py:3096} INFO - Sync 1 DAGs
[2025-12-30T23:48:35.271+0000] {logging_mixin.py:188} INFO - [2025-12-30T23:48:35.271+0000] {dag.py:3954} INFO - Setting next_dagrun for example_params_trigger_ui to None, run_after=None
[2025-12-30T23:48:35.287+0000] {processor.py:183} INFO - Processing /home/airflow/.local/lib/python3.12/site-packages/airflow/example_dags/example_params_trigger_ui.py took 0.059 seconds
[2025-12-30T23:49:05.545+0000] {processor.py:161} INFO - Started process (PID=786) to work on /home/airflow/.local/lib/python3.12/site-packages/airflow/example_dags/example_params_trigger_ui.py
[2025-12-30T23:49:05.545+0000] {processor.py:830} INFO - Processing file /home/airflow/.local/lib/python3.12/site-packages/airflow/example_dags/example_params_trigger_ui.py for tasks to queue
[2025-12-30T23:49:05.547+0000] {logging_mixin.py:188} INFO - [2025-12-30T23:49:05.546+0000] {dagbag.py:545} INFO - Filling up the DagBag from /home/airflow/.local/lib/python3.12/site-packages/airflow/example_dags/example_params_trigger_ui.py
[2025-12-30T23:49:05.554+0000] {processor.py:840} INFO - DAG(s) 'example_params_trigger_ui' retrieved from /home/airflow/.local/lib/python3.12/site-packages/airflow/example_dags/example_params_trigger_ui.py
[2025-12-30T23:49:05.576+0000] {logging_mixin.py:188} INFO - [2025-12-30T23:49:05.576+0000] {dag.py:3096} INFO - Sync 1 DAGs
[2025-12-30T23:49:05.583+0000] {logging_mixin.py:188} INFO - [2025-12-30T23:49:05.583+0000] {dag.py:3954} INFO - Setting next_dagrun for example_params_trigger_ui to None, run_after=None
[2025-12-30T23:49:05.592+0000] {processor.py:183} INFO - Processing /home/airflow/.local/lib/python3.12/site-packages/airflow/example_dags/example_params_trigger_ui.py took 0.050 seconds
[2025-12-30T23:49:35.792+0000] {processor.py:161} INFO - Started process (PID=845) to work on /home/airflow/.local/lib/python3.12/site-packages/airflow/example_dags/example_params_trigger_ui.py
[2025-12-30T23:49:35.792+0000] {processor.py:830} INFO - Processing file /home/airflow/.local/lib/python3.12/site-packages/airflow/example_dags/example_params_trigger_ui.py for tasks to queue
[2025-12-30T23:49:35.793+0000] {logging_mixin.py:188} INFO - [2025-12-30T23:49:35.793+0000] {dagbag.py:545} INFO - Filling up the DagBag from /home/airflow/.local/lib/python3.12/site-packages/airflow/example_dags/example_params_trigger_ui.py
[2025-12-30T23:49:35.800+0000] {processor.py:840} INFO - DAG(s) 'example_params_trigger_ui' retrieved from /home/airflow/.local/lib/python3.12/site-packages/airflow/example_dags/example_params_trigger_ui.py
[2025-12-30T23:49:35.820+0000] {logging_mixin.py:188} INFO - [2025-12-30T23:49:35.820+0000] {dag.py:3096} INFO - Sync 1 DAGs
[2025-12-30T23:49:35.827+0000] {logging_mixin.py:188} INFO - [2025-12-30T23:49:35.827+0000] {dag.py:3954} INFO - Setting next_dagrun for example_params_trigger_ui to None, run_after=None
[2025-12-30T23:49:35.839+0000] {processor.py:183} INFO - Processing /home/airflow/.local/lib/python3.12/site-packages/airflow/example_dags/example_params_trigger_ui.py took 0.052 seconds
[2025-12-30T23:50:05.983+0000] {processor.py:161} INFO - Started process (PID=905) to work on /home/airflow/.local/lib/python3.12/site-packages/airflow/example_dags/example_params_trigger_ui.py
[2025-12-30T23:50:05.984+0000] {processor.py:830} INFO - Processing file /home/airflow/.local/lib/python3.12/site-packages/airflow/example_dags/example_params_trigger_ui.py for tasks to queue
[2025-12-30T23:50:05.985+0000] {logging_mixin.py:188} INFO - [2025-12-30T23:50:05.985+0000] {dagbag.py:545} INFO - Filling up the DagBag from /home/airflow/.local/lib/python3.12/site-packages/airflow/example_dags/example_params_trigger_ui.py
[2025-12-30T23:50:05.993+0000] {processor.py:840} INFO - DAG(s) 'example_params_trigger_ui' retrieved from /home/airflow/.local/lib/python3.12/site-packages/airflow/example_dags/example_params_trigger_ui.py
[2025-12-30T23:50:06.015+0000] {logging_mixin.py:188} INFO - [2025-12-30T23:50:06.015+0000] {dag.py:3096} INFO - Sync 1 DAGs
[2025-12-30T23:50:06.038+0000] {logging_mixin.py:188} INFO - [2025-12-30T23:50:06.037+0000] {dag.py:3954} INFO - Setting next_dagrun for example_params_trigger_ui to None, run_after=None
[2025-12-30T23:50:06.064+0000] {processor.py:183} INFO - Processing /home/airflow/.local/lib/python3.12/site-packages/airflow/example_dags/example_params_trigger_ui.py took 0.084 seconds
[2025-12-30T23:50:36.713+0000] {processor.py:161} INFO - Started process (PID=965) to work on /home/airflow/.local/lib/python3.12/site-packages/airflow/example_dags/example_params_trigger_ui.py
[2025-12-30T23:50:36.713+0000] {processor.py:830} INFO - Processing file /home/airflow/.local/lib/python3.12/site-packages/airflow/example_dags/example_params_trigger_ui.py for tasks to queue
[2025-12-30T23:50:36.714+0000] {logging_mixin.py:188} INFO - [2025-12-30T23:50:36.714+0000] {dagbag.py:545} INFO - Filling up the DagBag from /home/airflow/.local/lib/python3.12/site-packages/airflow/example_dags/example_params_trigger_ui.py
[2025-12-30T23:50:36.722+0000] {processor.py:840} INFO - DAG(s) 'example_params_trigger_ui' retrieved from /home/airflow/.local/lib/python3.12/site-packages/airflow/example_dags/example_params_trigger_ui.py
[2025-12-30T23:50:36.745+0000] {logging_mixin.py:188} INFO - [2025-12-30T23:50:36.745+0000] {dag.py:3096} INFO - Sync 1 DAGs
[2025-12-30T23:50:36.753+0000] {logging_mixin.py:188} INFO - [2025-12-30T23:50:36.753+0000] {dag.py:3954} INFO - Setting next_dagrun for example_params_trigger_ui to None, run_after=None
[2025-12-30T23:50:36.763+0000] {processor.py:183} INFO - Processing /home/airflow/.local/lib/python3.12/site-packages/airflow/example_dags/example_params_trigger_ui.py took 0.054 seconds
[2025-12-30T23:51:07.119+0000] {processor.py:161} INFO - Started process (PID=1025) to work on /home/airflow/.local/lib/python3.12/site-packages/airflow/example_dags/example_params_trigger_ui.py
[2025-12-30T23:51:07.120+0000] {processor.py:830} INFO - Processing file /home/airflow/.local/lib/python3.12/site-packages/airflow/example_dags/example_params_trigger_ui.py for tasks to queue
[2025-12-30T23:51:07.120+0000] {logging_mixin.py:188} INFO - [2025-12-30T23:51:07.120+0000] {dagbag.py:545} INFO - Filling up the DagBag from /home/airflow/.local/lib/python3.12/site-packages/airflow/example_dags/example_params_trigger_ui.py
[2025-12-30T23:51:07.127+0000] {processor.py:840} INFO - DAG(s) 'example_params_trigger_ui' retrieved from /home/airflow/.local/lib/python3.12/site-packages/airflow/example_dags/example_params_trigger_ui.py
[2025-12-30T23:51:07.146+0000] {logging_mixin.py:188} INFO - [2025-12-30T23:51:07.146+0000] {dag.py:3096} INFO - Sync 1 DAGs
[2025-12-30T23:51:07.152+0000] {logging_mixin.py:188} INFO - [2025-12-30T23:51:07.152+0000] {dag.py:3954} INFO - Setting next_dagrun for example_params_trigger_ui to None, run_after=None
[2025-12-30T23:51:07.160+0000] {processor.py:183} INFO - Processing /home/airflow/.local/lib/python3.12/site-packages/airflow/example_dags/example_params_trigger_ui.py took 0.044 seconds
[2025-12-30T23:51:37.229+0000] {processor.py:161} INFO - Started process (PID=1085) to work on /home/airflow/.local/lib/python3.12/site-packages/airflow/example_dags/example_params_trigger_ui.py
[2025-12-30T23:51:37.229+0000] {processor.py:830} INFO - Processing file /home/airflow/.local/lib/python3.12/site-packages/airflow/example_dags/example_params_trigger_ui.py for tasks to queue
[2025-12-30T23:51:37.230+0000] {logging_mixin.py:188} INFO - [2025-12-30T23:51:37.230+0000] {dagbag.py:545} INFO - Filling up the DagBag from /home/airflow/.local/lib/python3.12/site-packages/airflow/example_dags/example_params_trigger_ui.py
[2025-12-30T23:51:37.237+0000] {processor.py:840} INFO - DAG(s) 'example_params_trigger_ui' retrieved from /home/airflow/.local/lib/python3.12/site-packages/airflow/example_dags/example_params_trigger_ui.py
[2025-12-30T23:51:37.256+0000] {logging_mixin.py:188} INFO - [2025-12-30T23:51:37.256+0000] {dag.py:3096} INFO - Sync 1 DAGs
[2025-12-30T23:51:37.263+0000] {logging_mixin.py:188} INFO - [2025-12-30T23:51:37.263+0000] {dag.py:3954} INFO - Setting next_dagrun for example_params_trigger_ui to None, run_after=None
[2025-12-30T23:51:37.271+0000] {processor.py:183} INFO - Processing /home/airflow/.local/lib/python3.12/site-packages/airflow/example_dags/example_params_trigger_ui.py took 0.045 seconds
[2025-12-30T23:52:07.410+0000] {processor.py:161} INFO - Started process (PID=1145) to work on /home/airflow/.local/lib/python3.12/site-packages/airflow/example_dags/example_params_trigger_ui.py
[2025-12-30T23:52:07.410+0000] {processor.py:830} INFO - Processing file /home/airflow/.local/lib/python3.12/site-packages/airflow/example_dags/example_params_trigger_ui.py for tasks to queue
[2025-12-30T23:52:07.411+0000] {logging_mixin.py:188} INFO - [2025-12-30T23:52:07.411+0000] {dagbag.py:545} INFO - Filling up the DagBag from /home/airflow/.local/lib/python3.12/site-packages/airflow/example_dags/example_params_trigger_ui.py
[2025-12-30T23:52:07.418+0000] {processor.py:840} INFO - DAG(s) 'example_params_trigger_ui' retrieved from /home/airflow/.local/lib/python3.12/site-packages/airflow/example_dags/example_params_trigger_ui.py
[2025-12-30T23:52:07.437+0000] {logging_mixin.py:188} INFO - [2025-12-30T23:52:07.437+0000] {dag.py:3096} INFO - Sync 1 DAGs
[2025-12-30T23:52:07.443+0000] {logging_mixin.py:188} INFO - [2025-12-30T23:52:07.443+0000] {dag.py:3954} INFO - Setting next_dagrun for example_params_trigger_ui to None, run_after=None
[2025-12-30T23:52:07.452+0000] {processor.py:183} INFO - Processing /home/airflow/.local/lib/python3.12/site-packages/airflow/example_dags/example_params_trigger_ui.py took 0.045 seconds
[2025-12-30T23:52:37.740+0000] {processor.py:161} INFO - Started process (PID=1205) to work on /home/airflow/.local/lib/python3.12/site-packages/airflow/example_dags/example_params_trigger_ui.py
[2025-12-30T23:52:37.741+0000] {processor.py:830} INFO - Processing file /home/airflow/.local/lib/python3.12/site-packages/airflow/example_dags/example_params_trigger_ui.py for tasks to queue
[2025-12-30T23:52:37.742+0000] {logging_mixin.py:188} INFO - [2025-12-30T23:52:37.741+0000] {dagbag.py:545} INFO - Filling up the DagBag from /home/airflow/.local/lib/python3.12/site-packages/airflow/example_dags/example_params_trigger_ui.py
[2025-12-30T23:52:37.749+0000] {processor.py:840} INFO - DAG(s) 'example_params_trigger_ui' retrieved from /home/airflow/.local/lib/python3.12/site-packages/airflow/example_dags/example_params_trigger_ui.py
[2025-12-30T23:52:37.767+0000] {logging_mixin.py:188} INFO - [2025-12-30T23:52:37.766+0000] {dag.py:3096} INFO - Sync 1 DAGs
[2025-12-30T23:52:37.773+0000] {logging_mixin.py:188} INFO - [2025-12-30T23:52:37.773+0000] {dag.py:3954} INFO - Setting next_dagrun for example_params_trigger_ui to None, run_after=None
[2025-12-30T23:52:37.781+0000] {processor.py:183} INFO - Processing /home/airflow/.local/lib/python3.12/site-packages/airflow/example_dags/example_params_trigger_ui.py took 0.044 seconds
[2025-12-30T23:53:08.227+0000] {processor.py:161} INFO - Started process (PID=1265) to work on /home/airflow/.local/lib/python3.12/site-packages/airflow/example_dags/example_params_trigger_ui.py
[2025-12-30T23:53:08.227+0000] {processor.py:830} INFO - Processing file /home/airflow/.local/lib/python3.12/site-packages/airflow/example_dags/example_params_trigger_ui.py for tasks to queue
[2025-12-30T23:53:08.228+0000] {logging_mixin.py:188} INFO - [2025-12-30T23:53:08.228+0000] {dagbag.py:545} INFO - Filling up the DagBag from /home/airflow/.local/lib/python3.12/site-packages/airflow/example_dags/example_params_trigger_ui.py
[2025-12-30T23:53:08.236+0000] {processor.py:840} INFO - DAG(s) 'example_params_trigger_ui' retrieved from /home/airflow/.local/lib/python3.12/site-packages/airflow/example_dags/example_params_trigger_ui.py
[2025-12-30T23:53:08.268+0000] {logging_mixin.py:188} INFO - [2025-12-30T23:53:08.268+0000] {dag.py:3096} INFO - Sync 1 DAGs
[2025-12-30T23:53:08.276+0000] {logging_mixin.py:188} INFO - [2025-12-30T23:53:08.275+0000] {dag.py:3954} INFO - Setting next_dagrun for example_params_trigger_ui to None, run_after=None
[2025-12-30T23:53:08.290+0000] {processor.py:183} INFO - Processing /home/airflow/.local/lib/python3.12/site-packages/airflow/example_dags/example_params_trigger_ui.py took 0.067 seconds
[2025-12-30T23:53:38.807+0000] {processor.py:161} INFO - Started process (PID=1325) to work on /home/airflow/.local/lib/python3.12/site-packages/airflow/example_dags/example_params_trigger_ui.py
[2025-12-30T23:53:38.807+0000] {processor.py:830} INFO - Processing file /home/airflow/.local/lib/python3.12/site-packages/airflow/example_dags/example_params_trigger_ui.py for tasks to queue
[2025-12-30T23:53:38.809+0000] {logging_mixin.py:188} INFO - [2025-12-30T23:53:38.808+0000] {dagbag.py:545} INFO - Filling up the DagBag from /home/airflow/.local/lib/python3.12/site-packages/airflow/example_dags/example_params_trigger_ui.py
[2025-12-30T23:53:38.816+0000] {processor.py:840} INFO - DAG(s) 'example_params_trigger_ui' retrieved from /home/airflow/.local/lib/python3.12/site-packages/airflow/example_dags/example_params_trigger_ui.py
[2025-12-30T23:53:38.834+0000] {logging_mixin.py:188} INFO - [2025-12-30T23:53:38.834+0000] {dag.py:3096} INFO - Sync 1 DAGs
[2025-12-30T23:53:38.840+0000] {logging_mixin.py:188} INFO - [2025-12-30T23:53:38.840+0000] {dag.py:3954} INFO - Setting next_dagrun for example_params_trigger_ui to None, run_after=None
[2025-12-30T23:53:38.848+0000] {processor.py:183} INFO - Processing /home/airflow/.local/lib/python3.12/site-packages/airflow/example_dags/example_params_trigger_ui.py took 0.044 seconds
[2025-12-30T23:54:09.007+0000] {processor.py:161} INFO - Started process (PID=1385) to work on /home/airflow/.local/lib/python3.12/site-packages/airflow/example_dags/example_params_trigger_ui.py
[2025-12-30T23:54:09.007+0000] {processor.py:830} INFO - Processing file /home/airflow/.local/lib/python3.12/site-packages/airflow/example_dags/example_params_trigger_ui.py for tasks to queue
[2025-12-30T23:54:09.008+0000] {logging_mixin.py:188} INFO - [2025-12-30T23:54:09.008+0000] {dagbag.py:545} INFO - Filling up the DagBag from /home/airflow/.local/lib/python3.12/site-packages/airflow/example_dags/example_params_trigger_ui.py
[2025-12-30T23:54:09.015+0000] {processor.py:840} INFO - DAG(s) 'example_params_trigger_ui' retrieved from /home/airflow/.local/lib/python3.12/site-packages/airflow/example_dags/example_params_trigger_ui.py
[2025-12-30T23:54:09.033+0000] {logging_mixin.py:188} INFO - [2025-12-30T23:54:09.033+0000] {dag.py:3096} INFO - Sync 1 DAGs
[2025-12-30T23:54:09.038+0000] {logging_mixin.py:188} INFO - [2025-12-30T23:54:09.038+0000] {dag.py:3954} INFO - Setting next_dagrun for example_params_trigger_ui to None, run_after=None
[2025-12-30T23:54:09.047+0000] {processor.py:183} INFO - Processing /home/airflow/.local/lib/python3.12/site-packages/airflow/example_dags/example_params_trigger_ui.py took 0.044 seconds
[2025-12-30T23:54:39.387+0000] {processor.py:161} INFO - Started process (PID=1445) to work on /home/airflow/.local/lib/python3.12/site-packages/airflow/example_dags/example_params_trigger_ui.py
[2025-12-30T23:54:39.388+0000] {processor.py:830} INFO - Processing file /home/airflow/.local/lib/python3.12/site-packages/airflow/example_dags/example_params_trigger_ui.py for tasks to queue
[2025-12-30T23:54:39.390+0000] {logging_mixin.py:188} INFO - [2025-12-30T23:54:39.390+0000] {dagbag.py:545} INFO - Filling up the DagBag from /home/airflow/.local/lib/python3.12/site-packages/airflow/example_dags/example_params_trigger_ui.py
[2025-12-30T23:54:39.406+0000] {processor.py:840} INFO - DAG(s) 'example_params_trigger_ui' retrieved from /home/airflow/.local/lib/python3.12/site-packages/airflow/example_dags/example_params_trigger_ui.py
[2025-12-30T23:54:39.427+0000] {logging_mixin.py:188} INFO - [2025-12-30T23:54:39.427+0000] {dag.py:3096} INFO - Sync 1 DAGs
[2025-12-30T23:54:39.434+0000] {logging_mixin.py:188} INFO - [2025-12-30T23:54:39.434+0000] {dag.py:3954} INFO - Setting next_dagrun for example_params_trigger_ui to None, run_after=None
[2025-12-30T23:54:39.444+0000] {processor.py:183} INFO - Processing /home/airflow/.local/lib/python3.12/site-packages/airflow/example_dags/example_params_trigger_ui.py took 0.061 seconds
[2025-12-30T23:55:09.658+0000] {processor.py:161} INFO - Started process (PID=1505) to work on /home/airflow/.local/lib/python3.12/site-packages/airflow/example_dags/example_params_trigger_ui.py
[2025-12-30T23:55:09.658+0000] {processor.py:830} INFO - Processing file /home/airflow/.local/lib/python3.12/site-packages/airflow/example_dags/example_params_trigger_ui.py for tasks to queue
[2025-12-30T23:55:09.659+0000] {logging_mixin.py:188} INFO - [2025-12-30T23:55:09.659+0000] {dagbag.py:545} INFO - Filling up the DagBag from /home/airflow/.local/lib/python3.12/site-packages/airflow/example_dags/example_params_trigger_ui.py
[2025-12-30T23:55:09.666+0000] {processor.py:840} INFO - DAG(s) 'example_params_trigger_ui' retrieved from /home/airflow/.local/lib/python3.12/site-packages/airflow/example_dags/example_params_trigger_ui.py
[2025-12-30T23:55:09.685+0000] {logging_mixin.py:188} INFO - [2025-12-30T23:55:09.684+0000] {dag.py:3096} INFO - Sync 1 DAGs
[2025-12-30T23:55:09.691+0000] {logging_mixin.py:188} INFO - [2025-12-30T23:55:09.691+0000] {dag.py:3954} INFO - Setting next_dagrun for example_params_trigger_ui to None, run_after=None
[2025-12-30T23:55:09.699+0000] {processor.py:183} INFO - Processing /home/airflow/.local/lib/python3.12/site-packages/airflow/example_dags/example_params_trigger_ui.py took 0.044 seconds
[2025-12-30T23:55:39.996+0000] {processor.py:161} INFO - Started process (PID=1565) to work on /home/airflow/.local/lib/python3.12/site-packages/airflow/example_dags/example_params_trigger_ui.py
[2025-12-30T23:55:39.997+0000] {processor.py:830} INFO - Processing file /home/airflow/.local/lib/python3.12/site-packages/airflow/example_dags/example_params_trigger_ui.py for tasks to queue
[2025-12-30T23:55:39.999+0000] {logging_mixin.py:188} INFO - [2025-12-30T23:55:39.999+0000] {dagbag.py:545} INFO - Filling up the DagBag from /home/airflow/.local/lib/python3.12/site-packages/airflow/example_dags/example_params_trigger_ui.py
[2025-12-30T23:55:40.009+0000] {processor.py:840} INFO - DAG(s) 'example_params_trigger_ui' retrieved from /home/airflow/.local/lib/python3.12/site-packages/airflow/example_dags/example_params_trigger_ui.py
[2025-12-30T23:55:40.030+0000] {logging_mixin.py:188} INFO - [2025-12-30T23:55:40.030+0000] {dag.py:3096} INFO - Sync 1 DAGs
[2025-12-30T23:55:40.037+0000] {logging_mixin.py:188} INFO - [2025-12-30T23:55:40.037+0000] {dag.py:3954} INFO - Setting next_dagrun for example_params_trigger_ui to None, run_after=None
[2025-12-30T23:55:40.050+0000] {processor.py:183} INFO - Processing /home/airflow/.local/lib/python3.12/site-packages/airflow/example_dags/example_params_trigger_ui.py took 0.057 seconds
[2025-12-30T23:56:10.330+0000] {processor.py:161} INFO - Started process (PID=1625) to work on /home/airflow/.local/lib/python3.12/site-packages/airflow/example_dags/example_params_trigger_ui.py
[2025-12-30T23:56:10.330+0000] {processor.py:830} INFO - Processing file /home/airflow/.local/lib/python3.12/site-packages/airflow/example_dags/example_params_trigger_ui.py for tasks to queue
[2025-12-30T23:56:10.331+0000] {logging_mixin.py:188} INFO - [2025-12-30T23:56:10.331+0000] {dagbag.py:545} INFO - Filling up the DagBag from /home/airflow/.local/lib/python3.12/site-packages/airflow/example_dags/example_params_trigger_ui.py
[2025-12-30T23:56:10.338+0000] {processor.py:840} INFO - DAG(s) 'example_params_trigger_ui' retrieved from /home/airflow/.local/lib/python3.12/site-packages/airflow/example_dags/example_params_trigger_ui.py
[2025-12-30T23:56:10.357+0000] {logging_mixin.py:188} INFO - [2025-12-30T23:56:10.357+0000] {dag.py:3096} INFO - Sync 1 DAGs
[2025-12-30T23:56:10.363+0000] {logging_mixin.py:188} INFO - [2025-12-30T23:56:10.363+0000] {dag.py:3954} INFO - Setting next_dagrun for example_params_trigger_ui to None, run_after=None
[2025-12-30T23:56:10.372+0000] {processor.py:183} INFO - Processing /home/airflow/.local/lib/python3.12/site-packages/airflow/example_dags/example_params_trigger_ui.py took 0.045 seconds
[2025-12-30T23:56:40.716+0000] {processor.py:161} INFO - Started process (PID=1685) to work on /home/airflow/.local/lib/python3.12/site-packages/airflow/example_dags/example_params_trigger_ui.py
[2025-12-30T23:56:40.717+0000] {processor.py:830} INFO - Processing file /home/airflow/.local/lib/python3.12/site-packages/airflow/example_dags/example_params_trigger_ui.py for tasks to queue
[2025-12-30T23:56:40.718+0000] {logging_mixin.py:188} INFO - [2025-12-30T23:56:40.718+0000] {dagbag.py:545} INFO - Filling up the DagBag from /home/airflow/.local/lib/python3.12/site-packages/airflow/example_dags/example_params_trigger_ui.py
[2025-12-30T23:56:40.724+0000] {processor.py:840} INFO - DAG(s) 'example_params_trigger_ui' retrieved from /home/airflow/.local/lib/python3.12/site-packages/airflow/example_dags/example_params_trigger_ui.py
[2025-12-30T23:56:40.742+0000] {logging_mixin.py:188} INFO - [2025-12-30T23:56:40.742+0000] {dag.py:3096} INFO - Sync 1 DAGs
[2025-12-30T23:56:40.748+0000] {logging_mixin.py:188} INFO - [2025-12-30T23:56:40.748+0000] {dag.py:3954} INFO - Setting next_dagrun for example_params_trigger_ui to None, run_after=None
[2025-12-30T23:56:40.756+0000] {processor.py:183} INFO - Processing /home/airflow/.local/lib/python3.12/site-packages/airflow/example_dags/example_params_trigger_ui.py took 0.043 seconds
[2025-12-30T23:57:11.175+0000] {processor.py:161} INFO - Started process (PID=1745) to work on /home/airflow/.local/lib/python3.12/site-packages/airflow/example_dags/example_params_trigger_ui.py
[2025-12-30T23:57:11.176+0000] {processor.py:830} INFO - Processing file /home/airflow/.local/lib/python3.12/site-packages/airflow/example_dags/example_params_trigger_ui.py for tasks to queue
[2025-12-30T23:57:11.177+0000] {logging_mixin.py:188} INFO - [2025-12-30T23:57:11.177+0000] {dagbag.py:545} INFO - Filling up the DagBag from /home/airflow/.local/lib/python3.12/site-packages/airflow/example_dags/example_params_trigger_ui.py
[2025-12-30T23:57:11.184+0000] {processor.py:840} INFO - DAG(s) 'example_params_trigger_ui' retrieved from /home/airflow/.local/lib/python3.12/site-packages/airflow/example_dags/example_params_trigger_ui.py
[2025-12-30T23:57:11.212+0000] {logging_mixin.py:188} INFO - [2025-12-30T23:57:11.212+0000] {dag.py:3096} INFO - Sync 1 DAGs
[2025-12-30T23:57:11.220+0000] {logging_mixin.py:188} INFO - [2025-12-30T23:57:11.220+0000] {dag.py:3954} INFO - Setting next_dagrun for example_params_trigger_ui to None, run_after=None
[2025-12-30T23:57:11.229+0000] {processor.py:183} INFO - Processing /home/airflow/.local/lib/python3.12/site-packages/airflow/example_dags/example_params_trigger_ui.py took 0.057 seconds
[2025-12-30T23:57:42.299+0000] {processor.py:161} INFO - Started process (PID=1805) to work on /home/airflow/.local/lib/python3.12/site-packages/airflow/example_dags/example_params_trigger_ui.py
[2025-12-30T23:57:42.299+0000] {processor.py:830} INFO - Processing file /home/airflow/.local/lib/python3.12/site-packages/airflow/example_dags/example_params_trigger_ui.py for tasks to queue
[2025-12-30T23:57:42.300+0000] {logging_mixin.py:188} INFO - [2025-12-30T23:57:42.300+0000] {dagbag.py:545} INFO - Filling up the DagBag from /home/airflow/.local/lib/python3.12/site-packages/airflow/example_dags/example_params_trigger_ui.py
[2025-12-30T23:57:42.307+0000] {processor.py:840} INFO - DAG(s) 'example_params_trigger_ui' retrieved from /home/airflow/.local/lib/python3.12/site-packages/airflow/example_dags/example_params_trigger_ui.py
[2025-12-30T23:57:42.325+0000] {logging_mixin.py:188} INFO - [2025-12-30T23:57:42.325+0000] {dag.py:3096} INFO - Sync 1 DAGs
[2025-12-30T23:57:42.331+0000] {logging_mixin.py:188} INFO - [2025-12-30T23:57:42.331+0000] {dag.py:3954} INFO - Setting next_dagrun for example_params_trigger_ui to None, run_after=None
[2025-12-30T23:57:42.339+0000] {processor.py:183} INFO - Processing /home/airflow/.local/lib/python3.12/site-packages/airflow/example_dags/example_params_trigger_ui.py took 0.044 seconds
[2025-12-30T23:58:13.200+0000] {processor.py:161} INFO - Started process (PID=1865) to work on /home/airflow/.local/lib/python3.12/site-packages/airflow/example_dags/example_params_trigger_ui.py
[2025-12-30T23:58:13.201+0000] {processor.py:830} INFO - Processing file /home/airflow/.local/lib/python3.12/site-packages/airflow/example_dags/example_params_trigger_ui.py for tasks to queue
[2025-12-30T23:58:13.202+0000] {logging_mixin.py:188} INFO - [2025-12-30T23:58:13.202+0000] {dagbag.py:545} INFO - Filling up the DagBag from /home/airflow/.local/lib/python3.12/site-packages/airflow/example_dags/example_params_trigger_ui.py
[2025-12-30T23:58:13.210+0000] {processor.py:840} INFO - DAG(s) 'example_params_trigger_ui' retrieved from /home/airflow/.local/lib/python3.12/site-packages/airflow/example_dags/example_params_trigger_ui.py
[2025-12-30T23:58:13.233+0000] {logging_mixin.py:188} INFO - [2025-12-30T23:58:13.233+0000] {dag.py:3096} INFO - Sync 1 DAGs
[2025-12-30T23:58:13.340+0000] {logging_mixin.py:188} INFO - [2025-12-30T23:58:13.340+0000] {dag.py:3954} INFO - Setting next_dagrun for example_params_trigger_ui to None, run_after=None
[2025-12-30T23:58:13.348+0000] {processor.py:183} INFO - Processing /home/airflow/.local/lib/python3.12/site-packages/airflow/example_dags/example_params_trigger_ui.py took 0.152 seconds
[2025-12-30T23:58:43.722+0000] {processor.py:161} INFO - Started process (PID=1925) to work on /home/airflow/.local/lib/python3.12/site-packages/airflow/example_dags/example_params_trigger_ui.py
[2025-12-30T23:58:43.722+0000] {processor.py:830} INFO - Processing file /home/airflow/.local/lib/python3.12/site-packages/airflow/example_dags/example_params_trigger_ui.py for tasks to queue
[2025-12-30T23:58:43.723+0000] {logging_mixin.py:188} INFO - [2025-12-30T23:58:43.723+0000] {dagbag.py:545} INFO - Filling up the DagBag from /home/airflow/.local/lib/python3.12/site-packages/airflow/example_dags/example_params_trigger_ui.py
[2025-12-30T23:58:43.729+0000] {processor.py:840} INFO - DAG(s) 'example_params_trigger_ui' retrieved from /home/airflow/.local/lib/python3.12/site-packages/airflow/example_dags/example_params_trigger_ui.py
[2025-12-30T23:58:43.746+0000] {logging_mixin.py:188} INFO - [2025-12-30T23:58:43.746+0000] {dag.py:3096} INFO - Sync 1 DAGs
[2025-12-30T23:58:43.753+0000] {logging_mixin.py:188} INFO - [2025-12-30T23:58:43.753+0000] {dag.py:3954} INFO - Setting next_dagrun for example_params_trigger_ui to None, run_after=None
[2025-12-30T23:58:43.908+0000] {processor.py:183} INFO - Processing /home/airflow/.local/lib/python3.12/site-packages/airflow/example_dags/example_params_trigger_ui.py took 0.190 seconds
[2025-12-30T23:59:13.951+0000] {processor.py:161} INFO - Started process (PID=1985) to work on /home/airflow/.local/lib/python3.12/site-packages/airflow/example_dags/example_params_trigger_ui.py
[2025-12-30T23:59:13.951+0000] {processor.py:830} INFO - Processing file /home/airflow/.local/lib/python3.12/site-packages/airflow/example_dags/example_params_trigger_ui.py for tasks to queue
[2025-12-30T23:59:13.952+0000] {logging_mixin.py:188} INFO - [2025-12-30T23:59:13.952+0000] {dagbag.py:545} INFO - Filling up the DagBag from /home/airflow/.local/lib/python3.12/site-packages/airflow/example_dags/example_params_trigger_ui.py
[2025-12-30T23:59:13.960+0000] {processor.py:840} INFO - DAG(s) 'example_params_trigger_ui' retrieved from /home/airflow/.local/lib/python3.12/site-packages/airflow/example_dags/example_params_trigger_ui.py
[2025-12-30T23:59:13.980+0000] {logging_mixin.py:188} INFO - [2025-12-30T23:59:13.980+0000] {dag.py:3096} INFO - Sync 1 DAGs
[2025-12-30T23:59:13.986+0000] {logging_mixin.py:188} INFO - [2025-12-30T23:59:13.986+0000] {dag.py:3954} INFO - Setting next_dagrun for example_params_trigger_ui to None, run_after=None
[2025-12-30T23:59:13.995+0000] {processor.py:183} INFO - Processing /home/airflow/.local/lib/python3.12/site-packages/airflow/example_dags/example_params_trigger_ui.py took 0.047 seconds
[2025-12-30T23:59:44.641+0000] {processor.py:161} INFO - Started process (PID=2045) to work on /home/airflow/.local/lib/python3.12/site-packages/airflow/example_dags/example_params_trigger_ui.py
[2025-12-30T23:59:44.641+0000] {processor.py:830} INFO - Processing file /home/airflow/.local/lib/python3.12/site-packages/airflow/example_dags/example_params_trigger_ui.py for tasks to queue
[2025-12-30T23:59:44.643+0000] {logging_mixin.py:188} INFO - [2025-12-30T23:59:44.642+0000] {dagbag.py:545} INFO - Filling up the DagBag from /home/airflow/.local/lib/python3.12/site-packages/airflow/example_dags/example_params_trigger_ui.py
[2025-12-30T23:59:44.650+0000] {processor.py:840} INFO - DAG(s) 'example_params_trigger_ui' retrieved from /home/airflow/.local/lib/python3.12/site-packages/airflow/example_dags/example_params_trigger_ui.py
[2025-12-30T23:59:44.671+0000] {logging_mixin.py:188} INFO - [2025-12-30T23:59:44.671+0000] {dag.py:3096} INFO - Sync 1 DAGs
[2025-12-30T23:59:44.677+0000] {logging_mixin.py:188} INFO - [2025-12-30T23:59:44.677+0000] {dag.py:3954} INFO - Setting next_dagrun for example_params_trigger_ui to None, run_after=None
[2025-12-30T23:59:44.684+0000] {processor.py:183} INFO - Processing /home/airflow/.local/lib/python3.12/site-packages/airflow/example_dags/example_params_trigger_ui.py took 0.046 seconds
