[2025-12-30T23:33:51.610+0000] {processor.py:161} INFO - Started process (PID=64) to work on /home/airflow/.local/lib/python3.12/site-packages/airflow/example_dags/example_skip_dag.py
[2025-12-30T23:33:51.615+0000] {processor.py:830} INFO - Processing file /home/airflow/.local/lib/python3.12/site-packages/airflow/example_dags/example_skip_dag.py for tasks to queue
[2025-12-30T23:33:51.618+0000] {logging_mixin.py:188} INFO - [2025-12-30T23:33:51.617+0000] {dagbag.py:545} INFO - Filling up the DagBag from /home/airflow/.local/lib/python3.12/site-packages/airflow/example_dags/example_skip_dag.py
[2025-12-30T23:33:51.630+0000] {processor.py:840} INFO - DAG(s) 'example_skip_dag' retrieved from /home/airflow/.local/lib/python3.12/site-packages/airflow/example_dags/example_skip_dag.py
[2025-12-30T23:33:51.754+0000] {logging_mixin.py:188} INFO - [2025-12-30T23:33:51.751+0000] {dag.py:3096} INFO - Sync 1 DAGs
[2025-12-30T23:33:51.835+0000] {logging_mixin.py:188} INFO - [2025-12-30T23:33:51.834+0000] {dag.py:3954} INFO - Setting next_dagrun for example_skip_dag to 2025-12-29 00:00:00+00:00, run_after=2025-12-30 00:00:00+00:00
[2025-12-30T23:33:51.897+0000] {processor.py:183} INFO - Processing /home/airflow/.local/lib/python3.12/site-packages/airflow/example_dags/example_skip_dag.py took 0.297 seconds
[2025-12-30T23:34:22.739+0000] {processor.py:161} INFO - Started process (PID=129) to work on /home/airflow/.local/lib/python3.12/site-packages/airflow/example_dags/example_skip_dag.py
[2025-12-30T23:34:22.740+0000] {processor.py:830} INFO - Processing file /home/airflow/.local/lib/python3.12/site-packages/airflow/example_dags/example_skip_dag.py for tasks to queue
[2025-12-30T23:34:22.743+0000] {logging_mixin.py:188} INFO - [2025-12-30T23:34:22.742+0000] {dagbag.py:545} INFO - Filling up the DagBag from /home/airflow/.local/lib/python3.12/site-packages/airflow/example_dags/example_skip_dag.py
[2025-12-30T23:34:22.751+0000] {processor.py:840} INFO - DAG(s) 'example_skip_dag' retrieved from /home/airflow/.local/lib/python3.12/site-packages/airflow/example_dags/example_skip_dag.py
[2025-12-30T23:34:22.823+0000] {logging_mixin.py:188} INFO - [2025-12-30T23:34:22.823+0000] {dag.py:3096} INFO - Sync 1 DAGs
[2025-12-30T23:34:22.833+0000] {logging_mixin.py:188} INFO - [2025-12-30T23:34:22.832+0000] {dag.py:3954} INFO - Setting next_dagrun for example_skip_dag to 2025-12-29 00:00:00+00:00, run_after=2025-12-30 00:00:00+00:00
[2025-12-30T23:34:22.841+0000] {processor.py:183} INFO - Processing /home/airflow/.local/lib/python3.12/site-packages/airflow/example_dags/example_skip_dag.py took 0.111 seconds
[2025-12-30T23:34:53.047+0000] {processor.py:161} INFO - Started process (PID=188) to work on /home/airflow/.local/lib/python3.12/site-packages/airflow/example_dags/example_skip_dag.py
[2025-12-30T23:34:53.048+0000] {processor.py:830} INFO - Processing file /home/airflow/.local/lib/python3.12/site-packages/airflow/example_dags/example_skip_dag.py for tasks to queue
[2025-12-30T23:34:53.051+0000] {logging_mixin.py:188} INFO - [2025-12-30T23:34:53.051+0000] {dagbag.py:545} INFO - Filling up the DagBag from /home/airflow/.local/lib/python3.12/site-packages/airflow/example_dags/example_skip_dag.py
[2025-12-30T23:34:53.057+0000] {processor.py:840} INFO - DAG(s) 'example_skip_dag' retrieved from /home/airflow/.local/lib/python3.12/site-packages/airflow/example_dags/example_skip_dag.py
[2025-12-30T23:34:53.077+0000] {logging_mixin.py:188} INFO - [2025-12-30T23:34:53.077+0000] {dag.py:3096} INFO - Sync 1 DAGs
[2025-12-30T23:34:53.087+0000] {logging_mixin.py:188} INFO - [2025-12-30T23:34:53.087+0000] {dag.py:3954} INFO - Setting next_dagrun for example_skip_dag to 2025-12-29 00:00:00+00:00, run_after=2025-12-30 00:00:00+00:00
[2025-12-30T23:34:53.097+0000] {processor.py:183} INFO - Processing /home/airflow/.local/lib/python3.12/site-packages/airflow/example_dags/example_skip_dag.py took 0.058 seconds
[2025-12-30T23:35:23.310+0000] {processor.py:161} INFO - Started process (PID=247) to work on /home/airflow/.local/lib/python3.12/site-packages/airflow/example_dags/example_skip_dag.py
[2025-12-30T23:35:23.312+0000] {processor.py:830} INFO - Processing file /home/airflow/.local/lib/python3.12/site-packages/airflow/example_dags/example_skip_dag.py for tasks to queue
[2025-12-30T23:35:23.315+0000] {logging_mixin.py:188} INFO - [2025-12-30T23:35:23.314+0000] {dagbag.py:545} INFO - Filling up the DagBag from /home/airflow/.local/lib/python3.12/site-packages/airflow/example_dags/example_skip_dag.py
[2025-12-30T23:35:23.323+0000] {processor.py:840} INFO - DAG(s) 'example_skip_dag' retrieved from /home/airflow/.local/lib/python3.12/site-packages/airflow/example_dags/example_skip_dag.py
[2025-12-30T23:35:23.353+0000] {logging_mixin.py:188} INFO - [2025-12-30T23:35:23.353+0000] {dag.py:3096} INFO - Sync 1 DAGs
[2025-12-30T23:35:23.374+0000] {logging_mixin.py:188} INFO - [2025-12-30T23:35:23.374+0000] {dag.py:3954} INFO - Setting next_dagrun for example_skip_dag to 2025-12-29 00:00:00+00:00, run_after=2025-12-30 00:00:00+00:00
[2025-12-30T23:35:23.387+0000] {processor.py:183} INFO - Processing /home/airflow/.local/lib/python3.12/site-packages/airflow/example_dags/example_skip_dag.py took 0.088 seconds
[2025-12-30T23:35:53.487+0000] {processor.py:161} INFO - Started process (PID=306) to work on /home/airflow/.local/lib/python3.12/site-packages/airflow/example_dags/example_skip_dag.py
[2025-12-30T23:35:53.489+0000] {processor.py:830} INFO - Processing file /home/airflow/.local/lib/python3.12/site-packages/airflow/example_dags/example_skip_dag.py for tasks to queue
[2025-12-30T23:35:53.492+0000] {logging_mixin.py:188} INFO - [2025-12-30T23:35:53.491+0000] {dagbag.py:545} INFO - Filling up the DagBag from /home/airflow/.local/lib/python3.12/site-packages/airflow/example_dags/example_skip_dag.py
[2025-12-30T23:35:53.501+0000] {processor.py:840} INFO - DAG(s) 'example_skip_dag' retrieved from /home/airflow/.local/lib/python3.12/site-packages/airflow/example_dags/example_skip_dag.py
[2025-12-30T23:35:53.521+0000] {logging_mixin.py:188} INFO - [2025-12-30T23:35:53.521+0000] {dag.py:3096} INFO - Sync 1 DAGs
[2025-12-30T23:35:53.535+0000] {logging_mixin.py:188} INFO - [2025-12-30T23:35:53.535+0000] {dag.py:3954} INFO - Setting next_dagrun for example_skip_dag to 2025-12-29 00:00:00+00:00, run_after=2025-12-30 00:00:00+00:00
[2025-12-30T23:35:53.545+0000] {processor.py:183} INFO - Processing /home/airflow/.local/lib/python3.12/site-packages/airflow/example_dags/example_skip_dag.py took 0.066 seconds
[2025-12-30T23:36:23.657+0000] {processor.py:161} INFO - Started process (PID=365) to work on /home/airflow/.local/lib/python3.12/site-packages/airflow/example_dags/example_skip_dag.py
[2025-12-30T23:36:23.658+0000] {processor.py:830} INFO - Processing file /home/airflow/.local/lib/python3.12/site-packages/airflow/example_dags/example_skip_dag.py for tasks to queue
[2025-12-30T23:36:23.659+0000] {logging_mixin.py:188} INFO - [2025-12-30T23:36:23.659+0000] {dagbag.py:545} INFO - Filling up the DagBag from /home/airflow/.local/lib/python3.12/site-packages/airflow/example_dags/example_skip_dag.py
[2025-12-30T23:36:23.665+0000] {processor.py:840} INFO - DAG(s) 'example_skip_dag' retrieved from /home/airflow/.local/lib/python3.12/site-packages/airflow/example_dags/example_skip_dag.py
[2025-12-30T23:36:23.682+0000] {logging_mixin.py:188} INFO - [2025-12-30T23:36:23.682+0000] {dag.py:3096} INFO - Sync 1 DAGs
[2025-12-30T23:36:23.694+0000] {logging_mixin.py:188} INFO - [2025-12-30T23:36:23.694+0000] {dag.py:3954} INFO - Setting next_dagrun for example_skip_dag to 2025-12-29 00:00:00+00:00, run_after=2025-12-30 00:00:00+00:00
[2025-12-30T23:36:23.704+0000] {processor.py:183} INFO - Processing /home/airflow/.local/lib/python3.12/site-packages/airflow/example_dags/example_skip_dag.py took 0.050 seconds
[2025-12-30T23:36:53.991+0000] {processor.py:161} INFO - Started process (PID=424) to work on /home/airflow/.local/lib/python3.12/site-packages/airflow/example_dags/example_skip_dag.py
[2025-12-30T23:36:53.993+0000] {processor.py:830} INFO - Processing file /home/airflow/.local/lib/python3.12/site-packages/airflow/example_dags/example_skip_dag.py for tasks to queue
[2025-12-30T23:36:53.996+0000] {logging_mixin.py:188} INFO - [2025-12-30T23:36:53.995+0000] {dagbag.py:545} INFO - Filling up the DagBag from /home/airflow/.local/lib/python3.12/site-packages/airflow/example_dags/example_skip_dag.py
[2025-12-30T23:36:54.002+0000] {processor.py:840} INFO - DAG(s) 'example_skip_dag' retrieved from /home/airflow/.local/lib/python3.12/site-packages/airflow/example_dags/example_skip_dag.py
[2025-12-30T23:36:54.018+0000] {logging_mixin.py:188} INFO - [2025-12-30T23:36:54.017+0000] {dag.py:3096} INFO - Sync 1 DAGs
[2025-12-30T23:36:54.028+0000] {logging_mixin.py:188} INFO - [2025-12-30T23:36:54.028+0000] {dag.py:3954} INFO - Setting next_dagrun for example_skip_dag to 2025-12-29 00:00:00+00:00, run_after=2025-12-30 00:00:00+00:00
[2025-12-30T23:36:54.036+0000] {processor.py:183} INFO - Processing /home/airflow/.local/lib/python3.12/site-packages/airflow/example_dags/example_skip_dag.py took 0.054 seconds
[2025-12-30T23:37:24.582+0000] {processor.py:161} INFO - Started process (PID=483) to work on /home/airflow/.local/lib/python3.12/site-packages/airflow/example_dags/example_skip_dag.py
[2025-12-30T23:37:24.584+0000] {processor.py:830} INFO - Processing file /home/airflow/.local/lib/python3.12/site-packages/airflow/example_dags/example_skip_dag.py for tasks to queue
[2025-12-30T23:37:24.587+0000] {logging_mixin.py:188} INFO - [2025-12-30T23:37:24.586+0000] {dagbag.py:545} INFO - Filling up the DagBag from /home/airflow/.local/lib/python3.12/site-packages/airflow/example_dags/example_skip_dag.py
[2025-12-30T23:37:24.595+0000] {processor.py:840} INFO - DAG(s) 'example_skip_dag' retrieved from /home/airflow/.local/lib/python3.12/site-packages/airflow/example_dags/example_skip_dag.py
[2025-12-30T23:37:24.650+0000] {logging_mixin.py:188} INFO - [2025-12-30T23:37:24.650+0000] {dag.py:3096} INFO - Sync 1 DAGs
[2025-12-30T23:37:24.688+0000] {logging_mixin.py:188} INFO - [2025-12-30T23:37:24.688+0000] {dag.py:3954} INFO - Setting next_dagrun for example_skip_dag to 2025-12-29 00:00:00+00:00, run_after=2025-12-30 00:00:00+00:00
[2025-12-30T23:37:24.703+0000] {processor.py:183} INFO - Processing /home/airflow/.local/lib/python3.12/site-packages/airflow/example_dags/example_skip_dag.py took 0.144 seconds
[2025-12-30T23:37:54.886+0000] {processor.py:161} INFO - Started process (PID=542) to work on /home/airflow/.local/lib/python3.12/site-packages/airflow/example_dags/example_skip_dag.py
[2025-12-30T23:37:54.887+0000] {processor.py:830} INFO - Processing file /home/airflow/.local/lib/python3.12/site-packages/airflow/example_dags/example_skip_dag.py for tasks to queue
[2025-12-30T23:37:54.891+0000] {logging_mixin.py:188} INFO - [2025-12-30T23:37:54.890+0000] {dagbag.py:545} INFO - Filling up the DagBag from /home/airflow/.local/lib/python3.12/site-packages/airflow/example_dags/example_skip_dag.py
[2025-12-30T23:37:54.917+0000] {processor.py:840} INFO - DAG(s) 'example_skip_dag' retrieved from /home/airflow/.local/lib/python3.12/site-packages/airflow/example_dags/example_skip_dag.py
[2025-12-30T23:37:54.965+0000] {logging_mixin.py:188} INFO - [2025-12-30T23:37:54.965+0000] {dag.py:3096} INFO - Sync 1 DAGs
[2025-12-30T23:37:54.983+0000] {logging_mixin.py:188} INFO - [2025-12-30T23:37:54.983+0000] {dag.py:3954} INFO - Setting next_dagrun for example_skip_dag to 2025-12-29 00:00:00+00:00, run_after=2025-12-30 00:00:00+00:00
[2025-12-30T23:37:54.994+0000] {processor.py:183} INFO - Processing /home/airflow/.local/lib/python3.12/site-packages/airflow/example_dags/example_skip_dag.py took 0.120 seconds
[2025-12-30T23:38:25.423+0000] {processor.py:161} INFO - Started process (PID=601) to work on /home/airflow/.local/lib/python3.12/site-packages/airflow/example_dags/example_skip_dag.py
[2025-12-30T23:38:25.424+0000] {processor.py:830} INFO - Processing file /home/airflow/.local/lib/python3.12/site-packages/airflow/example_dags/example_skip_dag.py for tasks to queue
[2025-12-30T23:38:25.439+0000] {logging_mixin.py:188} INFO - [2025-12-30T23:38:25.437+0000] {dagbag.py:545} INFO - Filling up the DagBag from /home/airflow/.local/lib/python3.12/site-packages/airflow/example_dags/example_skip_dag.py
[2025-12-30T23:38:25.456+0000] {processor.py:840} INFO - DAG(s) 'example_skip_dag' retrieved from /home/airflow/.local/lib/python3.12/site-packages/airflow/example_dags/example_skip_dag.py
[2025-12-30T23:38:25.509+0000] {logging_mixin.py:188} INFO - [2025-12-30T23:38:25.508+0000] {dag.py:3096} INFO - Sync 1 DAGs
[2025-12-30T23:38:25.538+0000] {logging_mixin.py:188} INFO - [2025-12-30T23:38:25.538+0000] {dag.py:3954} INFO - Setting next_dagrun for example_skip_dag to 2025-12-29 00:00:00+00:00, run_after=2025-12-30 00:00:00+00:00
[2025-12-30T23:38:25.550+0000] {processor.py:183} INFO - Processing /home/airflow/.local/lib/python3.12/site-packages/airflow/example_dags/example_skip_dag.py took 0.143 seconds
[2025-12-30T23:38:55.722+0000] {processor.py:161} INFO - Started process (PID=660) to work on /home/airflow/.local/lib/python3.12/site-packages/airflow/example_dags/example_skip_dag.py
[2025-12-30T23:38:55.724+0000] {processor.py:830} INFO - Processing file /home/airflow/.local/lib/python3.12/site-packages/airflow/example_dags/example_skip_dag.py for tasks to queue
[2025-12-30T23:38:55.725+0000] {logging_mixin.py:188} INFO - [2025-12-30T23:38:55.725+0000] {dagbag.py:545} INFO - Filling up the DagBag from /home/airflow/.local/lib/python3.12/site-packages/airflow/example_dags/example_skip_dag.py
[2025-12-30T23:38:55.733+0000] {processor.py:840} INFO - DAG(s) 'example_skip_dag' retrieved from /home/airflow/.local/lib/python3.12/site-packages/airflow/example_dags/example_skip_dag.py
[2025-12-30T23:38:55.751+0000] {logging_mixin.py:188} INFO - [2025-12-30T23:38:55.750+0000] {dag.py:3096} INFO - Sync 1 DAGs
[2025-12-30T23:38:55.763+0000] {logging_mixin.py:188} INFO - [2025-12-30T23:38:55.763+0000] {dag.py:3954} INFO - Setting next_dagrun for example_skip_dag to 2025-12-29 00:00:00+00:00, run_after=2025-12-30 00:00:00+00:00
[2025-12-30T23:38:55.772+0000] {processor.py:183} INFO - Processing /home/airflow/.local/lib/python3.12/site-packages/airflow/example_dags/example_skip_dag.py took 0.057 seconds
[2025-12-30T23:39:26.066+0000] {processor.py:161} INFO - Started process (PID=719) to work on /home/airflow/.local/lib/python3.12/site-packages/airflow/example_dags/example_skip_dag.py
[2025-12-30T23:39:26.067+0000] {processor.py:830} INFO - Processing file /home/airflow/.local/lib/python3.12/site-packages/airflow/example_dags/example_skip_dag.py for tasks to queue
[2025-12-30T23:39:26.069+0000] {logging_mixin.py:188} INFO - [2025-12-30T23:39:26.069+0000] {dagbag.py:545} INFO - Filling up the DagBag from /home/airflow/.local/lib/python3.12/site-packages/airflow/example_dags/example_skip_dag.py
[2025-12-30T23:39:26.077+0000] {processor.py:840} INFO - DAG(s) 'example_skip_dag' retrieved from /home/airflow/.local/lib/python3.12/site-packages/airflow/example_dags/example_skip_dag.py
[2025-12-30T23:39:26.098+0000] {logging_mixin.py:188} INFO - [2025-12-30T23:39:26.097+0000] {dag.py:3096} INFO - Sync 1 DAGs
[2025-12-30T23:39:26.115+0000] {logging_mixin.py:188} INFO - [2025-12-30T23:39:26.115+0000] {dag.py:3954} INFO - Setting next_dagrun for example_skip_dag to 2025-12-29 00:00:00+00:00, run_after=2025-12-30 00:00:00+00:00
[2025-12-30T23:39:26.127+0000] {processor.py:183} INFO - Processing /home/airflow/.local/lib/python3.12/site-packages/airflow/example_dags/example_skip_dag.py took 0.067 seconds
[2025-12-30T23:39:56.386+0000] {processor.py:161} INFO - Started process (PID=778) to work on /home/airflow/.local/lib/python3.12/site-packages/airflow/example_dags/example_skip_dag.py
[2025-12-30T23:39:56.387+0000] {processor.py:830} INFO - Processing file /home/airflow/.local/lib/python3.12/site-packages/airflow/example_dags/example_skip_dag.py for tasks to queue
[2025-12-30T23:39:56.390+0000] {logging_mixin.py:188} INFO - [2025-12-30T23:39:56.389+0000] {dagbag.py:545} INFO - Filling up the DagBag from /home/airflow/.local/lib/python3.12/site-packages/airflow/example_dags/example_skip_dag.py
[2025-12-30T23:39:56.397+0000] {processor.py:840} INFO - DAG(s) 'example_skip_dag' retrieved from /home/airflow/.local/lib/python3.12/site-packages/airflow/example_dags/example_skip_dag.py
[2025-12-30T23:39:56.414+0000] {logging_mixin.py:188} INFO - [2025-12-30T23:39:56.414+0000] {dag.py:3096} INFO - Sync 1 DAGs
[2025-12-30T23:39:56.426+0000] {logging_mixin.py:188} INFO - [2025-12-30T23:39:56.426+0000] {dag.py:3954} INFO - Setting next_dagrun for example_skip_dag to 2025-12-29 00:00:00+00:00, run_after=2025-12-30 00:00:00+00:00
[2025-12-30T23:39:56.434+0000] {processor.py:183} INFO - Processing /home/airflow/.local/lib/python3.12/site-packages/airflow/example_dags/example_skip_dag.py took 0.056 seconds
[2025-12-30T23:40:26.766+0000] {processor.py:161} INFO - Started process (PID=837) to work on /home/airflow/.local/lib/python3.12/site-packages/airflow/example_dags/example_skip_dag.py
[2025-12-30T23:40:26.767+0000] {processor.py:830} INFO - Processing file /home/airflow/.local/lib/python3.12/site-packages/airflow/example_dags/example_skip_dag.py for tasks to queue
[2025-12-30T23:40:26.769+0000] {logging_mixin.py:188} INFO - [2025-12-30T23:40:26.769+0000] {dagbag.py:545} INFO - Filling up the DagBag from /home/airflow/.local/lib/python3.12/site-packages/airflow/example_dags/example_skip_dag.py
[2025-12-30T23:40:26.776+0000] {processor.py:840} INFO - DAG(s) 'example_skip_dag' retrieved from /home/airflow/.local/lib/python3.12/site-packages/airflow/example_dags/example_skip_dag.py
[2025-12-30T23:40:26.793+0000] {logging_mixin.py:188} INFO - [2025-12-30T23:40:26.793+0000] {dag.py:3096} INFO - Sync 1 DAGs
[2025-12-30T23:40:26.804+0000] {logging_mixin.py:188} INFO - [2025-12-30T23:40:26.804+0000] {dag.py:3954} INFO - Setting next_dagrun for example_skip_dag to 2025-12-29 00:00:00+00:00, run_after=2025-12-30 00:00:00+00:00
[2025-12-30T23:40:26.813+0000] {processor.py:183} INFO - Processing /home/airflow/.local/lib/python3.12/site-packages/airflow/example_dags/example_skip_dag.py took 0.055 seconds
[2025-12-30T23:40:57.225+0000] {processor.py:161} INFO - Started process (PID=897) to work on /home/airflow/.local/lib/python3.12/site-packages/airflow/example_dags/example_skip_dag.py
[2025-12-30T23:40:57.228+0000] {processor.py:830} INFO - Processing file /home/airflow/.local/lib/python3.12/site-packages/airflow/example_dags/example_skip_dag.py for tasks to queue
[2025-12-30T23:40:57.234+0000] {logging_mixin.py:188} INFO - [2025-12-30T23:40:57.232+0000] {dagbag.py:545} INFO - Filling up the DagBag from /home/airflow/.local/lib/python3.12/site-packages/airflow/example_dags/example_skip_dag.py
[2025-12-30T23:40:57.248+0000] {processor.py:840} INFO - DAG(s) 'example_skip_dag' retrieved from /home/airflow/.local/lib/python3.12/site-packages/airflow/example_dags/example_skip_dag.py
[2025-12-30T23:40:57.285+0000] {logging_mixin.py:188} INFO - [2025-12-30T23:40:57.285+0000] {dag.py:3096} INFO - Sync 1 DAGs
[2025-12-30T23:40:57.305+0000] {logging_mixin.py:188} INFO - [2025-12-30T23:40:57.305+0000] {dag.py:3954} INFO - Setting next_dagrun for example_skip_dag to 2025-12-29 00:00:00+00:00, run_after=2025-12-30 00:00:00+00:00
[2025-12-30T23:40:57.321+0000] {processor.py:183} INFO - Processing /home/airflow/.local/lib/python3.12/site-packages/airflow/example_dags/example_skip_dag.py took 0.107 seconds
[2025-12-30T23:42:58.471+0000] {processor.py:161} INFO - Started process (PID=63) to work on /home/airflow/.local/lib/python3.12/site-packages/airflow/example_dags/example_skip_dag.py
[2025-12-30T23:42:58.472+0000] {processor.py:830} INFO - Processing file /home/airflow/.local/lib/python3.12/site-packages/airflow/example_dags/example_skip_dag.py for tasks to queue
[2025-12-30T23:42:58.474+0000] {logging_mixin.py:188} INFO - [2025-12-30T23:42:58.474+0000] {dagbag.py:545} INFO - Filling up the DagBag from /home/airflow/.local/lib/python3.12/site-packages/airflow/example_dags/example_skip_dag.py
[2025-12-30T23:42:58.482+0000] {processor.py:840} INFO - DAG(s) 'example_skip_dag' retrieved from /home/airflow/.local/lib/python3.12/site-packages/airflow/example_dags/example_skip_dag.py
[2025-12-30T23:42:58.497+0000] {logging_mixin.py:188} INFO - [2025-12-30T23:42:58.496+0000] {dag.py:3096} INFO - Sync 1 DAGs
[2025-12-30T23:42:58.547+0000] {logging_mixin.py:188} INFO - [2025-12-30T23:42:58.543+0000] {dag.py:3954} INFO - Setting next_dagrun for example_skip_dag to 2025-12-29 00:00:00+00:00, run_after=2025-12-30 00:00:00+00:00
[2025-12-30T23:42:58.606+0000] {processor.py:183} INFO - Processing /home/airflow/.local/lib/python3.12/site-packages/airflow/example_dags/example_skip_dag.py took 0.143 seconds
[2025-12-30T23:43:29.100+0000] {processor.py:161} INFO - Started process (PID=129) to work on /home/airflow/.local/lib/python3.12/site-packages/airflow/example_dags/example_skip_dag.py
[2025-12-30T23:43:29.101+0000] {processor.py:830} INFO - Processing file /home/airflow/.local/lib/python3.12/site-packages/airflow/example_dags/example_skip_dag.py for tasks to queue
[2025-12-30T23:43:29.102+0000] {logging_mixin.py:188} INFO - [2025-12-30T23:43:29.102+0000] {dagbag.py:545} INFO - Filling up the DagBag from /home/airflow/.local/lib/python3.12/site-packages/airflow/example_dags/example_skip_dag.py
[2025-12-30T23:43:29.105+0000] {processor.py:840} INFO - DAG(s) 'example_skip_dag' retrieved from /home/airflow/.local/lib/python3.12/site-packages/airflow/example_dags/example_skip_dag.py
[2025-12-30T23:43:29.156+0000] {logging_mixin.py:188} INFO - [2025-12-30T23:43:29.156+0000] {dag.py:3096} INFO - Sync 1 DAGs
[2025-12-30T23:43:29.165+0000] {logging_mixin.py:188} INFO - [2025-12-30T23:43:29.164+0000] {dag.py:3954} INFO - Setting next_dagrun for example_skip_dag to 2025-12-29 00:00:00+00:00, run_after=2025-12-30 00:00:00+00:00
[2025-12-30T23:43:29.172+0000] {processor.py:183} INFO - Processing /home/airflow/.local/lib/python3.12/site-packages/airflow/example_dags/example_skip_dag.py took 0.076 seconds
[2025-12-30T23:43:59.797+0000] {processor.py:161} INFO - Started process (PID=189) to work on /home/airflow/.local/lib/python3.12/site-packages/airflow/example_dags/example_skip_dag.py
[2025-12-30T23:43:59.798+0000] {processor.py:830} INFO - Processing file /home/airflow/.local/lib/python3.12/site-packages/airflow/example_dags/example_skip_dag.py for tasks to queue
[2025-12-30T23:43:59.799+0000] {logging_mixin.py:188} INFO - [2025-12-30T23:43:59.799+0000] {dagbag.py:545} INFO - Filling up the DagBag from /home/airflow/.local/lib/python3.12/site-packages/airflow/example_dags/example_skip_dag.py
[2025-12-30T23:43:59.803+0000] {processor.py:840} INFO - DAG(s) 'example_skip_dag' retrieved from /home/airflow/.local/lib/python3.12/site-packages/airflow/example_dags/example_skip_dag.py
[2025-12-30T23:43:59.815+0000] {logging_mixin.py:188} INFO - [2025-12-30T23:43:59.814+0000] {dag.py:3096} INFO - Sync 1 DAGs
[2025-12-30T23:43:59.825+0000] {logging_mixin.py:188} INFO - [2025-12-30T23:43:59.825+0000] {dag.py:3954} INFO - Setting next_dagrun for example_skip_dag to 2025-12-29 00:00:00+00:00, run_after=2025-12-30 00:00:00+00:00
[2025-12-30T23:43:59.834+0000] {processor.py:183} INFO - Processing /home/airflow/.local/lib/python3.12/site-packages/airflow/example_dags/example_skip_dag.py took 0.040 seconds
[2025-12-30T23:44:29.982+0000] {processor.py:161} INFO - Started process (PID=249) to work on /home/airflow/.local/lib/python3.12/site-packages/airflow/example_dags/example_skip_dag.py
[2025-12-30T23:44:29.983+0000] {processor.py:830} INFO - Processing file /home/airflow/.local/lib/python3.12/site-packages/airflow/example_dags/example_skip_dag.py for tasks to queue
[2025-12-30T23:44:29.984+0000] {logging_mixin.py:188} INFO - [2025-12-30T23:44:29.984+0000] {dagbag.py:545} INFO - Filling up the DagBag from /home/airflow/.local/lib/python3.12/site-packages/airflow/example_dags/example_skip_dag.py
[2025-12-30T23:44:29.988+0000] {processor.py:840} INFO - DAG(s) 'example_skip_dag' retrieved from /home/airflow/.local/lib/python3.12/site-packages/airflow/example_dags/example_skip_dag.py
[2025-12-30T23:44:30.000+0000] {logging_mixin.py:188} INFO - [2025-12-30T23:44:30.000+0000] {dag.py:3096} INFO - Sync 1 DAGs
[2025-12-30T23:44:30.011+0000] {logging_mixin.py:188} INFO - [2025-12-30T23:44:30.010+0000] {dag.py:3954} INFO - Setting next_dagrun for example_skip_dag to 2025-12-29 00:00:00+00:00, run_after=2025-12-30 00:00:00+00:00
[2025-12-30T23:44:30.019+0000] {processor.py:183} INFO - Processing /home/airflow/.local/lib/python3.12/site-packages/airflow/example_dags/example_skip_dag.py took 0.040 seconds
[2025-12-30T23:45:00.637+0000] {processor.py:161} INFO - Started process (PID=309) to work on /home/airflow/.local/lib/python3.12/site-packages/airflow/example_dags/example_skip_dag.py
[2025-12-30T23:45:00.638+0000] {processor.py:830} INFO - Processing file /home/airflow/.local/lib/python3.12/site-packages/airflow/example_dags/example_skip_dag.py for tasks to queue
[2025-12-30T23:45:00.639+0000] {logging_mixin.py:188} INFO - [2025-12-30T23:45:00.639+0000] {dagbag.py:545} INFO - Filling up the DagBag from /home/airflow/.local/lib/python3.12/site-packages/airflow/example_dags/example_skip_dag.py
[2025-12-30T23:45:00.644+0000] {processor.py:840} INFO - DAG(s) 'example_skip_dag' retrieved from /home/airflow/.local/lib/python3.12/site-packages/airflow/example_dags/example_skip_dag.py
[2025-12-30T23:45:00.658+0000] {logging_mixin.py:188} INFO - [2025-12-30T23:45:00.658+0000] {dag.py:3096} INFO - Sync 1 DAGs
[2025-12-30T23:45:00.675+0000] {logging_mixin.py:188} INFO - [2025-12-30T23:45:00.675+0000] {dag.py:3954} INFO - Setting next_dagrun for example_skip_dag to 2025-12-29 00:00:00+00:00, run_after=2025-12-30 00:00:00+00:00
[2025-12-30T23:45:00.711+0000] {processor.py:183} INFO - Processing /home/airflow/.local/lib/python3.12/site-packages/airflow/example_dags/example_skip_dag.py took 0.078 seconds
[2025-12-30T23:45:31.943+0000] {processor.py:161} INFO - Started process (PID=369) to work on /home/airflow/.local/lib/python3.12/site-packages/airflow/example_dags/example_skip_dag.py
[2025-12-30T23:45:31.943+0000] {processor.py:830} INFO - Processing file /home/airflow/.local/lib/python3.12/site-packages/airflow/example_dags/example_skip_dag.py for tasks to queue
[2025-12-30T23:45:31.944+0000] {logging_mixin.py:188} INFO - [2025-12-30T23:45:31.944+0000] {dagbag.py:545} INFO - Filling up the DagBag from /home/airflow/.local/lib/python3.12/site-packages/airflow/example_dags/example_skip_dag.py
[2025-12-30T23:45:31.947+0000] {processor.py:840} INFO - DAG(s) 'example_skip_dag' retrieved from /home/airflow/.local/lib/python3.12/site-packages/airflow/example_dags/example_skip_dag.py
[2025-12-30T23:45:31.958+0000] {logging_mixin.py:188} INFO - [2025-12-30T23:45:31.958+0000] {dag.py:3096} INFO - Sync 1 DAGs
[2025-12-30T23:45:31.967+0000] {logging_mixin.py:188} INFO - [2025-12-30T23:45:31.967+0000] {dag.py:3954} INFO - Setting next_dagrun for example_skip_dag to 2025-12-29 00:00:00+00:00, run_after=2025-12-30 00:00:00+00:00
[2025-12-30T23:45:31.976+0000] {processor.py:183} INFO - Processing /home/airflow/.local/lib/python3.12/site-packages/airflow/example_dags/example_skip_dag.py took 0.037 seconds
[2025-12-30T23:46:03.077+0000] {processor.py:161} INFO - Started process (PID=429) to work on /home/airflow/.local/lib/python3.12/site-packages/airflow/example_dags/example_skip_dag.py
[2025-12-30T23:46:03.077+0000] {processor.py:830} INFO - Processing file /home/airflow/.local/lib/python3.12/site-packages/airflow/example_dags/example_skip_dag.py for tasks to queue
[2025-12-30T23:46:03.079+0000] {logging_mixin.py:188} INFO - [2025-12-30T23:46:03.079+0000] {dagbag.py:545} INFO - Filling up the DagBag from /home/airflow/.local/lib/python3.12/site-packages/airflow/example_dags/example_skip_dag.py
[2025-12-30T23:46:03.082+0000] {processor.py:840} INFO - DAG(s) 'example_skip_dag' retrieved from /home/airflow/.local/lib/python3.12/site-packages/airflow/example_dags/example_skip_dag.py
[2025-12-30T23:46:03.094+0000] {logging_mixin.py:188} INFO - [2025-12-30T23:46:03.094+0000] {dag.py:3096} INFO - Sync 1 DAGs
[2025-12-30T23:46:03.105+0000] {logging_mixin.py:188} INFO - [2025-12-30T23:46:03.104+0000] {dag.py:3954} INFO - Setting next_dagrun for example_skip_dag to 2025-12-29 00:00:00+00:00, run_after=2025-12-30 00:00:00+00:00
[2025-12-30T23:46:03.112+0000] {processor.py:183} INFO - Processing /home/airflow/.local/lib/python3.12/site-packages/airflow/example_dags/example_skip_dag.py took 0.038 seconds
[2025-12-30T23:46:34.113+0000] {processor.py:161} INFO - Started process (PID=489) to work on /home/airflow/.local/lib/python3.12/site-packages/airflow/example_dags/example_skip_dag.py
[2025-12-30T23:46:34.113+0000] {processor.py:830} INFO - Processing file /home/airflow/.local/lib/python3.12/site-packages/airflow/example_dags/example_skip_dag.py for tasks to queue
[2025-12-30T23:46:34.115+0000] {logging_mixin.py:188} INFO - [2025-12-30T23:46:34.115+0000] {dagbag.py:545} INFO - Filling up the DagBag from /home/airflow/.local/lib/python3.12/site-packages/airflow/example_dags/example_skip_dag.py
[2025-12-30T23:46:34.118+0000] {processor.py:840} INFO - DAG(s) 'example_skip_dag' retrieved from /home/airflow/.local/lib/python3.12/site-packages/airflow/example_dags/example_skip_dag.py
[2025-12-30T23:46:34.137+0000] {logging_mixin.py:188} INFO - [2025-12-30T23:46:34.136+0000] {dag.py:3096} INFO - Sync 1 DAGs
[2025-12-30T23:46:34.147+0000] {logging_mixin.py:188} INFO - [2025-12-30T23:46:34.147+0000] {dag.py:3954} INFO - Setting next_dagrun for example_skip_dag to 2025-12-29 00:00:00+00:00, run_after=2025-12-30 00:00:00+00:00
[2025-12-30T23:46:34.156+0000] {processor.py:183} INFO - Processing /home/airflow/.local/lib/python3.12/site-packages/airflow/example_dags/example_skip_dag.py took 0.046 seconds
[2025-12-30T23:47:04.538+0000] {processor.py:161} INFO - Started process (PID=549) to work on /home/airflow/.local/lib/python3.12/site-packages/airflow/example_dags/example_skip_dag.py
[2025-12-30T23:47:04.539+0000] {processor.py:830} INFO - Processing file /home/airflow/.local/lib/python3.12/site-packages/airflow/example_dags/example_skip_dag.py for tasks to queue
[2025-12-30T23:47:04.540+0000] {logging_mixin.py:188} INFO - [2025-12-30T23:47:04.540+0000] {dagbag.py:545} INFO - Filling up the DagBag from /home/airflow/.local/lib/python3.12/site-packages/airflow/example_dags/example_skip_dag.py
[2025-12-30T23:47:04.546+0000] {processor.py:840} INFO - DAG(s) 'example_skip_dag' retrieved from /home/airflow/.local/lib/python3.12/site-packages/airflow/example_dags/example_skip_dag.py
[2025-12-30T23:47:04.559+0000] {logging_mixin.py:188} INFO - [2025-12-30T23:47:04.559+0000] {dag.py:3096} INFO - Sync 1 DAGs
[2025-12-30T23:47:04.572+0000] {logging_mixin.py:188} INFO - [2025-12-30T23:47:04.572+0000] {dag.py:3954} INFO - Setting next_dagrun for example_skip_dag to 2025-12-29 00:00:00+00:00, run_after=2025-12-30 00:00:00+00:00
[2025-12-30T23:47:04.586+0000] {processor.py:183} INFO - Processing /home/airflow/.local/lib/python3.12/site-packages/airflow/example_dags/example_skip_dag.py took 0.053 seconds
[2025-12-30T23:47:34.981+0000] {processor.py:161} INFO - Started process (PID=609) to work on /home/airflow/.local/lib/python3.12/site-packages/airflow/example_dags/example_skip_dag.py
[2025-12-30T23:47:34.981+0000] {processor.py:830} INFO - Processing file /home/airflow/.local/lib/python3.12/site-packages/airflow/example_dags/example_skip_dag.py for tasks to queue
[2025-12-30T23:47:34.983+0000] {logging_mixin.py:188} INFO - [2025-12-30T23:47:34.983+0000] {dagbag.py:545} INFO - Filling up the DagBag from /home/airflow/.local/lib/python3.12/site-packages/airflow/example_dags/example_skip_dag.py
[2025-12-30T23:47:34.988+0000] {processor.py:840} INFO - DAG(s) 'example_skip_dag' retrieved from /home/airflow/.local/lib/python3.12/site-packages/airflow/example_dags/example_skip_dag.py
[2025-12-30T23:47:35.009+0000] {logging_mixin.py:188} INFO - [2025-12-30T23:47:35.009+0000] {dag.py:3096} INFO - Sync 1 DAGs
[2025-12-30T23:47:35.033+0000] {logging_mixin.py:188} INFO - [2025-12-30T23:47:35.033+0000] {dag.py:3954} INFO - Setting next_dagrun for example_skip_dag to 2025-12-29 00:00:00+00:00, run_after=2025-12-30 00:00:00+00:00
[2025-12-30T23:47:35.050+0000] {processor.py:183} INFO - Processing /home/airflow/.local/lib/python3.12/site-packages/airflow/example_dags/example_skip_dag.py took 0.073 seconds
[2025-12-30T23:48:05.140+0000] {processor.py:161} INFO - Started process (PID=667) to work on /home/airflow/.local/lib/python3.12/site-packages/airflow/example_dags/example_skip_dag.py
[2025-12-30T23:48:05.140+0000] {processor.py:830} INFO - Processing file /home/airflow/.local/lib/python3.12/site-packages/airflow/example_dags/example_skip_dag.py for tasks to queue
[2025-12-30T23:48:05.142+0000] {logging_mixin.py:188} INFO - [2025-12-30T23:48:05.141+0000] {dagbag.py:545} INFO - Filling up the DagBag from /home/airflow/.local/lib/python3.12/site-packages/airflow/example_dags/example_skip_dag.py
[2025-12-30T23:48:05.145+0000] {processor.py:840} INFO - DAG(s) 'example_skip_dag' retrieved from /home/airflow/.local/lib/python3.12/site-packages/airflow/example_dags/example_skip_dag.py
[2025-12-30T23:48:05.156+0000] {logging_mixin.py:188} INFO - [2025-12-30T23:48:05.156+0000] {dag.py:3096} INFO - Sync 1 DAGs
[2025-12-30T23:48:05.166+0000] {logging_mixin.py:188} INFO - [2025-12-30T23:48:05.166+0000] {dag.py:3954} INFO - Setting next_dagrun for example_skip_dag to 2025-12-29 00:00:00+00:00, run_after=2025-12-30 00:00:00+00:00
[2025-12-30T23:48:05.176+0000] {processor.py:183} INFO - Processing /home/airflow/.local/lib/python3.12/site-packages/airflow/example_dags/example_skip_dag.py took 0.039 seconds
[2025-12-30T23:48:35.278+0000] {processor.py:161} INFO - Started process (PID=727) to work on /home/airflow/.local/lib/python3.12/site-packages/airflow/example_dags/example_skip_dag.py
[2025-12-30T23:48:35.279+0000] {processor.py:830} INFO - Processing file /home/airflow/.local/lib/python3.12/site-packages/airflow/example_dags/example_skip_dag.py for tasks to queue
[2025-12-30T23:48:35.280+0000] {logging_mixin.py:188} INFO - [2025-12-30T23:48:35.280+0000] {dagbag.py:545} INFO - Filling up the DagBag from /home/airflow/.local/lib/python3.12/site-packages/airflow/example_dags/example_skip_dag.py
[2025-12-30T23:48:35.288+0000] {processor.py:840} INFO - DAG(s) 'example_skip_dag' retrieved from /home/airflow/.local/lib/python3.12/site-packages/airflow/example_dags/example_skip_dag.py
[2025-12-30T23:48:35.301+0000] {logging_mixin.py:188} INFO - [2025-12-30T23:48:35.301+0000] {dag.py:3096} INFO - Sync 1 DAGs
[2025-12-30T23:48:35.313+0000] {logging_mixin.py:188} INFO - [2025-12-30T23:48:35.313+0000] {dag.py:3954} INFO - Setting next_dagrun for example_skip_dag to 2025-12-29 00:00:00+00:00, run_after=2025-12-30 00:00:00+00:00
[2025-12-30T23:48:35.323+0000] {processor.py:183} INFO - Processing /home/airflow/.local/lib/python3.12/site-packages/airflow/example_dags/example_skip_dag.py took 0.049 seconds
[2025-12-30T23:49:05.615+0000] {processor.py:161} INFO - Started process (PID=787) to work on /home/airflow/.local/lib/python3.12/site-packages/airflow/example_dags/example_skip_dag.py
[2025-12-30T23:49:05.617+0000] {processor.py:830} INFO - Processing file /home/airflow/.local/lib/python3.12/site-packages/airflow/example_dags/example_skip_dag.py for tasks to queue
[2025-12-30T23:49:05.618+0000] {logging_mixin.py:188} INFO - [2025-12-30T23:49:05.618+0000] {dagbag.py:545} INFO - Filling up the DagBag from /home/airflow/.local/lib/python3.12/site-packages/airflow/example_dags/example_skip_dag.py
[2025-12-30T23:49:05.622+0000] {processor.py:840} INFO - DAG(s) 'example_skip_dag' retrieved from /home/airflow/.local/lib/python3.12/site-packages/airflow/example_dags/example_skip_dag.py
[2025-12-30T23:49:05.634+0000] {logging_mixin.py:188} INFO - [2025-12-30T23:49:05.634+0000] {dag.py:3096} INFO - Sync 1 DAGs
[2025-12-30T23:49:05.647+0000] {logging_mixin.py:188} INFO - [2025-12-30T23:49:05.647+0000] {dag.py:3954} INFO - Setting next_dagrun for example_skip_dag to 2025-12-29 00:00:00+00:00, run_after=2025-12-30 00:00:00+00:00
[2025-12-30T23:49:05.656+0000] {processor.py:183} INFO - Processing /home/airflow/.local/lib/python3.12/site-packages/airflow/example_dags/example_skip_dag.py took 0.052 seconds
[2025-12-30T23:49:35.817+0000] {processor.py:161} INFO - Started process (PID=846) to work on /home/airflow/.local/lib/python3.12/site-packages/airflow/example_dags/example_skip_dag.py
[2025-12-30T23:49:35.817+0000] {processor.py:830} INFO - Processing file /home/airflow/.local/lib/python3.12/site-packages/airflow/example_dags/example_skip_dag.py for tasks to queue
[2025-12-30T23:49:35.819+0000] {logging_mixin.py:188} INFO - [2025-12-30T23:49:35.818+0000] {dagbag.py:545} INFO - Filling up the DagBag from /home/airflow/.local/lib/python3.12/site-packages/airflow/example_dags/example_skip_dag.py
[2025-12-30T23:49:35.822+0000] {processor.py:840} INFO - DAG(s) 'example_skip_dag' retrieved from /home/airflow/.local/lib/python3.12/site-packages/airflow/example_dags/example_skip_dag.py
[2025-12-30T23:49:35.839+0000] {logging_mixin.py:188} INFO - [2025-12-30T23:49:35.839+0000] {dag.py:3096} INFO - Sync 1 DAGs
[2025-12-30T23:49:35.851+0000] {logging_mixin.py:188} INFO - [2025-12-30T23:49:35.851+0000] {dag.py:3954} INFO - Setting next_dagrun for example_skip_dag to 2025-12-29 00:00:00+00:00, run_after=2025-12-30 00:00:00+00:00
[2025-12-30T23:49:35.859+0000] {processor.py:183} INFO - Processing /home/airflow/.local/lib/python3.12/site-packages/airflow/example_dags/example_skip_dag.py took 0.046 seconds
[2025-12-30T23:50:06.024+0000] {processor.py:161} INFO - Started process (PID=906) to work on /home/airflow/.local/lib/python3.12/site-packages/airflow/example_dags/example_skip_dag.py
[2025-12-30T23:50:06.026+0000] {processor.py:830} INFO - Processing file /home/airflow/.local/lib/python3.12/site-packages/airflow/example_dags/example_skip_dag.py for tasks to queue
[2025-12-30T23:50:06.027+0000] {logging_mixin.py:188} INFO - [2025-12-30T23:50:06.027+0000] {dagbag.py:545} INFO - Filling up the DagBag from /home/airflow/.local/lib/python3.12/site-packages/airflow/example_dags/example_skip_dag.py
[2025-12-30T23:50:06.034+0000] {processor.py:840} INFO - DAG(s) 'example_skip_dag' retrieved from /home/airflow/.local/lib/python3.12/site-packages/airflow/example_dags/example_skip_dag.py
[2025-12-30T23:50:06.061+0000] {logging_mixin.py:188} INFO - [2025-12-30T23:50:06.060+0000] {dag.py:3096} INFO - Sync 1 DAGs
[2025-12-30T23:50:06.086+0000] {logging_mixin.py:188} INFO - [2025-12-30T23:50:06.085+0000] {dag.py:3954} INFO - Setting next_dagrun for example_skip_dag to 2025-12-29 00:00:00+00:00, run_after=2025-12-30 00:00:00+00:00
[2025-12-30T23:50:06.107+0000] {processor.py:183} INFO - Processing /home/airflow/.local/lib/python3.12/site-packages/airflow/example_dags/example_skip_dag.py took 0.093 seconds
[2025-12-30T23:50:36.742+0000] {processor.py:161} INFO - Started process (PID=966) to work on /home/airflow/.local/lib/python3.12/site-packages/airflow/example_dags/example_skip_dag.py
[2025-12-30T23:50:36.743+0000] {processor.py:830} INFO - Processing file /home/airflow/.local/lib/python3.12/site-packages/airflow/example_dags/example_skip_dag.py for tasks to queue
[2025-12-30T23:50:36.744+0000] {logging_mixin.py:188} INFO - [2025-12-30T23:50:36.744+0000] {dagbag.py:545} INFO - Filling up the DagBag from /home/airflow/.local/lib/python3.12/site-packages/airflow/example_dags/example_skip_dag.py
[2025-12-30T23:50:36.748+0000] {processor.py:840} INFO - DAG(s) 'example_skip_dag' retrieved from /home/airflow/.local/lib/python3.12/site-packages/airflow/example_dags/example_skip_dag.py
[2025-12-30T23:50:36.762+0000] {logging_mixin.py:188} INFO - [2025-12-30T23:50:36.762+0000] {dag.py:3096} INFO - Sync 1 DAGs
[2025-12-30T23:50:36.775+0000] {logging_mixin.py:188} INFO - [2025-12-30T23:50:36.775+0000] {dag.py:3954} INFO - Setting next_dagrun for example_skip_dag to 2025-12-29 00:00:00+00:00, run_after=2025-12-30 00:00:00+00:00
[2025-12-30T23:50:36.786+0000] {processor.py:183} INFO - Processing /home/airflow/.local/lib/python3.12/site-packages/airflow/example_dags/example_skip_dag.py took 0.047 seconds
[2025-12-30T23:51:07.140+0000] {processor.py:161} INFO - Started process (PID=1026) to work on /home/airflow/.local/lib/python3.12/site-packages/airflow/example_dags/example_skip_dag.py
[2025-12-30T23:51:07.141+0000] {processor.py:830} INFO - Processing file /home/airflow/.local/lib/python3.12/site-packages/airflow/example_dags/example_skip_dag.py for tasks to queue
[2025-12-30T23:51:07.142+0000] {logging_mixin.py:188} INFO - [2025-12-30T23:51:07.142+0000] {dagbag.py:545} INFO - Filling up the DagBag from /home/airflow/.local/lib/python3.12/site-packages/airflow/example_dags/example_skip_dag.py
[2025-12-30T23:51:07.146+0000] {processor.py:840} INFO - DAG(s) 'example_skip_dag' retrieved from /home/airflow/.local/lib/python3.12/site-packages/airflow/example_dags/example_skip_dag.py
[2025-12-30T23:51:07.158+0000] {logging_mixin.py:188} INFO - [2025-12-30T23:51:07.158+0000] {dag.py:3096} INFO - Sync 1 DAGs
[2025-12-30T23:51:07.168+0000] {logging_mixin.py:188} INFO - [2025-12-30T23:51:07.168+0000] {dag.py:3954} INFO - Setting next_dagrun for example_skip_dag to 2025-12-29 00:00:00+00:00, run_after=2025-12-30 00:00:00+00:00
[2025-12-30T23:51:07.176+0000] {processor.py:183} INFO - Processing /home/airflow/.local/lib/python3.12/site-packages/airflow/example_dags/example_skip_dag.py took 0.039 seconds
[2025-12-30T23:51:37.256+0000] {processor.py:161} INFO - Started process (PID=1086) to work on /home/airflow/.local/lib/python3.12/site-packages/airflow/example_dags/example_skip_dag.py
[2025-12-30T23:51:37.257+0000] {processor.py:830} INFO - Processing file /home/airflow/.local/lib/python3.12/site-packages/airflow/example_dags/example_skip_dag.py for tasks to queue
[2025-12-30T23:51:37.258+0000] {logging_mixin.py:188} INFO - [2025-12-30T23:51:37.258+0000] {dagbag.py:545} INFO - Filling up the DagBag from /home/airflow/.local/lib/python3.12/site-packages/airflow/example_dags/example_skip_dag.py
[2025-12-30T23:51:37.261+0000] {processor.py:840} INFO - DAG(s) 'example_skip_dag' retrieved from /home/airflow/.local/lib/python3.12/site-packages/airflow/example_dags/example_skip_dag.py
[2025-12-30T23:51:37.271+0000] {logging_mixin.py:188} INFO - [2025-12-30T23:51:37.271+0000] {dag.py:3096} INFO - Sync 1 DAGs
[2025-12-30T23:51:37.282+0000] {logging_mixin.py:188} INFO - [2025-12-30T23:51:37.281+0000] {dag.py:3954} INFO - Setting next_dagrun for example_skip_dag to 2025-12-29 00:00:00+00:00, run_after=2025-12-30 00:00:00+00:00
[2025-12-30T23:51:37.292+0000] {processor.py:183} INFO - Processing /home/airflow/.local/lib/python3.12/site-packages/airflow/example_dags/example_skip_dag.py took 0.039 seconds
[2025-12-30T23:52:07.448+0000] {processor.py:161} INFO - Started process (PID=1146) to work on /home/airflow/.local/lib/python3.12/site-packages/airflow/example_dags/example_skip_dag.py
[2025-12-30T23:52:07.448+0000] {processor.py:830} INFO - Processing file /home/airflow/.local/lib/python3.12/site-packages/airflow/example_dags/example_skip_dag.py for tasks to queue
[2025-12-30T23:52:07.449+0000] {logging_mixin.py:188} INFO - [2025-12-30T23:52:07.449+0000] {dagbag.py:545} INFO - Filling up the DagBag from /home/airflow/.local/lib/python3.12/site-packages/airflow/example_dags/example_skip_dag.py
[2025-12-30T23:52:07.453+0000] {processor.py:840} INFO - DAG(s) 'example_skip_dag' retrieved from /home/airflow/.local/lib/python3.12/site-packages/airflow/example_dags/example_skip_dag.py
[2025-12-30T23:52:07.464+0000] {logging_mixin.py:188} INFO - [2025-12-30T23:52:07.464+0000] {dag.py:3096} INFO - Sync 1 DAGs
[2025-12-30T23:52:07.474+0000] {logging_mixin.py:188} INFO - [2025-12-30T23:52:07.474+0000] {dag.py:3954} INFO - Setting next_dagrun for example_skip_dag to 2025-12-29 00:00:00+00:00, run_after=2025-12-30 00:00:00+00:00
[2025-12-30T23:52:07.482+0000] {processor.py:183} INFO - Processing /home/airflow/.local/lib/python3.12/site-packages/airflow/example_dags/example_skip_dag.py took 0.037 seconds
[2025-12-30T23:52:37.785+0000] {processor.py:161} INFO - Started process (PID=1206) to work on /home/airflow/.local/lib/python3.12/site-packages/airflow/example_dags/example_skip_dag.py
[2025-12-30T23:52:37.786+0000] {processor.py:830} INFO - Processing file /home/airflow/.local/lib/python3.12/site-packages/airflow/example_dags/example_skip_dag.py for tasks to queue
[2025-12-30T23:52:37.787+0000] {logging_mixin.py:188} INFO - [2025-12-30T23:52:37.787+0000] {dagbag.py:545} INFO - Filling up the DagBag from /home/airflow/.local/lib/python3.12/site-packages/airflow/example_dags/example_skip_dag.py
[2025-12-30T23:52:37.790+0000] {processor.py:840} INFO - DAG(s) 'example_skip_dag' retrieved from /home/airflow/.local/lib/python3.12/site-packages/airflow/example_dags/example_skip_dag.py
[2025-12-30T23:52:37.801+0000] {logging_mixin.py:188} INFO - [2025-12-30T23:52:37.801+0000] {dag.py:3096} INFO - Sync 1 DAGs
[2025-12-30T23:52:37.812+0000] {logging_mixin.py:188} INFO - [2025-12-30T23:52:37.812+0000] {dag.py:3954} INFO - Setting next_dagrun for example_skip_dag to 2025-12-29 00:00:00+00:00, run_after=2025-12-30 00:00:00+00:00
[2025-12-30T23:52:37.820+0000] {processor.py:183} INFO - Processing /home/airflow/.local/lib/python3.12/site-packages/airflow/example_dags/example_skip_dag.py took 0.038 seconds
[2025-12-30T23:53:08.282+0000] {processor.py:161} INFO - Started process (PID=1266) to work on /home/airflow/.local/lib/python3.12/site-packages/airflow/example_dags/example_skip_dag.py
[2025-12-30T23:53:08.283+0000] {processor.py:830} INFO - Processing file /home/airflow/.local/lib/python3.12/site-packages/airflow/example_dags/example_skip_dag.py for tasks to queue
[2025-12-30T23:53:08.284+0000] {logging_mixin.py:188} INFO - [2025-12-30T23:53:08.284+0000] {dagbag.py:545} INFO - Filling up the DagBag from /home/airflow/.local/lib/python3.12/site-packages/airflow/example_dags/example_skip_dag.py
[2025-12-30T23:53:08.290+0000] {processor.py:840} INFO - DAG(s) 'example_skip_dag' retrieved from /home/airflow/.local/lib/python3.12/site-packages/airflow/example_dags/example_skip_dag.py
[2025-12-30T23:53:08.303+0000] {logging_mixin.py:188} INFO - [2025-12-30T23:53:08.302+0000] {dag.py:3096} INFO - Sync 1 DAGs
[2025-12-30T23:53:08.315+0000] {logging_mixin.py:188} INFO - [2025-12-30T23:53:08.315+0000] {dag.py:3954} INFO - Setting next_dagrun for example_skip_dag to 2025-12-29 00:00:00+00:00, run_after=2025-12-30 00:00:00+00:00
[2025-12-30T23:53:08.325+0000] {processor.py:183} INFO - Processing /home/airflow/.local/lib/python3.12/site-packages/airflow/example_dags/example_skip_dag.py took 0.047 seconds
[2025-12-30T23:53:38.834+0000] {processor.py:161} INFO - Started process (PID=1326) to work on /home/airflow/.local/lib/python3.12/site-packages/airflow/example_dags/example_skip_dag.py
[2025-12-30T23:53:38.834+0000] {processor.py:830} INFO - Processing file /home/airflow/.local/lib/python3.12/site-packages/airflow/example_dags/example_skip_dag.py for tasks to queue
[2025-12-30T23:53:38.835+0000] {logging_mixin.py:188} INFO - [2025-12-30T23:53:38.835+0000] {dagbag.py:545} INFO - Filling up the DagBag from /home/airflow/.local/lib/python3.12/site-packages/airflow/example_dags/example_skip_dag.py
[2025-12-30T23:53:38.838+0000] {processor.py:840} INFO - DAG(s) 'example_skip_dag' retrieved from /home/airflow/.local/lib/python3.12/site-packages/airflow/example_dags/example_skip_dag.py
[2025-12-30T23:53:38.848+0000] {logging_mixin.py:188} INFO - [2025-12-30T23:53:38.848+0000] {dag.py:3096} INFO - Sync 1 DAGs
[2025-12-30T23:53:38.858+0000] {logging_mixin.py:188} INFO - [2025-12-30T23:53:38.858+0000] {dag.py:3954} INFO - Setting next_dagrun for example_skip_dag to 2025-12-29 00:00:00+00:00, run_after=2025-12-30 00:00:00+00:00
[2025-12-30T23:53:38.866+0000] {processor.py:183} INFO - Processing /home/airflow/.local/lib/python3.12/site-packages/airflow/example_dags/example_skip_dag.py took 0.035 seconds
[2025-12-30T23:54:09.037+0000] {processor.py:161} INFO - Started process (PID=1386) to work on /home/airflow/.local/lib/python3.12/site-packages/airflow/example_dags/example_skip_dag.py
[2025-12-30T23:54:09.038+0000] {processor.py:830} INFO - Processing file /home/airflow/.local/lib/python3.12/site-packages/airflow/example_dags/example_skip_dag.py for tasks to queue
[2025-12-30T23:54:09.039+0000] {logging_mixin.py:188} INFO - [2025-12-30T23:54:09.039+0000] {dagbag.py:545} INFO - Filling up the DagBag from /home/airflow/.local/lib/python3.12/site-packages/airflow/example_dags/example_skip_dag.py
[2025-12-30T23:54:09.042+0000] {processor.py:840} INFO - DAG(s) 'example_skip_dag' retrieved from /home/airflow/.local/lib/python3.12/site-packages/airflow/example_dags/example_skip_dag.py
[2025-12-30T23:54:09.054+0000] {logging_mixin.py:188} INFO - [2025-12-30T23:54:09.054+0000] {dag.py:3096} INFO - Sync 1 DAGs
[2025-12-30T23:54:09.065+0000] {logging_mixin.py:188} INFO - [2025-12-30T23:54:09.064+0000] {dag.py:3954} INFO - Setting next_dagrun for example_skip_dag to 2025-12-29 00:00:00+00:00, run_after=2025-12-30 00:00:00+00:00
[2025-12-30T23:54:09.074+0000] {processor.py:183} INFO - Processing /home/airflow/.local/lib/python3.12/site-packages/airflow/example_dags/example_skip_dag.py took 0.039 seconds
[2025-12-30T23:54:39.436+0000] {processor.py:161} INFO - Started process (PID=1446) to work on /home/airflow/.local/lib/python3.12/site-packages/airflow/example_dags/example_skip_dag.py
[2025-12-30T23:54:39.436+0000] {processor.py:830} INFO - Processing file /home/airflow/.local/lib/python3.12/site-packages/airflow/example_dags/example_skip_dag.py for tasks to queue
[2025-12-30T23:54:39.437+0000] {logging_mixin.py:188} INFO - [2025-12-30T23:54:39.437+0000] {dagbag.py:545} INFO - Filling up the DagBag from /home/airflow/.local/lib/python3.12/site-packages/airflow/example_dags/example_skip_dag.py
[2025-12-30T23:54:39.440+0000] {processor.py:840} INFO - DAG(s) 'example_skip_dag' retrieved from /home/airflow/.local/lib/python3.12/site-packages/airflow/example_dags/example_skip_dag.py
[2025-12-30T23:54:39.455+0000] {logging_mixin.py:188} INFO - [2025-12-30T23:54:39.455+0000] {dag.py:3096} INFO - Sync 1 DAGs
[2025-12-30T23:54:39.466+0000] {logging_mixin.py:188} INFO - [2025-12-30T23:54:39.466+0000] {dag.py:3954} INFO - Setting next_dagrun for example_skip_dag to 2025-12-29 00:00:00+00:00, run_after=2025-12-30 00:00:00+00:00
[2025-12-30T23:54:39.474+0000] {processor.py:183} INFO - Processing /home/airflow/.local/lib/python3.12/site-packages/airflow/example_dags/example_skip_dag.py took 0.042 seconds
[2025-12-30T23:55:09.686+0000] {processor.py:161} INFO - Started process (PID=1506) to work on /home/airflow/.local/lib/python3.12/site-packages/airflow/example_dags/example_skip_dag.py
[2025-12-30T23:55:09.686+0000] {processor.py:830} INFO - Processing file /home/airflow/.local/lib/python3.12/site-packages/airflow/example_dags/example_skip_dag.py for tasks to queue
[2025-12-30T23:55:09.687+0000] {logging_mixin.py:188} INFO - [2025-12-30T23:55:09.687+0000] {dagbag.py:545} INFO - Filling up the DagBag from /home/airflow/.local/lib/python3.12/site-packages/airflow/example_dags/example_skip_dag.py
[2025-12-30T23:55:09.691+0000] {processor.py:840} INFO - DAG(s) 'example_skip_dag' retrieved from /home/airflow/.local/lib/python3.12/site-packages/airflow/example_dags/example_skip_dag.py
[2025-12-30T23:55:09.702+0000] {logging_mixin.py:188} INFO - [2025-12-30T23:55:09.702+0000] {dag.py:3096} INFO - Sync 1 DAGs
[2025-12-30T23:55:09.712+0000] {logging_mixin.py:188} INFO - [2025-12-30T23:55:09.712+0000] {dag.py:3954} INFO - Setting next_dagrun for example_skip_dag to 2025-12-29 00:00:00+00:00, run_after=2025-12-30 00:00:00+00:00
[2025-12-30T23:55:09.721+0000] {processor.py:183} INFO - Processing /home/airflow/.local/lib/python3.12/site-packages/airflow/example_dags/example_skip_dag.py took 0.038 seconds
[2025-12-30T23:55:40.005+0000] {processor.py:161} INFO - Started process (PID=1566) to work on /home/airflow/.local/lib/python3.12/site-packages/airflow/example_dags/example_skip_dag.py
[2025-12-30T23:55:40.005+0000] {processor.py:830} INFO - Processing file /home/airflow/.local/lib/python3.12/site-packages/airflow/example_dags/example_skip_dag.py for tasks to queue
[2025-12-30T23:55:40.007+0000] {logging_mixin.py:188} INFO - [2025-12-30T23:55:40.007+0000] {dagbag.py:545} INFO - Filling up the DagBag from /home/airflow/.local/lib/python3.12/site-packages/airflow/example_dags/example_skip_dag.py
[2025-12-30T23:55:40.011+0000] {processor.py:840} INFO - DAG(s) 'example_skip_dag' retrieved from /home/airflow/.local/lib/python3.12/site-packages/airflow/example_dags/example_skip_dag.py
[2025-12-30T23:55:40.022+0000] {logging_mixin.py:188} INFO - [2025-12-30T23:55:40.021+0000] {dag.py:3096} INFO - Sync 1 DAGs
[2025-12-30T23:55:40.032+0000] {logging_mixin.py:188} INFO - [2025-12-30T23:55:40.032+0000] {dag.py:3954} INFO - Setting next_dagrun for example_skip_dag to 2025-12-29 00:00:00+00:00, run_after=2025-12-30 00:00:00+00:00
[2025-12-30T23:55:40.040+0000] {processor.py:183} INFO - Processing /home/airflow/.local/lib/python3.12/site-packages/airflow/example_dags/example_skip_dag.py took 0.040 seconds
[2025-12-30T23:56:10.381+0000] {processor.py:161} INFO - Started process (PID=1626) to work on /home/airflow/.local/lib/python3.12/site-packages/airflow/example_dags/example_skip_dag.py
[2025-12-30T23:56:10.382+0000] {processor.py:830} INFO - Processing file /home/airflow/.local/lib/python3.12/site-packages/airflow/example_dags/example_skip_dag.py for tasks to queue
[2025-12-30T23:56:10.383+0000] {logging_mixin.py:188} INFO - [2025-12-30T23:56:10.383+0000] {dagbag.py:545} INFO - Filling up the DagBag from /home/airflow/.local/lib/python3.12/site-packages/airflow/example_dags/example_skip_dag.py
[2025-12-30T23:56:10.386+0000] {processor.py:840} INFO - DAG(s) 'example_skip_dag' retrieved from /home/airflow/.local/lib/python3.12/site-packages/airflow/example_dags/example_skip_dag.py
[2025-12-30T23:56:10.398+0000] {logging_mixin.py:188} INFO - [2025-12-30T23:56:10.398+0000] {dag.py:3096} INFO - Sync 1 DAGs
[2025-12-30T23:56:10.409+0000] {logging_mixin.py:188} INFO - [2025-12-30T23:56:10.409+0000] {dag.py:3954} INFO - Setting next_dagrun for example_skip_dag to 2025-12-29 00:00:00+00:00, run_after=2025-12-30 00:00:00+00:00
[2025-12-30T23:56:10.421+0000] {processor.py:183} INFO - Processing /home/airflow/.local/lib/python3.12/site-packages/airflow/example_dags/example_skip_dag.py took 0.043 seconds
[2025-12-30T23:56:40.748+0000] {processor.py:161} INFO - Started process (PID=1686) to work on /home/airflow/.local/lib/python3.12/site-packages/airflow/example_dags/example_skip_dag.py
[2025-12-30T23:56:40.748+0000] {processor.py:830} INFO - Processing file /home/airflow/.local/lib/python3.12/site-packages/airflow/example_dags/example_skip_dag.py for tasks to queue
[2025-12-30T23:56:40.749+0000] {logging_mixin.py:188} INFO - [2025-12-30T23:56:40.749+0000] {dagbag.py:545} INFO - Filling up the DagBag from /home/airflow/.local/lib/python3.12/site-packages/airflow/example_dags/example_skip_dag.py
[2025-12-30T23:56:40.753+0000] {processor.py:840} INFO - DAG(s) 'example_skip_dag' retrieved from /home/airflow/.local/lib/python3.12/site-packages/airflow/example_dags/example_skip_dag.py
[2025-12-30T23:56:40.763+0000] {logging_mixin.py:188} INFO - [2025-12-30T23:56:40.763+0000] {dag.py:3096} INFO - Sync 1 DAGs
[2025-12-30T23:56:40.773+0000] {logging_mixin.py:188} INFO - [2025-12-30T23:56:40.773+0000] {dag.py:3954} INFO - Setting next_dagrun for example_skip_dag to 2025-12-29 00:00:00+00:00, run_after=2025-12-30 00:00:00+00:00
[2025-12-30T23:56:40.780+0000] {processor.py:183} INFO - Processing /home/airflow/.local/lib/python3.12/site-packages/airflow/example_dags/example_skip_dag.py took 0.035 seconds
[2025-12-30T23:57:11.221+0000] {processor.py:161} INFO - Started process (PID=1746) to work on /home/airflow/.local/lib/python3.12/site-packages/airflow/example_dags/example_skip_dag.py
[2025-12-30T23:57:11.221+0000] {processor.py:830} INFO - Processing file /home/airflow/.local/lib/python3.12/site-packages/airflow/example_dags/example_skip_dag.py for tasks to queue
[2025-12-30T23:57:11.222+0000] {logging_mixin.py:188} INFO - [2025-12-30T23:57:11.222+0000] {dagbag.py:545} INFO - Filling up the DagBag from /home/airflow/.local/lib/python3.12/site-packages/airflow/example_dags/example_skip_dag.py
[2025-12-30T23:57:11.226+0000] {processor.py:840} INFO - DAG(s) 'example_skip_dag' retrieved from /home/airflow/.local/lib/python3.12/site-packages/airflow/example_dags/example_skip_dag.py
[2025-12-30T23:57:11.245+0000] {logging_mixin.py:188} INFO - [2025-12-30T23:57:11.245+0000] {dag.py:3096} INFO - Sync 1 DAGs
[2025-12-30T23:57:11.262+0000] {logging_mixin.py:188} INFO - [2025-12-30T23:57:11.262+0000] {dag.py:3954} INFO - Setting next_dagrun for example_skip_dag to 2025-12-29 00:00:00+00:00, run_after=2025-12-30 00:00:00+00:00
[2025-12-30T23:57:11.272+0000] {processor.py:183} INFO - Processing /home/airflow/.local/lib/python3.12/site-packages/airflow/example_dags/example_skip_dag.py took 0.055 seconds
[2025-12-30T23:57:42.352+0000] {processor.py:161} INFO - Started process (PID=1806) to work on /home/airflow/.local/lib/python3.12/site-packages/airflow/example_dags/example_skip_dag.py
[2025-12-30T23:57:42.353+0000] {processor.py:830} INFO - Processing file /home/airflow/.local/lib/python3.12/site-packages/airflow/example_dags/example_skip_dag.py for tasks to queue
[2025-12-30T23:57:42.354+0000] {logging_mixin.py:188} INFO - [2025-12-30T23:57:42.354+0000] {dagbag.py:545} INFO - Filling up the DagBag from /home/airflow/.local/lib/python3.12/site-packages/airflow/example_dags/example_skip_dag.py
[2025-12-30T23:57:42.357+0000] {processor.py:840} INFO - DAG(s) 'example_skip_dag' retrieved from /home/airflow/.local/lib/python3.12/site-packages/airflow/example_dags/example_skip_dag.py
[2025-12-30T23:57:42.372+0000] {logging_mixin.py:188} INFO - [2025-12-30T23:57:42.372+0000] {dag.py:3096} INFO - Sync 1 DAGs
[2025-12-30T23:57:42.383+0000] {logging_mixin.py:188} INFO - [2025-12-30T23:57:42.383+0000] {dag.py:3954} INFO - Setting next_dagrun for example_skip_dag to 2025-12-29 00:00:00+00:00, run_after=2025-12-30 00:00:00+00:00
[2025-12-30T23:57:42.393+0000] {processor.py:183} INFO - Processing /home/airflow/.local/lib/python3.12/site-packages/airflow/example_dags/example_skip_dag.py took 0.045 seconds
[2025-12-30T23:58:13.240+0000] {processor.py:161} INFO - Started process (PID=1866) to work on /home/airflow/.local/lib/python3.12/site-packages/airflow/example_dags/example_skip_dag.py
[2025-12-30T23:58:13.241+0000] {processor.py:830} INFO - Processing file /home/airflow/.local/lib/python3.12/site-packages/airflow/example_dags/example_skip_dag.py for tasks to queue
[2025-12-30T23:58:13.242+0000] {logging_mixin.py:188} INFO - [2025-12-30T23:58:13.242+0000] {dagbag.py:545} INFO - Filling up the DagBag from /home/airflow/.local/lib/python3.12/site-packages/airflow/example_dags/example_skip_dag.py
[2025-12-30T23:58:13.245+0000] {processor.py:840} INFO - DAG(s) 'example_skip_dag' retrieved from /home/airflow/.local/lib/python3.12/site-packages/airflow/example_dags/example_skip_dag.py
[2025-12-30T23:58:13.256+0000] {logging_mixin.py:188} INFO - [2025-12-30T23:58:13.256+0000] {dag.py:3096} INFO - Sync 1 DAGs
[2025-12-30T23:58:13.267+0000] {logging_mixin.py:188} INFO - [2025-12-30T23:58:13.267+0000] {dag.py:3954} INFO - Setting next_dagrun for example_skip_dag to 2025-12-29 00:00:00+00:00, run_after=2025-12-30 00:00:00+00:00
[2025-12-30T23:58:13.374+0000] {processor.py:183} INFO - Processing /home/airflow/.local/lib/python3.12/site-packages/airflow/example_dags/example_skip_dag.py took 0.137 seconds
[2025-12-30T23:58:43.927+0000] {processor.py:161} INFO - Started process (PID=1926) to work on /home/airflow/.local/lib/python3.12/site-packages/airflow/example_dags/example_skip_dag.py
[2025-12-30T23:58:43.927+0000] {processor.py:830} INFO - Processing file /home/airflow/.local/lib/python3.12/site-packages/airflow/example_dags/example_skip_dag.py for tasks to queue
[2025-12-30T23:58:43.928+0000] {logging_mixin.py:188} INFO - [2025-12-30T23:58:43.928+0000] {dagbag.py:545} INFO - Filling up the DagBag from /home/airflow/.local/lib/python3.12/site-packages/airflow/example_dags/example_skip_dag.py
[2025-12-30T23:58:43.932+0000] {processor.py:840} INFO - DAG(s) 'example_skip_dag' retrieved from /home/airflow/.local/lib/python3.12/site-packages/airflow/example_dags/example_skip_dag.py
[2025-12-30T23:58:43.941+0000] {logging_mixin.py:188} INFO - [2025-12-30T23:58:43.941+0000] {dag.py:3096} INFO - Sync 1 DAGs
[2025-12-30T23:58:43.951+0000] {logging_mixin.py:188} INFO - [2025-12-30T23:58:43.951+0000] {dag.py:3954} INFO - Setting next_dagrun for example_skip_dag to 2025-12-29 00:00:00+00:00, run_after=2025-12-30 00:00:00+00:00
[2025-12-30T23:58:44.068+0000] {processor.py:183} INFO - Processing /home/airflow/.local/lib/python3.12/site-packages/airflow/example_dags/example_skip_dag.py took 0.145 seconds
[2025-12-30T23:59:14.986+0000] {processor.py:161} INFO - Started process (PID=1986) to work on /home/airflow/.local/lib/python3.12/site-packages/airflow/example_dags/example_skip_dag.py
[2025-12-30T23:59:14.987+0000] {processor.py:830} INFO - Processing file /home/airflow/.local/lib/python3.12/site-packages/airflow/example_dags/example_skip_dag.py for tasks to queue
[2025-12-30T23:59:14.989+0000] {logging_mixin.py:188} INFO - [2025-12-30T23:59:14.989+0000] {dagbag.py:545} INFO - Filling up the DagBag from /home/airflow/.local/lib/python3.12/site-packages/airflow/example_dags/example_skip_dag.py
[2025-12-30T23:59:14.996+0000] {processor.py:840} INFO - DAG(s) 'example_skip_dag' retrieved from /home/airflow/.local/lib/python3.12/site-packages/airflow/example_dags/example_skip_dag.py
[2025-12-30T23:59:15.012+0000] {logging_mixin.py:188} INFO - [2025-12-30T23:59:15.012+0000] {dag.py:3096} INFO - Sync 1 DAGs
[2025-12-30T23:59:15.024+0000] {logging_mixin.py:188} INFO - [2025-12-30T23:59:15.024+0000] {dag.py:3954} INFO - Setting next_dagrun for example_skip_dag to 2025-12-29 00:00:00+00:00, run_after=2025-12-30 00:00:00+00:00
[2025-12-30T23:59:15.038+0000] {processor.py:183} INFO - Processing /home/airflow/.local/lib/python3.12/site-packages/airflow/example_dags/example_skip_dag.py took 0.059 seconds
[2025-12-30T23:59:45.710+0000] {processor.py:161} INFO - Started process (PID=2046) to work on /home/airflow/.local/lib/python3.12/site-packages/airflow/example_dags/example_skip_dag.py
[2025-12-30T23:59:45.710+0000] {processor.py:830} INFO - Processing file /home/airflow/.local/lib/python3.12/site-packages/airflow/example_dags/example_skip_dag.py for tasks to queue
[2025-12-30T23:59:45.712+0000] {logging_mixin.py:188} INFO - [2025-12-30T23:59:45.712+0000] {dagbag.py:545} INFO - Filling up the DagBag from /home/airflow/.local/lib/python3.12/site-packages/airflow/example_dags/example_skip_dag.py
[2025-12-30T23:59:45.717+0000] {processor.py:840} INFO - DAG(s) 'example_skip_dag' retrieved from /home/airflow/.local/lib/python3.12/site-packages/airflow/example_dags/example_skip_dag.py
[2025-12-30T23:59:45.730+0000] {logging_mixin.py:188} INFO - [2025-12-30T23:59:45.730+0000] {dag.py:3096} INFO - Sync 1 DAGs
[2025-12-30T23:59:45.741+0000] {logging_mixin.py:188} INFO - [2025-12-30T23:59:45.741+0000] {dag.py:3954} INFO - Setting next_dagrun for example_skip_dag to 2025-12-29 00:00:00+00:00, run_after=2025-12-30 00:00:00+00:00
[2025-12-30T23:59:45.749+0000] {processor.py:183} INFO - Processing /home/airflow/.local/lib/python3.12/site-packages/airflow/example_dags/example_skip_dag.py took 0.045 seconds
