[2025-12-30T23:33:49.813+0000] {processor.py:161} INFO - Started process (PID=46) to work on /home/airflow/.local/lib/python3.12/site-packages/airflow/example_dags/example_nested_branch_dag.py
[2025-12-30T23:33:49.818+0000] {processor.py:830} INFO - Processing file /home/airflow/.local/lib/python3.12/site-packages/airflow/example_dags/example_nested_branch_dag.py for tasks to queue
[2025-12-30T23:33:49.823+0000] {logging_mixin.py:188} INFO - [2025-12-30T23:33:49.823+0000] {dagbag.py:545} INFO - Filling up the DagBag from /home/airflow/.local/lib/python3.12/site-packages/airflow/example_dags/example_nested_branch_dag.py
[2025-12-30T23:33:49.834+0000] {processor.py:840} INFO - DAG(s) 'example_nested_branch_dag' retrieved from /home/airflow/.local/lib/python3.12/site-packages/airflow/example_dags/example_nested_branch_dag.py
[2025-12-30T23:33:49.853+0000] {logging_mixin.py:188} INFO - [2025-12-30T23:33:49.853+0000] {dag.py:3096} INFO - Sync 1 DAGs
[2025-12-30T23:33:49.880+0000] {logging_mixin.py:188} INFO - [2025-12-30T23:33:49.880+0000] {dag.py:3954} INFO - Setting next_dagrun for example_nested_branch_dag to 2025-12-29 00:00:00+00:00, run_after=2025-12-30 00:00:00+00:00
[2025-12-30T23:33:49.898+0000] {processor.py:183} INFO - Processing /home/airflow/.local/lib/python3.12/site-packages/airflow/example_dags/example_nested_branch_dag.py took 0.096 seconds
[2025-12-30T23:34:20.330+0000] {processor.py:161} INFO - Started process (PID=105) to work on /home/airflow/.local/lib/python3.12/site-packages/airflow/example_dags/example_nested_branch_dag.py
[2025-12-30T23:34:20.331+0000] {processor.py:830} INFO - Processing file /home/airflow/.local/lib/python3.12/site-packages/airflow/example_dags/example_nested_branch_dag.py for tasks to queue
[2025-12-30T23:34:20.332+0000] {logging_mixin.py:188} INFO - [2025-12-30T23:34:20.332+0000] {dagbag.py:545} INFO - Filling up the DagBag from /home/airflow/.local/lib/python3.12/site-packages/airflow/example_dags/example_nested_branch_dag.py
[2025-12-30T23:34:20.340+0000] {processor.py:840} INFO - DAG(s) 'example_nested_branch_dag' retrieved from /home/airflow/.local/lib/python3.12/site-packages/airflow/example_dags/example_nested_branch_dag.py
[2025-12-30T23:34:20.469+0000] {logging_mixin.py:188} INFO - [2025-12-30T23:34:20.467+0000] {dag.py:3096} INFO - Sync 1 DAGs
[2025-12-30T23:34:20.496+0000] {logging_mixin.py:188} INFO - [2025-12-30T23:34:20.495+0000] {dag.py:3954} INFO - Setting next_dagrun for example_nested_branch_dag to 2025-12-29 00:00:00+00:00, run_after=2025-12-30 00:00:00+00:00
[2025-12-30T23:34:20.528+0000] {processor.py:183} INFO - Processing /home/airflow/.local/lib/python3.12/site-packages/airflow/example_dags/example_nested_branch_dag.py took 0.200 seconds
[2025-12-30T23:34:51.131+0000] {processor.py:161} INFO - Started process (PID=164) to work on /home/airflow/.local/lib/python3.12/site-packages/airflow/example_dags/example_nested_branch_dag.py
[2025-12-30T23:34:51.132+0000] {processor.py:830} INFO - Processing file /home/airflow/.local/lib/python3.12/site-packages/airflow/example_dags/example_nested_branch_dag.py for tasks to queue
[2025-12-30T23:34:51.133+0000] {logging_mixin.py:188} INFO - [2025-12-30T23:34:51.133+0000] {dagbag.py:545} INFO - Filling up the DagBag from /home/airflow/.local/lib/python3.12/site-packages/airflow/example_dags/example_nested_branch_dag.py
[2025-12-30T23:34:51.139+0000] {processor.py:840} INFO - DAG(s) 'example_nested_branch_dag' retrieved from /home/airflow/.local/lib/python3.12/site-packages/airflow/example_dags/example_nested_branch_dag.py
[2025-12-30T23:34:51.150+0000] {logging_mixin.py:188} INFO - [2025-12-30T23:34:51.150+0000] {dag.py:3096} INFO - Sync 1 DAGs
[2025-12-30T23:34:51.162+0000] {logging_mixin.py:188} INFO - [2025-12-30T23:34:51.161+0000] {dag.py:3954} INFO - Setting next_dagrun for example_nested_branch_dag to 2025-12-29 00:00:00+00:00, run_after=2025-12-30 00:00:00+00:00
[2025-12-30T23:34:51.172+0000] {processor.py:183} INFO - Processing /home/airflow/.local/lib/python3.12/site-packages/airflow/example_dags/example_nested_branch_dag.py took 0.044 seconds
[2025-12-30T23:35:21.593+0000] {processor.py:161} INFO - Started process (PID=223) to work on /home/airflow/.local/lib/python3.12/site-packages/airflow/example_dags/example_nested_branch_dag.py
[2025-12-30T23:35:21.593+0000] {processor.py:830} INFO - Processing file /home/airflow/.local/lib/python3.12/site-packages/airflow/example_dags/example_nested_branch_dag.py for tasks to queue
[2025-12-30T23:35:21.594+0000] {logging_mixin.py:188} INFO - [2025-12-30T23:35:21.594+0000] {dagbag.py:545} INFO - Filling up the DagBag from /home/airflow/.local/lib/python3.12/site-packages/airflow/example_dags/example_nested_branch_dag.py
[2025-12-30T23:35:21.601+0000] {processor.py:840} INFO - DAG(s) 'example_nested_branch_dag' retrieved from /home/airflow/.local/lib/python3.12/site-packages/airflow/example_dags/example_nested_branch_dag.py
[2025-12-30T23:35:21.615+0000] {logging_mixin.py:188} INFO - [2025-12-30T23:35:21.615+0000] {dag.py:3096} INFO - Sync 1 DAGs
[2025-12-30T23:35:21.688+0000] {logging_mixin.py:188} INFO - [2025-12-30T23:35:21.688+0000] {dag.py:3954} INFO - Setting next_dagrun for example_nested_branch_dag to 2025-12-29 00:00:00+00:00, run_after=2025-12-30 00:00:00+00:00
[2025-12-30T23:35:21.704+0000] {processor.py:183} INFO - Processing /home/airflow/.local/lib/python3.12/site-packages/airflow/example_dags/example_nested_branch_dag.py took 0.114 seconds
[2025-12-30T23:35:51.729+0000] {processor.py:161} INFO - Started process (PID=282) to work on /home/airflow/.local/lib/python3.12/site-packages/airflow/example_dags/example_nested_branch_dag.py
[2025-12-30T23:35:51.730+0000] {processor.py:830} INFO - Processing file /home/airflow/.local/lib/python3.12/site-packages/airflow/example_dags/example_nested_branch_dag.py for tasks to queue
[2025-12-30T23:35:51.731+0000] {logging_mixin.py:188} INFO - [2025-12-30T23:35:51.731+0000] {dagbag.py:545} INFO - Filling up the DagBag from /home/airflow/.local/lib/python3.12/site-packages/airflow/example_dags/example_nested_branch_dag.py
[2025-12-30T23:35:51.737+0000] {processor.py:840} INFO - DAG(s) 'example_nested_branch_dag' retrieved from /home/airflow/.local/lib/python3.12/site-packages/airflow/example_dags/example_nested_branch_dag.py
[2025-12-30T23:35:51.751+0000] {logging_mixin.py:188} INFO - [2025-12-30T23:35:51.751+0000] {dag.py:3096} INFO - Sync 1 DAGs
[2025-12-30T23:35:51.762+0000] {logging_mixin.py:188} INFO - [2025-12-30T23:35:51.761+0000] {dag.py:3954} INFO - Setting next_dagrun for example_nested_branch_dag to 2025-12-29 00:00:00+00:00, run_after=2025-12-30 00:00:00+00:00
[2025-12-30T23:35:51.769+0000] {processor.py:183} INFO - Processing /home/airflow/.local/lib/python3.12/site-packages/airflow/example_dags/example_nested_branch_dag.py took 0.043 seconds
[2025-12-30T23:36:21.885+0000] {processor.py:161} INFO - Started process (PID=341) to work on /home/airflow/.local/lib/python3.12/site-packages/airflow/example_dags/example_nested_branch_dag.py
[2025-12-30T23:36:21.886+0000] {processor.py:830} INFO - Processing file /home/airflow/.local/lib/python3.12/site-packages/airflow/example_dags/example_nested_branch_dag.py for tasks to queue
[2025-12-30T23:36:21.887+0000] {logging_mixin.py:188} INFO - [2025-12-30T23:36:21.886+0000] {dagbag.py:545} INFO - Filling up the DagBag from /home/airflow/.local/lib/python3.12/site-packages/airflow/example_dags/example_nested_branch_dag.py
[2025-12-30T23:36:21.893+0000] {processor.py:840} INFO - DAG(s) 'example_nested_branch_dag' retrieved from /home/airflow/.local/lib/python3.12/site-packages/airflow/example_dags/example_nested_branch_dag.py
[2025-12-30T23:36:21.914+0000] {logging_mixin.py:188} INFO - [2025-12-30T23:36:21.914+0000] {dag.py:3096} INFO - Sync 1 DAGs
[2025-12-30T23:36:21.925+0000] {logging_mixin.py:188} INFO - [2025-12-30T23:36:21.925+0000] {dag.py:3954} INFO - Setting next_dagrun for example_nested_branch_dag to 2025-12-29 00:00:00+00:00, run_after=2025-12-30 00:00:00+00:00
[2025-12-30T23:36:21.940+0000] {processor.py:183} INFO - Processing /home/airflow/.local/lib/python3.12/site-packages/airflow/example_dags/example_nested_branch_dag.py took 0.058 seconds
[2025-12-30T23:36:52.398+0000] {processor.py:161} INFO - Started process (PID=400) to work on /home/airflow/.local/lib/python3.12/site-packages/airflow/example_dags/example_nested_branch_dag.py
[2025-12-30T23:36:52.399+0000] {processor.py:830} INFO - Processing file /home/airflow/.local/lib/python3.12/site-packages/airflow/example_dags/example_nested_branch_dag.py for tasks to queue
[2025-12-30T23:36:52.400+0000] {logging_mixin.py:188} INFO - [2025-12-30T23:36:52.400+0000] {dagbag.py:545} INFO - Filling up the DagBag from /home/airflow/.local/lib/python3.12/site-packages/airflow/example_dags/example_nested_branch_dag.py
[2025-12-30T23:36:52.405+0000] {processor.py:840} INFO - DAG(s) 'example_nested_branch_dag' retrieved from /home/airflow/.local/lib/python3.12/site-packages/airflow/example_dags/example_nested_branch_dag.py
[2025-12-30T23:36:52.416+0000] {logging_mixin.py:188} INFO - [2025-12-30T23:36:52.416+0000] {dag.py:3096} INFO - Sync 1 DAGs
[2025-12-30T23:36:52.428+0000] {logging_mixin.py:188} INFO - [2025-12-30T23:36:52.427+0000] {dag.py:3954} INFO - Setting next_dagrun for example_nested_branch_dag to 2025-12-29 00:00:00+00:00, run_after=2025-12-30 00:00:00+00:00
[2025-12-30T23:36:52.436+0000] {processor.py:183} INFO - Processing /home/airflow/.local/lib/python3.12/site-packages/airflow/example_dags/example_nested_branch_dag.py took 0.042 seconds
[2025-12-30T23:37:22.674+0000] {processor.py:161} INFO - Started process (PID=465) to work on /home/airflow/.local/lib/python3.12/site-packages/airflow/example_dags/example_nested_branch_dag.py
[2025-12-30T23:37:22.674+0000] {processor.py:830} INFO - Processing file /home/airflow/.local/lib/python3.12/site-packages/airflow/example_dags/example_nested_branch_dag.py for tasks to queue
[2025-12-30T23:37:22.675+0000] {logging_mixin.py:188} INFO - [2025-12-30T23:37:22.675+0000] {dagbag.py:545} INFO - Filling up the DagBag from /home/airflow/.local/lib/python3.12/site-packages/airflow/example_dags/example_nested_branch_dag.py
[2025-12-30T23:37:22.682+0000] {processor.py:840} INFO - DAG(s) 'example_nested_branch_dag' retrieved from /home/airflow/.local/lib/python3.12/site-packages/airflow/example_dags/example_nested_branch_dag.py
[2025-12-30T23:37:22.698+0000] {logging_mixin.py:188} INFO - [2025-12-30T23:37:22.697+0000] {dag.py:3096} INFO - Sync 1 DAGs
[2025-12-30T23:37:22.709+0000] {logging_mixin.py:188} INFO - [2025-12-30T23:37:22.709+0000] {dag.py:3954} INFO - Setting next_dagrun for example_nested_branch_dag to 2025-12-29 00:00:00+00:00, run_after=2025-12-30 00:00:00+00:00
[2025-12-30T23:37:22.718+0000] {processor.py:183} INFO - Processing /home/airflow/.local/lib/python3.12/site-packages/airflow/example_dags/example_nested_branch_dag.py took 0.047 seconds
[2025-12-30T23:37:53.124+0000] {processor.py:161} INFO - Started process (PID=524) to work on /home/airflow/.local/lib/python3.12/site-packages/airflow/example_dags/example_nested_branch_dag.py
[2025-12-30T23:37:53.125+0000] {processor.py:830} INFO - Processing file /home/airflow/.local/lib/python3.12/site-packages/airflow/example_dags/example_nested_branch_dag.py for tasks to queue
[2025-12-30T23:37:53.126+0000] {logging_mixin.py:188} INFO - [2025-12-30T23:37:53.126+0000] {dagbag.py:545} INFO - Filling up the DagBag from /home/airflow/.local/lib/python3.12/site-packages/airflow/example_dags/example_nested_branch_dag.py
[2025-12-30T23:37:53.132+0000] {processor.py:840} INFO - DAG(s) 'example_nested_branch_dag' retrieved from /home/airflow/.local/lib/python3.12/site-packages/airflow/example_dags/example_nested_branch_dag.py
[2025-12-30T23:37:53.143+0000] {logging_mixin.py:188} INFO - [2025-12-30T23:37:53.142+0000] {dag.py:3096} INFO - Sync 1 DAGs
[2025-12-30T23:37:53.152+0000] {logging_mixin.py:188} INFO - [2025-12-30T23:37:53.152+0000] {dag.py:3954} INFO - Setting next_dagrun for example_nested_branch_dag to 2025-12-29 00:00:00+00:00, run_after=2025-12-30 00:00:00+00:00
[2025-12-30T23:37:53.160+0000] {processor.py:183} INFO - Processing /home/airflow/.local/lib/python3.12/site-packages/airflow/example_dags/example_nested_branch_dag.py took 0.039 seconds
[2025-12-30T23:38:23.484+0000] {processor.py:161} INFO - Started process (PID=583) to work on /home/airflow/.local/lib/python3.12/site-packages/airflow/example_dags/example_nested_branch_dag.py
[2025-12-30T23:38:23.485+0000] {processor.py:830} INFO - Processing file /home/airflow/.local/lib/python3.12/site-packages/airflow/example_dags/example_nested_branch_dag.py for tasks to queue
[2025-12-30T23:38:23.488+0000] {logging_mixin.py:188} INFO - [2025-12-30T23:38:23.488+0000] {dagbag.py:545} INFO - Filling up the DagBag from /home/airflow/.local/lib/python3.12/site-packages/airflow/example_dags/example_nested_branch_dag.py
[2025-12-30T23:38:23.502+0000] {processor.py:840} INFO - DAG(s) 'example_nested_branch_dag' retrieved from /home/airflow/.local/lib/python3.12/site-packages/airflow/example_dags/example_nested_branch_dag.py
[2025-12-30T23:38:23.527+0000] {logging_mixin.py:188} INFO - [2025-12-30T23:38:23.527+0000] {dag.py:3096} INFO - Sync 1 DAGs
[2025-12-30T23:38:23.556+0000] {logging_mixin.py:188} INFO - [2025-12-30T23:38:23.556+0000] {dag.py:3954} INFO - Setting next_dagrun for example_nested_branch_dag to 2025-12-29 00:00:00+00:00, run_after=2025-12-30 00:00:00+00:00
[2025-12-30T23:38:23.567+0000] {processor.py:183} INFO - Processing /home/airflow/.local/lib/python3.12/site-packages/airflow/example_dags/example_nested_branch_dag.py took 0.091 seconds
[2025-12-30T23:38:53.982+0000] {processor.py:161} INFO - Started process (PID=642) to work on /home/airflow/.local/lib/python3.12/site-packages/airflow/example_dags/example_nested_branch_dag.py
[2025-12-30T23:38:53.982+0000] {processor.py:830} INFO - Processing file /home/airflow/.local/lib/python3.12/site-packages/airflow/example_dags/example_nested_branch_dag.py for tasks to queue
[2025-12-30T23:38:53.983+0000] {logging_mixin.py:188} INFO - [2025-12-30T23:38:53.983+0000] {dagbag.py:545} INFO - Filling up the DagBag from /home/airflow/.local/lib/python3.12/site-packages/airflow/example_dags/example_nested_branch_dag.py
[2025-12-30T23:38:53.989+0000] {processor.py:840} INFO - DAG(s) 'example_nested_branch_dag' retrieved from /home/airflow/.local/lib/python3.12/site-packages/airflow/example_dags/example_nested_branch_dag.py
[2025-12-30T23:38:54.000+0000] {logging_mixin.py:188} INFO - [2025-12-30T23:38:54.000+0000] {dag.py:3096} INFO - Sync 1 DAGs
[2025-12-30T23:38:54.010+0000] {logging_mixin.py:188} INFO - [2025-12-30T23:38:54.010+0000] {dag.py:3954} INFO - Setting next_dagrun for example_nested_branch_dag to 2025-12-29 00:00:00+00:00, run_after=2025-12-30 00:00:00+00:00
[2025-12-30T23:38:54.019+0000] {processor.py:183} INFO - Processing /home/airflow/.local/lib/python3.12/site-packages/airflow/example_dags/example_nested_branch_dag.py took 0.040 seconds
[2025-12-30T23:39:24.410+0000] {processor.py:161} INFO - Started process (PID=701) to work on /home/airflow/.local/lib/python3.12/site-packages/airflow/example_dags/example_nested_branch_dag.py
[2025-12-30T23:39:24.410+0000] {processor.py:830} INFO - Processing file /home/airflow/.local/lib/python3.12/site-packages/airflow/example_dags/example_nested_branch_dag.py for tasks to queue
[2025-12-30T23:39:24.411+0000] {logging_mixin.py:188} INFO - [2025-12-30T23:39:24.411+0000] {dagbag.py:545} INFO - Filling up the DagBag from /home/airflow/.local/lib/python3.12/site-packages/airflow/example_dags/example_nested_branch_dag.py
[2025-12-30T23:39:24.417+0000] {processor.py:840} INFO - DAG(s) 'example_nested_branch_dag' retrieved from /home/airflow/.local/lib/python3.12/site-packages/airflow/example_dags/example_nested_branch_dag.py
[2025-12-30T23:39:24.429+0000] {logging_mixin.py:188} INFO - [2025-12-30T23:39:24.429+0000] {dag.py:3096} INFO - Sync 1 DAGs
[2025-12-30T23:39:24.440+0000] {logging_mixin.py:188} INFO - [2025-12-30T23:39:24.440+0000] {dag.py:3954} INFO - Setting next_dagrun for example_nested_branch_dag to 2025-12-29 00:00:00+00:00, run_after=2025-12-30 00:00:00+00:00
[2025-12-30T23:39:24.450+0000] {processor.py:183} INFO - Processing /home/airflow/.local/lib/python3.12/site-packages/airflow/example_dags/example_nested_branch_dag.py took 0.043 seconds
[2025-12-30T23:39:54.805+0000] {processor.py:161} INFO - Started process (PID=760) to work on /home/airflow/.local/lib/python3.12/site-packages/airflow/example_dags/example_nested_branch_dag.py
[2025-12-30T23:39:54.806+0000] {processor.py:830} INFO - Processing file /home/airflow/.local/lib/python3.12/site-packages/airflow/example_dags/example_nested_branch_dag.py for tasks to queue
[2025-12-30T23:39:54.806+0000] {logging_mixin.py:188} INFO - [2025-12-30T23:39:54.806+0000] {dagbag.py:545} INFO - Filling up the DagBag from /home/airflow/.local/lib/python3.12/site-packages/airflow/example_dags/example_nested_branch_dag.py
[2025-12-30T23:39:54.812+0000] {processor.py:840} INFO - DAG(s) 'example_nested_branch_dag' retrieved from /home/airflow/.local/lib/python3.12/site-packages/airflow/example_dags/example_nested_branch_dag.py
[2025-12-30T23:39:54.825+0000] {logging_mixin.py:188} INFO - [2025-12-30T23:39:54.825+0000] {dag.py:3096} INFO - Sync 1 DAGs
[2025-12-30T23:39:54.835+0000] {logging_mixin.py:188} INFO - [2025-12-30T23:39:54.835+0000] {dag.py:3954} INFO - Setting next_dagrun for example_nested_branch_dag to 2025-12-29 00:00:00+00:00, run_after=2025-12-30 00:00:00+00:00
[2025-12-30T23:39:54.844+0000] {processor.py:183} INFO - Processing /home/airflow/.local/lib/python3.12/site-packages/airflow/example_dags/example_nested_branch_dag.py took 0.042 seconds
[2025-12-30T23:40:25.007+0000] {processor.py:161} INFO - Started process (PID=819) to work on /home/airflow/.local/lib/python3.12/site-packages/airflow/example_dags/example_nested_branch_dag.py
[2025-12-30T23:40:25.008+0000] {processor.py:830} INFO - Processing file /home/airflow/.local/lib/python3.12/site-packages/airflow/example_dags/example_nested_branch_dag.py for tasks to queue
[2025-12-30T23:40:25.010+0000] {logging_mixin.py:188} INFO - [2025-12-30T23:40:25.009+0000] {dagbag.py:545} INFO - Filling up the DagBag from /home/airflow/.local/lib/python3.12/site-packages/airflow/example_dags/example_nested_branch_dag.py
[2025-12-30T23:40:25.015+0000] {processor.py:840} INFO - DAG(s) 'example_nested_branch_dag' retrieved from /home/airflow/.local/lib/python3.12/site-packages/airflow/example_dags/example_nested_branch_dag.py
[2025-12-30T23:40:25.026+0000] {logging_mixin.py:188} INFO - [2025-12-30T23:40:25.026+0000] {dag.py:3096} INFO - Sync 1 DAGs
[2025-12-30T23:40:25.036+0000] {logging_mixin.py:188} INFO - [2025-12-30T23:40:25.036+0000] {dag.py:3954} INFO - Setting next_dagrun for example_nested_branch_dag to 2025-12-29 00:00:00+00:00, run_after=2025-12-30 00:00:00+00:00
[2025-12-30T23:40:25.044+0000] {processor.py:183} INFO - Processing /home/airflow/.local/lib/python3.12/site-packages/airflow/example_dags/example_nested_branch_dag.py took 0.040 seconds
[2025-12-30T23:40:55.284+0000] {processor.py:161} INFO - Started process (PID=879) to work on /home/airflow/.local/lib/python3.12/site-packages/airflow/example_dags/example_nested_branch_dag.py
[2025-12-30T23:40:55.284+0000] {processor.py:830} INFO - Processing file /home/airflow/.local/lib/python3.12/site-packages/airflow/example_dags/example_nested_branch_dag.py for tasks to queue
[2025-12-30T23:40:55.286+0000] {logging_mixin.py:188} INFO - [2025-12-30T23:40:55.285+0000] {dagbag.py:545} INFO - Filling up the DagBag from /home/airflow/.local/lib/python3.12/site-packages/airflow/example_dags/example_nested_branch_dag.py
[2025-12-30T23:40:55.293+0000] {processor.py:840} INFO - DAG(s) 'example_nested_branch_dag' retrieved from /home/airflow/.local/lib/python3.12/site-packages/airflow/example_dags/example_nested_branch_dag.py
[2025-12-30T23:40:55.305+0000] {logging_mixin.py:188} INFO - [2025-12-30T23:40:55.305+0000] {dag.py:3096} INFO - Sync 1 DAGs
[2025-12-30T23:40:55.316+0000] {logging_mixin.py:188} INFO - [2025-12-30T23:40:55.316+0000] {dag.py:3954} INFO - Setting next_dagrun for example_nested_branch_dag to 2025-12-29 00:00:00+00:00, run_after=2025-12-30 00:00:00+00:00
[2025-12-30T23:40:55.324+0000] {processor.py:183} INFO - Processing /home/airflow/.local/lib/python3.12/site-packages/airflow/example_dags/example_nested_branch_dag.py took 0.044 seconds
[2025-12-30T23:42:56.577+0000] {processor.py:161} INFO - Started process (PID=45) to work on /home/airflow/.local/lib/python3.12/site-packages/airflow/example_dags/example_nested_branch_dag.py
[2025-12-30T23:42:56.588+0000] {processor.py:830} INFO - Processing file /home/airflow/.local/lib/python3.12/site-packages/airflow/example_dags/example_nested_branch_dag.py for tasks to queue
[2025-12-30T23:42:56.598+0000] {logging_mixin.py:188} INFO - [2025-12-30T23:42:56.598+0000] {dagbag.py:545} INFO - Filling up the DagBag from /home/airflow/.local/lib/python3.12/site-packages/airflow/example_dags/example_nested_branch_dag.py
[2025-12-30T23:42:56.648+0000] {processor.py:840} INFO - DAG(s) 'example_nested_branch_dag' retrieved from /home/airflow/.local/lib/python3.12/site-packages/airflow/example_dags/example_nested_branch_dag.py
[2025-12-30T23:42:56.668+0000] {logging_mixin.py:188} INFO - [2025-12-30T23:42:56.668+0000] {dag.py:3096} INFO - Sync 1 DAGs
[2025-12-30T23:42:56.730+0000] {logging_mixin.py:188} INFO - [2025-12-30T23:42:56.730+0000] {dag.py:3954} INFO - Setting next_dagrun for example_nested_branch_dag to 2025-12-29 00:00:00+00:00, run_after=2025-12-30 00:00:00+00:00
[2025-12-30T23:42:56.773+0000] {processor.py:183} INFO - Processing /home/airflow/.local/lib/python3.12/site-packages/airflow/example_dags/example_nested_branch_dag.py took 0.247 seconds
[2025-12-30T23:43:27.018+0000] {processor.py:161} INFO - Started process (PID=105) to work on /home/airflow/.local/lib/python3.12/site-packages/airflow/example_dags/example_nested_branch_dag.py
[2025-12-30T23:43:27.019+0000] {processor.py:830} INFO - Processing file /home/airflow/.local/lib/python3.12/site-packages/airflow/example_dags/example_nested_branch_dag.py for tasks to queue
[2025-12-30T23:43:27.021+0000] {logging_mixin.py:188} INFO - [2025-12-30T23:43:27.021+0000] {dagbag.py:545} INFO - Filling up the DagBag from /home/airflow/.local/lib/python3.12/site-packages/airflow/example_dags/example_nested_branch_dag.py
[2025-12-30T23:43:27.029+0000] {processor.py:840} INFO - DAG(s) 'example_nested_branch_dag' retrieved from /home/airflow/.local/lib/python3.12/site-packages/airflow/example_dags/example_nested_branch_dag.py
[2025-12-30T23:43:27.103+0000] {logging_mixin.py:188} INFO - [2025-12-30T23:43:27.103+0000] {dag.py:3096} INFO - Sync 1 DAGs
[2025-12-30T23:43:27.116+0000] {logging_mixin.py:188} INFO - [2025-12-30T23:43:27.116+0000] {dag.py:3954} INFO - Setting next_dagrun for example_nested_branch_dag to 2025-12-29 00:00:00+00:00, run_after=2025-12-30 00:00:00+00:00
[2025-12-30T23:43:27.126+0000] {processor.py:183} INFO - Processing /home/airflow/.local/lib/python3.12/site-packages/airflow/example_dags/example_nested_branch_dag.py took 0.113 seconds
[2025-12-30T23:43:57.907+0000] {processor.py:161} INFO - Started process (PID=165) to work on /home/airflow/.local/lib/python3.12/site-packages/airflow/example_dags/example_nested_branch_dag.py
[2025-12-30T23:43:57.907+0000] {processor.py:830} INFO - Processing file /home/airflow/.local/lib/python3.12/site-packages/airflow/example_dags/example_nested_branch_dag.py for tasks to queue
[2025-12-30T23:43:57.909+0000] {logging_mixin.py:188} INFO - [2025-12-30T23:43:57.908+0000] {dagbag.py:545} INFO - Filling up the DagBag from /home/airflow/.local/lib/python3.12/site-packages/airflow/example_dags/example_nested_branch_dag.py
[2025-12-30T23:43:57.915+0000] {processor.py:840} INFO - DAG(s) 'example_nested_branch_dag' retrieved from /home/airflow/.local/lib/python3.12/site-packages/airflow/example_dags/example_nested_branch_dag.py
[2025-12-30T23:43:57.929+0000] {logging_mixin.py:188} INFO - [2025-12-30T23:43:57.929+0000] {dag.py:3096} INFO - Sync 1 DAGs
[2025-12-30T23:43:57.942+0000] {logging_mixin.py:188} INFO - [2025-12-30T23:43:57.942+0000] {dag.py:3954} INFO - Setting next_dagrun for example_nested_branch_dag to 2025-12-29 00:00:00+00:00, run_after=2025-12-30 00:00:00+00:00
[2025-12-30T23:43:57.952+0000] {processor.py:183} INFO - Processing /home/airflow/.local/lib/python3.12/site-packages/airflow/example_dags/example_nested_branch_dag.py took 0.050 seconds
[2025-12-30T23:44:28.121+0000] {processor.py:161} INFO - Started process (PID=223) to work on /home/airflow/.local/lib/python3.12/site-packages/airflow/example_dags/example_nested_branch_dag.py
[2025-12-30T23:44:28.121+0000] {processor.py:830} INFO - Processing file /home/airflow/.local/lib/python3.12/site-packages/airflow/example_dags/example_nested_branch_dag.py for tasks to queue
[2025-12-30T23:44:28.122+0000] {logging_mixin.py:188} INFO - [2025-12-30T23:44:28.122+0000] {dagbag.py:545} INFO - Filling up the DagBag from /home/airflow/.local/lib/python3.12/site-packages/airflow/example_dags/example_nested_branch_dag.py
[2025-12-30T23:44:28.128+0000] {processor.py:840} INFO - DAG(s) 'example_nested_branch_dag' retrieved from /home/airflow/.local/lib/python3.12/site-packages/airflow/example_dags/example_nested_branch_dag.py
[2025-12-30T23:44:28.139+0000] {logging_mixin.py:188} INFO - [2025-12-30T23:44:28.139+0000] {dag.py:3096} INFO - Sync 1 DAGs
[2025-12-30T23:44:28.150+0000] {logging_mixin.py:188} INFO - [2025-12-30T23:44:28.149+0000] {dag.py:3954} INFO - Setting next_dagrun for example_nested_branch_dag to 2025-12-29 00:00:00+00:00, run_after=2025-12-30 00:00:00+00:00
[2025-12-30T23:44:28.160+0000] {processor.py:183} INFO - Processing /home/airflow/.local/lib/python3.12/site-packages/airflow/example_dags/example_nested_branch_dag.py took 0.042 seconds
[2025-12-30T23:44:59.886+0000] {processor.py:161} INFO - Started process (PID=291) to work on /home/airflow/.local/lib/python3.12/site-packages/airflow/example_dags/example_nested_branch_dag.py
[2025-12-30T23:44:59.887+0000] {processor.py:830} INFO - Processing file /home/airflow/.local/lib/python3.12/site-packages/airflow/example_dags/example_nested_branch_dag.py for tasks to queue
[2025-12-30T23:44:59.889+0000] {logging_mixin.py:188} INFO - [2025-12-30T23:44:59.889+0000] {dagbag.py:545} INFO - Filling up the DagBag from /home/airflow/.local/lib/python3.12/site-packages/airflow/example_dags/example_nested_branch_dag.py
[2025-12-30T23:44:59.897+0000] {processor.py:840} INFO - DAG(s) 'example_nested_branch_dag' retrieved from /home/airflow/.local/lib/python3.12/site-packages/airflow/example_dags/example_nested_branch_dag.py
[2025-12-30T23:44:59.918+0000] {logging_mixin.py:188} INFO - [2025-12-30T23:44:59.918+0000] {dag.py:3096} INFO - Sync 1 DAGs
[2025-12-30T23:44:59.940+0000] {logging_mixin.py:188} INFO - [2025-12-30T23:44:59.940+0000] {dag.py:3954} INFO - Setting next_dagrun for example_nested_branch_dag to 2025-12-29 00:00:00+00:00, run_after=2025-12-30 00:00:00+00:00
[2025-12-30T23:44:59.953+0000] {processor.py:183} INFO - Processing /home/airflow/.local/lib/python3.12/site-packages/airflow/example_dags/example_nested_branch_dag.py took 0.072 seconds
[2025-12-30T23:45:30.871+0000] {processor.py:161} INFO - Started process (PID=350) to work on /home/airflow/.local/lib/python3.12/site-packages/airflow/example_dags/example_nested_branch_dag.py
[2025-12-30T23:45:30.872+0000] {processor.py:830} INFO - Processing file /home/airflow/.local/lib/python3.12/site-packages/airflow/example_dags/example_nested_branch_dag.py for tasks to queue
[2025-12-30T23:45:30.874+0000] {logging_mixin.py:188} INFO - [2025-12-30T23:45:30.874+0000] {dagbag.py:545} INFO - Filling up the DagBag from /home/airflow/.local/lib/python3.12/site-packages/airflow/example_dags/example_nested_branch_dag.py
[2025-12-30T23:45:30.883+0000] {processor.py:840} INFO - DAG(s) 'example_nested_branch_dag' retrieved from /home/airflow/.local/lib/python3.12/site-packages/airflow/example_dags/example_nested_branch_dag.py
[2025-12-30T23:45:30.904+0000] {logging_mixin.py:188} INFO - [2025-12-30T23:45:30.904+0000] {dag.py:3096} INFO - Sync 1 DAGs
[2025-12-30T23:45:30.924+0000] {logging_mixin.py:188} INFO - [2025-12-30T23:45:30.923+0000] {dag.py:3954} INFO - Setting next_dagrun for example_nested_branch_dag to 2025-12-29 00:00:00+00:00, run_after=2025-12-30 00:00:00+00:00
[2025-12-30T23:45:30.938+0000] {processor.py:183} INFO - Processing /home/airflow/.local/lib/python3.12/site-packages/airflow/example_dags/example_nested_branch_dag.py took 0.071 seconds
[2025-12-30T23:46:01.169+0000] {processor.py:161} INFO - Started process (PID=409) to work on /home/airflow/.local/lib/python3.12/site-packages/airflow/example_dags/example_nested_branch_dag.py
[2025-12-30T23:46:01.172+0000] {processor.py:830} INFO - Processing file /home/airflow/.local/lib/python3.12/site-packages/airflow/example_dags/example_nested_branch_dag.py for tasks to queue
[2025-12-30T23:46:01.173+0000] {logging_mixin.py:188} INFO - [2025-12-30T23:46:01.173+0000] {dagbag.py:545} INFO - Filling up the DagBag from /home/airflow/.local/lib/python3.12/site-packages/airflow/example_dags/example_nested_branch_dag.py
[2025-12-30T23:46:01.181+0000] {processor.py:840} INFO - DAG(s) 'example_nested_branch_dag' retrieved from /home/airflow/.local/lib/python3.12/site-packages/airflow/example_dags/example_nested_branch_dag.py
[2025-12-30T23:46:01.194+0000] {logging_mixin.py:188} INFO - [2025-12-30T23:46:01.193+0000] {dag.py:3096} INFO - Sync 1 DAGs
[2025-12-30T23:46:01.204+0000] {logging_mixin.py:188} INFO - [2025-12-30T23:46:01.204+0000] {dag.py:3954} INFO - Setting next_dagrun for example_nested_branch_dag to 2025-12-29 00:00:00+00:00, run_after=2025-12-30 00:00:00+00:00
[2025-12-30T23:46:01.212+0000] {processor.py:183} INFO - Processing /home/airflow/.local/lib/python3.12/site-packages/airflow/example_dags/example_nested_branch_dag.py took 0.050 seconds
[2025-12-30T23:46:31.281+0000] {processor.py:161} INFO - Started process (PID=470) to work on /home/airflow/.local/lib/python3.12/site-packages/airflow/example_dags/example_nested_branch_dag.py
[2025-12-30T23:46:31.282+0000] {processor.py:830} INFO - Processing file /home/airflow/.local/lib/python3.12/site-packages/airflow/example_dags/example_nested_branch_dag.py for tasks to queue
[2025-12-30T23:46:31.283+0000] {logging_mixin.py:188} INFO - [2025-12-30T23:46:31.283+0000] {dagbag.py:545} INFO - Filling up the DagBag from /home/airflow/.local/lib/python3.12/site-packages/airflow/example_dags/example_nested_branch_dag.py
[2025-12-30T23:46:31.289+0000] {processor.py:840} INFO - DAG(s) 'example_nested_branch_dag' retrieved from /home/airflow/.local/lib/python3.12/site-packages/airflow/example_dags/example_nested_branch_dag.py
[2025-12-30T23:46:31.301+0000] {logging_mixin.py:188} INFO - [2025-12-30T23:46:31.301+0000] {dag.py:3096} INFO - Sync 1 DAGs
[2025-12-30T23:46:31.310+0000] {logging_mixin.py:188} INFO - [2025-12-30T23:46:31.310+0000] {dag.py:3954} INFO - Setting next_dagrun for example_nested_branch_dag to 2025-12-29 00:00:00+00:00, run_after=2025-12-30 00:00:00+00:00
[2025-12-30T23:46:31.319+0000] {processor.py:183} INFO - Processing /home/airflow/.local/lib/python3.12/site-packages/airflow/example_dags/example_nested_branch_dag.py took 0.041 seconds
[2025-12-30T23:47:01.546+0000] {processor.py:161} INFO - Started process (PID=529) to work on /home/airflow/.local/lib/python3.12/site-packages/airflow/example_dags/example_nested_branch_dag.py
[2025-12-30T23:47:01.547+0000] {processor.py:830} INFO - Processing file /home/airflow/.local/lib/python3.12/site-packages/airflow/example_dags/example_nested_branch_dag.py for tasks to queue
[2025-12-30T23:47:01.551+0000] {logging_mixin.py:188} INFO - [2025-12-30T23:47:01.550+0000] {dagbag.py:545} INFO - Filling up the DagBag from /home/airflow/.local/lib/python3.12/site-packages/airflow/example_dags/example_nested_branch_dag.py
[2025-12-30T23:47:01.562+0000] {processor.py:840} INFO - DAG(s) 'example_nested_branch_dag' retrieved from /home/airflow/.local/lib/python3.12/site-packages/airflow/example_dags/example_nested_branch_dag.py
[2025-12-30T23:47:01.582+0000] {logging_mixin.py:188} INFO - [2025-12-30T23:47:01.581+0000] {dag.py:3096} INFO - Sync 1 DAGs
[2025-12-30T23:47:01.595+0000] {logging_mixin.py:188} INFO - [2025-12-30T23:47:01.595+0000] {dag.py:3954} INFO - Setting next_dagrun for example_nested_branch_dag to 2025-12-29 00:00:00+00:00, run_after=2025-12-30 00:00:00+00:00
[2025-12-30T23:47:01.605+0000] {processor.py:183} INFO - Processing /home/airflow/.local/lib/python3.12/site-packages/airflow/example_dags/example_nested_branch_dag.py took 0.066 seconds
[2025-12-30T23:47:32.068+0000] {processor.py:161} INFO - Started process (PID=589) to work on /home/airflow/.local/lib/python3.12/site-packages/airflow/example_dags/example_nested_branch_dag.py
[2025-12-30T23:47:32.070+0000] {processor.py:830} INFO - Processing file /home/airflow/.local/lib/python3.12/site-packages/airflow/example_dags/example_nested_branch_dag.py for tasks to queue
[2025-12-30T23:47:32.072+0000] {logging_mixin.py:188} INFO - [2025-12-30T23:47:32.072+0000] {dagbag.py:545} INFO - Filling up the DagBag from /home/airflow/.local/lib/python3.12/site-packages/airflow/example_dags/example_nested_branch_dag.py
[2025-12-30T23:47:32.082+0000] {processor.py:840} INFO - DAG(s) 'example_nested_branch_dag' retrieved from /home/airflow/.local/lib/python3.12/site-packages/airflow/example_dags/example_nested_branch_dag.py
[2025-12-30T23:47:32.106+0000] {logging_mixin.py:188} INFO - [2025-12-30T23:47:32.106+0000] {dag.py:3096} INFO - Sync 1 DAGs
[2025-12-30T23:47:32.186+0000] {logging_mixin.py:188} INFO - [2025-12-30T23:47:32.186+0000] {dag.py:3954} INFO - Setting next_dagrun for example_nested_branch_dag to 2025-12-29 00:00:00+00:00, run_after=2025-12-30 00:00:00+00:00
[2025-12-30T23:47:32.196+0000] {processor.py:183} INFO - Processing /home/airflow/.local/lib/python3.12/site-packages/airflow/example_dags/example_nested_branch_dag.py took 0.138 seconds
[2025-12-30T23:48:02.406+0000] {processor.py:161} INFO - Started process (PID=649) to work on /home/airflow/.local/lib/python3.12/site-packages/airflow/example_dags/example_nested_branch_dag.py
[2025-12-30T23:48:02.407+0000] {processor.py:830} INFO - Processing file /home/airflow/.local/lib/python3.12/site-packages/airflow/example_dags/example_nested_branch_dag.py for tasks to queue
[2025-12-30T23:48:02.410+0000] {logging_mixin.py:188} INFO - [2025-12-30T23:48:02.409+0000] {dagbag.py:545} INFO - Filling up the DagBag from /home/airflow/.local/lib/python3.12/site-packages/airflow/example_dags/example_nested_branch_dag.py
[2025-12-30T23:48:02.419+0000] {processor.py:840} INFO - DAG(s) 'example_nested_branch_dag' retrieved from /home/airflow/.local/lib/python3.12/site-packages/airflow/example_dags/example_nested_branch_dag.py
[2025-12-30T23:48:02.432+0000] {logging_mixin.py:188} INFO - [2025-12-30T23:48:02.432+0000] {dag.py:3096} INFO - Sync 1 DAGs
[2025-12-30T23:48:02.443+0000] {logging_mixin.py:188} INFO - [2025-12-30T23:48:02.443+0000] {dag.py:3954} INFO - Setting next_dagrun for example_nested_branch_dag to 2025-12-29 00:00:00+00:00, run_after=2025-12-30 00:00:00+00:00
[2025-12-30T23:48:02.450+0000] {processor.py:183} INFO - Processing /home/airflow/.local/lib/python3.12/site-packages/airflow/example_dags/example_nested_branch_dag.py took 0.051 seconds
[2025-12-30T23:48:32.649+0000] {processor.py:161} INFO - Started process (PID=709) to work on /home/airflow/.local/lib/python3.12/site-packages/airflow/example_dags/example_nested_branch_dag.py
[2025-12-30T23:48:32.650+0000] {processor.py:830} INFO - Processing file /home/airflow/.local/lib/python3.12/site-packages/airflow/example_dags/example_nested_branch_dag.py for tasks to queue
[2025-12-30T23:48:32.651+0000] {logging_mixin.py:188} INFO - [2025-12-30T23:48:32.651+0000] {dagbag.py:545} INFO - Filling up the DagBag from /home/airflow/.local/lib/python3.12/site-packages/airflow/example_dags/example_nested_branch_dag.py
[2025-12-30T23:48:32.659+0000] {processor.py:840} INFO - DAG(s) 'example_nested_branch_dag' retrieved from /home/airflow/.local/lib/python3.12/site-packages/airflow/example_dags/example_nested_branch_dag.py
[2025-12-30T23:48:32.672+0000] {logging_mixin.py:188} INFO - [2025-12-30T23:48:32.672+0000] {dag.py:3096} INFO - Sync 1 DAGs
[2025-12-30T23:48:32.683+0000] {logging_mixin.py:188} INFO - [2025-12-30T23:48:32.683+0000] {dag.py:3954} INFO - Setting next_dagrun for example_nested_branch_dag to 2025-12-29 00:00:00+00:00, run_after=2025-12-30 00:00:00+00:00
[2025-12-30T23:48:32.691+0000] {processor.py:183} INFO - Processing /home/airflow/.local/lib/python3.12/site-packages/airflow/example_dags/example_nested_branch_dag.py took 0.048 seconds
[2025-12-30T23:49:02.898+0000] {processor.py:161} INFO - Started process (PID=769) to work on /home/airflow/.local/lib/python3.12/site-packages/airflow/example_dags/example_nested_branch_dag.py
[2025-12-30T23:49:02.900+0000] {processor.py:830} INFO - Processing file /home/airflow/.local/lib/python3.12/site-packages/airflow/example_dags/example_nested_branch_dag.py for tasks to queue
[2025-12-30T23:49:02.903+0000] {logging_mixin.py:188} INFO - [2025-12-30T23:49:02.903+0000] {dagbag.py:545} INFO - Filling up the DagBag from /home/airflow/.local/lib/python3.12/site-packages/airflow/example_dags/example_nested_branch_dag.py
[2025-12-30T23:49:02.914+0000] {processor.py:840} INFO - DAG(s) 'example_nested_branch_dag' retrieved from /home/airflow/.local/lib/python3.12/site-packages/airflow/example_dags/example_nested_branch_dag.py
[2025-12-30T23:49:02.931+0000] {logging_mixin.py:188} INFO - [2025-12-30T23:49:02.931+0000] {dag.py:3096} INFO - Sync 1 DAGs
[2025-12-30T23:49:02.945+0000] {logging_mixin.py:188} INFO - [2025-12-30T23:49:02.945+0000] {dag.py:3954} INFO - Setting next_dagrun for example_nested_branch_dag to 2025-12-29 00:00:00+00:00, run_after=2025-12-30 00:00:00+00:00
[2025-12-30T23:49:02.954+0000] {processor.py:183} INFO - Processing /home/airflow/.local/lib/python3.12/site-packages/airflow/example_dags/example_nested_branch_dag.py took 0.065 seconds
[2025-12-30T23:49:33.210+0000] {processor.py:161} INFO - Started process (PID=829) to work on /home/airflow/.local/lib/python3.12/site-packages/airflow/example_dags/example_nested_branch_dag.py
[2025-12-30T23:49:33.211+0000] {processor.py:830} INFO - Processing file /home/airflow/.local/lib/python3.12/site-packages/airflow/example_dags/example_nested_branch_dag.py for tasks to queue
[2025-12-30T23:49:33.213+0000] {logging_mixin.py:188} INFO - [2025-12-30T23:49:33.212+0000] {dagbag.py:545} INFO - Filling up the DagBag from /home/airflow/.local/lib/python3.12/site-packages/airflow/example_dags/example_nested_branch_dag.py
[2025-12-30T23:49:33.221+0000] {processor.py:840} INFO - DAG(s) 'example_nested_branch_dag' retrieved from /home/airflow/.local/lib/python3.12/site-packages/airflow/example_dags/example_nested_branch_dag.py
[2025-12-30T23:49:33.237+0000] {logging_mixin.py:188} INFO - [2025-12-30T23:49:33.237+0000] {dag.py:3096} INFO - Sync 1 DAGs
[2025-12-30T23:49:33.249+0000] {logging_mixin.py:188} INFO - [2025-12-30T23:49:33.249+0000] {dag.py:3954} INFO - Setting next_dagrun for example_nested_branch_dag to 2025-12-29 00:00:00+00:00, run_after=2025-12-30 00:00:00+00:00
[2025-12-30T23:49:33.256+0000] {processor.py:183} INFO - Processing /home/airflow/.local/lib/python3.12/site-packages/airflow/example_dags/example_nested_branch_dag.py took 0.054 seconds
[2025-12-30T23:50:03.404+0000] {processor.py:161} INFO - Started process (PID=889) to work on /home/airflow/.local/lib/python3.12/site-packages/airflow/example_dags/example_nested_branch_dag.py
[2025-12-30T23:50:03.405+0000] {processor.py:830} INFO - Processing file /home/airflow/.local/lib/python3.12/site-packages/airflow/example_dags/example_nested_branch_dag.py for tasks to queue
[2025-12-30T23:50:03.406+0000] {logging_mixin.py:188} INFO - [2025-12-30T23:50:03.406+0000] {dagbag.py:545} INFO - Filling up the DagBag from /home/airflow/.local/lib/python3.12/site-packages/airflow/example_dags/example_nested_branch_dag.py
[2025-12-30T23:50:03.414+0000] {processor.py:840} INFO - DAG(s) 'example_nested_branch_dag' retrieved from /home/airflow/.local/lib/python3.12/site-packages/airflow/example_dags/example_nested_branch_dag.py
[2025-12-30T23:50:03.428+0000] {logging_mixin.py:188} INFO - [2025-12-30T23:50:03.428+0000] {dag.py:3096} INFO - Sync 1 DAGs
[2025-12-30T23:50:03.439+0000] {logging_mixin.py:188} INFO - [2025-12-30T23:50:03.439+0000] {dag.py:3954} INFO - Setting next_dagrun for example_nested_branch_dag to 2025-12-29 00:00:00+00:00, run_after=2025-12-30 00:00:00+00:00
[2025-12-30T23:50:03.446+0000] {processor.py:183} INFO - Processing /home/airflow/.local/lib/python3.12/site-packages/airflow/example_dags/example_nested_branch_dag.py took 0.049 seconds
[2025-12-30T23:50:33.997+0000] {processor.py:161} INFO - Started process (PID=949) to work on /home/airflow/.local/lib/python3.12/site-packages/airflow/example_dags/example_nested_branch_dag.py
[2025-12-30T23:50:33.998+0000] {processor.py:830} INFO - Processing file /home/airflow/.local/lib/python3.12/site-packages/airflow/example_dags/example_nested_branch_dag.py for tasks to queue
[2025-12-30T23:50:34.000+0000] {logging_mixin.py:188} INFO - [2025-12-30T23:50:33.999+0000] {dagbag.py:545} INFO - Filling up the DagBag from /home/airflow/.local/lib/python3.12/site-packages/airflow/example_dags/example_nested_branch_dag.py
[2025-12-30T23:50:34.007+0000] {processor.py:840} INFO - DAG(s) 'example_nested_branch_dag' retrieved from /home/airflow/.local/lib/python3.12/site-packages/airflow/example_dags/example_nested_branch_dag.py
[2025-12-30T23:50:34.020+0000] {logging_mixin.py:188} INFO - [2025-12-30T23:50:34.020+0000] {dag.py:3096} INFO - Sync 1 DAGs
[2025-12-30T23:50:34.032+0000] {logging_mixin.py:188} INFO - [2025-12-30T23:50:34.032+0000] {dag.py:3954} INFO - Setting next_dagrun for example_nested_branch_dag to 2025-12-29 00:00:00+00:00, run_after=2025-12-30 00:00:00+00:00
[2025-12-30T23:50:34.040+0000] {processor.py:183} INFO - Processing /home/airflow/.local/lib/python3.12/site-packages/airflow/example_dags/example_nested_branch_dag.py took 0.050 seconds
[2025-12-30T23:51:04.321+0000] {processor.py:161} INFO - Started process (PID=1009) to work on /home/airflow/.local/lib/python3.12/site-packages/airflow/example_dags/example_nested_branch_dag.py
[2025-12-30T23:51:04.322+0000] {processor.py:830} INFO - Processing file /home/airflow/.local/lib/python3.12/site-packages/airflow/example_dags/example_nested_branch_dag.py for tasks to queue
[2025-12-30T23:51:04.325+0000] {logging_mixin.py:188} INFO - [2025-12-30T23:51:04.325+0000] {dagbag.py:545} INFO - Filling up the DagBag from /home/airflow/.local/lib/python3.12/site-packages/airflow/example_dags/example_nested_branch_dag.py
[2025-12-30T23:51:04.336+0000] {processor.py:840} INFO - DAG(s) 'example_nested_branch_dag' retrieved from /home/airflow/.local/lib/python3.12/site-packages/airflow/example_dags/example_nested_branch_dag.py
[2025-12-30T23:51:04.355+0000] {logging_mixin.py:188} INFO - [2025-12-30T23:51:04.355+0000] {dag.py:3096} INFO - Sync 1 DAGs
[2025-12-30T23:51:04.368+0000] {logging_mixin.py:188} INFO - [2025-12-30T23:51:04.368+0000] {dag.py:3954} INFO - Setting next_dagrun for example_nested_branch_dag to 2025-12-29 00:00:00+00:00, run_after=2025-12-30 00:00:00+00:00
[2025-12-30T23:51:04.376+0000] {processor.py:183} INFO - Processing /home/airflow/.local/lib/python3.12/site-packages/airflow/example_dags/example_nested_branch_dag.py took 0.064 seconds
[2025-12-30T23:51:34.531+0000] {processor.py:161} INFO - Started process (PID=1069) to work on /home/airflow/.local/lib/python3.12/site-packages/airflow/example_dags/example_nested_branch_dag.py
[2025-12-30T23:51:34.532+0000] {processor.py:830} INFO - Processing file /home/airflow/.local/lib/python3.12/site-packages/airflow/example_dags/example_nested_branch_dag.py for tasks to queue
[2025-12-30T23:51:34.534+0000] {logging_mixin.py:188} INFO - [2025-12-30T23:51:34.533+0000] {dagbag.py:545} INFO - Filling up the DagBag from /home/airflow/.local/lib/python3.12/site-packages/airflow/example_dags/example_nested_branch_dag.py
[2025-12-30T23:51:34.544+0000] {processor.py:840} INFO - DAG(s) 'example_nested_branch_dag' retrieved from /home/airflow/.local/lib/python3.12/site-packages/airflow/example_dags/example_nested_branch_dag.py
[2025-12-30T23:51:34.560+0000] {logging_mixin.py:188} INFO - [2025-12-30T23:51:34.560+0000] {dag.py:3096} INFO - Sync 1 DAGs
[2025-12-30T23:51:34.575+0000] {logging_mixin.py:188} INFO - [2025-12-30T23:51:34.575+0000] {dag.py:3954} INFO - Setting next_dagrun for example_nested_branch_dag to 2025-12-29 00:00:00+00:00, run_after=2025-12-30 00:00:00+00:00
[2025-12-30T23:51:34.584+0000] {processor.py:183} INFO - Processing /home/airflow/.local/lib/python3.12/site-packages/airflow/example_dags/example_nested_branch_dag.py took 0.058 seconds
[2025-12-30T23:52:04.896+0000] {processor.py:161} INFO - Started process (PID=1129) to work on /home/airflow/.local/lib/python3.12/site-packages/airflow/example_dags/example_nested_branch_dag.py
[2025-12-30T23:52:04.897+0000] {processor.py:830} INFO - Processing file /home/airflow/.local/lib/python3.12/site-packages/airflow/example_dags/example_nested_branch_dag.py for tasks to queue
[2025-12-30T23:52:04.898+0000] {logging_mixin.py:188} INFO - [2025-12-30T23:52:04.898+0000] {dagbag.py:545} INFO - Filling up the DagBag from /home/airflow/.local/lib/python3.12/site-packages/airflow/example_dags/example_nested_branch_dag.py
[2025-12-30T23:52:04.904+0000] {processor.py:840} INFO - DAG(s) 'example_nested_branch_dag' retrieved from /home/airflow/.local/lib/python3.12/site-packages/airflow/example_dags/example_nested_branch_dag.py
[2025-12-30T23:52:04.919+0000] {logging_mixin.py:188} INFO - [2025-12-30T23:52:04.919+0000] {dag.py:3096} INFO - Sync 1 DAGs
[2025-12-30T23:52:04.933+0000] {logging_mixin.py:188} INFO - [2025-12-30T23:52:04.933+0000] {dag.py:3954} INFO - Setting next_dagrun for example_nested_branch_dag to 2025-12-29 00:00:00+00:00, run_after=2025-12-30 00:00:00+00:00
[2025-12-30T23:52:04.942+0000] {processor.py:183} INFO - Processing /home/airflow/.local/lib/python3.12/site-packages/airflow/example_dags/example_nested_branch_dag.py took 0.048 seconds
[2025-12-30T23:52:35.217+0000] {processor.py:161} INFO - Started process (PID=1189) to work on /home/airflow/.local/lib/python3.12/site-packages/airflow/example_dags/example_nested_branch_dag.py
[2025-12-30T23:52:35.218+0000] {processor.py:830} INFO - Processing file /home/airflow/.local/lib/python3.12/site-packages/airflow/example_dags/example_nested_branch_dag.py for tasks to queue
[2025-12-30T23:52:35.220+0000] {logging_mixin.py:188} INFO - [2025-12-30T23:52:35.219+0000] {dagbag.py:545} INFO - Filling up the DagBag from /home/airflow/.local/lib/python3.12/site-packages/airflow/example_dags/example_nested_branch_dag.py
[2025-12-30T23:52:35.227+0000] {processor.py:840} INFO - DAG(s) 'example_nested_branch_dag' retrieved from /home/airflow/.local/lib/python3.12/site-packages/airflow/example_dags/example_nested_branch_dag.py
[2025-12-30T23:52:35.243+0000] {logging_mixin.py:188} INFO - [2025-12-30T23:52:35.242+0000] {dag.py:3096} INFO - Sync 1 DAGs
[2025-12-30T23:52:35.256+0000] {logging_mixin.py:188} INFO - [2025-12-30T23:52:35.256+0000] {dag.py:3954} INFO - Setting next_dagrun for example_nested_branch_dag to 2025-12-29 00:00:00+00:00, run_after=2025-12-30 00:00:00+00:00
[2025-12-30T23:52:35.265+0000] {processor.py:183} INFO - Processing /home/airflow/.local/lib/python3.12/site-packages/airflow/example_dags/example_nested_branch_dag.py took 0.054 seconds
[2025-12-30T23:53:05.580+0000] {processor.py:161} INFO - Started process (PID=1249) to work on /home/airflow/.local/lib/python3.12/site-packages/airflow/example_dags/example_nested_branch_dag.py
[2025-12-30T23:53:05.581+0000] {processor.py:830} INFO - Processing file /home/airflow/.local/lib/python3.12/site-packages/airflow/example_dags/example_nested_branch_dag.py for tasks to queue
[2025-12-30T23:53:05.583+0000] {logging_mixin.py:188} INFO - [2025-12-30T23:53:05.583+0000] {dagbag.py:545} INFO - Filling up the DagBag from /home/airflow/.local/lib/python3.12/site-packages/airflow/example_dags/example_nested_branch_dag.py
[2025-12-30T23:53:05.593+0000] {processor.py:840} INFO - DAG(s) 'example_nested_branch_dag' retrieved from /home/airflow/.local/lib/python3.12/site-packages/airflow/example_dags/example_nested_branch_dag.py
[2025-12-30T23:53:05.609+0000] {logging_mixin.py:188} INFO - [2025-12-30T23:53:05.609+0000] {dag.py:3096} INFO - Sync 1 DAGs
[2025-12-30T23:53:05.621+0000] {logging_mixin.py:188} INFO - [2025-12-30T23:53:05.621+0000] {dag.py:3954} INFO - Setting next_dagrun for example_nested_branch_dag to 2025-12-29 00:00:00+00:00, run_after=2025-12-30 00:00:00+00:00
[2025-12-30T23:53:05.629+0000] {processor.py:183} INFO - Processing /home/airflow/.local/lib/python3.12/site-packages/airflow/example_dags/example_nested_branch_dag.py took 0.056 seconds
[2025-12-30T23:53:36.298+0000] {processor.py:161} INFO - Started process (PID=1309) to work on /home/airflow/.local/lib/python3.12/site-packages/airflow/example_dags/example_nested_branch_dag.py
[2025-12-30T23:53:36.299+0000] {processor.py:830} INFO - Processing file /home/airflow/.local/lib/python3.12/site-packages/airflow/example_dags/example_nested_branch_dag.py for tasks to queue
[2025-12-30T23:53:36.302+0000] {logging_mixin.py:188} INFO - [2025-12-30T23:53:36.301+0000] {dagbag.py:545} INFO - Filling up the DagBag from /home/airflow/.local/lib/python3.12/site-packages/airflow/example_dags/example_nested_branch_dag.py
[2025-12-30T23:53:36.310+0000] {processor.py:840} INFO - DAG(s) 'example_nested_branch_dag' retrieved from /home/airflow/.local/lib/python3.12/site-packages/airflow/example_dags/example_nested_branch_dag.py
[2025-12-30T23:53:36.331+0000] {logging_mixin.py:188} INFO - [2025-12-30T23:53:36.331+0000] {dag.py:3096} INFO - Sync 1 DAGs
[2025-12-30T23:53:36.361+0000] {logging_mixin.py:188} INFO - [2025-12-30T23:53:36.361+0000] {dag.py:3954} INFO - Setting next_dagrun for example_nested_branch_dag to 2025-12-29 00:00:00+00:00, run_after=2025-12-30 00:00:00+00:00
[2025-12-30T23:53:36.369+0000] {processor.py:183} INFO - Processing /home/airflow/.local/lib/python3.12/site-packages/airflow/example_dags/example_nested_branch_dag.py took 0.077 seconds
[2025-12-30T23:54:06.533+0000] {processor.py:161} INFO - Started process (PID=1369) to work on /home/airflow/.local/lib/python3.12/site-packages/airflow/example_dags/example_nested_branch_dag.py
[2025-12-30T23:54:06.534+0000] {processor.py:830} INFO - Processing file /home/airflow/.local/lib/python3.12/site-packages/airflow/example_dags/example_nested_branch_dag.py for tasks to queue
[2025-12-30T23:54:06.535+0000] {logging_mixin.py:188} INFO - [2025-12-30T23:54:06.535+0000] {dagbag.py:545} INFO - Filling up the DagBag from /home/airflow/.local/lib/python3.12/site-packages/airflow/example_dags/example_nested_branch_dag.py
[2025-12-30T23:54:06.542+0000] {processor.py:840} INFO - DAG(s) 'example_nested_branch_dag' retrieved from /home/airflow/.local/lib/python3.12/site-packages/airflow/example_dags/example_nested_branch_dag.py
[2025-12-30T23:54:06.555+0000] {logging_mixin.py:188} INFO - [2025-12-30T23:54:06.555+0000] {dag.py:3096} INFO - Sync 1 DAGs
[2025-12-30T23:54:06.565+0000] {logging_mixin.py:188} INFO - [2025-12-30T23:54:06.565+0000] {dag.py:3954} INFO - Setting next_dagrun for example_nested_branch_dag to 2025-12-29 00:00:00+00:00, run_after=2025-12-30 00:00:00+00:00
[2025-12-30T23:54:06.573+0000] {processor.py:183} INFO - Processing /home/airflow/.local/lib/python3.12/site-packages/airflow/example_dags/example_nested_branch_dag.py took 0.050 seconds
[2025-12-30T23:54:36.715+0000] {processor.py:161} INFO - Started process (PID=1429) to work on /home/airflow/.local/lib/python3.12/site-packages/airflow/example_dags/example_nested_branch_dag.py
[2025-12-30T23:54:36.716+0000] {processor.py:830} INFO - Processing file /home/airflow/.local/lib/python3.12/site-packages/airflow/example_dags/example_nested_branch_dag.py for tasks to queue
[2025-12-30T23:54:36.717+0000] {logging_mixin.py:188} INFO - [2025-12-30T23:54:36.717+0000] {dagbag.py:545} INFO - Filling up the DagBag from /home/airflow/.local/lib/python3.12/site-packages/airflow/example_dags/example_nested_branch_dag.py
[2025-12-30T23:54:36.727+0000] {processor.py:840} INFO - DAG(s) 'example_nested_branch_dag' retrieved from /home/airflow/.local/lib/python3.12/site-packages/airflow/example_dags/example_nested_branch_dag.py
[2025-12-30T23:54:36.743+0000] {logging_mixin.py:188} INFO - [2025-12-30T23:54:36.743+0000] {dag.py:3096} INFO - Sync 1 DAGs
[2025-12-30T23:54:36.759+0000] {logging_mixin.py:188} INFO - [2025-12-30T23:54:36.759+0000] {dag.py:3954} INFO - Setting next_dagrun for example_nested_branch_dag to 2025-12-29 00:00:00+00:00, run_after=2025-12-30 00:00:00+00:00
[2025-12-30T23:54:36.768+0000] {processor.py:183} INFO - Processing /home/airflow/.local/lib/python3.12/site-packages/airflow/example_dags/example_nested_branch_dag.py took 0.058 seconds
[2025-12-30T23:55:07.199+0000] {processor.py:161} INFO - Started process (PID=1489) to work on /home/airflow/.local/lib/python3.12/site-packages/airflow/example_dags/example_nested_branch_dag.py
[2025-12-30T23:55:07.199+0000] {processor.py:830} INFO - Processing file /home/airflow/.local/lib/python3.12/site-packages/airflow/example_dags/example_nested_branch_dag.py for tasks to queue
[2025-12-30T23:55:07.201+0000] {logging_mixin.py:188} INFO - [2025-12-30T23:55:07.201+0000] {dagbag.py:545} INFO - Filling up the DagBag from /home/airflow/.local/lib/python3.12/site-packages/airflow/example_dags/example_nested_branch_dag.py
[2025-12-30T23:55:07.209+0000] {processor.py:840} INFO - DAG(s) 'example_nested_branch_dag' retrieved from /home/airflow/.local/lib/python3.12/site-packages/airflow/example_dags/example_nested_branch_dag.py
[2025-12-30T23:55:07.228+0000] {logging_mixin.py:188} INFO - [2025-12-30T23:55:07.228+0000] {dag.py:3096} INFO - Sync 1 DAGs
[2025-12-30T23:55:07.239+0000] {logging_mixin.py:188} INFO - [2025-12-30T23:55:07.239+0000] {dag.py:3954} INFO - Setting next_dagrun for example_nested_branch_dag to 2025-12-29 00:00:00+00:00, run_after=2025-12-30 00:00:00+00:00
[2025-12-30T23:55:07.246+0000] {processor.py:183} INFO - Processing /home/airflow/.local/lib/python3.12/site-packages/airflow/example_dags/example_nested_branch_dag.py took 0.055 seconds
[2025-12-30T23:55:37.487+0000] {processor.py:161} INFO - Started process (PID=1549) to work on /home/airflow/.local/lib/python3.12/site-packages/airflow/example_dags/example_nested_branch_dag.py
[2025-12-30T23:55:37.488+0000] {processor.py:830} INFO - Processing file /home/airflow/.local/lib/python3.12/site-packages/airflow/example_dags/example_nested_branch_dag.py for tasks to queue
[2025-12-30T23:55:37.490+0000] {logging_mixin.py:188} INFO - [2025-12-30T23:55:37.490+0000] {dagbag.py:545} INFO - Filling up the DagBag from /home/airflow/.local/lib/python3.12/site-packages/airflow/example_dags/example_nested_branch_dag.py
[2025-12-30T23:55:37.497+0000] {processor.py:840} INFO - DAG(s) 'example_nested_branch_dag' retrieved from /home/airflow/.local/lib/python3.12/site-packages/airflow/example_dags/example_nested_branch_dag.py
[2025-12-30T23:55:37.510+0000] {logging_mixin.py:188} INFO - [2025-12-30T23:55:37.510+0000] {dag.py:3096} INFO - Sync 1 DAGs
[2025-12-30T23:55:37.520+0000] {logging_mixin.py:188} INFO - [2025-12-30T23:55:37.520+0000] {dag.py:3954} INFO - Setting next_dagrun for example_nested_branch_dag to 2025-12-29 00:00:00+00:00, run_after=2025-12-30 00:00:00+00:00
[2025-12-30T23:55:37.527+0000] {processor.py:183} INFO - Processing /home/airflow/.local/lib/python3.12/site-packages/airflow/example_dags/example_nested_branch_dag.py took 0.046 seconds
[2025-12-30T23:56:07.811+0000] {processor.py:161} INFO - Started process (PID=1609) to work on /home/airflow/.local/lib/python3.12/site-packages/airflow/example_dags/example_nested_branch_dag.py
[2025-12-30T23:56:07.812+0000] {processor.py:830} INFO - Processing file /home/airflow/.local/lib/python3.12/site-packages/airflow/example_dags/example_nested_branch_dag.py for tasks to queue
[2025-12-30T23:56:07.815+0000] {logging_mixin.py:188} INFO - [2025-12-30T23:56:07.814+0000] {dagbag.py:545} INFO - Filling up the DagBag from /home/airflow/.local/lib/python3.12/site-packages/airflow/example_dags/example_nested_branch_dag.py
[2025-12-30T23:56:07.824+0000] {processor.py:840} INFO - DAG(s) 'example_nested_branch_dag' retrieved from /home/airflow/.local/lib/python3.12/site-packages/airflow/example_dags/example_nested_branch_dag.py
[2025-12-30T23:56:07.840+0000] {logging_mixin.py:188} INFO - [2025-12-30T23:56:07.840+0000] {dag.py:3096} INFO - Sync 1 DAGs
[2025-12-30T23:56:07.851+0000] {logging_mixin.py:188} INFO - [2025-12-30T23:56:07.851+0000] {dag.py:3954} INFO - Setting next_dagrun for example_nested_branch_dag to 2025-12-29 00:00:00+00:00, run_after=2025-12-30 00:00:00+00:00
[2025-12-30T23:56:07.858+0000] {processor.py:183} INFO - Processing /home/airflow/.local/lib/python3.12/site-packages/airflow/example_dags/example_nested_branch_dag.py took 0.053 seconds
[2025-12-30T23:56:38.205+0000] {processor.py:161} INFO - Started process (PID=1669) to work on /home/airflow/.local/lib/python3.12/site-packages/airflow/example_dags/example_nested_branch_dag.py
[2025-12-30T23:56:38.206+0000] {processor.py:830} INFO - Processing file /home/airflow/.local/lib/python3.12/site-packages/airflow/example_dags/example_nested_branch_dag.py for tasks to queue
[2025-12-30T23:56:38.209+0000] {logging_mixin.py:188} INFO - [2025-12-30T23:56:38.208+0000] {dagbag.py:545} INFO - Filling up the DagBag from /home/airflow/.local/lib/python3.12/site-packages/airflow/example_dags/example_nested_branch_dag.py
[2025-12-30T23:56:38.219+0000] {processor.py:840} INFO - DAG(s) 'example_nested_branch_dag' retrieved from /home/airflow/.local/lib/python3.12/site-packages/airflow/example_dags/example_nested_branch_dag.py
[2025-12-30T23:56:38.235+0000] {logging_mixin.py:188} INFO - [2025-12-30T23:56:38.235+0000] {dag.py:3096} INFO - Sync 1 DAGs
[2025-12-30T23:56:38.248+0000] {logging_mixin.py:188} INFO - [2025-12-30T23:56:38.248+0000] {dag.py:3954} INFO - Setting next_dagrun for example_nested_branch_dag to 2025-12-29 00:00:00+00:00, run_after=2025-12-30 00:00:00+00:00
[2025-12-30T23:56:38.256+0000] {processor.py:183} INFO - Processing /home/airflow/.local/lib/python3.12/site-packages/airflow/example_dags/example_nested_branch_dag.py took 0.060 seconds
[2025-12-30T23:57:08.515+0000] {processor.py:161} INFO - Started process (PID=1729) to work on /home/airflow/.local/lib/python3.12/site-packages/airflow/example_dags/example_nested_branch_dag.py
[2025-12-30T23:57:08.516+0000] {processor.py:830} INFO - Processing file /home/airflow/.local/lib/python3.12/site-packages/airflow/example_dags/example_nested_branch_dag.py for tasks to queue
[2025-12-30T23:57:08.518+0000] {logging_mixin.py:188} INFO - [2025-12-30T23:57:08.517+0000] {dagbag.py:545} INFO - Filling up the DagBag from /home/airflow/.local/lib/python3.12/site-packages/airflow/example_dags/example_nested_branch_dag.py
[2025-12-30T23:57:08.525+0000] {processor.py:840} INFO - DAG(s) 'example_nested_branch_dag' retrieved from /home/airflow/.local/lib/python3.12/site-packages/airflow/example_dags/example_nested_branch_dag.py
[2025-12-30T23:57:08.539+0000] {logging_mixin.py:188} INFO - [2025-12-30T23:57:08.539+0000] {dag.py:3096} INFO - Sync 1 DAGs
[2025-12-30T23:57:08.550+0000] {logging_mixin.py:188} INFO - [2025-12-30T23:57:08.549+0000] {dag.py:3954} INFO - Setting next_dagrun for example_nested_branch_dag to 2025-12-29 00:00:00+00:00, run_after=2025-12-30 00:00:00+00:00
[2025-12-30T23:57:08.558+0000] {processor.py:183} INFO - Processing /home/airflow/.local/lib/python3.12/site-packages/airflow/example_dags/example_nested_branch_dag.py took 0.049 seconds
[2025-12-30T23:57:39.225+0000] {processor.py:161} INFO - Started process (PID=1789) to work on /home/airflow/.local/lib/python3.12/site-packages/airflow/example_dags/example_nested_branch_dag.py
[2025-12-30T23:57:39.226+0000] {processor.py:830} INFO - Processing file /home/airflow/.local/lib/python3.12/site-packages/airflow/example_dags/example_nested_branch_dag.py for tasks to queue
[2025-12-30T23:57:39.228+0000] {logging_mixin.py:188} INFO - [2025-12-30T23:57:39.228+0000] {dagbag.py:545} INFO - Filling up the DagBag from /home/airflow/.local/lib/python3.12/site-packages/airflow/example_dags/example_nested_branch_dag.py
[2025-12-30T23:57:39.237+0000] {processor.py:840} INFO - DAG(s) 'example_nested_branch_dag' retrieved from /home/airflow/.local/lib/python3.12/site-packages/airflow/example_dags/example_nested_branch_dag.py
[2025-12-30T23:57:39.251+0000] {logging_mixin.py:188} INFO - [2025-12-30T23:57:39.251+0000] {dag.py:3096} INFO - Sync 1 DAGs
[2025-12-30T23:57:39.262+0000] {logging_mixin.py:188} INFO - [2025-12-30T23:57:39.262+0000] {dag.py:3954} INFO - Setting next_dagrun for example_nested_branch_dag to 2025-12-29 00:00:00+00:00, run_after=2025-12-30 00:00:00+00:00
[2025-12-30T23:57:39.270+0000] {processor.py:183} INFO - Processing /home/airflow/.local/lib/python3.12/site-packages/airflow/example_dags/example_nested_branch_dag.py took 0.052 seconds
[2025-12-30T23:58:09.415+0000] {processor.py:161} INFO - Started process (PID=1849) to work on /home/airflow/.local/lib/python3.12/site-packages/airflow/example_dags/example_nested_branch_dag.py
[2025-12-30T23:58:09.417+0000] {processor.py:830} INFO - Processing file /home/airflow/.local/lib/python3.12/site-packages/airflow/example_dags/example_nested_branch_dag.py for tasks to queue
[2025-12-30T23:58:09.418+0000] {logging_mixin.py:188} INFO - [2025-12-30T23:58:09.418+0000] {dagbag.py:545} INFO - Filling up the DagBag from /home/airflow/.local/lib/python3.12/site-packages/airflow/example_dags/example_nested_branch_dag.py
[2025-12-30T23:58:09.425+0000] {processor.py:840} INFO - DAG(s) 'example_nested_branch_dag' retrieved from /home/airflow/.local/lib/python3.12/site-packages/airflow/example_dags/example_nested_branch_dag.py
[2025-12-30T23:58:09.438+0000] {logging_mixin.py:188} INFO - [2025-12-30T23:58:09.438+0000] {dag.py:3096} INFO - Sync 1 DAGs
[2025-12-30T23:58:09.449+0000] {logging_mixin.py:188} INFO - [2025-12-30T23:58:09.448+0000] {dag.py:3954} INFO - Setting next_dagrun for example_nested_branch_dag to 2025-12-29 00:00:00+00:00, run_after=2025-12-30 00:00:00+00:00
[2025-12-30T23:58:09.456+0000] {processor.py:183} INFO - Processing /home/airflow/.local/lib/python3.12/site-packages/airflow/example_dags/example_nested_branch_dag.py took 0.047 seconds
[2025-12-30T23:58:40.219+0000] {processor.py:161} INFO - Started process (PID=1909) to work on /home/airflow/.local/lib/python3.12/site-packages/airflow/example_dags/example_nested_branch_dag.py
[2025-12-30T23:58:40.220+0000] {processor.py:830} INFO - Processing file /home/airflow/.local/lib/python3.12/site-packages/airflow/example_dags/example_nested_branch_dag.py for tasks to queue
[2025-12-30T23:58:40.221+0000] {logging_mixin.py:188} INFO - [2025-12-30T23:58:40.221+0000] {dagbag.py:545} INFO - Filling up the DagBag from /home/airflow/.local/lib/python3.12/site-packages/airflow/example_dags/example_nested_branch_dag.py
[2025-12-30T23:58:40.233+0000] {processor.py:840} INFO - DAG(s) 'example_nested_branch_dag' retrieved from /home/airflow/.local/lib/python3.12/site-packages/airflow/example_dags/example_nested_branch_dag.py
[2025-12-30T23:58:40.247+0000] {logging_mixin.py:188} INFO - [2025-12-30T23:58:40.247+0000] {dag.py:3096} INFO - Sync 1 DAGs
[2025-12-30T23:58:40.258+0000] {logging_mixin.py:188} INFO - [2025-12-30T23:58:40.258+0000] {dag.py:3954} INFO - Setting next_dagrun for example_nested_branch_dag to 2025-12-29 00:00:00+00:00, run_after=2025-12-30 00:00:00+00:00
[2025-12-30T23:58:40.266+0000] {processor.py:183} INFO - Processing /home/airflow/.local/lib/python3.12/site-packages/airflow/example_dags/example_nested_branch_dag.py took 0.053 seconds
[2025-12-30T23:59:10.403+0000] {processor.py:161} INFO - Started process (PID=1969) to work on /home/airflow/.local/lib/python3.12/site-packages/airflow/example_dags/example_nested_branch_dag.py
[2025-12-30T23:59:10.403+0000] {processor.py:830} INFO - Processing file /home/airflow/.local/lib/python3.12/site-packages/airflow/example_dags/example_nested_branch_dag.py for tasks to queue
[2025-12-30T23:59:10.405+0000] {logging_mixin.py:188} INFO - [2025-12-30T23:59:10.404+0000] {dagbag.py:545} INFO - Filling up the DagBag from /home/airflow/.local/lib/python3.12/site-packages/airflow/example_dags/example_nested_branch_dag.py
[2025-12-30T23:59:10.413+0000] {processor.py:840} INFO - DAG(s) 'example_nested_branch_dag' retrieved from /home/airflow/.local/lib/python3.12/site-packages/airflow/example_dags/example_nested_branch_dag.py
[2025-12-30T23:59:10.428+0000] {logging_mixin.py:188} INFO - [2025-12-30T23:59:10.428+0000] {dag.py:3096} INFO - Sync 1 DAGs
[2025-12-30T23:59:10.440+0000] {logging_mixin.py:188} INFO - [2025-12-30T23:59:10.439+0000] {dag.py:3954} INFO - Setting next_dagrun for example_nested_branch_dag to 2025-12-29 00:00:00+00:00, run_after=2025-12-30 00:00:00+00:00
[2025-12-30T23:59:10.451+0000] {processor.py:183} INFO - Processing /home/airflow/.local/lib/python3.12/site-packages/airflow/example_dags/example_nested_branch_dag.py took 0.052 seconds
[2025-12-30T23:59:41.037+0000] {processor.py:161} INFO - Started process (PID=2029) to work on /home/airflow/.local/lib/python3.12/site-packages/airflow/example_dags/example_nested_branch_dag.py
[2025-12-30T23:59:41.037+0000] {processor.py:830} INFO - Processing file /home/airflow/.local/lib/python3.12/site-packages/airflow/example_dags/example_nested_branch_dag.py for tasks to queue
[2025-12-30T23:59:41.038+0000] {logging_mixin.py:188} INFO - [2025-12-30T23:59:41.038+0000] {dagbag.py:545} INFO - Filling up the DagBag from /home/airflow/.local/lib/python3.12/site-packages/airflow/example_dags/example_nested_branch_dag.py
[2025-12-30T23:59:41.043+0000] {processor.py:840} INFO - DAG(s) 'example_nested_branch_dag' retrieved from /home/airflow/.local/lib/python3.12/site-packages/airflow/example_dags/example_nested_branch_dag.py
[2025-12-30T23:59:41.053+0000] {logging_mixin.py:188} INFO - [2025-12-30T23:59:41.053+0000] {dag.py:3096} INFO - Sync 1 DAGs
[2025-12-30T23:59:41.062+0000] {logging_mixin.py:188} INFO - [2025-12-30T23:59:41.062+0000] {dag.py:3954} INFO - Setting next_dagrun for example_nested_branch_dag to 2025-12-29 00:00:00+00:00, run_after=2025-12-30 00:00:00+00:00
[2025-12-30T23:59:41.069+0000] {processor.py:183} INFO - Processing /home/airflow/.local/lib/python3.12/site-packages/airflow/example_dags/example_nested_branch_dag.py took 0.035 seconds
