[2025-12-30T23:33:49.314+0000] {processor.py:161} INFO - Started process (PID=41) to work on /home/airflow/.local/lib/python3.12/site-packages/airflow/example_dags/example_python_operator.py
[2025-12-30T23:33:49.315+0000] {processor.py:830} INFO - Processing file /home/airflow/.local/lib/python3.12/site-packages/airflow/example_dags/example_python_operator.py for tasks to queue
[2025-12-30T23:33:49.316+0000] {logging_mixin.py:188} INFO - [2025-12-30T23:33:49.315+0000] {dagbag.py:545} INFO - Filling up the DagBag from /home/airflow/.local/lib/python3.12/site-packages/airflow/example_dags/example_python_operator.py
[2025-12-30T23:33:49.358+0000] {processor.py:840} INFO - DAG(s) 'example_python_operator' retrieved from /home/airflow/.local/lib/python3.12/site-packages/airflow/example_dags/example_python_operator.py
[2025-12-30T23:33:49.377+0000] {logging_mixin.py:188} INFO - [2025-12-30T23:33:49.377+0000] {dag.py:3096} INFO - Sync 1 DAGs
[2025-12-30T23:33:49.426+0000] {logging_mixin.py:188} INFO - [2025-12-30T23:33:49.426+0000] {dag.py:3954} INFO - Setting next_dagrun for example_python_operator to None, run_after=None
[2025-12-30T23:33:49.462+0000] {processor.py:183} INFO - Processing /home/airflow/.local/lib/python3.12/site-packages/airflow/example_dags/example_python_operator.py took 0.151 seconds
[2025-12-30T23:34:19.885+0000] {processor.py:161} INFO - Started process (PID=100) to work on /home/airflow/.local/lib/python3.12/site-packages/airflow/example_dags/example_python_operator.py
[2025-12-30T23:34:19.886+0000] {processor.py:830} INFO - Processing file /home/airflow/.local/lib/python3.12/site-packages/airflow/example_dags/example_python_operator.py for tasks to queue
[2025-12-30T23:34:19.889+0000] {logging_mixin.py:188} INFO - [2025-12-30T23:34:19.888+0000] {dagbag.py:545} INFO - Filling up the DagBag from /home/airflow/.local/lib/python3.12/site-packages/airflow/example_dags/example_python_operator.py
[2025-12-30T23:34:19.902+0000] {processor.py:840} INFO - DAG(s) 'example_python_operator' retrieved from /home/airflow/.local/lib/python3.12/site-packages/airflow/example_dags/example_python_operator.py
[2025-12-30T23:34:20.040+0000] {logging_mixin.py:188} INFO - [2025-12-30T23:34:20.040+0000] {dag.py:3096} INFO - Sync 1 DAGs
[2025-12-30T23:34:20.045+0000] {logging_mixin.py:188} INFO - [2025-12-30T23:34:20.045+0000] {dag.py:3954} INFO - Setting next_dagrun for example_python_operator to None, run_after=None
[2025-12-30T23:34:20.054+0000] {processor.py:183} INFO - Processing /home/airflow/.local/lib/python3.12/site-packages/airflow/example_dags/example_python_operator.py took 0.173 seconds
[2025-12-30T23:34:50.959+0000] {processor.py:161} INFO - Started process (PID=159) to work on /home/airflow/.local/lib/python3.12/site-packages/airflow/example_dags/example_python_operator.py
[2025-12-30T23:34:50.960+0000] {processor.py:830} INFO - Processing file /home/airflow/.local/lib/python3.12/site-packages/airflow/example_dags/example_python_operator.py for tasks to queue
[2025-12-30T23:34:50.961+0000] {logging_mixin.py:188} INFO - [2025-12-30T23:34:50.961+0000] {dagbag.py:545} INFO - Filling up the DagBag from /home/airflow/.local/lib/python3.12/site-packages/airflow/example_dags/example_python_operator.py
[2025-12-30T23:34:50.970+0000] {processor.py:840} INFO - DAG(s) 'example_python_operator' retrieved from /home/airflow/.local/lib/python3.12/site-packages/airflow/example_dags/example_python_operator.py
[2025-12-30T23:34:50.985+0000] {logging_mixin.py:188} INFO - [2025-12-30T23:34:50.985+0000] {dag.py:3096} INFO - Sync 1 DAGs
[2025-12-30T23:34:50.991+0000] {logging_mixin.py:188} INFO - [2025-12-30T23:34:50.991+0000] {dag.py:3954} INFO - Setting next_dagrun for example_python_operator to None, run_after=None
[2025-12-30T23:34:51.000+0000] {processor.py:183} INFO - Processing /home/airflow/.local/lib/python3.12/site-packages/airflow/example_dags/example_python_operator.py took 0.045 seconds
[2025-12-30T23:35:21.361+0000] {processor.py:161} INFO - Started process (PID=218) to work on /home/airflow/.local/lib/python3.12/site-packages/airflow/example_dags/example_python_operator.py
[2025-12-30T23:35:21.362+0000] {processor.py:830} INFO - Processing file /home/airflow/.local/lib/python3.12/site-packages/airflow/example_dags/example_python_operator.py for tasks to queue
[2025-12-30T23:35:21.364+0000] {logging_mixin.py:188} INFO - [2025-12-30T23:35:21.364+0000] {dagbag.py:545} INFO - Filling up the DagBag from /home/airflow/.local/lib/python3.12/site-packages/airflow/example_dags/example_python_operator.py
[2025-12-30T23:35:21.375+0000] {processor.py:840} INFO - DAG(s) 'example_python_operator' retrieved from /home/airflow/.local/lib/python3.12/site-packages/airflow/example_dags/example_python_operator.py
[2025-12-30T23:35:21.388+0000] {logging_mixin.py:188} INFO - [2025-12-30T23:35:21.388+0000] {dag.py:3096} INFO - Sync 1 DAGs
[2025-12-30T23:35:21.395+0000] {logging_mixin.py:188} INFO - [2025-12-30T23:35:21.395+0000] {dag.py:3954} INFO - Setting next_dagrun for example_python_operator to None, run_after=None
[2025-12-30T23:35:21.403+0000] {processor.py:183} INFO - Processing /home/airflow/.local/lib/python3.12/site-packages/airflow/example_dags/example_python_operator.py took 0.048 seconds
[2025-12-30T23:35:51.536+0000] {processor.py:161} INFO - Started process (PID=277) to work on /home/airflow/.local/lib/python3.12/site-packages/airflow/example_dags/example_python_operator.py
[2025-12-30T23:35:51.537+0000] {processor.py:830} INFO - Processing file /home/airflow/.local/lib/python3.12/site-packages/airflow/example_dags/example_python_operator.py for tasks to queue
[2025-12-30T23:35:51.540+0000] {logging_mixin.py:188} INFO - [2025-12-30T23:35:51.539+0000] {dagbag.py:545} INFO - Filling up the DagBag from /home/airflow/.local/lib/python3.12/site-packages/airflow/example_dags/example_python_operator.py
[2025-12-30T23:35:51.563+0000] {processor.py:840} INFO - DAG(s) 'example_python_operator' retrieved from /home/airflow/.local/lib/python3.12/site-packages/airflow/example_dags/example_python_operator.py
[2025-12-30T23:35:51.576+0000] {logging_mixin.py:188} INFO - [2025-12-30T23:35:51.576+0000] {dag.py:3096} INFO - Sync 1 DAGs
[2025-12-30T23:35:51.584+0000] {logging_mixin.py:188} INFO - [2025-12-30T23:35:51.583+0000] {dag.py:3954} INFO - Setting next_dagrun for example_python_operator to None, run_after=None
[2025-12-30T23:35:51.593+0000] {processor.py:183} INFO - Processing /home/airflow/.local/lib/python3.12/site-packages/airflow/example_dags/example_python_operator.py took 0.063 seconds
[2025-12-30T23:36:21.699+0000] {processor.py:161} INFO - Started process (PID=336) to work on /home/airflow/.local/lib/python3.12/site-packages/airflow/example_dags/example_python_operator.py
[2025-12-30T23:36:21.699+0000] {processor.py:830} INFO - Processing file /home/airflow/.local/lib/python3.12/site-packages/airflow/example_dags/example_python_operator.py for tasks to queue
[2025-12-30T23:36:21.700+0000] {logging_mixin.py:188} INFO - [2025-12-30T23:36:21.700+0000] {dagbag.py:545} INFO - Filling up the DagBag from /home/airflow/.local/lib/python3.12/site-packages/airflow/example_dags/example_python_operator.py
[2025-12-30T23:36:21.712+0000] {processor.py:840} INFO - DAG(s) 'example_python_operator' retrieved from /home/airflow/.local/lib/python3.12/site-packages/airflow/example_dags/example_python_operator.py
[2025-12-30T23:36:21.727+0000] {logging_mixin.py:188} INFO - [2025-12-30T23:36:21.726+0000] {dag.py:3096} INFO - Sync 1 DAGs
[2025-12-30T23:36:21.738+0000] {logging_mixin.py:188} INFO - [2025-12-30T23:36:21.738+0000] {dag.py:3954} INFO - Setting next_dagrun for example_python_operator to None, run_after=None
[2025-12-30T23:36:21.749+0000] {processor.py:183} INFO - Processing /home/airflow/.local/lib/python3.12/site-packages/airflow/example_dags/example_python_operator.py took 0.054 seconds
[2025-12-30T23:36:52.194+0000] {processor.py:161} INFO - Started process (PID=395) to work on /home/airflow/.local/lib/python3.12/site-packages/airflow/example_dags/example_python_operator.py
[2025-12-30T23:36:52.196+0000] {processor.py:830} INFO - Processing file /home/airflow/.local/lib/python3.12/site-packages/airflow/example_dags/example_python_operator.py for tasks to queue
[2025-12-30T23:36:52.199+0000] {logging_mixin.py:188} INFO - [2025-12-30T23:36:52.198+0000] {dagbag.py:545} INFO - Filling up the DagBag from /home/airflow/.local/lib/python3.12/site-packages/airflow/example_dags/example_python_operator.py
[2025-12-30T23:36:52.209+0000] {processor.py:840} INFO - DAG(s) 'example_python_operator' retrieved from /home/airflow/.local/lib/python3.12/site-packages/airflow/example_dags/example_python_operator.py
[2025-12-30T23:36:52.226+0000] {logging_mixin.py:188} INFO - [2025-12-30T23:36:52.226+0000] {dag.py:3096} INFO - Sync 1 DAGs
[2025-12-30T23:36:52.239+0000] {logging_mixin.py:188} INFO - [2025-12-30T23:36:52.239+0000] {dag.py:3954} INFO - Setting next_dagrun for example_python_operator to None, run_after=None
[2025-12-30T23:36:52.250+0000] {processor.py:183} INFO - Processing /home/airflow/.local/lib/python3.12/site-packages/airflow/example_dags/example_python_operator.py took 0.061 seconds
[2025-12-30T23:37:22.357+0000] {processor.py:161} INFO - Started process (PID=454) to work on /home/airflow/.local/lib/python3.12/site-packages/airflow/example_dags/example_python_operator.py
[2025-12-30T23:37:22.358+0000] {processor.py:830} INFO - Processing file /home/airflow/.local/lib/python3.12/site-packages/airflow/example_dags/example_python_operator.py for tasks to queue
[2025-12-30T23:37:22.360+0000] {logging_mixin.py:188} INFO - [2025-12-30T23:37:22.360+0000] {dagbag.py:545} INFO - Filling up the DagBag from /home/airflow/.local/lib/python3.12/site-packages/airflow/example_dags/example_python_operator.py
[2025-12-30T23:37:22.376+0000] {processor.py:840} INFO - DAG(s) 'example_python_operator' retrieved from /home/airflow/.local/lib/python3.12/site-packages/airflow/example_dags/example_python_operator.py
[2025-12-30T23:37:22.392+0000] {logging_mixin.py:188} INFO - [2025-12-30T23:37:22.391+0000] {dag.py:3096} INFO - Sync 1 DAGs
[2025-12-30T23:37:22.402+0000] {logging_mixin.py:188} INFO - [2025-12-30T23:37:22.402+0000] {dag.py:3954} INFO - Setting next_dagrun for example_python_operator to None, run_after=None
[2025-12-30T23:37:22.425+0000] {processor.py:183} INFO - Processing /home/airflow/.local/lib/python3.12/site-packages/airflow/example_dags/example_python_operator.py took 0.080 seconds
[2025-12-30T23:37:52.907+0000] {processor.py:161} INFO - Started process (PID=519) to work on /home/airflow/.local/lib/python3.12/site-packages/airflow/example_dags/example_python_operator.py
[2025-12-30T23:37:52.908+0000] {processor.py:830} INFO - Processing file /home/airflow/.local/lib/python3.12/site-packages/airflow/example_dags/example_python_operator.py for tasks to queue
[2025-12-30T23:37:52.910+0000] {logging_mixin.py:188} INFO - [2025-12-30T23:37:52.910+0000] {dagbag.py:545} INFO - Filling up the DagBag from /home/airflow/.local/lib/python3.12/site-packages/airflow/example_dags/example_python_operator.py
[2025-12-30T23:37:52.923+0000] {processor.py:840} INFO - DAG(s) 'example_python_operator' retrieved from /home/airflow/.local/lib/python3.12/site-packages/airflow/example_dags/example_python_operator.py
[2025-12-30T23:37:52.941+0000] {logging_mixin.py:188} INFO - [2025-12-30T23:37:52.941+0000] {dag.py:3096} INFO - Sync 1 DAGs
[2025-12-30T23:37:52.948+0000] {logging_mixin.py:188} INFO - [2025-12-30T23:37:52.948+0000] {dag.py:3954} INFO - Setting next_dagrun for example_python_operator to None, run_after=None
[2025-12-30T23:37:52.957+0000] {processor.py:183} INFO - Processing /home/airflow/.local/lib/python3.12/site-packages/airflow/example_dags/example_python_operator.py took 0.058 seconds
[2025-12-30T23:38:23.212+0000] {processor.py:161} INFO - Started process (PID=578) to work on /home/airflow/.local/lib/python3.12/site-packages/airflow/example_dags/example_python_operator.py
[2025-12-30T23:38:23.215+0000] {processor.py:830} INFO - Processing file /home/airflow/.local/lib/python3.12/site-packages/airflow/example_dags/example_python_operator.py for tasks to queue
[2025-12-30T23:38:23.221+0000] {logging_mixin.py:188} INFO - [2025-12-30T23:38:23.220+0000] {dagbag.py:545} INFO - Filling up the DagBag from /home/airflow/.local/lib/python3.12/site-packages/airflow/example_dags/example_python_operator.py
[2025-12-30T23:38:23.247+0000] {processor.py:840} INFO - DAG(s) 'example_python_operator' retrieved from /home/airflow/.local/lib/python3.12/site-packages/airflow/example_dags/example_python_operator.py
[2025-12-30T23:38:23.280+0000] {logging_mixin.py:188} INFO - [2025-12-30T23:38:23.279+0000] {dag.py:3096} INFO - Sync 1 DAGs
[2025-12-30T23:38:23.292+0000] {logging_mixin.py:188} INFO - [2025-12-30T23:38:23.292+0000] {dag.py:3954} INFO - Setting next_dagrun for example_python_operator to None, run_after=None
[2025-12-30T23:38:23.304+0000] {processor.py:183} INFO - Processing /home/airflow/.local/lib/python3.12/site-packages/airflow/example_dags/example_python_operator.py took 0.104 seconds
[2025-12-30T23:38:53.808+0000] {processor.py:161} INFO - Started process (PID=637) to work on /home/airflow/.local/lib/python3.12/site-packages/airflow/example_dags/example_python_operator.py
[2025-12-30T23:38:53.809+0000] {processor.py:830} INFO - Processing file /home/airflow/.local/lib/python3.12/site-packages/airflow/example_dags/example_python_operator.py for tasks to queue
[2025-12-30T23:38:53.812+0000] {logging_mixin.py:188} INFO - [2025-12-30T23:38:53.811+0000] {dagbag.py:545} INFO - Filling up the DagBag from /home/airflow/.local/lib/python3.12/site-packages/airflow/example_dags/example_python_operator.py
[2025-12-30T23:38:53.829+0000] {processor.py:840} INFO - DAG(s) 'example_python_operator' retrieved from /home/airflow/.local/lib/python3.12/site-packages/airflow/example_dags/example_python_operator.py
[2025-12-30T23:38:53.841+0000] {logging_mixin.py:188} INFO - [2025-12-30T23:38:53.841+0000] {dag.py:3096} INFO - Sync 1 DAGs
[2025-12-30T23:38:53.847+0000] {logging_mixin.py:188} INFO - [2025-12-30T23:38:53.847+0000] {dag.py:3954} INFO - Setting next_dagrun for example_python_operator to None, run_after=None
[2025-12-30T23:38:53.855+0000] {processor.py:183} INFO - Processing /home/airflow/.local/lib/python3.12/site-packages/airflow/example_dags/example_python_operator.py took 0.054 seconds
[2025-12-30T23:39:24.208+0000] {processor.py:161} INFO - Started process (PID=696) to work on /home/airflow/.local/lib/python3.12/site-packages/airflow/example_dags/example_python_operator.py
[2025-12-30T23:39:24.209+0000] {processor.py:830} INFO - Processing file /home/airflow/.local/lib/python3.12/site-packages/airflow/example_dags/example_python_operator.py for tasks to queue
[2025-12-30T23:39:24.212+0000] {logging_mixin.py:188} INFO - [2025-12-30T23:39:24.211+0000] {dagbag.py:545} INFO - Filling up the DagBag from /home/airflow/.local/lib/python3.12/site-packages/airflow/example_dags/example_python_operator.py
[2025-12-30T23:39:24.229+0000] {processor.py:840} INFO - DAG(s) 'example_python_operator' retrieved from /home/airflow/.local/lib/python3.12/site-packages/airflow/example_dags/example_python_operator.py
[2025-12-30T23:39:24.246+0000] {logging_mixin.py:188} INFO - [2025-12-30T23:39:24.246+0000] {dag.py:3096} INFO - Sync 1 DAGs
[2025-12-30T23:39:24.253+0000] {logging_mixin.py:188} INFO - [2025-12-30T23:39:24.253+0000] {dag.py:3954} INFO - Setting next_dagrun for example_python_operator to None, run_after=None
[2025-12-30T23:39:24.264+0000] {processor.py:183} INFO - Processing /home/airflow/.local/lib/python3.12/site-packages/airflow/example_dags/example_python_operator.py took 0.066 seconds
[2025-12-30T23:39:54.604+0000] {processor.py:161} INFO - Started process (PID=755) to work on /home/airflow/.local/lib/python3.12/site-packages/airflow/example_dags/example_python_operator.py
[2025-12-30T23:39:54.605+0000] {processor.py:830} INFO - Processing file /home/airflow/.local/lib/python3.12/site-packages/airflow/example_dags/example_python_operator.py for tasks to queue
[2025-12-30T23:39:54.607+0000] {logging_mixin.py:188} INFO - [2025-12-30T23:39:54.606+0000] {dagbag.py:545} INFO - Filling up the DagBag from /home/airflow/.local/lib/python3.12/site-packages/airflow/example_dags/example_python_operator.py
[2025-12-30T23:39:54.624+0000] {processor.py:840} INFO - DAG(s) 'example_python_operator' retrieved from /home/airflow/.local/lib/python3.12/site-packages/airflow/example_dags/example_python_operator.py
[2025-12-30T23:39:54.641+0000] {logging_mixin.py:188} INFO - [2025-12-30T23:39:54.641+0000] {dag.py:3096} INFO - Sync 1 DAGs
[2025-12-30T23:39:54.652+0000] {logging_mixin.py:188} INFO - [2025-12-30T23:39:54.652+0000] {dag.py:3954} INFO - Setting next_dagrun for example_python_operator to None, run_after=None
[2025-12-30T23:39:54.660+0000] {processor.py:183} INFO - Processing /home/airflow/.local/lib/python3.12/site-packages/airflow/example_dags/example_python_operator.py took 0.062 seconds
[2025-12-30T23:40:24.790+0000] {processor.py:161} INFO - Started process (PID=814) to work on /home/airflow/.local/lib/python3.12/site-packages/airflow/example_dags/example_python_operator.py
[2025-12-30T23:40:24.791+0000] {processor.py:830} INFO - Processing file /home/airflow/.local/lib/python3.12/site-packages/airflow/example_dags/example_python_operator.py for tasks to queue
[2025-12-30T23:40:24.794+0000] {logging_mixin.py:188} INFO - [2025-12-30T23:40:24.793+0000] {dagbag.py:545} INFO - Filling up the DagBag from /home/airflow/.local/lib/python3.12/site-packages/airflow/example_dags/example_python_operator.py
[2025-12-30T23:40:24.810+0000] {processor.py:840} INFO - DAG(s) 'example_python_operator' retrieved from /home/airflow/.local/lib/python3.12/site-packages/airflow/example_dags/example_python_operator.py
[2025-12-30T23:40:24.832+0000] {logging_mixin.py:188} INFO - [2025-12-30T23:40:24.832+0000] {dag.py:3096} INFO - Sync 1 DAGs
[2025-12-30T23:40:24.840+0000] {logging_mixin.py:188} INFO - [2025-12-30T23:40:24.839+0000] {dag.py:3954} INFO - Setting next_dagrun for example_python_operator to None, run_after=None
[2025-12-30T23:40:24.852+0000] {processor.py:183} INFO - Processing /home/airflow/.local/lib/python3.12/site-packages/airflow/example_dags/example_python_operator.py took 0.073 seconds
[2025-12-30T23:40:55.101+0000] {processor.py:161} INFO - Started process (PID=874) to work on /home/airflow/.local/lib/python3.12/site-packages/airflow/example_dags/example_python_operator.py
[2025-12-30T23:40:55.102+0000] {processor.py:830} INFO - Processing file /home/airflow/.local/lib/python3.12/site-packages/airflow/example_dags/example_python_operator.py for tasks to queue
[2025-12-30T23:40:55.104+0000] {logging_mixin.py:188} INFO - [2025-12-30T23:40:55.104+0000] {dagbag.py:545} INFO - Filling up the DagBag from /home/airflow/.local/lib/python3.12/site-packages/airflow/example_dags/example_python_operator.py
[2025-12-30T23:40:55.117+0000] {processor.py:840} INFO - DAG(s) 'example_python_operator' retrieved from /home/airflow/.local/lib/python3.12/site-packages/airflow/example_dags/example_python_operator.py
[2025-12-30T23:40:55.136+0000] {logging_mixin.py:188} INFO - [2025-12-30T23:40:55.136+0000] {dag.py:3096} INFO - Sync 1 DAGs
[2025-12-30T23:40:55.142+0000] {logging_mixin.py:188} INFO - [2025-12-30T23:40:55.142+0000] {dag.py:3954} INFO - Setting next_dagrun for example_python_operator to None, run_after=None
[2025-12-30T23:40:55.150+0000] {processor.py:183} INFO - Processing /home/airflow/.local/lib/python3.12/site-packages/airflow/example_dags/example_python_operator.py took 0.054 seconds
[2025-12-30T23:42:55.607+0000] {processor.py:161} INFO - Started process (PID=40) to work on /home/airflow/.local/lib/python3.12/site-packages/airflow/example_dags/example_python_operator.py
[2025-12-30T23:42:55.608+0000] {processor.py:830} INFO - Processing file /home/airflow/.local/lib/python3.12/site-packages/airflow/example_dags/example_python_operator.py for tasks to queue
[2025-12-30T23:42:55.613+0000] {logging_mixin.py:188} INFO - [2025-12-30T23:42:55.613+0000] {dagbag.py:545} INFO - Filling up the DagBag from /home/airflow/.local/lib/python3.12/site-packages/airflow/example_dags/example_python_operator.py
[2025-12-30T23:42:55.732+0000] {processor.py:840} INFO - DAG(s) 'example_python_operator' retrieved from /home/airflow/.local/lib/python3.12/site-packages/airflow/example_dags/example_python_operator.py
[2025-12-30T23:42:55.805+0000] {logging_mixin.py:188} INFO - [2025-12-30T23:42:55.805+0000] {dag.py:3096} INFO - Sync 1 DAGs
[2025-12-30T23:42:55.889+0000] {logging_mixin.py:188} INFO - [2025-12-30T23:42:55.889+0000] {dag.py:3954} INFO - Setting next_dagrun for example_python_operator to None, run_after=None
[2025-12-30T23:42:55.932+0000] {processor.py:183} INFO - Processing /home/airflow/.local/lib/python3.12/site-packages/airflow/example_dags/example_python_operator.py took 0.337 seconds
[2025-12-30T23:43:26.310+0000] {processor.py:161} INFO - Started process (PID=100) to work on /home/airflow/.local/lib/python3.12/site-packages/airflow/example_dags/example_python_operator.py
[2025-12-30T23:43:26.311+0000] {processor.py:830} INFO - Processing file /home/airflow/.local/lib/python3.12/site-packages/airflow/example_dags/example_python_operator.py for tasks to queue
[2025-12-30T23:43:26.312+0000] {logging_mixin.py:188} INFO - [2025-12-30T23:43:26.312+0000] {dagbag.py:545} INFO - Filling up the DagBag from /home/airflow/.local/lib/python3.12/site-packages/airflow/example_dags/example_python_operator.py
[2025-12-30T23:43:26.321+0000] {processor.py:840} INFO - DAG(s) 'example_python_operator' retrieved from /home/airflow/.local/lib/python3.12/site-packages/airflow/example_dags/example_python_operator.py
[2025-12-30T23:43:26.458+0000] {logging_mixin.py:188} INFO - [2025-12-30T23:43:26.457+0000] {dag.py:3096} INFO - Sync 1 DAGs
[2025-12-30T23:43:26.478+0000] {logging_mixin.py:188} INFO - [2025-12-30T23:43:26.478+0000] {dag.py:3954} INFO - Setting next_dagrun for example_python_operator to None, run_after=None
[2025-12-30T23:43:26.493+0000] {processor.py:183} INFO - Processing /home/airflow/.local/lib/python3.12/site-packages/airflow/example_dags/example_python_operator.py took 0.186 seconds
[2025-12-30T23:43:56.612+0000] {processor.py:161} INFO - Started process (PID=158) to work on /home/airflow/.local/lib/python3.12/site-packages/airflow/example_dags/example_python_operator.py
[2025-12-30T23:43:56.613+0000] {processor.py:830} INFO - Processing file /home/airflow/.local/lib/python3.12/site-packages/airflow/example_dags/example_python_operator.py for tasks to queue
[2025-12-30T23:43:56.615+0000] {logging_mixin.py:188} INFO - [2025-12-30T23:43:56.614+0000] {dagbag.py:545} INFO - Filling up the DagBag from /home/airflow/.local/lib/python3.12/site-packages/airflow/example_dags/example_python_operator.py
[2025-12-30T23:43:56.624+0000] {processor.py:840} INFO - DAG(s) 'example_python_operator' retrieved from /home/airflow/.local/lib/python3.12/site-packages/airflow/example_dags/example_python_operator.py
[2025-12-30T23:43:56.638+0000] {logging_mixin.py:188} INFO - [2025-12-30T23:43:56.638+0000] {dag.py:3096} INFO - Sync 1 DAGs
[2025-12-30T23:43:56.646+0000] {logging_mixin.py:188} INFO - [2025-12-30T23:43:56.645+0000] {dag.py:3954} INFO - Setting next_dagrun for example_python_operator to None, run_after=None
[2025-12-30T23:43:56.655+0000] {processor.py:183} INFO - Processing /home/airflow/.local/lib/python3.12/site-packages/airflow/example_dags/example_python_operator.py took 0.049 seconds
[2025-12-30T23:44:26.955+0000] {processor.py:161} INFO - Started process (PID=218) to work on /home/airflow/.local/lib/python3.12/site-packages/airflow/example_dags/example_python_operator.py
[2025-12-30T23:44:26.958+0000] {processor.py:830} INFO - Processing file /home/airflow/.local/lib/python3.12/site-packages/airflow/example_dags/example_python_operator.py for tasks to queue
[2025-12-30T23:44:26.960+0000] {logging_mixin.py:188} INFO - [2025-12-30T23:44:26.960+0000] {dagbag.py:545} INFO - Filling up the DagBag from /home/airflow/.local/lib/python3.12/site-packages/airflow/example_dags/example_python_operator.py
[2025-12-30T23:44:26.972+0000] {processor.py:840} INFO - DAG(s) 'example_python_operator' retrieved from /home/airflow/.local/lib/python3.12/site-packages/airflow/example_dags/example_python_operator.py
[2025-12-30T23:44:26.991+0000] {logging_mixin.py:188} INFO - [2025-12-30T23:44:26.990+0000] {dag.py:3096} INFO - Sync 1 DAGs
[2025-12-30T23:44:27.001+0000] {logging_mixin.py:188} INFO - [2025-12-30T23:44:27.001+0000] {dag.py:3954} INFO - Setting next_dagrun for example_python_operator to None, run_after=None
[2025-12-30T23:44:27.011+0000] {processor.py:183} INFO - Processing /home/airflow/.local/lib/python3.12/site-packages/airflow/example_dags/example_python_operator.py took 0.063 seconds
[2025-12-30T23:44:57.094+0000] {processor.py:161} INFO - Started process (PID=278) to work on /home/airflow/.local/lib/python3.12/site-packages/airflow/example_dags/example_python_operator.py
[2025-12-30T23:44:57.095+0000] {processor.py:830} INFO - Processing file /home/airflow/.local/lib/python3.12/site-packages/airflow/example_dags/example_python_operator.py for tasks to queue
[2025-12-30T23:44:57.100+0000] {logging_mixin.py:188} INFO - [2025-12-30T23:44:57.099+0000] {dagbag.py:545} INFO - Filling up the DagBag from /home/airflow/.local/lib/python3.12/site-packages/airflow/example_dags/example_python_operator.py
[2025-12-30T23:44:57.115+0000] {processor.py:840} INFO - DAG(s) 'example_python_operator' retrieved from /home/airflow/.local/lib/python3.12/site-packages/airflow/example_dags/example_python_operator.py
[2025-12-30T23:44:57.131+0000] {logging_mixin.py:188} INFO - [2025-12-30T23:44:57.131+0000] {dag.py:3096} INFO - Sync 1 DAGs
[2025-12-30T23:44:57.138+0000] {logging_mixin.py:188} INFO - [2025-12-30T23:44:57.138+0000] {dag.py:3954} INFO - Setting next_dagrun for example_python_operator to None, run_after=None
[2025-12-30T23:44:57.148+0000] {processor.py:183} INFO - Processing /home/airflow/.local/lib/python3.12/site-packages/airflow/example_dags/example_python_operator.py took 0.061 seconds
[2025-12-30T23:45:27.733+0000] {processor.py:161} INFO - Started process (PID=338) to work on /home/airflow/.local/lib/python3.12/site-packages/airflow/example_dags/example_python_operator.py
[2025-12-30T23:45:27.735+0000] {processor.py:830} INFO - Processing file /home/airflow/.local/lib/python3.12/site-packages/airflow/example_dags/example_python_operator.py for tasks to queue
[2025-12-30T23:45:27.737+0000] {logging_mixin.py:188} INFO - [2025-12-30T23:45:27.737+0000] {dagbag.py:545} INFO - Filling up the DagBag from /home/airflow/.local/lib/python3.12/site-packages/airflow/example_dags/example_python_operator.py
[2025-12-30T23:45:27.759+0000] {processor.py:840} INFO - DAG(s) 'example_python_operator' retrieved from /home/airflow/.local/lib/python3.12/site-packages/airflow/example_dags/example_python_operator.py
[2025-12-30T23:45:27.772+0000] {logging_mixin.py:188} INFO - [2025-12-30T23:45:27.772+0000] {dag.py:3096} INFO - Sync 1 DAGs
[2025-12-30T23:45:27.779+0000] {logging_mixin.py:188} INFO - [2025-12-30T23:45:27.779+0000] {dag.py:3954} INFO - Setting next_dagrun for example_python_operator to None, run_after=None
[2025-12-30T23:45:27.794+0000] {processor.py:183} INFO - Processing /home/airflow/.local/lib/python3.12/site-packages/airflow/example_dags/example_python_operator.py took 0.071 seconds
[2025-12-30T23:45:57.967+0000] {processor.py:161} INFO - Started process (PID=398) to work on /home/airflow/.local/lib/python3.12/site-packages/airflow/example_dags/example_python_operator.py
[2025-12-30T23:45:57.968+0000] {processor.py:830} INFO - Processing file /home/airflow/.local/lib/python3.12/site-packages/airflow/example_dags/example_python_operator.py for tasks to queue
[2025-12-30T23:45:57.970+0000] {logging_mixin.py:188} INFO - [2025-12-30T23:45:57.970+0000] {dagbag.py:545} INFO - Filling up the DagBag from /home/airflow/.local/lib/python3.12/site-packages/airflow/example_dags/example_python_operator.py
[2025-12-30T23:45:57.986+0000] {processor.py:840} INFO - DAG(s) 'example_python_operator' retrieved from /home/airflow/.local/lib/python3.12/site-packages/airflow/example_dags/example_python_operator.py
[2025-12-30T23:45:57.998+0000] {logging_mixin.py:188} INFO - [2025-12-30T23:45:57.998+0000] {dag.py:3096} INFO - Sync 1 DAGs
[2025-12-30T23:45:58.009+0000] {logging_mixin.py:188} INFO - [2025-12-30T23:45:58.009+0000] {dag.py:3954} INFO - Setting next_dagrun for example_python_operator to None, run_after=None
[2025-12-30T23:45:58.018+0000] {processor.py:183} INFO - Processing /home/airflow/.local/lib/python3.12/site-packages/airflow/example_dags/example_python_operator.py took 0.060 seconds
[2025-12-30T23:46:28.121+0000] {processor.py:161} INFO - Started process (PID=458) to work on /home/airflow/.local/lib/python3.12/site-packages/airflow/example_dags/example_python_operator.py
[2025-12-30T23:46:28.122+0000] {processor.py:830} INFO - Processing file /home/airflow/.local/lib/python3.12/site-packages/airflow/example_dags/example_python_operator.py for tasks to queue
[2025-12-30T23:46:28.123+0000] {logging_mixin.py:188} INFO - [2025-12-30T23:46:28.123+0000] {dagbag.py:545} INFO - Filling up the DagBag from /home/airflow/.local/lib/python3.12/site-packages/airflow/example_dags/example_python_operator.py
[2025-12-30T23:46:28.136+0000] {processor.py:840} INFO - DAG(s) 'example_python_operator' retrieved from /home/airflow/.local/lib/python3.12/site-packages/airflow/example_dags/example_python_operator.py
[2025-12-30T23:46:28.149+0000] {logging_mixin.py:188} INFO - [2025-12-30T23:46:28.149+0000] {dag.py:3096} INFO - Sync 1 DAGs
[2025-12-30T23:46:28.158+0000] {logging_mixin.py:188} INFO - [2025-12-30T23:46:28.158+0000] {dag.py:3954} INFO - Setting next_dagrun for example_python_operator to None, run_after=None
[2025-12-30T23:46:28.167+0000] {processor.py:183} INFO - Processing /home/airflow/.local/lib/python3.12/site-packages/airflow/example_dags/example_python_operator.py took 0.054 seconds
[2025-12-30T23:46:58.346+0000] {processor.py:161} INFO - Started process (PID=518) to work on /home/airflow/.local/lib/python3.12/site-packages/airflow/example_dags/example_python_operator.py
[2025-12-30T23:46:58.347+0000] {processor.py:830} INFO - Processing file /home/airflow/.local/lib/python3.12/site-packages/airflow/example_dags/example_python_operator.py for tasks to queue
[2025-12-30T23:46:58.349+0000] {logging_mixin.py:188} INFO - [2025-12-30T23:46:58.349+0000] {dagbag.py:545} INFO - Filling up the DagBag from /home/airflow/.local/lib/python3.12/site-packages/airflow/example_dags/example_python_operator.py
[2025-12-30T23:46:58.368+0000] {processor.py:840} INFO - DAG(s) 'example_python_operator' retrieved from /home/airflow/.local/lib/python3.12/site-packages/airflow/example_dags/example_python_operator.py
[2025-12-30T23:46:58.383+0000] {logging_mixin.py:188} INFO - [2025-12-30T23:46:58.383+0000] {dag.py:3096} INFO - Sync 1 DAGs
[2025-12-30T23:46:58.391+0000] {logging_mixin.py:188} INFO - [2025-12-30T23:46:58.391+0000] {dag.py:3954} INFO - Setting next_dagrun for example_python_operator to None, run_after=None
[2025-12-30T23:46:58.404+0000] {processor.py:183} INFO - Processing /home/airflow/.local/lib/python3.12/site-packages/airflow/example_dags/example_python_operator.py took 0.065 seconds
[2025-12-30T23:47:28.848+0000] {processor.py:161} INFO - Started process (PID=578) to work on /home/airflow/.local/lib/python3.12/site-packages/airflow/example_dags/example_python_operator.py
[2025-12-30T23:47:28.849+0000] {processor.py:830} INFO - Processing file /home/airflow/.local/lib/python3.12/site-packages/airflow/example_dags/example_python_operator.py for tasks to queue
[2025-12-30T23:47:28.851+0000] {logging_mixin.py:188} INFO - [2025-12-30T23:47:28.851+0000] {dagbag.py:545} INFO - Filling up the DagBag from /home/airflow/.local/lib/python3.12/site-packages/airflow/example_dags/example_python_operator.py
[2025-12-30T23:47:28.868+0000] {processor.py:840} INFO - DAG(s) 'example_python_operator' retrieved from /home/airflow/.local/lib/python3.12/site-packages/airflow/example_dags/example_python_operator.py
[2025-12-30T23:47:28.881+0000] {logging_mixin.py:188} INFO - [2025-12-30T23:47:28.881+0000] {dag.py:3096} INFO - Sync 1 DAGs
[2025-12-30T23:47:28.891+0000] {logging_mixin.py:188} INFO - [2025-12-30T23:47:28.890+0000] {dag.py:3954} INFO - Setting next_dagrun for example_python_operator to None, run_after=None
[2025-12-30T23:47:28.900+0000] {processor.py:183} INFO - Processing /home/airflow/.local/lib/python3.12/site-packages/airflow/example_dags/example_python_operator.py took 0.063 seconds
[2025-12-30T23:47:59.233+0000] {processor.py:161} INFO - Started process (PID=638) to work on /home/airflow/.local/lib/python3.12/site-packages/airflow/example_dags/example_python_operator.py
[2025-12-30T23:47:59.233+0000] {processor.py:830} INFO - Processing file /home/airflow/.local/lib/python3.12/site-packages/airflow/example_dags/example_python_operator.py for tasks to queue
[2025-12-30T23:47:59.236+0000] {logging_mixin.py:188} INFO - [2025-12-30T23:47:59.235+0000] {dagbag.py:545} INFO - Filling up the DagBag from /home/airflow/.local/lib/python3.12/site-packages/airflow/example_dags/example_python_operator.py
[2025-12-30T23:47:59.256+0000] {processor.py:840} INFO - DAG(s) 'example_python_operator' retrieved from /home/airflow/.local/lib/python3.12/site-packages/airflow/example_dags/example_python_operator.py
[2025-12-30T23:47:59.277+0000] {logging_mixin.py:188} INFO - [2025-12-30T23:47:59.276+0000] {dag.py:3096} INFO - Sync 1 DAGs
[2025-12-30T23:47:59.288+0000] {logging_mixin.py:188} INFO - [2025-12-30T23:47:59.288+0000] {dag.py:3954} INFO - Setting next_dagrun for example_python_operator to None, run_after=None
[2025-12-30T23:47:59.299+0000] {processor.py:183} INFO - Processing /home/airflow/.local/lib/python3.12/site-packages/airflow/example_dags/example_python_operator.py took 0.072 seconds
[2025-12-30T23:48:29.453+0000] {processor.py:161} INFO - Started process (PID=698) to work on /home/airflow/.local/lib/python3.12/site-packages/airflow/example_dags/example_python_operator.py
[2025-12-30T23:48:29.454+0000] {processor.py:830} INFO - Processing file /home/airflow/.local/lib/python3.12/site-packages/airflow/example_dags/example_python_operator.py for tasks to queue
[2025-12-30T23:48:29.458+0000] {logging_mixin.py:188} INFO - [2025-12-30T23:48:29.458+0000] {dagbag.py:545} INFO - Filling up the DagBag from /home/airflow/.local/lib/python3.12/site-packages/airflow/example_dags/example_python_operator.py
[2025-12-30T23:48:29.477+0000] {processor.py:840} INFO - DAG(s) 'example_python_operator' retrieved from /home/airflow/.local/lib/python3.12/site-packages/airflow/example_dags/example_python_operator.py
[2025-12-30T23:48:29.499+0000] {logging_mixin.py:188} INFO - [2025-12-30T23:48:29.498+0000] {dag.py:3096} INFO - Sync 1 DAGs
[2025-12-30T23:48:29.512+0000] {logging_mixin.py:188} INFO - [2025-12-30T23:48:29.512+0000] {dag.py:3954} INFO - Setting next_dagrun for example_python_operator to None, run_after=None
[2025-12-30T23:48:29.522+0000] {processor.py:183} INFO - Processing /home/airflow/.local/lib/python3.12/site-packages/airflow/example_dags/example_python_operator.py took 0.079 seconds
[2025-12-30T23:48:59.770+0000] {processor.py:161} INFO - Started process (PID=764) to work on /home/airflow/.local/lib/python3.12/site-packages/airflow/example_dags/example_python_operator.py
[2025-12-30T23:48:59.771+0000] {processor.py:830} INFO - Processing file /home/airflow/.local/lib/python3.12/site-packages/airflow/example_dags/example_python_operator.py for tasks to queue
[2025-12-30T23:48:59.779+0000] {logging_mixin.py:188} INFO - [2025-12-30T23:48:59.778+0000] {dagbag.py:545} INFO - Filling up the DagBag from /home/airflow/.local/lib/python3.12/site-packages/airflow/example_dags/example_python_operator.py
[2025-12-30T23:48:59.817+0000] {processor.py:840} INFO - DAG(s) 'example_python_operator' retrieved from /home/airflow/.local/lib/python3.12/site-packages/airflow/example_dags/example_python_operator.py
[2025-12-30T23:48:59.842+0000] {logging_mixin.py:188} INFO - [2025-12-30T23:48:59.842+0000] {dag.py:3096} INFO - Sync 1 DAGs
[2025-12-30T23:48:59.851+0000] {logging_mixin.py:188} INFO - [2025-12-30T23:48:59.851+0000] {dag.py:3954} INFO - Setting next_dagrun for example_python_operator to None, run_after=None
[2025-12-30T23:48:59.860+0000] {processor.py:183} INFO - Processing /home/airflow/.local/lib/python3.12/site-packages/airflow/example_dags/example_python_operator.py took 0.110 seconds
[2025-12-30T23:49:30.030+0000] {processor.py:161} INFO - Started process (PID=824) to work on /home/airflow/.local/lib/python3.12/site-packages/airflow/example_dags/example_python_operator.py
[2025-12-30T23:49:30.031+0000] {processor.py:830} INFO - Processing file /home/airflow/.local/lib/python3.12/site-packages/airflow/example_dags/example_python_operator.py for tasks to queue
[2025-12-30T23:49:30.033+0000] {logging_mixin.py:188} INFO - [2025-12-30T23:49:30.033+0000] {dagbag.py:545} INFO - Filling up the DagBag from /home/airflow/.local/lib/python3.12/site-packages/airflow/example_dags/example_python_operator.py
[2025-12-30T23:49:30.052+0000] {processor.py:840} INFO - DAG(s) 'example_python_operator' retrieved from /home/airflow/.local/lib/python3.12/site-packages/airflow/example_dags/example_python_operator.py
[2025-12-30T23:49:30.068+0000] {logging_mixin.py:188} INFO - [2025-12-30T23:49:30.068+0000] {dag.py:3096} INFO - Sync 1 DAGs
[2025-12-30T23:49:30.076+0000] {logging_mixin.py:188} INFO - [2025-12-30T23:49:30.076+0000] {dag.py:3954} INFO - Setting next_dagrun for example_python_operator to None, run_after=None
[2025-12-30T23:49:30.086+0000] {processor.py:183} INFO - Processing /home/airflow/.local/lib/python3.12/site-packages/airflow/example_dags/example_python_operator.py took 0.064 seconds
[2025-12-30T23:50:00.204+0000] {processor.py:161} INFO - Started process (PID=884) to work on /home/airflow/.local/lib/python3.12/site-packages/airflow/example_dags/example_python_operator.py
[2025-12-30T23:50:00.205+0000] {processor.py:830} INFO - Processing file /home/airflow/.local/lib/python3.12/site-packages/airflow/example_dags/example_python_operator.py for tasks to queue
[2025-12-30T23:50:00.207+0000] {logging_mixin.py:188} INFO - [2025-12-30T23:50:00.207+0000] {dagbag.py:545} INFO - Filling up the DagBag from /home/airflow/.local/lib/python3.12/site-packages/airflow/example_dags/example_python_operator.py
[2025-12-30T23:50:00.223+0000] {processor.py:840} INFO - DAG(s) 'example_python_operator' retrieved from /home/airflow/.local/lib/python3.12/site-packages/airflow/example_dags/example_python_operator.py
[2025-12-30T23:50:00.246+0000] {logging_mixin.py:188} INFO - [2025-12-30T23:50:00.246+0000] {dag.py:3096} INFO - Sync 1 DAGs
[2025-12-30T23:50:00.256+0000] {logging_mixin.py:188} INFO - [2025-12-30T23:50:00.256+0000] {dag.py:3954} INFO - Setting next_dagrun for example_python_operator to None, run_after=None
[2025-12-30T23:50:00.267+0000] {processor.py:183} INFO - Processing /home/airflow/.local/lib/python3.12/site-packages/airflow/example_dags/example_python_operator.py took 0.074 seconds
[2025-12-30T23:50:30.804+0000] {processor.py:161} INFO - Started process (PID=944) to work on /home/airflow/.local/lib/python3.12/site-packages/airflow/example_dags/example_python_operator.py
[2025-12-30T23:50:30.806+0000] {processor.py:830} INFO - Processing file /home/airflow/.local/lib/python3.12/site-packages/airflow/example_dags/example_python_operator.py for tasks to queue
[2025-12-30T23:50:30.807+0000] {logging_mixin.py:188} INFO - [2025-12-30T23:50:30.807+0000] {dagbag.py:545} INFO - Filling up the DagBag from /home/airflow/.local/lib/python3.12/site-packages/airflow/example_dags/example_python_operator.py
[2025-12-30T23:50:30.831+0000] {processor.py:840} INFO - DAG(s) 'example_python_operator' retrieved from /home/airflow/.local/lib/python3.12/site-packages/airflow/example_dags/example_python_operator.py
[2025-12-30T23:50:30.849+0000] {logging_mixin.py:188} INFO - [2025-12-30T23:50:30.849+0000] {dag.py:3096} INFO - Sync 1 DAGs
[2025-12-30T23:50:30.861+0000] {logging_mixin.py:188} INFO - [2025-12-30T23:50:30.860+0000] {dag.py:3954} INFO - Setting next_dagrun for example_python_operator to None, run_after=None
[2025-12-30T23:50:30.872+0000] {processor.py:183} INFO - Processing /home/airflow/.local/lib/python3.12/site-packages/airflow/example_dags/example_python_operator.py took 0.077 seconds
[2025-12-30T23:51:01.130+0000] {processor.py:161} INFO - Started process (PID=1004) to work on /home/airflow/.local/lib/python3.12/site-packages/airflow/example_dags/example_python_operator.py
[2025-12-30T23:51:01.132+0000] {processor.py:830} INFO - Processing file /home/airflow/.local/lib/python3.12/site-packages/airflow/example_dags/example_python_operator.py for tasks to queue
[2025-12-30T23:51:01.138+0000] {logging_mixin.py:188} INFO - [2025-12-30T23:51:01.138+0000] {dagbag.py:545} INFO - Filling up the DagBag from /home/airflow/.local/lib/python3.12/site-packages/airflow/example_dags/example_python_operator.py
[2025-12-30T23:51:01.150+0000] {processor.py:840} INFO - DAG(s) 'example_python_operator' retrieved from /home/airflow/.local/lib/python3.12/site-packages/airflow/example_dags/example_python_operator.py
[2025-12-30T23:51:01.165+0000] {logging_mixin.py:188} INFO - [2025-12-30T23:51:01.165+0000] {dag.py:3096} INFO - Sync 1 DAGs
[2025-12-30T23:51:01.172+0000] {logging_mixin.py:188} INFO - [2025-12-30T23:51:01.172+0000] {dag.py:3954} INFO - Setting next_dagrun for example_python_operator to None, run_after=None
[2025-12-30T23:51:01.181+0000] {processor.py:183} INFO - Processing /home/airflow/.local/lib/python3.12/site-packages/airflow/example_dags/example_python_operator.py took 0.055 seconds
[2025-12-30T23:51:31.270+0000] {processor.py:161} INFO - Started process (PID=1064) to work on /home/airflow/.local/lib/python3.12/site-packages/airflow/example_dags/example_python_operator.py
[2025-12-30T23:51:31.271+0000] {processor.py:830} INFO - Processing file /home/airflow/.local/lib/python3.12/site-packages/airflow/example_dags/example_python_operator.py for tasks to queue
[2025-12-30T23:51:31.273+0000] {logging_mixin.py:188} INFO - [2025-12-30T23:51:31.272+0000] {dagbag.py:545} INFO - Filling up the DagBag from /home/airflow/.local/lib/python3.12/site-packages/airflow/example_dags/example_python_operator.py
[2025-12-30T23:51:31.291+0000] {processor.py:840} INFO - DAG(s) 'example_python_operator' retrieved from /home/airflow/.local/lib/python3.12/site-packages/airflow/example_dags/example_python_operator.py
[2025-12-30T23:51:31.317+0000] {logging_mixin.py:188} INFO - [2025-12-30T23:51:31.316+0000] {dag.py:3096} INFO - Sync 1 DAGs
[2025-12-30T23:51:31.325+0000] {logging_mixin.py:188} INFO - [2025-12-30T23:51:31.325+0000] {dag.py:3954} INFO - Setting next_dagrun for example_python_operator to None, run_after=None
[2025-12-30T23:51:31.339+0000] {processor.py:183} INFO - Processing /home/airflow/.local/lib/python3.12/site-packages/airflow/example_dags/example_python_operator.py took 0.078 seconds
[2025-12-30T23:52:01.736+0000] {processor.py:161} INFO - Started process (PID=1124) to work on /home/airflow/.local/lib/python3.12/site-packages/airflow/example_dags/example_python_operator.py
[2025-12-30T23:52:01.737+0000] {processor.py:830} INFO - Processing file /home/airflow/.local/lib/python3.12/site-packages/airflow/example_dags/example_python_operator.py for tasks to queue
[2025-12-30T23:52:01.739+0000] {logging_mixin.py:188} INFO - [2025-12-30T23:52:01.738+0000] {dagbag.py:545} INFO - Filling up the DagBag from /home/airflow/.local/lib/python3.12/site-packages/airflow/example_dags/example_python_operator.py
[2025-12-30T23:52:01.752+0000] {processor.py:840} INFO - DAG(s) 'example_python_operator' retrieved from /home/airflow/.local/lib/python3.12/site-packages/airflow/example_dags/example_python_operator.py
[2025-12-30T23:52:01.765+0000] {logging_mixin.py:188} INFO - [2025-12-30T23:52:01.765+0000] {dag.py:3096} INFO - Sync 1 DAGs
[2025-12-30T23:52:01.774+0000] {logging_mixin.py:188} INFO - [2025-12-30T23:52:01.773+0000] {dag.py:3954} INFO - Setting next_dagrun for example_python_operator to None, run_after=None
[2025-12-30T23:52:01.783+0000] {processor.py:183} INFO - Processing /home/airflow/.local/lib/python3.12/site-packages/airflow/example_dags/example_python_operator.py took 0.051 seconds
[2025-12-30T23:52:32.034+0000] {processor.py:161} INFO - Started process (PID=1184) to work on /home/airflow/.local/lib/python3.12/site-packages/airflow/example_dags/example_python_operator.py
[2025-12-30T23:52:32.035+0000] {processor.py:830} INFO - Processing file /home/airflow/.local/lib/python3.12/site-packages/airflow/example_dags/example_python_operator.py for tasks to queue
[2025-12-30T23:52:32.038+0000] {logging_mixin.py:188} INFO - [2025-12-30T23:52:32.038+0000] {dagbag.py:545} INFO - Filling up the DagBag from /home/airflow/.local/lib/python3.12/site-packages/airflow/example_dags/example_python_operator.py
[2025-12-30T23:52:32.054+0000] {processor.py:840} INFO - DAG(s) 'example_python_operator' retrieved from /home/airflow/.local/lib/python3.12/site-packages/airflow/example_dags/example_python_operator.py
[2025-12-30T23:52:32.072+0000] {logging_mixin.py:188} INFO - [2025-12-30T23:52:32.072+0000] {dag.py:3096} INFO - Sync 1 DAGs
[2025-12-30T23:52:32.081+0000] {logging_mixin.py:188} INFO - [2025-12-30T23:52:32.081+0000] {dag.py:3954} INFO - Setting next_dagrun for example_python_operator to None, run_after=None
[2025-12-30T23:52:32.091+0000] {processor.py:183} INFO - Processing /home/airflow/.local/lib/python3.12/site-packages/airflow/example_dags/example_python_operator.py took 0.064 seconds
[2025-12-30T23:53:02.425+0000] {processor.py:161} INFO - Started process (PID=1244) to work on /home/airflow/.local/lib/python3.12/site-packages/airflow/example_dags/example_python_operator.py
[2025-12-30T23:53:02.427+0000] {processor.py:830} INFO - Processing file /home/airflow/.local/lib/python3.12/site-packages/airflow/example_dags/example_python_operator.py for tasks to queue
[2025-12-30T23:53:02.430+0000] {logging_mixin.py:188} INFO - [2025-12-30T23:53:02.430+0000] {dagbag.py:545} INFO - Filling up the DagBag from /home/airflow/.local/lib/python3.12/site-packages/airflow/example_dags/example_python_operator.py
[2025-12-30T23:53:02.452+0000] {processor.py:840} INFO - DAG(s) 'example_python_operator' retrieved from /home/airflow/.local/lib/python3.12/site-packages/airflow/example_dags/example_python_operator.py
[2025-12-30T23:53:02.479+0000] {logging_mixin.py:188} INFO - [2025-12-30T23:53:02.479+0000] {dag.py:3096} INFO - Sync 1 DAGs
[2025-12-30T23:53:02.500+0000] {logging_mixin.py:188} INFO - [2025-12-30T23:53:02.500+0000] {dag.py:3954} INFO - Setting next_dagrun for example_python_operator to None, run_after=None
[2025-12-30T23:53:02.528+0000] {processor.py:183} INFO - Processing /home/airflow/.local/lib/python3.12/site-packages/airflow/example_dags/example_python_operator.py took 0.114 seconds
[2025-12-30T23:53:33.214+0000] {processor.py:161} INFO - Started process (PID=1304) to work on /home/airflow/.local/lib/python3.12/site-packages/airflow/example_dags/example_python_operator.py
[2025-12-30T23:53:33.215+0000] {processor.py:830} INFO - Processing file /home/airflow/.local/lib/python3.12/site-packages/airflow/example_dags/example_python_operator.py for tasks to queue
[2025-12-30T23:53:33.218+0000] {logging_mixin.py:188} INFO - [2025-12-30T23:53:33.217+0000] {dagbag.py:545} INFO - Filling up the DagBag from /home/airflow/.local/lib/python3.12/site-packages/airflow/example_dags/example_python_operator.py
[2025-12-30T23:53:33.232+0000] {processor.py:840} INFO - DAG(s) 'example_python_operator' retrieved from /home/airflow/.local/lib/python3.12/site-packages/airflow/example_dags/example_python_operator.py
[2025-12-30T23:53:33.250+0000] {logging_mixin.py:188} INFO - [2025-12-30T23:53:33.250+0000] {dag.py:3096} INFO - Sync 1 DAGs
[2025-12-30T23:53:33.261+0000] {logging_mixin.py:188} INFO - [2025-12-30T23:53:33.261+0000] {dag.py:3954} INFO - Setting next_dagrun for example_python_operator to None, run_after=None
[2025-12-30T23:53:33.271+0000] {processor.py:183} INFO - Processing /home/airflow/.local/lib/python3.12/site-packages/airflow/example_dags/example_python_operator.py took 0.062 seconds
[2025-12-30T23:54:03.449+0000] {processor.py:161} INFO - Started process (PID=1364) to work on /home/airflow/.local/lib/python3.12/site-packages/airflow/example_dags/example_python_operator.py
[2025-12-30T23:54:03.450+0000] {processor.py:830} INFO - Processing file /home/airflow/.local/lib/python3.12/site-packages/airflow/example_dags/example_python_operator.py for tasks to queue
[2025-12-30T23:54:03.455+0000] {logging_mixin.py:188} INFO - [2025-12-30T23:54:03.455+0000] {dagbag.py:545} INFO - Filling up the DagBag from /home/airflow/.local/lib/python3.12/site-packages/airflow/example_dags/example_python_operator.py
[2025-12-30T23:54:03.478+0000] {processor.py:840} INFO - DAG(s) 'example_python_operator' retrieved from /home/airflow/.local/lib/python3.12/site-packages/airflow/example_dags/example_python_operator.py
[2025-12-30T23:54:03.496+0000] {logging_mixin.py:188} INFO - [2025-12-30T23:54:03.496+0000] {dag.py:3096} INFO - Sync 1 DAGs
[2025-12-30T23:54:03.505+0000] {logging_mixin.py:188} INFO - [2025-12-30T23:54:03.505+0000] {dag.py:3954} INFO - Setting next_dagrun for example_python_operator to None, run_after=None
[2025-12-30T23:54:03.515+0000] {processor.py:183} INFO - Processing /home/airflow/.local/lib/python3.12/site-packages/airflow/example_dags/example_python_operator.py took 0.069 seconds
[2025-12-30T23:54:34.483+0000] {processor.py:161} INFO - Started process (PID=1424) to work on /home/airflow/.local/lib/python3.12/site-packages/airflow/example_dags/example_python_operator.py
[2025-12-30T23:54:34.484+0000] {processor.py:830} INFO - Processing file /home/airflow/.local/lib/python3.12/site-packages/airflow/example_dags/example_python_operator.py for tasks to queue
[2025-12-30T23:54:34.493+0000] {logging_mixin.py:188} INFO - [2025-12-30T23:54:34.493+0000] {dagbag.py:545} INFO - Filling up the DagBag from /home/airflow/.local/lib/python3.12/site-packages/airflow/example_dags/example_python_operator.py
[2025-12-30T23:54:34.506+0000] {processor.py:840} INFO - DAG(s) 'example_python_operator' retrieved from /home/airflow/.local/lib/python3.12/site-packages/airflow/example_dags/example_python_operator.py
[2025-12-30T23:54:34.526+0000] {logging_mixin.py:188} INFO - [2025-12-30T23:54:34.526+0000] {dag.py:3096} INFO - Sync 1 DAGs
[2025-12-30T23:54:34.533+0000] {logging_mixin.py:188} INFO - [2025-12-30T23:54:34.533+0000] {dag.py:3954} INFO - Setting next_dagrun for example_python_operator to None, run_after=None
[2025-12-30T23:54:34.546+0000] {processor.py:183} INFO - Processing /home/airflow/.local/lib/python3.12/site-packages/airflow/example_dags/example_python_operator.py took 0.067 seconds
[2025-12-30T23:55:04.970+0000] {processor.py:161} INFO - Started process (PID=1484) to work on /home/airflow/.local/lib/python3.12/site-packages/airflow/example_dags/example_python_operator.py
[2025-12-30T23:55:04.971+0000] {processor.py:830} INFO - Processing file /home/airflow/.local/lib/python3.12/site-packages/airflow/example_dags/example_python_operator.py for tasks to queue
[2025-12-30T23:55:04.973+0000] {logging_mixin.py:188} INFO - [2025-12-30T23:55:04.972+0000] {dagbag.py:545} INFO - Filling up the DagBag from /home/airflow/.local/lib/python3.12/site-packages/airflow/example_dags/example_python_operator.py
[2025-12-30T23:55:04.985+0000] {processor.py:840} INFO - DAG(s) 'example_python_operator' retrieved from /home/airflow/.local/lib/python3.12/site-packages/airflow/example_dags/example_python_operator.py
[2025-12-30T23:55:04.998+0000] {logging_mixin.py:188} INFO - [2025-12-30T23:55:04.998+0000] {dag.py:3096} INFO - Sync 1 DAGs
[2025-12-30T23:55:05.007+0000] {logging_mixin.py:188} INFO - [2025-12-30T23:55:05.007+0000] {dag.py:3954} INFO - Setting next_dagrun for example_python_operator to None, run_after=None
[2025-12-30T23:55:05.015+0000] {processor.py:183} INFO - Processing /home/airflow/.local/lib/python3.12/site-packages/airflow/example_dags/example_python_operator.py took 0.051 seconds
[2025-12-30T23:55:35.230+0000] {processor.py:161} INFO - Started process (PID=1544) to work on /home/airflow/.local/lib/python3.12/site-packages/airflow/example_dags/example_python_operator.py
[2025-12-30T23:55:35.231+0000] {processor.py:830} INFO - Processing file /home/airflow/.local/lib/python3.12/site-packages/airflow/example_dags/example_python_operator.py for tasks to queue
[2025-12-30T23:55:35.233+0000] {logging_mixin.py:188} INFO - [2025-12-30T23:55:35.232+0000] {dagbag.py:545} INFO - Filling up the DagBag from /home/airflow/.local/lib/python3.12/site-packages/airflow/example_dags/example_python_operator.py
[2025-12-30T23:55:35.252+0000] {processor.py:840} INFO - DAG(s) 'example_python_operator' retrieved from /home/airflow/.local/lib/python3.12/site-packages/airflow/example_dags/example_python_operator.py
[2025-12-30T23:55:35.271+0000] {logging_mixin.py:188} INFO - [2025-12-30T23:55:35.271+0000] {dag.py:3096} INFO - Sync 1 DAGs
[2025-12-30T23:55:35.282+0000] {logging_mixin.py:188} INFO - [2025-12-30T23:55:35.282+0000] {dag.py:3954} INFO - Setting next_dagrun for example_python_operator to None, run_after=None
[2025-12-30T23:55:35.292+0000] {processor.py:183} INFO - Processing /home/airflow/.local/lib/python3.12/site-packages/airflow/example_dags/example_python_operator.py took 0.072 seconds
[2025-12-30T23:56:05.549+0000] {processor.py:161} INFO - Started process (PID=1604) to work on /home/airflow/.local/lib/python3.12/site-packages/airflow/example_dags/example_python_operator.py
[2025-12-30T23:56:05.550+0000] {processor.py:830} INFO - Processing file /home/airflow/.local/lib/python3.12/site-packages/airflow/example_dags/example_python_operator.py for tasks to queue
[2025-12-30T23:56:05.552+0000] {logging_mixin.py:188} INFO - [2025-12-30T23:56:05.552+0000] {dagbag.py:545} INFO - Filling up the DagBag from /home/airflow/.local/lib/python3.12/site-packages/airflow/example_dags/example_python_operator.py
[2025-12-30T23:56:05.573+0000] {processor.py:840} INFO - DAG(s) 'example_python_operator' retrieved from /home/airflow/.local/lib/python3.12/site-packages/airflow/example_dags/example_python_operator.py
[2025-12-30T23:56:05.586+0000] {logging_mixin.py:188} INFO - [2025-12-30T23:56:05.586+0000] {dag.py:3096} INFO - Sync 1 DAGs
[2025-12-30T23:56:05.594+0000] {logging_mixin.py:188} INFO - [2025-12-30T23:56:05.594+0000] {dag.py:3954} INFO - Setting next_dagrun for example_python_operator to None, run_after=None
[2025-12-30T23:56:05.605+0000] {processor.py:183} INFO - Processing /home/airflow/.local/lib/python3.12/site-packages/airflow/example_dags/example_python_operator.py took 0.061 seconds
[2025-12-30T23:56:36.009+0000] {processor.py:161} INFO - Started process (PID=1664) to work on /home/airflow/.local/lib/python3.12/site-packages/airflow/example_dags/example_python_operator.py
[2025-12-30T23:56:36.010+0000] {processor.py:830} INFO - Processing file /home/airflow/.local/lib/python3.12/site-packages/airflow/example_dags/example_python_operator.py for tasks to queue
[2025-12-30T23:56:36.011+0000] {logging_mixin.py:188} INFO - [2025-12-30T23:56:36.011+0000] {dagbag.py:545} INFO - Filling up the DagBag from /home/airflow/.local/lib/python3.12/site-packages/airflow/example_dags/example_python_operator.py
[2025-12-30T23:56:36.024+0000] {processor.py:840} INFO - DAG(s) 'example_python_operator' retrieved from /home/airflow/.local/lib/python3.12/site-packages/airflow/example_dags/example_python_operator.py
[2025-12-30T23:56:36.035+0000] {logging_mixin.py:188} INFO - [2025-12-30T23:56:36.035+0000] {dag.py:3096} INFO - Sync 1 DAGs
[2025-12-30T23:56:36.042+0000] {logging_mixin.py:188} INFO - [2025-12-30T23:56:36.042+0000] {dag.py:3954} INFO - Setting next_dagrun for example_python_operator to None, run_after=None
[2025-12-30T23:56:36.051+0000] {processor.py:183} INFO - Processing /home/airflow/.local/lib/python3.12/site-packages/airflow/example_dags/example_python_operator.py took 0.050 seconds
[2025-12-30T23:57:06.278+0000] {processor.py:161} INFO - Started process (PID=1724) to work on /home/airflow/.local/lib/python3.12/site-packages/airflow/example_dags/example_python_operator.py
[2025-12-30T23:57:06.278+0000] {processor.py:830} INFO - Processing file /home/airflow/.local/lib/python3.12/site-packages/airflow/example_dags/example_python_operator.py for tasks to queue
[2025-12-30T23:57:06.280+0000] {logging_mixin.py:188} INFO - [2025-12-30T23:57:06.279+0000] {dagbag.py:545} INFO - Filling up the DagBag from /home/airflow/.local/lib/python3.12/site-packages/airflow/example_dags/example_python_operator.py
[2025-12-30T23:57:06.293+0000] {processor.py:840} INFO - DAG(s) 'example_python_operator' retrieved from /home/airflow/.local/lib/python3.12/site-packages/airflow/example_dags/example_python_operator.py
[2025-12-30T23:57:06.304+0000] {logging_mixin.py:188} INFO - [2025-12-30T23:57:06.304+0000] {dag.py:3096} INFO - Sync 1 DAGs
[2025-12-30T23:57:06.310+0000] {logging_mixin.py:188} INFO - [2025-12-30T23:57:06.310+0000] {dag.py:3954} INFO - Setting next_dagrun for example_python_operator to None, run_after=None
[2025-12-30T23:57:06.320+0000] {processor.py:183} INFO - Processing /home/airflow/.local/lib/python3.12/site-packages/airflow/example_dags/example_python_operator.py took 0.048 seconds
[2025-12-30T23:57:36.972+0000] {processor.py:161} INFO - Started process (PID=1784) to work on /home/airflow/.local/lib/python3.12/site-packages/airflow/example_dags/example_python_operator.py
[2025-12-30T23:57:36.973+0000] {processor.py:830} INFO - Processing file /home/airflow/.local/lib/python3.12/site-packages/airflow/example_dags/example_python_operator.py for tasks to queue
[2025-12-30T23:57:36.974+0000] {logging_mixin.py:188} INFO - [2025-12-30T23:57:36.974+0000] {dagbag.py:545} INFO - Filling up the DagBag from /home/airflow/.local/lib/python3.12/site-packages/airflow/example_dags/example_python_operator.py
[2025-12-30T23:57:36.985+0000] {processor.py:840} INFO - DAG(s) 'example_python_operator' retrieved from /home/airflow/.local/lib/python3.12/site-packages/airflow/example_dags/example_python_operator.py
[2025-12-30T23:57:36.996+0000] {logging_mixin.py:188} INFO - [2025-12-30T23:57:36.996+0000] {dag.py:3096} INFO - Sync 1 DAGs
[2025-12-30T23:57:37.003+0000] {logging_mixin.py:188} INFO - [2025-12-30T23:57:37.003+0000] {dag.py:3954} INFO - Setting next_dagrun for example_python_operator to None, run_after=None
[2025-12-30T23:57:37.012+0000] {processor.py:183} INFO - Processing /home/airflow/.local/lib/python3.12/site-packages/airflow/example_dags/example_python_operator.py took 0.044 seconds
[2025-12-30T23:58:07.190+0000] {processor.py:161} INFO - Started process (PID=1844) to work on /home/airflow/.local/lib/python3.12/site-packages/airflow/example_dags/example_python_operator.py
[2025-12-30T23:58:07.191+0000] {processor.py:830} INFO - Processing file /home/airflow/.local/lib/python3.12/site-packages/airflow/example_dags/example_python_operator.py for tasks to queue
[2025-12-30T23:58:07.196+0000] {logging_mixin.py:188} INFO - [2025-12-30T23:58:07.196+0000] {dagbag.py:545} INFO - Filling up the DagBag from /home/airflow/.local/lib/python3.12/site-packages/airflow/example_dags/example_python_operator.py
[2025-12-30T23:58:07.212+0000] {processor.py:840} INFO - DAG(s) 'example_python_operator' retrieved from /home/airflow/.local/lib/python3.12/site-packages/airflow/example_dags/example_python_operator.py
[2025-12-30T23:58:07.231+0000] {logging_mixin.py:188} INFO - [2025-12-30T23:58:07.231+0000] {dag.py:3096} INFO - Sync 1 DAGs
[2025-12-30T23:58:07.237+0000] {logging_mixin.py:188} INFO - [2025-12-30T23:58:07.237+0000] {dag.py:3954} INFO - Setting next_dagrun for example_python_operator to None, run_after=None
[2025-12-30T23:58:07.250+0000] {processor.py:183} INFO - Processing /home/airflow/.local/lib/python3.12/site-packages/airflow/example_dags/example_python_operator.py took 0.065 seconds
[2025-12-30T23:58:37.974+0000] {processor.py:161} INFO - Started process (PID=1904) to work on /home/airflow/.local/lib/python3.12/site-packages/airflow/example_dags/example_python_operator.py
[2025-12-30T23:58:37.975+0000] {processor.py:830} INFO - Processing file /home/airflow/.local/lib/python3.12/site-packages/airflow/example_dags/example_python_operator.py for tasks to queue
[2025-12-30T23:58:37.980+0000] {logging_mixin.py:188} INFO - [2025-12-30T23:58:37.978+0000] {dagbag.py:545} INFO - Filling up the DagBag from /home/airflow/.local/lib/python3.12/site-packages/airflow/example_dags/example_python_operator.py
[2025-12-30T23:58:37.993+0000] {processor.py:840} INFO - DAG(s) 'example_python_operator' retrieved from /home/airflow/.local/lib/python3.12/site-packages/airflow/example_dags/example_python_operator.py
[2025-12-30T23:58:38.016+0000] {logging_mixin.py:188} INFO - [2025-12-30T23:58:38.016+0000] {dag.py:3096} INFO - Sync 1 DAGs
[2025-12-30T23:58:38.024+0000] {logging_mixin.py:188} INFO - [2025-12-30T23:58:38.024+0000] {dag.py:3954} INFO - Setting next_dagrun for example_python_operator to None, run_after=None
[2025-12-30T23:58:38.036+0000] {processor.py:183} INFO - Processing /home/airflow/.local/lib/python3.12/site-packages/airflow/example_dags/example_python_operator.py took 0.066 seconds
[2025-12-30T23:59:08.217+0000] {processor.py:161} INFO - Started process (PID=1964) to work on /home/airflow/.local/lib/python3.12/site-packages/airflow/example_dags/example_python_operator.py
[2025-12-30T23:59:08.218+0000] {processor.py:830} INFO - Processing file /home/airflow/.local/lib/python3.12/site-packages/airflow/example_dags/example_python_operator.py for tasks to queue
[2025-12-30T23:59:08.220+0000] {logging_mixin.py:188} INFO - [2025-12-30T23:59:08.220+0000] {dagbag.py:545} INFO - Filling up the DagBag from /home/airflow/.local/lib/python3.12/site-packages/airflow/example_dags/example_python_operator.py
[2025-12-30T23:59:08.230+0000] {processor.py:840} INFO - DAG(s) 'example_python_operator' retrieved from /home/airflow/.local/lib/python3.12/site-packages/airflow/example_dags/example_python_operator.py
[2025-12-30T23:59:08.242+0000] {logging_mixin.py:188} INFO - [2025-12-30T23:59:08.242+0000] {dag.py:3096} INFO - Sync 1 DAGs
[2025-12-30T23:59:08.248+0000] {logging_mixin.py:188} INFO - [2025-12-30T23:59:08.248+0000] {dag.py:3954} INFO - Setting next_dagrun for example_python_operator to None, run_after=None
[2025-12-30T23:59:08.256+0000] {processor.py:183} INFO - Processing /home/airflow/.local/lib/python3.12/site-packages/airflow/example_dags/example_python_operator.py took 0.045 seconds
[2025-12-30T23:59:38.827+0000] {processor.py:161} INFO - Started process (PID=2024) to work on /home/airflow/.local/lib/python3.12/site-packages/airflow/example_dags/example_python_operator.py
[2025-12-30T23:59:38.828+0000] {processor.py:830} INFO - Processing file /home/airflow/.local/lib/python3.12/site-packages/airflow/example_dags/example_python_operator.py for tasks to queue
[2025-12-30T23:59:38.831+0000] {logging_mixin.py:188} INFO - [2025-12-30T23:59:38.830+0000] {dagbag.py:545} INFO - Filling up the DagBag from /home/airflow/.local/lib/python3.12/site-packages/airflow/example_dags/example_python_operator.py
[2025-12-30T23:59:38.850+0000] {processor.py:840} INFO - DAG(s) 'example_python_operator' retrieved from /home/airflow/.local/lib/python3.12/site-packages/airflow/example_dags/example_python_operator.py
[2025-12-30T23:59:38.868+0000] {logging_mixin.py:188} INFO - [2025-12-30T23:59:38.868+0000] {dag.py:3096} INFO - Sync 1 DAGs
[2025-12-30T23:59:38.875+0000] {logging_mixin.py:188} INFO - [2025-12-30T23:59:38.875+0000] {dag.py:3954} INFO - Setting next_dagrun for example_python_operator to None, run_after=None
[2025-12-30T23:59:38.885+0000] {processor.py:183} INFO - Processing /home/airflow/.local/lib/python3.12/site-packages/airflow/example_dags/example_python_operator.py took 0.063 seconds
