[2025-12-30T23:33:52.742+0000] {processor.py:161} INFO - Started process (PID=78) to work on /home/airflow/.local/lib/python3.12/site-packages/airflow/example_dags/example_task_group.py
[2025-12-30T23:33:52.746+0000] {processor.py:830} INFO - Processing file /home/airflow/.local/lib/python3.12/site-packages/airflow/example_dags/example_task_group.py for tasks to queue
[2025-12-30T23:33:52.749+0000] {logging_mixin.py:188} INFO - [2025-12-30T23:33:52.748+0000] {dagbag.py:545} INFO - Filling up the DagBag from /home/airflow/.local/lib/python3.12/site-packages/airflow/example_dags/example_task_group.py
[2025-12-30T23:33:52.759+0000] {processor.py:840} INFO - DAG(s) 'example_task_group' retrieved from /home/airflow/.local/lib/python3.12/site-packages/airflow/example_dags/example_task_group.py
[2025-12-30T23:33:52.807+0000] {logging_mixin.py:188} INFO - [2025-12-30T23:33:52.807+0000] {dag.py:3096} INFO - Sync 1 DAGs
[2025-12-30T23:33:52.869+0000] {logging_mixin.py:188} INFO - [2025-12-30T23:33:52.869+0000] {dag.py:3954} INFO - Setting next_dagrun for example_task_group to 2025-12-29 00:00:00+00:00, run_after=2025-12-30 00:00:00+00:00
[2025-12-30T23:33:52.901+0000] {processor.py:183} INFO - Processing /home/airflow/.local/lib/python3.12/site-packages/airflow/example_dags/example_task_group.py took 0.166 seconds
[2025-12-30T23:34:23.300+0000] {processor.py:161} INFO - Started process (PID=137) to work on /home/airflow/.local/lib/python3.12/site-packages/airflow/example_dags/example_task_group.py
[2025-12-30T23:34:23.301+0000] {processor.py:830} INFO - Processing file /home/airflow/.local/lib/python3.12/site-packages/airflow/example_dags/example_task_group.py for tasks to queue
[2025-12-30T23:34:23.302+0000] {logging_mixin.py:188} INFO - [2025-12-30T23:34:23.301+0000] {dagbag.py:545} INFO - Filling up the DagBag from /home/airflow/.local/lib/python3.12/site-packages/airflow/example_dags/example_task_group.py
[2025-12-30T23:34:23.305+0000] {processor.py:840} INFO - DAG(s) 'example_task_group' retrieved from /home/airflow/.local/lib/python3.12/site-packages/airflow/example_dags/example_task_group.py
[2025-12-30T23:34:23.351+0000] {logging_mixin.py:188} INFO - [2025-12-30T23:34:23.351+0000] {dag.py:3096} INFO - Sync 1 DAGs
[2025-12-30T23:34:23.362+0000] {logging_mixin.py:188} INFO - [2025-12-30T23:34:23.362+0000] {dag.py:3954} INFO - Setting next_dagrun for example_task_group to 2025-12-29 00:00:00+00:00, run_after=2025-12-30 00:00:00+00:00
[2025-12-30T23:34:23.372+0000] {processor.py:183} INFO - Processing /home/airflow/.local/lib/python3.12/site-packages/airflow/example_dags/example_task_group.py took 0.075 seconds
[2025-12-30T23:34:54.305+0000] {processor.py:161} INFO - Started process (PID=196) to work on /home/airflow/.local/lib/python3.12/site-packages/airflow/example_dags/example_task_group.py
[2025-12-30T23:34:54.306+0000] {processor.py:830} INFO - Processing file /home/airflow/.local/lib/python3.12/site-packages/airflow/example_dags/example_task_group.py for tasks to queue
[2025-12-30T23:34:54.308+0000] {logging_mixin.py:188} INFO - [2025-12-30T23:34:54.308+0000] {dagbag.py:545} INFO - Filling up the DagBag from /home/airflow/.local/lib/python3.12/site-packages/airflow/example_dags/example_task_group.py
[2025-12-30T23:34:54.313+0000] {processor.py:840} INFO - DAG(s) 'example_task_group' retrieved from /home/airflow/.local/lib/python3.12/site-packages/airflow/example_dags/example_task_group.py
[2025-12-30T23:34:54.326+0000] {logging_mixin.py:188} INFO - [2025-12-30T23:34:54.326+0000] {dag.py:3096} INFO - Sync 1 DAGs
[2025-12-30T23:34:54.339+0000] {logging_mixin.py:188} INFO - [2025-12-30T23:34:54.339+0000] {dag.py:3954} INFO - Setting next_dagrun for example_task_group to 2025-12-29 00:00:00+00:00, run_after=2025-12-30 00:00:00+00:00
[2025-12-30T23:34:54.348+0000] {processor.py:183} INFO - Processing /home/airflow/.local/lib/python3.12/site-packages/airflow/example_dags/example_task_group.py took 0.049 seconds
[2025-12-30T23:35:24.599+0000] {processor.py:161} INFO - Started process (PID=255) to work on /home/airflow/.local/lib/python3.12/site-packages/airflow/example_dags/example_task_group.py
[2025-12-30T23:35:24.600+0000] {processor.py:830} INFO - Processing file /home/airflow/.local/lib/python3.12/site-packages/airflow/example_dags/example_task_group.py for tasks to queue
[2025-12-30T23:35:24.602+0000] {logging_mixin.py:188} INFO - [2025-12-30T23:35:24.601+0000] {dagbag.py:545} INFO - Filling up the DagBag from /home/airflow/.local/lib/python3.12/site-packages/airflow/example_dags/example_task_group.py
[2025-12-30T23:35:24.612+0000] {processor.py:840} INFO - DAG(s) 'example_task_group' retrieved from /home/airflow/.local/lib/python3.12/site-packages/airflow/example_dags/example_task_group.py
[2025-12-30T23:35:24.624+0000] {logging_mixin.py:188} INFO - [2025-12-30T23:35:24.624+0000] {dag.py:3096} INFO - Sync 1 DAGs
[2025-12-30T23:35:24.643+0000] {logging_mixin.py:188} INFO - [2025-12-30T23:35:24.643+0000] {dag.py:3954} INFO - Setting next_dagrun for example_task_group to 2025-12-29 00:00:00+00:00, run_after=2025-12-30 00:00:00+00:00
[2025-12-30T23:35:24.653+0000] {processor.py:183} INFO - Processing /home/airflow/.local/lib/python3.12/site-packages/airflow/example_dags/example_task_group.py took 0.058 seconds
[2025-12-30T23:35:54.755+0000] {processor.py:161} INFO - Started process (PID=314) to work on /home/airflow/.local/lib/python3.12/site-packages/airflow/example_dags/example_task_group.py
[2025-12-30T23:35:54.755+0000] {processor.py:830} INFO - Processing file /home/airflow/.local/lib/python3.12/site-packages/airflow/example_dags/example_task_group.py for tasks to queue
[2025-12-30T23:35:54.756+0000] {logging_mixin.py:188} INFO - [2025-12-30T23:35:54.756+0000] {dagbag.py:545} INFO - Filling up the DagBag from /home/airflow/.local/lib/python3.12/site-packages/airflow/example_dags/example_task_group.py
[2025-12-30T23:35:54.762+0000] {processor.py:840} INFO - DAG(s) 'example_task_group' retrieved from /home/airflow/.local/lib/python3.12/site-packages/airflow/example_dags/example_task_group.py
[2025-12-30T23:35:54.776+0000] {logging_mixin.py:188} INFO - [2025-12-30T23:35:54.776+0000] {dag.py:3096} INFO - Sync 1 DAGs
[2025-12-30T23:35:54.793+0000] {logging_mixin.py:188} INFO - [2025-12-30T23:35:54.793+0000] {dag.py:3954} INFO - Setting next_dagrun for example_task_group to 2025-12-29 00:00:00+00:00, run_after=2025-12-30 00:00:00+00:00
[2025-12-30T23:35:54.805+0000] {processor.py:183} INFO - Processing /home/airflow/.local/lib/python3.12/site-packages/airflow/example_dags/example_task_group.py took 0.055 seconds
[2025-12-30T23:36:24.941+0000] {processor.py:161} INFO - Started process (PID=373) to work on /home/airflow/.local/lib/python3.12/site-packages/airflow/example_dags/example_task_group.py
[2025-12-30T23:36:24.941+0000] {processor.py:830} INFO - Processing file /home/airflow/.local/lib/python3.12/site-packages/airflow/example_dags/example_task_group.py for tasks to queue
[2025-12-30T23:36:24.943+0000] {logging_mixin.py:188} INFO - [2025-12-30T23:36:24.942+0000] {dagbag.py:545} INFO - Filling up the DagBag from /home/airflow/.local/lib/python3.12/site-packages/airflow/example_dags/example_task_group.py
[2025-12-30T23:36:24.947+0000] {processor.py:840} INFO - DAG(s) 'example_task_group' retrieved from /home/airflow/.local/lib/python3.12/site-packages/airflow/example_dags/example_task_group.py
[2025-12-30T23:36:24.961+0000] {logging_mixin.py:188} INFO - [2025-12-30T23:36:24.961+0000] {dag.py:3096} INFO - Sync 1 DAGs
[2025-12-30T23:36:24.974+0000] {logging_mixin.py:188} INFO - [2025-12-30T23:36:24.974+0000] {dag.py:3954} INFO - Setting next_dagrun for example_task_group to 2025-12-29 00:00:00+00:00, run_after=2025-12-30 00:00:00+00:00
[2025-12-30T23:36:24.982+0000] {processor.py:183} INFO - Processing /home/airflow/.local/lib/python3.12/site-packages/airflow/example_dags/example_task_group.py took 0.045 seconds
[2025-12-30T23:36:55.216+0000] {processor.py:161} INFO - Started process (PID=432) to work on /home/airflow/.local/lib/python3.12/site-packages/airflow/example_dags/example_task_group.py
[2025-12-30T23:36:55.217+0000] {processor.py:830} INFO - Processing file /home/airflow/.local/lib/python3.12/site-packages/airflow/example_dags/example_task_group.py for tasks to queue
[2025-12-30T23:36:55.218+0000] {logging_mixin.py:188} INFO - [2025-12-30T23:36:55.218+0000] {dagbag.py:545} INFO - Filling up the DagBag from /home/airflow/.local/lib/python3.12/site-packages/airflow/example_dags/example_task_group.py
[2025-12-30T23:36:55.222+0000] {processor.py:840} INFO - DAG(s) 'example_task_group' retrieved from /home/airflow/.local/lib/python3.12/site-packages/airflow/example_dags/example_task_group.py
[2025-12-30T23:36:55.233+0000] {logging_mixin.py:188} INFO - [2025-12-30T23:36:55.233+0000] {dag.py:3096} INFO - Sync 1 DAGs
[2025-12-30T23:36:55.247+0000] {logging_mixin.py:188} INFO - [2025-12-30T23:36:55.247+0000] {dag.py:3954} INFO - Setting next_dagrun for example_task_group to 2025-12-29 00:00:00+00:00, run_after=2025-12-30 00:00:00+00:00
[2025-12-30T23:36:55.257+0000] {processor.py:183} INFO - Processing /home/airflow/.local/lib/python3.12/site-packages/airflow/example_dags/example_task_group.py took 0.046 seconds
[2025-12-30T23:37:25.995+0000] {processor.py:161} INFO - Started process (PID=491) to work on /home/airflow/.local/lib/python3.12/site-packages/airflow/example_dags/example_task_group.py
[2025-12-30T23:37:25.996+0000] {processor.py:830} INFO - Processing file /home/airflow/.local/lib/python3.12/site-packages/airflow/example_dags/example_task_group.py for tasks to queue
[2025-12-30T23:37:25.997+0000] {logging_mixin.py:188} INFO - [2025-12-30T23:37:25.997+0000] {dagbag.py:545} INFO - Filling up the DagBag from /home/airflow/.local/lib/python3.12/site-packages/airflow/example_dags/example_task_group.py
[2025-12-30T23:37:26.001+0000] {processor.py:840} INFO - DAG(s) 'example_task_group' retrieved from /home/airflow/.local/lib/python3.12/site-packages/airflow/example_dags/example_task_group.py
[2025-12-30T23:37:26.014+0000] {logging_mixin.py:188} INFO - [2025-12-30T23:37:26.014+0000] {dag.py:3096} INFO - Sync 1 DAGs
[2025-12-30T23:37:26.027+0000] {logging_mixin.py:188} INFO - [2025-12-30T23:37:26.027+0000] {dag.py:3954} INFO - Setting next_dagrun for example_task_group to 2025-12-29 00:00:00+00:00, run_after=2025-12-30 00:00:00+00:00
[2025-12-30T23:37:26.034+0000] {processor.py:183} INFO - Processing /home/airflow/.local/lib/python3.12/site-packages/airflow/example_dags/example_task_group.py took 0.044 seconds
[2025-12-30T23:37:56.286+0000] {processor.py:161} INFO - Started process (PID=550) to work on /home/airflow/.local/lib/python3.12/site-packages/airflow/example_dags/example_task_group.py
[2025-12-30T23:37:56.287+0000] {processor.py:830} INFO - Processing file /home/airflow/.local/lib/python3.12/site-packages/airflow/example_dags/example_task_group.py for tasks to queue
[2025-12-30T23:37:56.288+0000] {logging_mixin.py:188} INFO - [2025-12-30T23:37:56.288+0000] {dagbag.py:545} INFO - Filling up the DagBag from /home/airflow/.local/lib/python3.12/site-packages/airflow/example_dags/example_task_group.py
[2025-12-30T23:37:56.295+0000] {processor.py:840} INFO - DAG(s) 'example_task_group' retrieved from /home/airflow/.local/lib/python3.12/site-packages/airflow/example_dags/example_task_group.py
[2025-12-30T23:37:56.310+0000] {logging_mixin.py:188} INFO - [2025-12-30T23:37:56.310+0000] {dag.py:3096} INFO - Sync 1 DAGs
[2025-12-30T23:37:56.324+0000] {logging_mixin.py:188} INFO - [2025-12-30T23:37:56.324+0000] {dag.py:3954} INFO - Setting next_dagrun for example_task_group to 2025-12-29 00:00:00+00:00, run_after=2025-12-30 00:00:00+00:00
[2025-12-30T23:37:56.333+0000] {processor.py:183} INFO - Processing /home/airflow/.local/lib/python3.12/site-packages/airflow/example_dags/example_task_group.py took 0.051 seconds
[2025-12-30T23:38:26.869+0000] {processor.py:161} INFO - Started process (PID=609) to work on /home/airflow/.local/lib/python3.12/site-packages/airflow/example_dags/example_task_group.py
[2025-12-30T23:38:26.870+0000] {processor.py:830} INFO - Processing file /home/airflow/.local/lib/python3.12/site-packages/airflow/example_dags/example_task_group.py for tasks to queue
[2025-12-30T23:38:26.872+0000] {logging_mixin.py:188} INFO - [2025-12-30T23:38:26.872+0000] {dagbag.py:545} INFO - Filling up the DagBag from /home/airflow/.local/lib/python3.12/site-packages/airflow/example_dags/example_task_group.py
[2025-12-30T23:38:26.877+0000] {processor.py:840} INFO - DAG(s) 'example_task_group' retrieved from /home/airflow/.local/lib/python3.12/site-packages/airflow/example_dags/example_task_group.py
[2025-12-30T23:38:26.893+0000] {logging_mixin.py:188} INFO - [2025-12-30T23:38:26.893+0000] {dag.py:3096} INFO - Sync 1 DAGs
[2025-12-30T23:38:26.908+0000] {logging_mixin.py:188} INFO - [2025-12-30T23:38:26.908+0000] {dag.py:3954} INFO - Setting next_dagrun for example_task_group to 2025-12-29 00:00:00+00:00, run_after=2025-12-30 00:00:00+00:00
[2025-12-30T23:38:26.918+0000] {processor.py:183} INFO - Processing /home/airflow/.local/lib/python3.12/site-packages/airflow/example_dags/example_task_group.py took 0.053 seconds
[2025-12-30T23:38:56.965+0000] {processor.py:161} INFO - Started process (PID=668) to work on /home/airflow/.local/lib/python3.12/site-packages/airflow/example_dags/example_task_group.py
[2025-12-30T23:38:56.966+0000] {processor.py:830} INFO - Processing file /home/airflow/.local/lib/python3.12/site-packages/airflow/example_dags/example_task_group.py for tasks to queue
[2025-12-30T23:38:56.967+0000] {logging_mixin.py:188} INFO - [2025-12-30T23:38:56.967+0000] {dagbag.py:545} INFO - Filling up the DagBag from /home/airflow/.local/lib/python3.12/site-packages/airflow/example_dags/example_task_group.py
[2025-12-30T23:38:56.975+0000] {processor.py:840} INFO - DAG(s) 'example_task_group' retrieved from /home/airflow/.local/lib/python3.12/site-packages/airflow/example_dags/example_task_group.py
[2025-12-30T23:38:56.989+0000] {logging_mixin.py:188} INFO - [2025-12-30T23:38:56.989+0000] {dag.py:3096} INFO - Sync 1 DAGs
[2025-12-30T23:38:57.001+0000] {logging_mixin.py:188} INFO - [2025-12-30T23:38:57.001+0000] {dag.py:3954} INFO - Setting next_dagrun for example_task_group to 2025-12-29 00:00:00+00:00, run_after=2025-12-30 00:00:00+00:00
[2025-12-30T23:38:57.009+0000] {processor.py:183} INFO - Processing /home/airflow/.local/lib/python3.12/site-packages/airflow/example_dags/example_task_group.py took 0.048 seconds
[2025-12-30T23:39:27.603+0000] {processor.py:161} INFO - Started process (PID=727) to work on /home/airflow/.local/lib/python3.12/site-packages/airflow/example_dags/example_task_group.py
[2025-12-30T23:39:27.604+0000] {processor.py:830} INFO - Processing file /home/airflow/.local/lib/python3.12/site-packages/airflow/example_dags/example_task_group.py for tasks to queue
[2025-12-30T23:39:27.606+0000] {logging_mixin.py:188} INFO - [2025-12-30T23:39:27.606+0000] {dagbag.py:545} INFO - Filling up the DagBag from /home/airflow/.local/lib/python3.12/site-packages/airflow/example_dags/example_task_group.py
[2025-12-30T23:39:27.612+0000] {processor.py:840} INFO - DAG(s) 'example_task_group' retrieved from /home/airflow/.local/lib/python3.12/site-packages/airflow/example_dags/example_task_group.py
[2025-12-30T23:39:27.630+0000] {logging_mixin.py:188} INFO - [2025-12-30T23:39:27.629+0000] {dag.py:3096} INFO - Sync 1 DAGs
[2025-12-30T23:39:27.649+0000] {logging_mixin.py:188} INFO - [2025-12-30T23:39:27.649+0000] {dag.py:3954} INFO - Setting next_dagrun for example_task_group to 2025-12-29 00:00:00+00:00, run_after=2025-12-30 00:00:00+00:00
[2025-12-30T23:39:27.659+0000] {processor.py:183} INFO - Processing /home/airflow/.local/lib/python3.12/site-packages/airflow/example_dags/example_task_group.py took 0.062 seconds
[2025-12-30T23:39:58.855+0000] {processor.py:161} INFO - Started process (PID=786) to work on /home/airflow/.local/lib/python3.12/site-packages/airflow/example_dags/example_task_group.py
[2025-12-30T23:39:58.857+0000] {processor.py:830} INFO - Processing file /home/airflow/.local/lib/python3.12/site-packages/airflow/example_dags/example_task_group.py for tasks to queue
[2025-12-30T23:39:58.860+0000] {logging_mixin.py:188} INFO - [2025-12-30T23:39:58.860+0000] {dagbag.py:545} INFO - Filling up the DagBag from /home/airflow/.local/lib/python3.12/site-packages/airflow/example_dags/example_task_group.py
[2025-12-30T23:39:58.867+0000] {processor.py:840} INFO - DAG(s) 'example_task_group' retrieved from /home/airflow/.local/lib/python3.12/site-packages/airflow/example_dags/example_task_group.py
[2025-12-30T23:39:58.884+0000] {logging_mixin.py:188} INFO - [2025-12-30T23:39:58.884+0000] {dag.py:3096} INFO - Sync 1 DAGs
[2025-12-30T23:39:58.898+0000] {logging_mixin.py:188} INFO - [2025-12-30T23:39:58.898+0000] {dag.py:3954} INFO - Setting next_dagrun for example_task_group to 2025-12-29 00:00:00+00:00, run_after=2025-12-30 00:00:00+00:00
[2025-12-30T23:39:58.907+0000] {processor.py:183} INFO - Processing /home/airflow/.local/lib/python3.12/site-packages/airflow/example_dags/example_task_group.py took 0.059 seconds
[2025-12-30T23:40:29.125+0000] {processor.py:161} INFO - Started process (PID=845) to work on /home/airflow/.local/lib/python3.12/site-packages/airflow/example_dags/example_task_group.py
[2025-12-30T23:40:29.126+0000] {processor.py:830} INFO - Processing file /home/airflow/.local/lib/python3.12/site-packages/airflow/example_dags/example_task_group.py for tasks to queue
[2025-12-30T23:40:29.127+0000] {logging_mixin.py:188} INFO - [2025-12-30T23:40:29.127+0000] {dagbag.py:545} INFO - Filling up the DagBag from /home/airflow/.local/lib/python3.12/site-packages/airflow/example_dags/example_task_group.py
[2025-12-30T23:40:29.131+0000] {processor.py:840} INFO - DAG(s) 'example_task_group' retrieved from /home/airflow/.local/lib/python3.12/site-packages/airflow/example_dags/example_task_group.py
[2025-12-30T23:40:29.145+0000] {logging_mixin.py:188} INFO - [2025-12-30T23:40:29.144+0000] {dag.py:3096} INFO - Sync 1 DAGs
[2025-12-30T23:40:29.157+0000] {logging_mixin.py:188} INFO - [2025-12-30T23:40:29.156+0000] {dag.py:3954} INFO - Setting next_dagrun for example_task_group to 2025-12-29 00:00:00+00:00, run_after=2025-12-30 00:00:00+00:00
[2025-12-30T23:40:29.168+0000] {processor.py:183} INFO - Processing /home/airflow/.local/lib/python3.12/site-packages/airflow/example_dags/example_task_group.py took 0.047 seconds
[2025-12-30T23:40:59.416+0000] {processor.py:161} INFO - Started process (PID=907) to work on /home/airflow/.local/lib/python3.12/site-packages/airflow/example_dags/example_task_group.py
[2025-12-30T23:40:59.417+0000] {processor.py:830} INFO - Processing file /home/airflow/.local/lib/python3.12/site-packages/airflow/example_dags/example_task_group.py for tasks to queue
[2025-12-30T23:40:59.418+0000] {logging_mixin.py:188} INFO - [2025-12-30T23:40:59.418+0000] {dagbag.py:545} INFO - Filling up the DagBag from /home/airflow/.local/lib/python3.12/site-packages/airflow/example_dags/example_task_group.py
[2025-12-30T23:40:59.422+0000] {processor.py:840} INFO - DAG(s) 'example_task_group' retrieved from /home/airflow/.local/lib/python3.12/site-packages/airflow/example_dags/example_task_group.py
[2025-12-30T23:40:59.436+0000] {logging_mixin.py:188} INFO - [2025-12-30T23:40:59.436+0000] {dag.py:3096} INFO - Sync 1 DAGs
[2025-12-30T23:40:59.460+0000] {logging_mixin.py:188} INFO - [2025-12-30T23:40:59.460+0000] {dag.py:3954} INFO - Setting next_dagrun for example_task_group to 2025-12-29 00:00:00+00:00, run_after=2025-12-30 00:00:00+00:00
[2025-12-30T23:40:59.473+0000] {processor.py:183} INFO - Processing /home/airflow/.local/lib/python3.12/site-packages/airflow/example_dags/example_task_group.py took 0.062 seconds
[2025-12-30T23:43:00.517+0000] {processor.py:161} INFO - Started process (PID=77) to work on /home/airflow/.local/lib/python3.12/site-packages/airflow/example_dags/example_task_group.py
[2025-12-30T23:43:00.518+0000] {processor.py:830} INFO - Processing file /home/airflow/.local/lib/python3.12/site-packages/airflow/example_dags/example_task_group.py for tasks to queue
[2025-12-30T23:43:00.520+0000] {logging_mixin.py:188} INFO - [2025-12-30T23:43:00.520+0000] {dagbag.py:545} INFO - Filling up the DagBag from /home/airflow/.local/lib/python3.12/site-packages/airflow/example_dags/example_task_group.py
[2025-12-30T23:43:00.526+0000] {processor.py:840} INFO - DAG(s) 'example_task_group' retrieved from /home/airflow/.local/lib/python3.12/site-packages/airflow/example_dags/example_task_group.py
[2025-12-30T23:43:00.544+0000] {logging_mixin.py:188} INFO - [2025-12-30T23:43:00.543+0000] {dag.py:3096} INFO - Sync 1 DAGs
[2025-12-30T23:43:00.570+0000] {logging_mixin.py:188} INFO - [2025-12-30T23:43:00.569+0000] {dag.py:3954} INFO - Setting next_dagrun for example_task_group to 2025-12-29 00:00:00+00:00, run_after=2025-12-30 00:00:00+00:00
[2025-12-30T23:43:00.588+0000] {processor.py:183} INFO - Processing /home/airflow/.local/lib/python3.12/site-packages/airflow/example_dags/example_task_group.py took 0.078 seconds
[2025-12-30T23:43:31.529+0000] {processor.py:161} INFO - Started process (PID=137) to work on /home/airflow/.local/lib/python3.12/site-packages/airflow/example_dags/example_task_group.py
[2025-12-30T23:43:31.529+0000] {processor.py:830} INFO - Processing file /home/airflow/.local/lib/python3.12/site-packages/airflow/example_dags/example_task_group.py for tasks to queue
[2025-12-30T23:43:31.530+0000] {logging_mixin.py:188} INFO - [2025-12-30T23:43:31.530+0000] {dagbag.py:545} INFO - Filling up the DagBag from /home/airflow/.local/lib/python3.12/site-packages/airflow/example_dags/example_task_group.py
[2025-12-30T23:43:31.534+0000] {processor.py:840} INFO - DAG(s) 'example_task_group' retrieved from /home/airflow/.local/lib/python3.12/site-packages/airflow/example_dags/example_task_group.py
[2025-12-30T23:43:31.582+0000] {logging_mixin.py:188} INFO - [2025-12-30T23:43:31.582+0000] {dag.py:3096} INFO - Sync 1 DAGs
[2025-12-30T23:43:31.590+0000] {logging_mixin.py:188} INFO - [2025-12-30T23:43:31.590+0000] {dag.py:3954} INFO - Setting next_dagrun for example_task_group to 2025-12-29 00:00:00+00:00, run_after=2025-12-30 00:00:00+00:00
[2025-12-30T23:43:31.599+0000] {processor.py:183} INFO - Processing /home/airflow/.local/lib/python3.12/site-packages/airflow/example_dags/example_task_group.py took 0.075 seconds
[2025-12-30T23:44:02.085+0000] {processor.py:161} INFO - Started process (PID=197) to work on /home/airflow/.local/lib/python3.12/site-packages/airflow/example_dags/example_task_group.py
[2025-12-30T23:44:02.087+0000] {processor.py:830} INFO - Processing file /home/airflow/.local/lib/python3.12/site-packages/airflow/example_dags/example_task_group.py for tasks to queue
[2025-12-30T23:44:02.088+0000] {logging_mixin.py:188} INFO - [2025-12-30T23:44:02.088+0000] {dagbag.py:545} INFO - Filling up the DagBag from /home/airflow/.local/lib/python3.12/site-packages/airflow/example_dags/example_task_group.py
[2025-12-30T23:44:02.093+0000] {processor.py:840} INFO - DAG(s) 'example_task_group' retrieved from /home/airflow/.local/lib/python3.12/site-packages/airflow/example_dags/example_task_group.py
[2025-12-30T23:44:02.107+0000] {logging_mixin.py:188} INFO - [2025-12-30T23:44:02.106+0000] {dag.py:3096} INFO - Sync 1 DAGs
[2025-12-30T23:44:02.118+0000] {logging_mixin.py:188} INFO - [2025-12-30T23:44:02.118+0000] {dag.py:3954} INFO - Setting next_dagrun for example_task_group to 2025-12-29 00:00:00+00:00, run_after=2025-12-30 00:00:00+00:00
[2025-12-30T23:44:02.128+0000] {processor.py:183} INFO - Processing /home/airflow/.local/lib/python3.12/site-packages/airflow/example_dags/example_task_group.py took 0.049 seconds
[2025-12-30T23:44:32.259+0000] {processor.py:161} INFO - Started process (PID=257) to work on /home/airflow/.local/lib/python3.12/site-packages/airflow/example_dags/example_task_group.py
[2025-12-30T23:44:32.261+0000] {processor.py:830} INFO - Processing file /home/airflow/.local/lib/python3.12/site-packages/airflow/example_dags/example_task_group.py for tasks to queue
[2025-12-30T23:44:32.262+0000] {logging_mixin.py:188} INFO - [2025-12-30T23:44:32.262+0000] {dagbag.py:545} INFO - Filling up the DagBag from /home/airflow/.local/lib/python3.12/site-packages/airflow/example_dags/example_task_group.py
[2025-12-30T23:44:32.274+0000] {processor.py:840} INFO - DAG(s) 'example_task_group' retrieved from /home/airflow/.local/lib/python3.12/site-packages/airflow/example_dags/example_task_group.py
[2025-12-30T23:44:32.291+0000] {logging_mixin.py:188} INFO - [2025-12-30T23:44:32.291+0000] {dag.py:3096} INFO - Sync 1 DAGs
[2025-12-30T23:44:32.306+0000] {logging_mixin.py:188} INFO - [2025-12-30T23:44:32.306+0000] {dag.py:3954} INFO - Setting next_dagrun for example_task_group to 2025-12-29 00:00:00+00:00, run_after=2025-12-30 00:00:00+00:00
[2025-12-30T23:44:32.316+0000] {processor.py:183} INFO - Processing /home/airflow/.local/lib/python3.12/site-packages/airflow/example_dags/example_task_group.py took 0.063 seconds
[2025-12-30T23:45:02.942+0000] {processor.py:161} INFO - Started process (PID=317) to work on /home/airflow/.local/lib/python3.12/site-packages/airflow/example_dags/example_task_group.py
[2025-12-30T23:45:02.943+0000] {processor.py:830} INFO - Processing file /home/airflow/.local/lib/python3.12/site-packages/airflow/example_dags/example_task_group.py for tasks to queue
[2025-12-30T23:45:02.944+0000] {logging_mixin.py:188} INFO - [2025-12-30T23:45:02.944+0000] {dagbag.py:545} INFO - Filling up the DagBag from /home/airflow/.local/lib/python3.12/site-packages/airflow/example_dags/example_task_group.py
[2025-12-30T23:45:02.948+0000] {processor.py:840} INFO - DAG(s) 'example_task_group' retrieved from /home/airflow/.local/lib/python3.12/site-packages/airflow/example_dags/example_task_group.py
[2025-12-30T23:45:02.959+0000] {logging_mixin.py:188} INFO - [2025-12-30T23:45:02.959+0000] {dag.py:3096} INFO - Sync 1 DAGs
[2025-12-30T23:45:02.970+0000] {logging_mixin.py:188} INFO - [2025-12-30T23:45:02.970+0000] {dag.py:3954} INFO - Setting next_dagrun for example_task_group to 2025-12-29 00:00:00+00:00, run_after=2025-12-30 00:00:00+00:00
[2025-12-30T23:45:02.980+0000] {processor.py:183} INFO - Processing /home/airflow/.local/lib/python3.12/site-packages/airflow/example_dags/example_task_group.py took 0.041 seconds
[2025-12-30T23:45:33.208+0000] {processor.py:161} INFO - Started process (PID=377) to work on /home/airflow/.local/lib/python3.12/site-packages/airflow/example_dags/example_task_group.py
[2025-12-30T23:45:33.209+0000] {processor.py:830} INFO - Processing file /home/airflow/.local/lib/python3.12/site-packages/airflow/example_dags/example_task_group.py for tasks to queue
[2025-12-30T23:45:33.211+0000] {logging_mixin.py:188} INFO - [2025-12-30T23:45:33.210+0000] {dagbag.py:545} INFO - Filling up the DagBag from /home/airflow/.local/lib/python3.12/site-packages/airflow/example_dags/example_task_group.py
[2025-12-30T23:45:33.215+0000] {processor.py:840} INFO - DAG(s) 'example_task_group' retrieved from /home/airflow/.local/lib/python3.12/site-packages/airflow/example_dags/example_task_group.py
[2025-12-30T23:45:33.227+0000] {logging_mixin.py:188} INFO - [2025-12-30T23:45:33.226+0000] {dag.py:3096} INFO - Sync 1 DAGs
[2025-12-30T23:45:33.239+0000] {logging_mixin.py:188} INFO - [2025-12-30T23:45:33.239+0000] {dag.py:3954} INFO - Setting next_dagrun for example_task_group to 2025-12-29 00:00:00+00:00, run_after=2025-12-30 00:00:00+00:00
[2025-12-30T23:45:33.248+0000] {processor.py:183} INFO - Processing /home/airflow/.local/lib/python3.12/site-packages/airflow/example_dags/example_task_group.py took 0.045 seconds
[2025-12-30T23:46:03.331+0000] {processor.py:161} INFO - Started process (PID=437) to work on /home/airflow/.local/lib/python3.12/site-packages/airflow/example_dags/example_task_group.py
[2025-12-30T23:46:03.332+0000] {processor.py:830} INFO - Processing file /home/airflow/.local/lib/python3.12/site-packages/airflow/example_dags/example_task_group.py for tasks to queue
[2025-12-30T23:46:03.332+0000] {logging_mixin.py:188} INFO - [2025-12-30T23:46:03.332+0000] {dagbag.py:545} INFO - Filling up the DagBag from /home/airflow/.local/lib/python3.12/site-packages/airflow/example_dags/example_task_group.py
[2025-12-30T23:46:03.336+0000] {processor.py:840} INFO - DAG(s) 'example_task_group' retrieved from /home/airflow/.local/lib/python3.12/site-packages/airflow/example_dags/example_task_group.py
[2025-12-30T23:46:03.349+0000] {logging_mixin.py:188} INFO - [2025-12-30T23:46:03.349+0000] {dag.py:3096} INFO - Sync 1 DAGs
[2025-12-30T23:46:03.359+0000] {logging_mixin.py:188} INFO - [2025-12-30T23:46:03.359+0000] {dag.py:3954} INFO - Setting next_dagrun for example_task_group to 2025-12-29 00:00:00+00:00, run_after=2025-12-30 00:00:00+00:00
[2025-12-30T23:46:03.368+0000] {processor.py:183} INFO - Processing /home/airflow/.local/lib/python3.12/site-packages/airflow/example_dags/example_task_group.py took 0.040 seconds
[2025-12-30T23:46:34.349+0000] {processor.py:161} INFO - Started process (PID=497) to work on /home/airflow/.local/lib/python3.12/site-packages/airflow/example_dags/example_task_group.py
[2025-12-30T23:46:34.350+0000] {processor.py:830} INFO - Processing file /home/airflow/.local/lib/python3.12/site-packages/airflow/example_dags/example_task_group.py for tasks to queue
[2025-12-30T23:46:34.351+0000] {logging_mixin.py:188} INFO - [2025-12-30T23:46:34.351+0000] {dagbag.py:545} INFO - Filling up the DagBag from /home/airflow/.local/lib/python3.12/site-packages/airflow/example_dags/example_task_group.py
[2025-12-30T23:46:34.358+0000] {processor.py:840} INFO - DAG(s) 'example_task_group' retrieved from /home/airflow/.local/lib/python3.12/site-packages/airflow/example_dags/example_task_group.py
[2025-12-30T23:46:34.380+0000] {logging_mixin.py:188} INFO - [2025-12-30T23:46:34.380+0000] {dag.py:3096} INFO - Sync 1 DAGs
[2025-12-30T23:46:34.394+0000] {logging_mixin.py:188} INFO - [2025-12-30T23:46:34.394+0000] {dag.py:3954} INFO - Setting next_dagrun for example_task_group to 2025-12-29 00:00:00+00:00, run_after=2025-12-30 00:00:00+00:00
[2025-12-30T23:46:34.411+0000] {processor.py:183} INFO - Processing /home/airflow/.local/lib/python3.12/site-packages/airflow/example_dags/example_task_group.py took 0.066 seconds
[2025-12-30T23:47:04.798+0000] {processor.py:161} INFO - Started process (PID=557) to work on /home/airflow/.local/lib/python3.12/site-packages/airflow/example_dags/example_task_group.py
[2025-12-30T23:47:04.799+0000] {processor.py:830} INFO - Processing file /home/airflow/.local/lib/python3.12/site-packages/airflow/example_dags/example_task_group.py for tasks to queue
[2025-12-30T23:47:04.800+0000] {logging_mixin.py:188} INFO - [2025-12-30T23:47:04.800+0000] {dagbag.py:545} INFO - Filling up the DagBag from /home/airflow/.local/lib/python3.12/site-packages/airflow/example_dags/example_task_group.py
[2025-12-30T23:47:04.804+0000] {processor.py:840} INFO - DAG(s) 'example_task_group' retrieved from /home/airflow/.local/lib/python3.12/site-packages/airflow/example_dags/example_task_group.py
[2025-12-30T23:47:04.842+0000] {logging_mixin.py:188} INFO - [2025-12-30T23:47:04.842+0000] {dag.py:3096} INFO - Sync 1 DAGs
[2025-12-30T23:47:04.866+0000] {logging_mixin.py:188} INFO - [2025-12-30T23:47:04.865+0000] {dag.py:3954} INFO - Setting next_dagrun for example_task_group to 2025-12-29 00:00:00+00:00, run_after=2025-12-30 00:00:00+00:00
[2025-12-30T23:47:04.882+0000] {processor.py:183} INFO - Processing /home/airflow/.local/lib/python3.12/site-packages/airflow/example_dags/example_task_group.py took 0.087 seconds
[2025-12-30T23:47:35.402+0000] {processor.py:161} INFO - Started process (PID=617) to work on /home/airflow/.local/lib/python3.12/site-packages/airflow/example_dags/example_task_group.py
[2025-12-30T23:47:35.402+0000] {processor.py:830} INFO - Processing file /home/airflow/.local/lib/python3.12/site-packages/airflow/example_dags/example_task_group.py for tasks to queue
[2025-12-30T23:47:35.403+0000] {logging_mixin.py:188} INFO - [2025-12-30T23:47:35.403+0000] {dagbag.py:545} INFO - Filling up the DagBag from /home/airflow/.local/lib/python3.12/site-packages/airflow/example_dags/example_task_group.py
[2025-12-30T23:47:35.407+0000] {processor.py:840} INFO - DAG(s) 'example_task_group' retrieved from /home/airflow/.local/lib/python3.12/site-packages/airflow/example_dags/example_task_group.py
[2025-12-30T23:47:35.418+0000] {logging_mixin.py:188} INFO - [2025-12-30T23:47:35.418+0000] {dag.py:3096} INFO - Sync 1 DAGs
[2025-12-30T23:47:35.428+0000] {logging_mixin.py:188} INFO - [2025-12-30T23:47:35.428+0000] {dag.py:3954} INFO - Setting next_dagrun for example_task_group to 2025-12-29 00:00:00+00:00, run_after=2025-12-30 00:00:00+00:00
[2025-12-30T23:47:35.438+0000] {processor.py:183} INFO - Processing /home/airflow/.local/lib/python3.12/site-packages/airflow/example_dags/example_task_group.py took 0.040 seconds
[2025-12-30T23:48:06.653+0000] {processor.py:161} INFO - Started process (PID=677) to work on /home/airflow/.local/lib/python3.12/site-packages/airflow/example_dags/example_task_group.py
[2025-12-30T23:48:06.653+0000] {processor.py:830} INFO - Processing file /home/airflow/.local/lib/python3.12/site-packages/airflow/example_dags/example_task_group.py for tasks to queue
[2025-12-30T23:48:06.654+0000] {logging_mixin.py:188} INFO - [2025-12-30T23:48:06.654+0000] {dagbag.py:545} INFO - Filling up the DagBag from /home/airflow/.local/lib/python3.12/site-packages/airflow/example_dags/example_task_group.py
[2025-12-30T23:48:06.658+0000] {processor.py:840} INFO - DAG(s) 'example_task_group' retrieved from /home/airflow/.local/lib/python3.12/site-packages/airflow/example_dags/example_task_group.py
[2025-12-30T23:48:06.668+0000] {logging_mixin.py:188} INFO - [2025-12-30T23:48:06.667+0000] {dag.py:3096} INFO - Sync 1 DAGs
[2025-12-30T23:48:06.677+0000] {logging_mixin.py:188} INFO - [2025-12-30T23:48:06.677+0000] {dag.py:3954} INFO - Setting next_dagrun for example_task_group to 2025-12-29 00:00:00+00:00, run_after=2025-12-30 00:00:00+00:00
[2025-12-30T23:48:06.685+0000] {processor.py:183} INFO - Processing /home/airflow/.local/lib/python3.12/site-packages/airflow/example_dags/example_task_group.py took 0.035 seconds
[2025-12-30T23:48:37.813+0000] {processor.py:161} INFO - Started process (PID=737) to work on /home/airflow/.local/lib/python3.12/site-packages/airflow/example_dags/example_task_group.py
[2025-12-30T23:48:37.814+0000] {processor.py:830} INFO - Processing file /home/airflow/.local/lib/python3.12/site-packages/airflow/example_dags/example_task_group.py for tasks to queue
[2025-12-30T23:48:37.816+0000] {logging_mixin.py:188} INFO - [2025-12-30T23:48:37.816+0000] {dagbag.py:545} INFO - Filling up the DagBag from /home/airflow/.local/lib/python3.12/site-packages/airflow/example_dags/example_task_group.py
[2025-12-30T23:48:37.823+0000] {processor.py:840} INFO - DAG(s) 'example_task_group' retrieved from /home/airflow/.local/lib/python3.12/site-packages/airflow/example_dags/example_task_group.py
[2025-12-30T23:48:37.845+0000] {logging_mixin.py:188} INFO - [2025-12-30T23:48:37.845+0000] {dag.py:3096} INFO - Sync 1 DAGs
[2025-12-30T23:48:37.861+0000] {logging_mixin.py:188} INFO - [2025-12-30T23:48:37.861+0000] {dag.py:3954} INFO - Setting next_dagrun for example_task_group to 2025-12-29 00:00:00+00:00, run_after=2025-12-30 00:00:00+00:00
[2025-12-30T23:48:37.873+0000] {processor.py:183} INFO - Processing /home/airflow/.local/lib/python3.12/site-packages/airflow/example_dags/example_task_group.py took 0.066 seconds
[2025-12-30T23:49:07.928+0000] {processor.py:161} INFO - Started process (PID=795) to work on /home/airflow/.local/lib/python3.12/site-packages/airflow/example_dags/example_task_group.py
[2025-12-30T23:49:07.929+0000] {processor.py:830} INFO - Processing file /home/airflow/.local/lib/python3.12/site-packages/airflow/example_dags/example_task_group.py for tasks to queue
[2025-12-30T23:49:07.930+0000] {logging_mixin.py:188} INFO - [2025-12-30T23:49:07.930+0000] {dagbag.py:545} INFO - Filling up the DagBag from /home/airflow/.local/lib/python3.12/site-packages/airflow/example_dags/example_task_group.py
[2025-12-30T23:49:07.935+0000] {processor.py:840} INFO - DAG(s) 'example_task_group' retrieved from /home/airflow/.local/lib/python3.12/site-packages/airflow/example_dags/example_task_group.py
[2025-12-30T23:49:07.946+0000] {logging_mixin.py:188} INFO - [2025-12-30T23:49:07.946+0000] {dag.py:3096} INFO - Sync 1 DAGs
[2025-12-30T23:49:07.957+0000] {logging_mixin.py:188} INFO - [2025-12-30T23:49:07.957+0000] {dag.py:3954} INFO - Setting next_dagrun for example_task_group to 2025-12-29 00:00:00+00:00, run_after=2025-12-30 00:00:00+00:00
[2025-12-30T23:49:07.966+0000] {processor.py:183} INFO - Processing /home/airflow/.local/lib/python3.12/site-packages/airflow/example_dags/example_task_group.py took 0.041 seconds
[2025-12-30T23:49:38.175+0000] {processor.py:161} INFO - Started process (PID=855) to work on /home/airflow/.local/lib/python3.12/site-packages/airflow/example_dags/example_task_group.py
[2025-12-30T23:49:38.175+0000] {processor.py:830} INFO - Processing file /home/airflow/.local/lib/python3.12/site-packages/airflow/example_dags/example_task_group.py for tasks to queue
[2025-12-30T23:49:38.178+0000] {logging_mixin.py:188} INFO - [2025-12-30T23:49:38.177+0000] {dagbag.py:545} INFO - Filling up the DagBag from /home/airflow/.local/lib/python3.12/site-packages/airflow/example_dags/example_task_group.py
[2025-12-30T23:49:38.183+0000] {processor.py:840} INFO - DAG(s) 'example_task_group' retrieved from /home/airflow/.local/lib/python3.12/site-packages/airflow/example_dags/example_task_group.py
[2025-12-30T23:49:38.197+0000] {logging_mixin.py:188} INFO - [2025-12-30T23:49:38.197+0000] {dag.py:3096} INFO - Sync 1 DAGs
[2025-12-30T23:49:38.210+0000] {logging_mixin.py:188} INFO - [2025-12-30T23:49:38.210+0000] {dag.py:3954} INFO - Setting next_dagrun for example_task_group to 2025-12-29 00:00:00+00:00, run_after=2025-12-30 00:00:00+00:00
[2025-12-30T23:49:38.223+0000] {processor.py:183} INFO - Processing /home/airflow/.local/lib/python3.12/site-packages/airflow/example_dags/example_task_group.py took 0.052 seconds
[2025-12-30T23:50:08.459+0000] {processor.py:161} INFO - Started process (PID=915) to work on /home/airflow/.local/lib/python3.12/site-packages/airflow/example_dags/example_task_group.py
[2025-12-30T23:50:08.461+0000] {processor.py:830} INFO - Processing file /home/airflow/.local/lib/python3.12/site-packages/airflow/example_dags/example_task_group.py for tasks to queue
[2025-12-30T23:50:08.463+0000] {logging_mixin.py:188} INFO - [2025-12-30T23:50:08.463+0000] {dagbag.py:545} INFO - Filling up the DagBag from /home/airflow/.local/lib/python3.12/site-packages/airflow/example_dags/example_task_group.py
[2025-12-30T23:50:08.472+0000] {processor.py:840} INFO - DAG(s) 'example_task_group' retrieved from /home/airflow/.local/lib/python3.12/site-packages/airflow/example_dags/example_task_group.py
[2025-12-30T23:50:08.498+0000] {logging_mixin.py:188} INFO - [2025-12-30T23:50:08.498+0000] {dag.py:3096} INFO - Sync 1 DAGs
[2025-12-30T23:50:08.518+0000] {logging_mixin.py:188} INFO - [2025-12-30T23:50:08.517+0000] {dag.py:3954} INFO - Setting next_dagrun for example_task_group to 2025-12-29 00:00:00+00:00, run_after=2025-12-30 00:00:00+00:00
[2025-12-30T23:50:08.531+0000] {processor.py:183} INFO - Processing /home/airflow/.local/lib/python3.12/site-packages/airflow/example_dags/example_task_group.py took 0.081 seconds
[2025-12-30T23:50:39.135+0000] {processor.py:161} INFO - Started process (PID=975) to work on /home/airflow/.local/lib/python3.12/site-packages/airflow/example_dags/example_task_group.py
[2025-12-30T23:50:39.137+0000] {processor.py:830} INFO - Processing file /home/airflow/.local/lib/python3.12/site-packages/airflow/example_dags/example_task_group.py for tasks to queue
[2025-12-30T23:50:39.140+0000] {logging_mixin.py:188} INFO - [2025-12-30T23:50:39.140+0000] {dagbag.py:545} INFO - Filling up the DagBag from /home/airflow/.local/lib/python3.12/site-packages/airflow/example_dags/example_task_group.py
[2025-12-30T23:50:39.147+0000] {processor.py:840} INFO - DAG(s) 'example_task_group' retrieved from /home/airflow/.local/lib/python3.12/site-packages/airflow/example_dags/example_task_group.py
[2025-12-30T23:50:39.161+0000] {logging_mixin.py:188} INFO - [2025-12-30T23:50:39.160+0000] {dag.py:3096} INFO - Sync 1 DAGs
[2025-12-30T23:50:39.173+0000] {logging_mixin.py:188} INFO - [2025-12-30T23:50:39.173+0000] {dag.py:3954} INFO - Setting next_dagrun for example_task_group to 2025-12-29 00:00:00+00:00, run_after=2025-12-30 00:00:00+00:00
[2025-12-30T23:50:39.182+0000] {processor.py:183} INFO - Processing /home/airflow/.local/lib/python3.12/site-packages/airflow/example_dags/example_task_group.py took 0.053 seconds
[2025-12-30T23:51:09.682+0000] {processor.py:161} INFO - Started process (PID=1035) to work on /home/airflow/.local/lib/python3.12/site-packages/airflow/example_dags/example_task_group.py
[2025-12-30T23:51:09.683+0000] {processor.py:830} INFO - Processing file /home/airflow/.local/lib/python3.12/site-packages/airflow/example_dags/example_task_group.py for tasks to queue
[2025-12-30T23:51:09.685+0000] {logging_mixin.py:188} INFO - [2025-12-30T23:51:09.685+0000] {dagbag.py:545} INFO - Filling up the DagBag from /home/airflow/.local/lib/python3.12/site-packages/airflow/example_dags/example_task_group.py
[2025-12-30T23:51:09.694+0000] {processor.py:840} INFO - DAG(s) 'example_task_group' retrieved from /home/airflow/.local/lib/python3.12/site-packages/airflow/example_dags/example_task_group.py
[2025-12-30T23:51:09.713+0000] {logging_mixin.py:188} INFO - [2025-12-30T23:51:09.713+0000] {dag.py:3096} INFO - Sync 1 DAGs
[2025-12-30T23:51:09.728+0000] {logging_mixin.py:188} INFO - [2025-12-30T23:51:09.728+0000] {dag.py:3954} INFO - Setting next_dagrun for example_task_group to 2025-12-29 00:00:00+00:00, run_after=2025-12-30 00:00:00+00:00
[2025-12-30T23:51:09.738+0000] {processor.py:183} INFO - Processing /home/airflow/.local/lib/python3.12/site-packages/airflow/example_dags/example_task_group.py took 0.064 seconds
[2025-12-30T23:51:39.819+0000] {processor.py:161} INFO - Started process (PID=1095) to work on /home/airflow/.local/lib/python3.12/site-packages/airflow/example_dags/example_task_group.py
[2025-12-30T23:51:39.820+0000] {processor.py:830} INFO - Processing file /home/airflow/.local/lib/python3.12/site-packages/airflow/example_dags/example_task_group.py for tasks to queue
[2025-12-30T23:51:39.821+0000] {logging_mixin.py:188} INFO - [2025-12-30T23:51:39.821+0000] {dagbag.py:545} INFO - Filling up the DagBag from /home/airflow/.local/lib/python3.12/site-packages/airflow/example_dags/example_task_group.py
[2025-12-30T23:51:39.825+0000] {processor.py:840} INFO - DAG(s) 'example_task_group' retrieved from /home/airflow/.local/lib/python3.12/site-packages/airflow/example_dags/example_task_group.py
[2025-12-30T23:51:39.835+0000] {logging_mixin.py:188} INFO - [2025-12-30T23:51:39.835+0000] {dag.py:3096} INFO - Sync 1 DAGs
[2025-12-30T23:51:39.848+0000] {logging_mixin.py:188} INFO - [2025-12-30T23:51:39.847+0000] {dag.py:3954} INFO - Setting next_dagrun for example_task_group to 2025-12-29 00:00:00+00:00, run_after=2025-12-30 00:00:00+00:00
[2025-12-30T23:51:39.856+0000] {processor.py:183} INFO - Processing /home/airflow/.local/lib/python3.12/site-packages/airflow/example_dags/example_task_group.py took 0.040 seconds
[2025-12-30T23:52:10.816+0000] {processor.py:161} INFO - Started process (PID=1155) to work on /home/airflow/.local/lib/python3.12/site-packages/airflow/example_dags/example_task_group.py
[2025-12-30T23:52:10.817+0000] {processor.py:830} INFO - Processing file /home/airflow/.local/lib/python3.12/site-packages/airflow/example_dags/example_task_group.py for tasks to queue
[2025-12-30T23:52:10.818+0000] {logging_mixin.py:188} INFO - [2025-12-30T23:52:10.818+0000] {dagbag.py:545} INFO - Filling up the DagBag from /home/airflow/.local/lib/python3.12/site-packages/airflow/example_dags/example_task_group.py
[2025-12-30T23:52:10.822+0000] {processor.py:840} INFO - DAG(s) 'example_task_group' retrieved from /home/airflow/.local/lib/python3.12/site-packages/airflow/example_dags/example_task_group.py
[2025-12-30T23:52:10.833+0000] {logging_mixin.py:188} INFO - [2025-12-30T23:52:10.833+0000] {dag.py:3096} INFO - Sync 1 DAGs
[2025-12-30T23:52:10.844+0000] {logging_mixin.py:188} INFO - [2025-12-30T23:52:10.844+0000] {dag.py:3954} INFO - Setting next_dagrun for example_task_group to 2025-12-29 00:00:00+00:00, run_after=2025-12-30 00:00:00+00:00
[2025-12-30T23:52:10.853+0000] {processor.py:183} INFO - Processing /home/airflow/.local/lib/python3.12/site-packages/airflow/example_dags/example_task_group.py took 0.040 seconds
[2025-12-30T23:52:41.314+0000] {processor.py:161} INFO - Started process (PID=1215) to work on /home/airflow/.local/lib/python3.12/site-packages/airflow/example_dags/example_task_group.py
[2025-12-30T23:52:41.315+0000] {processor.py:830} INFO - Processing file /home/airflow/.local/lib/python3.12/site-packages/airflow/example_dags/example_task_group.py for tasks to queue
[2025-12-30T23:52:41.316+0000] {logging_mixin.py:188} INFO - [2025-12-30T23:52:41.316+0000] {dagbag.py:545} INFO - Filling up the DagBag from /home/airflow/.local/lib/python3.12/site-packages/airflow/example_dags/example_task_group.py
[2025-12-30T23:52:41.324+0000] {processor.py:840} INFO - DAG(s) 'example_task_group' retrieved from /home/airflow/.local/lib/python3.12/site-packages/airflow/example_dags/example_task_group.py
[2025-12-30T23:52:41.342+0000] {logging_mixin.py:188} INFO - [2025-12-30T23:52:41.341+0000] {dag.py:3096} INFO - Sync 1 DAGs
[2025-12-30T23:52:41.362+0000] {logging_mixin.py:188} INFO - [2025-12-30T23:52:41.362+0000] {dag.py:3954} INFO - Setting next_dagrun for example_task_group to 2025-12-29 00:00:00+00:00, run_after=2025-12-30 00:00:00+00:00
[2025-12-30T23:52:41.375+0000] {processor.py:183} INFO - Processing /home/airflow/.local/lib/python3.12/site-packages/airflow/example_dags/example_task_group.py took 0.067 seconds
[2025-12-30T23:53:11.719+0000] {processor.py:161} INFO - Started process (PID=1275) to work on /home/airflow/.local/lib/python3.12/site-packages/airflow/example_dags/example_task_group.py
[2025-12-30T23:53:11.720+0000] {processor.py:830} INFO - Processing file /home/airflow/.local/lib/python3.12/site-packages/airflow/example_dags/example_task_group.py for tasks to queue
[2025-12-30T23:53:11.721+0000] {logging_mixin.py:188} INFO - [2025-12-30T23:53:11.721+0000] {dagbag.py:545} INFO - Filling up the DagBag from /home/airflow/.local/lib/python3.12/site-packages/airflow/example_dags/example_task_group.py
[2025-12-30T23:53:11.731+0000] {processor.py:840} INFO - DAG(s) 'example_task_group' retrieved from /home/airflow/.local/lib/python3.12/site-packages/airflow/example_dags/example_task_group.py
[2025-12-30T23:53:11.752+0000] {logging_mixin.py:188} INFO - [2025-12-30T23:53:11.751+0000] {dag.py:3096} INFO - Sync 1 DAGs
[2025-12-30T23:53:11.768+0000] {logging_mixin.py:188} INFO - [2025-12-30T23:53:11.768+0000] {dag.py:3954} INFO - Setting next_dagrun for example_task_group to 2025-12-29 00:00:00+00:00, run_after=2025-12-30 00:00:00+00:00
[2025-12-30T23:53:11.779+0000] {processor.py:183} INFO - Processing /home/airflow/.local/lib/python3.12/site-packages/airflow/example_dags/example_task_group.py took 0.065 seconds
[2025-12-30T23:53:42.268+0000] {processor.py:161} INFO - Started process (PID=1335) to work on /home/airflow/.local/lib/python3.12/site-packages/airflow/example_dags/example_task_group.py
[2025-12-30T23:53:42.268+0000] {processor.py:830} INFO - Processing file /home/airflow/.local/lib/python3.12/site-packages/airflow/example_dags/example_task_group.py for tasks to queue
[2025-12-30T23:53:42.270+0000] {logging_mixin.py:188} INFO - [2025-12-30T23:53:42.270+0000] {dagbag.py:545} INFO - Filling up the DagBag from /home/airflow/.local/lib/python3.12/site-packages/airflow/example_dags/example_task_group.py
[2025-12-30T23:53:42.275+0000] {processor.py:840} INFO - DAG(s) 'example_task_group' retrieved from /home/airflow/.local/lib/python3.12/site-packages/airflow/example_dags/example_task_group.py
[2025-12-30T23:53:42.288+0000] {logging_mixin.py:188} INFO - [2025-12-30T23:53:42.288+0000] {dag.py:3096} INFO - Sync 1 DAGs
[2025-12-30T23:53:42.304+0000] {logging_mixin.py:188} INFO - [2025-12-30T23:53:42.304+0000] {dag.py:3954} INFO - Setting next_dagrun for example_task_group to 2025-12-29 00:00:00+00:00, run_after=2025-12-30 00:00:00+00:00
[2025-12-30T23:53:42.313+0000] {processor.py:183} INFO - Processing /home/airflow/.local/lib/python3.12/site-packages/airflow/example_dags/example_task_group.py took 0.048 seconds
[2025-12-30T23:54:12.333+0000] {processor.py:161} INFO - Started process (PID=1394) to work on /home/airflow/.local/lib/python3.12/site-packages/airflow/example_dags/example_task_group.py
[2025-12-30T23:54:12.334+0000] {processor.py:830} INFO - Processing file /home/airflow/.local/lib/python3.12/site-packages/airflow/example_dags/example_task_group.py for tasks to queue
[2025-12-30T23:54:12.335+0000] {logging_mixin.py:188} INFO - [2025-12-30T23:54:12.335+0000] {dagbag.py:545} INFO - Filling up the DagBag from /home/airflow/.local/lib/python3.12/site-packages/airflow/example_dags/example_task_group.py
[2025-12-30T23:54:12.339+0000] {processor.py:840} INFO - DAG(s) 'example_task_group' retrieved from /home/airflow/.local/lib/python3.12/site-packages/airflow/example_dags/example_task_group.py
[2025-12-30T23:54:12.349+0000] {logging_mixin.py:188} INFO - [2025-12-30T23:54:12.349+0000] {dag.py:3096} INFO - Sync 1 DAGs
[2025-12-30T23:54:12.359+0000] {logging_mixin.py:188} INFO - [2025-12-30T23:54:12.359+0000] {dag.py:3954} INFO - Setting next_dagrun for example_task_group to 2025-12-29 00:00:00+00:00, run_after=2025-12-30 00:00:00+00:00
[2025-12-30T23:54:12.366+0000] {processor.py:183} INFO - Processing /home/airflow/.local/lib/python3.12/site-packages/airflow/example_dags/example_task_group.py took 0.036 seconds
[2025-12-30T23:54:42.745+0000] {processor.py:161} INFO - Started process (PID=1454) to work on /home/airflow/.local/lib/python3.12/site-packages/airflow/example_dags/example_task_group.py
[2025-12-30T23:54:42.746+0000] {processor.py:830} INFO - Processing file /home/airflow/.local/lib/python3.12/site-packages/airflow/example_dags/example_task_group.py for tasks to queue
[2025-12-30T23:54:42.747+0000] {logging_mixin.py:188} INFO - [2025-12-30T23:54:42.747+0000] {dagbag.py:545} INFO - Filling up the DagBag from /home/airflow/.local/lib/python3.12/site-packages/airflow/example_dags/example_task_group.py
[2025-12-30T23:54:42.756+0000] {processor.py:840} INFO - DAG(s) 'example_task_group' retrieved from /home/airflow/.local/lib/python3.12/site-packages/airflow/example_dags/example_task_group.py
[2025-12-30T23:54:42.773+0000] {logging_mixin.py:188} INFO - [2025-12-30T23:54:42.773+0000] {dag.py:3096} INFO - Sync 1 DAGs
[2025-12-30T23:54:42.786+0000] {logging_mixin.py:188} INFO - [2025-12-30T23:54:42.786+0000] {dag.py:3954} INFO - Setting next_dagrun for example_task_group to 2025-12-29 00:00:00+00:00, run_after=2025-12-30 00:00:00+00:00
[2025-12-30T23:54:42.795+0000] {processor.py:183} INFO - Processing /home/airflow/.local/lib/python3.12/site-packages/airflow/example_dags/example_task_group.py took 0.054 seconds
[2025-12-30T23:55:12.959+0000] {processor.py:161} INFO - Started process (PID=1514) to work on /home/airflow/.local/lib/python3.12/site-packages/airflow/example_dags/example_task_group.py
[2025-12-30T23:55:12.960+0000] {processor.py:830} INFO - Processing file /home/airflow/.local/lib/python3.12/site-packages/airflow/example_dags/example_task_group.py for tasks to queue
[2025-12-30T23:55:12.962+0000] {logging_mixin.py:188} INFO - [2025-12-30T23:55:12.961+0000] {dagbag.py:545} INFO - Filling up the DagBag from /home/airflow/.local/lib/python3.12/site-packages/airflow/example_dags/example_task_group.py
[2025-12-30T23:55:12.974+0000] {processor.py:840} INFO - DAG(s) 'example_task_group' retrieved from /home/airflow/.local/lib/python3.12/site-packages/airflow/example_dags/example_task_group.py
[2025-12-30T23:55:12.987+0000] {logging_mixin.py:188} INFO - [2025-12-30T23:55:12.987+0000] {dag.py:3096} INFO - Sync 1 DAGs
[2025-12-30T23:55:12.999+0000] {logging_mixin.py:188} INFO - [2025-12-30T23:55:12.999+0000] {dag.py:3954} INFO - Setting next_dagrun for example_task_group to 2025-12-29 00:00:00+00:00, run_after=2025-12-30 00:00:00+00:00
[2025-12-30T23:55:13.007+0000] {processor.py:183} INFO - Processing /home/airflow/.local/lib/python3.12/site-packages/airflow/example_dags/example_task_group.py took 0.052 seconds
[2025-12-30T23:55:43.327+0000] {processor.py:161} INFO - Started process (PID=1574) to work on /home/airflow/.local/lib/python3.12/site-packages/airflow/example_dags/example_task_group.py
[2025-12-30T23:55:43.330+0000] {processor.py:830} INFO - Processing file /home/airflow/.local/lib/python3.12/site-packages/airflow/example_dags/example_task_group.py for tasks to queue
[2025-12-30T23:55:43.336+0000] {logging_mixin.py:188} INFO - [2025-12-30T23:55:43.335+0000] {dagbag.py:545} INFO - Filling up the DagBag from /home/airflow/.local/lib/python3.12/site-packages/airflow/example_dags/example_task_group.py
[2025-12-30T23:55:43.346+0000] {processor.py:840} INFO - DAG(s) 'example_task_group' retrieved from /home/airflow/.local/lib/python3.12/site-packages/airflow/example_dags/example_task_group.py
[2025-12-30T23:55:43.359+0000] {logging_mixin.py:188} INFO - [2025-12-30T23:55:43.359+0000] {dag.py:3096} INFO - Sync 1 DAGs
[2025-12-30T23:55:43.376+0000] {logging_mixin.py:188} INFO - [2025-12-30T23:55:43.376+0000] {dag.py:3954} INFO - Setting next_dagrun for example_task_group to 2025-12-29 00:00:00+00:00, run_after=2025-12-30 00:00:00+00:00
[2025-12-30T23:55:43.392+0000] {processor.py:183} INFO - Processing /home/airflow/.local/lib/python3.12/site-packages/airflow/example_dags/example_task_group.py took 0.074 seconds
[2025-12-30T23:56:13.697+0000] {processor.py:161} INFO - Started process (PID=1634) to work on /home/airflow/.local/lib/python3.12/site-packages/airflow/example_dags/example_task_group.py
[2025-12-30T23:56:13.697+0000] {processor.py:830} INFO - Processing file /home/airflow/.local/lib/python3.12/site-packages/airflow/example_dags/example_task_group.py for tasks to queue
[2025-12-30T23:56:13.699+0000] {logging_mixin.py:188} INFO - [2025-12-30T23:56:13.698+0000] {dagbag.py:545} INFO - Filling up the DagBag from /home/airflow/.local/lib/python3.12/site-packages/airflow/example_dags/example_task_group.py
[2025-12-30T23:56:13.703+0000] {processor.py:840} INFO - DAG(s) 'example_task_group' retrieved from /home/airflow/.local/lib/python3.12/site-packages/airflow/example_dags/example_task_group.py
[2025-12-30T23:56:13.718+0000] {logging_mixin.py:188} INFO - [2025-12-30T23:56:13.718+0000] {dag.py:3096} INFO - Sync 1 DAGs
[2025-12-30T23:56:13.730+0000] {logging_mixin.py:188} INFO - [2025-12-30T23:56:13.730+0000] {dag.py:3954} INFO - Setting next_dagrun for example_task_group to 2025-12-29 00:00:00+00:00, run_after=2025-12-30 00:00:00+00:00
[2025-12-30T23:56:13.739+0000] {processor.py:183} INFO - Processing /home/airflow/.local/lib/python3.12/site-packages/airflow/example_dags/example_task_group.py took 0.046 seconds
[2025-12-30T23:56:44.001+0000] {processor.py:161} INFO - Started process (PID=1694) to work on /home/airflow/.local/lib/python3.12/site-packages/airflow/example_dags/example_task_group.py
[2025-12-30T23:56:44.001+0000] {processor.py:830} INFO - Processing file /home/airflow/.local/lib/python3.12/site-packages/airflow/example_dags/example_task_group.py for tasks to queue
[2025-12-30T23:56:44.002+0000] {logging_mixin.py:188} INFO - [2025-12-30T23:56:44.002+0000] {dagbag.py:545} INFO - Filling up the DagBag from /home/airflow/.local/lib/python3.12/site-packages/airflow/example_dags/example_task_group.py
[2025-12-30T23:56:44.006+0000] {processor.py:840} INFO - DAG(s) 'example_task_group' retrieved from /home/airflow/.local/lib/python3.12/site-packages/airflow/example_dags/example_task_group.py
[2025-12-30T23:56:44.015+0000] {logging_mixin.py:188} INFO - [2025-12-30T23:56:44.015+0000] {dag.py:3096} INFO - Sync 1 DAGs
[2025-12-30T23:56:44.025+0000] {logging_mixin.py:188} INFO - [2025-12-30T23:56:44.025+0000] {dag.py:3954} INFO - Setting next_dagrun for example_task_group to 2025-12-29 00:00:00+00:00, run_after=2025-12-30 00:00:00+00:00
[2025-12-30T23:56:44.032+0000] {processor.py:183} INFO - Processing /home/airflow/.local/lib/python3.12/site-packages/airflow/example_dags/example_task_group.py took 0.035 seconds
[2025-12-30T23:57:14.494+0000] {processor.py:161} INFO - Started process (PID=1754) to work on /home/airflow/.local/lib/python3.12/site-packages/airflow/example_dags/example_task_group.py
[2025-12-30T23:57:14.495+0000] {processor.py:830} INFO - Processing file /home/airflow/.local/lib/python3.12/site-packages/airflow/example_dags/example_task_group.py for tasks to queue
[2025-12-30T23:57:14.497+0000] {logging_mixin.py:188} INFO - [2025-12-30T23:57:14.496+0000] {dagbag.py:545} INFO - Filling up the DagBag from /home/airflow/.local/lib/python3.12/site-packages/airflow/example_dags/example_task_group.py
[2025-12-30T23:57:14.500+0000] {processor.py:840} INFO - DAG(s) 'example_task_group' retrieved from /home/airflow/.local/lib/python3.12/site-packages/airflow/example_dags/example_task_group.py
[2025-12-30T23:57:14.510+0000] {logging_mixin.py:188} INFO - [2025-12-30T23:57:14.509+0000] {dag.py:3096} INFO - Sync 1 DAGs
[2025-12-30T23:57:14.519+0000] {logging_mixin.py:188} INFO - [2025-12-30T23:57:14.519+0000] {dag.py:3954} INFO - Setting next_dagrun for example_task_group to 2025-12-29 00:00:00+00:00, run_after=2025-12-30 00:00:00+00:00
[2025-12-30T23:57:14.527+0000] {processor.py:183} INFO - Processing /home/airflow/.local/lib/python3.12/site-packages/airflow/example_dags/example_task_group.py took 0.037 seconds
[2025-12-30T23:57:44.581+0000] {processor.py:161} INFO - Started process (PID=1814) to work on /home/airflow/.local/lib/python3.12/site-packages/airflow/example_dags/example_task_group.py
[2025-12-30T23:57:44.582+0000] {processor.py:830} INFO - Processing file /home/airflow/.local/lib/python3.12/site-packages/airflow/example_dags/example_task_group.py for tasks to queue
[2025-12-30T23:57:44.585+0000] {logging_mixin.py:188} INFO - [2025-12-30T23:57:44.585+0000] {dagbag.py:545} INFO - Filling up the DagBag from /home/airflow/.local/lib/python3.12/site-packages/airflow/example_dags/example_task_group.py
[2025-12-30T23:57:44.590+0000] {processor.py:840} INFO - DAG(s) 'example_task_group' retrieved from /home/airflow/.local/lib/python3.12/site-packages/airflow/example_dags/example_task_group.py
[2025-12-30T23:57:44.603+0000] {logging_mixin.py:188} INFO - [2025-12-30T23:57:44.603+0000] {dag.py:3096} INFO - Sync 1 DAGs
[2025-12-30T23:57:44.613+0000] {logging_mixin.py:188} INFO - [2025-12-30T23:57:44.613+0000] {dag.py:3954} INFO - Setting next_dagrun for example_task_group to 2025-12-29 00:00:00+00:00, run_after=2025-12-30 00:00:00+00:00
[2025-12-30T23:57:44.622+0000] {processor.py:183} INFO - Processing /home/airflow/.local/lib/python3.12/site-packages/airflow/example_dags/example_task_group.py took 0.045 seconds
[2025-12-30T23:58:14.685+0000] {processor.py:161} INFO - Started process (PID=1874) to work on /home/airflow/.local/lib/python3.12/site-packages/airflow/example_dags/example_task_group.py
[2025-12-30T23:58:14.686+0000] {processor.py:830} INFO - Processing file /home/airflow/.local/lib/python3.12/site-packages/airflow/example_dags/example_task_group.py for tasks to queue
[2025-12-30T23:58:14.688+0000] {logging_mixin.py:188} INFO - [2025-12-30T23:58:14.687+0000] {dagbag.py:545} INFO - Filling up the DagBag from /home/airflow/.local/lib/python3.12/site-packages/airflow/example_dags/example_task_group.py
[2025-12-30T23:58:14.692+0000] {processor.py:840} INFO - DAG(s) 'example_task_group' retrieved from /home/airflow/.local/lib/python3.12/site-packages/airflow/example_dags/example_task_group.py
[2025-12-30T23:58:14.702+0000] {logging_mixin.py:188} INFO - [2025-12-30T23:58:14.702+0000] {dag.py:3096} INFO - Sync 1 DAGs
[2025-12-30T23:58:14.712+0000] {logging_mixin.py:188} INFO - [2025-12-30T23:58:14.712+0000] {dag.py:3954} INFO - Setting next_dagrun for example_task_group to 2025-12-29 00:00:00+00:00, run_after=2025-12-30 00:00:00+00:00
[2025-12-30T23:58:14.720+0000] {processor.py:183} INFO - Processing /home/airflow/.local/lib/python3.12/site-packages/airflow/example_dags/example_task_group.py took 0.038 seconds
[2025-12-30T23:58:45.598+0000] {processor.py:161} INFO - Started process (PID=1934) to work on /home/airflow/.local/lib/python3.12/site-packages/airflow/example_dags/example_task_group.py
[2025-12-30T23:58:45.598+0000] {processor.py:830} INFO - Processing file /home/airflow/.local/lib/python3.12/site-packages/airflow/example_dags/example_task_group.py for tasks to queue
[2025-12-30T23:58:45.600+0000] {logging_mixin.py:188} INFO - [2025-12-30T23:58:45.599+0000] {dagbag.py:545} INFO - Filling up the DagBag from /home/airflow/.local/lib/python3.12/site-packages/airflow/example_dags/example_task_group.py
[2025-12-30T23:58:45.604+0000] {processor.py:840} INFO - DAG(s) 'example_task_group' retrieved from /home/airflow/.local/lib/python3.12/site-packages/airflow/example_dags/example_task_group.py
[2025-12-30T23:58:45.616+0000] {logging_mixin.py:188} INFO - [2025-12-30T23:58:45.615+0000] {dag.py:3096} INFO - Sync 1 DAGs
[2025-12-30T23:58:45.722+0000] {logging_mixin.py:188} INFO - [2025-12-30T23:58:45.722+0000] {dag.py:3954} INFO - Setting next_dagrun for example_task_group to 2025-12-29 00:00:00+00:00, run_after=2025-12-30 00:00:00+00:00
[2025-12-30T23:58:45.730+0000] {processor.py:183} INFO - Processing /home/airflow/.local/lib/python3.12/site-packages/airflow/example_dags/example_task_group.py took 0.136 seconds
[2025-12-30T23:59:16.578+0000] {processor.py:161} INFO - Started process (PID=1994) to work on /home/airflow/.local/lib/python3.12/site-packages/airflow/example_dags/example_task_group.py
[2025-12-30T23:59:16.579+0000] {processor.py:830} INFO - Processing file /home/airflow/.local/lib/python3.12/site-packages/airflow/example_dags/example_task_group.py for tasks to queue
[2025-12-30T23:59:16.580+0000] {logging_mixin.py:188} INFO - [2025-12-30T23:59:16.580+0000] {dagbag.py:545} INFO - Filling up the DagBag from /home/airflow/.local/lib/python3.12/site-packages/airflow/example_dags/example_task_group.py
[2025-12-30T23:59:16.585+0000] {processor.py:840} INFO - DAG(s) 'example_task_group' retrieved from /home/airflow/.local/lib/python3.12/site-packages/airflow/example_dags/example_task_group.py
[2025-12-30T23:59:16.600+0000] {logging_mixin.py:188} INFO - [2025-12-30T23:59:16.600+0000] {dag.py:3096} INFO - Sync 1 DAGs
[2025-12-30T23:59:16.765+0000] {logging_mixin.py:188} INFO - [2025-12-30T23:59:16.765+0000] {dag.py:3954} INFO - Setting next_dagrun for example_task_group to 2025-12-29 00:00:00+00:00, run_after=2025-12-30 00:00:00+00:00
[2025-12-30T23:59:16.774+0000] {processor.py:183} INFO - Processing /home/airflow/.local/lib/python3.12/site-packages/airflow/example_dags/example_task_group.py took 0.200 seconds
[2025-12-30T23:59:47.172+0000] {processor.py:161} INFO - Started process (PID=2054) to work on /home/airflow/.local/lib/python3.12/site-packages/airflow/example_dags/example_task_group.py
[2025-12-30T23:59:47.172+0000] {processor.py:830} INFO - Processing file /home/airflow/.local/lib/python3.12/site-packages/airflow/example_dags/example_task_group.py for tasks to queue
[2025-12-30T23:59:47.174+0000] {logging_mixin.py:188} INFO - [2025-12-30T23:59:47.174+0000] {dagbag.py:545} INFO - Filling up the DagBag from /home/airflow/.local/lib/python3.12/site-packages/airflow/example_dags/example_task_group.py
[2025-12-30T23:59:47.180+0000] {processor.py:840} INFO - DAG(s) 'example_task_group' retrieved from /home/airflow/.local/lib/python3.12/site-packages/airflow/example_dags/example_task_group.py
[2025-12-30T23:59:47.194+0000] {logging_mixin.py:188} INFO - [2025-12-30T23:59:47.194+0000] {dag.py:3096} INFO - Sync 1 DAGs
[2025-12-30T23:59:47.206+0000] {logging_mixin.py:188} INFO - [2025-12-30T23:59:47.206+0000] {dag.py:3954} INFO - Setting next_dagrun for example_task_group to 2025-12-29 00:00:00+00:00, run_after=2025-12-30 00:00:00+00:00
[2025-12-30T23:59:47.307+0000] {processor.py:183} INFO - Processing /home/airflow/.local/lib/python3.12/site-packages/airflow/example_dags/example_task_group.py took 0.139 seconds
