[2025-12-30T23:33:50.308+0000] {processor.py:161} INFO - Started process (PID=55) to work on /home/airflow/.local/lib/python3.12/site-packages/airflow/example_dags/example_branch_operator.py
[2025-12-30T23:33:50.309+0000] {processor.py:830} INFO - Processing file /home/airflow/.local/lib/python3.12/site-packages/airflow/example_dags/example_branch_operator.py for tasks to queue
[2025-12-30T23:33:50.312+0000] {logging_mixin.py:188} INFO - [2025-12-30T23:33:50.312+0000] {dagbag.py:545} INFO - Filling up the DagBag from /home/airflow/.local/lib/python3.12/site-packages/airflow/example_dags/example_branch_operator.py
[2025-12-30T23:33:50.337+0000] {processor.py:840} INFO - DAG(s) 'example_branch_operator' retrieved from /home/airflow/.local/lib/python3.12/site-packages/airflow/example_dags/example_branch_operator.py
[2025-12-30T23:33:50.357+0000] {logging_mixin.py:188} INFO - [2025-12-30T23:33:50.356+0000] {dag.py:3096} INFO - Sync 1 DAGs
[2025-12-30T23:33:50.383+0000] {logging_mixin.py:188} INFO - [2025-12-30T23:33:50.382+0000] {dag.py:3954} INFO - Setting next_dagrun for example_branch_operator to 2025-12-29 00:00:00+00:00, run_after=2025-12-30 00:00:00+00:00
[2025-12-30T23:33:50.407+0000] {processor.py:183} INFO - Processing /home/airflow/.local/lib/python3.12/site-packages/airflow/example_dags/example_branch_operator.py took 0.106 seconds
[2025-12-30T23:34:21.104+0000] {processor.py:161} INFO - Started process (PID=114) to work on /home/airflow/.local/lib/python3.12/site-packages/airflow/example_dags/example_branch_operator.py
[2025-12-30T23:34:21.105+0000] {processor.py:830} INFO - Processing file /home/airflow/.local/lib/python3.12/site-packages/airflow/example_dags/example_branch_operator.py for tasks to queue
[2025-12-30T23:34:21.106+0000] {logging_mixin.py:188} INFO - [2025-12-30T23:34:21.105+0000] {dagbag.py:545} INFO - Filling up the DagBag from /home/airflow/.local/lib/python3.12/site-packages/airflow/example_dags/example_branch_operator.py
[2025-12-30T23:34:21.115+0000] {processor.py:840} INFO - DAG(s) 'example_branch_operator' retrieved from /home/airflow/.local/lib/python3.12/site-packages/airflow/example_dags/example_branch_operator.py
[2025-12-30T23:34:21.176+0000] {logging_mixin.py:188} INFO - [2025-12-30T23:34:21.176+0000] {dag.py:3096} INFO - Sync 1 DAGs
[2025-12-30T23:34:21.188+0000] {logging_mixin.py:188} INFO - [2025-12-30T23:34:21.188+0000] {dag.py:3954} INFO - Setting next_dagrun for example_branch_operator to 2025-12-29 00:00:00+00:00, run_after=2025-12-30 00:00:00+00:00
[2025-12-30T23:34:21.205+0000] {processor.py:183} INFO - Processing /home/airflow/.local/lib/python3.12/site-packages/airflow/example_dags/example_branch_operator.py took 0.104 seconds
[2025-12-30T23:34:51.560+0000] {processor.py:161} INFO - Started process (PID=172) to work on /home/airflow/.local/lib/python3.12/site-packages/airflow/example_dags/example_branch_operator.py
[2025-12-30T23:34:51.561+0000] {processor.py:830} INFO - Processing file /home/airflow/.local/lib/python3.12/site-packages/airflow/example_dags/example_branch_operator.py for tasks to queue
[2025-12-30T23:34:51.563+0000] {logging_mixin.py:188} INFO - [2025-12-30T23:34:51.562+0000] {dagbag.py:545} INFO - Filling up the DagBag from /home/airflow/.local/lib/python3.12/site-packages/airflow/example_dags/example_branch_operator.py
[2025-12-30T23:34:51.581+0000] {processor.py:840} INFO - DAG(s) 'example_branch_operator' retrieved from /home/airflow/.local/lib/python3.12/site-packages/airflow/example_dags/example_branch_operator.py
[2025-12-30T23:34:51.599+0000] {logging_mixin.py:188} INFO - [2025-12-30T23:34:51.599+0000] {dag.py:3096} INFO - Sync 1 DAGs
[2025-12-30T23:34:51.614+0000] {logging_mixin.py:188} INFO - [2025-12-30T23:34:51.614+0000] {dag.py:3954} INFO - Setting next_dagrun for example_branch_operator to 2025-12-29 00:00:00+00:00, run_after=2025-12-30 00:00:00+00:00
[2025-12-30T23:34:51.632+0000] {processor.py:183} INFO - Processing /home/airflow/.local/lib/python3.12/site-packages/airflow/example_dags/example_branch_operator.py took 0.076 seconds
[2025-12-30T23:35:21.906+0000] {processor.py:161} INFO - Started process (PID=231) to work on /home/airflow/.local/lib/python3.12/site-packages/airflow/example_dags/example_branch_operator.py
[2025-12-30T23:35:21.908+0000] {processor.py:830} INFO - Processing file /home/airflow/.local/lib/python3.12/site-packages/airflow/example_dags/example_branch_operator.py for tasks to queue
[2025-12-30T23:35:21.912+0000] {logging_mixin.py:188} INFO - [2025-12-30T23:35:21.910+0000] {dagbag.py:545} INFO - Filling up the DagBag from /home/airflow/.local/lib/python3.12/site-packages/airflow/example_dags/example_branch_operator.py
[2025-12-30T23:35:21.933+0000] {processor.py:840} INFO - DAG(s) 'example_branch_operator' retrieved from /home/airflow/.local/lib/python3.12/site-packages/airflow/example_dags/example_branch_operator.py
[2025-12-30T23:35:21.948+0000] {logging_mixin.py:188} INFO - [2025-12-30T23:35:21.948+0000] {dag.py:3096} INFO - Sync 1 DAGs
[2025-12-30T23:35:21.959+0000] {logging_mixin.py:188} INFO - [2025-12-30T23:35:21.959+0000] {dag.py:3954} INFO - Setting next_dagrun for example_branch_operator to 2025-12-29 00:00:00+00:00, run_after=2025-12-30 00:00:00+00:00
[2025-12-30T23:35:21.968+0000] {processor.py:183} INFO - Processing /home/airflow/.local/lib/python3.12/site-packages/airflow/example_dags/example_branch_operator.py took 0.066 seconds
[2025-12-30T23:35:52.029+0000] {processor.py:161} INFO - Started process (PID=290) to work on /home/airflow/.local/lib/python3.12/site-packages/airflow/example_dags/example_branch_operator.py
[2025-12-30T23:35:52.030+0000] {processor.py:830} INFO - Processing file /home/airflow/.local/lib/python3.12/site-packages/airflow/example_dags/example_branch_operator.py for tasks to queue
[2025-12-30T23:35:52.031+0000] {logging_mixin.py:188} INFO - [2025-12-30T23:35:52.030+0000] {dagbag.py:545} INFO - Filling up the DagBag from /home/airflow/.local/lib/python3.12/site-packages/airflow/example_dags/example_branch_operator.py
[2025-12-30T23:35:52.038+0000] {processor.py:840} INFO - DAG(s) 'example_branch_operator' retrieved from /home/airflow/.local/lib/python3.12/site-packages/airflow/example_dags/example_branch_operator.py
[2025-12-30T23:35:52.053+0000] {logging_mixin.py:188} INFO - [2025-12-30T23:35:52.053+0000] {dag.py:3096} INFO - Sync 1 DAGs
[2025-12-30T23:35:52.062+0000] {logging_mixin.py:188} INFO - [2025-12-30T23:35:52.062+0000] {dag.py:3954} INFO - Setting next_dagrun for example_branch_operator to 2025-12-29 00:00:00+00:00, run_after=2025-12-30 00:00:00+00:00
[2025-12-30T23:35:52.070+0000] {processor.py:183} INFO - Processing /home/airflow/.local/lib/python3.12/site-packages/airflow/example_dags/example_branch_operator.py took 0.043 seconds
[2025-12-30T23:36:22.165+0000] {processor.py:161} INFO - Started process (PID=349) to work on /home/airflow/.local/lib/python3.12/site-packages/airflow/example_dags/example_branch_operator.py
[2025-12-30T23:36:22.166+0000] {processor.py:830} INFO - Processing file /home/airflow/.local/lib/python3.12/site-packages/airflow/example_dags/example_branch_operator.py for tasks to queue
[2025-12-30T23:36:22.167+0000] {logging_mixin.py:188} INFO - [2025-12-30T23:36:22.167+0000] {dagbag.py:545} INFO - Filling up the DagBag from /home/airflow/.local/lib/python3.12/site-packages/airflow/example_dags/example_branch_operator.py
[2025-12-30T23:36:22.178+0000] {processor.py:840} INFO - DAG(s) 'example_branch_operator' retrieved from /home/airflow/.local/lib/python3.12/site-packages/airflow/example_dags/example_branch_operator.py
[2025-12-30T23:36:22.195+0000] {logging_mixin.py:188} INFO - [2025-12-30T23:36:22.194+0000] {dag.py:3096} INFO - Sync 1 DAGs
[2025-12-30T23:36:22.205+0000] {logging_mixin.py:188} INFO - [2025-12-30T23:36:22.205+0000] {dag.py:3954} INFO - Setting next_dagrun for example_branch_operator to 2025-12-29 00:00:00+00:00, run_after=2025-12-30 00:00:00+00:00
[2025-12-30T23:36:22.217+0000] {processor.py:183} INFO - Processing /home/airflow/.local/lib/python3.12/site-packages/airflow/example_dags/example_branch_operator.py took 0.057 seconds
[2025-12-30T23:36:52.655+0000] {processor.py:161} INFO - Started process (PID=415) to work on /home/airflow/.local/lib/python3.12/site-packages/airflow/example_dags/example_branch_operator.py
[2025-12-30T23:36:52.655+0000] {processor.py:830} INFO - Processing file /home/airflow/.local/lib/python3.12/site-packages/airflow/example_dags/example_branch_operator.py for tasks to queue
[2025-12-30T23:36:52.656+0000] {logging_mixin.py:188} INFO - [2025-12-30T23:36:52.656+0000] {dagbag.py:545} INFO - Filling up the DagBag from /home/airflow/.local/lib/python3.12/site-packages/airflow/example_dags/example_branch_operator.py
[2025-12-30T23:36:52.664+0000] {processor.py:840} INFO - DAG(s) 'example_branch_operator' retrieved from /home/airflow/.local/lib/python3.12/site-packages/airflow/example_dags/example_branch_operator.py
[2025-12-30T23:36:52.680+0000] {logging_mixin.py:188} INFO - [2025-12-30T23:36:52.680+0000] {dag.py:3096} INFO - Sync 1 DAGs
[2025-12-30T23:36:52.693+0000] {logging_mixin.py:188} INFO - [2025-12-30T23:36:52.693+0000] {dag.py:3954} INFO - Setting next_dagrun for example_branch_operator to 2025-12-29 00:00:00+00:00, run_after=2025-12-30 00:00:00+00:00
[2025-12-30T23:36:52.701+0000] {processor.py:183} INFO - Processing /home/airflow/.local/lib/python3.12/site-packages/airflow/example_dags/example_branch_operator.py took 0.049 seconds
[2025-12-30T23:37:22.969+0000] {processor.py:161} INFO - Started process (PID=474) to work on /home/airflow/.local/lib/python3.12/site-packages/airflow/example_dags/example_branch_operator.py
[2025-12-30T23:37:22.970+0000] {processor.py:830} INFO - Processing file /home/airflow/.local/lib/python3.12/site-packages/airflow/example_dags/example_branch_operator.py for tasks to queue
[2025-12-30T23:37:22.971+0000] {logging_mixin.py:188} INFO - [2025-12-30T23:37:22.970+0000] {dagbag.py:545} INFO - Filling up the DagBag from /home/airflow/.local/lib/python3.12/site-packages/airflow/example_dags/example_branch_operator.py
[2025-12-30T23:37:22.979+0000] {processor.py:840} INFO - DAG(s) 'example_branch_operator' retrieved from /home/airflow/.local/lib/python3.12/site-packages/airflow/example_dags/example_branch_operator.py
[2025-12-30T23:37:22.991+0000] {logging_mixin.py:188} INFO - [2025-12-30T23:37:22.991+0000] {dag.py:3096} INFO - Sync 1 DAGs
[2025-12-30T23:37:23.006+0000] {logging_mixin.py:188} INFO - [2025-12-30T23:37:23.006+0000] {dag.py:3954} INFO - Setting next_dagrun for example_branch_operator to 2025-12-29 00:00:00+00:00, run_after=2025-12-30 00:00:00+00:00
[2025-12-30T23:37:23.019+0000] {processor.py:183} INFO - Processing /home/airflow/.local/lib/python3.12/site-packages/airflow/example_dags/example_branch_operator.py took 0.052 seconds
[2025-12-30T23:37:53.381+0000] {processor.py:161} INFO - Started process (PID=533) to work on /home/airflow/.local/lib/python3.12/site-packages/airflow/example_dags/example_branch_operator.py
[2025-12-30T23:37:53.381+0000] {processor.py:830} INFO - Processing file /home/airflow/.local/lib/python3.12/site-packages/airflow/example_dags/example_branch_operator.py for tasks to queue
[2025-12-30T23:37:53.382+0000] {logging_mixin.py:188} INFO - [2025-12-30T23:37:53.382+0000] {dagbag.py:545} INFO - Filling up the DagBag from /home/airflow/.local/lib/python3.12/site-packages/airflow/example_dags/example_branch_operator.py
[2025-12-30T23:37:53.392+0000] {processor.py:840} INFO - DAG(s) 'example_branch_operator' retrieved from /home/airflow/.local/lib/python3.12/site-packages/airflow/example_dags/example_branch_operator.py
[2025-12-30T23:37:53.412+0000] {logging_mixin.py:188} INFO - [2025-12-30T23:37:53.412+0000] {dag.py:3096} INFO - Sync 1 DAGs
[2025-12-30T23:37:53.425+0000] {logging_mixin.py:188} INFO - [2025-12-30T23:37:53.425+0000] {dag.py:3954} INFO - Setting next_dagrun for example_branch_operator to 2025-12-29 00:00:00+00:00, run_after=2025-12-30 00:00:00+00:00
[2025-12-30T23:37:53.436+0000] {processor.py:183} INFO - Processing /home/airflow/.local/lib/python3.12/site-packages/airflow/example_dags/example_branch_operator.py took 0.058 seconds
[2025-12-30T23:38:24.015+0000] {processor.py:161} INFO - Started process (PID=592) to work on /home/airflow/.local/lib/python3.12/site-packages/airflow/example_dags/example_branch_operator.py
[2025-12-30T23:38:24.016+0000] {processor.py:830} INFO - Processing file /home/airflow/.local/lib/python3.12/site-packages/airflow/example_dags/example_branch_operator.py for tasks to queue
[2025-12-30T23:38:24.017+0000] {logging_mixin.py:188} INFO - [2025-12-30T23:38:24.017+0000] {dagbag.py:545} INFO - Filling up the DagBag from /home/airflow/.local/lib/python3.12/site-packages/airflow/example_dags/example_branch_operator.py
[2025-12-30T23:38:24.036+0000] {processor.py:840} INFO - DAG(s) 'example_branch_operator' retrieved from /home/airflow/.local/lib/python3.12/site-packages/airflow/example_dags/example_branch_operator.py
[2025-12-30T23:38:24.052+0000] {logging_mixin.py:188} INFO - [2025-12-30T23:38:24.052+0000] {dag.py:3096} INFO - Sync 1 DAGs
[2025-12-30T23:38:24.066+0000] {logging_mixin.py:188} INFO - [2025-12-30T23:38:24.066+0000] {dag.py:3954} INFO - Setting next_dagrun for example_branch_operator to 2025-12-29 00:00:00+00:00, run_after=2025-12-30 00:00:00+00:00
[2025-12-30T23:38:24.074+0000] {processor.py:183} INFO - Processing /home/airflow/.local/lib/python3.12/site-packages/airflow/example_dags/example_branch_operator.py took 0.064 seconds
[2025-12-30T23:38:54.336+0000] {processor.py:161} INFO - Started process (PID=651) to work on /home/airflow/.local/lib/python3.12/site-packages/airflow/example_dags/example_branch_operator.py
[2025-12-30T23:38:54.337+0000] {processor.py:830} INFO - Processing file /home/airflow/.local/lib/python3.12/site-packages/airflow/example_dags/example_branch_operator.py for tasks to queue
[2025-12-30T23:38:54.338+0000] {logging_mixin.py:188} INFO - [2025-12-30T23:38:54.338+0000] {dagbag.py:545} INFO - Filling up the DagBag from /home/airflow/.local/lib/python3.12/site-packages/airflow/example_dags/example_branch_operator.py
[2025-12-30T23:38:54.353+0000] {processor.py:840} INFO - DAG(s) 'example_branch_operator' retrieved from /home/airflow/.local/lib/python3.12/site-packages/airflow/example_dags/example_branch_operator.py
[2025-12-30T23:38:54.382+0000] {logging_mixin.py:188} INFO - [2025-12-30T23:38:54.382+0000] {dag.py:3096} INFO - Sync 1 DAGs
[2025-12-30T23:38:54.396+0000] {logging_mixin.py:188} INFO - [2025-12-30T23:38:54.396+0000] {dag.py:3954} INFO - Setting next_dagrun for example_branch_operator to 2025-12-29 00:00:00+00:00, run_after=2025-12-30 00:00:00+00:00
[2025-12-30T23:38:54.409+0000] {processor.py:183} INFO - Processing /home/airflow/.local/lib/python3.12/site-packages/airflow/example_dags/example_branch_operator.py took 0.078 seconds
[2025-12-30T23:39:24.640+0000] {processor.py:161} INFO - Started process (PID=709) to work on /home/airflow/.local/lib/python3.12/site-packages/airflow/example_dags/example_branch_operator.py
[2025-12-30T23:39:24.640+0000] {processor.py:830} INFO - Processing file /home/airflow/.local/lib/python3.12/site-packages/airflow/example_dags/example_branch_operator.py for tasks to queue
[2025-12-30T23:39:24.641+0000] {logging_mixin.py:188} INFO - [2025-12-30T23:39:24.641+0000] {dagbag.py:545} INFO - Filling up the DagBag from /home/airflow/.local/lib/python3.12/site-packages/airflow/example_dags/example_branch_operator.py
[2025-12-30T23:39:24.650+0000] {processor.py:840} INFO - DAG(s) 'example_branch_operator' retrieved from /home/airflow/.local/lib/python3.12/site-packages/airflow/example_dags/example_branch_operator.py
[2025-12-30T23:39:24.664+0000] {logging_mixin.py:188} INFO - [2025-12-30T23:39:24.664+0000] {dag.py:3096} INFO - Sync 1 DAGs
[2025-12-30T23:39:24.674+0000] {logging_mixin.py:188} INFO - [2025-12-30T23:39:24.674+0000] {dag.py:3954} INFO - Setting next_dagrun for example_branch_operator to 2025-12-29 00:00:00+00:00, run_after=2025-12-30 00:00:00+00:00
[2025-12-30T23:39:24.682+0000] {processor.py:183} INFO - Processing /home/airflow/.local/lib/python3.12/site-packages/airflow/example_dags/example_branch_operator.py took 0.045 seconds
[2025-12-30T23:39:55.051+0000] {processor.py:161} INFO - Started process (PID=769) to work on /home/airflow/.local/lib/python3.12/site-packages/airflow/example_dags/example_branch_operator.py
[2025-12-30T23:39:55.052+0000] {processor.py:830} INFO - Processing file /home/airflow/.local/lib/python3.12/site-packages/airflow/example_dags/example_branch_operator.py for tasks to queue
[2025-12-30T23:39:55.053+0000] {logging_mixin.py:188} INFO - [2025-12-30T23:39:55.053+0000] {dagbag.py:545} INFO - Filling up the DagBag from /home/airflow/.local/lib/python3.12/site-packages/airflow/example_dags/example_branch_operator.py
[2025-12-30T23:39:55.062+0000] {processor.py:840} INFO - DAG(s) 'example_branch_operator' retrieved from /home/airflow/.local/lib/python3.12/site-packages/airflow/example_dags/example_branch_operator.py
[2025-12-30T23:39:55.081+0000] {logging_mixin.py:188} INFO - [2025-12-30T23:39:55.081+0000] {dag.py:3096} INFO - Sync 1 DAGs
[2025-12-30T23:39:55.092+0000] {logging_mixin.py:188} INFO - [2025-12-30T23:39:55.092+0000] {dag.py:3954} INFO - Setting next_dagrun for example_branch_operator to 2025-12-29 00:00:00+00:00, run_after=2025-12-30 00:00:00+00:00
[2025-12-30T23:39:55.100+0000] {processor.py:183} INFO - Processing /home/airflow/.local/lib/python3.12/site-packages/airflow/example_dags/example_branch_operator.py took 0.052 seconds
[2025-12-30T23:40:25.286+0000] {processor.py:161} INFO - Started process (PID=827) to work on /home/airflow/.local/lib/python3.12/site-packages/airflow/example_dags/example_branch_operator.py
[2025-12-30T23:40:25.286+0000] {processor.py:830} INFO - Processing file /home/airflow/.local/lib/python3.12/site-packages/airflow/example_dags/example_branch_operator.py for tasks to queue
[2025-12-30T23:40:25.287+0000] {logging_mixin.py:188} INFO - [2025-12-30T23:40:25.287+0000] {dagbag.py:545} INFO - Filling up the DagBag from /home/airflow/.local/lib/python3.12/site-packages/airflow/example_dags/example_branch_operator.py
[2025-12-30T23:40:25.300+0000] {processor.py:840} INFO - DAG(s) 'example_branch_operator' retrieved from /home/airflow/.local/lib/python3.12/site-packages/airflow/example_dags/example_branch_operator.py
[2025-12-30T23:40:25.326+0000] {logging_mixin.py:188} INFO - [2025-12-30T23:40:25.325+0000] {dag.py:3096} INFO - Sync 1 DAGs
[2025-12-30T23:40:25.344+0000] {logging_mixin.py:188} INFO - [2025-12-30T23:40:25.344+0000] {dag.py:3954} INFO - Setting next_dagrun for example_branch_operator to 2025-12-29 00:00:00+00:00, run_after=2025-12-30 00:00:00+00:00
[2025-12-30T23:40:25.360+0000] {processor.py:183} INFO - Processing /home/airflow/.local/lib/python3.12/site-packages/airflow/example_dags/example_branch_operator.py took 0.077 seconds
[2025-12-30T23:40:55.561+0000] {processor.py:161} INFO - Started process (PID=888) to work on /home/airflow/.local/lib/python3.12/site-packages/airflow/example_dags/example_branch_operator.py
[2025-12-30T23:40:55.562+0000] {processor.py:830} INFO - Processing file /home/airflow/.local/lib/python3.12/site-packages/airflow/example_dags/example_branch_operator.py for tasks to queue
[2025-12-30T23:40:55.563+0000] {logging_mixin.py:188} INFO - [2025-12-30T23:40:55.563+0000] {dagbag.py:545} INFO - Filling up the DagBag from /home/airflow/.local/lib/python3.12/site-packages/airflow/example_dags/example_branch_operator.py
[2025-12-30T23:40:55.574+0000] {processor.py:840} INFO - DAG(s) 'example_branch_operator' retrieved from /home/airflow/.local/lib/python3.12/site-packages/airflow/example_dags/example_branch_operator.py
[2025-12-30T23:40:55.592+0000] {logging_mixin.py:188} INFO - [2025-12-30T23:40:55.592+0000] {dag.py:3096} INFO - Sync 1 DAGs
[2025-12-30T23:40:55.603+0000] {logging_mixin.py:188} INFO - [2025-12-30T23:40:55.603+0000] {dag.py:3954} INFO - Setting next_dagrun for example_branch_operator to 2025-12-29 00:00:00+00:00, run_after=2025-12-30 00:00:00+00:00
[2025-12-30T23:40:55.617+0000] {processor.py:183} INFO - Processing /home/airflow/.local/lib/python3.12/site-packages/airflow/example_dags/example_branch_operator.py took 0.059 seconds
[2025-12-30T23:42:57.674+0000] {processor.py:161} INFO - Started process (PID=54) to work on /home/airflow/.local/lib/python3.12/site-packages/airflow/example_dags/example_branch_operator.py
[2025-12-30T23:42:57.687+0000] {processor.py:830} INFO - Processing file /home/airflow/.local/lib/python3.12/site-packages/airflow/example_dags/example_branch_operator.py for tasks to queue
[2025-12-30T23:42:57.698+0000] {logging_mixin.py:188} INFO - [2025-12-30T23:42:57.694+0000] {dagbag.py:545} INFO - Filling up the DagBag from /home/airflow/.local/lib/python3.12/site-packages/airflow/example_dags/example_branch_operator.py
[2025-12-30T23:42:57.736+0000] {processor.py:840} INFO - DAG(s) 'example_branch_operator' retrieved from /home/airflow/.local/lib/python3.12/site-packages/airflow/example_dags/example_branch_operator.py
[2025-12-30T23:42:57.801+0000] {logging_mixin.py:188} INFO - [2025-12-30T23:42:57.801+0000] {dag.py:3096} INFO - Sync 1 DAGs
[2025-12-30T23:42:57.883+0000] {logging_mixin.py:188} INFO - [2025-12-30T23:42:57.883+0000] {dag.py:3954} INFO - Setting next_dagrun for example_branch_operator to 2025-12-29 00:00:00+00:00, run_after=2025-12-30 00:00:00+00:00
[2025-12-30T23:42:57.939+0000] {processor.py:183} INFO - Processing /home/airflow/.local/lib/python3.12/site-packages/airflow/example_dags/example_branch_operator.py took 0.291 seconds
[2025-12-30T23:43:28.572+0000] {processor.py:161} INFO - Started process (PID=114) to work on /home/airflow/.local/lib/python3.12/site-packages/airflow/example_dags/example_branch_operator.py
[2025-12-30T23:43:28.572+0000] {processor.py:830} INFO - Processing file /home/airflow/.local/lib/python3.12/site-packages/airflow/example_dags/example_branch_operator.py for tasks to queue
[2025-12-30T23:43:28.573+0000] {logging_mixin.py:188} INFO - [2025-12-30T23:43:28.573+0000] {dagbag.py:545} INFO - Filling up the DagBag from /home/airflow/.local/lib/python3.12/site-packages/airflow/example_dags/example_branch_operator.py
[2025-12-30T23:43:28.581+0000] {processor.py:840} INFO - DAG(s) 'example_branch_operator' retrieved from /home/airflow/.local/lib/python3.12/site-packages/airflow/example_dags/example_branch_operator.py
[2025-12-30T23:43:28.648+0000] {logging_mixin.py:188} INFO - [2025-12-30T23:43:28.648+0000] {dag.py:3096} INFO - Sync 1 DAGs
[2025-12-30T23:43:28.659+0000] {logging_mixin.py:188} INFO - [2025-12-30T23:43:28.659+0000] {dag.py:3954} INFO - Setting next_dagrun for example_branch_operator to 2025-12-29 00:00:00+00:00, run_after=2025-12-30 00:00:00+00:00
[2025-12-30T23:43:28.667+0000] {processor.py:183} INFO - Processing /home/airflow/.local/lib/python3.12/site-packages/airflow/example_dags/example_branch_operator.py took 0.098 seconds
[2025-12-30T23:43:59.457+0000] {processor.py:161} INFO - Started process (PID=180) to work on /home/airflow/.local/lib/python3.12/site-packages/airflow/example_dags/example_branch_operator.py
[2025-12-30T23:43:59.457+0000] {processor.py:830} INFO - Processing file /home/airflow/.local/lib/python3.12/site-packages/airflow/example_dags/example_branch_operator.py for tasks to queue
[2025-12-30T23:43:59.458+0000] {logging_mixin.py:188} INFO - [2025-12-30T23:43:59.458+0000] {dagbag.py:545} INFO - Filling up the DagBag from /home/airflow/.local/lib/python3.12/site-packages/airflow/example_dags/example_branch_operator.py
[2025-12-30T23:43:59.468+0000] {processor.py:840} INFO - DAG(s) 'example_branch_operator' retrieved from /home/airflow/.local/lib/python3.12/site-packages/airflow/example_dags/example_branch_operator.py
[2025-12-30T23:43:59.485+0000] {logging_mixin.py:188} INFO - [2025-12-30T23:43:59.485+0000] {dag.py:3096} INFO - Sync 1 DAGs
[2025-12-30T23:43:59.496+0000] {logging_mixin.py:188} INFO - [2025-12-30T23:43:59.496+0000] {dag.py:3954} INFO - Setting next_dagrun for example_branch_operator to 2025-12-29 00:00:00+00:00, run_after=2025-12-30 00:00:00+00:00
[2025-12-30T23:43:59.507+0000] {processor.py:183} INFO - Processing /home/airflow/.local/lib/python3.12/site-packages/airflow/example_dags/example_branch_operator.py took 0.054 seconds
[2025-12-30T23:44:29.608+0000] {processor.py:161} INFO - Started process (PID=240) to work on /home/airflow/.local/lib/python3.12/site-packages/airflow/example_dags/example_branch_operator.py
[2025-12-30T23:44:29.609+0000] {processor.py:830} INFO - Processing file /home/airflow/.local/lib/python3.12/site-packages/airflow/example_dags/example_branch_operator.py for tasks to queue
[2025-12-30T23:44:29.610+0000] {logging_mixin.py:188} INFO - [2025-12-30T23:44:29.610+0000] {dagbag.py:545} INFO - Filling up the DagBag from /home/airflow/.local/lib/python3.12/site-packages/airflow/example_dags/example_branch_operator.py
[2025-12-30T23:44:29.624+0000] {processor.py:840} INFO - DAG(s) 'example_branch_operator' retrieved from /home/airflow/.local/lib/python3.12/site-packages/airflow/example_dags/example_branch_operator.py
[2025-12-30T23:44:29.653+0000] {logging_mixin.py:188} INFO - [2025-12-30T23:44:29.653+0000] {dag.py:3096} INFO - Sync 1 DAGs
[2025-12-30T23:44:29.667+0000] {logging_mixin.py:188} INFO - [2025-12-30T23:44:29.667+0000] {dag.py:3954} INFO - Setting next_dagrun for example_branch_operator to 2025-12-29 00:00:00+00:00, run_after=2025-12-30 00:00:00+00:00
[2025-12-30T23:44:29.678+0000] {processor.py:183} INFO - Processing /home/airflow/.local/lib/python3.12/site-packages/airflow/example_dags/example_branch_operator.py took 0.073 seconds
[2025-12-30T23:45:00.190+0000] {processor.py:161} INFO - Started process (PID=300) to work on /home/airflow/.local/lib/python3.12/site-packages/airflow/example_dags/example_branch_operator.py
[2025-12-30T23:45:00.190+0000] {processor.py:830} INFO - Processing file /home/airflow/.local/lib/python3.12/site-packages/airflow/example_dags/example_branch_operator.py for tasks to queue
[2025-12-30T23:45:00.191+0000] {logging_mixin.py:188} INFO - [2025-12-30T23:45:00.191+0000] {dagbag.py:545} INFO - Filling up the DagBag from /home/airflow/.local/lib/python3.12/site-packages/airflow/example_dags/example_branch_operator.py
[2025-12-30T23:45:00.200+0000] {processor.py:840} INFO - DAG(s) 'example_branch_operator' retrieved from /home/airflow/.local/lib/python3.12/site-packages/airflow/example_dags/example_branch_operator.py
[2025-12-30T23:45:00.215+0000] {logging_mixin.py:188} INFO - [2025-12-30T23:45:00.215+0000] {dag.py:3096} INFO - Sync 1 DAGs
[2025-12-30T23:45:00.227+0000] {logging_mixin.py:188} INFO - [2025-12-30T23:45:00.227+0000] {dag.py:3954} INFO - Setting next_dagrun for example_branch_operator to 2025-12-29 00:00:00+00:00, run_after=2025-12-30 00:00:00+00:00
[2025-12-30T23:45:00.235+0000] {processor.py:183} INFO - Processing /home/airflow/.local/lib/python3.12/site-packages/airflow/example_dags/example_branch_operator.py took 0.048 seconds
[2025-12-30T23:45:31.602+0000] {processor.py:161} INFO - Started process (PID=360) to work on /home/airflow/.local/lib/python3.12/site-packages/airflow/example_dags/example_branch_operator.py
[2025-12-30T23:45:31.604+0000] {processor.py:830} INFO - Processing file /home/airflow/.local/lib/python3.12/site-packages/airflow/example_dags/example_branch_operator.py for tasks to queue
[2025-12-30T23:45:31.605+0000] {logging_mixin.py:188} INFO - [2025-12-30T23:45:31.604+0000] {dagbag.py:545} INFO - Filling up the DagBag from /home/airflow/.local/lib/python3.12/site-packages/airflow/example_dags/example_branch_operator.py
[2025-12-30T23:45:31.614+0000] {processor.py:840} INFO - DAG(s) 'example_branch_operator' retrieved from /home/airflow/.local/lib/python3.12/site-packages/airflow/example_dags/example_branch_operator.py
[2025-12-30T23:45:31.630+0000] {logging_mixin.py:188} INFO - [2025-12-30T23:45:31.629+0000] {dag.py:3096} INFO - Sync 1 DAGs
[2025-12-30T23:45:31.649+0000] {logging_mixin.py:188} INFO - [2025-12-30T23:45:31.648+0000] {dag.py:3954} INFO - Setting next_dagrun for example_branch_operator to 2025-12-29 00:00:00+00:00, run_after=2025-12-30 00:00:00+00:00
[2025-12-30T23:45:31.658+0000] {processor.py:183} INFO - Processing /home/airflow/.local/lib/python3.12/site-packages/airflow/example_dags/example_branch_operator.py took 0.058 seconds
[2025-12-30T23:46:02.674+0000] {processor.py:161} INFO - Started process (PID=420) to work on /home/airflow/.local/lib/python3.12/site-packages/airflow/example_dags/example_branch_operator.py
[2025-12-30T23:46:02.675+0000] {processor.py:830} INFO - Processing file /home/airflow/.local/lib/python3.12/site-packages/airflow/example_dags/example_branch_operator.py for tasks to queue
[2025-12-30T23:46:02.676+0000] {logging_mixin.py:188} INFO - [2025-12-30T23:46:02.676+0000] {dagbag.py:545} INFO - Filling up the DagBag from /home/airflow/.local/lib/python3.12/site-packages/airflow/example_dags/example_branch_operator.py
[2025-12-30T23:46:02.686+0000] {processor.py:840} INFO - DAG(s) 'example_branch_operator' retrieved from /home/airflow/.local/lib/python3.12/site-packages/airflow/example_dags/example_branch_operator.py
[2025-12-30T23:46:02.710+0000] {logging_mixin.py:188} INFO - [2025-12-30T23:46:02.710+0000] {dag.py:3096} INFO - Sync 1 DAGs
[2025-12-30T23:46:02.738+0000] {logging_mixin.py:188} INFO - [2025-12-30T23:46:02.738+0000] {dag.py:3954} INFO - Setting next_dagrun for example_branch_operator to 2025-12-29 00:00:00+00:00, run_after=2025-12-30 00:00:00+00:00
[2025-12-30T23:46:02.754+0000] {processor.py:183} INFO - Processing /home/airflow/.local/lib/python3.12/site-packages/airflow/example_dags/example_branch_operator.py took 0.084 seconds
[2025-12-30T23:46:33.684+0000] {processor.py:161} INFO - Started process (PID=480) to work on /home/airflow/.local/lib/python3.12/site-packages/airflow/example_dags/example_branch_operator.py
[2025-12-30T23:46:33.685+0000] {processor.py:830} INFO - Processing file /home/airflow/.local/lib/python3.12/site-packages/airflow/example_dags/example_branch_operator.py for tasks to queue
[2025-12-30T23:46:33.687+0000] {logging_mixin.py:188} INFO - [2025-12-30T23:46:33.686+0000] {dagbag.py:545} INFO - Filling up the DagBag from /home/airflow/.local/lib/python3.12/site-packages/airflow/example_dags/example_branch_operator.py
[2025-12-30T23:46:33.697+0000] {processor.py:840} INFO - DAG(s) 'example_branch_operator' retrieved from /home/airflow/.local/lib/python3.12/site-packages/airflow/example_dags/example_branch_operator.py
[2025-12-30T23:46:33.714+0000] {logging_mixin.py:188} INFO - [2025-12-30T23:46:33.714+0000] {dag.py:3096} INFO - Sync 1 DAGs
[2025-12-30T23:46:33.728+0000] {logging_mixin.py:188} INFO - [2025-12-30T23:46:33.728+0000] {dag.py:3954} INFO - Setting next_dagrun for example_branch_operator to 2025-12-29 00:00:00+00:00, run_after=2025-12-30 00:00:00+00:00
[2025-12-30T23:46:33.740+0000] {processor.py:183} INFO - Processing /home/airflow/.local/lib/python3.12/site-packages/airflow/example_dags/example_branch_operator.py took 0.060 seconds
[2025-12-30T23:47:03.862+0000] {processor.py:161} INFO - Started process (PID=538) to work on /home/airflow/.local/lib/python3.12/site-packages/airflow/example_dags/example_branch_operator.py
[2025-12-30T23:47:03.863+0000] {processor.py:830} INFO - Processing file /home/airflow/.local/lib/python3.12/site-packages/airflow/example_dags/example_branch_operator.py for tasks to queue
[2025-12-30T23:47:03.864+0000] {logging_mixin.py:188} INFO - [2025-12-30T23:47:03.864+0000] {dagbag.py:545} INFO - Filling up the DagBag from /home/airflow/.local/lib/python3.12/site-packages/airflow/example_dags/example_branch_operator.py
[2025-12-30T23:47:03.875+0000] {processor.py:840} INFO - DAG(s) 'example_branch_operator' retrieved from /home/airflow/.local/lib/python3.12/site-packages/airflow/example_dags/example_branch_operator.py
[2025-12-30T23:47:03.890+0000] {logging_mixin.py:188} INFO - [2025-12-30T23:47:03.890+0000] {dag.py:3096} INFO - Sync 1 DAGs
[2025-12-30T23:47:03.901+0000] {logging_mixin.py:188} INFO - [2025-12-30T23:47:03.901+0000] {dag.py:3954} INFO - Setting next_dagrun for example_branch_operator to 2025-12-29 00:00:00+00:00, run_after=2025-12-30 00:00:00+00:00
[2025-12-30T23:47:03.910+0000] {processor.py:183} INFO - Processing /home/airflow/.local/lib/python3.12/site-packages/airflow/example_dags/example_branch_operator.py took 0.052 seconds
[2025-12-30T23:47:34.471+0000] {processor.py:161} INFO - Started process (PID=598) to work on /home/airflow/.local/lib/python3.12/site-packages/airflow/example_dags/example_branch_operator.py
[2025-12-30T23:47:34.472+0000] {processor.py:830} INFO - Processing file /home/airflow/.local/lib/python3.12/site-packages/airflow/example_dags/example_branch_operator.py for tasks to queue
[2025-12-30T23:47:34.474+0000] {logging_mixin.py:188} INFO - [2025-12-30T23:47:34.474+0000] {dagbag.py:545} INFO - Filling up the DagBag from /home/airflow/.local/lib/python3.12/site-packages/airflow/example_dags/example_branch_operator.py
[2025-12-30T23:47:34.487+0000] {processor.py:840} INFO - DAG(s) 'example_branch_operator' retrieved from /home/airflow/.local/lib/python3.12/site-packages/airflow/example_dags/example_branch_operator.py
[2025-12-30T23:47:34.505+0000] {logging_mixin.py:188} INFO - [2025-12-30T23:47:34.505+0000] {dag.py:3096} INFO - Sync 1 DAGs
[2025-12-30T23:47:34.518+0000] {logging_mixin.py:188} INFO - [2025-12-30T23:47:34.517+0000] {dag.py:3954} INFO - Setting next_dagrun for example_branch_operator to 2025-12-29 00:00:00+00:00, run_after=2025-12-30 00:00:00+00:00
[2025-12-30T23:47:34.531+0000] {processor.py:183} INFO - Processing /home/airflow/.local/lib/python3.12/site-packages/airflow/example_dags/example_branch_operator.py took 0.065 seconds
[2025-12-30T23:48:04.699+0000] {processor.py:161} INFO - Started process (PID=658) to work on /home/airflow/.local/lib/python3.12/site-packages/airflow/example_dags/example_branch_operator.py
[2025-12-30T23:48:04.700+0000] {processor.py:830} INFO - Processing file /home/airflow/.local/lib/python3.12/site-packages/airflow/example_dags/example_branch_operator.py for tasks to queue
[2025-12-30T23:48:04.701+0000] {logging_mixin.py:188} INFO - [2025-12-30T23:48:04.701+0000] {dagbag.py:545} INFO - Filling up the DagBag from /home/airflow/.local/lib/python3.12/site-packages/airflow/example_dags/example_branch_operator.py
[2025-12-30T23:48:04.712+0000] {processor.py:840} INFO - DAG(s) 'example_branch_operator' retrieved from /home/airflow/.local/lib/python3.12/site-packages/airflow/example_dags/example_branch_operator.py
[2025-12-30T23:48:04.728+0000] {logging_mixin.py:188} INFO - [2025-12-30T23:48:04.728+0000] {dag.py:3096} INFO - Sync 1 DAGs
[2025-12-30T23:48:04.739+0000] {logging_mixin.py:188} INFO - [2025-12-30T23:48:04.739+0000] {dag.py:3954} INFO - Setting next_dagrun for example_branch_operator to 2025-12-29 00:00:00+00:00, run_after=2025-12-30 00:00:00+00:00
[2025-12-30T23:48:04.748+0000] {processor.py:183} INFO - Processing /home/airflow/.local/lib/python3.12/site-packages/airflow/example_dags/example_branch_operator.py took 0.053 seconds
[2025-12-30T23:48:34.904+0000] {processor.py:161} INFO - Started process (PID=717) to work on /home/airflow/.local/lib/python3.12/site-packages/airflow/example_dags/example_branch_operator.py
[2025-12-30T23:48:34.904+0000] {processor.py:830} INFO - Processing file /home/airflow/.local/lib/python3.12/site-packages/airflow/example_dags/example_branch_operator.py for tasks to queue
[2025-12-30T23:48:34.906+0000] {logging_mixin.py:188} INFO - [2025-12-30T23:48:34.905+0000] {dagbag.py:545} INFO - Filling up the DagBag from /home/airflow/.local/lib/python3.12/site-packages/airflow/example_dags/example_branch_operator.py
[2025-12-30T23:48:34.916+0000] {processor.py:840} INFO - DAG(s) 'example_branch_operator' retrieved from /home/airflow/.local/lib/python3.12/site-packages/airflow/example_dags/example_branch_operator.py
[2025-12-30T23:48:34.930+0000] {logging_mixin.py:188} INFO - [2025-12-30T23:48:34.930+0000] {dag.py:3096} INFO - Sync 1 DAGs
[2025-12-30T23:48:34.940+0000] {logging_mixin.py:188} INFO - [2025-12-30T23:48:34.940+0000] {dag.py:3954} INFO - Setting next_dagrun for example_branch_operator to 2025-12-29 00:00:00+00:00, run_after=2025-12-30 00:00:00+00:00
[2025-12-30T23:48:34.947+0000] {processor.py:183} INFO - Processing /home/airflow/.local/lib/python3.12/site-packages/airflow/example_dags/example_branch_operator.py took 0.050 seconds
[2025-12-30T23:49:05.198+0000] {processor.py:161} INFO - Started process (PID=777) to work on /home/airflow/.local/lib/python3.12/site-packages/airflow/example_dags/example_branch_operator.py
[2025-12-30T23:49:05.199+0000] {processor.py:830} INFO - Processing file /home/airflow/.local/lib/python3.12/site-packages/airflow/example_dags/example_branch_operator.py for tasks to queue
[2025-12-30T23:49:05.200+0000] {logging_mixin.py:188} INFO - [2025-12-30T23:49:05.200+0000] {dagbag.py:545} INFO - Filling up the DagBag from /home/airflow/.local/lib/python3.12/site-packages/airflow/example_dags/example_branch_operator.py
[2025-12-30T23:49:05.212+0000] {processor.py:840} INFO - DAG(s) 'example_branch_operator' retrieved from /home/airflow/.local/lib/python3.12/site-packages/airflow/example_dags/example_branch_operator.py
[2025-12-30T23:49:05.229+0000] {logging_mixin.py:188} INFO - [2025-12-30T23:49:05.229+0000] {dag.py:3096} INFO - Sync 1 DAGs
[2025-12-30T23:49:05.242+0000] {logging_mixin.py:188} INFO - [2025-12-30T23:49:05.241+0000] {dag.py:3954} INFO - Setting next_dagrun for example_branch_operator to 2025-12-29 00:00:00+00:00, run_after=2025-12-30 00:00:00+00:00
[2025-12-30T23:49:05.251+0000] {processor.py:183} INFO - Processing /home/airflow/.local/lib/python3.12/site-packages/airflow/example_dags/example_branch_operator.py took 0.059 seconds
[2025-12-30T23:49:35.507+0000] {processor.py:161} INFO - Started process (PID=837) to work on /home/airflow/.local/lib/python3.12/site-packages/airflow/example_dags/example_branch_operator.py
[2025-12-30T23:49:35.509+0000] {processor.py:830} INFO - Processing file /home/airflow/.local/lib/python3.12/site-packages/airflow/example_dags/example_branch_operator.py for tasks to queue
[2025-12-30T23:49:35.511+0000] {logging_mixin.py:188} INFO - [2025-12-30T23:49:35.511+0000] {dagbag.py:545} INFO - Filling up the DagBag from /home/airflow/.local/lib/python3.12/site-packages/airflow/example_dags/example_branch_operator.py
[2025-12-30T23:49:35.532+0000] {processor.py:840} INFO - DAG(s) 'example_branch_operator' retrieved from /home/airflow/.local/lib/python3.12/site-packages/airflow/example_dags/example_branch_operator.py
[2025-12-30T23:49:35.547+0000] {logging_mixin.py:188} INFO - [2025-12-30T23:49:35.547+0000] {dag.py:3096} INFO - Sync 1 DAGs
[2025-12-30T23:49:35.557+0000] {logging_mixin.py:188} INFO - [2025-12-30T23:49:35.557+0000] {dag.py:3954} INFO - Setting next_dagrun for example_branch_operator to 2025-12-29 00:00:00+00:00, run_after=2025-12-30 00:00:00+00:00
[2025-12-30T23:49:35.570+0000] {processor.py:183} INFO - Processing /home/airflow/.local/lib/python3.12/site-packages/airflow/example_dags/example_branch_operator.py took 0.073 seconds
[2025-12-30T23:50:05.704+0000] {processor.py:161} INFO - Started process (PID=897) to work on /home/airflow/.local/lib/python3.12/site-packages/airflow/example_dags/example_branch_operator.py
[2025-12-30T23:50:05.705+0000] {processor.py:830} INFO - Processing file /home/airflow/.local/lib/python3.12/site-packages/airflow/example_dags/example_branch_operator.py for tasks to queue
[2025-12-30T23:50:05.708+0000] {logging_mixin.py:188} INFO - [2025-12-30T23:50:05.707+0000] {dagbag.py:545} INFO - Filling up the DagBag from /home/airflow/.local/lib/python3.12/site-packages/airflow/example_dags/example_branch_operator.py
[2025-12-30T23:50:05.724+0000] {processor.py:840} INFO - DAG(s) 'example_branch_operator' retrieved from /home/airflow/.local/lib/python3.12/site-packages/airflow/example_dags/example_branch_operator.py
[2025-12-30T23:50:05.746+0000] {logging_mixin.py:188} INFO - [2025-12-30T23:50:05.746+0000] {dag.py:3096} INFO - Sync 1 DAGs
[2025-12-30T23:50:05.759+0000] {logging_mixin.py:188} INFO - [2025-12-30T23:50:05.758+0000] {dag.py:3954} INFO - Setting next_dagrun for example_branch_operator to 2025-12-29 00:00:00+00:00, run_after=2025-12-30 00:00:00+00:00
[2025-12-30T23:50:05.768+0000] {processor.py:183} INFO - Processing /home/airflow/.local/lib/python3.12/site-packages/airflow/example_dags/example_branch_operator.py took 0.071 seconds
[2025-12-30T23:50:36.328+0000] {processor.py:161} INFO - Started process (PID=957) to work on /home/airflow/.local/lib/python3.12/site-packages/airflow/example_dags/example_branch_operator.py
[2025-12-30T23:50:36.330+0000] {processor.py:830} INFO - Processing file /home/airflow/.local/lib/python3.12/site-packages/airflow/example_dags/example_branch_operator.py for tasks to queue
[2025-12-30T23:50:36.333+0000] {logging_mixin.py:188} INFO - [2025-12-30T23:50:36.332+0000] {dagbag.py:545} INFO - Filling up the DagBag from /home/airflow/.local/lib/python3.12/site-packages/airflow/example_dags/example_branch_operator.py
[2025-12-30T23:50:36.376+0000] {processor.py:840} INFO - DAG(s) 'example_branch_operator' retrieved from /home/airflow/.local/lib/python3.12/site-packages/airflow/example_dags/example_branch_operator.py
[2025-12-30T23:50:36.404+0000] {logging_mixin.py:188} INFO - [2025-12-30T23:50:36.404+0000] {dag.py:3096} INFO - Sync 1 DAGs
[2025-12-30T23:50:36.433+0000] {logging_mixin.py:188} INFO - [2025-12-30T23:50:36.433+0000] {dag.py:3954} INFO - Setting next_dagrun for example_branch_operator to 2025-12-29 00:00:00+00:00, run_after=2025-12-30 00:00:00+00:00
[2025-12-30T23:50:36.453+0000] {processor.py:183} INFO - Processing /home/airflow/.local/lib/python3.12/site-packages/airflow/example_dags/example_branch_operator.py took 0.141 seconds
[2025-12-30T23:51:06.817+0000] {processor.py:161} INFO - Started process (PID=1017) to work on /home/airflow/.local/lib/python3.12/site-packages/airflow/example_dags/example_branch_operator.py
[2025-12-30T23:51:06.821+0000] {processor.py:830} INFO - Processing file /home/airflow/.local/lib/python3.12/site-packages/airflow/example_dags/example_branch_operator.py for tasks to queue
[2025-12-30T23:51:06.824+0000] {logging_mixin.py:188} INFO - [2025-12-30T23:51:06.824+0000] {dagbag.py:545} INFO - Filling up the DagBag from /home/airflow/.local/lib/python3.12/site-packages/airflow/example_dags/example_branch_operator.py
[2025-12-30T23:51:06.850+0000] {processor.py:840} INFO - DAG(s) 'example_branch_operator' retrieved from /home/airflow/.local/lib/python3.12/site-packages/airflow/example_dags/example_branch_operator.py
[2025-12-30T23:51:06.874+0000] {logging_mixin.py:188} INFO - [2025-12-30T23:51:06.874+0000] {dag.py:3096} INFO - Sync 1 DAGs
[2025-12-30T23:51:06.888+0000] {logging_mixin.py:188} INFO - [2025-12-30T23:51:06.888+0000] {dag.py:3954} INFO - Setting next_dagrun for example_branch_operator to 2025-12-29 00:00:00+00:00, run_after=2025-12-30 00:00:00+00:00
[2025-12-30T23:51:06.902+0000] {processor.py:183} INFO - Processing /home/airflow/.local/lib/python3.12/site-packages/airflow/example_dags/example_branch_operator.py took 0.096 seconds
[2025-12-30T23:51:36.986+0000] {processor.py:161} INFO - Started process (PID=1077) to work on /home/airflow/.local/lib/python3.12/site-packages/airflow/example_dags/example_branch_operator.py
[2025-12-30T23:51:36.987+0000] {processor.py:830} INFO - Processing file /home/airflow/.local/lib/python3.12/site-packages/airflow/example_dags/example_branch_operator.py for tasks to queue
[2025-12-30T23:51:36.989+0000] {logging_mixin.py:188} INFO - [2025-12-30T23:51:36.988+0000] {dagbag.py:545} INFO - Filling up the DagBag from /home/airflow/.local/lib/python3.12/site-packages/airflow/example_dags/example_branch_operator.py
[2025-12-30T23:51:37.000+0000] {processor.py:840} INFO - DAG(s) 'example_branch_operator' retrieved from /home/airflow/.local/lib/python3.12/site-packages/airflow/example_dags/example_branch_operator.py
[2025-12-30T23:51:37.016+0000] {logging_mixin.py:188} INFO - [2025-12-30T23:51:37.016+0000] {dag.py:3096} INFO - Sync 1 DAGs
[2025-12-30T23:51:37.028+0000] {logging_mixin.py:188} INFO - [2025-12-30T23:51:37.028+0000] {dag.py:3954} INFO - Setting next_dagrun for example_branch_operator to 2025-12-29 00:00:00+00:00, run_after=2025-12-30 00:00:00+00:00
[2025-12-30T23:51:37.037+0000] {processor.py:183} INFO - Processing /home/airflow/.local/lib/python3.12/site-packages/airflow/example_dags/example_branch_operator.py took 0.057 seconds
[2025-12-30T23:52:07.190+0000] {processor.py:161} INFO - Started process (PID=1137) to work on /home/airflow/.local/lib/python3.12/site-packages/airflow/example_dags/example_branch_operator.py
[2025-12-30T23:52:07.191+0000] {processor.py:830} INFO - Processing file /home/airflow/.local/lib/python3.12/site-packages/airflow/example_dags/example_branch_operator.py for tasks to queue
[2025-12-30T23:52:07.193+0000] {logging_mixin.py:188} INFO - [2025-12-30T23:52:07.193+0000] {dagbag.py:545} INFO - Filling up the DagBag from /home/airflow/.local/lib/python3.12/site-packages/airflow/example_dags/example_branch_operator.py
[2025-12-30T23:52:07.205+0000] {processor.py:840} INFO - DAG(s) 'example_branch_operator' retrieved from /home/airflow/.local/lib/python3.12/site-packages/airflow/example_dags/example_branch_operator.py
[2025-12-30T23:52:07.218+0000] {logging_mixin.py:188} INFO - [2025-12-30T23:52:07.218+0000] {dag.py:3096} INFO - Sync 1 DAGs
[2025-12-30T23:52:07.228+0000] {logging_mixin.py:188} INFO - [2025-12-30T23:52:07.228+0000] {dag.py:3954} INFO - Setting next_dagrun for example_branch_operator to 2025-12-29 00:00:00+00:00, run_after=2025-12-30 00:00:00+00:00
[2025-12-30T23:52:07.236+0000] {processor.py:183} INFO - Processing /home/airflow/.local/lib/python3.12/site-packages/airflow/example_dags/example_branch_operator.py took 0.052 seconds
[2025-12-30T23:52:37.530+0000] {processor.py:161} INFO - Started process (PID=1197) to work on /home/airflow/.local/lib/python3.12/site-packages/airflow/example_dags/example_branch_operator.py
[2025-12-30T23:52:37.531+0000] {processor.py:830} INFO - Processing file /home/airflow/.local/lib/python3.12/site-packages/airflow/example_dags/example_branch_operator.py for tasks to queue
[2025-12-30T23:52:37.532+0000] {logging_mixin.py:188} INFO - [2025-12-30T23:52:37.532+0000] {dagbag.py:545} INFO - Filling up the DagBag from /home/airflow/.local/lib/python3.12/site-packages/airflow/example_dags/example_branch_operator.py
[2025-12-30T23:52:37.546+0000] {processor.py:840} INFO - DAG(s) 'example_branch_operator' retrieved from /home/airflow/.local/lib/python3.12/site-packages/airflow/example_dags/example_branch_operator.py
[2025-12-30T23:52:37.563+0000] {logging_mixin.py:188} INFO - [2025-12-30T23:52:37.563+0000] {dag.py:3096} INFO - Sync 1 DAGs
[2025-12-30T23:52:37.573+0000] {logging_mixin.py:188} INFO - [2025-12-30T23:52:37.573+0000] {dag.py:3954} INFO - Setting next_dagrun for example_branch_operator to 2025-12-29 00:00:00+00:00, run_after=2025-12-30 00:00:00+00:00
[2025-12-30T23:52:37.581+0000] {processor.py:183} INFO - Processing /home/airflow/.local/lib/python3.12/site-packages/airflow/example_dags/example_branch_operator.py took 0.058 seconds
[2025-12-30T23:53:07.890+0000] {processor.py:161} INFO - Started process (PID=1257) to work on /home/airflow/.local/lib/python3.12/site-packages/airflow/example_dags/example_branch_operator.py
[2025-12-30T23:53:07.891+0000] {processor.py:830} INFO - Processing file /home/airflow/.local/lib/python3.12/site-packages/airflow/example_dags/example_branch_operator.py for tasks to queue
[2025-12-30T23:53:07.894+0000] {logging_mixin.py:188} INFO - [2025-12-30T23:53:07.894+0000] {dagbag.py:545} INFO - Filling up the DagBag from /home/airflow/.local/lib/python3.12/site-packages/airflow/example_dags/example_branch_operator.py
[2025-12-30T23:53:07.907+0000] {processor.py:840} INFO - DAG(s) 'example_branch_operator' retrieved from /home/airflow/.local/lib/python3.12/site-packages/airflow/example_dags/example_branch_operator.py
[2025-12-30T23:53:07.921+0000] {logging_mixin.py:188} INFO - [2025-12-30T23:53:07.921+0000] {dag.py:3096} INFO - Sync 1 DAGs
[2025-12-30T23:53:07.931+0000] {logging_mixin.py:188} INFO - [2025-12-30T23:53:07.931+0000] {dag.py:3954} INFO - Setting next_dagrun for example_branch_operator to 2025-12-29 00:00:00+00:00, run_after=2025-12-30 00:00:00+00:00
[2025-12-30T23:53:07.938+0000] {processor.py:183} INFO - Processing /home/airflow/.local/lib/python3.12/site-packages/airflow/example_dags/example_branch_operator.py took 0.055 seconds
[2025-12-30T23:53:38.597+0000] {processor.py:161} INFO - Started process (PID=1317) to work on /home/airflow/.local/lib/python3.12/site-packages/airflow/example_dags/example_branch_operator.py
[2025-12-30T23:53:38.598+0000] {processor.py:830} INFO - Processing file /home/airflow/.local/lib/python3.12/site-packages/airflow/example_dags/example_branch_operator.py for tasks to queue
[2025-12-30T23:53:38.599+0000] {logging_mixin.py:188} INFO - [2025-12-30T23:53:38.599+0000] {dagbag.py:545} INFO - Filling up the DagBag from /home/airflow/.local/lib/python3.12/site-packages/airflow/example_dags/example_branch_operator.py
[2025-12-30T23:53:38.610+0000] {processor.py:840} INFO - DAG(s) 'example_branch_operator' retrieved from /home/airflow/.local/lib/python3.12/site-packages/airflow/example_dags/example_branch_operator.py
[2025-12-30T23:53:38.624+0000] {logging_mixin.py:188} INFO - [2025-12-30T23:53:38.624+0000] {dag.py:3096} INFO - Sync 1 DAGs
[2025-12-30T23:53:38.633+0000] {logging_mixin.py:188} INFO - [2025-12-30T23:53:38.633+0000] {dag.py:3954} INFO - Setting next_dagrun for example_branch_operator to 2025-12-29 00:00:00+00:00, run_after=2025-12-30 00:00:00+00:00
[2025-12-30T23:53:38.640+0000] {processor.py:183} INFO - Processing /home/airflow/.local/lib/python3.12/site-packages/airflow/example_dags/example_branch_operator.py took 0.049 seconds
[2025-12-30T23:54:08.794+0000] {processor.py:161} INFO - Started process (PID=1377) to work on /home/airflow/.local/lib/python3.12/site-packages/airflow/example_dags/example_branch_operator.py
[2025-12-30T23:54:08.794+0000] {processor.py:830} INFO - Processing file /home/airflow/.local/lib/python3.12/site-packages/airflow/example_dags/example_branch_operator.py for tasks to queue
[2025-12-30T23:54:08.796+0000] {logging_mixin.py:188} INFO - [2025-12-30T23:54:08.796+0000] {dagbag.py:545} INFO - Filling up the DagBag from /home/airflow/.local/lib/python3.12/site-packages/airflow/example_dags/example_branch_operator.py
[2025-12-30T23:54:08.808+0000] {processor.py:840} INFO - DAG(s) 'example_branch_operator' retrieved from /home/airflow/.local/lib/python3.12/site-packages/airflow/example_dags/example_branch_operator.py
[2025-12-30T23:54:08.822+0000] {logging_mixin.py:188} INFO - [2025-12-30T23:54:08.822+0000] {dag.py:3096} INFO - Sync 1 DAGs
[2025-12-30T23:54:08.832+0000] {logging_mixin.py:188} INFO - [2025-12-30T23:54:08.832+0000] {dag.py:3954} INFO - Setting next_dagrun for example_branch_operator to 2025-12-29 00:00:00+00:00, run_after=2025-12-30 00:00:00+00:00
[2025-12-30T23:54:08.840+0000] {processor.py:183} INFO - Processing /home/airflow/.local/lib/python3.12/site-packages/airflow/example_dags/example_branch_operator.py took 0.052 seconds
[2025-12-30T23:54:39.137+0000] {processor.py:161} INFO - Started process (PID=1437) to work on /home/airflow/.local/lib/python3.12/site-packages/airflow/example_dags/example_branch_operator.py
[2025-12-30T23:54:39.137+0000] {processor.py:830} INFO - Processing file /home/airflow/.local/lib/python3.12/site-packages/airflow/example_dags/example_branch_operator.py for tasks to queue
[2025-12-30T23:54:39.139+0000] {logging_mixin.py:188} INFO - [2025-12-30T23:54:39.138+0000] {dagbag.py:545} INFO - Filling up the DagBag from /home/airflow/.local/lib/python3.12/site-packages/airflow/example_dags/example_branch_operator.py
[2025-12-30T23:54:39.152+0000] {processor.py:840} INFO - DAG(s) 'example_branch_operator' retrieved from /home/airflow/.local/lib/python3.12/site-packages/airflow/example_dags/example_branch_operator.py
[2025-12-30T23:54:39.166+0000] {logging_mixin.py:188} INFO - [2025-12-30T23:54:39.166+0000] {dag.py:3096} INFO - Sync 1 DAGs
[2025-12-30T23:54:39.178+0000] {logging_mixin.py:188} INFO - [2025-12-30T23:54:39.178+0000] {dag.py:3954} INFO - Setting next_dagrun for example_branch_operator to 2025-12-29 00:00:00+00:00, run_after=2025-12-30 00:00:00+00:00
[2025-12-30T23:54:39.186+0000] {processor.py:183} INFO - Processing /home/airflow/.local/lib/python3.12/site-packages/airflow/example_dags/example_branch_operator.py took 0.055 seconds
[2025-12-30T23:55:09.444+0000] {processor.py:161} INFO - Started process (PID=1497) to work on /home/airflow/.local/lib/python3.12/site-packages/airflow/example_dags/example_branch_operator.py
[2025-12-30T23:55:09.445+0000] {processor.py:830} INFO - Processing file /home/airflow/.local/lib/python3.12/site-packages/airflow/example_dags/example_branch_operator.py for tasks to queue
[2025-12-30T23:55:09.446+0000] {logging_mixin.py:188} INFO - [2025-12-30T23:55:09.446+0000] {dagbag.py:545} INFO - Filling up the DagBag from /home/airflow/.local/lib/python3.12/site-packages/airflow/example_dags/example_branch_operator.py
[2025-12-30T23:55:09.455+0000] {processor.py:840} INFO - DAG(s) 'example_branch_operator' retrieved from /home/airflow/.local/lib/python3.12/site-packages/airflow/example_dags/example_branch_operator.py
[2025-12-30T23:55:09.466+0000] {logging_mixin.py:188} INFO - [2025-12-30T23:55:09.466+0000] {dag.py:3096} INFO - Sync 1 DAGs
[2025-12-30T23:55:09.474+0000] {logging_mixin.py:188} INFO - [2025-12-30T23:55:09.474+0000] {dag.py:3954} INFO - Setting next_dagrun for example_branch_operator to 2025-12-29 00:00:00+00:00, run_after=2025-12-30 00:00:00+00:00
[2025-12-30T23:55:09.481+0000] {processor.py:183} INFO - Processing /home/airflow/.local/lib/python3.12/site-packages/airflow/example_dags/example_branch_operator.py took 0.040 seconds
[2025-12-30T23:55:39.728+0000] {processor.py:161} INFO - Started process (PID=1557) to work on /home/airflow/.local/lib/python3.12/site-packages/airflow/example_dags/example_branch_operator.py
[2025-12-30T23:55:39.729+0000] {processor.py:830} INFO - Processing file /home/airflow/.local/lib/python3.12/site-packages/airflow/example_dags/example_branch_operator.py for tasks to queue
[2025-12-30T23:55:39.731+0000] {logging_mixin.py:188} INFO - [2025-12-30T23:55:39.731+0000] {dagbag.py:545} INFO - Filling up the DagBag from /home/airflow/.local/lib/python3.12/site-packages/airflow/example_dags/example_branch_operator.py
[2025-12-30T23:55:39.748+0000] {processor.py:840} INFO - DAG(s) 'example_branch_operator' retrieved from /home/airflow/.local/lib/python3.12/site-packages/airflow/example_dags/example_branch_operator.py
[2025-12-30T23:55:39.764+0000] {logging_mixin.py:188} INFO - [2025-12-30T23:55:39.763+0000] {dag.py:3096} INFO - Sync 1 DAGs
[2025-12-30T23:55:39.778+0000] {logging_mixin.py:188} INFO - [2025-12-30T23:55:39.778+0000] {dag.py:3954} INFO - Setting next_dagrun for example_branch_operator to 2025-12-29 00:00:00+00:00, run_after=2025-12-30 00:00:00+00:00
[2025-12-30T23:55:39.788+0000] {processor.py:183} INFO - Processing /home/airflow/.local/lib/python3.12/site-packages/airflow/example_dags/example_branch_operator.py took 0.065 seconds
[2025-12-30T23:56:10.095+0000] {processor.py:161} INFO - Started process (PID=1617) to work on /home/airflow/.local/lib/python3.12/site-packages/airflow/example_dags/example_branch_operator.py
[2025-12-30T23:56:10.096+0000] {processor.py:830} INFO - Processing file /home/airflow/.local/lib/python3.12/site-packages/airflow/example_dags/example_branch_operator.py for tasks to queue
[2025-12-30T23:56:10.097+0000] {logging_mixin.py:188} INFO - [2025-12-30T23:56:10.097+0000] {dagbag.py:545} INFO - Filling up the DagBag from /home/airflow/.local/lib/python3.12/site-packages/airflow/example_dags/example_branch_operator.py
[2025-12-30T23:56:10.112+0000] {processor.py:840} INFO - DAG(s) 'example_branch_operator' retrieved from /home/airflow/.local/lib/python3.12/site-packages/airflow/example_dags/example_branch_operator.py
[2025-12-30T23:56:10.132+0000] {logging_mixin.py:188} INFO - [2025-12-30T23:56:10.132+0000] {dag.py:3096} INFO - Sync 1 DAGs
[2025-12-30T23:56:10.142+0000] {logging_mixin.py:188} INFO - [2025-12-30T23:56:10.142+0000] {dag.py:3954} INFO - Setting next_dagrun for example_branch_operator to 2025-12-29 00:00:00+00:00, run_after=2025-12-30 00:00:00+00:00
[2025-12-30T23:56:10.149+0000] {processor.py:183} INFO - Processing /home/airflow/.local/lib/python3.12/site-packages/airflow/example_dags/example_branch_operator.py took 0.061 seconds
[2025-12-30T23:56:40.498+0000] {processor.py:161} INFO - Started process (PID=1677) to work on /home/airflow/.local/lib/python3.12/site-packages/airflow/example_dags/example_branch_operator.py
[2025-12-30T23:56:40.499+0000] {processor.py:830} INFO - Processing file /home/airflow/.local/lib/python3.12/site-packages/airflow/example_dags/example_branch_operator.py for tasks to queue
[2025-12-30T23:56:40.501+0000] {logging_mixin.py:188} INFO - [2025-12-30T23:56:40.501+0000] {dagbag.py:545} INFO - Filling up the DagBag from /home/airflow/.local/lib/python3.12/site-packages/airflow/example_dags/example_branch_operator.py
[2025-12-30T23:56:40.513+0000] {processor.py:840} INFO - DAG(s) 'example_branch_operator' retrieved from /home/airflow/.local/lib/python3.12/site-packages/airflow/example_dags/example_branch_operator.py
[2025-12-30T23:56:40.527+0000] {logging_mixin.py:188} INFO - [2025-12-30T23:56:40.527+0000] {dag.py:3096} INFO - Sync 1 DAGs
[2025-12-30T23:56:40.538+0000] {logging_mixin.py:188} INFO - [2025-12-30T23:56:40.537+0000] {dag.py:3954} INFO - Setting next_dagrun for example_branch_operator to 2025-12-29 00:00:00+00:00, run_after=2025-12-30 00:00:00+00:00
[2025-12-30T23:56:40.545+0000] {processor.py:183} INFO - Processing /home/airflow/.local/lib/python3.12/site-packages/airflow/example_dags/example_branch_operator.py took 0.053 seconds
[2025-12-30T23:57:10.940+0000] {processor.py:161} INFO - Started process (PID=1737) to work on /home/airflow/.local/lib/python3.12/site-packages/airflow/example_dags/example_branch_operator.py
[2025-12-30T23:57:10.941+0000] {processor.py:830} INFO - Processing file /home/airflow/.local/lib/python3.12/site-packages/airflow/example_dags/example_branch_operator.py for tasks to queue
[2025-12-30T23:57:10.944+0000] {logging_mixin.py:188} INFO - [2025-12-30T23:57:10.943+0000] {dagbag.py:545} INFO - Filling up the DagBag from /home/airflow/.local/lib/python3.12/site-packages/airflow/example_dags/example_branch_operator.py
[2025-12-30T23:57:10.960+0000] {processor.py:840} INFO - DAG(s) 'example_branch_operator' retrieved from /home/airflow/.local/lib/python3.12/site-packages/airflow/example_dags/example_branch_operator.py
[2025-12-30T23:57:10.975+0000] {logging_mixin.py:188} INFO - [2025-12-30T23:57:10.975+0000] {dag.py:3096} INFO - Sync 1 DAGs
[2025-12-30T23:57:10.986+0000] {logging_mixin.py:188} INFO - [2025-12-30T23:57:10.986+0000] {dag.py:3954} INFO - Setting next_dagrun for example_branch_operator to 2025-12-29 00:00:00+00:00, run_after=2025-12-30 00:00:00+00:00
[2025-12-30T23:57:10.994+0000] {processor.py:183} INFO - Processing /home/airflow/.local/lib/python3.12/site-packages/airflow/example_dags/example_branch_operator.py took 0.065 seconds
[2025-12-30T23:57:41.650+0000] {processor.py:161} INFO - Started process (PID=1797) to work on /home/airflow/.local/lib/python3.12/site-packages/airflow/example_dags/example_branch_operator.py
[2025-12-30T23:57:41.651+0000] {processor.py:830} INFO - Processing file /home/airflow/.local/lib/python3.12/site-packages/airflow/example_dags/example_branch_operator.py for tasks to queue
[2025-12-30T23:57:41.653+0000] {logging_mixin.py:188} INFO - [2025-12-30T23:57:41.652+0000] {dagbag.py:545} INFO - Filling up the DagBag from /home/airflow/.local/lib/python3.12/site-packages/airflow/example_dags/example_branch_operator.py
[2025-12-30T23:57:41.666+0000] {processor.py:840} INFO - DAG(s) 'example_branch_operator' retrieved from /home/airflow/.local/lib/python3.12/site-packages/airflow/example_dags/example_branch_operator.py
[2025-12-30T23:57:41.685+0000] {logging_mixin.py:188} INFO - [2025-12-30T23:57:41.685+0000] {dag.py:3096} INFO - Sync 1 DAGs
[2025-12-30T23:57:41.696+0000] {logging_mixin.py:188} INFO - [2025-12-30T23:57:41.695+0000] {dag.py:3954} INFO - Setting next_dagrun for example_branch_operator to 2025-12-29 00:00:00+00:00, run_after=2025-12-30 00:00:00+00:00
[2025-12-30T23:57:41.818+0000] {processor.py:183} INFO - Processing /home/airflow/.local/lib/python3.12/site-packages/airflow/example_dags/example_branch_operator.py took 0.175 seconds
[2025-12-30T23:58:12.674+0000] {processor.py:161} INFO - Started process (PID=1857) to work on /home/airflow/.local/lib/python3.12/site-packages/airflow/example_dags/example_branch_operator.py
[2025-12-30T23:58:12.675+0000] {processor.py:830} INFO - Processing file /home/airflow/.local/lib/python3.12/site-packages/airflow/example_dags/example_branch_operator.py for tasks to queue
[2025-12-30T23:58:12.677+0000] {logging_mixin.py:188} INFO - [2025-12-30T23:58:12.677+0000] {dagbag.py:545} INFO - Filling up the DagBag from /home/airflow/.local/lib/python3.12/site-packages/airflow/example_dags/example_branch_operator.py
[2025-12-30T23:58:12.695+0000] {processor.py:840} INFO - DAG(s) 'example_branch_operator' retrieved from /home/airflow/.local/lib/python3.12/site-packages/airflow/example_dags/example_branch_operator.py
[2025-12-30T23:58:12.712+0000] {logging_mixin.py:188} INFO - [2025-12-30T23:58:12.712+0000] {dag.py:3096} INFO - Sync 1 DAGs
[2025-12-30T23:58:12.725+0000] {logging_mixin.py:188} INFO - [2025-12-30T23:58:12.724+0000] {dag.py:3954} INFO - Setting next_dagrun for example_branch_operator to 2025-12-29 00:00:00+00:00, run_after=2025-12-30 00:00:00+00:00
[2025-12-30T23:58:12.922+0000] {processor.py:183} INFO - Processing /home/airflow/.local/lib/python3.12/site-packages/airflow/example_dags/example_branch_operator.py took 0.256 seconds
[2025-12-30T23:58:43.489+0000] {processor.py:161} INFO - Started process (PID=1917) to work on /home/airflow/.local/lib/python3.12/site-packages/airflow/example_dags/example_branch_operator.py
[2025-12-30T23:58:43.490+0000] {processor.py:830} INFO - Processing file /home/airflow/.local/lib/python3.12/site-packages/airflow/example_dags/example_branch_operator.py for tasks to queue
[2025-12-30T23:58:43.492+0000] {logging_mixin.py:188} INFO - [2025-12-30T23:58:43.492+0000] {dagbag.py:545} INFO - Filling up the DagBag from /home/airflow/.local/lib/python3.12/site-packages/airflow/example_dags/example_branch_operator.py
[2025-12-30T23:58:43.507+0000] {processor.py:840} INFO - DAG(s) 'example_branch_operator' retrieved from /home/airflow/.local/lib/python3.12/site-packages/airflow/example_dags/example_branch_operator.py
[2025-12-30T23:58:43.522+0000] {logging_mixin.py:188} INFO - [2025-12-30T23:58:43.522+0000] {dag.py:3096} INFO - Sync 1 DAGs
[2025-12-30T23:58:43.533+0000] {logging_mixin.py:188} INFO - [2025-12-30T23:58:43.533+0000] {dag.py:3954} INFO - Setting next_dagrun for example_branch_operator to 2025-12-29 00:00:00+00:00, run_after=2025-12-30 00:00:00+00:00
[2025-12-30T23:58:43.541+0000] {processor.py:183} INFO - Processing /home/airflow/.local/lib/python3.12/site-packages/airflow/example_dags/example_branch_operator.py took 0.057 seconds
[2025-12-30T23:59:13.675+0000] {processor.py:161} INFO - Started process (PID=1977) to work on /home/airflow/.local/lib/python3.12/site-packages/airflow/example_dags/example_branch_operator.py
[2025-12-30T23:59:13.676+0000] {processor.py:830} INFO - Processing file /home/airflow/.local/lib/python3.12/site-packages/airflow/example_dags/example_branch_operator.py for tasks to queue
[2025-12-30T23:59:13.678+0000] {logging_mixin.py:188} INFO - [2025-12-30T23:59:13.678+0000] {dagbag.py:545} INFO - Filling up the DagBag from /home/airflow/.local/lib/python3.12/site-packages/airflow/example_dags/example_branch_operator.py
[2025-12-30T23:59:13.690+0000] {processor.py:840} INFO - DAG(s) 'example_branch_operator' retrieved from /home/airflow/.local/lib/python3.12/site-packages/airflow/example_dags/example_branch_operator.py
[2025-12-30T23:59:13.704+0000] {logging_mixin.py:188} INFO - [2025-12-30T23:59:13.704+0000] {dag.py:3096} INFO - Sync 1 DAGs
[2025-12-30T23:59:13.714+0000] {logging_mixin.py:188} INFO - [2025-12-30T23:59:13.714+0000] {dag.py:3954} INFO - Setting next_dagrun for example_branch_operator to 2025-12-29 00:00:00+00:00, run_after=2025-12-30 00:00:00+00:00
[2025-12-30T23:59:13.723+0000] {processor.py:183} INFO - Processing /home/airflow/.local/lib/python3.12/site-packages/airflow/example_dags/example_branch_operator.py took 0.053 seconds
[2025-12-30T23:59:44.369+0000] {processor.py:161} INFO - Started process (PID=2037) to work on /home/airflow/.local/lib/python3.12/site-packages/airflow/example_dags/example_branch_operator.py
[2025-12-30T23:59:44.372+0000] {processor.py:830} INFO - Processing file /home/airflow/.local/lib/python3.12/site-packages/airflow/example_dags/example_branch_operator.py for tasks to queue
[2025-12-30T23:59:44.373+0000] {logging_mixin.py:188} INFO - [2025-12-30T23:59:44.373+0000] {dagbag.py:545} INFO - Filling up the DagBag from /home/airflow/.local/lib/python3.12/site-packages/airflow/example_dags/example_branch_operator.py
[2025-12-30T23:59:44.402+0000] {processor.py:840} INFO - DAG(s) 'example_branch_operator' retrieved from /home/airflow/.local/lib/python3.12/site-packages/airflow/example_dags/example_branch_operator.py
[2025-12-30T23:59:44.421+0000] {logging_mixin.py:188} INFO - [2025-12-30T23:59:44.421+0000] {dag.py:3096} INFO - Sync 1 DAGs
[2025-12-30T23:59:44.436+0000] {logging_mixin.py:188} INFO - [2025-12-30T23:59:44.436+0000] {dag.py:3954} INFO - Setting next_dagrun for example_branch_operator to 2025-12-29 00:00:00+00:00, run_after=2025-12-30 00:00:00+00:00
[2025-12-30T23:59:44.448+0000] {processor.py:183} INFO - Processing /home/airflow/.local/lib/python3.12/site-packages/airflow/example_dags/example_branch_operator.py took 0.096 seconds
