[2025-12-30T23:33:53.839+0000] {processor.py:161} INFO - Started process (PID=86) to work on /home/airflow/.local/lib/python3.12/site-packages/airflow/example_dags/example_short_circuit_decorator.py
[2025-12-30T23:33:53.844+0000] {processor.py:830} INFO - Processing file /home/airflow/.local/lib/python3.12/site-packages/airflow/example_dags/example_short_circuit_decorator.py for tasks to queue
[2025-12-30T23:33:53.857+0000] {logging_mixin.py:188} INFO - [2025-12-30T23:33:53.854+0000] {dagbag.py:545} INFO - Filling up the DagBag from /home/airflow/.local/lib/python3.12/site-packages/airflow/example_dags/example_short_circuit_decorator.py
[2025-12-30T23:33:53.871+0000] {processor.py:840} INFO - DAG(s) 'example_short_circuit_decorator' retrieved from /home/airflow/.local/lib/python3.12/site-packages/airflow/example_dags/example_short_circuit_decorator.py
[2025-12-30T23:33:53.886+0000] {logging_mixin.py:188} INFO - [2025-12-30T23:33:53.886+0000] {dag.py:3096} INFO - Sync 1 DAGs
[2025-12-30T23:33:53.924+0000] {logging_mixin.py:188} INFO - [2025-12-30T23:33:53.924+0000] {dag.py:3954} INFO - Setting next_dagrun for example_short_circuit_decorator to 2025-12-29 00:00:00+00:00, run_after=2025-12-30 00:00:00+00:00
[2025-12-30T23:33:53.945+0000] {processor.py:183} INFO - Processing /home/airflow/.local/lib/python3.12/site-packages/airflow/example_dags/example_short_circuit_decorator.py took 0.116 seconds
[2025-12-30T23:34:24.869+0000] {processor.py:161} INFO - Started process (PID=145) to work on /home/airflow/.local/lib/python3.12/site-packages/airflow/example_dags/example_short_circuit_decorator.py
[2025-12-30T23:34:24.869+0000] {processor.py:830} INFO - Processing file /home/airflow/.local/lib/python3.12/site-packages/airflow/example_dags/example_short_circuit_decorator.py for tasks to queue
[2025-12-30T23:34:24.870+0000] {logging_mixin.py:188} INFO - [2025-12-30T23:34:24.870+0000] {dagbag.py:545} INFO - Filling up the DagBag from /home/airflow/.local/lib/python3.12/site-packages/airflow/example_dags/example_short_circuit_decorator.py
[2025-12-30T23:34:24.874+0000] {processor.py:840} INFO - DAG(s) 'example_short_circuit_decorator' retrieved from /home/airflow/.local/lib/python3.12/site-packages/airflow/example_dags/example_short_circuit_decorator.py
[2025-12-30T23:34:24.921+0000] {logging_mixin.py:188} INFO - [2025-12-30T23:34:24.921+0000] {dag.py:3096} INFO - Sync 1 DAGs
[2025-12-30T23:34:24.931+0000] {logging_mixin.py:188} INFO - [2025-12-30T23:34:24.931+0000] {dag.py:3954} INFO - Setting next_dagrun for example_short_circuit_decorator to 2025-12-29 00:00:00+00:00, run_after=2025-12-30 00:00:00+00:00
[2025-12-30T23:34:24.940+0000] {processor.py:183} INFO - Processing /home/airflow/.local/lib/python3.12/site-packages/airflow/example_dags/example_short_circuit_decorator.py took 0.076 seconds
[2025-12-30T23:34:55.692+0000] {processor.py:161} INFO - Started process (PID=204) to work on /home/airflow/.local/lib/python3.12/site-packages/airflow/example_dags/example_short_circuit_decorator.py
[2025-12-30T23:34:55.692+0000] {processor.py:830} INFO - Processing file /home/airflow/.local/lib/python3.12/site-packages/airflow/example_dags/example_short_circuit_decorator.py for tasks to queue
[2025-12-30T23:34:55.693+0000] {logging_mixin.py:188} INFO - [2025-12-30T23:34:55.693+0000] {dagbag.py:545} INFO - Filling up the DagBag from /home/airflow/.local/lib/python3.12/site-packages/airflow/example_dags/example_short_circuit_decorator.py
[2025-12-30T23:34:55.699+0000] {processor.py:840} INFO - DAG(s) 'example_short_circuit_decorator' retrieved from /home/airflow/.local/lib/python3.12/site-packages/airflow/example_dags/example_short_circuit_decorator.py
[2025-12-30T23:34:55.711+0000] {logging_mixin.py:188} INFO - [2025-12-30T23:34:55.711+0000] {dag.py:3096} INFO - Sync 1 DAGs
[2025-12-30T23:34:55.723+0000] {logging_mixin.py:188} INFO - [2025-12-30T23:34:55.723+0000] {dag.py:3954} INFO - Setting next_dagrun for example_short_circuit_decorator to 2025-12-29 00:00:00+00:00, run_after=2025-12-30 00:00:00+00:00
[2025-12-30T23:34:55.731+0000] {processor.py:183} INFO - Processing /home/airflow/.local/lib/python3.12/site-packages/airflow/example_dags/example_short_circuit_decorator.py took 0.043 seconds
[2025-12-30T23:35:25.836+0000] {processor.py:161} INFO - Started process (PID=263) to work on /home/airflow/.local/lib/python3.12/site-packages/airflow/example_dags/example_short_circuit_decorator.py
[2025-12-30T23:35:25.837+0000] {processor.py:830} INFO - Processing file /home/airflow/.local/lib/python3.12/site-packages/airflow/example_dags/example_short_circuit_decorator.py for tasks to queue
[2025-12-30T23:35:25.838+0000] {logging_mixin.py:188} INFO - [2025-12-30T23:35:25.838+0000] {dagbag.py:545} INFO - Filling up the DagBag from /home/airflow/.local/lib/python3.12/site-packages/airflow/example_dags/example_short_circuit_decorator.py
[2025-12-30T23:35:25.842+0000] {processor.py:840} INFO - DAG(s) 'example_short_circuit_decorator' retrieved from /home/airflow/.local/lib/python3.12/site-packages/airflow/example_dags/example_short_circuit_decorator.py
[2025-12-30T23:35:25.853+0000] {logging_mixin.py:188} INFO - [2025-12-30T23:35:25.853+0000] {dag.py:3096} INFO - Sync 1 DAGs
[2025-12-30T23:35:25.864+0000] {logging_mixin.py:188} INFO - [2025-12-30T23:35:25.863+0000] {dag.py:3954} INFO - Setting next_dagrun for example_short_circuit_decorator to 2025-12-29 00:00:00+00:00, run_after=2025-12-30 00:00:00+00:00
[2025-12-30T23:35:25.873+0000] {processor.py:183} INFO - Processing /home/airflow/.local/lib/python3.12/site-packages/airflow/example_dags/example_short_circuit_decorator.py took 0.040 seconds
[2025-12-30T23:35:56.074+0000] {processor.py:161} INFO - Started process (PID=322) to work on /home/airflow/.local/lib/python3.12/site-packages/airflow/example_dags/example_short_circuit_decorator.py
[2025-12-30T23:35:56.075+0000] {processor.py:830} INFO - Processing file /home/airflow/.local/lib/python3.12/site-packages/airflow/example_dags/example_short_circuit_decorator.py for tasks to queue
[2025-12-30T23:35:56.076+0000] {logging_mixin.py:188} INFO - [2025-12-30T23:35:56.075+0000] {dagbag.py:545} INFO - Filling up the DagBag from /home/airflow/.local/lib/python3.12/site-packages/airflow/example_dags/example_short_circuit_decorator.py
[2025-12-30T23:35:56.081+0000] {processor.py:840} INFO - DAG(s) 'example_short_circuit_decorator' retrieved from /home/airflow/.local/lib/python3.12/site-packages/airflow/example_dags/example_short_circuit_decorator.py
[2025-12-30T23:35:56.100+0000] {logging_mixin.py:188} INFO - [2025-12-30T23:35:56.099+0000] {dag.py:3096} INFO - Sync 1 DAGs
[2025-12-30T23:35:56.112+0000] {logging_mixin.py:188} INFO - [2025-12-30T23:35:56.112+0000] {dag.py:3954} INFO - Setting next_dagrun for example_short_circuit_decorator to 2025-12-29 00:00:00+00:00, run_after=2025-12-30 00:00:00+00:00
[2025-12-30T23:35:56.121+0000] {processor.py:183} INFO - Processing /home/airflow/.local/lib/python3.12/site-packages/airflow/example_dags/example_short_circuit_decorator.py took 0.053 seconds
[2025-12-30T23:36:26.190+0000] {processor.py:161} INFO - Started process (PID=381) to work on /home/airflow/.local/lib/python3.12/site-packages/airflow/example_dags/example_short_circuit_decorator.py
[2025-12-30T23:36:26.190+0000] {processor.py:830} INFO - Processing file /home/airflow/.local/lib/python3.12/site-packages/airflow/example_dags/example_short_circuit_decorator.py for tasks to queue
[2025-12-30T23:36:26.191+0000] {logging_mixin.py:188} INFO - [2025-12-30T23:36:26.191+0000] {dagbag.py:545} INFO - Filling up the DagBag from /home/airflow/.local/lib/python3.12/site-packages/airflow/example_dags/example_short_circuit_decorator.py
[2025-12-30T23:36:26.198+0000] {processor.py:840} INFO - DAG(s) 'example_short_circuit_decorator' retrieved from /home/airflow/.local/lib/python3.12/site-packages/airflow/example_dags/example_short_circuit_decorator.py
[2025-12-30T23:36:26.212+0000] {logging_mixin.py:188} INFO - [2025-12-30T23:36:26.211+0000] {dag.py:3096} INFO - Sync 1 DAGs
[2025-12-30T23:36:26.223+0000] {logging_mixin.py:188} INFO - [2025-12-30T23:36:26.223+0000] {dag.py:3954} INFO - Setting next_dagrun for example_short_circuit_decorator to 2025-12-29 00:00:00+00:00, run_after=2025-12-30 00:00:00+00:00
[2025-12-30T23:36:26.232+0000] {processor.py:183} INFO - Processing /home/airflow/.local/lib/python3.12/site-packages/airflow/example_dags/example_short_circuit_decorator.py took 0.045 seconds
[2025-12-30T23:36:56.466+0000] {processor.py:161} INFO - Started process (PID=440) to work on /home/airflow/.local/lib/python3.12/site-packages/airflow/example_dags/example_short_circuit_decorator.py
[2025-12-30T23:36:56.466+0000] {processor.py:830} INFO - Processing file /home/airflow/.local/lib/python3.12/site-packages/airflow/example_dags/example_short_circuit_decorator.py for tasks to queue
[2025-12-30T23:36:56.467+0000] {logging_mixin.py:188} INFO - [2025-12-30T23:36:56.467+0000] {dagbag.py:545} INFO - Filling up the DagBag from /home/airflow/.local/lib/python3.12/site-packages/airflow/example_dags/example_short_circuit_decorator.py
[2025-12-30T23:36:56.471+0000] {processor.py:840} INFO - DAG(s) 'example_short_circuit_decorator' retrieved from /home/airflow/.local/lib/python3.12/site-packages/airflow/example_dags/example_short_circuit_decorator.py
[2025-12-30T23:36:56.481+0000] {logging_mixin.py:188} INFO - [2025-12-30T23:36:56.481+0000] {dag.py:3096} INFO - Sync 1 DAGs
[2025-12-30T23:36:56.490+0000] {logging_mixin.py:188} INFO - [2025-12-30T23:36:56.490+0000] {dag.py:3954} INFO - Setting next_dagrun for example_short_circuit_decorator to 2025-12-29 00:00:00+00:00, run_after=2025-12-30 00:00:00+00:00
[2025-12-30T23:36:56.498+0000] {processor.py:183} INFO - Processing /home/airflow/.local/lib/python3.12/site-packages/airflow/example_dags/example_short_circuit_decorator.py took 0.035 seconds
[2025-12-30T23:37:27.254+0000] {processor.py:161} INFO - Started process (PID=499) to work on /home/airflow/.local/lib/python3.12/site-packages/airflow/example_dags/example_short_circuit_decorator.py
[2025-12-30T23:37:27.255+0000] {processor.py:830} INFO - Processing file /home/airflow/.local/lib/python3.12/site-packages/airflow/example_dags/example_short_circuit_decorator.py for tasks to queue
[2025-12-30T23:37:27.256+0000] {logging_mixin.py:188} INFO - [2025-12-30T23:37:27.256+0000] {dagbag.py:545} INFO - Filling up the DagBag from /home/airflow/.local/lib/python3.12/site-packages/airflow/example_dags/example_short_circuit_decorator.py
[2025-12-30T23:37:27.261+0000] {processor.py:840} INFO - DAG(s) 'example_short_circuit_decorator' retrieved from /home/airflow/.local/lib/python3.12/site-packages/airflow/example_dags/example_short_circuit_decorator.py
[2025-12-30T23:37:27.272+0000] {logging_mixin.py:188} INFO - [2025-12-30T23:37:27.272+0000] {dag.py:3096} INFO - Sync 1 DAGs
[2025-12-30T23:37:27.283+0000] {logging_mixin.py:188} INFO - [2025-12-30T23:37:27.283+0000] {dag.py:3954} INFO - Setting next_dagrun for example_short_circuit_decorator to 2025-12-29 00:00:00+00:00, run_after=2025-12-30 00:00:00+00:00
[2025-12-30T23:37:27.293+0000] {processor.py:183} INFO - Processing /home/airflow/.local/lib/python3.12/site-packages/airflow/example_dags/example_short_circuit_decorator.py took 0.042 seconds
[2025-12-30T23:37:57.546+0000] {processor.py:161} INFO - Started process (PID=558) to work on /home/airflow/.local/lib/python3.12/site-packages/airflow/example_dags/example_short_circuit_decorator.py
[2025-12-30T23:37:57.547+0000] {processor.py:830} INFO - Processing file /home/airflow/.local/lib/python3.12/site-packages/airflow/example_dags/example_short_circuit_decorator.py for tasks to queue
[2025-12-30T23:37:57.549+0000] {logging_mixin.py:188} INFO - [2025-12-30T23:37:57.549+0000] {dagbag.py:545} INFO - Filling up the DagBag from /home/airflow/.local/lib/python3.12/site-packages/airflow/example_dags/example_short_circuit_decorator.py
[2025-12-30T23:37:57.555+0000] {processor.py:840} INFO - DAG(s) 'example_short_circuit_decorator' retrieved from /home/airflow/.local/lib/python3.12/site-packages/airflow/example_dags/example_short_circuit_decorator.py
[2025-12-30T23:37:57.566+0000] {logging_mixin.py:188} INFO - [2025-12-30T23:37:57.566+0000] {dag.py:3096} INFO - Sync 1 DAGs
[2025-12-30T23:37:57.576+0000] {logging_mixin.py:188} INFO - [2025-12-30T23:37:57.576+0000] {dag.py:3954} INFO - Setting next_dagrun for example_short_circuit_decorator to 2025-12-29 00:00:00+00:00, run_after=2025-12-30 00:00:00+00:00
[2025-12-30T23:37:57.583+0000] {processor.py:183} INFO - Processing /home/airflow/.local/lib/python3.12/site-packages/airflow/example_dags/example_short_circuit_decorator.py took 0.040 seconds
[2025-12-30T23:38:28.094+0000] {processor.py:161} INFO - Started process (PID=617) to work on /home/airflow/.local/lib/python3.12/site-packages/airflow/example_dags/example_short_circuit_decorator.py
[2025-12-30T23:38:28.095+0000] {processor.py:830} INFO - Processing file /home/airflow/.local/lib/python3.12/site-packages/airflow/example_dags/example_short_circuit_decorator.py for tasks to queue
[2025-12-30T23:38:28.095+0000] {logging_mixin.py:188} INFO - [2025-12-30T23:38:28.095+0000] {dagbag.py:545} INFO - Filling up the DagBag from /home/airflow/.local/lib/python3.12/site-packages/airflow/example_dags/example_short_circuit_decorator.py
[2025-12-30T23:38:28.100+0000] {processor.py:840} INFO - DAG(s) 'example_short_circuit_decorator' retrieved from /home/airflow/.local/lib/python3.12/site-packages/airflow/example_dags/example_short_circuit_decorator.py
[2025-12-30T23:38:28.110+0000] {logging_mixin.py:188} INFO - [2025-12-30T23:38:28.110+0000] {dag.py:3096} INFO - Sync 1 DAGs
[2025-12-30T23:38:28.121+0000] {logging_mixin.py:188} INFO - [2025-12-30T23:38:28.121+0000] {dag.py:3954} INFO - Setting next_dagrun for example_short_circuit_decorator to 2025-12-29 00:00:00+00:00, run_after=2025-12-30 00:00:00+00:00
[2025-12-30T23:38:28.129+0000] {processor.py:183} INFO - Processing /home/airflow/.local/lib/python3.12/site-packages/airflow/example_dags/example_short_circuit_decorator.py took 0.038 seconds
[2025-12-30T23:38:58.204+0000] {processor.py:161} INFO - Started process (PID=676) to work on /home/airflow/.local/lib/python3.12/site-packages/airflow/example_dags/example_short_circuit_decorator.py
[2025-12-30T23:38:58.205+0000] {processor.py:830} INFO - Processing file /home/airflow/.local/lib/python3.12/site-packages/airflow/example_dags/example_short_circuit_decorator.py for tasks to queue
[2025-12-30T23:38:58.206+0000] {logging_mixin.py:188} INFO - [2025-12-30T23:38:58.206+0000] {dagbag.py:545} INFO - Filling up the DagBag from /home/airflow/.local/lib/python3.12/site-packages/airflow/example_dags/example_short_circuit_decorator.py
[2025-12-30T23:38:58.212+0000] {processor.py:840} INFO - DAG(s) 'example_short_circuit_decorator' retrieved from /home/airflow/.local/lib/python3.12/site-packages/airflow/example_dags/example_short_circuit_decorator.py
[2025-12-30T23:38:58.228+0000] {logging_mixin.py:188} INFO - [2025-12-30T23:38:58.227+0000] {dag.py:3096} INFO - Sync 1 DAGs
[2025-12-30T23:38:58.242+0000] {logging_mixin.py:188} INFO - [2025-12-30T23:38:58.242+0000] {dag.py:3954} INFO - Setting next_dagrun for example_short_circuit_decorator to 2025-12-29 00:00:00+00:00, run_after=2025-12-30 00:00:00+00:00
[2025-12-30T23:38:58.251+0000] {processor.py:183} INFO - Processing /home/airflow/.local/lib/python3.12/site-packages/airflow/example_dags/example_short_circuit_decorator.py took 0.050 seconds
[2025-12-30T23:39:28.867+0000] {processor.py:161} INFO - Started process (PID=735) to work on /home/airflow/.local/lib/python3.12/site-packages/airflow/example_dags/example_short_circuit_decorator.py
[2025-12-30T23:39:28.867+0000] {processor.py:830} INFO - Processing file /home/airflow/.local/lib/python3.12/site-packages/airflow/example_dags/example_short_circuit_decorator.py for tasks to queue
[2025-12-30T23:39:28.869+0000] {logging_mixin.py:188} INFO - [2025-12-30T23:39:28.869+0000] {dagbag.py:545} INFO - Filling up the DagBag from /home/airflow/.local/lib/python3.12/site-packages/airflow/example_dags/example_short_circuit_decorator.py
[2025-12-30T23:39:28.874+0000] {processor.py:840} INFO - DAG(s) 'example_short_circuit_decorator' retrieved from /home/airflow/.local/lib/python3.12/site-packages/airflow/example_dags/example_short_circuit_decorator.py
[2025-12-30T23:39:28.885+0000] {logging_mixin.py:188} INFO - [2025-12-30T23:39:28.885+0000] {dag.py:3096} INFO - Sync 1 DAGs
[2025-12-30T23:39:28.895+0000] {logging_mixin.py:188} INFO - [2025-12-30T23:39:28.895+0000] {dag.py:3954} INFO - Setting next_dagrun for example_short_circuit_decorator to 2025-12-29 00:00:00+00:00, run_after=2025-12-30 00:00:00+00:00
[2025-12-30T23:39:28.904+0000] {processor.py:183} INFO - Processing /home/airflow/.local/lib/python3.12/site-packages/airflow/example_dags/example_short_circuit_decorator.py took 0.041 seconds
[2025-12-30T23:39:59.094+0000] {processor.py:161} INFO - Started process (PID=794) to work on /home/airflow/.local/lib/python3.12/site-packages/airflow/example_dags/example_short_circuit_decorator.py
[2025-12-30T23:39:59.094+0000] {processor.py:830} INFO - Processing file /home/airflow/.local/lib/python3.12/site-packages/airflow/example_dags/example_short_circuit_decorator.py for tasks to queue
[2025-12-30T23:39:59.095+0000] {logging_mixin.py:188} INFO - [2025-12-30T23:39:59.095+0000] {dagbag.py:545} INFO - Filling up the DagBag from /home/airflow/.local/lib/python3.12/site-packages/airflow/example_dags/example_short_circuit_decorator.py
[2025-12-30T23:39:59.100+0000] {processor.py:840} INFO - DAG(s) 'example_short_circuit_decorator' retrieved from /home/airflow/.local/lib/python3.12/site-packages/airflow/example_dags/example_short_circuit_decorator.py
[2025-12-30T23:39:59.114+0000] {logging_mixin.py:188} INFO - [2025-12-30T23:39:59.113+0000] {dag.py:3096} INFO - Sync 1 DAGs
[2025-12-30T23:39:59.125+0000] {logging_mixin.py:188} INFO - [2025-12-30T23:39:59.125+0000] {dag.py:3954} INFO - Setting next_dagrun for example_short_circuit_decorator to 2025-12-29 00:00:00+00:00, run_after=2025-12-30 00:00:00+00:00
[2025-12-30T23:39:59.133+0000] {processor.py:183} INFO - Processing /home/airflow/.local/lib/python3.12/site-packages/airflow/example_dags/example_short_circuit_decorator.py took 0.043 seconds
[2025-12-30T23:40:29.359+0000] {processor.py:161} INFO - Started process (PID=853) to work on /home/airflow/.local/lib/python3.12/site-packages/airflow/example_dags/example_short_circuit_decorator.py
[2025-12-30T23:40:29.359+0000] {processor.py:830} INFO - Processing file /home/airflow/.local/lib/python3.12/site-packages/airflow/example_dags/example_short_circuit_decorator.py for tasks to queue
[2025-12-30T23:40:29.360+0000] {logging_mixin.py:188} INFO - [2025-12-30T23:40:29.360+0000] {dagbag.py:545} INFO - Filling up the DagBag from /home/airflow/.local/lib/python3.12/site-packages/airflow/example_dags/example_short_circuit_decorator.py
[2025-12-30T23:40:29.365+0000] {processor.py:840} INFO - DAG(s) 'example_short_circuit_decorator' retrieved from /home/airflow/.local/lib/python3.12/site-packages/airflow/example_dags/example_short_circuit_decorator.py
[2025-12-30T23:40:29.377+0000] {logging_mixin.py:188} INFO - [2025-12-30T23:40:29.377+0000] {dag.py:3096} INFO - Sync 1 DAGs
[2025-12-30T23:40:29.387+0000] {logging_mixin.py:188} INFO - [2025-12-30T23:40:29.387+0000] {dag.py:3954} INFO - Setting next_dagrun for example_short_circuit_decorator to 2025-12-29 00:00:00+00:00, run_after=2025-12-30 00:00:00+00:00
[2025-12-30T23:40:29.395+0000] {processor.py:183} INFO - Processing /home/airflow/.local/lib/python3.12/site-packages/airflow/example_dags/example_short_circuit_decorator.py took 0.039 seconds
[2025-12-30T23:40:59.672+0000] {processor.py:161} INFO - Started process (PID=915) to work on /home/airflow/.local/lib/python3.12/site-packages/airflow/example_dags/example_short_circuit_decorator.py
[2025-12-30T23:40:59.672+0000] {processor.py:830} INFO - Processing file /home/airflow/.local/lib/python3.12/site-packages/airflow/example_dags/example_short_circuit_decorator.py for tasks to queue
[2025-12-30T23:40:59.674+0000] {logging_mixin.py:188} INFO - [2025-12-30T23:40:59.673+0000] {dagbag.py:545} INFO - Filling up the DagBag from /home/airflow/.local/lib/python3.12/site-packages/airflow/example_dags/example_short_circuit_decorator.py
[2025-12-30T23:40:59.678+0000] {processor.py:840} INFO - DAG(s) 'example_short_circuit_decorator' retrieved from /home/airflow/.local/lib/python3.12/site-packages/airflow/example_dags/example_short_circuit_decorator.py
[2025-12-30T23:40:59.691+0000] {logging_mixin.py:188} INFO - [2025-12-30T23:40:59.691+0000] {dag.py:3096} INFO - Sync 1 DAGs
[2025-12-30T23:40:59.708+0000] {logging_mixin.py:188} INFO - [2025-12-30T23:40:59.708+0000] {dag.py:3954} INFO - Setting next_dagrun for example_short_circuit_decorator to 2025-12-29 00:00:00+00:00, run_after=2025-12-30 00:00:00+00:00
[2025-12-30T23:40:59.726+0000] {processor.py:183} INFO - Processing /home/airflow/.local/lib/python3.12/site-packages/airflow/example_dags/example_short_circuit_decorator.py took 0.057 seconds
[2025-12-30T23:43:01.288+0000] {processor.py:161} INFO - Started process (PID=85) to work on /home/airflow/.local/lib/python3.12/site-packages/airflow/example_dags/example_short_circuit_decorator.py
[2025-12-30T23:43:01.289+0000] {processor.py:830} INFO - Processing file /home/airflow/.local/lib/python3.12/site-packages/airflow/example_dags/example_short_circuit_decorator.py for tasks to queue
[2025-12-30T23:43:01.291+0000] {logging_mixin.py:188} INFO - [2025-12-30T23:43:01.291+0000] {dagbag.py:545} INFO - Filling up the DagBag from /home/airflow/.local/lib/python3.12/site-packages/airflow/example_dags/example_short_circuit_decorator.py
[2025-12-30T23:43:01.298+0000] {processor.py:840} INFO - DAG(s) 'example_short_circuit_decorator' retrieved from /home/airflow/.local/lib/python3.12/site-packages/airflow/example_dags/example_short_circuit_decorator.py
[2025-12-30T23:43:01.306+0000] {logging_mixin.py:188} INFO - [2025-12-30T23:43:01.305+0000] {dag.py:3096} INFO - Sync 1 DAGs
[2025-12-30T23:43:01.322+0000] {logging_mixin.py:188} INFO - [2025-12-30T23:43:01.322+0000] {dag.py:3954} INFO - Setting next_dagrun for example_short_circuit_decorator to 2025-12-29 00:00:00+00:00, run_after=2025-12-30 00:00:00+00:00
[2025-12-30T23:43:01.338+0000] {processor.py:183} INFO - Processing /home/airflow/.local/lib/python3.12/site-packages/airflow/example_dags/example_short_circuit_decorator.py took 0.056 seconds
[2025-12-30T23:43:31.870+0000] {processor.py:161} INFO - Started process (PID=145) to work on /home/airflow/.local/lib/python3.12/site-packages/airflow/example_dags/example_short_circuit_decorator.py
[2025-12-30T23:43:31.870+0000] {processor.py:830} INFO - Processing file /home/airflow/.local/lib/python3.12/site-packages/airflow/example_dags/example_short_circuit_decorator.py for tasks to queue
[2025-12-30T23:43:31.871+0000] {logging_mixin.py:188} INFO - [2025-12-30T23:43:31.871+0000] {dagbag.py:545} INFO - Filling up the DagBag from /home/airflow/.local/lib/python3.12/site-packages/airflow/example_dags/example_short_circuit_decorator.py
[2025-12-30T23:43:31.877+0000] {processor.py:840} INFO - DAG(s) 'example_short_circuit_decorator' retrieved from /home/airflow/.local/lib/python3.12/site-packages/airflow/example_dags/example_short_circuit_decorator.py
[2025-12-30T23:43:31.924+0000] {logging_mixin.py:188} INFO - [2025-12-30T23:43:31.923+0000] {dag.py:3096} INFO - Sync 1 DAGs
[2025-12-30T23:43:31.934+0000] {logging_mixin.py:188} INFO - [2025-12-30T23:43:31.934+0000] {dag.py:3954} INFO - Setting next_dagrun for example_short_circuit_decorator to 2025-12-29 00:00:00+00:00, run_after=2025-12-30 00:00:00+00:00
[2025-12-30T23:43:31.945+0000] {processor.py:183} INFO - Processing /home/airflow/.local/lib/python3.12/site-packages/airflow/example_dags/example_short_circuit_decorator.py took 0.078 seconds
[2025-12-30T23:44:02.324+0000] {processor.py:161} INFO - Started process (PID=205) to work on /home/airflow/.local/lib/python3.12/site-packages/airflow/example_dags/example_short_circuit_decorator.py
[2025-12-30T23:44:02.325+0000] {processor.py:830} INFO - Processing file /home/airflow/.local/lib/python3.12/site-packages/airflow/example_dags/example_short_circuit_decorator.py for tasks to queue
[2025-12-30T23:44:02.326+0000] {logging_mixin.py:188} INFO - [2025-12-30T23:44:02.326+0000] {dagbag.py:545} INFO - Filling up the DagBag from /home/airflow/.local/lib/python3.12/site-packages/airflow/example_dags/example_short_circuit_decorator.py
[2025-12-30T23:44:02.330+0000] {processor.py:840} INFO - DAG(s) 'example_short_circuit_decorator' retrieved from /home/airflow/.local/lib/python3.12/site-packages/airflow/example_dags/example_short_circuit_decorator.py
[2025-12-30T23:44:02.341+0000] {logging_mixin.py:188} INFO - [2025-12-30T23:44:02.341+0000] {dag.py:3096} INFO - Sync 1 DAGs
[2025-12-30T23:44:02.351+0000] {logging_mixin.py:188} INFO - [2025-12-30T23:44:02.351+0000] {dag.py:3954} INFO - Setting next_dagrun for example_short_circuit_decorator to 2025-12-29 00:00:00+00:00, run_after=2025-12-30 00:00:00+00:00
[2025-12-30T23:44:02.359+0000] {processor.py:183} INFO - Processing /home/airflow/.local/lib/python3.12/site-packages/airflow/example_dags/example_short_circuit_decorator.py took 0.038 seconds
[2025-12-30T23:44:32.520+0000] {processor.py:161} INFO - Started process (PID=265) to work on /home/airflow/.local/lib/python3.12/site-packages/airflow/example_dags/example_short_circuit_decorator.py
[2025-12-30T23:44:32.520+0000] {processor.py:830} INFO - Processing file /home/airflow/.local/lib/python3.12/site-packages/airflow/example_dags/example_short_circuit_decorator.py for tasks to queue
[2025-12-30T23:44:32.521+0000] {logging_mixin.py:188} INFO - [2025-12-30T23:44:32.521+0000] {dagbag.py:545} INFO - Filling up the DagBag from /home/airflow/.local/lib/python3.12/site-packages/airflow/example_dags/example_short_circuit_decorator.py
[2025-12-30T23:44:32.526+0000] {processor.py:840} INFO - DAG(s) 'example_short_circuit_decorator' retrieved from /home/airflow/.local/lib/python3.12/site-packages/airflow/example_dags/example_short_circuit_decorator.py
[2025-12-30T23:44:32.537+0000] {logging_mixin.py:188} INFO - [2025-12-30T23:44:32.537+0000] {dag.py:3096} INFO - Sync 1 DAGs
[2025-12-30T23:44:32.547+0000] {logging_mixin.py:188} INFO - [2025-12-30T23:44:32.546+0000] {dag.py:3954} INFO - Setting next_dagrun for example_short_circuit_decorator to 2025-12-29 00:00:00+00:00, run_after=2025-12-30 00:00:00+00:00
[2025-12-30T23:44:32.554+0000] {processor.py:183} INFO - Processing /home/airflow/.local/lib/python3.12/site-packages/airflow/example_dags/example_short_circuit_decorator.py took 0.037 seconds
[2025-12-30T23:45:03.155+0000] {processor.py:161} INFO - Started process (PID=325) to work on /home/airflow/.local/lib/python3.12/site-packages/airflow/example_dags/example_short_circuit_decorator.py
[2025-12-30T23:45:03.155+0000] {processor.py:830} INFO - Processing file /home/airflow/.local/lib/python3.12/site-packages/airflow/example_dags/example_short_circuit_decorator.py for tasks to queue
[2025-12-30T23:45:03.156+0000] {logging_mixin.py:188} INFO - [2025-12-30T23:45:03.156+0000] {dagbag.py:545} INFO - Filling up the DagBag from /home/airflow/.local/lib/python3.12/site-packages/airflow/example_dags/example_short_circuit_decorator.py
[2025-12-30T23:45:03.161+0000] {processor.py:840} INFO - DAG(s) 'example_short_circuit_decorator' retrieved from /home/airflow/.local/lib/python3.12/site-packages/airflow/example_dags/example_short_circuit_decorator.py
[2025-12-30T23:45:03.171+0000] {logging_mixin.py:188} INFO - [2025-12-30T23:45:03.171+0000] {dag.py:3096} INFO - Sync 1 DAGs
[2025-12-30T23:45:03.182+0000] {logging_mixin.py:188} INFO - [2025-12-30T23:45:03.182+0000] {dag.py:3954} INFO - Setting next_dagrun for example_short_circuit_decorator to 2025-12-29 00:00:00+00:00, run_after=2025-12-30 00:00:00+00:00
[2025-12-30T23:45:03.190+0000] {processor.py:183} INFO - Processing /home/airflow/.local/lib/python3.12/site-packages/airflow/example_dags/example_short_circuit_decorator.py took 0.038 seconds
[2025-12-30T23:45:33.414+0000] {processor.py:161} INFO - Started process (PID=385) to work on /home/airflow/.local/lib/python3.12/site-packages/airflow/example_dags/example_short_circuit_decorator.py
[2025-12-30T23:45:33.415+0000] {processor.py:830} INFO - Processing file /home/airflow/.local/lib/python3.12/site-packages/airflow/example_dags/example_short_circuit_decorator.py for tasks to queue
[2025-12-30T23:45:33.416+0000] {logging_mixin.py:188} INFO - [2025-12-30T23:45:33.416+0000] {dagbag.py:545} INFO - Filling up the DagBag from /home/airflow/.local/lib/python3.12/site-packages/airflow/example_dags/example_short_circuit_decorator.py
[2025-12-30T23:45:33.420+0000] {processor.py:840} INFO - DAG(s) 'example_short_circuit_decorator' retrieved from /home/airflow/.local/lib/python3.12/site-packages/airflow/example_dags/example_short_circuit_decorator.py
[2025-12-30T23:45:33.435+0000] {logging_mixin.py:188} INFO - [2025-12-30T23:45:33.435+0000] {dag.py:3096} INFO - Sync 1 DAGs
[2025-12-30T23:45:33.445+0000] {logging_mixin.py:188} INFO - [2025-12-30T23:45:33.445+0000] {dag.py:3954} INFO - Setting next_dagrun for example_short_circuit_decorator to 2025-12-29 00:00:00+00:00, run_after=2025-12-30 00:00:00+00:00
[2025-12-30T23:45:33.453+0000] {processor.py:183} INFO - Processing /home/airflow/.local/lib/python3.12/site-packages/airflow/example_dags/example_short_circuit_decorator.py took 0.041 seconds
[2025-12-30T23:46:03.564+0000] {processor.py:161} INFO - Started process (PID=445) to work on /home/airflow/.local/lib/python3.12/site-packages/airflow/example_dags/example_short_circuit_decorator.py
[2025-12-30T23:46:03.564+0000] {processor.py:830} INFO - Processing file /home/airflow/.local/lib/python3.12/site-packages/airflow/example_dags/example_short_circuit_decorator.py for tasks to queue
[2025-12-30T23:46:03.565+0000] {logging_mixin.py:188} INFO - [2025-12-30T23:46:03.565+0000] {dagbag.py:545} INFO - Filling up the DagBag from /home/airflow/.local/lib/python3.12/site-packages/airflow/example_dags/example_short_circuit_decorator.py
[2025-12-30T23:46:03.570+0000] {processor.py:840} INFO - DAG(s) 'example_short_circuit_decorator' retrieved from /home/airflow/.local/lib/python3.12/site-packages/airflow/example_dags/example_short_circuit_decorator.py
[2025-12-30T23:46:03.583+0000] {logging_mixin.py:188} INFO - [2025-12-30T23:46:03.582+0000] {dag.py:3096} INFO - Sync 1 DAGs
[2025-12-30T23:46:03.595+0000] {logging_mixin.py:188} INFO - [2025-12-30T23:46:03.595+0000] {dag.py:3954} INFO - Setting next_dagrun for example_short_circuit_decorator to 2025-12-29 00:00:00+00:00, run_after=2025-12-30 00:00:00+00:00
[2025-12-30T23:46:03.605+0000] {processor.py:183} INFO - Processing /home/airflow/.local/lib/python3.12/site-packages/airflow/example_dags/example_short_circuit_decorator.py took 0.044 seconds
[2025-12-30T23:46:34.614+0000] {processor.py:161} INFO - Started process (PID=505) to work on /home/airflow/.local/lib/python3.12/site-packages/airflow/example_dags/example_short_circuit_decorator.py
[2025-12-30T23:46:34.615+0000] {processor.py:830} INFO - Processing file /home/airflow/.local/lib/python3.12/site-packages/airflow/example_dags/example_short_circuit_decorator.py for tasks to queue
[2025-12-30T23:46:34.617+0000] {logging_mixin.py:188} INFO - [2025-12-30T23:46:34.617+0000] {dagbag.py:545} INFO - Filling up the DagBag from /home/airflow/.local/lib/python3.12/site-packages/airflow/example_dags/example_short_circuit_decorator.py
[2025-12-30T23:46:34.624+0000] {processor.py:840} INFO - DAG(s) 'example_short_circuit_decorator' retrieved from /home/airflow/.local/lib/python3.12/site-packages/airflow/example_dags/example_short_circuit_decorator.py
[2025-12-30T23:46:34.641+0000] {logging_mixin.py:188} INFO - [2025-12-30T23:46:34.641+0000] {dag.py:3096} INFO - Sync 1 DAGs
[2025-12-30T23:46:34.656+0000] {logging_mixin.py:188} INFO - [2025-12-30T23:46:34.656+0000] {dag.py:3954} INFO - Setting next_dagrun for example_short_circuit_decorator to 2025-12-29 00:00:00+00:00, run_after=2025-12-30 00:00:00+00:00
[2025-12-30T23:46:34.667+0000] {processor.py:183} INFO - Processing /home/airflow/.local/lib/python3.12/site-packages/airflow/example_dags/example_short_circuit_decorator.py took 0.059 seconds
[2025-12-30T23:47:05.246+0000] {processor.py:161} INFO - Started process (PID=565) to work on /home/airflow/.local/lib/python3.12/site-packages/airflow/example_dags/example_short_circuit_decorator.py
[2025-12-30T23:47:05.246+0000] {processor.py:830} INFO - Processing file /home/airflow/.local/lib/python3.12/site-packages/airflow/example_dags/example_short_circuit_decorator.py for tasks to queue
[2025-12-30T23:47:05.247+0000] {logging_mixin.py:188} INFO - [2025-12-30T23:47:05.247+0000] {dagbag.py:545} INFO - Filling up the DagBag from /home/airflow/.local/lib/python3.12/site-packages/airflow/example_dags/example_short_circuit_decorator.py
[2025-12-30T23:47:05.251+0000] {processor.py:840} INFO - DAG(s) 'example_short_circuit_decorator' retrieved from /home/airflow/.local/lib/python3.12/site-packages/airflow/example_dags/example_short_circuit_decorator.py
[2025-12-30T23:47:05.263+0000] {logging_mixin.py:188} INFO - [2025-12-30T23:47:05.263+0000] {dag.py:3096} INFO - Sync 1 DAGs
[2025-12-30T23:47:05.276+0000] {logging_mixin.py:188} INFO - [2025-12-30T23:47:05.276+0000] {dag.py:3954} INFO - Setting next_dagrun for example_short_circuit_decorator to 2025-12-29 00:00:00+00:00, run_after=2025-12-30 00:00:00+00:00
[2025-12-30T23:47:05.285+0000] {processor.py:183} INFO - Processing /home/airflow/.local/lib/python3.12/site-packages/airflow/example_dags/example_short_circuit_decorator.py took 0.043 seconds
[2025-12-30T23:47:35.628+0000] {processor.py:161} INFO - Started process (PID=625) to work on /home/airflow/.local/lib/python3.12/site-packages/airflow/example_dags/example_short_circuit_decorator.py
[2025-12-30T23:47:35.629+0000] {processor.py:830} INFO - Processing file /home/airflow/.local/lib/python3.12/site-packages/airflow/example_dags/example_short_circuit_decorator.py for tasks to queue
[2025-12-30T23:47:35.630+0000] {logging_mixin.py:188} INFO - [2025-12-30T23:47:35.630+0000] {dagbag.py:545} INFO - Filling up the DagBag from /home/airflow/.local/lib/python3.12/site-packages/airflow/example_dags/example_short_circuit_decorator.py
[2025-12-30T23:47:35.637+0000] {processor.py:840} INFO - DAG(s) 'example_short_circuit_decorator' retrieved from /home/airflow/.local/lib/python3.12/site-packages/airflow/example_dags/example_short_circuit_decorator.py
[2025-12-30T23:47:35.649+0000] {logging_mixin.py:188} INFO - [2025-12-30T23:47:35.649+0000] {dag.py:3096} INFO - Sync 1 DAGs
[2025-12-30T23:47:35.661+0000] {logging_mixin.py:188} INFO - [2025-12-30T23:47:35.661+0000] {dag.py:3954} INFO - Setting next_dagrun for example_short_circuit_decorator to 2025-12-29 00:00:00+00:00, run_after=2025-12-30 00:00:00+00:00
[2025-12-30T23:47:35.671+0000] {processor.py:183} INFO - Processing /home/airflow/.local/lib/python3.12/site-packages/airflow/example_dags/example_short_circuit_decorator.py took 0.048 seconds
[2025-12-30T23:48:06.883+0000] {processor.py:161} INFO - Started process (PID=685) to work on /home/airflow/.local/lib/python3.12/site-packages/airflow/example_dags/example_short_circuit_decorator.py
[2025-12-30T23:48:06.884+0000] {processor.py:830} INFO - Processing file /home/airflow/.local/lib/python3.12/site-packages/airflow/example_dags/example_short_circuit_decorator.py for tasks to queue
[2025-12-30T23:48:06.885+0000] {logging_mixin.py:188} INFO - [2025-12-30T23:48:06.885+0000] {dagbag.py:545} INFO - Filling up the DagBag from /home/airflow/.local/lib/python3.12/site-packages/airflow/example_dags/example_short_circuit_decorator.py
[2025-12-30T23:48:06.889+0000] {processor.py:840} INFO - DAG(s) 'example_short_circuit_decorator' retrieved from /home/airflow/.local/lib/python3.12/site-packages/airflow/example_dags/example_short_circuit_decorator.py
[2025-12-30T23:48:06.899+0000] {logging_mixin.py:188} INFO - [2025-12-30T23:48:06.899+0000] {dag.py:3096} INFO - Sync 1 DAGs
[2025-12-30T23:48:06.909+0000] {logging_mixin.py:188} INFO - [2025-12-30T23:48:06.909+0000] {dag.py:3954} INFO - Setting next_dagrun for example_short_circuit_decorator to 2025-12-29 00:00:00+00:00, run_after=2025-12-30 00:00:00+00:00
[2025-12-30T23:48:06.916+0000] {processor.py:183} INFO - Processing /home/airflow/.local/lib/python3.12/site-packages/airflow/example_dags/example_short_circuit_decorator.py took 0.036 seconds
[2025-12-30T23:48:38.217+0000] {processor.py:161} INFO - Started process (PID=745) to work on /home/airflow/.local/lib/python3.12/site-packages/airflow/example_dags/example_short_circuit_decorator.py
[2025-12-30T23:48:38.218+0000] {processor.py:830} INFO - Processing file /home/airflow/.local/lib/python3.12/site-packages/airflow/example_dags/example_short_circuit_decorator.py for tasks to queue
[2025-12-30T23:48:38.220+0000] {logging_mixin.py:188} INFO - [2025-12-30T23:48:38.219+0000] {dagbag.py:545} INFO - Filling up the DagBag from /home/airflow/.local/lib/python3.12/site-packages/airflow/example_dags/example_short_circuit_decorator.py
[2025-12-30T23:48:38.231+0000] {processor.py:840} INFO - DAG(s) 'example_short_circuit_decorator' retrieved from /home/airflow/.local/lib/python3.12/site-packages/airflow/example_dags/example_short_circuit_decorator.py
[2025-12-30T23:48:38.249+0000] {logging_mixin.py:188} INFO - [2025-12-30T23:48:38.249+0000] {dag.py:3096} INFO - Sync 1 DAGs
[2025-12-30T23:48:38.272+0000] {logging_mixin.py:188} INFO - [2025-12-30T23:48:38.271+0000] {dag.py:3954} INFO - Setting next_dagrun for example_short_circuit_decorator to 2025-12-29 00:00:00+00:00, run_after=2025-12-30 00:00:00+00:00
[2025-12-30T23:48:38.283+0000] {processor.py:183} INFO - Processing /home/airflow/.local/lib/python3.12/site-packages/airflow/example_dags/example_short_circuit_decorator.py took 0.073 seconds
[2025-12-30T23:49:08.538+0000] {processor.py:161} INFO - Started process (PID=805) to work on /home/airflow/.local/lib/python3.12/site-packages/airflow/example_dags/example_short_circuit_decorator.py
[2025-12-30T23:49:08.538+0000] {processor.py:830} INFO - Processing file /home/airflow/.local/lib/python3.12/site-packages/airflow/example_dags/example_short_circuit_decorator.py for tasks to queue
[2025-12-30T23:49:08.539+0000] {logging_mixin.py:188} INFO - [2025-12-30T23:49:08.539+0000] {dagbag.py:545} INFO - Filling up the DagBag from /home/airflow/.local/lib/python3.12/site-packages/airflow/example_dags/example_short_circuit_decorator.py
[2025-12-30T23:49:08.543+0000] {processor.py:840} INFO - DAG(s) 'example_short_circuit_decorator' retrieved from /home/airflow/.local/lib/python3.12/site-packages/airflow/example_dags/example_short_circuit_decorator.py
[2025-12-30T23:49:08.553+0000] {logging_mixin.py:188} INFO - [2025-12-30T23:49:08.553+0000] {dag.py:3096} INFO - Sync 1 DAGs
[2025-12-30T23:49:08.563+0000] {logging_mixin.py:188} INFO - [2025-12-30T23:49:08.563+0000] {dag.py:3954} INFO - Setting next_dagrun for example_short_circuit_decorator to 2025-12-29 00:00:00+00:00, run_after=2025-12-30 00:00:00+00:00
[2025-12-30T23:49:08.571+0000] {processor.py:183} INFO - Processing /home/airflow/.local/lib/python3.12/site-packages/airflow/example_dags/example_short_circuit_decorator.py took 0.036 seconds
[2025-12-30T23:49:39.595+0000] {processor.py:161} INFO - Started process (PID=865) to work on /home/airflow/.local/lib/python3.12/site-packages/airflow/example_dags/example_short_circuit_decorator.py
[2025-12-30T23:49:39.596+0000] {processor.py:830} INFO - Processing file /home/airflow/.local/lib/python3.12/site-packages/airflow/example_dags/example_short_circuit_decorator.py for tasks to queue
[2025-12-30T23:49:39.603+0000] {logging_mixin.py:188} INFO - [2025-12-30T23:49:39.603+0000] {dagbag.py:545} INFO - Filling up the DagBag from /home/airflow/.local/lib/python3.12/site-packages/airflow/example_dags/example_short_circuit_decorator.py
[2025-12-30T23:49:39.611+0000] {processor.py:840} INFO - DAG(s) 'example_short_circuit_decorator' retrieved from /home/airflow/.local/lib/python3.12/site-packages/airflow/example_dags/example_short_circuit_decorator.py
[2025-12-30T23:49:39.630+0000] {logging_mixin.py:188} INFO - [2025-12-30T23:49:39.629+0000] {dag.py:3096} INFO - Sync 1 DAGs
[2025-12-30T23:49:39.642+0000] {logging_mixin.py:188} INFO - [2025-12-30T23:49:39.642+0000] {dag.py:3954} INFO - Setting next_dagrun for example_short_circuit_decorator to 2025-12-29 00:00:00+00:00, run_after=2025-12-30 00:00:00+00:00
[2025-12-30T23:49:39.654+0000] {processor.py:183} INFO - Processing /home/airflow/.local/lib/python3.12/site-packages/airflow/example_dags/example_short_circuit_decorator.py took 0.065 seconds
[2025-12-30T23:50:10.207+0000] {processor.py:161} INFO - Started process (PID=925) to work on /home/airflow/.local/lib/python3.12/site-packages/airflow/example_dags/example_short_circuit_decorator.py
[2025-12-30T23:50:10.208+0000] {processor.py:830} INFO - Processing file /home/airflow/.local/lib/python3.12/site-packages/airflow/example_dags/example_short_circuit_decorator.py for tasks to queue
[2025-12-30T23:50:10.209+0000] {logging_mixin.py:188} INFO - [2025-12-30T23:50:10.209+0000] {dagbag.py:545} INFO - Filling up the DagBag from /home/airflow/.local/lib/python3.12/site-packages/airflow/example_dags/example_short_circuit_decorator.py
[2025-12-30T23:50:10.215+0000] {processor.py:840} INFO - DAG(s) 'example_short_circuit_decorator' retrieved from /home/airflow/.local/lib/python3.12/site-packages/airflow/example_dags/example_short_circuit_decorator.py
[2025-12-30T23:50:10.231+0000] {logging_mixin.py:188} INFO - [2025-12-30T23:50:10.230+0000] {dag.py:3096} INFO - Sync 1 DAGs
[2025-12-30T23:50:10.246+0000] {logging_mixin.py:188} INFO - [2025-12-30T23:50:10.246+0000] {dag.py:3954} INFO - Setting next_dagrun for example_short_circuit_decorator to 2025-12-29 00:00:00+00:00, run_after=2025-12-30 00:00:00+00:00
[2025-12-30T23:50:10.257+0000] {processor.py:183} INFO - Processing /home/airflow/.local/lib/python3.12/site-packages/airflow/example_dags/example_short_circuit_decorator.py took 0.055 seconds
[2025-12-30T23:50:40.549+0000] {processor.py:161} INFO - Started process (PID=985) to work on /home/airflow/.local/lib/python3.12/site-packages/airflow/example_dags/example_short_circuit_decorator.py
[2025-12-30T23:50:40.549+0000] {processor.py:830} INFO - Processing file /home/airflow/.local/lib/python3.12/site-packages/airflow/example_dags/example_short_circuit_decorator.py for tasks to queue
[2025-12-30T23:50:40.550+0000] {logging_mixin.py:188} INFO - [2025-12-30T23:50:40.550+0000] {dagbag.py:545} INFO - Filling up the DagBag from /home/airflow/.local/lib/python3.12/site-packages/airflow/example_dags/example_short_circuit_decorator.py
[2025-12-30T23:50:40.555+0000] {processor.py:840} INFO - DAG(s) 'example_short_circuit_decorator' retrieved from /home/airflow/.local/lib/python3.12/site-packages/airflow/example_dags/example_short_circuit_decorator.py
[2025-12-30T23:50:40.568+0000] {logging_mixin.py:188} INFO - [2025-12-30T23:50:40.568+0000] {dag.py:3096} INFO - Sync 1 DAGs
[2025-12-30T23:50:40.580+0000] {logging_mixin.py:188} INFO - [2025-12-30T23:50:40.580+0000] {dag.py:3954} INFO - Setting next_dagrun for example_short_circuit_decorator to 2025-12-29 00:00:00+00:00, run_after=2025-12-30 00:00:00+00:00
[2025-12-30T23:50:40.589+0000] {processor.py:183} INFO - Processing /home/airflow/.local/lib/python3.12/site-packages/airflow/example_dags/example_short_circuit_decorator.py took 0.043 seconds
[2025-12-30T23:51:11.212+0000] {processor.py:161} INFO - Started process (PID=1045) to work on /home/airflow/.local/lib/python3.12/site-packages/airflow/example_dags/example_short_circuit_decorator.py
[2025-12-30T23:51:11.213+0000] {processor.py:830} INFO - Processing file /home/airflow/.local/lib/python3.12/site-packages/airflow/example_dags/example_short_circuit_decorator.py for tasks to queue
[2025-12-30T23:51:11.216+0000] {logging_mixin.py:188} INFO - [2025-12-30T23:51:11.215+0000] {dagbag.py:545} INFO - Filling up the DagBag from /home/airflow/.local/lib/python3.12/site-packages/airflow/example_dags/example_short_circuit_decorator.py
[2025-12-30T23:51:11.229+0000] {processor.py:840} INFO - DAG(s) 'example_short_circuit_decorator' retrieved from /home/airflow/.local/lib/python3.12/site-packages/airflow/example_dags/example_short_circuit_decorator.py
[2025-12-30T23:51:11.246+0000] {logging_mixin.py:188} INFO - [2025-12-30T23:51:11.246+0000] {dag.py:3096} INFO - Sync 1 DAGs
[2025-12-30T23:51:11.261+0000] {logging_mixin.py:188} INFO - [2025-12-30T23:51:11.261+0000] {dag.py:3954} INFO - Setting next_dagrun for example_short_circuit_decorator to 2025-12-29 00:00:00+00:00, run_after=2025-12-30 00:00:00+00:00
[2025-12-30T23:51:11.276+0000] {processor.py:183} INFO - Processing /home/airflow/.local/lib/python3.12/site-packages/airflow/example_dags/example_short_circuit_decorator.py took 0.070 seconds
[2025-12-30T23:51:42.137+0000] {processor.py:161} INFO - Started process (PID=1105) to work on /home/airflow/.local/lib/python3.12/site-packages/airflow/example_dags/example_short_circuit_decorator.py
[2025-12-30T23:51:42.138+0000] {processor.py:830} INFO - Processing file /home/airflow/.local/lib/python3.12/site-packages/airflow/example_dags/example_short_circuit_decorator.py for tasks to queue
[2025-12-30T23:51:42.140+0000] {logging_mixin.py:188} INFO - [2025-12-30T23:51:42.139+0000] {dagbag.py:545} INFO - Filling up the DagBag from /home/airflow/.local/lib/python3.12/site-packages/airflow/example_dags/example_short_circuit_decorator.py
[2025-12-30T23:51:42.145+0000] {processor.py:840} INFO - DAG(s) 'example_short_circuit_decorator' retrieved from /home/airflow/.local/lib/python3.12/site-packages/airflow/example_dags/example_short_circuit_decorator.py
[2025-12-30T23:51:42.158+0000] {logging_mixin.py:188} INFO - [2025-12-30T23:51:42.158+0000] {dag.py:3096} INFO - Sync 1 DAGs
[2025-12-30T23:51:42.170+0000] {logging_mixin.py:188} INFO - [2025-12-30T23:51:42.170+0000] {dag.py:3954} INFO - Setting next_dagrun for example_short_circuit_decorator to 2025-12-29 00:00:00+00:00, run_after=2025-12-30 00:00:00+00:00
[2025-12-30T23:51:42.179+0000] {processor.py:183} INFO - Processing /home/airflow/.local/lib/python3.12/site-packages/airflow/example_dags/example_short_circuit_decorator.py took 0.046 seconds
[2025-12-30T23:52:12.208+0000] {processor.py:161} INFO - Started process (PID=1163) to work on /home/airflow/.local/lib/python3.12/site-packages/airflow/example_dags/example_short_circuit_decorator.py
[2025-12-30T23:52:12.208+0000] {processor.py:830} INFO - Processing file /home/airflow/.local/lib/python3.12/site-packages/airflow/example_dags/example_short_circuit_decorator.py for tasks to queue
[2025-12-30T23:52:12.209+0000] {logging_mixin.py:188} INFO - [2025-12-30T23:52:12.209+0000] {dagbag.py:545} INFO - Filling up the DagBag from /home/airflow/.local/lib/python3.12/site-packages/airflow/example_dags/example_short_circuit_decorator.py
[2025-12-30T23:52:12.214+0000] {processor.py:840} INFO - DAG(s) 'example_short_circuit_decorator' retrieved from /home/airflow/.local/lib/python3.12/site-packages/airflow/example_dags/example_short_circuit_decorator.py
[2025-12-30T23:52:12.225+0000] {logging_mixin.py:188} INFO - [2025-12-30T23:52:12.225+0000] {dag.py:3096} INFO - Sync 1 DAGs
[2025-12-30T23:52:12.235+0000] {logging_mixin.py:188} INFO - [2025-12-30T23:52:12.235+0000] {dag.py:3954} INFO - Setting next_dagrun for example_short_circuit_decorator to 2025-12-29 00:00:00+00:00, run_after=2025-12-30 00:00:00+00:00
[2025-12-30T23:52:12.243+0000] {processor.py:183} INFO - Processing /home/airflow/.local/lib/python3.12/site-packages/airflow/example_dags/example_short_circuit_decorator.py took 0.038 seconds
[2025-12-30T23:52:42.616+0000] {processor.py:161} INFO - Started process (PID=1223) to work on /home/airflow/.local/lib/python3.12/site-packages/airflow/example_dags/example_short_circuit_decorator.py
[2025-12-30T23:52:42.616+0000] {processor.py:830} INFO - Processing file /home/airflow/.local/lib/python3.12/site-packages/airflow/example_dags/example_short_circuit_decorator.py for tasks to queue
[2025-12-30T23:52:42.617+0000] {logging_mixin.py:188} INFO - [2025-12-30T23:52:42.617+0000] {dagbag.py:545} INFO - Filling up the DagBag from /home/airflow/.local/lib/python3.12/site-packages/airflow/example_dags/example_short_circuit_decorator.py
[2025-12-30T23:52:42.622+0000] {processor.py:840} INFO - DAG(s) 'example_short_circuit_decorator' retrieved from /home/airflow/.local/lib/python3.12/site-packages/airflow/example_dags/example_short_circuit_decorator.py
[2025-12-30T23:52:42.631+0000] {logging_mixin.py:188} INFO - [2025-12-30T23:52:42.631+0000] {dag.py:3096} INFO - Sync 1 DAGs
[2025-12-30T23:52:42.641+0000] {logging_mixin.py:188} INFO - [2025-12-30T23:52:42.641+0000] {dag.py:3954} INFO - Setting next_dagrun for example_short_circuit_decorator to 2025-12-29 00:00:00+00:00, run_after=2025-12-30 00:00:00+00:00
[2025-12-30T23:52:42.649+0000] {processor.py:183} INFO - Processing /home/airflow/.local/lib/python3.12/site-packages/airflow/example_dags/example_short_circuit_decorator.py took 0.036 seconds
[2025-12-30T23:53:13.110+0000] {processor.py:161} INFO - Started process (PID=1283) to work on /home/airflow/.local/lib/python3.12/site-packages/airflow/example_dags/example_short_circuit_decorator.py
[2025-12-30T23:53:13.111+0000] {processor.py:830} INFO - Processing file /home/airflow/.local/lib/python3.12/site-packages/airflow/example_dags/example_short_circuit_decorator.py for tasks to queue
[2025-12-30T23:53:13.113+0000] {logging_mixin.py:188} INFO - [2025-12-30T23:53:13.113+0000] {dagbag.py:545} INFO - Filling up the DagBag from /home/airflow/.local/lib/python3.12/site-packages/airflow/example_dags/example_short_circuit_decorator.py
[2025-12-30T23:53:13.118+0000] {processor.py:840} INFO - DAG(s) 'example_short_circuit_decorator' retrieved from /home/airflow/.local/lib/python3.12/site-packages/airflow/example_dags/example_short_circuit_decorator.py
[2025-12-30T23:53:13.142+0000] {logging_mixin.py:188} INFO - [2025-12-30T23:53:13.142+0000] {dag.py:3096} INFO - Sync 1 DAGs
[2025-12-30T23:53:13.156+0000] {logging_mixin.py:188} INFO - [2025-12-30T23:53:13.156+0000] {dag.py:3954} INFO - Setting next_dagrun for example_short_circuit_decorator to 2025-12-29 00:00:00+00:00, run_after=2025-12-30 00:00:00+00:00
[2025-12-30T23:53:13.166+0000] {processor.py:183} INFO - Processing /home/airflow/.local/lib/python3.12/site-packages/airflow/example_dags/example_short_circuit_decorator.py took 0.060 seconds
[2025-12-30T23:53:43.577+0000] {processor.py:161} INFO - Started process (PID=1343) to work on /home/airflow/.local/lib/python3.12/site-packages/airflow/example_dags/example_short_circuit_decorator.py
[2025-12-30T23:53:43.578+0000] {processor.py:830} INFO - Processing file /home/airflow/.local/lib/python3.12/site-packages/airflow/example_dags/example_short_circuit_decorator.py for tasks to queue
[2025-12-30T23:53:43.580+0000] {logging_mixin.py:188} INFO - [2025-12-30T23:53:43.579+0000] {dagbag.py:545} INFO - Filling up the DagBag from /home/airflow/.local/lib/python3.12/site-packages/airflow/example_dags/example_short_circuit_decorator.py
[2025-12-30T23:53:43.586+0000] {processor.py:840} INFO - DAG(s) 'example_short_circuit_decorator' retrieved from /home/airflow/.local/lib/python3.12/site-packages/airflow/example_dags/example_short_circuit_decorator.py
[2025-12-30T23:53:43.599+0000] {logging_mixin.py:188} INFO - [2025-12-30T23:53:43.598+0000] {dag.py:3096} INFO - Sync 1 DAGs
[2025-12-30T23:53:43.610+0000] {logging_mixin.py:188} INFO - [2025-12-30T23:53:43.610+0000] {dag.py:3954} INFO - Setting next_dagrun for example_short_circuit_decorator to 2025-12-29 00:00:00+00:00, run_after=2025-12-30 00:00:00+00:00
[2025-12-30T23:53:43.618+0000] {processor.py:183} INFO - Processing /home/airflow/.local/lib/python3.12/site-packages/airflow/example_dags/example_short_circuit_decorator.py took 0.048 seconds
[2025-12-30T23:54:13.715+0000] {processor.py:161} INFO - Started process (PID=1403) to work on /home/airflow/.local/lib/python3.12/site-packages/airflow/example_dags/example_short_circuit_decorator.py
[2025-12-30T23:54:13.715+0000] {processor.py:830} INFO - Processing file /home/airflow/.local/lib/python3.12/site-packages/airflow/example_dags/example_short_circuit_decorator.py for tasks to queue
[2025-12-30T23:54:13.716+0000] {logging_mixin.py:188} INFO - [2025-12-30T23:54:13.716+0000] {dagbag.py:545} INFO - Filling up the DagBag from /home/airflow/.local/lib/python3.12/site-packages/airflow/example_dags/example_short_circuit_decorator.py
[2025-12-30T23:54:13.721+0000] {processor.py:840} INFO - DAG(s) 'example_short_circuit_decorator' retrieved from /home/airflow/.local/lib/python3.12/site-packages/airflow/example_dags/example_short_circuit_decorator.py
[2025-12-30T23:54:13.732+0000] {logging_mixin.py:188} INFO - [2025-12-30T23:54:13.732+0000] {dag.py:3096} INFO - Sync 1 DAGs
[2025-12-30T23:54:13.743+0000] {logging_mixin.py:188} INFO - [2025-12-30T23:54:13.743+0000] {dag.py:3954} INFO - Setting next_dagrun for example_short_circuit_decorator to 2025-12-29 00:00:00+00:00, run_after=2025-12-30 00:00:00+00:00
[2025-12-30T23:54:13.753+0000] {processor.py:183} INFO - Processing /home/airflow/.local/lib/python3.12/site-packages/airflow/example_dags/example_short_circuit_decorator.py took 0.041 seconds
[2025-12-30T23:54:44.161+0000] {processor.py:161} INFO - Started process (PID=1463) to work on /home/airflow/.local/lib/python3.12/site-packages/airflow/example_dags/example_short_circuit_decorator.py
[2025-12-30T23:54:44.161+0000] {processor.py:830} INFO - Processing file /home/airflow/.local/lib/python3.12/site-packages/airflow/example_dags/example_short_circuit_decorator.py for tasks to queue
[2025-12-30T23:54:44.162+0000] {logging_mixin.py:188} INFO - [2025-12-30T23:54:44.162+0000] {dagbag.py:545} INFO - Filling up the DagBag from /home/airflow/.local/lib/python3.12/site-packages/airflow/example_dags/example_short_circuit_decorator.py
[2025-12-30T23:54:44.166+0000] {processor.py:840} INFO - DAG(s) 'example_short_circuit_decorator' retrieved from /home/airflow/.local/lib/python3.12/site-packages/airflow/example_dags/example_short_circuit_decorator.py
[2025-12-30T23:54:44.178+0000] {logging_mixin.py:188} INFO - [2025-12-30T23:54:44.178+0000] {dag.py:3096} INFO - Sync 1 DAGs
[2025-12-30T23:54:44.188+0000] {logging_mixin.py:188} INFO - [2025-12-30T23:54:44.187+0000] {dag.py:3954} INFO - Setting next_dagrun for example_short_circuit_decorator to 2025-12-29 00:00:00+00:00, run_after=2025-12-30 00:00:00+00:00
[2025-12-30T23:54:44.197+0000] {processor.py:183} INFO - Processing /home/airflow/.local/lib/python3.12/site-packages/airflow/example_dags/example_short_circuit_decorator.py took 0.039 seconds
[2025-12-30T23:55:14.307+0000] {processor.py:161} INFO - Started process (PID=1523) to work on /home/airflow/.local/lib/python3.12/site-packages/airflow/example_dags/example_short_circuit_decorator.py
[2025-12-30T23:55:14.309+0000] {processor.py:830} INFO - Processing file /home/airflow/.local/lib/python3.12/site-packages/airflow/example_dags/example_short_circuit_decorator.py for tasks to queue
[2025-12-30T23:55:14.310+0000] {logging_mixin.py:188} INFO - [2025-12-30T23:55:14.310+0000] {dagbag.py:545} INFO - Filling up the DagBag from /home/airflow/.local/lib/python3.12/site-packages/airflow/example_dags/example_short_circuit_decorator.py
[2025-12-30T23:55:14.315+0000] {processor.py:840} INFO - DAG(s) 'example_short_circuit_decorator' retrieved from /home/airflow/.local/lib/python3.12/site-packages/airflow/example_dags/example_short_circuit_decorator.py
[2025-12-30T23:55:14.327+0000] {logging_mixin.py:188} INFO - [2025-12-30T23:55:14.327+0000] {dag.py:3096} INFO - Sync 1 DAGs
[2025-12-30T23:55:14.337+0000] {logging_mixin.py:188} INFO - [2025-12-30T23:55:14.337+0000] {dag.py:3954} INFO - Setting next_dagrun for example_short_circuit_decorator to 2025-12-29 00:00:00+00:00, run_after=2025-12-30 00:00:00+00:00
[2025-12-30T23:55:14.348+0000] {processor.py:183} INFO - Processing /home/airflow/.local/lib/python3.12/site-packages/airflow/example_dags/example_short_circuit_decorator.py took 0.045 seconds
[2025-12-30T23:55:44.607+0000] {processor.py:161} INFO - Started process (PID=1582) to work on /home/airflow/.local/lib/python3.12/site-packages/airflow/example_dags/example_short_circuit_decorator.py
[2025-12-30T23:55:44.607+0000] {processor.py:830} INFO - Processing file /home/airflow/.local/lib/python3.12/site-packages/airflow/example_dags/example_short_circuit_decorator.py for tasks to queue
[2025-12-30T23:55:44.608+0000] {logging_mixin.py:188} INFO - [2025-12-30T23:55:44.608+0000] {dagbag.py:545} INFO - Filling up the DagBag from /home/airflow/.local/lib/python3.12/site-packages/airflow/example_dags/example_short_circuit_decorator.py
[2025-12-30T23:55:44.612+0000] {processor.py:840} INFO - DAG(s) 'example_short_circuit_decorator' retrieved from /home/airflow/.local/lib/python3.12/site-packages/airflow/example_dags/example_short_circuit_decorator.py
[2025-12-30T23:55:44.623+0000] {logging_mixin.py:188} INFO - [2025-12-30T23:55:44.623+0000] {dag.py:3096} INFO - Sync 1 DAGs
[2025-12-30T23:55:44.632+0000] {logging_mixin.py:188} INFO - [2025-12-30T23:55:44.632+0000] {dag.py:3954} INFO - Setting next_dagrun for example_short_circuit_decorator to 2025-12-29 00:00:00+00:00, run_after=2025-12-30 00:00:00+00:00
[2025-12-30T23:55:44.641+0000] {processor.py:183} INFO - Processing /home/airflow/.local/lib/python3.12/site-packages/airflow/example_dags/example_short_circuit_decorator.py took 0.037 seconds
[2025-12-30T23:56:14.997+0000] {processor.py:161} INFO - Started process (PID=1642) to work on /home/airflow/.local/lib/python3.12/site-packages/airflow/example_dags/example_short_circuit_decorator.py
[2025-12-30T23:56:14.997+0000] {processor.py:830} INFO - Processing file /home/airflow/.local/lib/python3.12/site-packages/airflow/example_dags/example_short_circuit_decorator.py for tasks to queue
[2025-12-30T23:56:14.998+0000] {logging_mixin.py:188} INFO - [2025-12-30T23:56:14.998+0000] {dagbag.py:545} INFO - Filling up the DagBag from /home/airflow/.local/lib/python3.12/site-packages/airflow/example_dags/example_short_circuit_decorator.py
[2025-12-30T23:56:15.002+0000] {processor.py:840} INFO - DAG(s) 'example_short_circuit_decorator' retrieved from /home/airflow/.local/lib/python3.12/site-packages/airflow/example_dags/example_short_circuit_decorator.py
[2025-12-30T23:56:15.012+0000] {logging_mixin.py:188} INFO - [2025-12-30T23:56:15.012+0000] {dag.py:3096} INFO - Sync 1 DAGs
[2025-12-30T23:56:15.022+0000] {logging_mixin.py:188} INFO - [2025-12-30T23:56:15.022+0000] {dag.py:3954} INFO - Setting next_dagrun for example_short_circuit_decorator to 2025-12-29 00:00:00+00:00, run_after=2025-12-30 00:00:00+00:00
[2025-12-30T23:56:15.030+0000] {processor.py:183} INFO - Processing /home/airflow/.local/lib/python3.12/site-packages/airflow/example_dags/example_short_circuit_decorator.py took 0.036 seconds
[2025-12-30T23:56:45.274+0000] {processor.py:161} INFO - Started process (PID=1702) to work on /home/airflow/.local/lib/python3.12/site-packages/airflow/example_dags/example_short_circuit_decorator.py
[2025-12-30T23:56:45.275+0000] {processor.py:830} INFO - Processing file /home/airflow/.local/lib/python3.12/site-packages/airflow/example_dags/example_short_circuit_decorator.py for tasks to queue
[2025-12-30T23:56:45.276+0000] {logging_mixin.py:188} INFO - [2025-12-30T23:56:45.276+0000] {dagbag.py:545} INFO - Filling up the DagBag from /home/airflow/.local/lib/python3.12/site-packages/airflow/example_dags/example_short_circuit_decorator.py
[2025-12-30T23:56:45.280+0000] {processor.py:840} INFO - DAG(s) 'example_short_circuit_decorator' retrieved from /home/airflow/.local/lib/python3.12/site-packages/airflow/example_dags/example_short_circuit_decorator.py
[2025-12-30T23:56:45.291+0000] {logging_mixin.py:188} INFO - [2025-12-30T23:56:45.291+0000] {dag.py:3096} INFO - Sync 1 DAGs
[2025-12-30T23:56:45.301+0000] {logging_mixin.py:188} INFO - [2025-12-30T23:56:45.301+0000] {dag.py:3954} INFO - Setting next_dagrun for example_short_circuit_decorator to 2025-12-29 00:00:00+00:00, run_after=2025-12-30 00:00:00+00:00
[2025-12-30T23:56:45.308+0000] {processor.py:183} INFO - Processing /home/airflow/.local/lib/python3.12/site-packages/airflow/example_dags/example_short_circuit_decorator.py took 0.037 seconds
[2025-12-30T23:57:15.774+0000] {processor.py:161} INFO - Started process (PID=1762) to work on /home/airflow/.local/lib/python3.12/site-packages/airflow/example_dags/example_short_circuit_decorator.py
[2025-12-30T23:57:15.774+0000] {processor.py:830} INFO - Processing file /home/airflow/.local/lib/python3.12/site-packages/airflow/example_dags/example_short_circuit_decorator.py for tasks to queue
[2025-12-30T23:57:15.775+0000] {logging_mixin.py:188} INFO - [2025-12-30T23:57:15.775+0000] {dagbag.py:545} INFO - Filling up the DagBag from /home/airflow/.local/lib/python3.12/site-packages/airflow/example_dags/example_short_circuit_decorator.py
[2025-12-30T23:57:15.779+0000] {processor.py:840} INFO - DAG(s) 'example_short_circuit_decorator' retrieved from /home/airflow/.local/lib/python3.12/site-packages/airflow/example_dags/example_short_circuit_decorator.py
[2025-12-30T23:57:15.790+0000] {logging_mixin.py:188} INFO - [2025-12-30T23:57:15.790+0000] {dag.py:3096} INFO - Sync 1 DAGs
[2025-12-30T23:57:15.799+0000] {logging_mixin.py:188} INFO - [2025-12-30T23:57:15.799+0000] {dag.py:3954} INFO - Setting next_dagrun for example_short_circuit_decorator to 2025-12-29 00:00:00+00:00, run_after=2025-12-30 00:00:00+00:00
[2025-12-30T23:57:15.806+0000] {processor.py:183} INFO - Processing /home/airflow/.local/lib/python3.12/site-packages/airflow/example_dags/example_short_circuit_decorator.py took 0.036 seconds
[2025-12-30T23:57:45.876+0000] {processor.py:161} INFO - Started process (PID=1822) to work on /home/airflow/.local/lib/python3.12/site-packages/airflow/example_dags/example_short_circuit_decorator.py
[2025-12-30T23:57:45.877+0000] {processor.py:830} INFO - Processing file /home/airflow/.local/lib/python3.12/site-packages/airflow/example_dags/example_short_circuit_decorator.py for tasks to queue
[2025-12-30T23:57:45.878+0000] {logging_mixin.py:188} INFO - [2025-12-30T23:57:45.878+0000] {dagbag.py:545} INFO - Filling up the DagBag from /home/airflow/.local/lib/python3.12/site-packages/airflow/example_dags/example_short_circuit_decorator.py
[2025-12-30T23:57:45.882+0000] {processor.py:840} INFO - DAG(s) 'example_short_circuit_decorator' retrieved from /home/airflow/.local/lib/python3.12/site-packages/airflow/example_dags/example_short_circuit_decorator.py
[2025-12-30T23:57:45.895+0000] {logging_mixin.py:188} INFO - [2025-12-30T23:57:45.895+0000] {dag.py:3096} INFO - Sync 1 DAGs
[2025-12-30T23:57:45.905+0000] {logging_mixin.py:188} INFO - [2025-12-30T23:57:45.904+0000] {dag.py:3954} INFO - Setting next_dagrun for example_short_circuit_decorator to 2025-12-29 00:00:00+00:00, run_after=2025-12-30 00:00:00+00:00
[2025-12-30T23:57:45.913+0000] {processor.py:183} INFO - Processing /home/airflow/.local/lib/python3.12/site-packages/airflow/example_dags/example_short_circuit_decorator.py took 0.040 seconds
[2025-12-30T23:58:15.964+0000] {processor.py:161} INFO - Started process (PID=1882) to work on /home/airflow/.local/lib/python3.12/site-packages/airflow/example_dags/example_short_circuit_decorator.py
[2025-12-30T23:58:15.965+0000] {processor.py:830} INFO - Processing file /home/airflow/.local/lib/python3.12/site-packages/airflow/example_dags/example_short_circuit_decorator.py for tasks to queue
[2025-12-30T23:58:15.966+0000] {logging_mixin.py:188} INFO - [2025-12-30T23:58:15.966+0000] {dagbag.py:545} INFO - Filling up the DagBag from /home/airflow/.local/lib/python3.12/site-packages/airflow/example_dags/example_short_circuit_decorator.py
[2025-12-30T23:58:15.971+0000] {processor.py:840} INFO - DAG(s) 'example_short_circuit_decorator' retrieved from /home/airflow/.local/lib/python3.12/site-packages/airflow/example_dags/example_short_circuit_decorator.py
[2025-12-30T23:58:15.985+0000] {logging_mixin.py:188} INFO - [2025-12-30T23:58:15.985+0000] {dag.py:3096} INFO - Sync 1 DAGs
[2025-12-30T23:58:15.995+0000] {logging_mixin.py:188} INFO - [2025-12-30T23:58:15.995+0000] {dag.py:3954} INFO - Setting next_dagrun for example_short_circuit_decorator to 2025-12-29 00:00:00+00:00, run_after=2025-12-30 00:00:00+00:00
[2025-12-30T23:58:16.003+0000] {processor.py:183} INFO - Processing /home/airflow/.local/lib/python3.12/site-packages/airflow/example_dags/example_short_circuit_decorator.py took 0.041 seconds
[2025-12-30T23:58:47.035+0000] {processor.py:161} INFO - Started process (PID=1942) to work on /home/airflow/.local/lib/python3.12/site-packages/airflow/example_dags/example_short_circuit_decorator.py
[2025-12-30T23:58:47.035+0000] {processor.py:830} INFO - Processing file /home/airflow/.local/lib/python3.12/site-packages/airflow/example_dags/example_short_circuit_decorator.py for tasks to queue
[2025-12-30T23:58:47.037+0000] {logging_mixin.py:188} INFO - [2025-12-30T23:58:47.037+0000] {dagbag.py:545} INFO - Filling up the DagBag from /home/airflow/.local/lib/python3.12/site-packages/airflow/example_dags/example_short_circuit_decorator.py
[2025-12-30T23:58:47.042+0000] {processor.py:840} INFO - DAG(s) 'example_short_circuit_decorator' retrieved from /home/airflow/.local/lib/python3.12/site-packages/airflow/example_dags/example_short_circuit_decorator.py
[2025-12-30T23:58:47.056+0000] {logging_mixin.py:188} INFO - [2025-12-30T23:58:47.056+0000] {dag.py:3096} INFO - Sync 1 DAGs
[2025-12-30T23:58:47.068+0000] {logging_mixin.py:188} INFO - [2025-12-30T23:58:47.068+0000] {dag.py:3954} INFO - Setting next_dagrun for example_short_circuit_decorator to 2025-12-29 00:00:00+00:00, run_after=2025-12-30 00:00:00+00:00
[2025-12-30T23:58:47.077+0000] {processor.py:183} INFO - Processing /home/airflow/.local/lib/python3.12/site-packages/airflow/example_dags/example_short_circuit_decorator.py took 0.046 seconds
[2025-12-30T23:59:18.368+0000] {processor.py:161} INFO - Started process (PID=2002) to work on /home/airflow/.local/lib/python3.12/site-packages/airflow/example_dags/example_short_circuit_decorator.py
[2025-12-30T23:59:18.368+0000] {processor.py:830} INFO - Processing file /home/airflow/.local/lib/python3.12/site-packages/airflow/example_dags/example_short_circuit_decorator.py for tasks to queue
[2025-12-30T23:59:18.370+0000] {logging_mixin.py:188} INFO - [2025-12-30T23:59:18.369+0000] {dagbag.py:545} INFO - Filling up the DagBag from /home/airflow/.local/lib/python3.12/site-packages/airflow/example_dags/example_short_circuit_decorator.py
[2025-12-30T23:59:18.374+0000] {processor.py:840} INFO - DAG(s) 'example_short_circuit_decorator' retrieved from /home/airflow/.local/lib/python3.12/site-packages/airflow/example_dags/example_short_circuit_decorator.py
[2025-12-30T23:59:18.386+0000] {logging_mixin.py:188} INFO - [2025-12-30T23:59:18.386+0000] {dag.py:3096} INFO - Sync 1 DAGs
[2025-12-30T23:59:18.495+0000] {logging_mixin.py:188} INFO - [2025-12-30T23:59:18.495+0000] {dag.py:3954} INFO - Setting next_dagrun for example_short_circuit_decorator to 2025-12-29 00:00:00+00:00, run_after=2025-12-30 00:00:00+00:00
[2025-12-30T23:59:18.503+0000] {processor.py:183} INFO - Processing /home/airflow/.local/lib/python3.12/site-packages/airflow/example_dags/example_short_circuit_decorator.py took 0.138 seconds
[2025-12-30T23:59:49.048+0000] {processor.py:161} INFO - Started process (PID=2062) to work on /home/airflow/.local/lib/python3.12/site-packages/airflow/example_dags/example_short_circuit_decorator.py
[2025-12-30T23:59:49.048+0000] {processor.py:830} INFO - Processing file /home/airflow/.local/lib/python3.12/site-packages/airflow/example_dags/example_short_circuit_decorator.py for tasks to queue
[2025-12-30T23:59:49.049+0000] {logging_mixin.py:188} INFO - [2025-12-30T23:59:49.049+0000] {dagbag.py:545} INFO - Filling up the DagBag from /home/airflow/.local/lib/python3.12/site-packages/airflow/example_dags/example_short_circuit_decorator.py
[2025-12-30T23:59:49.054+0000] {processor.py:840} INFO - DAG(s) 'example_short_circuit_decorator' retrieved from /home/airflow/.local/lib/python3.12/site-packages/airflow/example_dags/example_short_circuit_decorator.py
[2025-12-30T23:59:49.065+0000] {logging_mixin.py:188} INFO - [2025-12-30T23:59:49.065+0000] {dag.py:3096} INFO - Sync 1 DAGs
[2025-12-30T23:59:49.170+0000] {logging_mixin.py:188} INFO - [2025-12-30T23:59:49.169+0000] {dag.py:3954} INFO - Setting next_dagrun for example_short_circuit_decorator to 2025-12-29 00:00:00+00:00, run_after=2025-12-30 00:00:00+00:00
[2025-12-30T23:59:49.177+0000] {processor.py:183} INFO - Processing /home/airflow/.local/lib/python3.12/site-packages/airflow/example_dags/example_short_circuit_decorator.py took 0.132 seconds
