[2025-12-30T23:33:51.137+0000] {processor.py:161} INFO - Started process (PID=61) to work on /home/airflow/.local/lib/python3.12/site-packages/airflow/example_dags/example_branch_datetime_operator.py
[2025-12-30T23:33:51.150+0000] {processor.py:830} INFO - Processing file /home/airflow/.local/lib/python3.12/site-packages/airflow/example_dags/example_branch_datetime_operator.py for tasks to queue
[2025-12-30T23:33:51.164+0000] {logging_mixin.py:188} INFO - [2025-12-30T23:33:51.160+0000] {dagbag.py:545} INFO - Filling up the DagBag from /home/airflow/.local/lib/python3.12/site-packages/airflow/example_dags/example_branch_datetime_operator.py
[2025-12-30T23:33:51.204+0000] {processor.py:840} INFO - DAG(s) 'example_branch_datetime_operator_3', 'example_branch_datetime_operator_2', 'example_branch_datetime_operator' retrieved from /home/airflow/.local/lib/python3.12/site-packages/airflow/example_dags/example_branch_datetime_operator.py
[2025-12-30T23:33:51.225+0000] {logging_mixin.py:188} INFO - [2025-12-30T23:33:51.224+0000] {dag.py:3096} INFO - Sync 3 DAGs
[2025-12-30T23:33:51.246+0000] {logging_mixin.py:188} INFO - [2025-12-30T23:33:51.246+0000] {dag.py:3954} INFO - Setting next_dagrun for example_branch_datetime_operator to 2025-12-29 00:00:00+00:00, run_after=2025-12-30 00:00:00+00:00
[2025-12-30T23:33:51.249+0000] {logging_mixin.py:188} INFO - [2025-12-30T23:33:51.249+0000] {dag.py:3954} INFO - Setting next_dagrun for example_branch_datetime_operator_2 to 2025-12-29 00:00:00+00:00, run_after=2025-12-30 00:00:00+00:00
[2025-12-30T23:33:51.250+0000] {logging_mixin.py:188} INFO - [2025-12-30T23:33:51.250+0000] {dag.py:3954} INFO - Setting next_dagrun for example_branch_datetime_operator_3 to 2025-12-29 00:00:00+00:00, run_after=2025-12-30 00:00:00+00:00
[2025-12-30T23:33:51.262+0000] {processor.py:183} INFO - Processing /home/airflow/.local/lib/python3.12/site-packages/airflow/example_dags/example_branch_datetime_operator.py took 0.142 seconds
[2025-12-30T23:34:21.583+0000] {processor.py:161} INFO - Started process (PID=120) to work on /home/airflow/.local/lib/python3.12/site-packages/airflow/example_dags/example_branch_datetime_operator.py
[2025-12-30T23:34:21.584+0000] {processor.py:830} INFO - Processing file /home/airflow/.local/lib/python3.12/site-packages/airflow/example_dags/example_branch_datetime_operator.py for tasks to queue
[2025-12-30T23:34:21.586+0000] {logging_mixin.py:188} INFO - [2025-12-30T23:34:21.586+0000] {dagbag.py:545} INFO - Filling up the DagBag from /home/airflow/.local/lib/python3.12/site-packages/airflow/example_dags/example_branch_datetime_operator.py
[2025-12-30T23:34:21.595+0000] {processor.py:840} INFO - DAG(s) 'example_branch_datetime_operator_2', 'example_branch_datetime_operator', 'example_branch_datetime_operator_3' retrieved from /home/airflow/.local/lib/python3.12/site-packages/airflow/example_dags/example_branch_datetime_operator.py
[2025-12-30T23:34:21.658+0000] {logging_mixin.py:188} INFO - [2025-12-30T23:34:21.658+0000] {dag.py:3096} INFO - Sync 3 DAGs
[2025-12-30T23:34:21.666+0000] {logging_mixin.py:188} INFO - [2025-12-30T23:34:21.666+0000] {dag.py:3954} INFO - Setting next_dagrun for example_branch_datetime_operator to 2025-12-29 00:00:00+00:00, run_after=2025-12-30 00:00:00+00:00
[2025-12-30T23:34:21.668+0000] {logging_mixin.py:188} INFO - [2025-12-30T23:34:21.668+0000] {dag.py:3954} INFO - Setting next_dagrun for example_branch_datetime_operator_2 to 2025-12-29 00:00:00+00:00, run_after=2025-12-30 00:00:00+00:00
[2025-12-30T23:34:21.669+0000] {logging_mixin.py:188} INFO - [2025-12-30T23:34:21.669+0000] {dag.py:3954} INFO - Setting next_dagrun for example_branch_datetime_operator_3 to 2025-12-29 00:00:00+00:00, run_after=2025-12-30 00:00:00+00:00
[2025-12-30T23:34:21.676+0000] {processor.py:183} INFO - Processing /home/airflow/.local/lib/python3.12/site-packages/airflow/example_dags/example_branch_datetime_operator.py took 0.098 seconds
[2025-12-30T23:34:51.910+0000] {processor.py:161} INFO - Started process (PID=179) to work on /home/airflow/.local/lib/python3.12/site-packages/airflow/example_dags/example_branch_datetime_operator.py
[2025-12-30T23:34:51.911+0000] {processor.py:830} INFO - Processing file /home/airflow/.local/lib/python3.12/site-packages/airflow/example_dags/example_branch_datetime_operator.py for tasks to queue
[2025-12-30T23:34:51.912+0000] {logging_mixin.py:188} INFO - [2025-12-30T23:34:51.912+0000] {dagbag.py:545} INFO - Filling up the DagBag from /home/airflow/.local/lib/python3.12/site-packages/airflow/example_dags/example_branch_datetime_operator.py
[2025-12-30T23:34:51.917+0000] {processor.py:840} INFO - DAG(s) 'example_branch_datetime_operator_3', 'example_branch_datetime_operator', 'example_branch_datetime_operator_2' retrieved from /home/airflow/.local/lib/python3.12/site-packages/airflow/example_dags/example_branch_datetime_operator.py
[2025-12-30T23:34:51.933+0000] {logging_mixin.py:188} INFO - [2025-12-30T23:34:51.933+0000] {dag.py:3096} INFO - Sync 3 DAGs
[2025-12-30T23:34:51.944+0000] {logging_mixin.py:188} INFO - [2025-12-30T23:34:51.944+0000] {dag.py:3954} INFO - Setting next_dagrun for example_branch_datetime_operator to 2025-12-29 00:00:00+00:00, run_after=2025-12-30 00:00:00+00:00
[2025-12-30T23:34:51.946+0000] {logging_mixin.py:188} INFO - [2025-12-30T23:34:51.946+0000] {dag.py:3954} INFO - Setting next_dagrun for example_branch_datetime_operator_2 to 2025-12-29 00:00:00+00:00, run_after=2025-12-30 00:00:00+00:00
[2025-12-30T23:34:51.947+0000] {logging_mixin.py:188} INFO - [2025-12-30T23:34:51.947+0000] {dag.py:3954} INFO - Setting next_dagrun for example_branch_datetime_operator_3 to 2025-12-29 00:00:00+00:00, run_after=2025-12-30 00:00:00+00:00
[2025-12-30T23:34:51.955+0000] {processor.py:183} INFO - Processing /home/airflow/.local/lib/python3.12/site-packages/airflow/example_dags/example_branch_datetime_operator.py took 0.050 seconds
[2025-12-30T23:35:22.178+0000] {processor.py:161} INFO - Started process (PID=238) to work on /home/airflow/.local/lib/python3.12/site-packages/airflow/example_dags/example_branch_datetime_operator.py
[2025-12-30T23:35:22.179+0000] {processor.py:830} INFO - Processing file /home/airflow/.local/lib/python3.12/site-packages/airflow/example_dags/example_branch_datetime_operator.py for tasks to queue
[2025-12-30T23:35:22.180+0000] {logging_mixin.py:188} INFO - [2025-12-30T23:35:22.180+0000] {dagbag.py:545} INFO - Filling up the DagBag from /home/airflow/.local/lib/python3.12/site-packages/airflow/example_dags/example_branch_datetime_operator.py
[2025-12-30T23:35:22.185+0000] {processor.py:840} INFO - DAG(s) 'example_branch_datetime_operator_3', 'example_branch_datetime_operator', 'example_branch_datetime_operator_2' retrieved from /home/airflow/.local/lib/python3.12/site-packages/airflow/example_dags/example_branch_datetime_operator.py
[2025-12-30T23:35:22.197+0000] {logging_mixin.py:188} INFO - [2025-12-30T23:35:22.197+0000] {dag.py:3096} INFO - Sync 3 DAGs
[2025-12-30T23:35:22.208+0000] {logging_mixin.py:188} INFO - [2025-12-30T23:35:22.207+0000] {dag.py:3954} INFO - Setting next_dagrun for example_branch_datetime_operator to 2025-12-29 00:00:00+00:00, run_after=2025-12-30 00:00:00+00:00
[2025-12-30T23:35:22.210+0000] {logging_mixin.py:188} INFO - [2025-12-30T23:35:22.209+0000] {dag.py:3954} INFO - Setting next_dagrun for example_branch_datetime_operator_2 to 2025-12-29 00:00:00+00:00, run_after=2025-12-30 00:00:00+00:00
[2025-12-30T23:35:22.211+0000] {logging_mixin.py:188} INFO - [2025-12-30T23:35:22.211+0000] {dag.py:3954} INFO - Setting next_dagrun for example_branch_datetime_operator_3 to 2025-12-29 00:00:00+00:00, run_after=2025-12-30 00:00:00+00:00
[2025-12-30T23:35:22.222+0000] {processor.py:183} INFO - Processing /home/airflow/.local/lib/python3.12/site-packages/airflow/example_dags/example_branch_datetime_operator.py took 0.047 seconds
[2025-12-30T23:35:52.341+0000] {processor.py:161} INFO - Started process (PID=297) to work on /home/airflow/.local/lib/python3.12/site-packages/airflow/example_dags/example_branch_datetime_operator.py
[2025-12-30T23:35:52.342+0000] {processor.py:830} INFO - Processing file /home/airflow/.local/lib/python3.12/site-packages/airflow/example_dags/example_branch_datetime_operator.py for tasks to queue
[2025-12-30T23:35:52.346+0000] {logging_mixin.py:188} INFO - [2025-12-30T23:35:52.345+0000] {dagbag.py:545} INFO - Filling up the DagBag from /home/airflow/.local/lib/python3.12/site-packages/airflow/example_dags/example_branch_datetime_operator.py
[2025-12-30T23:35:52.353+0000] {processor.py:840} INFO - DAG(s) 'example_branch_datetime_operator_2', 'example_branch_datetime_operator_3', 'example_branch_datetime_operator' retrieved from /home/airflow/.local/lib/python3.12/site-packages/airflow/example_dags/example_branch_datetime_operator.py
[2025-12-30T23:35:52.381+0000] {logging_mixin.py:188} INFO - [2025-12-30T23:35:52.380+0000] {dag.py:3096} INFO - Sync 3 DAGs
[2025-12-30T23:35:52.395+0000] {logging_mixin.py:188} INFO - [2025-12-30T23:35:52.395+0000] {dag.py:3954} INFO - Setting next_dagrun for example_branch_datetime_operator to 2025-12-29 00:00:00+00:00, run_after=2025-12-30 00:00:00+00:00
[2025-12-30T23:35:52.398+0000] {logging_mixin.py:188} INFO - [2025-12-30T23:35:52.398+0000] {dag.py:3954} INFO - Setting next_dagrun for example_branch_datetime_operator_2 to 2025-12-29 00:00:00+00:00, run_after=2025-12-30 00:00:00+00:00
[2025-12-30T23:35:52.400+0000] {logging_mixin.py:188} INFO - [2025-12-30T23:35:52.400+0000] {dag.py:3954} INFO - Setting next_dagrun for example_branch_datetime_operator_3 to 2025-12-29 00:00:00+00:00, run_after=2025-12-30 00:00:00+00:00
[2025-12-30T23:35:52.410+0000] {processor.py:183} INFO - Processing /home/airflow/.local/lib/python3.12/site-packages/airflow/example_dags/example_branch_datetime_operator.py took 0.072 seconds
[2025-12-30T23:36:22.577+0000] {processor.py:161} INFO - Started process (PID=362) to work on /home/airflow/.local/lib/python3.12/site-packages/airflow/example_dags/example_branch_datetime_operator.py
[2025-12-30T23:36:22.578+0000] {processor.py:830} INFO - Processing file /home/airflow/.local/lib/python3.12/site-packages/airflow/example_dags/example_branch_datetime_operator.py for tasks to queue
[2025-12-30T23:36:22.579+0000] {logging_mixin.py:188} INFO - [2025-12-30T23:36:22.579+0000] {dagbag.py:545} INFO - Filling up the DagBag from /home/airflow/.local/lib/python3.12/site-packages/airflow/example_dags/example_branch_datetime_operator.py
[2025-12-30T23:36:22.585+0000] {processor.py:840} INFO - DAG(s) 'example_branch_datetime_operator_3', 'example_branch_datetime_operator_2', 'example_branch_datetime_operator' retrieved from /home/airflow/.local/lib/python3.12/site-packages/airflow/example_dags/example_branch_datetime_operator.py
[2025-12-30T23:36:22.602+0000] {logging_mixin.py:188} INFO - [2025-12-30T23:36:22.601+0000] {dag.py:3096} INFO - Sync 3 DAGs
[2025-12-30T23:36:22.615+0000] {logging_mixin.py:188} INFO - [2025-12-30T23:36:22.615+0000] {dag.py:3954} INFO - Setting next_dagrun for example_branch_datetime_operator to 2025-12-29 00:00:00+00:00, run_after=2025-12-30 00:00:00+00:00
[2025-12-30T23:36:22.617+0000] {logging_mixin.py:188} INFO - [2025-12-30T23:36:22.617+0000] {dag.py:3954} INFO - Setting next_dagrun for example_branch_datetime_operator_2 to 2025-12-29 00:00:00+00:00, run_after=2025-12-30 00:00:00+00:00
[2025-12-30T23:36:22.618+0000] {logging_mixin.py:188} INFO - [2025-12-30T23:36:22.618+0000] {dag.py:3954} INFO - Setting next_dagrun for example_branch_datetime_operator_3 to 2025-12-29 00:00:00+00:00, run_after=2025-12-30 00:00:00+00:00
[2025-12-30T23:36:22.625+0000] {processor.py:183} INFO - Processing /home/airflow/.local/lib/python3.12/site-packages/airflow/example_dags/example_branch_datetime_operator.py took 0.055 seconds
[2025-12-30T23:36:52.878+0000] {processor.py:161} INFO - Started process (PID=421) to work on /home/airflow/.local/lib/python3.12/site-packages/airflow/example_dags/example_branch_datetime_operator.py
[2025-12-30T23:36:52.878+0000] {processor.py:830} INFO - Processing file /home/airflow/.local/lib/python3.12/site-packages/airflow/example_dags/example_branch_datetime_operator.py for tasks to queue
[2025-12-30T23:36:52.879+0000] {logging_mixin.py:188} INFO - [2025-12-30T23:36:52.879+0000] {dagbag.py:545} INFO - Filling up the DagBag from /home/airflow/.local/lib/python3.12/site-packages/airflow/example_dags/example_branch_datetime_operator.py
[2025-12-30T23:36:52.885+0000] {processor.py:840} INFO - DAG(s) 'example_branch_datetime_operator_2', 'example_branch_datetime_operator', 'example_branch_datetime_operator_3' retrieved from /home/airflow/.local/lib/python3.12/site-packages/airflow/example_dags/example_branch_datetime_operator.py
[2025-12-30T23:36:52.899+0000] {logging_mixin.py:188} INFO - [2025-12-30T23:36:52.898+0000] {dag.py:3096} INFO - Sync 3 DAGs
[2025-12-30T23:36:52.910+0000] {logging_mixin.py:188} INFO - [2025-12-30T23:36:52.910+0000] {dag.py:3954} INFO - Setting next_dagrun for example_branch_datetime_operator to 2025-12-29 00:00:00+00:00, run_after=2025-12-30 00:00:00+00:00
[2025-12-30T23:36:52.912+0000] {logging_mixin.py:188} INFO - [2025-12-30T23:36:52.912+0000] {dag.py:3954} INFO - Setting next_dagrun for example_branch_datetime_operator_2 to 2025-12-29 00:00:00+00:00, run_after=2025-12-30 00:00:00+00:00
[2025-12-30T23:36:52.913+0000] {logging_mixin.py:188} INFO - [2025-12-30T23:36:52.913+0000] {dag.py:3954} INFO - Setting next_dagrun for example_branch_datetime_operator_3 to 2025-12-29 00:00:00+00:00, run_after=2025-12-30 00:00:00+00:00
[2025-12-30T23:36:52.920+0000] {processor.py:183} INFO - Processing /home/airflow/.local/lib/python3.12/site-packages/airflow/example_dags/example_branch_datetime_operator.py took 0.045 seconds
[2025-12-30T23:37:23.337+0000] {processor.py:161} INFO - Started process (PID=480) to work on /home/airflow/.local/lib/python3.12/site-packages/airflow/example_dags/example_branch_datetime_operator.py
[2025-12-30T23:37:23.338+0000] {processor.py:830} INFO - Processing file /home/airflow/.local/lib/python3.12/site-packages/airflow/example_dags/example_branch_datetime_operator.py for tasks to queue
[2025-12-30T23:37:23.339+0000] {logging_mixin.py:188} INFO - [2025-12-30T23:37:23.339+0000] {dagbag.py:545} INFO - Filling up the DagBag from /home/airflow/.local/lib/python3.12/site-packages/airflow/example_dags/example_branch_datetime_operator.py
[2025-12-30T23:37:23.349+0000] {processor.py:840} INFO - DAG(s) 'example_branch_datetime_operator_2', 'example_branch_datetime_operator', 'example_branch_datetime_operator_3' retrieved from /home/airflow/.local/lib/python3.12/site-packages/airflow/example_dags/example_branch_datetime_operator.py
[2025-12-30T23:37:23.365+0000] {logging_mixin.py:188} INFO - [2025-12-30T23:37:23.364+0000] {dag.py:3096} INFO - Sync 3 DAGs
[2025-12-30T23:37:23.382+0000] {logging_mixin.py:188} INFO - [2025-12-30T23:37:23.382+0000] {dag.py:3954} INFO - Setting next_dagrun for example_branch_datetime_operator to 2025-12-29 00:00:00+00:00, run_after=2025-12-30 00:00:00+00:00
[2025-12-30T23:37:23.386+0000] {logging_mixin.py:188} INFO - [2025-12-30T23:37:23.386+0000] {dag.py:3954} INFO - Setting next_dagrun for example_branch_datetime_operator_2 to 2025-12-29 00:00:00+00:00, run_after=2025-12-30 00:00:00+00:00
[2025-12-30T23:37:23.389+0000] {logging_mixin.py:188} INFO - [2025-12-30T23:37:23.389+0000] {dag.py:3954} INFO - Setting next_dagrun for example_branch_datetime_operator_3 to 2025-12-29 00:00:00+00:00, run_after=2025-12-30 00:00:00+00:00
[2025-12-30T23:37:23.400+0000] {processor.py:183} INFO - Processing /home/airflow/.local/lib/python3.12/site-packages/airflow/example_dags/example_branch_datetime_operator.py took 0.067 seconds
[2025-12-30T23:37:53.641+0000] {processor.py:161} INFO - Started process (PID=539) to work on /home/airflow/.local/lib/python3.12/site-packages/airflow/example_dags/example_branch_datetime_operator.py
[2025-12-30T23:37:53.644+0000] {processor.py:830} INFO - Processing file /home/airflow/.local/lib/python3.12/site-packages/airflow/example_dags/example_branch_datetime_operator.py for tasks to queue
[2025-12-30T23:37:53.648+0000] {logging_mixin.py:188} INFO - [2025-12-30T23:37:53.647+0000] {dagbag.py:545} INFO - Filling up the DagBag from /home/airflow/.local/lib/python3.12/site-packages/airflow/example_dags/example_branch_datetime_operator.py
[2025-12-30T23:37:53.656+0000] {processor.py:840} INFO - DAG(s) 'example_branch_datetime_operator_2', 'example_branch_datetime_operator_3', 'example_branch_datetime_operator' retrieved from /home/airflow/.local/lib/python3.12/site-packages/airflow/example_dags/example_branch_datetime_operator.py
[2025-12-30T23:37:53.680+0000] {logging_mixin.py:188} INFO - [2025-12-30T23:37:53.680+0000] {dag.py:3096} INFO - Sync 3 DAGs
[2025-12-30T23:37:53.697+0000] {logging_mixin.py:188} INFO - [2025-12-30T23:37:53.696+0000] {dag.py:3954} INFO - Setting next_dagrun for example_branch_datetime_operator to 2025-12-29 00:00:00+00:00, run_after=2025-12-30 00:00:00+00:00
[2025-12-30T23:37:53.705+0000] {logging_mixin.py:188} INFO - [2025-12-30T23:37:53.704+0000] {dag.py:3954} INFO - Setting next_dagrun for example_branch_datetime_operator_2 to 2025-12-29 00:00:00+00:00, run_after=2025-12-30 00:00:00+00:00
[2025-12-30T23:37:53.708+0000] {logging_mixin.py:188} INFO - [2025-12-30T23:37:53.708+0000] {dag.py:3954} INFO - Setting next_dagrun for example_branch_datetime_operator_3 to 2025-12-29 00:00:00+00:00, run_after=2025-12-30 00:00:00+00:00
[2025-12-30T23:37:53.717+0000] {processor.py:183} INFO - Processing /home/airflow/.local/lib/python3.12/site-packages/airflow/example_dags/example_branch_datetime_operator.py took 0.082 seconds
[2025-12-30T23:38:24.192+0000] {processor.py:161} INFO - Started process (PID=598) to work on /home/airflow/.local/lib/python3.12/site-packages/airflow/example_dags/example_branch_datetime_operator.py
[2025-12-30T23:38:24.193+0000] {processor.py:830} INFO - Processing file /home/airflow/.local/lib/python3.12/site-packages/airflow/example_dags/example_branch_datetime_operator.py for tasks to queue
[2025-12-30T23:38:24.194+0000] {logging_mixin.py:188} INFO - [2025-12-30T23:38:24.194+0000] {dagbag.py:545} INFO - Filling up the DagBag from /home/airflow/.local/lib/python3.12/site-packages/airflow/example_dags/example_branch_datetime_operator.py
[2025-12-30T23:38:24.199+0000] {processor.py:840} INFO - DAG(s) 'example_branch_datetime_operator_2', 'example_branch_datetime_operator', 'example_branch_datetime_operator_3' retrieved from /home/airflow/.local/lib/python3.12/site-packages/airflow/example_dags/example_branch_datetime_operator.py
[2025-12-30T23:38:24.211+0000] {logging_mixin.py:188} INFO - [2025-12-30T23:38:24.211+0000] {dag.py:3096} INFO - Sync 3 DAGs
[2025-12-30T23:38:24.221+0000] {logging_mixin.py:188} INFO - [2025-12-30T23:38:24.221+0000] {dag.py:3954} INFO - Setting next_dagrun for example_branch_datetime_operator to 2025-12-29 00:00:00+00:00, run_after=2025-12-30 00:00:00+00:00
[2025-12-30T23:38:24.223+0000] {logging_mixin.py:188} INFO - [2025-12-30T23:38:24.223+0000] {dag.py:3954} INFO - Setting next_dagrun for example_branch_datetime_operator_2 to 2025-12-29 00:00:00+00:00, run_after=2025-12-30 00:00:00+00:00
[2025-12-30T23:38:24.224+0000] {logging_mixin.py:188} INFO - [2025-12-30T23:38:24.224+0000] {dag.py:3954} INFO - Setting next_dagrun for example_branch_datetime_operator_3 to 2025-12-29 00:00:00+00:00, run_after=2025-12-30 00:00:00+00:00
[2025-12-30T23:38:24.230+0000] {processor.py:183} INFO - Processing /home/airflow/.local/lib/python3.12/site-packages/airflow/example_dags/example_branch_datetime_operator.py took 0.041 seconds
[2025-12-30T23:38:54.629+0000] {processor.py:161} INFO - Started process (PID=657) to work on /home/airflow/.local/lib/python3.12/site-packages/airflow/example_dags/example_branch_datetime_operator.py
[2025-12-30T23:38:54.629+0000] {processor.py:830} INFO - Processing file /home/airflow/.local/lib/python3.12/site-packages/airflow/example_dags/example_branch_datetime_operator.py for tasks to queue
[2025-12-30T23:38:54.630+0000] {logging_mixin.py:188} INFO - [2025-12-30T23:38:54.630+0000] {dagbag.py:545} INFO - Filling up the DagBag from /home/airflow/.local/lib/python3.12/site-packages/airflow/example_dags/example_branch_datetime_operator.py
[2025-12-30T23:38:54.635+0000] {processor.py:840} INFO - DAG(s) 'example_branch_datetime_operator_2', 'example_branch_datetime_operator', 'example_branch_datetime_operator_3' retrieved from /home/airflow/.local/lib/python3.12/site-packages/airflow/example_dags/example_branch_datetime_operator.py
[2025-12-30T23:38:54.649+0000] {logging_mixin.py:188} INFO - [2025-12-30T23:38:54.649+0000] {dag.py:3096} INFO - Sync 3 DAGs
[2025-12-30T23:38:54.660+0000] {logging_mixin.py:188} INFO - [2025-12-30T23:38:54.660+0000] {dag.py:3954} INFO - Setting next_dagrun for example_branch_datetime_operator to 2025-12-29 00:00:00+00:00, run_after=2025-12-30 00:00:00+00:00
[2025-12-30T23:38:54.662+0000] {logging_mixin.py:188} INFO - [2025-12-30T23:38:54.662+0000] {dag.py:3954} INFO - Setting next_dagrun for example_branch_datetime_operator_2 to 2025-12-29 00:00:00+00:00, run_after=2025-12-30 00:00:00+00:00
[2025-12-30T23:38:54.663+0000] {logging_mixin.py:188} INFO - [2025-12-30T23:38:54.663+0000] {dag.py:3954} INFO - Setting next_dagrun for example_branch_datetime_operator_3 to 2025-12-29 00:00:00+00:00, run_after=2025-12-30 00:00:00+00:00
[2025-12-30T23:38:54.671+0000] {processor.py:183} INFO - Processing /home/airflow/.local/lib/python3.12/site-packages/airflow/example_dags/example_branch_datetime_operator.py took 0.046 seconds
[2025-12-30T23:39:24.939+0000] {processor.py:161} INFO - Started process (PID=716) to work on /home/airflow/.local/lib/python3.12/site-packages/airflow/example_dags/example_branch_datetime_operator.py
[2025-12-30T23:39:24.939+0000] {processor.py:830} INFO - Processing file /home/airflow/.local/lib/python3.12/site-packages/airflow/example_dags/example_branch_datetime_operator.py for tasks to queue
[2025-12-30T23:39:24.940+0000] {logging_mixin.py:188} INFO - [2025-12-30T23:39:24.940+0000] {dagbag.py:545} INFO - Filling up the DagBag from /home/airflow/.local/lib/python3.12/site-packages/airflow/example_dags/example_branch_datetime_operator.py
[2025-12-30T23:39:24.946+0000] {processor.py:840} INFO - DAG(s) 'example_branch_datetime_operator_2', 'example_branch_datetime_operator_3', 'example_branch_datetime_operator' retrieved from /home/airflow/.local/lib/python3.12/site-packages/airflow/example_dags/example_branch_datetime_operator.py
[2025-12-30T23:39:24.961+0000] {logging_mixin.py:188} INFO - [2025-12-30T23:39:24.961+0000] {dag.py:3096} INFO - Sync 3 DAGs
[2025-12-30T23:39:24.972+0000] {logging_mixin.py:188} INFO - [2025-12-30T23:39:24.972+0000] {dag.py:3954} INFO - Setting next_dagrun for example_branch_datetime_operator to 2025-12-29 00:00:00+00:00, run_after=2025-12-30 00:00:00+00:00
[2025-12-30T23:39:24.974+0000] {logging_mixin.py:188} INFO - [2025-12-30T23:39:24.974+0000] {dag.py:3954} INFO - Setting next_dagrun for example_branch_datetime_operator_2 to 2025-12-29 00:00:00+00:00, run_after=2025-12-30 00:00:00+00:00
[2025-12-30T23:39:24.975+0000] {logging_mixin.py:188} INFO - [2025-12-30T23:39:24.975+0000] {dag.py:3954} INFO - Setting next_dagrun for example_branch_datetime_operator_3 to 2025-12-29 00:00:00+00:00, run_after=2025-12-30 00:00:00+00:00
[2025-12-30T23:39:24.982+0000] {processor.py:183} INFO - Processing /home/airflow/.local/lib/python3.12/site-packages/airflow/example_dags/example_branch_datetime_operator.py took 0.047 seconds
[2025-12-30T23:39:55.294+0000] {processor.py:161} INFO - Started process (PID=775) to work on /home/airflow/.local/lib/python3.12/site-packages/airflow/example_dags/example_branch_datetime_operator.py
[2025-12-30T23:39:55.294+0000] {processor.py:830} INFO - Processing file /home/airflow/.local/lib/python3.12/site-packages/airflow/example_dags/example_branch_datetime_operator.py for tasks to queue
[2025-12-30T23:39:55.295+0000] {logging_mixin.py:188} INFO - [2025-12-30T23:39:55.295+0000] {dagbag.py:545} INFO - Filling up the DagBag from /home/airflow/.local/lib/python3.12/site-packages/airflow/example_dags/example_branch_datetime_operator.py
[2025-12-30T23:39:55.300+0000] {processor.py:840} INFO - DAG(s) 'example_branch_datetime_operator_2', 'example_branch_datetime_operator', 'example_branch_datetime_operator_3' retrieved from /home/airflow/.local/lib/python3.12/site-packages/airflow/example_dags/example_branch_datetime_operator.py
[2025-12-30T23:39:55.313+0000] {logging_mixin.py:188} INFO - [2025-12-30T23:39:55.313+0000] {dag.py:3096} INFO - Sync 3 DAGs
[2025-12-30T23:39:55.323+0000] {logging_mixin.py:188} INFO - [2025-12-30T23:39:55.323+0000] {dag.py:3954} INFO - Setting next_dagrun for example_branch_datetime_operator to 2025-12-29 00:00:00+00:00, run_after=2025-12-30 00:00:00+00:00
[2025-12-30T23:39:55.325+0000] {logging_mixin.py:188} INFO - [2025-12-30T23:39:55.325+0000] {dag.py:3954} INFO - Setting next_dagrun for example_branch_datetime_operator_2 to 2025-12-29 00:00:00+00:00, run_after=2025-12-30 00:00:00+00:00
[2025-12-30T23:39:55.326+0000] {logging_mixin.py:188} INFO - [2025-12-30T23:39:55.326+0000] {dag.py:3954} INFO - Setting next_dagrun for example_branch_datetime_operator_3 to 2025-12-29 00:00:00+00:00, run_after=2025-12-30 00:00:00+00:00
[2025-12-30T23:39:55.333+0000] {processor.py:183} INFO - Processing /home/airflow/.local/lib/python3.12/site-packages/airflow/example_dags/example_branch_datetime_operator.py took 0.042 seconds
[2025-12-30T23:40:25.641+0000] {processor.py:161} INFO - Started process (PID=834) to work on /home/airflow/.local/lib/python3.12/site-packages/airflow/example_dags/example_branch_datetime_operator.py
[2025-12-30T23:40:25.642+0000] {processor.py:830} INFO - Processing file /home/airflow/.local/lib/python3.12/site-packages/airflow/example_dags/example_branch_datetime_operator.py for tasks to queue
[2025-12-30T23:40:25.643+0000] {logging_mixin.py:188} INFO - [2025-12-30T23:40:25.643+0000] {dagbag.py:545} INFO - Filling up the DagBag from /home/airflow/.local/lib/python3.12/site-packages/airflow/example_dags/example_branch_datetime_operator.py
[2025-12-30T23:40:25.647+0000] {processor.py:840} INFO - DAG(s) 'example_branch_datetime_operator_2', 'example_branch_datetime_operator_3', 'example_branch_datetime_operator' retrieved from /home/airflow/.local/lib/python3.12/site-packages/airflow/example_dags/example_branch_datetime_operator.py
[2025-12-30T23:40:25.659+0000] {logging_mixin.py:188} INFO - [2025-12-30T23:40:25.659+0000] {dag.py:3096} INFO - Sync 3 DAGs
[2025-12-30T23:40:25.669+0000] {logging_mixin.py:188} INFO - [2025-12-30T23:40:25.669+0000] {dag.py:3954} INFO - Setting next_dagrun for example_branch_datetime_operator to 2025-12-29 00:00:00+00:00, run_after=2025-12-30 00:00:00+00:00
[2025-12-30T23:40:25.671+0000] {logging_mixin.py:188} INFO - [2025-12-30T23:40:25.671+0000] {dag.py:3954} INFO - Setting next_dagrun for example_branch_datetime_operator_2 to 2025-12-29 00:00:00+00:00, run_after=2025-12-30 00:00:00+00:00
[2025-12-30T23:40:25.673+0000] {logging_mixin.py:188} INFO - [2025-12-30T23:40:25.673+0000] {dag.py:3954} INFO - Setting next_dagrun for example_branch_datetime_operator_3 to 2025-12-29 00:00:00+00:00, run_after=2025-12-30 00:00:00+00:00
[2025-12-30T23:40:25.683+0000] {processor.py:183} INFO - Processing /home/airflow/.local/lib/python3.12/site-packages/airflow/example_dags/example_branch_datetime_operator.py took 0.045 seconds
[2025-12-30T23:40:56.032+0000] {processor.py:161} INFO - Started process (PID=894) to work on /home/airflow/.local/lib/python3.12/site-packages/airflow/example_dags/example_branch_datetime_operator.py
[2025-12-30T23:40:56.033+0000] {processor.py:830} INFO - Processing file /home/airflow/.local/lib/python3.12/site-packages/airflow/example_dags/example_branch_datetime_operator.py for tasks to queue
[2025-12-30T23:40:56.035+0000] {logging_mixin.py:188} INFO - [2025-12-30T23:40:56.035+0000] {dagbag.py:545} INFO - Filling up the DagBag from /home/airflow/.local/lib/python3.12/site-packages/airflow/example_dags/example_branch_datetime_operator.py
[2025-12-30T23:40:56.048+0000] {processor.py:840} INFO - DAG(s) 'example_branch_datetime_operator_2', 'example_branch_datetime_operator', 'example_branch_datetime_operator_3' retrieved from /home/airflow/.local/lib/python3.12/site-packages/airflow/example_dags/example_branch_datetime_operator.py
[2025-12-30T23:40:56.078+0000] {logging_mixin.py:188} INFO - [2025-12-30T23:40:56.078+0000] {dag.py:3096} INFO - Sync 3 DAGs
[2025-12-30T23:40:56.098+0000] {logging_mixin.py:188} INFO - [2025-12-30T23:40:56.097+0000] {dag.py:3954} INFO - Setting next_dagrun for example_branch_datetime_operator to 2025-12-29 00:00:00+00:00, run_after=2025-12-30 00:00:00+00:00
[2025-12-30T23:40:56.101+0000] {logging_mixin.py:188} INFO - [2025-12-30T23:40:56.101+0000] {dag.py:3954} INFO - Setting next_dagrun for example_branch_datetime_operator_2 to 2025-12-29 00:00:00+00:00, run_after=2025-12-30 00:00:00+00:00
[2025-12-30T23:40:56.104+0000] {logging_mixin.py:188} INFO - [2025-12-30T23:40:56.104+0000] {dag.py:3954} INFO - Setting next_dagrun for example_branch_datetime_operator_3 to 2025-12-29 00:00:00+00:00, run_after=2025-12-30 00:00:00+00:00
[2025-12-30T23:40:56.120+0000] {processor.py:183} INFO - Processing /home/airflow/.local/lib/python3.12/site-packages/airflow/example_dags/example_branch_datetime_operator.py took 0.094 seconds
[2025-12-30T23:42:58.201+0000] {processor.py:161} INFO - Started process (PID=60) to work on /home/airflow/.local/lib/python3.12/site-packages/airflow/example_dags/example_branch_datetime_operator.py
[2025-12-30T23:42:58.202+0000] {processor.py:830} INFO - Processing file /home/airflow/.local/lib/python3.12/site-packages/airflow/example_dags/example_branch_datetime_operator.py for tasks to queue
[2025-12-30T23:42:58.205+0000] {logging_mixin.py:188} INFO - [2025-12-30T23:42:58.205+0000] {dagbag.py:545} INFO - Filling up the DagBag from /home/airflow/.local/lib/python3.12/site-packages/airflow/example_dags/example_branch_datetime_operator.py
[2025-12-30T23:42:58.214+0000] {processor.py:840} INFO - DAG(s) 'example_branch_datetime_operator_2', 'example_branch_datetime_operator', 'example_branch_datetime_operator_3' retrieved from /home/airflow/.local/lib/python3.12/site-packages/airflow/example_dags/example_branch_datetime_operator.py
[2025-12-30T23:42:58.244+0000] {logging_mixin.py:188} INFO - [2025-12-30T23:42:58.242+0000] {dag.py:3096} INFO - Sync 3 DAGs
[2025-12-30T23:42:58.279+0000] {logging_mixin.py:188} INFO - [2025-12-30T23:42:58.279+0000] {dag.py:3954} INFO - Setting next_dagrun for example_branch_datetime_operator to 2025-12-29 00:00:00+00:00, run_after=2025-12-30 00:00:00+00:00
[2025-12-30T23:42:58.281+0000] {logging_mixin.py:188} INFO - [2025-12-30T23:42:58.281+0000] {dag.py:3954} INFO - Setting next_dagrun for example_branch_datetime_operator_2 to 2025-12-29 00:00:00+00:00, run_after=2025-12-30 00:00:00+00:00
[2025-12-30T23:42:58.283+0000] {logging_mixin.py:188} INFO - [2025-12-30T23:42:58.283+0000] {dag.py:3954} INFO - Setting next_dagrun for example_branch_datetime_operator_3 to 2025-12-29 00:00:00+00:00, run_after=2025-12-30 00:00:00+00:00
[2025-12-30T23:42:58.297+0000] {processor.py:183} INFO - Processing /home/airflow/.local/lib/python3.12/site-packages/airflow/example_dags/example_branch_datetime_operator.py took 0.103 seconds
[2025-12-30T23:43:28.912+0000] {processor.py:161} INFO - Started process (PID=120) to work on /home/airflow/.local/lib/python3.12/site-packages/airflow/example_dags/example_branch_datetime_operator.py
[2025-12-30T23:43:28.913+0000] {processor.py:830} INFO - Processing file /home/airflow/.local/lib/python3.12/site-packages/airflow/example_dags/example_branch_datetime_operator.py for tasks to queue
[2025-12-30T23:43:28.914+0000] {logging_mixin.py:188} INFO - [2025-12-30T23:43:28.914+0000] {dagbag.py:545} INFO - Filling up the DagBag from /home/airflow/.local/lib/python3.12/site-packages/airflow/example_dags/example_branch_datetime_operator.py
[2025-12-30T23:43:28.920+0000] {processor.py:840} INFO - DAG(s) 'example_branch_datetime_operator_3', 'example_branch_datetime_operator', 'example_branch_datetime_operator_2' retrieved from /home/airflow/.local/lib/python3.12/site-packages/airflow/example_dags/example_branch_datetime_operator.py
[2025-12-30T23:43:28.981+0000] {logging_mixin.py:188} INFO - [2025-12-30T23:43:28.981+0000] {dag.py:3096} INFO - Sync 3 DAGs
[2025-12-30T23:43:28.997+0000] {logging_mixin.py:188} INFO - [2025-12-30T23:43:28.997+0000] {dag.py:3954} INFO - Setting next_dagrun for example_branch_datetime_operator to 2025-12-29 00:00:00+00:00, run_after=2025-12-30 00:00:00+00:00
[2025-12-30T23:43:28.999+0000] {logging_mixin.py:188} INFO - [2025-12-30T23:43:28.999+0000] {dag.py:3954} INFO - Setting next_dagrun for example_branch_datetime_operator_2 to 2025-12-29 00:00:00+00:00, run_after=2025-12-30 00:00:00+00:00
[2025-12-30T23:43:29.001+0000] {logging_mixin.py:188} INFO - [2025-12-30T23:43:29.001+0000] {dag.py:3954} INFO - Setting next_dagrun for example_branch_datetime_operator_3 to 2025-12-29 00:00:00+00:00, run_after=2025-12-30 00:00:00+00:00
[2025-12-30T23:43:29.015+0000] {processor.py:183} INFO - Processing /home/airflow/.local/lib/python3.12/site-packages/airflow/example_dags/example_branch_datetime_operator.py took 0.106 seconds
[2025-12-30T23:43:59.677+0000] {processor.py:161} INFO - Started process (PID=186) to work on /home/airflow/.local/lib/python3.12/site-packages/airflow/example_dags/example_branch_datetime_operator.py
[2025-12-30T23:43:59.678+0000] {processor.py:830} INFO - Processing file /home/airflow/.local/lib/python3.12/site-packages/airflow/example_dags/example_branch_datetime_operator.py for tasks to queue
[2025-12-30T23:43:59.679+0000] {logging_mixin.py:188} INFO - [2025-12-30T23:43:59.678+0000] {dagbag.py:545} INFO - Filling up the DagBag from /home/airflow/.local/lib/python3.12/site-packages/airflow/example_dags/example_branch_datetime_operator.py
[2025-12-30T23:43:59.684+0000] {processor.py:840} INFO - DAG(s) 'example_branch_datetime_operator', 'example_branch_datetime_operator_2', 'example_branch_datetime_operator_3' retrieved from /home/airflow/.local/lib/python3.12/site-packages/airflow/example_dags/example_branch_datetime_operator.py
[2025-12-30T23:43:59.699+0000] {logging_mixin.py:188} INFO - [2025-12-30T23:43:59.698+0000] {dag.py:3096} INFO - Sync 3 DAGs
[2025-12-30T23:43:59.712+0000] {logging_mixin.py:188} INFO - [2025-12-30T23:43:59.712+0000] {dag.py:3954} INFO - Setting next_dagrun for example_branch_datetime_operator to 2025-12-29 00:00:00+00:00, run_after=2025-12-30 00:00:00+00:00
[2025-12-30T23:43:59.714+0000] {logging_mixin.py:188} INFO - [2025-12-30T23:43:59.714+0000] {dag.py:3954} INFO - Setting next_dagrun for example_branch_datetime_operator_2 to 2025-12-29 00:00:00+00:00, run_after=2025-12-30 00:00:00+00:00
[2025-12-30T23:43:59.715+0000] {logging_mixin.py:188} INFO - [2025-12-30T23:43:59.715+0000] {dag.py:3954} INFO - Setting next_dagrun for example_branch_datetime_operator_3 to 2025-12-29 00:00:00+00:00, run_after=2025-12-30 00:00:00+00:00
[2025-12-30T23:43:59.723+0000] {processor.py:183} INFO - Processing /home/airflow/.local/lib/python3.12/site-packages/airflow/example_dags/example_branch_datetime_operator.py took 0.050 seconds
[2025-12-30T23:44:29.911+0000] {processor.py:161} INFO - Started process (PID=246) to work on /home/airflow/.local/lib/python3.12/site-packages/airflow/example_dags/example_branch_datetime_operator.py
[2025-12-30T23:44:29.912+0000] {processor.py:830} INFO - Processing file /home/airflow/.local/lib/python3.12/site-packages/airflow/example_dags/example_branch_datetime_operator.py for tasks to queue
[2025-12-30T23:44:29.913+0000] {logging_mixin.py:188} INFO - [2025-12-30T23:44:29.913+0000] {dagbag.py:545} INFO - Filling up the DagBag from /home/airflow/.local/lib/python3.12/site-packages/airflow/example_dags/example_branch_datetime_operator.py
[2025-12-30T23:44:29.918+0000] {processor.py:840} INFO - DAG(s) 'example_branch_datetime_operator_3', 'example_branch_datetime_operator', 'example_branch_datetime_operator_2' retrieved from /home/airflow/.local/lib/python3.12/site-packages/airflow/example_dags/example_branch_datetime_operator.py
[2025-12-30T23:44:29.931+0000] {logging_mixin.py:188} INFO - [2025-12-30T23:44:29.931+0000] {dag.py:3096} INFO - Sync 3 DAGs
[2025-12-30T23:44:29.947+0000] {logging_mixin.py:188} INFO - [2025-12-30T23:44:29.947+0000] {dag.py:3954} INFO - Setting next_dagrun for example_branch_datetime_operator to 2025-12-29 00:00:00+00:00, run_after=2025-12-30 00:00:00+00:00
[2025-12-30T23:44:29.950+0000] {logging_mixin.py:188} INFO - [2025-12-30T23:44:29.950+0000] {dag.py:3954} INFO - Setting next_dagrun for example_branch_datetime_operator_2 to 2025-12-29 00:00:00+00:00, run_after=2025-12-30 00:00:00+00:00
[2025-12-30T23:44:29.951+0000] {logging_mixin.py:188} INFO - [2025-12-30T23:44:29.951+0000] {dag.py:3954} INFO - Setting next_dagrun for example_branch_datetime_operator_3 to 2025-12-29 00:00:00+00:00, run_after=2025-12-30 00:00:00+00:00
[2025-12-30T23:44:29.959+0000] {processor.py:183} INFO - Processing /home/airflow/.local/lib/python3.12/site-packages/airflow/example_dags/example_branch_datetime_operator.py took 0.052 seconds
[2025-12-30T23:45:00.469+0000] {processor.py:161} INFO - Started process (PID=306) to work on /home/airflow/.local/lib/python3.12/site-packages/airflow/example_dags/example_branch_datetime_operator.py
[2025-12-30T23:45:00.471+0000] {processor.py:830} INFO - Processing file /home/airflow/.local/lib/python3.12/site-packages/airflow/example_dags/example_branch_datetime_operator.py for tasks to queue
[2025-12-30T23:45:00.472+0000] {logging_mixin.py:188} INFO - [2025-12-30T23:45:00.472+0000] {dagbag.py:545} INFO - Filling up the DagBag from /home/airflow/.local/lib/python3.12/site-packages/airflow/example_dags/example_branch_datetime_operator.py
[2025-12-30T23:45:00.485+0000] {processor.py:840} INFO - DAG(s) 'example_branch_datetime_operator', 'example_branch_datetime_operator_3', 'example_branch_datetime_operator_2' retrieved from /home/airflow/.local/lib/python3.12/site-packages/airflow/example_dags/example_branch_datetime_operator.py
[2025-12-30T23:45:00.511+0000] {logging_mixin.py:188} INFO - [2025-12-30T23:45:00.511+0000] {dag.py:3096} INFO - Sync 3 DAGs
[2025-12-30T23:45:00.525+0000] {logging_mixin.py:188} INFO - [2025-12-30T23:45:00.525+0000] {dag.py:3954} INFO - Setting next_dagrun for example_branch_datetime_operator to 2025-12-29 00:00:00+00:00, run_after=2025-12-30 00:00:00+00:00
[2025-12-30T23:45:00.527+0000] {logging_mixin.py:188} INFO - [2025-12-30T23:45:00.527+0000] {dag.py:3954} INFO - Setting next_dagrun for example_branch_datetime_operator_2 to 2025-12-29 00:00:00+00:00, run_after=2025-12-30 00:00:00+00:00
[2025-12-30T23:45:00.529+0000] {logging_mixin.py:188} INFO - [2025-12-30T23:45:00.528+0000] {dag.py:3954} INFO - Setting next_dagrun for example_branch_datetime_operator_3 to 2025-12-29 00:00:00+00:00, run_after=2025-12-30 00:00:00+00:00
[2025-12-30T23:45:00.537+0000] {processor.py:183} INFO - Processing /home/airflow/.local/lib/python3.12/site-packages/airflow/example_dags/example_branch_datetime_operator.py took 0.072 seconds
[2025-12-30T23:45:31.836+0000] {processor.py:161} INFO - Started process (PID=366) to work on /home/airflow/.local/lib/python3.12/site-packages/airflow/example_dags/example_branch_datetime_operator.py
[2025-12-30T23:45:31.836+0000] {processor.py:830} INFO - Processing file /home/airflow/.local/lib/python3.12/site-packages/airflow/example_dags/example_branch_datetime_operator.py for tasks to queue
[2025-12-30T23:45:31.837+0000] {logging_mixin.py:188} INFO - [2025-12-30T23:45:31.837+0000] {dagbag.py:545} INFO - Filling up the DagBag from /home/airflow/.local/lib/python3.12/site-packages/airflow/example_dags/example_branch_datetime_operator.py
[2025-12-30T23:45:31.842+0000] {processor.py:840} INFO - DAG(s) 'example_branch_datetime_operator_2', 'example_branch_datetime_operator_3', 'example_branch_datetime_operator' retrieved from /home/airflow/.local/lib/python3.12/site-packages/airflow/example_dags/example_branch_datetime_operator.py
[2025-12-30T23:45:31.855+0000] {logging_mixin.py:188} INFO - [2025-12-30T23:45:31.855+0000] {dag.py:3096} INFO - Sync 3 DAGs
[2025-12-30T23:45:31.865+0000] {logging_mixin.py:188} INFO - [2025-12-30T23:45:31.865+0000] {dag.py:3954} INFO - Setting next_dagrun for example_branch_datetime_operator to 2025-12-29 00:00:00+00:00, run_after=2025-12-30 00:00:00+00:00
[2025-12-30T23:45:31.868+0000] {logging_mixin.py:188} INFO - [2025-12-30T23:45:31.867+0000] {dag.py:3954} INFO - Setting next_dagrun for example_branch_datetime_operator_2 to 2025-12-29 00:00:00+00:00, run_after=2025-12-30 00:00:00+00:00
[2025-12-30T23:45:31.869+0000] {logging_mixin.py:188} INFO - [2025-12-30T23:45:31.869+0000] {dag.py:3954} INFO - Setting next_dagrun for example_branch_datetime_operator_3 to 2025-12-29 00:00:00+00:00, run_after=2025-12-30 00:00:00+00:00
[2025-12-30T23:45:31.876+0000] {processor.py:183} INFO - Processing /home/airflow/.local/lib/python3.12/site-packages/airflow/example_dags/example_branch_datetime_operator.py took 0.044 seconds
[2025-12-30T23:46:02.969+0000] {processor.py:161} INFO - Started process (PID=426) to work on /home/airflow/.local/lib/python3.12/site-packages/airflow/example_dags/example_branch_datetime_operator.py
[2025-12-30T23:46:02.970+0000] {processor.py:830} INFO - Processing file /home/airflow/.local/lib/python3.12/site-packages/airflow/example_dags/example_branch_datetime_operator.py for tasks to queue
[2025-12-30T23:46:02.971+0000] {logging_mixin.py:188} INFO - [2025-12-30T23:46:02.971+0000] {dagbag.py:545} INFO - Filling up the DagBag from /home/airflow/.local/lib/python3.12/site-packages/airflow/example_dags/example_branch_datetime_operator.py
[2025-12-30T23:46:02.976+0000] {processor.py:840} INFO - DAG(s) 'example_branch_datetime_operator_3', 'example_branch_datetime_operator_2', 'example_branch_datetime_operator' retrieved from /home/airflow/.local/lib/python3.12/site-packages/airflow/example_dags/example_branch_datetime_operator.py
[2025-12-30T23:46:02.994+0000] {logging_mixin.py:188} INFO - [2025-12-30T23:46:02.994+0000] {dag.py:3096} INFO - Sync 3 DAGs
[2025-12-30T23:46:03.006+0000] {logging_mixin.py:188} INFO - [2025-12-30T23:46:03.006+0000] {dag.py:3954} INFO - Setting next_dagrun for example_branch_datetime_operator to 2025-12-29 00:00:00+00:00, run_after=2025-12-30 00:00:00+00:00
[2025-12-30T23:46:03.009+0000] {logging_mixin.py:188} INFO - [2025-12-30T23:46:03.009+0000] {dag.py:3954} INFO - Setting next_dagrun for example_branch_datetime_operator_2 to 2025-12-29 00:00:00+00:00, run_after=2025-12-30 00:00:00+00:00
[2025-12-30T23:46:03.010+0000] {logging_mixin.py:188} INFO - [2025-12-30T23:46:03.010+0000] {dag.py:3954} INFO - Setting next_dagrun for example_branch_datetime_operator_3 to 2025-12-29 00:00:00+00:00, run_after=2025-12-30 00:00:00+00:00
[2025-12-30T23:46:03.022+0000] {processor.py:183} INFO - Processing /home/airflow/.local/lib/python3.12/site-packages/airflow/example_dags/example_branch_datetime_operator.py took 0.056 seconds
[2025-12-30T23:46:34.002+0000] {processor.py:161} INFO - Started process (PID=486) to work on /home/airflow/.local/lib/python3.12/site-packages/airflow/example_dags/example_branch_datetime_operator.py
[2025-12-30T23:46:34.002+0000] {processor.py:830} INFO - Processing file /home/airflow/.local/lib/python3.12/site-packages/airflow/example_dags/example_branch_datetime_operator.py for tasks to queue
[2025-12-30T23:46:34.003+0000] {logging_mixin.py:188} INFO - [2025-12-30T23:46:34.003+0000] {dagbag.py:545} INFO - Filling up the DagBag from /home/airflow/.local/lib/python3.12/site-packages/airflow/example_dags/example_branch_datetime_operator.py
[2025-12-30T23:46:34.009+0000] {processor.py:840} INFO - DAG(s) 'example_branch_datetime_operator', 'example_branch_datetime_operator_3', 'example_branch_datetime_operator_2' retrieved from /home/airflow/.local/lib/python3.12/site-packages/airflow/example_dags/example_branch_datetime_operator.py
[2025-12-30T23:46:34.022+0000] {logging_mixin.py:188} INFO - [2025-12-30T23:46:34.021+0000] {dag.py:3096} INFO - Sync 3 DAGs
[2025-12-30T23:46:34.033+0000] {logging_mixin.py:188} INFO - [2025-12-30T23:46:34.033+0000] {dag.py:3954} INFO - Setting next_dagrun for example_branch_datetime_operator to 2025-12-29 00:00:00+00:00, run_after=2025-12-30 00:00:00+00:00
[2025-12-30T23:46:34.035+0000] {logging_mixin.py:188} INFO - [2025-12-30T23:46:34.035+0000] {dag.py:3954} INFO - Setting next_dagrun for example_branch_datetime_operator_2 to 2025-12-29 00:00:00+00:00, run_after=2025-12-30 00:00:00+00:00
[2025-12-30T23:46:34.036+0000] {logging_mixin.py:188} INFO - [2025-12-30T23:46:34.036+0000] {dag.py:3954} INFO - Setting next_dagrun for example_branch_datetime_operator_3 to 2025-12-29 00:00:00+00:00, run_after=2025-12-30 00:00:00+00:00
[2025-12-30T23:46:34.044+0000] {processor.py:183} INFO - Processing /home/airflow/.local/lib/python3.12/site-packages/airflow/example_dags/example_branch_datetime_operator.py took 0.045 seconds
[2025-12-30T23:47:04.382+0000] {processor.py:161} INFO - Started process (PID=546) to work on /home/airflow/.local/lib/python3.12/site-packages/airflow/example_dags/example_branch_datetime_operator.py
[2025-12-30T23:47:04.383+0000] {processor.py:830} INFO - Processing file /home/airflow/.local/lib/python3.12/site-packages/airflow/example_dags/example_branch_datetime_operator.py for tasks to queue
[2025-12-30T23:47:04.384+0000] {logging_mixin.py:188} INFO - [2025-12-30T23:47:04.384+0000] {dagbag.py:545} INFO - Filling up the DagBag from /home/airflow/.local/lib/python3.12/site-packages/airflow/example_dags/example_branch_datetime_operator.py
[2025-12-30T23:47:04.390+0000] {processor.py:840} INFO - DAG(s) 'example_branch_datetime_operator', 'example_branch_datetime_operator_2', 'example_branch_datetime_operator_3' retrieved from /home/airflow/.local/lib/python3.12/site-packages/airflow/example_dags/example_branch_datetime_operator.py
[2025-12-30T23:47:04.418+0000] {logging_mixin.py:188} INFO - [2025-12-30T23:47:04.418+0000] {dag.py:3096} INFO - Sync 3 DAGs
[2025-12-30T23:47:04.437+0000] {logging_mixin.py:188} INFO - [2025-12-30T23:47:04.437+0000] {dag.py:3954} INFO - Setting next_dagrun for example_branch_datetime_operator to 2025-12-29 00:00:00+00:00, run_after=2025-12-30 00:00:00+00:00
[2025-12-30T23:47:04.440+0000] {logging_mixin.py:188} INFO - [2025-12-30T23:47:04.440+0000] {dag.py:3954} INFO - Setting next_dagrun for example_branch_datetime_operator_2 to 2025-12-29 00:00:00+00:00, run_after=2025-12-30 00:00:00+00:00
[2025-12-30T23:47:04.441+0000] {logging_mixin.py:188} INFO - [2025-12-30T23:47:04.441+0000] {dag.py:3954} INFO - Setting next_dagrun for example_branch_datetime_operator_3 to 2025-12-29 00:00:00+00:00, run_after=2025-12-30 00:00:00+00:00
[2025-12-30T23:47:04.450+0000] {processor.py:183} INFO - Processing /home/airflow/.local/lib/python3.12/site-packages/airflow/example_dags/example_branch_datetime_operator.py took 0.074 seconds
[2025-12-30T23:47:34.783+0000] {processor.py:161} INFO - Started process (PID=605) to work on /home/airflow/.local/lib/python3.12/site-packages/airflow/example_dags/example_branch_datetime_operator.py
[2025-12-30T23:47:34.783+0000] {processor.py:830} INFO - Processing file /home/airflow/.local/lib/python3.12/site-packages/airflow/example_dags/example_branch_datetime_operator.py for tasks to queue
[2025-12-30T23:47:34.785+0000] {logging_mixin.py:188} INFO - [2025-12-30T23:47:34.784+0000] {dagbag.py:545} INFO - Filling up the DagBag from /home/airflow/.local/lib/python3.12/site-packages/airflow/example_dags/example_branch_datetime_operator.py
[2025-12-30T23:47:34.790+0000] {processor.py:840} INFO - DAG(s) 'example_branch_datetime_operator_2', 'example_branch_datetime_operator_3', 'example_branch_datetime_operator' retrieved from /home/airflow/.local/lib/python3.12/site-packages/airflow/example_dags/example_branch_datetime_operator.py
[2025-12-30T23:47:34.804+0000] {logging_mixin.py:188} INFO - [2025-12-30T23:47:34.804+0000] {dag.py:3096} INFO - Sync 3 DAGs
[2025-12-30T23:47:34.815+0000] {logging_mixin.py:188} INFO - [2025-12-30T23:47:34.815+0000] {dag.py:3954} INFO - Setting next_dagrun for example_branch_datetime_operator to 2025-12-29 00:00:00+00:00, run_after=2025-12-30 00:00:00+00:00
[2025-12-30T23:47:34.817+0000] {logging_mixin.py:188} INFO - [2025-12-30T23:47:34.817+0000] {dag.py:3954} INFO - Setting next_dagrun for example_branch_datetime_operator_2 to 2025-12-29 00:00:00+00:00, run_after=2025-12-30 00:00:00+00:00
[2025-12-30T23:47:34.820+0000] {logging_mixin.py:188} INFO - [2025-12-30T23:47:34.819+0000] {dag.py:3954} INFO - Setting next_dagrun for example_branch_datetime_operator_3 to 2025-12-29 00:00:00+00:00, run_after=2025-12-30 00:00:00+00:00
[2025-12-30T23:47:34.828+0000] {processor.py:183} INFO - Processing /home/airflow/.local/lib/python3.12/site-packages/airflow/example_dags/example_branch_datetime_operator.py took 0.049 seconds
[2025-12-30T23:48:05.030+0000] {processor.py:161} INFO - Started process (PID=664) to work on /home/airflow/.local/lib/python3.12/site-packages/airflow/example_dags/example_branch_datetime_operator.py
[2025-12-30T23:48:05.030+0000] {processor.py:830} INFO - Processing file /home/airflow/.local/lib/python3.12/site-packages/airflow/example_dags/example_branch_datetime_operator.py for tasks to queue
[2025-12-30T23:48:05.031+0000] {logging_mixin.py:188} INFO - [2025-12-30T23:48:05.031+0000] {dagbag.py:545} INFO - Filling up the DagBag from /home/airflow/.local/lib/python3.12/site-packages/airflow/example_dags/example_branch_datetime_operator.py
[2025-12-30T23:48:05.038+0000] {processor.py:840} INFO - DAG(s) 'example_branch_datetime_operator_3', 'example_branch_datetime_operator_2', 'example_branch_datetime_operator' retrieved from /home/airflow/.local/lib/python3.12/site-packages/airflow/example_dags/example_branch_datetime_operator.py
[2025-12-30T23:48:05.062+0000] {logging_mixin.py:188} INFO - [2025-12-30T23:48:05.062+0000] {dag.py:3096} INFO - Sync 3 DAGs
[2025-12-30T23:48:05.078+0000] {logging_mixin.py:188} INFO - [2025-12-30T23:48:05.078+0000] {dag.py:3954} INFO - Setting next_dagrun for example_branch_datetime_operator to 2025-12-29 00:00:00+00:00, run_after=2025-12-30 00:00:00+00:00
[2025-12-30T23:48:05.080+0000] {logging_mixin.py:188} INFO - [2025-12-30T23:48:05.080+0000] {dag.py:3954} INFO - Setting next_dagrun for example_branch_datetime_operator_2 to 2025-12-29 00:00:00+00:00, run_after=2025-12-30 00:00:00+00:00
[2025-12-30T23:48:05.082+0000] {logging_mixin.py:188} INFO - [2025-12-30T23:48:05.082+0000] {dag.py:3954} INFO - Setting next_dagrun for example_branch_datetime_operator_3 to 2025-12-29 00:00:00+00:00, run_after=2025-12-30 00:00:00+00:00
[2025-12-30T23:48:05.090+0000] {processor.py:183} INFO - Processing /home/airflow/.local/lib/python3.12/site-packages/airflow/example_dags/example_branch_datetime_operator.py took 0.065 seconds
[2025-12-30T23:48:35.133+0000] {processor.py:161} INFO - Started process (PID=724) to work on /home/airflow/.local/lib/python3.12/site-packages/airflow/example_dags/example_branch_datetime_operator.py
[2025-12-30T23:48:35.133+0000] {processor.py:830} INFO - Processing file /home/airflow/.local/lib/python3.12/site-packages/airflow/example_dags/example_branch_datetime_operator.py for tasks to queue
[2025-12-30T23:48:35.135+0000] {logging_mixin.py:188} INFO - [2025-12-30T23:48:35.135+0000] {dagbag.py:545} INFO - Filling up the DagBag from /home/airflow/.local/lib/python3.12/site-packages/airflow/example_dags/example_branch_datetime_operator.py
[2025-12-30T23:48:35.143+0000] {processor.py:840} INFO - DAG(s) 'example_branch_datetime_operator_2', 'example_branch_datetime_operator', 'example_branch_datetime_operator_3' retrieved from /home/airflow/.local/lib/python3.12/site-packages/airflow/example_dags/example_branch_datetime_operator.py
[2025-12-30T23:48:35.168+0000] {logging_mixin.py:188} INFO - [2025-12-30T23:48:35.167+0000] {dag.py:3096} INFO - Sync 3 DAGs
[2025-12-30T23:48:35.193+0000] {logging_mixin.py:188} INFO - [2025-12-30T23:48:35.192+0000] {dag.py:3954} INFO - Setting next_dagrun for example_branch_datetime_operator to 2025-12-29 00:00:00+00:00, run_after=2025-12-30 00:00:00+00:00
[2025-12-30T23:48:35.196+0000] {logging_mixin.py:188} INFO - [2025-12-30T23:48:35.196+0000] {dag.py:3954} INFO - Setting next_dagrun for example_branch_datetime_operator_2 to 2025-12-29 00:00:00+00:00, run_after=2025-12-30 00:00:00+00:00
[2025-12-30T23:48:35.197+0000] {logging_mixin.py:188} INFO - [2025-12-30T23:48:35.197+0000] {dag.py:3954} INFO - Setting next_dagrun for example_branch_datetime_operator_3 to 2025-12-29 00:00:00+00:00, run_after=2025-12-30 00:00:00+00:00
[2025-12-30T23:48:35.207+0000] {processor.py:183} INFO - Processing /home/airflow/.local/lib/python3.12/site-packages/airflow/example_dags/example_branch_datetime_operator.py took 0.079 seconds
[2025-12-30T23:49:05.437+0000] {processor.py:161} INFO - Started process (PID=784) to work on /home/airflow/.local/lib/python3.12/site-packages/airflow/example_dags/example_branch_datetime_operator.py
[2025-12-30T23:49:05.438+0000] {processor.py:830} INFO - Processing file /home/airflow/.local/lib/python3.12/site-packages/airflow/example_dags/example_branch_datetime_operator.py for tasks to queue
[2025-12-30T23:49:05.439+0000] {logging_mixin.py:188} INFO - [2025-12-30T23:49:05.439+0000] {dagbag.py:545} INFO - Filling up the DagBag from /home/airflow/.local/lib/python3.12/site-packages/airflow/example_dags/example_branch_datetime_operator.py
[2025-12-30T23:49:05.444+0000] {processor.py:840} INFO - DAG(s) 'example_branch_datetime_operator_2', 'example_branch_datetime_operator', 'example_branch_datetime_operator_3' retrieved from /home/airflow/.local/lib/python3.12/site-packages/airflow/example_dags/example_branch_datetime_operator.py
[2025-12-30T23:49:05.457+0000] {logging_mixin.py:188} INFO - [2025-12-30T23:49:05.457+0000] {dag.py:3096} INFO - Sync 3 DAGs
[2025-12-30T23:49:05.469+0000] {logging_mixin.py:188} INFO - [2025-12-30T23:49:05.469+0000] {dag.py:3954} INFO - Setting next_dagrun for example_branch_datetime_operator to 2025-12-29 00:00:00+00:00, run_after=2025-12-30 00:00:00+00:00
[2025-12-30T23:49:05.471+0000] {logging_mixin.py:188} INFO - [2025-12-30T23:49:05.471+0000] {dag.py:3954} INFO - Setting next_dagrun for example_branch_datetime_operator_2 to 2025-12-29 00:00:00+00:00, run_after=2025-12-30 00:00:00+00:00
[2025-12-30T23:49:05.472+0000] {logging_mixin.py:188} INFO - [2025-12-30T23:49:05.472+0000] {dag.py:3954} INFO - Setting next_dagrun for example_branch_datetime_operator_3 to 2025-12-29 00:00:00+00:00, run_after=2025-12-30 00:00:00+00:00
[2025-12-30T23:49:05.480+0000] {processor.py:183} INFO - Processing /home/airflow/.local/lib/python3.12/site-packages/airflow/example_dags/example_branch_datetime_operator.py took 0.047 seconds
[2025-12-30T23:49:35.708+0000] {processor.py:161} INFO - Started process (PID=843) to work on /home/airflow/.local/lib/python3.12/site-packages/airflow/example_dags/example_branch_datetime_operator.py
[2025-12-30T23:49:35.709+0000] {processor.py:830} INFO - Processing file /home/airflow/.local/lib/python3.12/site-packages/airflow/example_dags/example_branch_datetime_operator.py for tasks to queue
[2025-12-30T23:49:35.710+0000] {logging_mixin.py:188} INFO - [2025-12-30T23:49:35.709+0000] {dagbag.py:545} INFO - Filling up the DagBag from /home/airflow/.local/lib/python3.12/site-packages/airflow/example_dags/example_branch_datetime_operator.py
[2025-12-30T23:49:35.720+0000] {processor.py:840} INFO - DAG(s) 'example_branch_datetime_operator', 'example_branch_datetime_operator_2', 'example_branch_datetime_operator_3' retrieved from /home/airflow/.local/lib/python3.12/site-packages/airflow/example_dags/example_branch_datetime_operator.py
[2025-12-30T23:49:35.743+0000] {logging_mixin.py:188} INFO - [2025-12-30T23:49:35.743+0000] {dag.py:3096} INFO - Sync 3 DAGs
[2025-12-30T23:49:35.754+0000] {logging_mixin.py:188} INFO - [2025-12-30T23:49:35.754+0000] {dag.py:3954} INFO - Setting next_dagrun for example_branch_datetime_operator to 2025-12-29 00:00:00+00:00, run_after=2025-12-30 00:00:00+00:00
[2025-12-30T23:49:35.757+0000] {logging_mixin.py:188} INFO - [2025-12-30T23:49:35.757+0000] {dag.py:3954} INFO - Setting next_dagrun for example_branch_datetime_operator_2 to 2025-12-29 00:00:00+00:00, run_after=2025-12-30 00:00:00+00:00
[2025-12-30T23:49:35.759+0000] {logging_mixin.py:188} INFO - [2025-12-30T23:49:35.759+0000] {dag.py:3954} INFO - Setting next_dagrun for example_branch_datetime_operator_3 to 2025-12-29 00:00:00+00:00, run_after=2025-12-30 00:00:00+00:00
[2025-12-30T23:49:35.771+0000] {processor.py:183} INFO - Processing /home/airflow/.local/lib/python3.12/site-packages/airflow/example_dags/example_branch_datetime_operator.py took 0.066 seconds
[2025-12-30T23:50:05.920+0000] {processor.py:161} INFO - Started process (PID=903) to work on /home/airflow/.local/lib/python3.12/site-packages/airflow/example_dags/example_branch_datetime_operator.py
[2025-12-30T23:50:05.920+0000] {processor.py:830} INFO - Processing file /home/airflow/.local/lib/python3.12/site-packages/airflow/example_dags/example_branch_datetime_operator.py for tasks to queue
[2025-12-30T23:50:05.921+0000] {logging_mixin.py:188} INFO - [2025-12-30T23:50:05.921+0000] {dagbag.py:545} INFO - Filling up the DagBag from /home/airflow/.local/lib/python3.12/site-packages/airflow/example_dags/example_branch_datetime_operator.py
[2025-12-30T23:50:05.928+0000] {processor.py:840} INFO - DAG(s) 'example_branch_datetime_operator_2', 'example_branch_datetime_operator', 'example_branch_datetime_operator_3' retrieved from /home/airflow/.local/lib/python3.12/site-packages/airflow/example_dags/example_branch_datetime_operator.py
[2025-12-30T23:50:05.941+0000] {logging_mixin.py:188} INFO - [2025-12-30T23:50:05.941+0000] {dag.py:3096} INFO - Sync 3 DAGs
[2025-12-30T23:50:05.954+0000] {logging_mixin.py:188} INFO - [2025-12-30T23:50:05.953+0000] {dag.py:3954} INFO - Setting next_dagrun for example_branch_datetime_operator to 2025-12-29 00:00:00+00:00, run_after=2025-12-30 00:00:00+00:00
[2025-12-30T23:50:05.956+0000] {logging_mixin.py:188} INFO - [2025-12-30T23:50:05.956+0000] {dag.py:3954} INFO - Setting next_dagrun for example_branch_datetime_operator_2 to 2025-12-29 00:00:00+00:00, run_after=2025-12-30 00:00:00+00:00
[2025-12-30T23:50:05.958+0000] {logging_mixin.py:188} INFO - [2025-12-30T23:50:05.957+0000] {dag.py:3954} INFO - Setting next_dagrun for example_branch_datetime_operator_3 to 2025-12-29 00:00:00+00:00, run_after=2025-12-30 00:00:00+00:00
[2025-12-30T23:50:05.966+0000] {processor.py:183} INFO - Processing /home/airflow/.local/lib/python3.12/site-packages/airflow/example_dags/example_branch_datetime_operator.py took 0.050 seconds
[2025-12-30T23:50:36.650+0000] {processor.py:161} INFO - Started process (PID=963) to work on /home/airflow/.local/lib/python3.12/site-packages/airflow/example_dags/example_branch_datetime_operator.py
[2025-12-30T23:50:36.650+0000] {processor.py:830} INFO - Processing file /home/airflow/.local/lib/python3.12/site-packages/airflow/example_dags/example_branch_datetime_operator.py for tasks to queue
[2025-12-30T23:50:36.651+0000] {logging_mixin.py:188} INFO - [2025-12-30T23:50:36.651+0000] {dagbag.py:545} INFO - Filling up the DagBag from /home/airflow/.local/lib/python3.12/site-packages/airflow/example_dags/example_branch_datetime_operator.py
[2025-12-30T23:50:36.657+0000] {processor.py:840} INFO - DAG(s) 'example_branch_datetime_operator_3', 'example_branch_datetime_operator', 'example_branch_datetime_operator_2' retrieved from /home/airflow/.local/lib/python3.12/site-packages/airflow/example_dags/example_branch_datetime_operator.py
[2025-12-30T23:50:36.671+0000] {logging_mixin.py:188} INFO - [2025-12-30T23:50:36.671+0000] {dag.py:3096} INFO - Sync 3 DAGs
[2025-12-30T23:50:36.684+0000] {logging_mixin.py:188} INFO - [2025-12-30T23:50:36.684+0000] {dag.py:3954} INFO - Setting next_dagrun for example_branch_datetime_operator to 2025-12-29 00:00:00+00:00, run_after=2025-12-30 00:00:00+00:00
[2025-12-30T23:50:36.687+0000] {logging_mixin.py:188} INFO - [2025-12-30T23:50:36.687+0000] {dag.py:3954} INFO - Setting next_dagrun for example_branch_datetime_operator_2 to 2025-12-29 00:00:00+00:00, run_after=2025-12-30 00:00:00+00:00
[2025-12-30T23:50:36.688+0000] {logging_mixin.py:188} INFO - [2025-12-30T23:50:36.688+0000] {dag.py:3954} INFO - Setting next_dagrun for example_branch_datetime_operator_3 to 2025-12-29 00:00:00+00:00, run_after=2025-12-30 00:00:00+00:00
[2025-12-30T23:50:36.696+0000] {processor.py:183} INFO - Processing /home/airflow/.local/lib/python3.12/site-packages/airflow/example_dags/example_branch_datetime_operator.py took 0.050 seconds
[2025-12-30T23:51:07.055+0000] {processor.py:161} INFO - Started process (PID=1023) to work on /home/airflow/.local/lib/python3.12/site-packages/airflow/example_dags/example_branch_datetime_operator.py
[2025-12-30T23:51:07.057+0000] {processor.py:830} INFO - Processing file /home/airflow/.local/lib/python3.12/site-packages/airflow/example_dags/example_branch_datetime_operator.py for tasks to queue
[2025-12-30T23:51:07.058+0000] {logging_mixin.py:188} INFO - [2025-12-30T23:51:07.058+0000] {dagbag.py:545} INFO - Filling up the DagBag from /home/airflow/.local/lib/python3.12/site-packages/airflow/example_dags/example_branch_datetime_operator.py
[2025-12-30T23:51:07.064+0000] {processor.py:840} INFO - DAG(s) 'example_branch_datetime_operator_3', 'example_branch_datetime_operator_2', 'example_branch_datetime_operator' retrieved from /home/airflow/.local/lib/python3.12/site-packages/airflow/example_dags/example_branch_datetime_operator.py
[2025-12-30T23:51:07.077+0000] {logging_mixin.py:188} INFO - [2025-12-30T23:51:07.077+0000] {dag.py:3096} INFO - Sync 3 DAGs
[2025-12-30T23:51:07.090+0000] {logging_mixin.py:188} INFO - [2025-12-30T23:51:07.090+0000] {dag.py:3954} INFO - Setting next_dagrun for example_branch_datetime_operator to 2025-12-29 00:00:00+00:00, run_after=2025-12-30 00:00:00+00:00
[2025-12-30T23:51:07.093+0000] {logging_mixin.py:188} INFO - [2025-12-30T23:51:07.093+0000] {dag.py:3954} INFO - Setting next_dagrun for example_branch_datetime_operator_2 to 2025-12-29 00:00:00+00:00, run_after=2025-12-30 00:00:00+00:00
[2025-12-30T23:51:07.094+0000] {logging_mixin.py:188} INFO - [2025-12-30T23:51:07.094+0000] {dag.py:3954} INFO - Setting next_dagrun for example_branch_datetime_operator_3 to 2025-12-29 00:00:00+00:00, run_after=2025-12-30 00:00:00+00:00
[2025-12-30T23:51:07.103+0000] {processor.py:183} INFO - Processing /home/airflow/.local/lib/python3.12/site-packages/airflow/example_dags/example_branch_datetime_operator.py took 0.051 seconds
[2025-12-30T23:51:37.171+0000] {processor.py:161} INFO - Started process (PID=1083) to work on /home/airflow/.local/lib/python3.12/site-packages/airflow/example_dags/example_branch_datetime_operator.py
[2025-12-30T23:51:37.172+0000] {processor.py:830} INFO - Processing file /home/airflow/.local/lib/python3.12/site-packages/airflow/example_dags/example_branch_datetime_operator.py for tasks to queue
[2025-12-30T23:51:37.173+0000] {logging_mixin.py:188} INFO - [2025-12-30T23:51:37.173+0000] {dagbag.py:545} INFO - Filling up the DagBag from /home/airflow/.local/lib/python3.12/site-packages/airflow/example_dags/example_branch_datetime_operator.py
[2025-12-30T23:51:37.178+0000] {processor.py:840} INFO - DAG(s) 'example_branch_datetime_operator_3', 'example_branch_datetime_operator', 'example_branch_datetime_operator_2' retrieved from /home/airflow/.local/lib/python3.12/site-packages/airflow/example_dags/example_branch_datetime_operator.py
[2025-12-30T23:51:37.192+0000] {logging_mixin.py:188} INFO - [2025-12-30T23:51:37.191+0000] {dag.py:3096} INFO - Sync 3 DAGs
[2025-12-30T23:51:37.204+0000] {logging_mixin.py:188} INFO - [2025-12-30T23:51:37.204+0000] {dag.py:3954} INFO - Setting next_dagrun for example_branch_datetime_operator to 2025-12-29 00:00:00+00:00, run_after=2025-12-30 00:00:00+00:00
[2025-12-30T23:51:37.206+0000] {logging_mixin.py:188} INFO - [2025-12-30T23:51:37.205+0000] {dag.py:3954} INFO - Setting next_dagrun for example_branch_datetime_operator_2 to 2025-12-29 00:00:00+00:00, run_after=2025-12-30 00:00:00+00:00
[2025-12-30T23:51:37.207+0000] {logging_mixin.py:188} INFO - [2025-12-30T23:51:37.207+0000] {dag.py:3954} INFO - Setting next_dagrun for example_branch_datetime_operator_3 to 2025-12-29 00:00:00+00:00, run_after=2025-12-30 00:00:00+00:00
[2025-12-30T23:51:37.214+0000] {processor.py:183} INFO - Processing /home/airflow/.local/lib/python3.12/site-packages/airflow/example_dags/example_branch_datetime_operator.py took 0.051 seconds
[2025-12-30T23:52:07.349+0000] {processor.py:161} INFO - Started process (PID=1143) to work on /home/airflow/.local/lib/python3.12/site-packages/airflow/example_dags/example_branch_datetime_operator.py
[2025-12-30T23:52:07.349+0000] {processor.py:830} INFO - Processing file /home/airflow/.local/lib/python3.12/site-packages/airflow/example_dags/example_branch_datetime_operator.py for tasks to queue
[2025-12-30T23:52:07.351+0000] {logging_mixin.py:188} INFO - [2025-12-30T23:52:07.350+0000] {dagbag.py:545} INFO - Filling up the DagBag from /home/airflow/.local/lib/python3.12/site-packages/airflow/example_dags/example_branch_datetime_operator.py
[2025-12-30T23:52:07.355+0000] {processor.py:840} INFO - DAG(s) 'example_branch_datetime_operator_2', 'example_branch_datetime_operator', 'example_branch_datetime_operator_3' retrieved from /home/airflow/.local/lib/python3.12/site-packages/airflow/example_dags/example_branch_datetime_operator.py
[2025-12-30T23:52:07.372+0000] {logging_mixin.py:188} INFO - [2025-12-30T23:52:07.372+0000] {dag.py:3096} INFO - Sync 3 DAGs
[2025-12-30T23:52:07.383+0000] {logging_mixin.py:188} INFO - [2025-12-30T23:52:07.383+0000] {dag.py:3954} INFO - Setting next_dagrun for example_branch_datetime_operator to 2025-12-29 00:00:00+00:00, run_after=2025-12-30 00:00:00+00:00
[2025-12-30T23:52:07.385+0000] {logging_mixin.py:188} INFO - [2025-12-30T23:52:07.385+0000] {dag.py:3954} INFO - Setting next_dagrun for example_branch_datetime_operator_2 to 2025-12-29 00:00:00+00:00, run_after=2025-12-30 00:00:00+00:00
[2025-12-30T23:52:07.387+0000] {logging_mixin.py:188} INFO - [2025-12-30T23:52:07.387+0000] {dag.py:3954} INFO - Setting next_dagrun for example_branch_datetime_operator_3 to 2025-12-29 00:00:00+00:00, run_after=2025-12-30 00:00:00+00:00
[2025-12-30T23:52:07.394+0000] {processor.py:183} INFO - Processing /home/airflow/.local/lib/python3.12/site-packages/airflow/example_dags/example_branch_datetime_operator.py took 0.048 seconds
[2025-12-30T23:52:37.687+0000] {processor.py:161} INFO - Started process (PID=1203) to work on /home/airflow/.local/lib/python3.12/site-packages/airflow/example_dags/example_branch_datetime_operator.py
[2025-12-30T23:52:37.687+0000] {processor.py:830} INFO - Processing file /home/airflow/.local/lib/python3.12/site-packages/airflow/example_dags/example_branch_datetime_operator.py for tasks to queue
[2025-12-30T23:52:37.688+0000] {logging_mixin.py:188} INFO - [2025-12-30T23:52:37.688+0000] {dagbag.py:545} INFO - Filling up the DagBag from /home/airflow/.local/lib/python3.12/site-packages/airflow/example_dags/example_branch_datetime_operator.py
[2025-12-30T23:52:37.693+0000] {processor.py:840} INFO - DAG(s) 'example_branch_datetime_operator_2', 'example_branch_datetime_operator', 'example_branch_datetime_operator_3' retrieved from /home/airflow/.local/lib/python3.12/site-packages/airflow/example_dags/example_branch_datetime_operator.py
[2025-12-30T23:52:37.705+0000] {logging_mixin.py:188} INFO - [2025-12-30T23:52:37.705+0000] {dag.py:3096} INFO - Sync 3 DAGs
[2025-12-30T23:52:37.715+0000] {logging_mixin.py:188} INFO - [2025-12-30T23:52:37.715+0000] {dag.py:3954} INFO - Setting next_dagrun for example_branch_datetime_operator to 2025-12-29 00:00:00+00:00, run_after=2025-12-30 00:00:00+00:00
[2025-12-30T23:52:37.717+0000] {logging_mixin.py:188} INFO - [2025-12-30T23:52:37.717+0000] {dag.py:3954} INFO - Setting next_dagrun for example_branch_datetime_operator_2 to 2025-12-29 00:00:00+00:00, run_after=2025-12-30 00:00:00+00:00
[2025-12-30T23:52:37.718+0000] {logging_mixin.py:188} INFO - [2025-12-30T23:52:37.718+0000] {dag.py:3954} INFO - Setting next_dagrun for example_branch_datetime_operator_3 to 2025-12-29 00:00:00+00:00, run_after=2025-12-30 00:00:00+00:00
[2025-12-30T23:52:37.725+0000] {processor.py:183} INFO - Processing /home/airflow/.local/lib/python3.12/site-packages/airflow/example_dags/example_branch_datetime_operator.py took 0.041 seconds
[2025-12-30T23:53:08.114+0000] {processor.py:161} INFO - Started process (PID=1263) to work on /home/airflow/.local/lib/python3.12/site-packages/airflow/example_dags/example_branch_datetime_operator.py
[2025-12-30T23:53:08.116+0000] {processor.py:830} INFO - Processing file /home/airflow/.local/lib/python3.12/site-packages/airflow/example_dags/example_branch_datetime_operator.py for tasks to queue
[2025-12-30T23:53:08.119+0000] {logging_mixin.py:188} INFO - [2025-12-30T23:53:08.118+0000] {dagbag.py:545} INFO - Filling up the DagBag from /home/airflow/.local/lib/python3.12/site-packages/airflow/example_dags/example_branch_datetime_operator.py
[2025-12-30T23:53:08.127+0000] {processor.py:840} INFO - DAG(s) 'example_branch_datetime_operator', 'example_branch_datetime_operator_3', 'example_branch_datetime_operator_2' retrieved from /home/airflow/.local/lib/python3.12/site-packages/airflow/example_dags/example_branch_datetime_operator.py
[2025-12-30T23:53:08.147+0000] {logging_mixin.py:188} INFO - [2025-12-30T23:53:08.147+0000] {dag.py:3096} INFO - Sync 3 DAGs
[2025-12-30T23:53:08.174+0000] {logging_mixin.py:188} INFO - [2025-12-30T23:53:08.174+0000] {dag.py:3954} INFO - Setting next_dagrun for example_branch_datetime_operator to 2025-12-29 00:00:00+00:00, run_after=2025-12-30 00:00:00+00:00
[2025-12-30T23:53:08.180+0000] {logging_mixin.py:188} INFO - [2025-12-30T23:53:08.179+0000] {dag.py:3954} INFO - Setting next_dagrun for example_branch_datetime_operator_2 to 2025-12-29 00:00:00+00:00, run_after=2025-12-30 00:00:00+00:00
[2025-12-30T23:53:08.183+0000] {logging_mixin.py:188} INFO - [2025-12-30T23:53:08.183+0000] {dag.py:3954} INFO - Setting next_dagrun for example_branch_datetime_operator_3 to 2025-12-29 00:00:00+00:00, run_after=2025-12-30 00:00:00+00:00
[2025-12-30T23:53:08.199+0000] {processor.py:183} INFO - Processing /home/airflow/.local/lib/python3.12/site-packages/airflow/example_dags/example_branch_datetime_operator.py took 0.095 seconds
[2025-12-30T23:53:38.750+0000] {processor.py:161} INFO - Started process (PID=1323) to work on /home/airflow/.local/lib/python3.12/site-packages/airflow/example_dags/example_branch_datetime_operator.py
[2025-12-30T23:53:38.751+0000] {processor.py:830} INFO - Processing file /home/airflow/.local/lib/python3.12/site-packages/airflow/example_dags/example_branch_datetime_operator.py for tasks to queue
[2025-12-30T23:53:38.752+0000] {logging_mixin.py:188} INFO - [2025-12-30T23:53:38.752+0000] {dagbag.py:545} INFO - Filling up the DagBag from /home/airflow/.local/lib/python3.12/site-packages/airflow/example_dags/example_branch_datetime_operator.py
[2025-12-30T23:53:38.760+0000] {processor.py:840} INFO - DAG(s) 'example_branch_datetime_operator_2', 'example_branch_datetime_operator', 'example_branch_datetime_operator_3' retrieved from /home/airflow/.local/lib/python3.12/site-packages/airflow/example_dags/example_branch_datetime_operator.py
[2025-12-30T23:53:38.773+0000] {logging_mixin.py:188} INFO - [2025-12-30T23:53:38.773+0000] {dag.py:3096} INFO - Sync 3 DAGs
[2025-12-30T23:53:38.784+0000] {logging_mixin.py:188} INFO - [2025-12-30T23:53:38.784+0000] {dag.py:3954} INFO - Setting next_dagrun for example_branch_datetime_operator to 2025-12-29 00:00:00+00:00, run_after=2025-12-30 00:00:00+00:00
[2025-12-30T23:53:38.786+0000] {logging_mixin.py:188} INFO - [2025-12-30T23:53:38.786+0000] {dag.py:3954} INFO - Setting next_dagrun for example_branch_datetime_operator_2 to 2025-12-29 00:00:00+00:00, run_after=2025-12-30 00:00:00+00:00
[2025-12-30T23:53:38.787+0000] {logging_mixin.py:188} INFO - [2025-12-30T23:53:38.787+0000] {dag.py:3954} INFO - Setting next_dagrun for example_branch_datetime_operator_3 to 2025-12-29 00:00:00+00:00, run_after=2025-12-30 00:00:00+00:00
[2025-12-30T23:53:38.794+0000] {processor.py:183} INFO - Processing /home/airflow/.local/lib/python3.12/site-packages/airflow/example_dags/example_branch_datetime_operator.py took 0.047 seconds
[2025-12-30T23:54:08.952+0000] {processor.py:161} INFO - Started process (PID=1383) to work on /home/airflow/.local/lib/python3.12/site-packages/airflow/example_dags/example_branch_datetime_operator.py
[2025-12-30T23:54:08.952+0000] {processor.py:830} INFO - Processing file /home/airflow/.local/lib/python3.12/site-packages/airflow/example_dags/example_branch_datetime_operator.py for tasks to queue
[2025-12-30T23:54:08.953+0000] {logging_mixin.py:188} INFO - [2025-12-30T23:54:08.953+0000] {dagbag.py:545} INFO - Filling up the DagBag from /home/airflow/.local/lib/python3.12/site-packages/airflow/example_dags/example_branch_datetime_operator.py
[2025-12-30T23:54:08.958+0000] {processor.py:840} INFO - DAG(s) 'example_branch_datetime_operator_3', 'example_branch_datetime_operator', 'example_branch_datetime_operator_2' retrieved from /home/airflow/.local/lib/python3.12/site-packages/airflow/example_dags/example_branch_datetime_operator.py
[2025-12-30T23:54:08.973+0000] {logging_mixin.py:188} INFO - [2025-12-30T23:54:08.972+0000] {dag.py:3096} INFO - Sync 3 DAGs
[2025-12-30T23:54:08.982+0000] {logging_mixin.py:188} INFO - [2025-12-30T23:54:08.982+0000] {dag.py:3954} INFO - Setting next_dagrun for example_branch_datetime_operator to 2025-12-29 00:00:00+00:00, run_after=2025-12-30 00:00:00+00:00
[2025-12-30T23:54:08.985+0000] {logging_mixin.py:188} INFO - [2025-12-30T23:54:08.984+0000] {dag.py:3954} INFO - Setting next_dagrun for example_branch_datetime_operator_2 to 2025-12-29 00:00:00+00:00, run_after=2025-12-30 00:00:00+00:00
[2025-12-30T23:54:08.986+0000] {logging_mixin.py:188} INFO - [2025-12-30T23:54:08.986+0000] {dag.py:3954} INFO - Setting next_dagrun for example_branch_datetime_operator_3 to 2025-12-29 00:00:00+00:00, run_after=2025-12-30 00:00:00+00:00
[2025-12-30T23:54:08.993+0000] {processor.py:183} INFO - Processing /home/airflow/.local/lib/python3.12/site-packages/airflow/example_dags/example_branch_datetime_operator.py took 0.045 seconds
[2025-12-30T23:54:39.325+0000] {processor.py:161} INFO - Started process (PID=1443) to work on /home/airflow/.local/lib/python3.12/site-packages/airflow/example_dags/example_branch_datetime_operator.py
[2025-12-30T23:54:39.326+0000] {processor.py:830} INFO - Processing file /home/airflow/.local/lib/python3.12/site-packages/airflow/example_dags/example_branch_datetime_operator.py for tasks to queue
[2025-12-30T23:54:39.327+0000] {logging_mixin.py:188} INFO - [2025-12-30T23:54:39.327+0000] {dagbag.py:545} INFO - Filling up the DagBag from /home/airflow/.local/lib/python3.12/site-packages/airflow/example_dags/example_branch_datetime_operator.py
[2025-12-30T23:54:39.335+0000] {processor.py:840} INFO - DAG(s) 'example_branch_datetime_operator', 'example_branch_datetime_operator_2', 'example_branch_datetime_operator_3' retrieved from /home/airflow/.local/lib/python3.12/site-packages/airflow/example_dags/example_branch_datetime_operator.py
[2025-12-30T23:54:39.350+0000] {logging_mixin.py:188} INFO - [2025-12-30T23:54:39.350+0000] {dag.py:3096} INFO - Sync 3 DAGs
[2025-12-30T23:54:39.361+0000] {logging_mixin.py:188} INFO - [2025-12-30T23:54:39.361+0000] {dag.py:3954} INFO - Setting next_dagrun for example_branch_datetime_operator to 2025-12-29 00:00:00+00:00, run_after=2025-12-30 00:00:00+00:00
[2025-12-30T23:54:39.364+0000] {logging_mixin.py:188} INFO - [2025-12-30T23:54:39.364+0000] {dag.py:3954} INFO - Setting next_dagrun for example_branch_datetime_operator_2 to 2025-12-29 00:00:00+00:00, run_after=2025-12-30 00:00:00+00:00
[2025-12-30T23:54:39.365+0000] {logging_mixin.py:188} INFO - [2025-12-30T23:54:39.365+0000] {dag.py:3954} INFO - Setting next_dagrun for example_branch_datetime_operator_3 to 2025-12-29 00:00:00+00:00, run_after=2025-12-30 00:00:00+00:00
[2025-12-30T23:54:39.372+0000] {processor.py:183} INFO - Processing /home/airflow/.local/lib/python3.12/site-packages/airflow/example_dags/example_branch_datetime_operator.py took 0.051 seconds
[2025-12-30T23:55:09.599+0000] {processor.py:161} INFO - Started process (PID=1503) to work on /home/airflow/.local/lib/python3.12/site-packages/airflow/example_dags/example_branch_datetime_operator.py
[2025-12-30T23:55:09.600+0000] {processor.py:830} INFO - Processing file /home/airflow/.local/lib/python3.12/site-packages/airflow/example_dags/example_branch_datetime_operator.py for tasks to queue
[2025-12-30T23:55:09.601+0000] {logging_mixin.py:188} INFO - [2025-12-30T23:55:09.601+0000] {dagbag.py:545} INFO - Filling up the DagBag from /home/airflow/.local/lib/python3.12/site-packages/airflow/example_dags/example_branch_datetime_operator.py
[2025-12-30T23:55:09.606+0000] {processor.py:840} INFO - DAG(s) 'example_branch_datetime_operator_3', 'example_branch_datetime_operator_2', 'example_branch_datetime_operator' retrieved from /home/airflow/.local/lib/python3.12/site-packages/airflow/example_dags/example_branch_datetime_operator.py
[2025-12-30T23:55:09.622+0000] {logging_mixin.py:188} INFO - [2025-12-30T23:55:09.622+0000] {dag.py:3096} INFO - Sync 3 DAGs
[2025-12-30T23:55:09.633+0000] {logging_mixin.py:188} INFO - [2025-12-30T23:55:09.633+0000] {dag.py:3954} INFO - Setting next_dagrun for example_branch_datetime_operator to 2025-12-29 00:00:00+00:00, run_after=2025-12-30 00:00:00+00:00
[2025-12-30T23:55:09.635+0000] {logging_mixin.py:188} INFO - [2025-12-30T23:55:09.635+0000] {dag.py:3954} INFO - Setting next_dagrun for example_branch_datetime_operator_2 to 2025-12-29 00:00:00+00:00, run_after=2025-12-30 00:00:00+00:00
[2025-12-30T23:55:09.636+0000] {logging_mixin.py:188} INFO - [2025-12-30T23:55:09.636+0000] {dag.py:3954} INFO - Setting next_dagrun for example_branch_datetime_operator_3 to 2025-12-29 00:00:00+00:00, run_after=2025-12-30 00:00:00+00:00
[2025-12-30T23:55:09.644+0000] {processor.py:183} INFO - Processing /home/airflow/.local/lib/python3.12/site-packages/airflow/example_dags/example_branch_datetime_operator.py took 0.047 seconds
[2025-12-30T23:55:39.927+0000] {processor.py:161} INFO - Started process (PID=1563) to work on /home/airflow/.local/lib/python3.12/site-packages/airflow/example_dags/example_branch_datetime_operator.py
[2025-12-30T23:55:39.928+0000] {processor.py:830} INFO - Processing file /home/airflow/.local/lib/python3.12/site-packages/airflow/example_dags/example_branch_datetime_operator.py for tasks to queue
[2025-12-30T23:55:39.929+0000] {logging_mixin.py:188} INFO - [2025-12-30T23:55:39.929+0000] {dagbag.py:545} INFO - Filling up the DagBag from /home/airflow/.local/lib/python3.12/site-packages/airflow/example_dags/example_branch_datetime_operator.py
[2025-12-30T23:55:39.936+0000] {processor.py:840} INFO - DAG(s) 'example_branch_datetime_operator_2', 'example_branch_datetime_operator', 'example_branch_datetime_operator_3' retrieved from /home/airflow/.local/lib/python3.12/site-packages/airflow/example_dags/example_branch_datetime_operator.py
[2025-12-30T23:55:39.953+0000] {logging_mixin.py:188} INFO - [2025-12-30T23:55:39.953+0000] {dag.py:3096} INFO - Sync 3 DAGs
[2025-12-30T23:55:39.964+0000] {logging_mixin.py:188} INFO - [2025-12-30T23:55:39.964+0000] {dag.py:3954} INFO - Setting next_dagrun for example_branch_datetime_operator to 2025-12-29 00:00:00+00:00, run_after=2025-12-30 00:00:00+00:00
[2025-12-30T23:55:39.969+0000] {logging_mixin.py:188} INFO - [2025-12-30T23:55:39.969+0000] {dag.py:3954} INFO - Setting next_dagrun for example_branch_datetime_operator_2 to 2025-12-29 00:00:00+00:00, run_after=2025-12-30 00:00:00+00:00
[2025-12-30T23:55:39.970+0000] {logging_mixin.py:188} INFO - [2025-12-30T23:55:39.970+0000] {dag.py:3954} INFO - Setting next_dagrun for example_branch_datetime_operator_3 to 2025-12-29 00:00:00+00:00, run_after=2025-12-30 00:00:00+00:00
[2025-12-30T23:55:39.979+0000] {processor.py:183} INFO - Processing /home/airflow/.local/lib/python3.12/site-packages/airflow/example_dags/example_branch_datetime_operator.py took 0.055 seconds
[2025-12-30T23:56:10.271+0000] {processor.py:161} INFO - Started process (PID=1623) to work on /home/airflow/.local/lib/python3.12/site-packages/airflow/example_dags/example_branch_datetime_operator.py
[2025-12-30T23:56:10.271+0000] {processor.py:830} INFO - Processing file /home/airflow/.local/lib/python3.12/site-packages/airflow/example_dags/example_branch_datetime_operator.py for tasks to queue
[2025-12-30T23:56:10.272+0000] {logging_mixin.py:188} INFO - [2025-12-30T23:56:10.272+0000] {dagbag.py:545} INFO - Filling up the DagBag from /home/airflow/.local/lib/python3.12/site-packages/airflow/example_dags/example_branch_datetime_operator.py
[2025-12-30T23:56:10.277+0000] {processor.py:840} INFO - DAG(s) 'example_branch_datetime_operator_2', 'example_branch_datetime_operator_3', 'example_branch_datetime_operator' retrieved from /home/airflow/.local/lib/python3.12/site-packages/airflow/example_dags/example_branch_datetime_operator.py
[2025-12-30T23:56:10.293+0000] {logging_mixin.py:188} INFO - [2025-12-30T23:56:10.293+0000] {dag.py:3096} INFO - Sync 3 DAGs
[2025-12-30T23:56:10.303+0000] {logging_mixin.py:188} INFO - [2025-12-30T23:56:10.302+0000] {dag.py:3954} INFO - Setting next_dagrun for example_branch_datetime_operator to 2025-12-29 00:00:00+00:00, run_after=2025-12-30 00:00:00+00:00
[2025-12-30T23:56:10.305+0000] {logging_mixin.py:188} INFO - [2025-12-30T23:56:10.304+0000] {dag.py:3954} INFO - Setting next_dagrun for example_branch_datetime_operator_2 to 2025-12-29 00:00:00+00:00, run_after=2025-12-30 00:00:00+00:00
[2025-12-30T23:56:10.306+0000] {logging_mixin.py:188} INFO - [2025-12-30T23:56:10.305+0000] {dag.py:3954} INFO - Setting next_dagrun for example_branch_datetime_operator_3 to 2025-12-29 00:00:00+00:00, run_after=2025-12-30 00:00:00+00:00
[2025-12-30T23:56:10.313+0000] {processor.py:183} INFO - Processing /home/airflow/.local/lib/python3.12/site-packages/airflow/example_dags/example_branch_datetime_operator.py took 0.045 seconds
[2025-12-30T23:56:40.660+0000] {processor.py:161} INFO - Started process (PID=1683) to work on /home/airflow/.local/lib/python3.12/site-packages/airflow/example_dags/example_branch_datetime_operator.py
[2025-12-30T23:56:40.661+0000] {processor.py:830} INFO - Processing file /home/airflow/.local/lib/python3.12/site-packages/airflow/example_dags/example_branch_datetime_operator.py for tasks to queue
[2025-12-30T23:56:40.662+0000] {logging_mixin.py:188} INFO - [2025-12-30T23:56:40.662+0000] {dagbag.py:545} INFO - Filling up the DagBag from /home/airflow/.local/lib/python3.12/site-packages/airflow/example_dags/example_branch_datetime_operator.py
[2025-12-30T23:56:40.667+0000] {processor.py:840} INFO - DAG(s) 'example_branch_datetime_operator', 'example_branch_datetime_operator_2', 'example_branch_datetime_operator_3' retrieved from /home/airflow/.local/lib/python3.12/site-packages/airflow/example_dags/example_branch_datetime_operator.py
[2025-12-30T23:56:40.679+0000] {logging_mixin.py:188} INFO - [2025-12-30T23:56:40.679+0000] {dag.py:3096} INFO - Sync 3 DAGs
[2025-12-30T23:56:40.691+0000] {logging_mixin.py:188} INFO - [2025-12-30T23:56:40.691+0000] {dag.py:3954} INFO - Setting next_dagrun for example_branch_datetime_operator to 2025-12-29 00:00:00+00:00, run_after=2025-12-30 00:00:00+00:00
[2025-12-30T23:56:40.693+0000] {logging_mixin.py:188} INFO - [2025-12-30T23:56:40.693+0000] {dag.py:3954} INFO - Setting next_dagrun for example_branch_datetime_operator_2 to 2025-12-29 00:00:00+00:00, run_after=2025-12-30 00:00:00+00:00
[2025-12-30T23:56:40.694+0000] {logging_mixin.py:188} INFO - [2025-12-30T23:56:40.694+0000] {dag.py:3954} INFO - Setting next_dagrun for example_branch_datetime_operator_3 to 2025-12-29 00:00:00+00:00, run_after=2025-12-30 00:00:00+00:00
[2025-12-30T23:56:40.702+0000] {processor.py:183} INFO - Processing /home/airflow/.local/lib/python3.12/site-packages/airflow/example_dags/example_branch_datetime_operator.py took 0.045 seconds
[2025-12-30T23:57:11.112+0000] {processor.py:161} INFO - Started process (PID=1743) to work on /home/airflow/.local/lib/python3.12/site-packages/airflow/example_dags/example_branch_datetime_operator.py
[2025-12-30T23:57:11.112+0000] {processor.py:830} INFO - Processing file /home/airflow/.local/lib/python3.12/site-packages/airflow/example_dags/example_branch_datetime_operator.py for tasks to queue
[2025-12-30T23:57:11.113+0000] {logging_mixin.py:188} INFO - [2025-12-30T23:57:11.113+0000] {dagbag.py:545} INFO - Filling up the DagBag from /home/airflow/.local/lib/python3.12/site-packages/airflow/example_dags/example_branch_datetime_operator.py
[2025-12-30T23:57:11.118+0000] {processor.py:840} INFO - DAG(s) 'example_branch_datetime_operator_2', 'example_branch_datetime_operator', 'example_branch_datetime_operator_3' retrieved from /home/airflow/.local/lib/python3.12/site-packages/airflow/example_dags/example_branch_datetime_operator.py
[2025-12-30T23:57:11.134+0000] {logging_mixin.py:188} INFO - [2025-12-30T23:57:11.134+0000] {dag.py:3096} INFO - Sync 3 DAGs
[2025-12-30T23:57:11.146+0000] {logging_mixin.py:188} INFO - [2025-12-30T23:57:11.146+0000] {dag.py:3954} INFO - Setting next_dagrun for example_branch_datetime_operator to 2025-12-29 00:00:00+00:00, run_after=2025-12-30 00:00:00+00:00
[2025-12-30T23:57:11.148+0000] {logging_mixin.py:188} INFO - [2025-12-30T23:57:11.148+0000] {dag.py:3954} INFO - Setting next_dagrun for example_branch_datetime_operator_2 to 2025-12-29 00:00:00+00:00, run_after=2025-12-30 00:00:00+00:00
[2025-12-30T23:57:11.149+0000] {logging_mixin.py:188} INFO - [2025-12-30T23:57:11.149+0000] {dag.py:3954} INFO - Setting next_dagrun for example_branch_datetime_operator_3 to 2025-12-29 00:00:00+00:00, run_after=2025-12-30 00:00:00+00:00
[2025-12-30T23:57:11.157+0000] {processor.py:183} INFO - Processing /home/airflow/.local/lib/python3.12/site-packages/airflow/example_dags/example_branch_datetime_operator.py took 0.048 seconds
[2025-12-30T23:57:42.105+0000] {processor.py:161} INFO - Started process (PID=1803) to work on /home/airflow/.local/lib/python3.12/site-packages/airflow/example_dags/example_branch_datetime_operator.py
[2025-12-30T23:57:42.105+0000] {processor.py:830} INFO - Processing file /home/airflow/.local/lib/python3.12/site-packages/airflow/example_dags/example_branch_datetime_operator.py for tasks to queue
[2025-12-30T23:57:42.106+0000] {logging_mixin.py:188} INFO - [2025-12-30T23:57:42.106+0000] {dagbag.py:545} INFO - Filling up the DagBag from /home/airflow/.local/lib/python3.12/site-packages/airflow/example_dags/example_branch_datetime_operator.py
[2025-12-30T23:57:42.112+0000] {processor.py:840} INFO - DAG(s) 'example_branch_datetime_operator_3', 'example_branch_datetime_operator', 'example_branch_datetime_operator_2' retrieved from /home/airflow/.local/lib/python3.12/site-packages/airflow/example_dags/example_branch_datetime_operator.py
[2025-12-30T23:57:42.129+0000] {logging_mixin.py:188} INFO - [2025-12-30T23:57:42.129+0000] {dag.py:3096} INFO - Sync 3 DAGs
[2025-12-30T23:57:42.140+0000] {logging_mixin.py:188} INFO - [2025-12-30T23:57:42.140+0000] {dag.py:3954} INFO - Setting next_dagrun for example_branch_datetime_operator to 2025-12-29 00:00:00+00:00, run_after=2025-12-30 00:00:00+00:00
[2025-12-30T23:57:42.142+0000] {logging_mixin.py:188} INFO - [2025-12-30T23:57:42.142+0000] {dag.py:3954} INFO - Setting next_dagrun for example_branch_datetime_operator_2 to 2025-12-29 00:00:00+00:00, run_after=2025-12-30 00:00:00+00:00
[2025-12-30T23:57:42.279+0000] {logging_mixin.py:188} INFO - [2025-12-30T23:57:42.279+0000] {dag.py:3954} INFO - Setting next_dagrun for example_branch_datetime_operator_3 to 2025-12-29 00:00:00+00:00, run_after=2025-12-30 00:00:00+00:00
[2025-12-30T23:57:42.289+0000] {processor.py:183} INFO - Processing /home/airflow/.local/lib/python3.12/site-packages/airflow/example_dags/example_branch_datetime_operator.py took 0.187 seconds
[2025-12-30T23:58:13.017+0000] {processor.py:161} INFO - Started process (PID=1863) to work on /home/airflow/.local/lib/python3.12/site-packages/airflow/example_dags/example_branch_datetime_operator.py
[2025-12-30T23:58:13.018+0000] {processor.py:830} INFO - Processing file /home/airflow/.local/lib/python3.12/site-packages/airflow/example_dags/example_branch_datetime_operator.py for tasks to queue
[2025-12-30T23:58:13.019+0000] {logging_mixin.py:188} INFO - [2025-12-30T23:58:13.019+0000] {dagbag.py:545} INFO - Filling up the DagBag from /home/airflow/.local/lib/python3.12/site-packages/airflow/example_dags/example_branch_datetime_operator.py
[2025-12-30T23:58:13.024+0000] {processor.py:840} INFO - DAG(s) 'example_branch_datetime_operator_3', 'example_branch_datetime_operator_2', 'example_branch_datetime_operator' retrieved from /home/airflow/.local/lib/python3.12/site-packages/airflow/example_dags/example_branch_datetime_operator.py
[2025-12-30T23:58:13.041+0000] {logging_mixin.py:188} INFO - [2025-12-30T23:58:13.041+0000] {dag.py:3096} INFO - Sync 3 DAGs
[2025-12-30T23:58:13.056+0000] {logging_mixin.py:188} INFO - [2025-12-30T23:58:13.056+0000] {dag.py:3954} INFO - Setting next_dagrun for example_branch_datetime_operator to 2025-12-29 00:00:00+00:00, run_after=2025-12-30 00:00:00+00:00
[2025-12-30T23:58:13.059+0000] {logging_mixin.py:188} INFO - [2025-12-30T23:58:13.059+0000] {dag.py:3954} INFO - Setting next_dagrun for example_branch_datetime_operator_2 to 2025-12-29 00:00:00+00:00, run_after=2025-12-30 00:00:00+00:00
[2025-12-30T23:58:13.060+0000] {logging_mixin.py:188} INFO - [2025-12-30T23:58:13.060+0000] {dag.py:3954} INFO - Setting next_dagrun for example_branch_datetime_operator_3 to 2025-12-29 00:00:00+00:00, run_after=2025-12-30 00:00:00+00:00
[2025-12-30T23:58:13.177+0000] {processor.py:183} INFO - Processing /home/airflow/.local/lib/python3.12/site-packages/airflow/example_dags/example_branch_datetime_operator.py took 0.163 seconds
[2025-12-30T23:58:43.670+0000] {processor.py:161} INFO - Started process (PID=1923) to work on /home/airflow/.local/lib/python3.12/site-packages/airflow/example_dags/example_branch_datetime_operator.py
[2025-12-30T23:58:43.671+0000] {processor.py:830} INFO - Processing file /home/airflow/.local/lib/python3.12/site-packages/airflow/example_dags/example_branch_datetime_operator.py for tasks to queue
[2025-12-30T23:58:43.672+0000] {logging_mixin.py:188} INFO - [2025-12-30T23:58:43.672+0000] {dagbag.py:545} INFO - Filling up the DagBag from /home/airflow/.local/lib/python3.12/site-packages/airflow/example_dags/example_branch_datetime_operator.py
[2025-12-30T23:58:43.677+0000] {processor.py:840} INFO - DAG(s) 'example_branch_datetime_operator_3', 'example_branch_datetime_operator_2', 'example_branch_datetime_operator' retrieved from /home/airflow/.local/lib/python3.12/site-packages/airflow/example_dags/example_branch_datetime_operator.py
[2025-12-30T23:58:43.689+0000] {logging_mixin.py:188} INFO - [2025-12-30T23:58:43.689+0000] {dag.py:3096} INFO - Sync 3 DAGs
[2025-12-30T23:58:43.700+0000] {logging_mixin.py:188} INFO - [2025-12-30T23:58:43.699+0000] {dag.py:3954} INFO - Setting next_dagrun for example_branch_datetime_operator to 2025-12-29 00:00:00+00:00, run_after=2025-12-30 00:00:00+00:00
[2025-12-30T23:58:43.701+0000] {logging_mixin.py:188} INFO - [2025-12-30T23:58:43.701+0000] {dag.py:3954} INFO - Setting next_dagrun for example_branch_datetime_operator_2 to 2025-12-29 00:00:00+00:00, run_after=2025-12-30 00:00:00+00:00
[2025-12-30T23:58:43.702+0000] {logging_mixin.py:188} INFO - [2025-12-30T23:58:43.702+0000] {dag.py:3954} INFO - Setting next_dagrun for example_branch_datetime_operator_3 to 2025-12-29 00:00:00+00:00, run_after=2025-12-30 00:00:00+00:00
[2025-12-30T23:58:43.710+0000] {processor.py:183} INFO - Processing /home/airflow/.local/lib/python3.12/site-packages/airflow/example_dags/example_branch_datetime_operator.py took 0.043 seconds
[2025-12-30T23:59:13.895+0000] {processor.py:161} INFO - Started process (PID=1983) to work on /home/airflow/.local/lib/python3.12/site-packages/airflow/example_dags/example_branch_datetime_operator.py
[2025-12-30T23:59:13.896+0000] {processor.py:830} INFO - Processing file /home/airflow/.local/lib/python3.12/site-packages/airflow/example_dags/example_branch_datetime_operator.py for tasks to queue
[2025-12-30T23:59:13.897+0000] {logging_mixin.py:188} INFO - [2025-12-30T23:59:13.897+0000] {dagbag.py:545} INFO - Filling up the DagBag from /home/airflow/.local/lib/python3.12/site-packages/airflow/example_dags/example_branch_datetime_operator.py
[2025-12-30T23:59:13.903+0000] {processor.py:840} INFO - DAG(s) 'example_branch_datetime_operator_2', 'example_branch_datetime_operator_3', 'example_branch_datetime_operator' retrieved from /home/airflow/.local/lib/python3.12/site-packages/airflow/example_dags/example_branch_datetime_operator.py
[2025-12-30T23:59:13.917+0000] {logging_mixin.py:188} INFO - [2025-12-30T23:59:13.916+0000] {dag.py:3096} INFO - Sync 3 DAGs
[2025-12-30T23:59:13.927+0000] {logging_mixin.py:188} INFO - [2025-12-30T23:59:13.927+0000] {dag.py:3954} INFO - Setting next_dagrun for example_branch_datetime_operator to 2025-12-29 00:00:00+00:00, run_after=2025-12-30 00:00:00+00:00
[2025-12-30T23:59:13.929+0000] {logging_mixin.py:188} INFO - [2025-12-30T23:59:13.929+0000] {dag.py:3954} INFO - Setting next_dagrun for example_branch_datetime_operator_2 to 2025-12-29 00:00:00+00:00, run_after=2025-12-30 00:00:00+00:00
[2025-12-30T23:59:13.930+0000] {logging_mixin.py:188} INFO - [2025-12-30T23:59:13.930+0000] {dag.py:3954} INFO - Setting next_dagrun for example_branch_datetime_operator_3 to 2025-12-29 00:00:00+00:00, run_after=2025-12-30 00:00:00+00:00
[2025-12-30T23:59:13.937+0000] {processor.py:183} INFO - Processing /home/airflow/.local/lib/python3.12/site-packages/airflow/example_dags/example_branch_datetime_operator.py took 0.045 seconds
[2025-12-30T23:59:44.578+0000] {processor.py:161} INFO - Started process (PID=2043) to work on /home/airflow/.local/lib/python3.12/site-packages/airflow/example_dags/example_branch_datetime_operator.py
[2025-12-30T23:59:44.579+0000] {processor.py:830} INFO - Processing file /home/airflow/.local/lib/python3.12/site-packages/airflow/example_dags/example_branch_datetime_operator.py for tasks to queue
[2025-12-30T23:59:44.580+0000] {logging_mixin.py:188} INFO - [2025-12-30T23:59:44.579+0000] {dagbag.py:545} INFO - Filling up the DagBag from /home/airflow/.local/lib/python3.12/site-packages/airflow/example_dags/example_branch_datetime_operator.py
[2025-12-30T23:59:44.584+0000] {processor.py:840} INFO - DAG(s) 'example_branch_datetime_operator_2', 'example_branch_datetime_operator_3', 'example_branch_datetime_operator' retrieved from /home/airflow/.local/lib/python3.12/site-packages/airflow/example_dags/example_branch_datetime_operator.py
[2025-12-30T23:59:44.600+0000] {logging_mixin.py:188} INFO - [2025-12-30T23:59:44.599+0000] {dag.py:3096} INFO - Sync 3 DAGs
[2025-12-30T23:59:44.617+0000] {logging_mixin.py:188} INFO - [2025-12-30T23:59:44.617+0000] {dag.py:3954} INFO - Setting next_dagrun for example_branch_datetime_operator to 2025-12-29 00:00:00+00:00, run_after=2025-12-30 00:00:00+00:00
[2025-12-30T23:59:44.619+0000] {logging_mixin.py:188} INFO - [2025-12-30T23:59:44.619+0000] {dag.py:3954} INFO - Setting next_dagrun for example_branch_datetime_operator_2 to 2025-12-29 00:00:00+00:00, run_after=2025-12-30 00:00:00+00:00
[2025-12-30T23:59:44.620+0000] {logging_mixin.py:188} INFO - [2025-12-30T23:59:44.620+0000] {dag.py:3954} INFO - Setting next_dagrun for example_branch_datetime_operator_3 to 2025-12-29 00:00:00+00:00, run_after=2025-12-30 00:00:00+00:00
[2025-12-30T23:59:44.627+0000] {processor.py:183} INFO - Processing /home/airflow/.local/lib/python3.12/site-packages/airflow/example_dags/example_branch_datetime_operator.py took 0.051 seconds
