[2025-12-30T23:33:53.896+0000] {processor.py:161} INFO - Started process (PID=87) to work on /home/airflow/.local/lib/python3.12/site-packages/airflow/example_dags/example_task_group_decorator.py
[2025-12-30T23:33:53.897+0000] {processor.py:830} INFO - Processing file /home/airflow/.local/lib/python3.12/site-packages/airflow/example_dags/example_task_group_decorator.py for tasks to queue
[2025-12-30T23:33:53.899+0000] {logging_mixin.py:188} INFO - [2025-12-30T23:33:53.899+0000] {dagbag.py:545} INFO - Filling up the DagBag from /home/airflow/.local/lib/python3.12/site-packages/airflow/example_dags/example_task_group_decorator.py
[2025-12-30T23:33:53.929+0000] {processor.py:840} INFO - DAG(s) 'example_task_group_decorator' retrieved from /home/airflow/.local/lib/python3.12/site-packages/airflow/example_dags/example_task_group_decorator.py
[2025-12-30T23:33:53.945+0000] {logging_mixin.py:188} INFO - [2025-12-30T23:33:53.944+0000] {dag.py:3096} INFO - Sync 1 DAGs
[2025-12-30T23:33:53.978+0000] {logging_mixin.py:188} INFO - [2025-12-30T23:33:53.978+0000] {dag.py:3954} INFO - Setting next_dagrun for example_task_group_decorator to 2025-12-29 00:00:00+00:00, run_after=2025-12-30 00:00:00+00:00
[2025-12-30T23:33:54.015+0000] {processor.py:183} INFO - Processing /home/airflow/.local/lib/python3.12/site-packages/airflow/example_dags/example_task_group_decorator.py took 0.132 seconds
[2025-12-30T23:34:24.953+0000] {processor.py:161} INFO - Started process (PID=146) to work on /home/airflow/.local/lib/python3.12/site-packages/airflow/example_dags/example_task_group_decorator.py
[2025-12-30T23:34:24.954+0000] {processor.py:830} INFO - Processing file /home/airflow/.local/lib/python3.12/site-packages/airflow/example_dags/example_task_group_decorator.py for tasks to queue
[2025-12-30T23:34:24.955+0000] {logging_mixin.py:188} INFO - [2025-12-30T23:34:24.955+0000] {dagbag.py:545} INFO - Filling up the DagBag from /home/airflow/.local/lib/python3.12/site-packages/airflow/example_dags/example_task_group_decorator.py
[2025-12-30T23:34:24.962+0000] {processor.py:840} INFO - DAG(s) 'example_task_group_decorator' retrieved from /home/airflow/.local/lib/python3.12/site-packages/airflow/example_dags/example_task_group_decorator.py
[2025-12-30T23:34:25.005+0000] {logging_mixin.py:188} INFO - [2025-12-30T23:34:25.005+0000] {dag.py:3096} INFO - Sync 1 DAGs
[2025-12-30T23:34:25.015+0000] {logging_mixin.py:188} INFO - [2025-12-30T23:34:25.015+0000] {dag.py:3954} INFO - Setting next_dagrun for example_task_group_decorator to 2025-12-29 00:00:00+00:00, run_after=2025-12-30 00:00:00+00:00
[2025-12-30T23:34:25.025+0000] {processor.py:183} INFO - Processing /home/airflow/.local/lib/python3.12/site-packages/airflow/example_dags/example_task_group_decorator.py took 0.075 seconds
[2025-12-30T23:34:55.749+0000] {processor.py:161} INFO - Started process (PID=205) to work on /home/airflow/.local/lib/python3.12/site-packages/airflow/example_dags/example_task_group_decorator.py
[2025-12-30T23:34:55.750+0000] {processor.py:830} INFO - Processing file /home/airflow/.local/lib/python3.12/site-packages/airflow/example_dags/example_task_group_decorator.py for tasks to queue
[2025-12-30T23:34:55.751+0000] {logging_mixin.py:188} INFO - [2025-12-30T23:34:55.751+0000] {dagbag.py:545} INFO - Filling up the DagBag from /home/airflow/.local/lib/python3.12/site-packages/airflow/example_dags/example_task_group_decorator.py
[2025-12-30T23:34:55.764+0000] {processor.py:840} INFO - DAG(s) 'example_task_group_decorator' retrieved from /home/airflow/.local/lib/python3.12/site-packages/airflow/example_dags/example_task_group_decorator.py
[2025-12-30T23:34:55.783+0000] {logging_mixin.py:188} INFO - [2025-12-30T23:34:55.783+0000] {dag.py:3096} INFO - Sync 1 DAGs
[2025-12-30T23:34:55.799+0000] {logging_mixin.py:188} INFO - [2025-12-30T23:34:55.799+0000] {dag.py:3954} INFO - Setting next_dagrun for example_task_group_decorator to 2025-12-29 00:00:00+00:00, run_after=2025-12-30 00:00:00+00:00
[2025-12-30T23:34:55.812+0000] {processor.py:183} INFO - Processing /home/airflow/.local/lib/python3.12/site-packages/airflow/example_dags/example_task_group_decorator.py took 0.067 seconds
[2025-12-30T23:35:25.841+0000] {processor.py:161} INFO - Started process (PID=264) to work on /home/airflow/.local/lib/python3.12/site-packages/airflow/example_dags/example_task_group_decorator.py
[2025-12-30T23:35:25.842+0000] {processor.py:830} INFO - Processing file /home/airflow/.local/lib/python3.12/site-packages/airflow/example_dags/example_task_group_decorator.py for tasks to queue
[2025-12-30T23:35:25.843+0000] {logging_mixin.py:188} INFO - [2025-12-30T23:35:25.843+0000] {dagbag.py:545} INFO - Filling up the DagBag from /home/airflow/.local/lib/python3.12/site-packages/airflow/example_dags/example_task_group_decorator.py
[2025-12-30T23:35:25.849+0000] {processor.py:840} INFO - DAG(s) 'example_task_group_decorator' retrieved from /home/airflow/.local/lib/python3.12/site-packages/airflow/example_dags/example_task_group_decorator.py
[2025-12-30T23:35:25.862+0000] {logging_mixin.py:188} INFO - [2025-12-30T23:35:25.862+0000] {dag.py:3096} INFO - Sync 1 DAGs
[2025-12-30T23:35:25.873+0000] {logging_mixin.py:188} INFO - [2025-12-30T23:35:25.873+0000] {dag.py:3954} INFO - Setting next_dagrun for example_task_group_decorator to 2025-12-29 00:00:00+00:00, run_after=2025-12-30 00:00:00+00:00
[2025-12-30T23:35:25.883+0000] {processor.py:183} INFO - Processing /home/airflow/.local/lib/python3.12/site-packages/airflow/example_dags/example_task_group_decorator.py took 0.045 seconds
[2025-12-30T23:35:56.139+0000] {processor.py:161} INFO - Started process (PID=323) to work on /home/airflow/.local/lib/python3.12/site-packages/airflow/example_dags/example_task_group_decorator.py
[2025-12-30T23:35:56.140+0000] {processor.py:830} INFO - Processing file /home/airflow/.local/lib/python3.12/site-packages/airflow/example_dags/example_task_group_decorator.py for tasks to queue
[2025-12-30T23:35:56.141+0000] {logging_mixin.py:188} INFO - [2025-12-30T23:35:56.141+0000] {dagbag.py:545} INFO - Filling up the DagBag from /home/airflow/.local/lib/python3.12/site-packages/airflow/example_dags/example_task_group_decorator.py
[2025-12-30T23:35:56.150+0000] {processor.py:840} INFO - DAG(s) 'example_task_group_decorator' retrieved from /home/airflow/.local/lib/python3.12/site-packages/airflow/example_dags/example_task_group_decorator.py
[2025-12-30T23:35:56.168+0000] {logging_mixin.py:188} INFO - [2025-12-30T23:35:56.168+0000] {dag.py:3096} INFO - Sync 1 DAGs
[2025-12-30T23:35:56.181+0000] {logging_mixin.py:188} INFO - [2025-12-30T23:35:56.181+0000] {dag.py:3954} INFO - Setting next_dagrun for example_task_group_decorator to 2025-12-29 00:00:00+00:00, run_after=2025-12-30 00:00:00+00:00
[2025-12-30T23:35:56.191+0000] {processor.py:183} INFO - Processing /home/airflow/.local/lib/python3.12/site-packages/airflow/example_dags/example_task_group_decorator.py took 0.056 seconds
[2025-12-30T23:36:26.247+0000] {processor.py:161} INFO - Started process (PID=382) to work on /home/airflow/.local/lib/python3.12/site-packages/airflow/example_dags/example_task_group_decorator.py
[2025-12-30T23:36:26.247+0000] {processor.py:830} INFO - Processing file /home/airflow/.local/lib/python3.12/site-packages/airflow/example_dags/example_task_group_decorator.py for tasks to queue
[2025-12-30T23:36:26.249+0000] {logging_mixin.py:188} INFO - [2025-12-30T23:36:26.249+0000] {dagbag.py:545} INFO - Filling up the DagBag from /home/airflow/.local/lib/python3.12/site-packages/airflow/example_dags/example_task_group_decorator.py
[2025-12-30T23:36:26.259+0000] {processor.py:840} INFO - DAG(s) 'example_task_group_decorator' retrieved from /home/airflow/.local/lib/python3.12/site-packages/airflow/example_dags/example_task_group_decorator.py
[2025-12-30T23:36:26.270+0000] {logging_mixin.py:188} INFO - [2025-12-30T23:36:26.270+0000] {dag.py:3096} INFO - Sync 1 DAGs
[2025-12-30T23:36:26.283+0000] {logging_mixin.py:188} INFO - [2025-12-30T23:36:26.283+0000] {dag.py:3954} INFO - Setting next_dagrun for example_task_group_decorator to 2025-12-29 00:00:00+00:00, run_after=2025-12-30 00:00:00+00:00
[2025-12-30T23:36:26.293+0000] {processor.py:183} INFO - Processing /home/airflow/.local/lib/python3.12/site-packages/airflow/example_dags/example_task_group_decorator.py took 0.050 seconds
[2025-12-30T23:36:56.512+0000] {processor.py:161} INFO - Started process (PID=441) to work on /home/airflow/.local/lib/python3.12/site-packages/airflow/example_dags/example_task_group_decorator.py
[2025-12-30T23:36:56.512+0000] {processor.py:830} INFO - Processing file /home/airflow/.local/lib/python3.12/site-packages/airflow/example_dags/example_task_group_decorator.py for tasks to queue
[2025-12-30T23:36:56.513+0000] {logging_mixin.py:188} INFO - [2025-12-30T23:36:56.513+0000] {dagbag.py:545} INFO - Filling up the DagBag from /home/airflow/.local/lib/python3.12/site-packages/airflow/example_dags/example_task_group_decorator.py
[2025-12-30T23:36:56.521+0000] {processor.py:840} INFO - DAG(s) 'example_task_group_decorator' retrieved from /home/airflow/.local/lib/python3.12/site-packages/airflow/example_dags/example_task_group_decorator.py
[2025-12-30T23:36:56.535+0000] {logging_mixin.py:188} INFO - [2025-12-30T23:36:56.534+0000] {dag.py:3096} INFO - Sync 1 DAGs
[2025-12-30T23:36:56.545+0000] {logging_mixin.py:188} INFO - [2025-12-30T23:36:56.545+0000] {dag.py:3954} INFO - Setting next_dagrun for example_task_group_decorator to 2025-12-29 00:00:00+00:00, run_after=2025-12-30 00:00:00+00:00
[2025-12-30T23:36:56.553+0000] {processor.py:183} INFO - Processing /home/airflow/.local/lib/python3.12/site-packages/airflow/example_dags/example_task_group_decorator.py took 0.045 seconds
[2025-12-30T23:37:27.314+0000] {processor.py:161} INFO - Started process (PID=500) to work on /home/airflow/.local/lib/python3.12/site-packages/airflow/example_dags/example_task_group_decorator.py
[2025-12-30T23:37:27.315+0000] {processor.py:830} INFO - Processing file /home/airflow/.local/lib/python3.12/site-packages/airflow/example_dags/example_task_group_decorator.py for tasks to queue
[2025-12-30T23:37:27.318+0000] {logging_mixin.py:188} INFO - [2025-12-30T23:37:27.317+0000] {dagbag.py:545} INFO - Filling up the DagBag from /home/airflow/.local/lib/python3.12/site-packages/airflow/example_dags/example_task_group_decorator.py
[2025-12-30T23:37:27.331+0000] {processor.py:840} INFO - DAG(s) 'example_task_group_decorator' retrieved from /home/airflow/.local/lib/python3.12/site-packages/airflow/example_dags/example_task_group_decorator.py
[2025-12-30T23:37:27.346+0000] {logging_mixin.py:188} INFO - [2025-12-30T23:37:27.346+0000] {dag.py:3096} INFO - Sync 1 DAGs
[2025-12-30T23:37:27.364+0000] {logging_mixin.py:188} INFO - [2025-12-30T23:37:27.364+0000] {dag.py:3954} INFO - Setting next_dagrun for example_task_group_decorator to 2025-12-29 00:00:00+00:00, run_after=2025-12-30 00:00:00+00:00
[2025-12-30T23:37:27.373+0000] {processor.py:183} INFO - Processing /home/airflow/.local/lib/python3.12/site-packages/airflow/example_dags/example_task_group_decorator.py took 0.064 seconds
[2025-12-30T23:37:57.555+0000] {processor.py:161} INFO - Started process (PID=559) to work on /home/airflow/.local/lib/python3.12/site-packages/airflow/example_dags/example_task_group_decorator.py
[2025-12-30T23:37:57.556+0000] {processor.py:830} INFO - Processing file /home/airflow/.local/lib/python3.12/site-packages/airflow/example_dags/example_task_group_decorator.py for tasks to queue
[2025-12-30T23:37:57.557+0000] {logging_mixin.py:188} INFO - [2025-12-30T23:37:57.556+0000] {dagbag.py:545} INFO - Filling up the DagBag from /home/airflow/.local/lib/python3.12/site-packages/airflow/example_dags/example_task_group_decorator.py
[2025-12-30T23:37:57.563+0000] {processor.py:840} INFO - DAG(s) 'example_task_group_decorator' retrieved from /home/airflow/.local/lib/python3.12/site-packages/airflow/example_dags/example_task_group_decorator.py
[2025-12-30T23:37:57.575+0000] {logging_mixin.py:188} INFO - [2025-12-30T23:37:57.574+0000] {dag.py:3096} INFO - Sync 1 DAGs
[2025-12-30T23:37:57.585+0000] {logging_mixin.py:188} INFO - [2025-12-30T23:37:57.585+0000] {dag.py:3954} INFO - Setting next_dagrun for example_task_group_decorator to 2025-12-29 00:00:00+00:00, run_after=2025-12-30 00:00:00+00:00
[2025-12-30T23:37:57.594+0000] {processor.py:183} INFO - Processing /home/airflow/.local/lib/python3.12/site-packages/airflow/example_dags/example_task_group_decorator.py took 0.043 seconds
[2025-12-30T23:38:28.146+0000] {processor.py:161} INFO - Started process (PID=618) to work on /home/airflow/.local/lib/python3.12/site-packages/airflow/example_dags/example_task_group_decorator.py
[2025-12-30T23:38:28.146+0000] {processor.py:830} INFO - Processing file /home/airflow/.local/lib/python3.12/site-packages/airflow/example_dags/example_task_group_decorator.py for tasks to queue
[2025-12-30T23:38:28.148+0000] {logging_mixin.py:188} INFO - [2025-12-30T23:38:28.147+0000] {dagbag.py:545} INFO - Filling up the DagBag from /home/airflow/.local/lib/python3.12/site-packages/airflow/example_dags/example_task_group_decorator.py
[2025-12-30T23:38:28.155+0000] {processor.py:840} INFO - DAG(s) 'example_task_group_decorator' retrieved from /home/airflow/.local/lib/python3.12/site-packages/airflow/example_dags/example_task_group_decorator.py
[2025-12-30T23:38:28.168+0000] {logging_mixin.py:188} INFO - [2025-12-30T23:38:28.168+0000] {dag.py:3096} INFO - Sync 1 DAGs
[2025-12-30T23:38:28.179+0000] {logging_mixin.py:188} INFO - [2025-12-30T23:38:28.178+0000] {dag.py:3954} INFO - Setting next_dagrun for example_task_group_decorator to 2025-12-29 00:00:00+00:00, run_after=2025-12-30 00:00:00+00:00
[2025-12-30T23:38:28.188+0000] {processor.py:183} INFO - Processing /home/airflow/.local/lib/python3.12/site-packages/airflow/example_dags/example_task_group_decorator.py took 0.046 seconds
[2025-12-30T23:38:58.211+0000] {processor.py:161} INFO - Started process (PID=677) to work on /home/airflow/.local/lib/python3.12/site-packages/airflow/example_dags/example_task_group_decorator.py
[2025-12-30T23:38:58.212+0000] {processor.py:830} INFO - Processing file /home/airflow/.local/lib/python3.12/site-packages/airflow/example_dags/example_task_group_decorator.py for tasks to queue
[2025-12-30T23:38:58.213+0000] {logging_mixin.py:188} INFO - [2025-12-30T23:38:58.213+0000] {dagbag.py:545} INFO - Filling up the DagBag from /home/airflow/.local/lib/python3.12/site-packages/airflow/example_dags/example_task_group_decorator.py
[2025-12-30T23:38:58.220+0000] {processor.py:840} INFO - DAG(s) 'example_task_group_decorator' retrieved from /home/airflow/.local/lib/python3.12/site-packages/airflow/example_dags/example_task_group_decorator.py
[2025-12-30T23:38:58.239+0000] {logging_mixin.py:188} INFO - [2025-12-30T23:38:58.239+0000] {dag.py:3096} INFO - Sync 1 DAGs
[2025-12-30T23:38:58.250+0000] {logging_mixin.py:188} INFO - [2025-12-30T23:38:58.250+0000] {dag.py:3954} INFO - Setting next_dagrun for example_task_group_decorator to 2025-12-29 00:00:00+00:00, run_after=2025-12-30 00:00:00+00:00
[2025-12-30T23:38:58.259+0000] {processor.py:183} INFO - Processing /home/airflow/.local/lib/python3.12/site-packages/airflow/example_dags/example_task_group_decorator.py took 0.051 seconds
[2025-12-30T23:39:28.873+0000] {processor.py:161} INFO - Started process (PID=736) to work on /home/airflow/.local/lib/python3.12/site-packages/airflow/example_dags/example_task_group_decorator.py
[2025-12-30T23:39:28.874+0000] {processor.py:830} INFO - Processing file /home/airflow/.local/lib/python3.12/site-packages/airflow/example_dags/example_task_group_decorator.py for tasks to queue
[2025-12-30T23:39:28.875+0000] {logging_mixin.py:188} INFO - [2025-12-30T23:39:28.875+0000] {dagbag.py:545} INFO - Filling up the DagBag from /home/airflow/.local/lib/python3.12/site-packages/airflow/example_dags/example_task_group_decorator.py
[2025-12-30T23:39:28.881+0000] {processor.py:840} INFO - DAG(s) 'example_task_group_decorator' retrieved from /home/airflow/.local/lib/python3.12/site-packages/airflow/example_dags/example_task_group_decorator.py
[2025-12-30T23:39:28.894+0000] {logging_mixin.py:188} INFO - [2025-12-30T23:39:28.894+0000] {dag.py:3096} INFO - Sync 1 DAGs
[2025-12-30T23:39:28.905+0000] {logging_mixin.py:188} INFO - [2025-12-30T23:39:28.904+0000] {dag.py:3954} INFO - Setting next_dagrun for example_task_group_decorator to 2025-12-29 00:00:00+00:00, run_after=2025-12-30 00:00:00+00:00
[2025-12-30T23:39:28.918+0000] {processor.py:183} INFO - Processing /home/airflow/.local/lib/python3.12/site-packages/airflow/example_dags/example_task_group_decorator.py took 0.047 seconds
[2025-12-30T23:39:59.116+0000] {processor.py:161} INFO - Started process (PID=795) to work on /home/airflow/.local/lib/python3.12/site-packages/airflow/example_dags/example_task_group_decorator.py
[2025-12-30T23:39:59.117+0000] {processor.py:830} INFO - Processing file /home/airflow/.local/lib/python3.12/site-packages/airflow/example_dags/example_task_group_decorator.py for tasks to queue
[2025-12-30T23:39:59.118+0000] {logging_mixin.py:188} INFO - [2025-12-30T23:39:59.118+0000] {dagbag.py:545} INFO - Filling up the DagBag from /home/airflow/.local/lib/python3.12/site-packages/airflow/example_dags/example_task_group_decorator.py
[2025-12-30T23:39:59.126+0000] {processor.py:840} INFO - DAG(s) 'example_task_group_decorator' retrieved from /home/airflow/.local/lib/python3.12/site-packages/airflow/example_dags/example_task_group_decorator.py
[2025-12-30T23:39:59.140+0000] {logging_mixin.py:188} INFO - [2025-12-30T23:39:59.140+0000] {dag.py:3096} INFO - Sync 1 DAGs
[2025-12-30T23:39:59.153+0000] {logging_mixin.py:188} INFO - [2025-12-30T23:39:59.153+0000] {dag.py:3954} INFO - Setting next_dagrun for example_task_group_decorator to 2025-12-29 00:00:00+00:00, run_after=2025-12-30 00:00:00+00:00
[2025-12-30T23:39:59.166+0000] {processor.py:183} INFO - Processing /home/airflow/.local/lib/python3.12/site-packages/airflow/example_dags/example_task_group_decorator.py took 0.053 seconds
[2025-12-30T23:40:29.386+0000] {processor.py:161} INFO - Started process (PID=854) to work on /home/airflow/.local/lib/python3.12/site-packages/airflow/example_dags/example_task_group_decorator.py
[2025-12-30T23:40:29.386+0000] {processor.py:830} INFO - Processing file /home/airflow/.local/lib/python3.12/site-packages/airflow/example_dags/example_task_group_decorator.py for tasks to queue
[2025-12-30T23:40:29.387+0000] {logging_mixin.py:188} INFO - [2025-12-30T23:40:29.387+0000] {dagbag.py:545} INFO - Filling up the DagBag from /home/airflow/.local/lib/python3.12/site-packages/airflow/example_dags/example_task_group_decorator.py
[2025-12-30T23:40:29.394+0000] {processor.py:840} INFO - DAG(s) 'example_task_group_decorator' retrieved from /home/airflow/.local/lib/python3.12/site-packages/airflow/example_dags/example_task_group_decorator.py
[2025-12-30T23:40:29.407+0000] {logging_mixin.py:188} INFO - [2025-12-30T23:40:29.406+0000] {dag.py:3096} INFO - Sync 1 DAGs
[2025-12-30T23:40:29.418+0000] {logging_mixin.py:188} INFO - [2025-12-30T23:40:29.418+0000] {dag.py:3954} INFO - Setting next_dagrun for example_task_group_decorator to 2025-12-29 00:00:00+00:00, run_after=2025-12-30 00:00:00+00:00
[2025-12-30T23:40:29.426+0000] {processor.py:183} INFO - Processing /home/airflow/.local/lib/python3.12/site-packages/airflow/example_dags/example_task_group_decorator.py took 0.044 seconds
[2025-12-30T23:40:59.695+0000] {processor.py:161} INFO - Started process (PID=916) to work on /home/airflow/.local/lib/python3.12/site-packages/airflow/example_dags/example_task_group_decorator.py
[2025-12-30T23:40:59.695+0000] {processor.py:830} INFO - Processing file /home/airflow/.local/lib/python3.12/site-packages/airflow/example_dags/example_task_group_decorator.py for tasks to queue
[2025-12-30T23:40:59.697+0000] {logging_mixin.py:188} INFO - [2025-12-30T23:40:59.697+0000] {dagbag.py:545} INFO - Filling up the DagBag from /home/airflow/.local/lib/python3.12/site-packages/airflow/example_dags/example_task_group_decorator.py
[2025-12-30T23:40:59.707+0000] {processor.py:840} INFO - DAG(s) 'example_task_group_decorator' retrieved from /home/airflow/.local/lib/python3.12/site-packages/airflow/example_dags/example_task_group_decorator.py
[2025-12-30T23:40:59.731+0000] {logging_mixin.py:188} INFO - [2025-12-30T23:40:59.731+0000] {dag.py:3096} INFO - Sync 1 DAGs
[2025-12-30T23:40:59.759+0000] {logging_mixin.py:188} INFO - [2025-12-30T23:40:59.759+0000] {dag.py:3954} INFO - Setting next_dagrun for example_task_group_decorator to 2025-12-29 00:00:00+00:00, run_after=2025-12-30 00:00:00+00:00
[2025-12-30T23:40:59.779+0000] {processor.py:183} INFO - Processing /home/airflow/.local/lib/python3.12/site-packages/airflow/example_dags/example_task_group_decorator.py took 0.089 seconds
[2025-12-30T23:43:01.374+0000] {processor.py:161} INFO - Started process (PID=86) to work on /home/airflow/.local/lib/python3.12/site-packages/airflow/example_dags/example_task_group_decorator.py
[2025-12-30T23:43:01.375+0000] {processor.py:830} INFO - Processing file /home/airflow/.local/lib/python3.12/site-packages/airflow/example_dags/example_task_group_decorator.py for tasks to queue
[2025-12-30T23:43:01.379+0000] {logging_mixin.py:188} INFO - [2025-12-30T23:43:01.378+0000] {dagbag.py:545} INFO - Filling up the DagBag from /home/airflow/.local/lib/python3.12/site-packages/airflow/example_dags/example_task_group_decorator.py
[2025-12-30T23:43:01.407+0000] {processor.py:840} INFO - DAG(s) 'example_task_group_decorator' retrieved from /home/airflow/.local/lib/python3.12/site-packages/airflow/example_dags/example_task_group_decorator.py
[2025-12-30T23:43:01.426+0000] {logging_mixin.py:188} INFO - [2025-12-30T23:43:01.426+0000] {dag.py:3096} INFO - Sync 1 DAGs
[2025-12-30T23:43:01.490+0000] {logging_mixin.py:188} INFO - [2025-12-30T23:43:01.490+0000] {dag.py:3954} INFO - Setting next_dagrun for example_task_group_decorator to 2025-12-29 00:00:00+00:00, run_after=2025-12-30 00:00:00+00:00
[2025-12-30T23:43:01.509+0000] {processor.py:183} INFO - Processing /home/airflow/.local/lib/python3.12/site-packages/airflow/example_dags/example_task_group_decorator.py took 0.142 seconds
[2025-12-30T23:43:31.889+0000] {processor.py:161} INFO - Started process (PID=146) to work on /home/airflow/.local/lib/python3.12/site-packages/airflow/example_dags/example_task_group_decorator.py
[2025-12-30T23:43:31.890+0000] {processor.py:830} INFO - Processing file /home/airflow/.local/lib/python3.12/site-packages/airflow/example_dags/example_task_group_decorator.py for tasks to queue
[2025-12-30T23:43:31.891+0000] {logging_mixin.py:188} INFO - [2025-12-30T23:43:31.891+0000] {dagbag.py:545} INFO - Filling up the DagBag from /home/airflow/.local/lib/python3.12/site-packages/airflow/example_dags/example_task_group_decorator.py
[2025-12-30T23:43:31.897+0000] {processor.py:840} INFO - DAG(s) 'example_task_group_decorator' retrieved from /home/airflow/.local/lib/python3.12/site-packages/airflow/example_dags/example_task_group_decorator.py
[2025-12-30T23:43:31.945+0000] {logging_mixin.py:188} INFO - [2025-12-30T23:43:31.945+0000] {dag.py:3096} INFO - Sync 1 DAGs
[2025-12-30T23:43:31.955+0000] {logging_mixin.py:188} INFO - [2025-12-30T23:43:31.955+0000] {dag.py:3954} INFO - Setting next_dagrun for example_task_group_decorator to 2025-12-29 00:00:00+00:00, run_after=2025-12-30 00:00:00+00:00
[2025-12-30T23:43:31.965+0000] {processor.py:183} INFO - Processing /home/airflow/.local/lib/python3.12/site-packages/airflow/example_dags/example_task_group_decorator.py took 0.079 seconds
[2025-12-30T23:44:02.344+0000] {processor.py:161} INFO - Started process (PID=206) to work on /home/airflow/.local/lib/python3.12/site-packages/airflow/example_dags/example_task_group_decorator.py
[2025-12-30T23:44:02.345+0000] {processor.py:830} INFO - Processing file /home/airflow/.local/lib/python3.12/site-packages/airflow/example_dags/example_task_group_decorator.py for tasks to queue
[2025-12-30T23:44:02.346+0000] {logging_mixin.py:188} INFO - [2025-12-30T23:44:02.346+0000] {dagbag.py:545} INFO - Filling up the DagBag from /home/airflow/.local/lib/python3.12/site-packages/airflow/example_dags/example_task_group_decorator.py
[2025-12-30T23:44:02.352+0000] {processor.py:840} INFO - DAG(s) 'example_task_group_decorator' retrieved from /home/airflow/.local/lib/python3.12/site-packages/airflow/example_dags/example_task_group_decorator.py
[2025-12-30T23:44:02.365+0000] {logging_mixin.py:188} INFO - [2025-12-30T23:44:02.365+0000] {dag.py:3096} INFO - Sync 1 DAGs
[2025-12-30T23:44:02.375+0000] {logging_mixin.py:188} INFO - [2025-12-30T23:44:02.375+0000] {dag.py:3954} INFO - Setting next_dagrun for example_task_group_decorator to 2025-12-29 00:00:00+00:00, run_after=2025-12-30 00:00:00+00:00
[2025-12-30T23:44:02.386+0000] {processor.py:183} INFO - Processing /home/airflow/.local/lib/python3.12/site-packages/airflow/example_dags/example_task_group_decorator.py took 0.044 seconds
[2025-12-30T23:44:32.566+0000] {processor.py:161} INFO - Started process (PID=266) to work on /home/airflow/.local/lib/python3.12/site-packages/airflow/example_dags/example_task_group_decorator.py
[2025-12-30T23:44:32.567+0000] {processor.py:830} INFO - Processing file /home/airflow/.local/lib/python3.12/site-packages/airflow/example_dags/example_task_group_decorator.py for tasks to queue
[2025-12-30T23:44:32.568+0000] {logging_mixin.py:188} INFO - [2025-12-30T23:44:32.567+0000] {dagbag.py:545} INFO - Filling up the DagBag from /home/airflow/.local/lib/python3.12/site-packages/airflow/example_dags/example_task_group_decorator.py
[2025-12-30T23:44:32.574+0000] {processor.py:840} INFO - DAG(s) 'example_task_group_decorator' retrieved from /home/airflow/.local/lib/python3.12/site-packages/airflow/example_dags/example_task_group_decorator.py
[2025-12-30T23:44:32.587+0000] {logging_mixin.py:188} INFO - [2025-12-30T23:44:32.587+0000] {dag.py:3096} INFO - Sync 1 DAGs
[2025-12-30T23:44:32.596+0000] {logging_mixin.py:188} INFO - [2025-12-30T23:44:32.596+0000] {dag.py:3954} INFO - Setting next_dagrun for example_task_group_decorator to 2025-12-29 00:00:00+00:00, run_after=2025-12-30 00:00:00+00:00
[2025-12-30T23:44:32.604+0000] {processor.py:183} INFO - Processing /home/airflow/.local/lib/python3.12/site-packages/airflow/example_dags/example_task_group_decorator.py took 0.041 seconds
[2025-12-30T23:45:03.171+0000] {processor.py:161} INFO - Started process (PID=326) to work on /home/airflow/.local/lib/python3.12/site-packages/airflow/example_dags/example_task_group_decorator.py
[2025-12-30T23:45:03.171+0000] {processor.py:830} INFO - Processing file /home/airflow/.local/lib/python3.12/site-packages/airflow/example_dags/example_task_group_decorator.py for tasks to queue
[2025-12-30T23:45:03.172+0000] {logging_mixin.py:188} INFO - [2025-12-30T23:45:03.172+0000] {dagbag.py:545} INFO - Filling up the DagBag from /home/airflow/.local/lib/python3.12/site-packages/airflow/example_dags/example_task_group_decorator.py
[2025-12-30T23:45:03.180+0000] {processor.py:840} INFO - DAG(s) 'example_task_group_decorator' retrieved from /home/airflow/.local/lib/python3.12/site-packages/airflow/example_dags/example_task_group_decorator.py
[2025-12-30T23:45:03.192+0000] {logging_mixin.py:188} INFO - [2025-12-30T23:45:03.192+0000] {dag.py:3096} INFO - Sync 1 DAGs
[2025-12-30T23:45:03.202+0000] {logging_mixin.py:188} INFO - [2025-12-30T23:45:03.202+0000] {dag.py:3954} INFO - Setting next_dagrun for example_task_group_decorator to 2025-12-29 00:00:00+00:00, run_after=2025-12-30 00:00:00+00:00
[2025-12-30T23:45:03.210+0000] {processor.py:183} INFO - Processing /home/airflow/.local/lib/python3.12/site-packages/airflow/example_dags/example_task_group_decorator.py took 0.042 seconds
[2025-12-30T23:45:33.431+0000] {processor.py:161} INFO - Started process (PID=386) to work on /home/airflow/.local/lib/python3.12/site-packages/airflow/example_dags/example_task_group_decorator.py
[2025-12-30T23:45:33.432+0000] {processor.py:830} INFO - Processing file /home/airflow/.local/lib/python3.12/site-packages/airflow/example_dags/example_task_group_decorator.py for tasks to queue
[2025-12-30T23:45:33.433+0000] {logging_mixin.py:188} INFO - [2025-12-30T23:45:33.433+0000] {dagbag.py:545} INFO - Filling up the DagBag from /home/airflow/.local/lib/python3.12/site-packages/airflow/example_dags/example_task_group_decorator.py
[2025-12-30T23:45:33.439+0000] {processor.py:840} INFO - DAG(s) 'example_task_group_decorator' retrieved from /home/airflow/.local/lib/python3.12/site-packages/airflow/example_dags/example_task_group_decorator.py
[2025-12-30T23:45:33.452+0000] {logging_mixin.py:188} INFO - [2025-12-30T23:45:33.451+0000] {dag.py:3096} INFO - Sync 1 DAGs
[2025-12-30T23:45:33.462+0000] {logging_mixin.py:188} INFO - [2025-12-30T23:45:33.462+0000] {dag.py:3954} INFO - Setting next_dagrun for example_task_group_decorator to 2025-12-29 00:00:00+00:00, run_after=2025-12-30 00:00:00+00:00
[2025-12-30T23:45:33.471+0000] {processor.py:183} INFO - Processing /home/airflow/.local/lib/python3.12/site-packages/airflow/example_dags/example_task_group_decorator.py took 0.043 seconds
[2025-12-30T23:46:03.619+0000] {processor.py:161} INFO - Started process (PID=446) to work on /home/airflow/.local/lib/python3.12/site-packages/airflow/example_dags/example_task_group_decorator.py
[2025-12-30T23:46:03.620+0000] {processor.py:830} INFO - Processing file /home/airflow/.local/lib/python3.12/site-packages/airflow/example_dags/example_task_group_decorator.py for tasks to queue
[2025-12-30T23:46:03.623+0000] {logging_mixin.py:188} INFO - [2025-12-30T23:46:03.622+0000] {dagbag.py:545} INFO - Filling up the DagBag from /home/airflow/.local/lib/python3.12/site-packages/airflow/example_dags/example_task_group_decorator.py
[2025-12-30T23:46:03.632+0000] {processor.py:840} INFO - DAG(s) 'example_task_group_decorator' retrieved from /home/airflow/.local/lib/python3.12/site-packages/airflow/example_dags/example_task_group_decorator.py
[2025-12-30T23:46:03.647+0000] {logging_mixin.py:188} INFO - [2025-12-30T23:46:03.647+0000] {dag.py:3096} INFO - Sync 1 DAGs
[2025-12-30T23:46:03.656+0000] {logging_mixin.py:188} INFO - [2025-12-30T23:46:03.656+0000] {dag.py:3954} INFO - Setting next_dagrun for example_task_group_decorator to 2025-12-29 00:00:00+00:00, run_after=2025-12-30 00:00:00+00:00
[2025-12-30T23:46:03.665+0000] {processor.py:183} INFO - Processing /home/airflow/.local/lib/python3.12/site-packages/airflow/example_dags/example_task_group_decorator.py took 0.049 seconds
[2025-12-30T23:46:34.655+0000] {processor.py:161} INFO - Started process (PID=506) to work on /home/airflow/.local/lib/python3.12/site-packages/airflow/example_dags/example_task_group_decorator.py
[2025-12-30T23:46:34.656+0000] {processor.py:830} INFO - Processing file /home/airflow/.local/lib/python3.12/site-packages/airflow/example_dags/example_task_group_decorator.py for tasks to queue
[2025-12-30T23:46:34.658+0000] {logging_mixin.py:188} INFO - [2025-12-30T23:46:34.657+0000] {dagbag.py:545} INFO - Filling up the DagBag from /home/airflow/.local/lib/python3.12/site-packages/airflow/example_dags/example_task_group_decorator.py
[2025-12-30T23:46:34.666+0000] {processor.py:840} INFO - DAG(s) 'example_task_group_decorator' retrieved from /home/airflow/.local/lib/python3.12/site-packages/airflow/example_dags/example_task_group_decorator.py
[2025-12-30T23:46:34.685+0000] {logging_mixin.py:188} INFO - [2025-12-30T23:46:34.685+0000] {dag.py:3096} INFO - Sync 1 DAGs
[2025-12-30T23:46:34.700+0000] {logging_mixin.py:188} INFO - [2025-12-30T23:46:34.700+0000] {dag.py:3954} INFO - Setting next_dagrun for example_task_group_decorator to 2025-12-29 00:00:00+00:00, run_after=2025-12-30 00:00:00+00:00
[2025-12-30T23:46:34.722+0000] {processor.py:183} INFO - Processing /home/airflow/.local/lib/python3.12/site-packages/airflow/example_dags/example_task_group_decorator.py took 0.072 seconds
[2025-12-30T23:47:05.298+0000] {processor.py:161} INFO - Started process (PID=566) to work on /home/airflow/.local/lib/python3.12/site-packages/airflow/example_dags/example_task_group_decorator.py
[2025-12-30T23:47:05.299+0000] {processor.py:830} INFO - Processing file /home/airflow/.local/lib/python3.12/site-packages/airflow/example_dags/example_task_group_decorator.py for tasks to queue
[2025-12-30T23:47:05.300+0000] {logging_mixin.py:188} INFO - [2025-12-30T23:47:05.300+0000] {dagbag.py:545} INFO - Filling up the DagBag from /home/airflow/.local/lib/python3.12/site-packages/airflow/example_dags/example_task_group_decorator.py
[2025-12-30T23:47:05.307+0000] {processor.py:840} INFO - DAG(s) 'example_task_group_decorator' retrieved from /home/airflow/.local/lib/python3.12/site-packages/airflow/example_dags/example_task_group_decorator.py
[2025-12-30T23:47:05.320+0000] {logging_mixin.py:188} INFO - [2025-12-30T23:47:05.320+0000] {dag.py:3096} INFO - Sync 1 DAGs
[2025-12-30T23:47:05.331+0000] {logging_mixin.py:188} INFO - [2025-12-30T23:47:05.331+0000] {dag.py:3954} INFO - Setting next_dagrun for example_task_group_decorator to 2025-12-29 00:00:00+00:00, run_after=2025-12-30 00:00:00+00:00
[2025-12-30T23:47:05.346+0000] {processor.py:183} INFO - Processing /home/airflow/.local/lib/python3.12/site-packages/airflow/example_dags/example_task_group_decorator.py took 0.050 seconds
[2025-12-30T23:47:35.671+0000] {processor.py:161} INFO - Started process (PID=626) to work on /home/airflow/.local/lib/python3.12/site-packages/airflow/example_dags/example_task_group_decorator.py
[2025-12-30T23:47:35.672+0000] {processor.py:830} INFO - Processing file /home/airflow/.local/lib/python3.12/site-packages/airflow/example_dags/example_task_group_decorator.py for tasks to queue
[2025-12-30T23:47:35.673+0000] {logging_mixin.py:188} INFO - [2025-12-30T23:47:35.673+0000] {dagbag.py:545} INFO - Filling up the DagBag from /home/airflow/.local/lib/python3.12/site-packages/airflow/example_dags/example_task_group_decorator.py
[2025-12-30T23:47:35.680+0000] {processor.py:840} INFO - DAG(s) 'example_task_group_decorator' retrieved from /home/airflow/.local/lib/python3.12/site-packages/airflow/example_dags/example_task_group_decorator.py
[2025-12-30T23:47:35.692+0000] {logging_mixin.py:188} INFO - [2025-12-30T23:47:35.691+0000] {dag.py:3096} INFO - Sync 1 DAGs
[2025-12-30T23:47:35.704+0000] {logging_mixin.py:188} INFO - [2025-12-30T23:47:35.703+0000] {dag.py:3954} INFO - Setting next_dagrun for example_task_group_decorator to 2025-12-29 00:00:00+00:00, run_after=2025-12-30 00:00:00+00:00
[2025-12-30T23:47:35.712+0000] {processor.py:183} INFO - Processing /home/airflow/.local/lib/python3.12/site-packages/airflow/example_dags/example_task_group_decorator.py took 0.044 seconds
[2025-12-30T23:48:06.928+0000] {processor.py:161} INFO - Started process (PID=686) to work on /home/airflow/.local/lib/python3.12/site-packages/airflow/example_dags/example_task_group_decorator.py
[2025-12-30T23:48:06.928+0000] {processor.py:830} INFO - Processing file /home/airflow/.local/lib/python3.12/site-packages/airflow/example_dags/example_task_group_decorator.py for tasks to queue
[2025-12-30T23:48:06.929+0000] {logging_mixin.py:188} INFO - [2025-12-30T23:48:06.929+0000] {dagbag.py:545} INFO - Filling up the DagBag from /home/airflow/.local/lib/python3.12/site-packages/airflow/example_dags/example_task_group_decorator.py
[2025-12-30T23:48:06.936+0000] {processor.py:840} INFO - DAG(s) 'example_task_group_decorator' retrieved from /home/airflow/.local/lib/python3.12/site-packages/airflow/example_dags/example_task_group_decorator.py
[2025-12-30T23:48:06.948+0000] {logging_mixin.py:188} INFO - [2025-12-30T23:48:06.948+0000] {dag.py:3096} INFO - Sync 1 DAGs
[2025-12-30T23:48:06.957+0000] {logging_mixin.py:188} INFO - [2025-12-30T23:48:06.957+0000] {dag.py:3954} INFO - Setting next_dagrun for example_task_group_decorator to 2025-12-29 00:00:00+00:00, run_after=2025-12-30 00:00:00+00:00
[2025-12-30T23:48:06.964+0000] {processor.py:183} INFO - Processing /home/airflow/.local/lib/python3.12/site-packages/airflow/example_dags/example_task_group_decorator.py took 0.039 seconds
[2025-12-30T23:48:38.260+0000] {processor.py:161} INFO - Started process (PID=746) to work on /home/airflow/.local/lib/python3.12/site-packages/airflow/example_dags/example_task_group_decorator.py
[2025-12-30T23:48:38.261+0000] {processor.py:830} INFO - Processing file /home/airflow/.local/lib/python3.12/site-packages/airflow/example_dags/example_task_group_decorator.py for tasks to queue
[2025-12-30T23:48:38.263+0000] {logging_mixin.py:188} INFO - [2025-12-30T23:48:38.263+0000] {dagbag.py:545} INFO - Filling up the DagBag from /home/airflow/.local/lib/python3.12/site-packages/airflow/example_dags/example_task_group_decorator.py
[2025-12-30T23:48:38.276+0000] {processor.py:840} INFO - DAG(s) 'example_task_group_decorator' retrieved from /home/airflow/.local/lib/python3.12/site-packages/airflow/example_dags/example_task_group_decorator.py
[2025-12-30T23:48:38.292+0000] {logging_mixin.py:188} INFO - [2025-12-30T23:48:38.292+0000] {dag.py:3096} INFO - Sync 1 DAGs
[2025-12-30T23:48:38.309+0000] {logging_mixin.py:188} INFO - [2025-12-30T23:48:38.309+0000] {dag.py:3954} INFO - Setting next_dagrun for example_task_group_decorator to 2025-12-29 00:00:00+00:00, run_after=2025-12-30 00:00:00+00:00
[2025-12-30T23:48:38.320+0000] {processor.py:183} INFO - Processing /home/airflow/.local/lib/python3.12/site-packages/airflow/example_dags/example_task_group_decorator.py took 0.068 seconds
[2025-12-30T23:49:08.584+0000] {processor.py:161} INFO - Started process (PID=806) to work on /home/airflow/.local/lib/python3.12/site-packages/airflow/example_dags/example_task_group_decorator.py
[2025-12-30T23:49:08.585+0000] {processor.py:830} INFO - Processing file /home/airflow/.local/lib/python3.12/site-packages/airflow/example_dags/example_task_group_decorator.py for tasks to queue
[2025-12-30T23:49:08.586+0000] {logging_mixin.py:188} INFO - [2025-12-30T23:49:08.586+0000] {dagbag.py:545} INFO - Filling up the DagBag from /home/airflow/.local/lib/python3.12/site-packages/airflow/example_dags/example_task_group_decorator.py
[2025-12-30T23:49:08.594+0000] {processor.py:840} INFO - DAG(s) 'example_task_group_decorator' retrieved from /home/airflow/.local/lib/python3.12/site-packages/airflow/example_dags/example_task_group_decorator.py
[2025-12-30T23:49:08.605+0000] {logging_mixin.py:188} INFO - [2025-12-30T23:49:08.605+0000] {dag.py:3096} INFO - Sync 1 DAGs
[2025-12-30T23:49:08.615+0000] {logging_mixin.py:188} INFO - [2025-12-30T23:49:08.615+0000] {dag.py:3954} INFO - Setting next_dagrun for example_task_group_decorator to 2025-12-29 00:00:00+00:00, run_after=2025-12-30 00:00:00+00:00
[2025-12-30T23:49:08.625+0000] {processor.py:183} INFO - Processing /home/airflow/.local/lib/python3.12/site-packages/airflow/example_dags/example_task_group_decorator.py took 0.044 seconds
[2025-12-30T23:49:39.673+0000] {processor.py:161} INFO - Started process (PID=866) to work on /home/airflow/.local/lib/python3.12/site-packages/airflow/example_dags/example_task_group_decorator.py
[2025-12-30T23:49:39.674+0000] {processor.py:830} INFO - Processing file /home/airflow/.local/lib/python3.12/site-packages/airflow/example_dags/example_task_group_decorator.py for tasks to queue
[2025-12-30T23:49:39.676+0000] {logging_mixin.py:188} INFO - [2025-12-30T23:49:39.675+0000] {dagbag.py:545} INFO - Filling up the DagBag from /home/airflow/.local/lib/python3.12/site-packages/airflow/example_dags/example_task_group_decorator.py
[2025-12-30T23:49:39.684+0000] {processor.py:840} INFO - DAG(s) 'example_task_group_decorator' retrieved from /home/airflow/.local/lib/python3.12/site-packages/airflow/example_dags/example_task_group_decorator.py
[2025-12-30T23:49:39.699+0000] {logging_mixin.py:188} INFO - [2025-12-30T23:49:39.698+0000] {dag.py:3096} INFO - Sync 1 DAGs
[2025-12-30T23:49:39.711+0000] {logging_mixin.py:188} INFO - [2025-12-30T23:49:39.711+0000] {dag.py:3954} INFO - Setting next_dagrun for example_task_group_decorator to 2025-12-29 00:00:00+00:00, run_after=2025-12-30 00:00:00+00:00
[2025-12-30T23:49:39.721+0000] {processor.py:183} INFO - Processing /home/airflow/.local/lib/python3.12/site-packages/airflow/example_dags/example_task_group_decorator.py took 0.052 seconds
[2025-12-30T23:50:10.214+0000] {processor.py:161} INFO - Started process (PID=926) to work on /home/airflow/.local/lib/python3.12/site-packages/airflow/example_dags/example_task_group_decorator.py
[2025-12-30T23:50:10.214+0000] {processor.py:830} INFO - Processing file /home/airflow/.local/lib/python3.12/site-packages/airflow/example_dags/example_task_group_decorator.py for tasks to queue
[2025-12-30T23:50:10.215+0000] {logging_mixin.py:188} INFO - [2025-12-30T23:50:10.215+0000] {dagbag.py:545} INFO - Filling up the DagBag from /home/airflow/.local/lib/python3.12/site-packages/airflow/example_dags/example_task_group_decorator.py
[2025-12-30T23:50:10.224+0000] {processor.py:840} INFO - DAG(s) 'example_task_group_decorator' retrieved from /home/airflow/.local/lib/python3.12/site-packages/airflow/example_dags/example_task_group_decorator.py
[2025-12-30T23:50:10.241+0000] {logging_mixin.py:188} INFO - [2025-12-30T23:50:10.241+0000] {dag.py:3096} INFO - Sync 1 DAGs
[2025-12-30T23:50:10.257+0000] {logging_mixin.py:188} INFO - [2025-12-30T23:50:10.257+0000] {dag.py:3954} INFO - Setting next_dagrun for example_task_group_decorator to 2025-12-29 00:00:00+00:00, run_after=2025-12-30 00:00:00+00:00
[2025-12-30T23:50:10.267+0000] {processor.py:183} INFO - Processing /home/airflow/.local/lib/python3.12/site-packages/airflow/example_dags/example_task_group_decorator.py took 0.057 seconds
[2025-12-30T23:50:40.603+0000] {processor.py:161} INFO - Started process (PID=986) to work on /home/airflow/.local/lib/python3.12/site-packages/airflow/example_dags/example_task_group_decorator.py
[2025-12-30T23:50:40.603+0000] {processor.py:830} INFO - Processing file /home/airflow/.local/lib/python3.12/site-packages/airflow/example_dags/example_task_group_decorator.py for tasks to queue
[2025-12-30T23:50:40.604+0000] {logging_mixin.py:188} INFO - [2025-12-30T23:50:40.604+0000] {dagbag.py:545} INFO - Filling up the DagBag from /home/airflow/.local/lib/python3.12/site-packages/airflow/example_dags/example_task_group_decorator.py
[2025-12-30T23:50:40.612+0000] {processor.py:840} INFO - DAG(s) 'example_task_group_decorator' retrieved from /home/airflow/.local/lib/python3.12/site-packages/airflow/example_dags/example_task_group_decorator.py
[2025-12-30T23:50:40.625+0000] {logging_mixin.py:188} INFO - [2025-12-30T23:50:40.625+0000] {dag.py:3096} INFO - Sync 1 DAGs
[2025-12-30T23:50:40.636+0000] {logging_mixin.py:188} INFO - [2025-12-30T23:50:40.635+0000] {dag.py:3954} INFO - Setting next_dagrun for example_task_group_decorator to 2025-12-29 00:00:00+00:00, run_after=2025-12-30 00:00:00+00:00
[2025-12-30T23:50:40.644+0000] {processor.py:183} INFO - Processing /home/airflow/.local/lib/python3.12/site-packages/airflow/example_dags/example_task_group_decorator.py took 0.045 seconds
[2025-12-30T23:51:11.297+0000] {processor.py:161} INFO - Started process (PID=1046) to work on /home/airflow/.local/lib/python3.12/site-packages/airflow/example_dags/example_task_group_decorator.py
[2025-12-30T23:51:11.300+0000] {processor.py:830} INFO - Processing file /home/airflow/.local/lib/python3.12/site-packages/airflow/example_dags/example_task_group_decorator.py for tasks to queue
[2025-12-30T23:51:11.301+0000] {logging_mixin.py:188} INFO - [2025-12-30T23:51:11.301+0000] {dagbag.py:545} INFO - Filling up the DagBag from /home/airflow/.local/lib/python3.12/site-packages/airflow/example_dags/example_task_group_decorator.py
[2025-12-30T23:51:11.313+0000] {processor.py:840} INFO - DAG(s) 'example_task_group_decorator' retrieved from /home/airflow/.local/lib/python3.12/site-packages/airflow/example_dags/example_task_group_decorator.py
[2025-12-30T23:51:11.336+0000] {logging_mixin.py:188} INFO - [2025-12-30T23:51:11.336+0000] {dag.py:3096} INFO - Sync 1 DAGs
[2025-12-30T23:51:11.363+0000] {logging_mixin.py:188} INFO - [2025-12-30T23:51:11.363+0000] {dag.py:3954} INFO - Setting next_dagrun for example_task_group_decorator to 2025-12-29 00:00:00+00:00, run_after=2025-12-30 00:00:00+00:00
[2025-12-30T23:51:11.376+0000] {processor.py:183} INFO - Processing /home/airflow/.local/lib/python3.12/site-packages/airflow/example_dags/example_task_group_decorator.py took 0.083 seconds
[2025-12-30T23:51:42.195+0000] {processor.py:161} INFO - Started process (PID=1106) to work on /home/airflow/.local/lib/python3.12/site-packages/airflow/example_dags/example_task_group_decorator.py
[2025-12-30T23:51:42.195+0000] {processor.py:830} INFO - Processing file /home/airflow/.local/lib/python3.12/site-packages/airflow/example_dags/example_task_group_decorator.py for tasks to queue
[2025-12-30T23:51:42.196+0000] {logging_mixin.py:188} INFO - [2025-12-30T23:51:42.196+0000] {dagbag.py:545} INFO - Filling up the DagBag from /home/airflow/.local/lib/python3.12/site-packages/airflow/example_dags/example_task_group_decorator.py
[2025-12-30T23:51:42.203+0000] {processor.py:840} INFO - DAG(s) 'example_task_group_decorator' retrieved from /home/airflow/.local/lib/python3.12/site-packages/airflow/example_dags/example_task_group_decorator.py
[2025-12-30T23:51:42.215+0000] {logging_mixin.py:188} INFO - [2025-12-30T23:51:42.215+0000] {dag.py:3096} INFO - Sync 1 DAGs
[2025-12-30T23:51:42.226+0000] {logging_mixin.py:188} INFO - [2025-12-30T23:51:42.226+0000] {dag.py:3954} INFO - Setting next_dagrun for example_task_group_decorator to 2025-12-29 00:00:00+00:00, run_after=2025-12-30 00:00:00+00:00
[2025-12-30T23:51:42.234+0000] {processor.py:183} INFO - Processing /home/airflow/.local/lib/python3.12/site-packages/airflow/example_dags/example_task_group_decorator.py took 0.042 seconds
[2025-12-30T23:52:12.259+0000] {processor.py:161} INFO - Started process (PID=1164) to work on /home/airflow/.local/lib/python3.12/site-packages/airflow/example_dags/example_task_group_decorator.py
[2025-12-30T23:52:12.260+0000] {processor.py:830} INFO - Processing file /home/airflow/.local/lib/python3.12/site-packages/airflow/example_dags/example_task_group_decorator.py for tasks to queue
[2025-12-30T23:52:12.261+0000] {logging_mixin.py:188} INFO - [2025-12-30T23:52:12.261+0000] {dagbag.py:545} INFO - Filling up the DagBag from /home/airflow/.local/lib/python3.12/site-packages/airflow/example_dags/example_task_group_decorator.py
[2025-12-30T23:52:12.267+0000] {processor.py:840} INFO - DAG(s) 'example_task_group_decorator' retrieved from /home/airflow/.local/lib/python3.12/site-packages/airflow/example_dags/example_task_group_decorator.py
[2025-12-30T23:52:12.279+0000] {logging_mixin.py:188} INFO - [2025-12-30T23:52:12.279+0000] {dag.py:3096} INFO - Sync 1 DAGs
[2025-12-30T23:52:12.289+0000] {logging_mixin.py:188} INFO - [2025-12-30T23:52:12.289+0000] {dag.py:3954} INFO - Setting next_dagrun for example_task_group_decorator to 2025-12-29 00:00:00+00:00, run_after=2025-12-30 00:00:00+00:00
[2025-12-30T23:52:12.298+0000] {processor.py:183} INFO - Processing /home/airflow/.local/lib/python3.12/site-packages/airflow/example_dags/example_task_group_decorator.py took 0.041 seconds
[2025-12-30T23:52:42.657+0000] {processor.py:161} INFO - Started process (PID=1224) to work on /home/airflow/.local/lib/python3.12/site-packages/airflow/example_dags/example_task_group_decorator.py
[2025-12-30T23:52:42.657+0000] {processor.py:830} INFO - Processing file /home/airflow/.local/lib/python3.12/site-packages/airflow/example_dags/example_task_group_decorator.py for tasks to queue
[2025-12-30T23:52:42.658+0000] {logging_mixin.py:188} INFO - [2025-12-30T23:52:42.658+0000] {dagbag.py:545} INFO - Filling up the DagBag from /home/airflow/.local/lib/python3.12/site-packages/airflow/example_dags/example_task_group_decorator.py
[2025-12-30T23:52:42.665+0000] {processor.py:840} INFO - DAG(s) 'example_task_group_decorator' retrieved from /home/airflow/.local/lib/python3.12/site-packages/airflow/example_dags/example_task_group_decorator.py
[2025-12-30T23:52:42.677+0000] {logging_mixin.py:188} INFO - [2025-12-30T23:52:42.677+0000] {dag.py:3096} INFO - Sync 1 DAGs
[2025-12-30T23:52:42.686+0000] {logging_mixin.py:188} INFO - [2025-12-30T23:52:42.686+0000] {dag.py:3954} INFO - Setting next_dagrun for example_task_group_decorator to 2025-12-29 00:00:00+00:00, run_after=2025-12-30 00:00:00+00:00
[2025-12-30T23:52:42.694+0000] {processor.py:183} INFO - Processing /home/airflow/.local/lib/python3.12/site-packages/airflow/example_dags/example_task_group_decorator.py took 0.040 seconds
[2025-12-30T23:53:13.115+0000] {processor.py:161} INFO - Started process (PID=1284) to work on /home/airflow/.local/lib/python3.12/site-packages/airflow/example_dags/example_task_group_decorator.py
[2025-12-30T23:53:13.115+0000] {processor.py:830} INFO - Processing file /home/airflow/.local/lib/python3.12/site-packages/airflow/example_dags/example_task_group_decorator.py for tasks to queue
[2025-12-30T23:53:13.117+0000] {logging_mixin.py:188} INFO - [2025-12-30T23:53:13.116+0000] {dagbag.py:545} INFO - Filling up the DagBag from /home/airflow/.local/lib/python3.12/site-packages/airflow/example_dags/example_task_group_decorator.py
[2025-12-30T23:53:13.125+0000] {processor.py:840} INFO - DAG(s) 'example_task_group_decorator' retrieved from /home/airflow/.local/lib/python3.12/site-packages/airflow/example_dags/example_task_group_decorator.py
[2025-12-30T23:53:13.145+0000] {logging_mixin.py:188} INFO - [2025-12-30T23:53:13.145+0000] {dag.py:3096} INFO - Sync 1 DAGs
[2025-12-30T23:53:13.157+0000] {logging_mixin.py:188} INFO - [2025-12-30T23:53:13.156+0000] {dag.py:3954} INFO - Setting next_dagrun for example_task_group_decorator to 2025-12-29 00:00:00+00:00, run_after=2025-12-30 00:00:00+00:00
[2025-12-30T23:53:13.166+0000] {processor.py:183} INFO - Processing /home/airflow/.local/lib/python3.12/site-packages/airflow/example_dags/example_task_group_decorator.py took 0.056 seconds
[2025-12-30T23:53:43.584+0000] {processor.py:161} INFO - Started process (PID=1344) to work on /home/airflow/.local/lib/python3.12/site-packages/airflow/example_dags/example_task_group_decorator.py
[2025-12-30T23:53:43.585+0000] {processor.py:830} INFO - Processing file /home/airflow/.local/lib/python3.12/site-packages/airflow/example_dags/example_task_group_decorator.py for tasks to queue
[2025-12-30T23:53:43.586+0000] {logging_mixin.py:188} INFO - [2025-12-30T23:53:43.586+0000] {dagbag.py:545} INFO - Filling up the DagBag from /home/airflow/.local/lib/python3.12/site-packages/airflow/example_dags/example_task_group_decorator.py
[2025-12-30T23:53:43.593+0000] {processor.py:840} INFO - DAG(s) 'example_task_group_decorator' retrieved from /home/airflow/.local/lib/python3.12/site-packages/airflow/example_dags/example_task_group_decorator.py
[2025-12-30T23:53:43.605+0000] {logging_mixin.py:188} INFO - [2025-12-30T23:53:43.604+0000] {dag.py:3096} INFO - Sync 1 DAGs
[2025-12-30T23:53:43.615+0000] {logging_mixin.py:188} INFO - [2025-12-30T23:53:43.615+0000] {dag.py:3954} INFO - Setting next_dagrun for example_task_group_decorator to 2025-12-29 00:00:00+00:00, run_after=2025-12-30 00:00:00+00:00
[2025-12-30T23:53:43.623+0000] {processor.py:183} INFO - Processing /home/airflow/.local/lib/python3.12/site-packages/airflow/example_dags/example_task_group_decorator.py took 0.043 seconds
[2025-12-30T23:54:13.742+0000] {processor.py:161} INFO - Started process (PID=1404) to work on /home/airflow/.local/lib/python3.12/site-packages/airflow/example_dags/example_task_group_decorator.py
[2025-12-30T23:54:13.743+0000] {processor.py:830} INFO - Processing file /home/airflow/.local/lib/python3.12/site-packages/airflow/example_dags/example_task_group_decorator.py for tasks to queue
[2025-12-30T23:54:13.744+0000] {logging_mixin.py:188} INFO - [2025-12-30T23:54:13.744+0000] {dagbag.py:545} INFO - Filling up the DagBag from /home/airflow/.local/lib/python3.12/site-packages/airflow/example_dags/example_task_group_decorator.py
[2025-12-30T23:54:13.750+0000] {processor.py:840} INFO - DAG(s) 'example_task_group_decorator' retrieved from /home/airflow/.local/lib/python3.12/site-packages/airflow/example_dags/example_task_group_decorator.py
[2025-12-30T23:54:13.763+0000] {logging_mixin.py:188} INFO - [2025-12-30T23:54:13.762+0000] {dag.py:3096} INFO - Sync 1 DAGs
[2025-12-30T23:54:13.773+0000] {logging_mixin.py:188} INFO - [2025-12-30T23:54:13.773+0000] {dag.py:3954} INFO - Setting next_dagrun for example_task_group_decorator to 2025-12-29 00:00:00+00:00, run_after=2025-12-30 00:00:00+00:00
[2025-12-30T23:54:13.781+0000] {processor.py:183} INFO - Processing /home/airflow/.local/lib/python3.12/site-packages/airflow/example_dags/example_task_group_decorator.py took 0.042 seconds
[2025-12-30T23:54:44.169+0000] {processor.py:161} INFO - Started process (PID=1464) to work on /home/airflow/.local/lib/python3.12/site-packages/airflow/example_dags/example_task_group_decorator.py
[2025-12-30T23:54:44.170+0000] {processor.py:830} INFO - Processing file /home/airflow/.local/lib/python3.12/site-packages/airflow/example_dags/example_task_group_decorator.py for tasks to queue
[2025-12-30T23:54:44.171+0000] {logging_mixin.py:188} INFO - [2025-12-30T23:54:44.171+0000] {dagbag.py:545} INFO - Filling up the DagBag from /home/airflow/.local/lib/python3.12/site-packages/airflow/example_dags/example_task_group_decorator.py
[2025-12-30T23:54:44.178+0000] {processor.py:840} INFO - DAG(s) 'example_task_group_decorator' retrieved from /home/airflow/.local/lib/python3.12/site-packages/airflow/example_dags/example_task_group_decorator.py
[2025-12-30T23:54:44.190+0000] {logging_mixin.py:188} INFO - [2025-12-30T23:54:44.190+0000] {dag.py:3096} INFO - Sync 1 DAGs
[2025-12-30T23:54:44.202+0000] {logging_mixin.py:188} INFO - [2025-12-30T23:54:44.202+0000] {dag.py:3954} INFO - Setting next_dagrun for example_task_group_decorator to 2025-12-29 00:00:00+00:00, run_after=2025-12-30 00:00:00+00:00
[2025-12-30T23:54:44.210+0000] {processor.py:183} INFO - Processing /home/airflow/.local/lib/python3.12/site-packages/airflow/example_dags/example_task_group_decorator.py took 0.044 seconds
[2025-12-30T23:55:14.367+0000] {processor.py:161} INFO - Started process (PID=1524) to work on /home/airflow/.local/lib/python3.12/site-packages/airflow/example_dags/example_task_group_decorator.py
[2025-12-30T23:55:14.368+0000] {processor.py:830} INFO - Processing file /home/airflow/.local/lib/python3.12/site-packages/airflow/example_dags/example_task_group_decorator.py for tasks to queue
[2025-12-30T23:55:14.370+0000] {logging_mixin.py:188} INFO - [2025-12-30T23:55:14.369+0000] {dagbag.py:545} INFO - Filling up the DagBag from /home/airflow/.local/lib/python3.12/site-packages/airflow/example_dags/example_task_group_decorator.py
[2025-12-30T23:55:14.379+0000] {processor.py:840} INFO - DAG(s) 'example_task_group_decorator' retrieved from /home/airflow/.local/lib/python3.12/site-packages/airflow/example_dags/example_task_group_decorator.py
[2025-12-30T23:55:14.392+0000] {logging_mixin.py:188} INFO - [2025-12-30T23:55:14.392+0000] {dag.py:3096} INFO - Sync 1 DAGs
[2025-12-30T23:55:14.406+0000] {logging_mixin.py:188} INFO - [2025-12-30T23:55:14.406+0000] {dag.py:3954} INFO - Setting next_dagrun for example_task_group_decorator to 2025-12-29 00:00:00+00:00, run_after=2025-12-30 00:00:00+00:00
[2025-12-30T23:55:14.419+0000] {processor.py:183} INFO - Processing /home/airflow/.local/lib/python3.12/site-packages/airflow/example_dags/example_task_group_decorator.py took 0.058 seconds
[2025-12-30T23:55:44.655+0000] {processor.py:161} INFO - Started process (PID=1584) to work on /home/airflow/.local/lib/python3.12/site-packages/airflow/example_dags/example_task_group_decorator.py
[2025-12-30T23:55:44.655+0000] {processor.py:830} INFO - Processing file /home/airflow/.local/lib/python3.12/site-packages/airflow/example_dags/example_task_group_decorator.py for tasks to queue
[2025-12-30T23:55:44.656+0000] {logging_mixin.py:188} INFO - [2025-12-30T23:55:44.656+0000] {dagbag.py:545} INFO - Filling up the DagBag from /home/airflow/.local/lib/python3.12/site-packages/airflow/example_dags/example_task_group_decorator.py
[2025-12-30T23:55:44.662+0000] {processor.py:840} INFO - DAG(s) 'example_task_group_decorator' retrieved from /home/airflow/.local/lib/python3.12/site-packages/airflow/example_dags/example_task_group_decorator.py
[2025-12-30T23:55:44.675+0000] {logging_mixin.py:188} INFO - [2025-12-30T23:55:44.674+0000] {dag.py:3096} INFO - Sync 1 DAGs
[2025-12-30T23:55:44.684+0000] {logging_mixin.py:188} INFO - [2025-12-30T23:55:44.684+0000] {dag.py:3954} INFO - Setting next_dagrun for example_task_group_decorator to 2025-12-29 00:00:00+00:00, run_after=2025-12-30 00:00:00+00:00
[2025-12-30T23:55:44.692+0000] {processor.py:183} INFO - Processing /home/airflow/.local/lib/python3.12/site-packages/airflow/example_dags/example_task_group_decorator.py took 0.040 seconds
[2025-12-30T23:56:15.044+0000] {processor.py:161} INFO - Started process (PID=1643) to work on /home/airflow/.local/lib/python3.12/site-packages/airflow/example_dags/example_task_group_decorator.py
[2025-12-30T23:56:15.045+0000] {processor.py:830} INFO - Processing file /home/airflow/.local/lib/python3.12/site-packages/airflow/example_dags/example_task_group_decorator.py for tasks to queue
[2025-12-30T23:56:15.046+0000] {logging_mixin.py:188} INFO - [2025-12-30T23:56:15.046+0000] {dagbag.py:545} INFO - Filling up the DagBag from /home/airflow/.local/lib/python3.12/site-packages/airflow/example_dags/example_task_group_decorator.py
[2025-12-30T23:56:15.052+0000] {processor.py:840} INFO - DAG(s) 'example_task_group_decorator' retrieved from /home/airflow/.local/lib/python3.12/site-packages/airflow/example_dags/example_task_group_decorator.py
[2025-12-30T23:56:15.063+0000] {logging_mixin.py:188} INFO - [2025-12-30T23:56:15.063+0000] {dag.py:3096} INFO - Sync 1 DAGs
[2025-12-30T23:56:15.072+0000] {logging_mixin.py:188} INFO - [2025-12-30T23:56:15.072+0000] {dag.py:3954} INFO - Setting next_dagrun for example_task_group_decorator to 2025-12-29 00:00:00+00:00, run_after=2025-12-30 00:00:00+00:00
[2025-12-30T23:56:15.079+0000] {processor.py:183} INFO - Processing /home/airflow/.local/lib/python3.12/site-packages/airflow/example_dags/example_task_group_decorator.py took 0.040 seconds
[2025-12-30T23:56:45.277+0000] {processor.py:161} INFO - Started process (PID=1703) to work on /home/airflow/.local/lib/python3.12/site-packages/airflow/example_dags/example_task_group_decorator.py
[2025-12-30T23:56:45.277+0000] {processor.py:830} INFO - Processing file /home/airflow/.local/lib/python3.12/site-packages/airflow/example_dags/example_task_group_decorator.py for tasks to queue
[2025-12-30T23:56:45.278+0000] {logging_mixin.py:188} INFO - [2025-12-30T23:56:45.278+0000] {dagbag.py:545} INFO - Filling up the DagBag from /home/airflow/.local/lib/python3.12/site-packages/airflow/example_dags/example_task_group_decorator.py
[2025-12-30T23:56:45.284+0000] {processor.py:840} INFO - DAG(s) 'example_task_group_decorator' retrieved from /home/airflow/.local/lib/python3.12/site-packages/airflow/example_dags/example_task_group_decorator.py
[2025-12-30T23:56:45.295+0000] {logging_mixin.py:188} INFO - [2025-12-30T23:56:45.295+0000] {dag.py:3096} INFO - Sync 1 DAGs
[2025-12-30T23:56:45.304+0000] {logging_mixin.py:188} INFO - [2025-12-30T23:56:45.303+0000] {dag.py:3954} INFO - Setting next_dagrun for example_task_group_decorator to 2025-12-29 00:00:00+00:00, run_after=2025-12-30 00:00:00+00:00
[2025-12-30T23:56:45.310+0000] {processor.py:183} INFO - Processing /home/airflow/.local/lib/python3.12/site-packages/airflow/example_dags/example_task_group_decorator.py took 0.036 seconds
[2025-12-30T23:57:15.819+0000] {processor.py:161} INFO - Started process (PID=1763) to work on /home/airflow/.local/lib/python3.12/site-packages/airflow/example_dags/example_task_group_decorator.py
[2025-12-30T23:57:15.820+0000] {processor.py:830} INFO - Processing file /home/airflow/.local/lib/python3.12/site-packages/airflow/example_dags/example_task_group_decorator.py for tasks to queue
[2025-12-30T23:57:15.821+0000] {logging_mixin.py:188} INFO - [2025-12-30T23:57:15.820+0000] {dagbag.py:545} INFO - Filling up the DagBag from /home/airflow/.local/lib/python3.12/site-packages/airflow/example_dags/example_task_group_decorator.py
[2025-12-30T23:57:15.827+0000] {processor.py:840} INFO - DAG(s) 'example_task_group_decorator' retrieved from /home/airflow/.local/lib/python3.12/site-packages/airflow/example_dags/example_task_group_decorator.py
[2025-12-30T23:57:15.837+0000] {logging_mixin.py:188} INFO - [2025-12-30T23:57:15.837+0000] {dag.py:3096} INFO - Sync 1 DAGs
[2025-12-30T23:57:15.847+0000] {logging_mixin.py:188} INFO - [2025-12-30T23:57:15.846+0000] {dag.py:3954} INFO - Setting next_dagrun for example_task_group_decorator to 2025-12-29 00:00:00+00:00, run_after=2025-12-30 00:00:00+00:00
[2025-12-30T23:57:15.855+0000] {processor.py:183} INFO - Processing /home/airflow/.local/lib/python3.12/site-packages/airflow/example_dags/example_task_group_decorator.py took 0.039 seconds
[2025-12-30T23:57:45.879+0000] {processor.py:161} INFO - Started process (PID=1823) to work on /home/airflow/.local/lib/python3.12/site-packages/airflow/example_dags/example_task_group_decorator.py
[2025-12-30T23:57:45.879+0000] {processor.py:830} INFO - Processing file /home/airflow/.local/lib/python3.12/site-packages/airflow/example_dags/example_task_group_decorator.py for tasks to queue
[2025-12-30T23:57:45.880+0000] {logging_mixin.py:188} INFO - [2025-12-30T23:57:45.880+0000] {dagbag.py:545} INFO - Filling up the DagBag from /home/airflow/.local/lib/python3.12/site-packages/airflow/example_dags/example_task_group_decorator.py
[2025-12-30T23:57:45.887+0000] {processor.py:840} INFO - DAG(s) 'example_task_group_decorator' retrieved from /home/airflow/.local/lib/python3.12/site-packages/airflow/example_dags/example_task_group_decorator.py
[2025-12-30T23:57:45.898+0000] {logging_mixin.py:188} INFO - [2025-12-30T23:57:45.898+0000] {dag.py:3096} INFO - Sync 1 DAGs
[2025-12-30T23:57:45.908+0000] {logging_mixin.py:188} INFO - [2025-12-30T23:57:45.908+0000] {dag.py:3954} INFO - Setting next_dagrun for example_task_group_decorator to 2025-12-29 00:00:00+00:00, run_after=2025-12-30 00:00:00+00:00
[2025-12-30T23:57:45.917+0000] {processor.py:183} INFO - Processing /home/airflow/.local/lib/python3.12/site-packages/airflow/example_dags/example_task_group_decorator.py took 0.040 seconds
[2025-12-30T23:58:15.966+0000] {processor.py:161} INFO - Started process (PID=1883) to work on /home/airflow/.local/lib/python3.12/site-packages/airflow/example_dags/example_task_group_decorator.py
[2025-12-30T23:58:15.967+0000] {processor.py:830} INFO - Processing file /home/airflow/.local/lib/python3.12/site-packages/airflow/example_dags/example_task_group_decorator.py for tasks to queue
[2025-12-30T23:58:15.968+0000] {logging_mixin.py:188} INFO - [2025-12-30T23:58:15.968+0000] {dagbag.py:545} INFO - Filling up the DagBag from /home/airflow/.local/lib/python3.12/site-packages/airflow/example_dags/example_task_group_decorator.py
[2025-12-30T23:58:15.975+0000] {processor.py:840} INFO - DAG(s) 'example_task_group_decorator' retrieved from /home/airflow/.local/lib/python3.12/site-packages/airflow/example_dags/example_task_group_decorator.py
[2025-12-30T23:58:15.986+0000] {logging_mixin.py:188} INFO - [2025-12-30T23:58:15.986+0000] {dag.py:3096} INFO - Sync 1 DAGs
[2025-12-30T23:58:15.995+0000] {logging_mixin.py:188} INFO - [2025-12-30T23:58:15.995+0000] {dag.py:3954} INFO - Setting next_dagrun for example_task_group_decorator to 2025-12-29 00:00:00+00:00, run_after=2025-12-30 00:00:00+00:00
[2025-12-30T23:58:16.005+0000] {processor.py:183} INFO - Processing /home/airflow/.local/lib/python3.12/site-packages/airflow/example_dags/example_task_group_decorator.py took 0.041 seconds
[2025-12-30T23:58:47.036+0000] {processor.py:161} INFO - Started process (PID=1943) to work on /home/airflow/.local/lib/python3.12/site-packages/airflow/example_dags/example_task_group_decorator.py
[2025-12-30T23:58:47.037+0000] {processor.py:830} INFO - Processing file /home/airflow/.local/lib/python3.12/site-packages/airflow/example_dags/example_task_group_decorator.py for tasks to queue
[2025-12-30T23:58:47.038+0000] {logging_mixin.py:188} INFO - [2025-12-30T23:58:47.038+0000] {dagbag.py:545} INFO - Filling up the DagBag from /home/airflow/.local/lib/python3.12/site-packages/airflow/example_dags/example_task_group_decorator.py
[2025-12-30T23:58:47.044+0000] {processor.py:840} INFO - DAG(s) 'example_task_group_decorator' retrieved from /home/airflow/.local/lib/python3.12/site-packages/airflow/example_dags/example_task_group_decorator.py
[2025-12-30T23:58:47.056+0000] {logging_mixin.py:188} INFO - [2025-12-30T23:58:47.056+0000] {dag.py:3096} INFO - Sync 1 DAGs
[2025-12-30T23:58:47.067+0000] {logging_mixin.py:188} INFO - [2025-12-30T23:58:47.067+0000] {dag.py:3954} INFO - Setting next_dagrun for example_task_group_decorator to 2025-12-29 00:00:00+00:00, run_after=2025-12-30 00:00:00+00:00
[2025-12-30T23:58:47.077+0000] {processor.py:183} INFO - Processing /home/airflow/.local/lib/python3.12/site-packages/airflow/example_dags/example_task_group_decorator.py took 0.044 seconds
[2025-12-30T23:59:18.525+0000] {processor.py:161} INFO - Started process (PID=2003) to work on /home/airflow/.local/lib/python3.12/site-packages/airflow/example_dags/example_task_group_decorator.py
[2025-12-30T23:59:18.526+0000] {processor.py:830} INFO - Processing file /home/airflow/.local/lib/python3.12/site-packages/airflow/example_dags/example_task_group_decorator.py for tasks to queue
[2025-12-30T23:59:18.528+0000] {logging_mixin.py:188} INFO - [2025-12-30T23:59:18.528+0000] {dagbag.py:545} INFO - Filling up the DagBag from /home/airflow/.local/lib/python3.12/site-packages/airflow/example_dags/example_task_group_decorator.py
[2025-12-30T23:59:18.538+0000] {processor.py:840} INFO - DAG(s) 'example_task_group_decorator' retrieved from /home/airflow/.local/lib/python3.12/site-packages/airflow/example_dags/example_task_group_decorator.py
[2025-12-30T23:59:18.550+0000] {logging_mixin.py:188} INFO - [2025-12-30T23:59:18.550+0000] {dag.py:3096} INFO - Sync 1 DAGs
[2025-12-30T23:59:18.673+0000] {logging_mixin.py:188} INFO - [2025-12-30T23:59:18.673+0000] {dag.py:3954} INFO - Setting next_dagrun for example_task_group_decorator to 2025-12-29 00:00:00+00:00, run_after=2025-12-30 00:00:00+00:00
[2025-12-30T23:59:18.680+0000] {processor.py:183} INFO - Processing /home/airflow/.local/lib/python3.12/site-packages/airflow/example_dags/example_task_group_decorator.py took 0.161 seconds
[2025-12-30T23:59:49.050+0000] {processor.py:161} INFO - Started process (PID=2063) to work on /home/airflow/.local/lib/python3.12/site-packages/airflow/example_dags/example_task_group_decorator.py
[2025-12-30T23:59:49.050+0000] {processor.py:830} INFO - Processing file /home/airflow/.local/lib/python3.12/site-packages/airflow/example_dags/example_task_group_decorator.py for tasks to queue
[2025-12-30T23:59:49.051+0000] {logging_mixin.py:188} INFO - [2025-12-30T23:59:49.051+0000] {dagbag.py:545} INFO - Filling up the DagBag from /home/airflow/.local/lib/python3.12/site-packages/airflow/example_dags/example_task_group_decorator.py
[2025-12-30T23:59:49.057+0000] {processor.py:840} INFO - DAG(s) 'example_task_group_decorator' retrieved from /home/airflow/.local/lib/python3.12/site-packages/airflow/example_dags/example_task_group_decorator.py
[2025-12-30T23:59:49.068+0000] {logging_mixin.py:188} INFO - [2025-12-30T23:59:49.068+0000] {dag.py:3096} INFO - Sync 1 DAGs
[2025-12-30T23:59:49.171+0000] {logging_mixin.py:188} INFO - [2025-12-30T23:59:49.171+0000] {dag.py:3954} INFO - Setting next_dagrun for example_task_group_decorator to 2025-12-29 00:00:00+00:00, run_after=2025-12-30 00:00:00+00:00
[2025-12-30T23:59:49.178+0000] {processor.py:183} INFO - Processing /home/airflow/.local/lib/python3.12/site-packages/airflow/example_dags/example_task_group_decorator.py took 0.131 seconds
