[2025-12-31T20:25:40.604+0000] {local_task_job_runner.py:120} INFO - ::group::Pre task execution logs
[2025-12-31T20:25:40.621+0000] {taskinstance.py:2076} INFO - Dependencies all met for dep_context=non-requeueable deps ti=<TaskInstance: demo-lab.hello manual__2025-12-31T20:25:36.858781+00:00 [queued]>
[2025-12-31T20:25:40.625+0000] {taskinstance.py:2076} INFO - Dependencies all met for dep_context=requeueable deps ti=<TaskInstance: demo-lab.hello manual__2025-12-31T20:25:36.858781+00:00 [queued]>
[2025-12-31T20:25:40.625+0000] {taskinstance.py:2306} INFO - Starting attempt 1 of 1
[2025-12-31T20:25:40.633+0000] {taskinstance.py:2330} INFO - Executing <Task(BashOperator): hello> on 2025-12-31 20:25:36.858781+00:00
[2025-12-31T20:25:40.652+0000] {warnings.py:112} WARNING - /home/***/.local/lib/python3.12/site-packages/***/task/task_runner/standard_task_runner.py:61: DeprecationWarning: This process (pid=138) is multi-threaded, use of fork() may lead to deadlocks in the child.
  pid = os.fork()

[2025-12-31T20:25:40.654+0000] {standard_task_runner.py:90} INFO - Running: ['***', 'tasks', 'run', 'demo-lab', 'hello', 'manual__2025-12-31T20:25:36.858781+00:00', '--job-id', '40', '--raw', '--subdir', 'DAGS_FOLDER/***.py', '--cfg-path', '/tmp/tmpr5jfpva1']
[2025-12-31T20:25:40.655+0000] {standard_task_runner.py:91} INFO - Job 40: Subtask hello
[2025-12-31T20:25:40.655+0000] {standard_task_runner.py:63} INFO - Started process 143 to run task
[2025-12-31T20:25:40.730+0000] {task_command.py:426} INFO - Running <TaskInstance: demo-lab.hello manual__2025-12-31T20:25:36.858781+00:00 [running]> on host 21d482eb38d8
[2025-12-31T20:25:40.888+0000] {taskinstance.py:2648} INFO - Exporting env vars: AIRFLOW_CTX_DAG_OWNER='***' AIRFLOW_CTX_DAG_ID='demo-lab' AIRFLOW_CTX_TASK_ID='hello' AIRFLOW_CTX_EXECUTION_DATE='2025-12-31T20:25:36.858781+00:00' AIRFLOW_CTX_TRY_NUMBER='1' AIRFLOW_CTX_DAG_RUN_ID='manual__2025-12-31T20:25:36.858781+00:00'
[2025-12-31T20:25:40.890+0000] {taskinstance.py:430} INFO - ::endgroup::
[2025-12-31T20:25:40.892+0000] {subprocess.py:63} INFO - Tmp dir root location: /tmp
[2025-12-31T20:25:40.893+0000] {subprocess.py:75} INFO - Running command: ['/usr/bin/bash', '-c', '/bin/sh -c echo hello']
[2025-12-31T20:25:40.910+0000] {subprocess.py:86} INFO - Output:
[2025-12-31T20:25:40.934+0000] {subprocess.py:93} INFO - 
[2025-12-31T20:25:40.935+0000] {subprocess.py:97} INFO - Command exited with return code 0
[2025-12-31T20:25:40.939+0000] {taskinstance.py:441} INFO - ::group::Post task execution logs
[2025-12-31T20:25:40.969+0000] {taskinstance.py:1206} INFO - Marking task as SUCCESS. dag_id=demo-lab, task_id=hello, run_id=manual__2025-12-31T20:25:36.858781+00:00, execution_date=20251231T202536, start_date=20251231T202540, end_date=20251231T202540
[2025-12-31T20:25:41.003+0000] {local_task_job_runner.py:240} INFO - Task exited with return code 0
[2025-12-31T20:25:41.040+0000] {taskinstance.py:3503} INFO - 1 downstream tasks scheduled from follow-on schedule check
[2025-12-31T20:25:41.042+0000] {local_task_job_runner.py:222} INFO - ::endgroup::
