[2025-12-31T02:16:07.314+0000] {local_task_job_runner.py:120} INFO - ::group::Pre task execution logs
[2025-12-31T02:16:16.257+0000] {taskinstance.py:2076} INFO - Dependencies all met for dep_context=non-requeueable deps ti=<TaskInstance: Airflow-Lab1.build_save_model_task scheduled__2022-03-17T00:00:00+00:00 [queued]>
[2025-12-31T02:16:17.798+0000] {taskinstance.py:2076} INFO - Dependencies all met for dep_context=requeueable deps ti=<TaskInstance: Airflow-Lab1.build_save_model_task scheduled__2022-03-17T00:00:00+00:00 [queued]>
[2025-12-31T02:16:17.899+0000] {taskinstance.py:2306} INFO - Starting attempt 1 of 1
[2025-12-31T02:16:19.810+0000] {taskinstance.py:2330} INFO - Executing <Task(PythonOperator): build_save_model_task> on 2022-03-17 00:00:00+00:00
[2025-12-31T02:17:28.604+0000] {warnings.py:112} WARNING - /home/***/.local/lib/python3.12/site-packages/***/task/task_runner/standard_task_runner.py:61: DeprecationWarning: This process (pid=540) is multi-threaded, use of fork() may lead to deadlocks in the child.
  pid = os.fork()

[2025-12-31T02:17:28.771+0000] {standard_task_runner.py:63} INFO - Started process 643 to run task
[2025-12-31T02:17:28.837+0000] {standard_task_runner.py:90} INFO - Running: ['***', 'tasks', 'run', 'Airflow-Lab1', 'build_save_model_task', 'scheduled__2022-03-17T00:00:00+00:00', '--job-id', '13', '--raw', '--subdir', 'DAGS_FOLDER/***.py', '--cfg-path', '/tmp/tmpiakgqdqd']
[2025-12-31T02:17:28.911+0000] {standard_task_runner.py:91} INFO - Job 13: Subtask build_save_model_task
[2025-12-31T02:17:33.178+0000] {task_command.py:426} INFO - Running <TaskInstance: Airflow-Lab1.build_save_model_task scheduled__2022-03-17T00:00:00+00:00 [running]> on host e12c6282c815
[2025-12-31T02:25:56.164+0000] {taskinstance.py:2648} INFO - Exporting env vars: AIRFLOW_CTX_DAG_OWNER='***' AIRFLOW_CTX_DAG_ID='Airflow-Lab1' AIRFLOW_CTX_TASK_ID='build_save_model_task' AIRFLOW_CTX_EXECUTION_DATE='2022-03-17T00:00:00+00:00' AIRFLOW_CTX_TRY_NUMBER='1' AIRFLOW_CTX_DAG_RUN_ID='scheduled__2022-03-17T00:00:00+00:00'
[2025-12-31T02:25:56.260+0000] {taskinstance.py:430} INFO - ::endgroup::
[2025-12-31T02:46:44.143+0000] {local_task_job_runner.py:214} ERROR - Heartbeat time limit exceeded!
[2025-12-31T02:46:44.808+0000] {local_task_job_runner.py:222} INFO - ::endgroup::
[2025-12-31T02:46:45.300+0000] {process_utils.py:132} INFO - Sending 15 to group 643. PIDs of all processes in the group: [643]
[2025-12-31T02:46:45.414+0000] {process_utils.py:87} INFO - Sending the signal 15 to group 643
[2025-12-31T02:46:45.454+0000] {taskinstance.py:2611} ERROR - Received SIGTERM. Terminating subprocesses.
[2025-12-31T02:46:45.886+0000] {taskinstance.py:441} INFO - ::group::Post task execution logs
[2025-12-31T02:46:50.914+0000] {process_utils.py:80} INFO - Process psutil.Process(pid=643, status='terminated', exitcode=0, started='02:17:27') (643) terminated with exit code 0
