[2026-01-01T06:03:48.114+0000] {local_task_job_runner.py:120} INFO - ::group::Pre task execution logs
[2026-01-01T06:03:48.136+0000] {taskinstance.py:2076} INFO - Dependencies all met for dep_context=non-requeueable deps ti=<TaskInstance: Airflow-Lab1.load_model_elbow manual__2026-01-01T06:03:16.033579+00:00 [queued]>
[2026-01-01T06:03:48.141+0000] {taskinstance.py:2076} INFO - Dependencies all met for dep_context=requeueable deps ti=<TaskInstance: Airflow-Lab1.load_model_elbow manual__2026-01-01T06:03:16.033579+00:00 [queued]>
[2026-01-01T06:03:48.141+0000] {taskinstance.py:2306} INFO - Starting attempt 1 of 1
[2026-01-01T06:03:48.147+0000] {taskinstance.py:2330} INFO - Executing <Task(_PythonDecoratedOperator): load_model_elbow> on 2026-01-01 06:03:16.033579+00:00
[2026-01-01T06:03:48.167+0000] {warnings.py:112} WARNING - /home/***/.local/lib/python3.12/site-packages/***/task/task_runner/standard_task_runner.py:61: DeprecationWarning: This process (pid=5276) is multi-threaded, use of fork() may lead to deadlocks in the child.
  pid = os.fork()

[2026-01-01T06:03:48.169+0000] {standard_task_runner.py:63} INFO - Started process 5281 to run task
[2026-01-01T06:03:48.169+0000] {standard_task_runner.py:90} INFO - Running: ['***', 'tasks', 'run', 'Airflow-Lab1', 'load_model_elbow', 'manual__2026-01-01T06:03:16.033579+00:00', '--job-id', '258', '--raw', '--subdir', 'DAGS_FOLDER/***.py', '--cfg-path', '/tmp/tmp4tx_3udj']
[2026-01-01T06:03:48.171+0000] {standard_task_runner.py:91} INFO - Job 258: Subtask load_model_elbow
[2026-01-01T06:03:48.205+0000] {task_command.py:426} INFO - Running <TaskInstance: Airflow-Lab1.load_model_elbow manual__2026-01-01T06:03:16.033579+00:00 [running]> on host 21d482eb38d8
[2026-01-01T06:03:49.392+0000] {taskinstance.py:2648} INFO - Exporting env vars: AIRFLOW_CTX_DAG_OWNER='***' AIRFLOW_CTX_DAG_ID='Airflow-Lab1' AIRFLOW_CTX_TASK_ID='load_model_elbow' AIRFLOW_CTX_EXECUTION_DATE='2026-01-01T06:03:16.033579+00:00' AIRFLOW_CTX_TRY_NUMBER='1' AIRFLOW_CTX_DAG_RUN_ID='manual__2026-01-01T06:03:16.033579+00:00'
[2026-01-01T06:03:49.394+0000] {taskinstance.py:430} INFO - ::endgroup::
[2026-01-01T06:03:49.403+0000] {logging_mixin.py:188} INFO - Optimal no. of clusters: 8
[2026-01-01T06:03:49.423+0000] {warnings.py:112} WARNING - /home/***/.local/lib/python3.12/site-packages/sklearn/utils/validation.py:2684: UserWarning: X has feature names, but KMeans was fitted without feature names
  warnings.warn(

[2026-01-01T06:03:49.462+0000] {python.py:237} INFO - Done. Returned value was: 5
[2026-01-01T06:03:49.463+0000] {taskinstance.py:441} INFO - ::group::Post task execution logs
[2026-01-01T06:03:49.501+0000] {taskinstance.py:1206} INFO - Marking task as SUCCESS. dag_id=Airflow-Lab1, task_id=load_model_elbow, run_id=manual__2026-01-01T06:03:16.033579+00:00, execution_date=20260101T060316, start_date=20260101T060348, end_date=20260101T060349
[2026-01-01T06:03:49.569+0000] {local_task_job_runner.py:240} INFO - Task exited with return code 0
[2026-01-01T06:03:49.650+0000] {taskinstance.py:3503} INFO - 0 downstream tasks scheduled from follow-on schedule check
[2026-01-01T06:03:49.652+0000] {local_task_job_runner.py:222} INFO - ::endgroup::
