[2026-01-01T09:10:46.529+0000] {local_task_job_runner.py:120} INFO - ::group::Pre task execution logs
[2026-01-01T09:10:46.540+0000] {taskinstance.py:2076} INFO - Dependencies all met for dep_context=non-requeueable deps ti=<TaskInstance: Airflow-Lab1.load_model_task manual__2026-01-01T09:10:28.595343+00:00 [queued]>
[2026-01-01T09:10:46.544+0000] {taskinstance.py:2076} INFO - Dependencies all met for dep_context=requeueable deps ti=<TaskInstance: Airflow-Lab1.load_model_task manual__2026-01-01T09:10:28.595343+00:00 [queued]>
[2026-01-01T09:10:46.544+0000] {taskinstance.py:2306} INFO - Starting attempt 1 of 1
[2026-01-01T09:10:46.550+0000] {taskinstance.py:2330} INFO - Executing <Task(PythonOperator): load_model_task> on 2026-01-01 09:10:28.595343+00:00
[2026-01-01T09:10:46.563+0000] {warnings.py:112} WARNING - /home/***/.local/lib/python3.12/site-packages/***/task/task_runner/standard_task_runner.py:61: DeprecationWarning: This process (pid=375) is multi-threaded, use of fork() may lead to deadlocks in the child.
  pid = os.fork()

[2026-01-01T09:10:46.564+0000] {standard_task_runner.py:63} INFO - Started process 380 to run task
[2026-01-01T09:10:46.565+0000] {standard_task_runner.py:90} INFO - Running: ['***', 'tasks', 'run', 'Airflow-Lab1', 'load_model_task', 'manual__2026-01-01T09:10:28.595343+00:00', '--job-id', '319', '--raw', '--subdir', 'DAGS_FOLDER/***.py', '--cfg-path', '/tmp/tmpsr64og0t']
[2026-01-01T09:10:46.566+0000] {standard_task_runner.py:91} INFO - Job 319: Subtask load_model_task
[2026-01-01T09:10:46.594+0000] {task_command.py:426} INFO - Running <TaskInstance: Airflow-Lab1.load_model_task manual__2026-01-01T09:10:28.595343+00:00 [running]> on host 21d482eb38d8
[2026-01-01T09:10:46.652+0000] {taskinstance.py:2648} INFO - Exporting env vars: AIRFLOW_CTX_DAG_OWNER='***' AIRFLOW_CTX_DAG_ID='Airflow-Lab1' AIRFLOW_CTX_TASK_ID='load_model_task' AIRFLOW_CTX_EXECUTION_DATE='2026-01-01T09:10:28.595343+00:00' AIRFLOW_CTX_TRY_NUMBER='1' AIRFLOW_CTX_DAG_RUN_ID='manual__2026-01-01T09:10:28.595343+00:00'
[2026-01-01T09:10:46.658+0000] {taskinstance.py:430} INFO - ::endgroup::
[2026-01-01T09:10:46.668+0000] {logging_mixin.py:188} INFO - Optimal no. of clusters: 8
[2026-01-01T09:10:46.678+0000] {warnings.py:112} WARNING - /home/***/.local/lib/python3.12/site-packages/sklearn/utils/validation.py:2684: UserWarning: X has feature names, but KMeans was fitted without feature names
  warnings.warn(

[2026-01-01T09:10:46.725+0000] {python.py:237} INFO - Done. Returned value was: 5
[2026-01-01T09:10:46.735+0000] {taskinstance.py:441} INFO - ::group::Post task execution logs
[2026-01-01T09:10:46.825+0000] {taskinstance.py:1206} INFO - Marking task as SUCCESS. dag_id=Airflow-Lab1, task_id=load_model_task, run_id=manual__2026-01-01T09:10:28.595343+00:00, execution_date=20260101T091028, start_date=20260101T091046, end_date=20260101T091046
[2026-01-01T09:10:46.909+0000] {local_task_job_runner.py:240} INFO - Task exited with return code 0
[2026-01-01T09:10:47.037+0000] {taskinstance.py:3503} INFO - 0 downstream tasks scheduled from follow-on schedule check
[2026-01-01T09:10:47.044+0000] {local_task_job_runner.py:222} INFO - ::endgroup::
