[2026-01-01T09:14:48.108+0000] {local_task_job_runner.py:120} INFO - ::group::Pre task execution logs
[2026-01-01T09:14:48.334+0000] {taskinstance.py:2076} INFO - Dependencies all met for dep_context=non-requeueable deps ti=<TaskInstance: Airflow-Lab1.load_model_task manual__2026-01-01T09:14:24.937933+00:00 [queued]>
[2026-01-01T09:14:48.358+0000] {taskinstance.py:2076} INFO - Dependencies all met for dep_context=requeueable deps ti=<TaskInstance: Airflow-Lab1.load_model_task manual__2026-01-01T09:14:24.937933+00:00 [queued]>
[2026-01-01T09:14:48.359+0000] {taskinstance.py:2306} INFO - Starting attempt 1 of 1
[2026-01-01T09:14:48.391+0000] {taskinstance.py:2330} INFO - Executing <Task(PythonOperator): load_model_task> on 2026-01-01 09:14:24.937933+00:00
[2026-01-01T09:14:48.441+0000] {warnings.py:112} WARNING - /home/***/.local/lib/python3.12/site-packages/***/task/task_runner/standard_task_runner.py:61: DeprecationWarning: This process (pid=592) is multi-threaded, use of fork() may lead to deadlocks in the child.
  pid = os.fork()

[2026-01-01T09:14:48.446+0000] {standard_task_runner.py:63} INFO - Started process 604 to run task
[2026-01-01T09:14:48.488+0000] {standard_task_runner.py:90} INFO - Running: ['***', 'tasks', 'run', 'Airflow-Lab1', 'load_model_task', 'manual__2026-01-01T09:14:24.937933+00:00', '--job-id', '335', '--raw', '--subdir', 'DAGS_FOLDER/***.py', '--cfg-path', '/tmp/tmpvrsnt57a']
[2026-01-01T09:14:48.497+0000] {standard_task_runner.py:91} INFO - Job 335: Subtask load_model_task
[2026-01-01T09:14:49.318+0000] {task_command.py:426} INFO - Running <TaskInstance: Airflow-Lab1.load_model_task manual__2026-01-01T09:14:24.937933+00:00 [running]> on host 21d482eb38d8
[2026-01-01T09:14:49.742+0000] {taskinstance.py:2648} INFO - Exporting env vars: AIRFLOW_CTX_DAG_OWNER='***' AIRFLOW_CTX_DAG_ID='Airflow-Lab1' AIRFLOW_CTX_TASK_ID='load_model_task' AIRFLOW_CTX_EXECUTION_DATE='2026-01-01T09:14:24.937933+00:00' AIRFLOW_CTX_TRY_NUMBER='1' AIRFLOW_CTX_DAG_RUN_ID='manual__2026-01-01T09:14:24.937933+00:00'
[2026-01-01T09:14:49.748+0000] {taskinstance.py:430} INFO - ::endgroup::
[2026-01-01T09:14:49.803+0000] {logging_mixin.py:188} INFO - Optimal no. of clusters: 8
[2026-01-01T09:14:49.925+0000] {warnings.py:112} WARNING - /home/***/.local/lib/python3.12/site-packages/sklearn/utils/validation.py:2684: UserWarning: X has feature names, but KMeans was fitted without feature names
  warnings.warn(

[2026-01-01T09:14:50.189+0000] {python.py:237} INFO - Done. Returned value was: 5
[2026-01-01T09:14:50.192+0000] {taskinstance.py:441} INFO - ::group::Post task execution logs
[2026-01-01T09:14:50.247+0000] {taskinstance.py:1206} INFO - Marking task as SUCCESS. dag_id=Airflow-Lab1, task_id=load_model_task, run_id=manual__2026-01-01T09:14:24.937933+00:00, execution_date=20260101T091424, start_date=20260101T091448, end_date=20260101T091450
[2026-01-01T09:14:50.305+0000] {local_task_job_runner.py:240} INFO - Task exited with return code 0
[2026-01-01T09:14:50.334+0000] {taskinstance.py:3503} INFO - 0 downstream tasks scheduled from follow-on schedule check
[2026-01-01T09:14:50.338+0000] {local_task_job_runner.py:222} INFO - ::endgroup::
