[2026-01-01T02:29:29.228+0000] {local_task_job_runner.py:120} INFO - ::group::Pre task execution logs
[2026-01-01T02:29:29.265+0000] {taskinstance.py:2076} INFO - Dependencies all met for dep_context=non-requeueable deps ti=<TaskInstance: Airflow-Lab1.load_model_elbow scheduled__2026-01-01T01:50:00+00:00 [queued]>
[2026-01-01T02:29:29.273+0000] {taskinstance.py:2076} INFO - Dependencies all met for dep_context=requeueable deps ti=<TaskInstance: Airflow-Lab1.load_model_elbow scheduled__2026-01-01T01:50:00+00:00 [queued]>
[2026-01-01T02:29:29.273+0000] {taskinstance.py:2306} INFO - Starting attempt 1 of 1
[2026-01-01T02:29:29.284+0000] {taskinstance.py:2330} INFO - Executing <Task(_PythonDecoratedOperator): load_model_elbow> on 2026-01-01 01:50:00+00:00
[2026-01-01T02:29:29.322+0000] {warnings.py:112} WARNING - /home/***/.local/lib/python3.12/site-packages/***/task/task_runner/standard_task_runner.py:61: DeprecationWarning: This process (pid=3767) is multi-threaded, use of fork() may lead to deadlocks in the child.
  pid = os.fork()

[2026-01-01T02:29:29.327+0000] {standard_task_runner.py:63} INFO - Started process 3772 to run task
[2026-01-01T02:29:29.331+0000] {standard_task_runner.py:90} INFO - Running: ['***', 'tasks', 'run', 'Airflow-Lab1', 'load_model_elbow', 'scheduled__2026-01-01T01:50:00+00:00', '--job-id', '163', '--raw', '--subdir', 'DAGS_FOLDER/***.py', '--cfg-path', '/tmp/tmpkupomaf2']
[2026-01-01T02:29:29.336+0000] {standard_task_runner.py:91} INFO - Job 163: Subtask load_model_elbow
[2026-01-01T02:29:29.490+0000] {task_command.py:426} INFO - Running <TaskInstance: Airflow-Lab1.load_model_elbow scheduled__2026-01-01T01:50:00+00:00 [running]> on host 21d482eb38d8
[2026-01-01T02:29:29.657+0000] {taskinstance.py:2648} INFO - Exporting env vars: AIRFLOW_CTX_DAG_OWNER='***' AIRFLOW_CTX_DAG_ID='Airflow-Lab1' AIRFLOW_CTX_TASK_ID='load_model_elbow' AIRFLOW_CTX_EXECUTION_DATE='2026-01-01T01:50:00+00:00' AIRFLOW_CTX_TRY_NUMBER='1' AIRFLOW_CTX_DAG_RUN_ID='scheduled__2026-01-01T01:50:00+00:00'
[2026-01-01T02:29:29.660+0000] {taskinstance.py:430} INFO - ::endgroup::
[2026-01-01T02:29:29.676+0000] {logging_mixin.py:188} INFO - Optimal no. of clusters: 8
[2026-01-01T02:29:29.724+0000] {warnings.py:112} WARNING - /home/***/.local/lib/python3.12/site-packages/sklearn/utils/validation.py:2684: UserWarning: X has feature names, but KMeans was fitted without feature names
  warnings.warn(

[2026-01-01T02:29:29.786+0000] {python.py:237} INFO - Done. Returned value was: 5
[2026-01-01T02:29:29.793+0000] {taskinstance.py:441} INFO - ::group::Post task execution logs
[2026-01-01T02:29:29.888+0000] {taskinstance.py:1206} INFO - Marking task as SUCCESS. dag_id=Airflow-Lab1, task_id=load_model_elbow, run_id=scheduled__2026-01-01T01:50:00+00:00, execution_date=20260101T015000, start_date=20260101T022929, end_date=20260101T022929
[2026-01-01T02:29:30.123+0000] {local_task_job_runner.py:240} INFO - Task exited with return code 0
[2026-01-01T02:29:30.250+0000] {taskinstance.py:3503} INFO - 0 downstream tasks scheduled from follow-on schedule check
[2026-01-01T02:29:30.252+0000] {local_task_job_runner.py:222} INFO - ::endgroup::
