[2026-01-01T09:09:36.229+0000] {local_task_job_runner.py:120} INFO - ::group::Pre task execution logs
[2026-01-01T09:09:36.264+0000] {taskinstance.py:2076} INFO - Dependencies all met for dep_context=non-requeueable deps ti=<TaskInstance: Airflow-Lab1.load_model_task manual__2026-01-01T09:09:13.041829+00:00 [queued]>
[2026-01-01T09:09:36.271+0000] {taskinstance.py:2076} INFO - Dependencies all met for dep_context=requeueable deps ti=<TaskInstance: Airflow-Lab1.load_model_task manual__2026-01-01T09:09:13.041829+00:00 [queued]>
[2026-01-01T09:09:36.272+0000] {taskinstance.py:2306} INFO - Starting attempt 1 of 1
[2026-01-01T09:09:36.282+0000] {taskinstance.py:2330} INFO - Executing <Task(PythonOperator): load_model_task> on 2026-01-01 09:09:13.041829+00:00
[2026-01-01T09:09:36.307+0000] {warnings.py:112} WARNING - /home/***/.local/lib/python3.12/site-packages/***/task/task_runner/standard_task_runner.py:61: DeprecationWarning: This process (pid=277) is multi-threaded, use of fork() may lead to deadlocks in the child.
  pid = os.fork()

[2026-01-01T09:09:36.309+0000] {standard_task_runner.py:63} INFO - Started process 282 to run task
[2026-01-01T09:09:36.313+0000] {standard_task_runner.py:90} INFO - Running: ['***', 'tasks', 'run', 'Airflow-Lab1', 'load_model_task', 'manual__2026-01-01T09:09:13.041829+00:00', '--job-id', '311', '--raw', '--subdir', 'DAGS_FOLDER/***.py', '--cfg-path', '/tmp/tmp6u360260']
[2026-01-01T09:09:36.314+0000] {standard_task_runner.py:91} INFO - Job 311: Subtask load_model_task
[2026-01-01T09:09:36.395+0000] {task_command.py:426} INFO - Running <TaskInstance: Airflow-Lab1.load_model_task manual__2026-01-01T09:09:13.041829+00:00 [running]> on host 21d482eb38d8
[2026-01-01T09:09:36.508+0000] {taskinstance.py:2648} INFO - Exporting env vars: AIRFLOW_CTX_DAG_OWNER='***' AIRFLOW_CTX_DAG_ID='Airflow-Lab1' AIRFLOW_CTX_TASK_ID='load_model_task' AIRFLOW_CTX_EXECUTION_DATE='2026-01-01T09:09:13.041829+00:00' AIRFLOW_CTX_TRY_NUMBER='1' AIRFLOW_CTX_DAG_RUN_ID='manual__2026-01-01T09:09:13.041829+00:00'
[2026-01-01T09:09:36.512+0000] {taskinstance.py:430} INFO - ::endgroup::
[2026-01-01T09:09:36.533+0000] {logging_mixin.py:188} INFO - Optimal no. of clusters: 8
[2026-01-01T09:09:36.566+0000] {warnings.py:112} WARNING - /home/***/.local/lib/python3.12/site-packages/sklearn/utils/validation.py:2684: UserWarning: X has feature names, but KMeans was fitted without feature names
  warnings.warn(

[2026-01-01T09:09:36.609+0000] {python.py:237} INFO - Done. Returned value was: 5
[2026-01-01T09:09:36.615+0000] {taskinstance.py:441} INFO - ::group::Post task execution logs
[2026-01-01T09:09:36.702+0000] {taskinstance.py:1206} INFO - Marking task as SUCCESS. dag_id=Airflow-Lab1, task_id=load_model_task, run_id=manual__2026-01-01T09:09:13.041829+00:00, execution_date=20260101T090913, start_date=20260101T090936, end_date=20260101T090936
[2026-01-01T09:09:36.773+0000] {local_task_job_runner.py:240} INFO - Task exited with return code 0
[2026-01-01T09:09:36.833+0000] {taskinstance.py:3503} INFO - 0 downstream tasks scheduled from follow-on schedule check
[2026-01-01T09:09:36.838+0000] {local_task_job_runner.py:222} INFO - ::endgroup::
