[2025-12-31T21:44:41.421+0000] {local_task_job_runner.py:120} INFO - ::group::Pre task execution logs
[2025-12-31T21:44:41.432+0000] {taskinstance.py:2076} INFO - Dependencies all met for dep_context=non-requeueable deps ti=<TaskInstance: Airflow-Lab1.load_model_elbow manual__2025-12-31T21:44:19.521292+00:00 [queued]>
[2025-12-31T21:44:41.435+0000] {taskinstance.py:2076} INFO - Dependencies all met for dep_context=requeueable deps ti=<TaskInstance: Airflow-Lab1.load_model_elbow manual__2025-12-31T21:44:19.521292+00:00 [queued]>
[2025-12-31T21:44:41.435+0000] {taskinstance.py:2306} INFO - Starting attempt 1 of 1
[2025-12-31T21:44:41.441+0000] {taskinstance.py:2330} INFO - Executing <Task(_PythonDecoratedOperator): load_model_elbow> on 2025-12-31 21:44:19.521292+00:00
[2025-12-31T21:44:41.455+0000] {warnings.py:112} WARNING - /home/***/.local/lib/python3.12/site-packages/***/task/task_runner/standard_task_runner.py:61: DeprecationWarning: This process (pid=1615) is multi-threaded, use of fork() may lead to deadlocks in the child.
  pid = os.fork()

[2025-12-31T21:44:41.457+0000] {standard_task_runner.py:63} INFO - Started process 1620 to run task
[2025-12-31T21:44:41.457+0000] {standard_task_runner.py:90} INFO - Running: ['***', 'tasks', 'run', 'Airflow-Lab1', 'load_model_elbow', 'manual__2025-12-31T21:44:19.521292+00:00', '--job-id', '72', '--raw', '--subdir', 'DAGS_FOLDER/***.py', '--cfg-path', '/tmp/tmpjrlnm5pu']
[2025-12-31T21:44:41.458+0000] {standard_task_runner.py:91} INFO - Job 72: Subtask load_model_elbow
[2025-12-31T21:44:41.494+0000] {task_command.py:426} INFO - Running <TaskInstance: Airflow-Lab1.load_model_elbow manual__2025-12-31T21:44:19.521292+00:00 [running]> on host 21d482eb38d8
[2025-12-31T21:44:41.995+0000] {taskinstance.py:2648} INFO - Exporting env vars: AIRFLOW_CTX_DAG_OWNER='***' AIRFLOW_CTX_DAG_ID='Airflow-Lab1' AIRFLOW_CTX_TASK_ID='load_model_elbow' AIRFLOW_CTX_EXECUTION_DATE='2025-12-31T21:44:19.521292+00:00' AIRFLOW_CTX_TRY_NUMBER='1' AIRFLOW_CTX_DAG_RUN_ID='manual__2025-12-31T21:44:19.521292+00:00'
[2025-12-31T21:44:41.997+0000] {taskinstance.py:430} INFO - ::endgroup::
[2025-12-31T21:44:42.006+0000] {logging_mixin.py:188} INFO - Optimal no. of clusters: 8
[2025-12-31T21:44:42.019+0000] {warnings.py:112} WARNING - /home/***/.local/lib/python3.12/site-packages/sklearn/utils/validation.py:2684: UserWarning: X has feature names, but KMeans was fitted without feature names
  warnings.warn(

[2025-12-31T21:44:42.048+0000] {python.py:237} INFO - Done. Returned value was: 5
[2025-12-31T21:44:42.051+0000] {taskinstance.py:441} INFO - ::group::Post task execution logs
[2025-12-31T21:44:42.078+0000] {taskinstance.py:1206} INFO - Marking task as SUCCESS. dag_id=Airflow-Lab1, task_id=load_model_elbow, run_id=manual__2025-12-31T21:44:19.521292+00:00, execution_date=20251231T214419, start_date=20251231T214441, end_date=20251231T214442
[2025-12-31T21:44:42.160+0000] {local_task_job_runner.py:240} INFO - Task exited with return code 0
[2025-12-31T21:44:42.184+0000] {taskinstance.py:3503} INFO - 0 downstream tasks scheduled from follow-on schedule check
[2025-12-31T21:44:42.185+0000] {local_task_job_runner.py:222} INFO - ::endgroup::
