[2026-01-01T06:00:29.723+0000] {local_task_job_runner.py:120} INFO - ::group::Pre task execution logs
[2026-01-01T06:00:29.735+0000] {taskinstance.py:2076} INFO - Dependencies all met for dep_context=non-requeueable deps ti=<TaskInstance: Airflow-Lab1.load_model_elbow scheduled__2026-01-01T05:55:00+00:00 [queued]>
[2026-01-01T06:00:29.738+0000] {taskinstance.py:2076} INFO - Dependencies all met for dep_context=requeueable deps ti=<TaskInstance: Airflow-Lab1.load_model_elbow scheduled__2026-01-01T05:55:00+00:00 [queued]>
[2026-01-01T06:00:29.739+0000] {taskinstance.py:2306} INFO - Starting attempt 1 of 1
[2026-01-01T06:00:29.744+0000] {taskinstance.py:2330} INFO - Executing <Task(_PythonDecoratedOperator): load_model_elbow> on 2026-01-01 05:55:00+00:00
[2026-01-01T06:00:29.756+0000] {warnings.py:112} WARNING - /home/***/.local/lib/python3.12/site-packages/***/task/task_runner/standard_task_runner.py:61: DeprecationWarning: This process (pid=5186) is multi-threaded, use of fork() may lead to deadlocks in the child.
  pid = os.fork()

[2026-01-01T06:00:29.759+0000] {standard_task_runner.py:63} INFO - Started process 5191 to run task
[2026-01-01T06:00:29.758+0000] {standard_task_runner.py:90} INFO - Running: ['***', 'tasks', 'run', 'Airflow-Lab1', 'load_model_elbow', 'scheduled__2026-01-01T05:55:00+00:00', '--job-id', '254', '--raw', '--subdir', 'DAGS_FOLDER/***.py', '--cfg-path', '/tmp/tmp3pvnxvxr']
[2026-01-01T06:00:29.760+0000] {standard_task_runner.py:91} INFO - Job 254: Subtask load_model_elbow
[2026-01-01T06:00:29.807+0000] {task_command.py:426} INFO - Running <TaskInstance: Airflow-Lab1.load_model_elbow scheduled__2026-01-01T05:55:00+00:00 [running]> on host 21d482eb38d8
[2026-01-01T06:00:30.484+0000] {taskinstance.py:2648} INFO - Exporting env vars: AIRFLOW_CTX_DAG_OWNER='***' AIRFLOW_CTX_DAG_ID='Airflow-Lab1' AIRFLOW_CTX_TASK_ID='load_model_elbow' AIRFLOW_CTX_EXECUTION_DATE='2026-01-01T05:55:00+00:00' AIRFLOW_CTX_TRY_NUMBER='1' AIRFLOW_CTX_DAG_RUN_ID='scheduled__2026-01-01T05:55:00+00:00'
[2026-01-01T06:00:30.485+0000] {taskinstance.py:430} INFO - ::endgroup::
[2026-01-01T06:00:30.494+0000] {logging_mixin.py:188} INFO - Optimal no. of clusters: 8
[2026-01-01T06:00:30.513+0000] {warnings.py:112} WARNING - /home/***/.local/lib/python3.12/site-packages/sklearn/utils/validation.py:2684: UserWarning: X has feature names, but KMeans was fitted without feature names
  warnings.warn(

[2026-01-01T06:00:30.561+0000] {python.py:237} INFO - Done. Returned value was: 5
[2026-01-01T06:00:30.563+0000] {taskinstance.py:441} INFO - ::group::Post task execution logs
[2026-01-01T06:00:30.619+0000] {taskinstance.py:1206} INFO - Marking task as SUCCESS. dag_id=Airflow-Lab1, task_id=load_model_elbow, run_id=scheduled__2026-01-01T05:55:00+00:00, execution_date=20260101T055500, start_date=20260101T060029, end_date=20260101T060030
[2026-01-01T06:00:30.686+0000] {local_task_job_runner.py:240} INFO - Task exited with return code 0
[2026-01-01T06:00:30.732+0000] {taskinstance.py:3503} INFO - 0 downstream tasks scheduled from follow-on schedule check
[2026-01-01T06:00:30.734+0000] {local_task_job_runner.py:222} INFO - ::endgroup::
