[2026-01-01T03:35:31.182+0000] {local_task_job_runner.py:120} INFO - ::group::Pre task execution logs
[2026-01-01T03:35:31.210+0000] {taskinstance.py:2076} INFO - Dependencies all met for dep_context=non-requeueable deps ti=<TaskInstance: Airflow-Lab1.build_save_model scheduled__2026-01-01T03:30:00+00:00 [queued]>
[2026-01-01T03:35:31.216+0000] {taskinstance.py:2076} INFO - Dependencies all met for dep_context=requeueable deps ti=<TaskInstance: Airflow-Lab1.build_save_model scheduled__2026-01-01T03:30:00+00:00 [queued]>
[2026-01-01T03:35:31.216+0000] {taskinstance.py:2306} INFO - Starting attempt 1 of 1
[2026-01-01T03:35:31.235+0000] {taskinstance.py:2330} INFO - Executing <Task(_PythonDecoratedOperator): build_save_model> on 2026-01-01 03:30:00+00:00
[2026-01-01T03:35:31.274+0000] {warnings.py:112} WARNING - /home/***/.local/lib/python3.12/site-packages/***/task/task_runner/standard_task_runner.py:61: DeprecationWarning: This process (pid=4450) is multi-threaded, use of fork() may lead to deadlocks in the child.
  pid = os.fork()

[2026-01-01T03:35:31.278+0000] {standard_task_runner.py:63} INFO - Started process 4455 to run task
[2026-01-01T03:35:31.282+0000] {standard_task_runner.py:90} INFO - Running: ['***', 'tasks', 'run', 'Airflow-Lab1', 'build_save_model', 'scheduled__2026-01-01T03:30:00+00:00', '--job-id', '209', '--raw', '--subdir', 'DAGS_FOLDER/***.py', '--cfg-path', '/tmp/tmpb2qwqv6f']
[2026-01-01T03:35:31.284+0000] {standard_task_runner.py:91} INFO - Job 209: Subtask build_save_model
[2026-01-01T03:35:31.366+0000] {task_command.py:426} INFO - Running <TaskInstance: Airflow-Lab1.build_save_model scheduled__2026-01-01T03:30:00+00:00 [running]> on host 21d482eb38d8
[2026-01-01T03:35:31.537+0000] {taskinstance.py:2648} INFO - Exporting env vars: AIRFLOW_CTX_DAG_OWNER='***' AIRFLOW_CTX_DAG_ID='Airflow-Lab1' AIRFLOW_CTX_TASK_ID='build_save_model' AIRFLOW_CTX_EXECUTION_DATE='2026-01-01T03:30:00+00:00' AIRFLOW_CTX_TRY_NUMBER='1' AIRFLOW_CTX_DAG_RUN_ID='scheduled__2026-01-01T03:30:00+00:00'
[2026-01-01T03:35:31.545+0000] {taskinstance.py:430} INFO - ::endgroup::
[2026-01-01T04:09:12.694+0000] {local_task_job_runner.py:310} WARNING - State of this instance has been externally set to failed. Terminating instance.
[2026-01-01T04:09:12.817+0000] {local_task_job_runner.py:222} INFO - ::endgroup::
[2026-01-01T04:09:13.196+0000] {process_utils.py:132} INFO - Sending 15 to group 4455. PIDs of all processes in the group: [4455]
[2026-01-01T04:09:13.271+0000] {process_utils.py:87} INFO - Sending the signal 15 to group 4455
[2026-01-01T04:09:13.500+0000] {taskinstance.py:2611} ERROR - Received SIGTERM. Terminating subprocesses.
[2026-01-01T04:09:13.811+0000] {taskinstance.py:441} INFO - ::group::Post task execution logs
[2026-01-01T04:09:15.673+0000] {process_utils.py:80} INFO - Process psutil.Process(pid=4455, status='terminated', exitcode=0, started='03:35:30') (4455) terminated with exit code 0
