[2025-12-31T20:25:43.310+0000] {local_task_job_runner.py:120} INFO - ::group::Pre task execution logs
[2025-12-31T20:25:43.326+0000] {taskinstance.py:2076} INFO - Dependencies all met for dep_context=non-requeueable deps ti=<TaskInstance: demo-lab.airflow manual__2025-12-31T20:25:36.858781+00:00 [queued]>
[2025-12-31T20:25:43.330+0000] {taskinstance.py:2076} INFO - Dependencies all met for dep_context=requeueable deps ti=<TaskInstance: demo-lab.airflow manual__2025-12-31T20:25:36.858781+00:00 [queued]>
[2025-12-31T20:25:43.330+0000] {taskinstance.py:2306} INFO - Starting attempt 1 of 1
[2025-12-31T20:25:43.337+0000] {taskinstance.py:2330} INFO - Executing <Task(_PythonDecoratedOperator): airflow> on 2025-12-31 20:25:36.858781+00:00
[2025-12-31T20:25:43.352+0000] {warnings.py:112} WARNING - /home/***/.local/lib/python3.12/site-packages/***/task/task_runner/standard_task_runner.py:61: DeprecationWarning: This process (pid=145) is multi-threaded, use of fork() may lead to deadlocks in the child.
  pid = os.fork()

[2025-12-31T20:25:43.353+0000] {standard_task_runner.py:63} INFO - Started process 150 to run task
[2025-12-31T20:25:43.353+0000] {standard_task_runner.py:90} INFO - Running: ['***', 'tasks', 'run', 'demo-lab', '***', 'manual__2025-12-31T20:25:36.858781+00:00', '--job-id', '41', '--raw', '--subdir', 'DAGS_FOLDER/***.py', '--cfg-path', '/tmp/tmp6enno88u']
[2025-12-31T20:25:43.355+0000] {standard_task_runner.py:91} INFO - Job 41: Subtask ***
[2025-12-31T20:25:43.428+0000] {task_command.py:426} INFO - Running <TaskInstance: demo-lab.airflow manual__2025-12-31T20:25:36.858781+00:00 [running]> on host 21d482eb38d8
[2025-12-31T20:25:43.479+0000] {taskinstance.py:2648} INFO - Exporting env vars: AIRFLOW_CTX_DAG_OWNER='***' AIRFLOW_CTX_DAG_ID='demo-lab' AIRFLOW_CTX_TASK_ID='***' AIRFLOW_CTX_EXECUTION_DATE='2025-12-31T20:25:36.858781+00:00' AIRFLOW_CTX_TRY_NUMBER='1' AIRFLOW_CTX_DAG_RUN_ID='manual__2025-12-31T20:25:36.858781+00:00'
[2025-12-31T20:25:43.480+0000] {taskinstance.py:430} INFO - ::endgroup::
[2025-12-31T20:25:43.480+0000] {logging_mixin.py:188} INFO - ***
[2025-12-31T20:25:43.480+0000] {python.py:237} INFO - Done. Returned value was: None
[2025-12-31T20:25:43.480+0000] {taskinstance.py:441} INFO - ::group::Post task execution logs
[2025-12-31T20:25:43.484+0000] {taskinstance.py:1206} INFO - Marking task as SUCCESS. dag_id=demo-lab, task_id=***, run_id=manual__2025-12-31T20:25:36.858781+00:00, execution_date=20251231T202536, start_date=20251231T202543, end_date=20251231T202543
[2025-12-31T20:25:43.533+0000] {local_task_job_runner.py:240} INFO - Task exited with return code 0
[2025-12-31T20:25:43.547+0000] {taskinstance.py:3503} INFO - 0 downstream tasks scheduled from follow-on schedule check
[2025-12-31T20:25:43.549+0000] {local_task_job_runner.py:222} INFO - ::endgroup::
