[2025-12-31T20:22:45.597+0000] {local_task_job_runner.py:120} INFO - ::group::Pre task execution logs
[2025-12-31T20:22:45.622+0000] {taskinstance.py:2076} INFO - Dependencies all met for dep_context=non-requeueable deps ti=<TaskInstance: demo-lab.hello manual__2025-12-31T20:22:40.783056+00:00 [queued]>
[2025-12-31T20:22:45.632+0000] {taskinstance.py:2076} INFO - Dependencies all met for dep_context=requeueable deps ti=<TaskInstance: demo-lab.hello manual__2025-12-31T20:22:40.783056+00:00 [queued]>
[2025-12-31T20:22:45.633+0000] {taskinstance.py:2306} INFO - Starting attempt 1 of 1
[2025-12-31T20:22:45.666+0000] {taskinstance.py:2330} INFO - Executing <Task(BashOperator): hello> on 2025-12-31 20:22:40.783056+00:00
[2025-12-31T20:22:45.680+0000] {standard_task_runner.py:90} INFO - Running: ['***', 'tasks', 'run', 'demo-lab', 'hello', 'manual__2025-12-31T20:22:40.783056+00:00', '--job-id', '38', '--raw', '--subdir', 'DAGS_FOLDER/***.py', '--cfg-path', '/tmp/tmpudt27s9e']
[2025-12-31T20:22:45.686+0000] {standard_task_runner.py:91} INFO - Job 38: Subtask hello
[2025-12-31T20:22:45.686+0000] {warnings.py:112} WARNING - /home/***/.local/lib/python3.12/site-packages/***/task/task_runner/standard_task_runner.py:61: DeprecationWarning: This process (pid=90) is multi-threaded, use of fork() may lead to deadlocks in the child.
  pid = os.fork()

[2025-12-31T20:22:45.687+0000] {standard_task_runner.py:63} INFO - Started process 95 to run task
[2025-12-31T20:22:45.887+0000] {task_command.py:426} INFO - Running <TaskInstance: demo-lab.hello manual__2025-12-31T20:22:40.783056+00:00 [running]> on host 21d482eb38d8
[2025-12-31T20:22:46.004+0000] {taskinstance.py:2648} INFO - Exporting env vars: AIRFLOW_CTX_DAG_OWNER='***' AIRFLOW_CTX_DAG_ID='demo-lab' AIRFLOW_CTX_TASK_ID='hello' AIRFLOW_CTX_EXECUTION_DATE='2025-12-31T20:22:40.783056+00:00' AIRFLOW_CTX_TRY_NUMBER='1' AIRFLOW_CTX_DAG_RUN_ID='manual__2025-12-31T20:22:40.783056+00:00'
[2025-12-31T20:22:46.005+0000] {taskinstance.py:430} INFO - ::endgroup::
[2025-12-31T20:22:46.006+0000] {subprocess.py:63} INFO - Tmp dir root location: /tmp
[2025-12-31T20:22:46.010+0000] {subprocess.py:75} INFO - Running command: ['/usr/bin/bash', '-c', '/bin/sh -c echo hello']
[2025-12-31T20:22:46.027+0000] {subprocess.py:86} INFO - Output:
[2025-12-31T20:22:46.047+0000] {subprocess.py:93} INFO - 
[2025-12-31T20:22:46.047+0000] {subprocess.py:97} INFO - Command exited with return code 0
[2025-12-31T20:22:46.050+0000] {taskinstance.py:441} INFO - ::group::Post task execution logs
[2025-12-31T20:22:46.075+0000] {taskinstance.py:1206} INFO - Marking task as SUCCESS. dag_id=demo-lab, task_id=hello, run_id=manual__2025-12-31T20:22:40.783056+00:00, execution_date=20251231T202240, start_date=20251231T202245, end_date=20251231T202246
[2025-12-31T20:22:46.116+0000] {local_task_job_runner.py:240} INFO - Task exited with return code 0
[2025-12-31T20:22:46.140+0000] {taskinstance.py:3503} INFO - 1 downstream tasks scheduled from follow-on schedule check
[2025-12-31T20:22:46.142+0000] {local_task_job_runner.py:222} INFO - ::endgroup::
