[2025-12-30T23:33:49.154+0000] {processor.py:161} INFO - Started process (PID=39) to work on /opt/airflow/dags/airflow.py
[2025-12-30T23:33:49.155+0000] {processor.py:830} INFO - Processing file /opt/airflow/dags/airflow.py for tasks to queue
[2025-12-30T23:33:49.157+0000] {logging_mixin.py:188} INFO - [2025-12-30T23:33:49.157+0000] {dagbag.py:545} INFO - Filling up the DagBag from /opt/airflow/dags/airflow.py
[2025-12-30T23:33:49.175+0000] {logging_mixin.py:188} INFO - [2025-12-30T23:33:49.171+0000] {dagbag.py:355} ERROR - Failed to import: /opt/airflow/dags/airflow.py
Traceback (most recent call last):
  File "/home/airflow/.local/lib/python3.12/site-packages/airflow/models/dagbag.py", line 351, in parse
    loader.exec_module(new_module)
  File "<frozen importlib._bootstrap_external>", line 995, in exec_module
  File "<frozen importlib._bootstrap>", line 488, in _call_with_frames_removed
  File "/opt/airflow/dags/airflow.py", line 4, in <module>
    from airflow.providers.standard.operators.python import PythonOperator
ModuleNotFoundError: No module named 'airflow.providers.standard'
[2025-12-30T23:33:49.175+0000] {processor.py:842} WARNING - No viable dags retrieved from /opt/airflow/dags/airflow.py
[2025-12-30T23:33:49.219+0000] {processor.py:183} INFO - Processing /opt/airflow/dags/airflow.py took 0.072 seconds
[2025-12-30T23:34:19.809+0000] {processor.py:161} INFO - Started process (PID=98) to work on /opt/airflow/dags/airflow.py
[2025-12-30T23:34:19.809+0000] {processor.py:830} INFO - Processing file /opt/airflow/dags/airflow.py for tasks to queue
[2025-12-30T23:34:19.820+0000] {logging_mixin.py:188} INFO - [2025-12-30T23:34:19.820+0000] {dagbag.py:545} INFO - Filling up the DagBag from /opt/airflow/dags/airflow.py
[2025-12-30T23:34:19.841+0000] {logging_mixin.py:188} INFO - [2025-12-30T23:34:19.833+0000] {dagbag.py:355} ERROR - Failed to import: /opt/airflow/dags/airflow.py
Traceback (most recent call last):
  File "/home/airflow/.local/lib/python3.12/site-packages/airflow/models/dagbag.py", line 351, in parse
    loader.exec_module(new_module)
  File "<frozen importlib._bootstrap_external>", line 995, in exec_module
  File "<frozen importlib._bootstrap>", line 488, in _call_with_frames_removed
  File "/opt/airflow/dags/airflow.py", line 4, in <module>
    from airflow.providers.standard.operators.python import PythonOperator
ModuleNotFoundError: No module named 'airflow.providers.standard'
[2025-12-30T23:34:19.842+0000] {processor.py:842} WARNING - No viable dags retrieved from /opt/airflow/dags/airflow.py
[2025-12-30T23:34:19.865+0000] {processor.py:183} INFO - Processing /opt/airflow/dags/airflow.py took 0.067 seconds
[2025-12-30T23:34:49.940+0000] {processor.py:161} INFO - Started process (PID=157) to work on /opt/airflow/dags/airflow.py
[2025-12-30T23:34:49.941+0000] {processor.py:830} INFO - Processing file /opt/airflow/dags/airflow.py for tasks to queue
[2025-12-30T23:34:49.948+0000] {logging_mixin.py:188} INFO - [2025-12-30T23:34:49.947+0000] {dagbag.py:545} INFO - Filling up the DagBag from /opt/airflow/dags/airflow.py
[2025-12-30T23:34:49.956+0000] {logging_mixin.py:188} INFO - [2025-12-30T23:34:49.955+0000] {dagbag.py:355} ERROR - Failed to import: /opt/airflow/dags/airflow.py
Traceback (most recent call last):
  File "/home/airflow/.local/lib/python3.12/site-packages/airflow/models/dagbag.py", line 351, in parse
    loader.exec_module(new_module)
  File "<frozen importlib._bootstrap_external>", line 995, in exec_module
  File "<frozen importlib._bootstrap>", line 488, in _call_with_frames_removed
  File "/opt/airflow/dags/airflow.py", line 4, in <module>
    from airflow.providers.standard.operators.python import PythonOperator
ModuleNotFoundError: No module named 'airflow.providers.standard'
[2025-12-30T23:34:49.957+0000] {processor.py:842} WARNING - No viable dags retrieved from /opt/airflow/dags/airflow.py
[2025-12-30T23:34:49.977+0000] {processor.py:183} INFO - Processing /opt/airflow/dags/airflow.py took 0.043 seconds
[2025-12-30T23:35:20.319+0000] {processor.py:161} INFO - Started process (PID=216) to work on /opt/airflow/dags/airflow.py
[2025-12-30T23:35:20.320+0000] {processor.py:830} INFO - Processing file /opt/airflow/dags/airflow.py for tasks to queue
[2025-12-30T23:35:20.323+0000] {logging_mixin.py:188} INFO - [2025-12-30T23:35:20.323+0000] {dagbag.py:545} INFO - Filling up the DagBag from /opt/airflow/dags/airflow.py
[2025-12-30T23:35:20.331+0000] {logging_mixin.py:188} INFO - [2025-12-30T23:35:20.329+0000] {dagbag.py:355} ERROR - Failed to import: /opt/airflow/dags/airflow.py
Traceback (most recent call last):
  File "/home/airflow/.local/lib/python3.12/site-packages/airflow/models/dagbag.py", line 351, in parse
    loader.exec_module(new_module)
  File "<frozen importlib._bootstrap_external>", line 995, in exec_module
  File "<frozen importlib._bootstrap>", line 488, in _call_with_frames_removed
  File "/opt/airflow/dags/airflow.py", line 4, in <module>
    from airflow.providers.standard.operators.python import PythonOperator
ModuleNotFoundError: No module named 'airflow.providers.standard'
[2025-12-30T23:35:20.332+0000] {processor.py:842} WARNING - No viable dags retrieved from /opt/airflow/dags/airflow.py
[2025-12-30T23:35:20.350+0000] {processor.py:183} INFO - Processing /opt/airflow/dags/airflow.py took 0.046 seconds
[2025-12-30T23:35:50.499+0000] {processor.py:161} INFO - Started process (PID=275) to work on /opt/airflow/dags/airflow.py
[2025-12-30T23:35:50.500+0000] {processor.py:830} INFO - Processing file /opt/airflow/dags/airflow.py for tasks to queue
[2025-12-30T23:35:50.503+0000] {logging_mixin.py:188} INFO - [2025-12-30T23:35:50.502+0000] {dagbag.py:545} INFO - Filling up the DagBag from /opt/airflow/dags/airflow.py
[2025-12-30T23:35:50.512+0000] {logging_mixin.py:188} INFO - [2025-12-30T23:35:50.510+0000] {dagbag.py:355} ERROR - Failed to import: /opt/airflow/dags/airflow.py
Traceback (most recent call last):
  File "/home/airflow/.local/lib/python3.12/site-packages/airflow/models/dagbag.py", line 351, in parse
    loader.exec_module(new_module)
  File "<frozen importlib._bootstrap_external>", line 995, in exec_module
  File "<frozen importlib._bootstrap>", line 488, in _call_with_frames_removed
  File "/opt/airflow/dags/airflow.py", line 4, in <module>
    from airflow.providers.standard.operators.python import PythonOperator
ModuleNotFoundError: No module named 'airflow.providers.standard'
[2025-12-30T23:35:50.512+0000] {processor.py:842} WARNING - No viable dags retrieved from /opt/airflow/dags/airflow.py
[2025-12-30T23:35:50.535+0000] {processor.py:183} INFO - Processing /opt/airflow/dags/airflow.py took 0.048 seconds
[2025-12-30T23:36:20.696+0000] {processor.py:161} INFO - Started process (PID=334) to work on /opt/airflow/dags/airflow.py
[2025-12-30T23:36:20.699+0000] {processor.py:830} INFO - Processing file /opt/airflow/dags/airflow.py for tasks to queue
[2025-12-30T23:36:20.707+0000] {logging_mixin.py:188} INFO - [2025-12-30T23:36:20.707+0000] {dagbag.py:545} INFO - Filling up the DagBag from /opt/airflow/dags/airflow.py
[2025-12-30T23:36:20.717+0000] {logging_mixin.py:188} INFO - [2025-12-30T23:36:20.714+0000] {dagbag.py:355} ERROR - Failed to import: /opt/airflow/dags/airflow.py
Traceback (most recent call last):
  File "/home/airflow/.local/lib/python3.12/site-packages/airflow/models/dagbag.py", line 351, in parse
    loader.exec_module(new_module)
  File "<frozen importlib._bootstrap_external>", line 995, in exec_module
  File "<frozen importlib._bootstrap>", line 488, in _call_with_frames_removed
  File "/opt/airflow/dags/airflow.py", line 4, in <module>
    from airflow.providers.standard.operators.python import PythonOperator
ModuleNotFoundError: No module named 'airflow.providers.standard'
[2025-12-30T23:36:20.717+0000] {processor.py:842} WARNING - No viable dags retrieved from /opt/airflow/dags/airflow.py
[2025-12-30T23:36:20.752+0000] {processor.py:183} INFO - Processing /opt/airflow/dags/airflow.py took 0.094 seconds
[2025-12-30T23:36:51.184+0000] {processor.py:161} INFO - Started process (PID=393) to work on /opt/airflow/dags/airflow.py
[2025-12-30T23:36:51.187+0000] {processor.py:830} INFO - Processing file /opt/airflow/dags/airflow.py for tasks to queue
[2025-12-30T23:36:51.191+0000] {logging_mixin.py:188} INFO - [2025-12-30T23:36:51.191+0000] {dagbag.py:545} INFO - Filling up the DagBag from /opt/airflow/dags/airflow.py
[2025-12-30T23:36:51.199+0000] {logging_mixin.py:188} INFO - [2025-12-30T23:36:51.198+0000] {dagbag.py:355} ERROR - Failed to import: /opt/airflow/dags/airflow.py
Traceback (most recent call last):
  File "/home/airflow/.local/lib/python3.12/site-packages/airflow/models/dagbag.py", line 351, in parse
    loader.exec_module(new_module)
  File "<frozen importlib._bootstrap_external>", line 995, in exec_module
  File "<frozen importlib._bootstrap>", line 488, in _call_with_frames_removed
  File "/opt/airflow/dags/airflow.py", line 4, in <module>
    from airflow.providers.standard.operators.python import PythonOperator
ModuleNotFoundError: No module named 'airflow.providers.standard'
[2025-12-30T23:36:51.200+0000] {processor.py:842} WARNING - No viable dags retrieved from /opt/airflow/dags/airflow.py
[2025-12-30T23:36:51.215+0000] {processor.py:183} INFO - Processing /opt/airflow/dags/airflow.py took 0.039 seconds
[2025-12-30T23:37:21.340+0000] {processor.py:161} INFO - Started process (PID=452) to work on /opt/airflow/dags/airflow.py
[2025-12-30T23:37:21.342+0000] {processor.py:830} INFO - Processing file /opt/airflow/dags/airflow.py for tasks to queue
[2025-12-30T23:37:21.354+0000] {logging_mixin.py:188} INFO - [2025-12-30T23:37:21.353+0000] {dagbag.py:545} INFO - Filling up the DagBag from /opt/airflow/dags/airflow.py
[2025-12-30T23:37:21.365+0000] {logging_mixin.py:188} INFO - [2025-12-30T23:37:21.361+0000] {dagbag.py:355} ERROR - Failed to import: /opt/airflow/dags/airflow.py
Traceback (most recent call last):
  File "/home/airflow/.local/lib/python3.12/site-packages/airflow/models/dagbag.py", line 351, in parse
    loader.exec_module(new_module)
  File "<frozen importlib._bootstrap_external>", line 995, in exec_module
  File "<frozen importlib._bootstrap>", line 488, in _call_with_frames_removed
  File "/opt/airflow/dags/airflow.py", line 4, in <module>
    from airflow.providers.standard.operators.python import PythonOperator
ModuleNotFoundError: No module named 'airflow.providers.standard'
[2025-12-30T23:37:21.365+0000] {processor.py:842} WARNING - No viable dags retrieved from /opt/airflow/dags/airflow.py
[2025-12-30T23:37:21.395+0000] {processor.py:183} INFO - Processing /opt/airflow/dags/airflow.py took 0.069 seconds
[2025-12-30T23:37:51.885+0000] {processor.py:161} INFO - Started process (PID=511) to work on /opt/airflow/dags/airflow.py
[2025-12-30T23:37:51.886+0000] {processor.py:830} INFO - Processing file /opt/airflow/dags/airflow.py for tasks to queue
[2025-12-30T23:37:51.898+0000] {logging_mixin.py:188} INFO - [2025-12-30T23:37:51.897+0000] {dagbag.py:545} INFO - Filling up the DagBag from /opt/airflow/dags/airflow.py
[2025-12-30T23:37:51.912+0000] {logging_mixin.py:188} INFO - [2025-12-30T23:37:51.910+0000] {dagbag.py:355} ERROR - Failed to import: /opt/airflow/dags/airflow.py
Traceback (most recent call last):
  File "/home/airflow/.local/lib/python3.12/site-packages/airflow/models/dagbag.py", line 351, in parse
    loader.exec_module(new_module)
  File "<frozen importlib._bootstrap_external>", line 995, in exec_module
  File "<frozen importlib._bootstrap>", line 488, in _call_with_frames_removed
  File "/opt/airflow/dags/airflow.py", line 4, in <module>
    from airflow.providers.standard.operators.python import PythonOperator
ModuleNotFoundError: No module named 'airflow.providers.standard'
[2025-12-30T23:37:51.913+0000] {processor.py:842} WARNING - No viable dags retrieved from /opt/airflow/dags/airflow.py
[2025-12-30T23:37:51.930+0000] {processor.py:183} INFO - Processing /opt/airflow/dags/airflow.py took 0.055 seconds
[2025-12-30T23:38:22.164+0000] {processor.py:161} INFO - Started process (PID=570) to work on /opt/airflow/dags/airflow.py
[2025-12-30T23:38:22.165+0000] {processor.py:830} INFO - Processing file /opt/airflow/dags/airflow.py for tasks to queue
[2025-12-30T23:38:22.167+0000] {logging_mixin.py:188} INFO - [2025-12-30T23:38:22.167+0000] {dagbag.py:545} INFO - Filling up the DagBag from /opt/airflow/dags/airflow.py
[2025-12-30T23:38:22.180+0000] {logging_mixin.py:188} INFO - [2025-12-30T23:38:22.178+0000] {dagbag.py:355} ERROR - Failed to import: /opt/airflow/dags/airflow.py
Traceback (most recent call last):
  File "/home/airflow/.local/lib/python3.12/site-packages/airflow/models/dagbag.py", line 351, in parse
    loader.exec_module(new_module)
  File "<frozen importlib._bootstrap_external>", line 995, in exec_module
  File "<frozen importlib._bootstrap>", line 488, in _call_with_frames_removed
  File "/opt/airflow/dags/airflow.py", line 4, in <module>
    from airflow.providers.standard.operators.python import PythonOperator
ModuleNotFoundError: No module named 'airflow.providers.standard'
[2025-12-30T23:38:22.181+0000] {processor.py:842} WARNING - No viable dags retrieved from /opt/airflow/dags/airflow.py
[2025-12-30T23:38:22.205+0000] {processor.py:183} INFO - Processing /opt/airflow/dags/airflow.py took 0.052 seconds
[2025-12-30T23:38:52.775+0000] {processor.py:161} INFO - Started process (PID=629) to work on /opt/airflow/dags/airflow.py
[2025-12-30T23:38:52.776+0000] {processor.py:830} INFO - Processing file /opt/airflow/dags/airflow.py for tasks to queue
[2025-12-30T23:38:52.779+0000] {logging_mixin.py:188} INFO - [2025-12-30T23:38:52.778+0000] {dagbag.py:545} INFO - Filling up the DagBag from /opt/airflow/dags/airflow.py
[2025-12-30T23:38:52.786+0000] {logging_mixin.py:188} INFO - [2025-12-30T23:38:52.784+0000] {dagbag.py:355} ERROR - Failed to import: /opt/airflow/dags/airflow.py
Traceback (most recent call last):
  File "/home/airflow/.local/lib/python3.12/site-packages/airflow/models/dagbag.py", line 351, in parse
    loader.exec_module(new_module)
  File "<frozen importlib._bootstrap_external>", line 995, in exec_module
  File "<frozen importlib._bootstrap>", line 488, in _call_with_frames_removed
  File "/opt/airflow/dags/airflow.py", line 4, in <module>
    from airflow.providers.standard.operators.python import PythonOperator
ModuleNotFoundError: No module named 'airflow.providers.standard'
[2025-12-30T23:38:52.787+0000] {processor.py:842} WARNING - No viable dags retrieved from /opt/airflow/dags/airflow.py
[2025-12-30T23:38:52.806+0000] {processor.py:183} INFO - Processing /opt/airflow/dags/airflow.py took 0.040 seconds
[2025-12-30T23:39:23.172+0000] {processor.py:161} INFO - Started process (PID=694) to work on /opt/airflow/dags/airflow.py
[2025-12-30T23:39:23.173+0000] {processor.py:830} INFO - Processing file /opt/airflow/dags/airflow.py for tasks to queue
[2025-12-30T23:39:23.178+0000] {logging_mixin.py:188} INFO - [2025-12-30T23:39:23.177+0000] {dagbag.py:545} INFO - Filling up the DagBag from /opt/airflow/dags/airflow.py
[2025-12-30T23:39:23.186+0000] {logging_mixin.py:188} INFO - [2025-12-30T23:39:23.184+0000] {dagbag.py:355} ERROR - Failed to import: /opt/airflow/dags/airflow.py
Traceback (most recent call last):
  File "/home/airflow/.local/lib/python3.12/site-packages/airflow/models/dagbag.py", line 351, in parse
    loader.exec_module(new_module)
  File "<frozen importlib._bootstrap_external>", line 995, in exec_module
  File "<frozen importlib._bootstrap>", line 488, in _call_with_frames_removed
  File "/opt/airflow/dags/airflow.py", line 4, in <module>
    from airflow.providers.standard.operators.python import PythonOperator
ModuleNotFoundError: No module named 'airflow.providers.standard'
[2025-12-30T23:39:23.186+0000] {processor.py:842} WARNING - No viable dags retrieved from /opt/airflow/dags/airflow.py
[2025-12-30T23:39:23.210+0000] {processor.py:183} INFO - Processing /opt/airflow/dags/airflow.py took 0.049 seconds
[2025-12-30T23:39:53.569+0000] {processor.py:161} INFO - Started process (PID=753) to work on /opt/airflow/dags/airflow.py
[2025-12-30T23:39:53.570+0000] {processor.py:830} INFO - Processing file /opt/airflow/dags/airflow.py for tasks to queue
[2025-12-30T23:39:53.575+0000] {logging_mixin.py:188} INFO - [2025-12-30T23:39:53.573+0000] {dagbag.py:545} INFO - Filling up the DagBag from /opt/airflow/dags/airflow.py
[2025-12-30T23:39:53.629+0000] {logging_mixin.py:188} INFO - [2025-12-30T23:39:53.626+0000] {dagbag.py:355} ERROR - Failed to import: /opt/airflow/dags/airflow.py
Traceback (most recent call last):
  File "/home/airflow/.local/lib/python3.12/site-packages/airflow/models/dagbag.py", line 351, in parse
    loader.exec_module(new_module)
  File "<frozen importlib._bootstrap_external>", line 995, in exec_module
  File "<frozen importlib._bootstrap>", line 488, in _call_with_frames_removed
  File "/opt/airflow/dags/airflow.py", line 4, in <module>
    from airflow.providers.standard.operators.python import PythonOperator
ModuleNotFoundError: No module named 'airflow.providers.standard'
[2025-12-30T23:39:53.629+0000] {processor.py:842} WARNING - No viable dags retrieved from /opt/airflow/dags/airflow.py
[2025-12-30T23:39:53.653+0000] {processor.py:183} INFO - Processing /opt/airflow/dags/airflow.py took 0.092 seconds
[2025-12-30T23:40:23.769+0000] {processor.py:161} INFO - Started process (PID=812) to work on /opt/airflow/dags/airflow.py
[2025-12-30T23:40:23.770+0000] {processor.py:830} INFO - Processing file /opt/airflow/dags/airflow.py for tasks to queue
[2025-12-30T23:40:23.773+0000] {logging_mixin.py:188} INFO - [2025-12-30T23:40:23.772+0000] {dagbag.py:545} INFO - Filling up the DagBag from /opt/airflow/dags/airflow.py
[2025-12-30T23:40:23.783+0000] {logging_mixin.py:188} INFO - [2025-12-30T23:40:23.781+0000] {dagbag.py:355} ERROR - Failed to import: /opt/airflow/dags/airflow.py
Traceback (most recent call last):
  File "/home/airflow/.local/lib/python3.12/site-packages/airflow/models/dagbag.py", line 351, in parse
    loader.exec_module(new_module)
  File "<frozen importlib._bootstrap_external>", line 995, in exec_module
  File "<frozen importlib._bootstrap>", line 488, in _call_with_frames_removed
  File "/opt/airflow/dags/airflow.py", line 4, in <module>
    from airflow.providers.standard.operators.python import PythonOperator
ModuleNotFoundError: No module named 'airflow.providers.standard'
[2025-12-30T23:40:23.783+0000] {processor.py:842} WARNING - No viable dags retrieved from /opt/airflow/dags/airflow.py
[2025-12-30T23:40:23.810+0000] {processor.py:183} INFO - Processing /opt/airflow/dags/airflow.py took 0.062 seconds
[2025-12-30T23:40:54.086+0000] {processor.py:161} INFO - Started process (PID=871) to work on /opt/airflow/dags/airflow.py
[2025-12-30T23:40:54.088+0000] {processor.py:830} INFO - Processing file /opt/airflow/dags/airflow.py for tasks to queue
[2025-12-30T23:40:54.092+0000] {logging_mixin.py:188} INFO - [2025-12-30T23:40:54.091+0000] {dagbag.py:545} INFO - Filling up the DagBag from /opt/airflow/dags/airflow.py
[2025-12-30T23:40:54.526+0000] {logging_mixin.py:188} INFO - [2025-12-30T23:40:54.522+0000] {dagbag.py:355} ERROR - Failed to import: /opt/airflow/dags/airflow.py
Traceback (most recent call last):
  File "/home/airflow/.local/lib/python3.12/site-packages/airflow/models/dagbag.py", line 351, in parse
    loader.exec_module(new_module)
  File "<frozen importlib._bootstrap_external>", line 995, in exec_module
  File "<frozen importlib._bootstrap>", line 488, in _call_with_frames_removed
  File "/opt/airflow/dags/airflow.py", line 6, in <module>
    from src.tasks import load_data, data_preprocessing, build_save_model, load_model_elbow
  File "/opt/airflow/dags/src/tasks.py", line 2, in <module>
    from sklearn.preprocessing import MinMaxScaler
ModuleNotFoundError: No module named 'sklearn'
[2025-12-30T23:40:54.526+0000] {processor.py:842} WARNING - No viable dags retrieved from /opt/airflow/dags/airflow.py
[2025-12-30T23:40:54.550+0000] {processor.py:183} INFO - Processing /opt/airflow/dags/airflow.py took 0.478 seconds
[2025-12-30T23:40:58.623+0000] {processor.py:161} INFO - Started process (PID=902) to work on /opt/airflow/dags/airflow.py
[2025-12-30T23:40:58.624+0000] {processor.py:830} INFO - Processing file /opt/airflow/dags/airflow.py for tasks to queue
[2025-12-30T23:40:58.628+0000] {logging_mixin.py:188} INFO - [2025-12-30T23:40:58.627+0000] {dagbag.py:545} INFO - Filling up the DagBag from /opt/airflow/dags/airflow.py
[2025-12-30T23:40:59.150+0000] {logging_mixin.py:188} INFO - [2025-12-30T23:40:59.144+0000] {dagbag.py:355} ERROR - Failed to import: /opt/airflow/dags/airflow.py
Traceback (most recent call last):
  File "/home/airflow/.local/lib/python3.12/site-packages/airflow/models/dagbag.py", line 351, in parse
    loader.exec_module(new_module)
  File "<frozen importlib._bootstrap_external>", line 995, in exec_module
  File "<frozen importlib._bootstrap>", line 488, in _call_with_frames_removed
  File "/opt/airflow/dags/airflow.py", line 6, in <module>
    from src.tasks import load_data, data_preprocessing, build_save_model, load_model_elbow
  File "/opt/airflow/dags/src/tasks.py", line 2, in <module>
    from sklearn.preprocessing import MinMaxScaler
ModuleNotFoundError: No module named 'sklearn'
[2025-12-30T23:40:59.150+0000] {processor.py:842} WARNING - No viable dags retrieved from /opt/airflow/dags/airflow.py
[2025-12-30T23:40:59.176+0000] {processor.py:183} INFO - Processing /opt/airflow/dags/airflow.py took 0.564 seconds
[2025-12-30T23:41:03.011+0000] {processor.py:161} INFO - Started process (PID=924) to work on /opt/airflow/dags/airflow.py
[2025-12-30T23:41:03.017+0000] {processor.py:830} INFO - Processing file /opt/airflow/dags/airflow.py for tasks to queue
[2025-12-30T23:41:03.024+0000] {logging_mixin.py:188} INFO - [2025-12-30T23:41:03.021+0000] {dagbag.py:545} INFO - Filling up the DagBag from /opt/airflow/dags/airflow.py
[2025-12-30T23:41:03.050+0000] {logging_mixin.py:188} INFO - [2025-12-30T23:41:03.047+0000] {dagbag.py:355} ERROR - Failed to import: /opt/airflow/dags/airflow.py
Traceback (most recent call last):
  File "/home/airflow/.local/lib/python3.12/site-packages/airflow/models/dagbag.py", line 351, in parse
    loader.exec_module(new_module)
  File "<frozen importlib._bootstrap_external>", line 995, in exec_module
  File "<frozen importlib._bootstrap>", line 488, in _call_with_frames_removed
  File "/opt/airflow/dags/airflow.py", line 4, in <module>
    from airflow.providers.standard.operators.python import PythonOperator
ModuleNotFoundError: No module named 'airflow.providers.standard'
[2025-12-30T23:41:03.051+0000] {processor.py:842} WARNING - No viable dags retrieved from /opt/airflow/dags/airflow.py
[2025-12-30T23:41:03.079+0000] {processor.py:183} INFO - Processing /opt/airflow/dags/airflow.py took 0.096 seconds
[2025-12-30T23:41:15.292+0000] {processor.py:161} INFO - Started process (PID=928) to work on /opt/airflow/dags/airflow.py
[2025-12-30T23:41:15.293+0000] {processor.py:830} INFO - Processing file /opt/airflow/dags/airflow.py for tasks to queue
[2025-12-30T23:41:15.294+0000] {logging_mixin.py:188} INFO - [2025-12-30T23:41:15.294+0000] {dagbag.py:545} INFO - Filling up the DagBag from /opt/airflow/dags/airflow.py
[2025-12-30T23:41:15.556+0000] {logging_mixin.py:188} INFO - [2025-12-30T23:41:15.552+0000] {dagbag.py:355} ERROR - Failed to import: /opt/airflow/dags/airflow.py
Traceback (most recent call last):
  File "/home/airflow/.local/lib/python3.12/site-packages/airflow/models/dagbag.py", line 351, in parse
    loader.exec_module(new_module)
  File "<frozen importlib._bootstrap_external>", line 995, in exec_module
  File "<frozen importlib._bootstrap>", line 488, in _call_with_frames_removed
  File "/opt/airflow/dags/airflow.py", line 6, in <module>
    from src.tasks import load_data, data_preprocessing, build_save_model, load_model_elbow
  File "/opt/airflow/dags/src/tasks.py", line 2, in <module>
    from sklearn.preprocessing import MinMaxScaler
ModuleNotFoundError: No module named 'sklearn'
[2025-12-30T23:41:15.556+0000] {processor.py:842} WARNING - No viable dags retrieved from /opt/airflow/dags/airflow.py
[2025-12-30T23:41:15.570+0000] {processor.py:183} INFO - Processing /opt/airflow/dags/airflow.py took 0.283 seconds
[2025-12-30T23:42:54.910+0000] {processor.py:161} INFO - Started process (PID=37) to work on /opt/airflow/dags/airflow.py
[2025-12-30T23:42:54.921+0000] {processor.py:830} INFO - Processing file /opt/airflow/dags/airflow.py for tasks to queue
[2025-12-30T23:42:54.934+0000] {logging_mixin.py:188} INFO - [2025-12-30T23:42:54.934+0000] {dagbag.py:545} INFO - Filling up the DagBag from /opt/airflow/dags/airflow.py
[2025-12-30T23:42:55.835+0000] {logging_mixin.py:188} INFO - [2025-12-30T23:42:55.815+0000] {dagbag.py:355} ERROR - Failed to import: /opt/airflow/dags/airflow.py
Traceback (most recent call last):
  File "/home/airflow/.local/lib/python3.12/site-packages/airflow/models/dagbag.py", line 351, in parse
    loader.exec_module(new_module)
  File "<frozen importlib._bootstrap_external>", line 995, in exec_module
  File "<frozen importlib._bootstrap>", line 488, in _call_with_frames_removed
  File "/opt/airflow/dags/airflow.py", line 6, in <module>
    from src.tasks import load_data, data_preprocessing, build_save_model, load_model_elbow
  File "/opt/airflow/dags/src/tasks.py", line 2, in <module>
    from sklearn.preprocessing import MinMaxScaler
ModuleNotFoundError: No module named 'sklearn'
[2025-12-30T23:42:55.836+0000] {processor.py:842} WARNING - No viable dags retrieved from /opt/airflow/dags/airflow.py
[2025-12-30T23:42:55.917+0000] {processor.py:183} INFO - Processing /opt/airflow/dags/airflow.py took 1.042 seconds
[2025-12-30T23:43:26.121+0000] {processor.py:161} INFO - Started process (PID=97) to work on /opt/airflow/dags/airflow.py
[2025-12-30T23:43:26.122+0000] {processor.py:830} INFO - Processing file /opt/airflow/dags/airflow.py for tasks to queue
[2025-12-30T23:43:26.130+0000] {logging_mixin.py:188} INFO - [2025-12-30T23:43:26.128+0000] {dagbag.py:545} INFO - Filling up the DagBag from /opt/airflow/dags/airflow.py
[2025-12-30T23:43:26.940+0000] {logging_mixin.py:188} INFO - [2025-12-30T23:43:26.936+0000] {dagbag.py:355} ERROR - Failed to import: /opt/airflow/dags/airflow.py
Traceback (most recent call last):
  File "/home/airflow/.local/lib/python3.12/site-packages/airflow/models/dagbag.py", line 351, in parse
    loader.exec_module(new_module)
  File "<frozen importlib._bootstrap_external>", line 995, in exec_module
  File "<frozen importlib._bootstrap>", line 488, in _call_with_frames_removed
  File "/opt/airflow/dags/airflow.py", line 6, in <module>
    from src.tasks import load_data, data_preprocessing, build_save_model, load_model_elbow
  File "/opt/airflow/dags/src/tasks.py", line 2, in <module>
    from sklearn.preprocessing import MinMaxScaler
ModuleNotFoundError: No module named 'sklearn'
[2025-12-30T23:43:26.940+0000] {processor.py:842} WARNING - No viable dags retrieved from /opt/airflow/dags/airflow.py
[2025-12-30T23:43:26.963+0000] {processor.py:183} INFO - Processing /opt/airflow/dags/airflow.py took 0.856 seconds
[2025-12-30T23:43:57.661+0000] {processor.py:161} INFO - Started process (PID=159) to work on /opt/airflow/dags/airflow.py
[2025-12-30T23:43:57.662+0000] {processor.py:830} INFO - Processing file /opt/airflow/dags/airflow.py for tasks to queue
[2025-12-30T23:43:57.664+0000] {logging_mixin.py:188} INFO - [2025-12-30T23:43:57.663+0000] {dagbag.py:545} INFO - Filling up the DagBag from /opt/airflow/dags/airflow.py
[2025-12-30T23:43:58.088+0000] {logging_mixin.py:188} INFO - [2025-12-30T23:43:58.084+0000] {dagbag.py:355} ERROR - Failed to import: /opt/airflow/dags/airflow.py
Traceback (most recent call last):
  File "/home/airflow/.local/lib/python3.12/site-packages/airflow/models/dagbag.py", line 351, in parse
    loader.exec_module(new_module)
  File "<frozen importlib._bootstrap_external>", line 995, in exec_module
  File "<frozen importlib._bootstrap>", line 488, in _call_with_frames_removed
  File "/opt/airflow/dags/airflow.py", line 6, in <module>
    from src.tasks import load_data, data_preprocessing, build_save_model, load_model_elbow
  File "/opt/airflow/dags/src/tasks.py", line 2, in <module>
    from sklearn.preprocessing import MinMaxScaler
ModuleNotFoundError: No module named 'sklearn'
[2025-12-30T23:43:58.088+0000] {processor.py:842} WARNING - No viable dags retrieved from /opt/airflow/dags/airflow.py
[2025-12-30T23:43:58.097+0000] {processor.py:183} INFO - Processing /opt/airflow/dags/airflow.py took 0.444 seconds
[2025-12-30T23:44:28.168+0000] {processor.py:161} INFO - Started process (PID=224) to work on /opt/airflow/dags/airflow.py
[2025-12-30T23:44:28.169+0000] {processor.py:830} INFO - Processing file /opt/airflow/dags/airflow.py for tasks to queue
[2025-12-30T23:44:28.170+0000] {logging_mixin.py:188} INFO - [2025-12-30T23:44:28.170+0000] {dagbag.py:545} INFO - Filling up the DagBag from /opt/airflow/dags/airflow.py
[2025-12-30T23:44:28.585+0000] {logging_mixin.py:188} INFO - [2025-12-30T23:44:28.582+0000] {dagbag.py:355} ERROR - Failed to import: /opt/airflow/dags/airflow.py
Traceback (most recent call last):
  File "/home/airflow/.local/lib/python3.12/site-packages/airflow/models/dagbag.py", line 351, in parse
    loader.exec_module(new_module)
  File "<frozen importlib._bootstrap_external>", line 995, in exec_module
  File "<frozen importlib._bootstrap>", line 488, in _call_with_frames_removed
  File "/opt/airflow/dags/airflow.py", line 6, in <module>
    from src.tasks import load_data, data_preprocessing, build_save_model, load_model_elbow
  File "/opt/airflow/dags/src/tasks.py", line 2, in <module>
    from sklearn.preprocessing import MinMaxScaler
ModuleNotFoundError: No module named 'sklearn'
[2025-12-30T23:44:28.586+0000] {processor.py:842} WARNING - No viable dags retrieved from /opt/airflow/dags/airflow.py
[2025-12-30T23:44:28.599+0000] {processor.py:183} INFO - Processing /opt/airflow/dags/airflow.py took 0.434 seconds
[2025-12-30T23:44:59.238+0000] {processor.py:161} INFO - Started process (PID=289) to work on /opt/airflow/dags/airflow.py
[2025-12-30T23:44:59.239+0000] {processor.py:830} INFO - Processing file /opt/airflow/dags/airflow.py for tasks to queue
[2025-12-30T23:44:59.241+0000] {logging_mixin.py:188} INFO - [2025-12-30T23:44:59.240+0000] {dagbag.py:545} INFO - Filling up the DagBag from /opt/airflow/dags/airflow.py
[2025-12-30T23:44:59.850+0000] {logging_mixin.py:188} INFO - [2025-12-30T23:44:59.846+0000] {dagbag.py:355} ERROR - Failed to import: /opt/airflow/dags/airflow.py
Traceback (most recent call last):
  File "/home/airflow/.local/lib/python3.12/site-packages/airflow/models/dagbag.py", line 351, in parse
    loader.exec_module(new_module)
  File "<frozen importlib._bootstrap_external>", line 995, in exec_module
  File "<frozen importlib._bootstrap>", line 488, in _call_with_frames_removed
  File "/opt/airflow/dags/airflow.py", line 6, in <module>
    from src.tasks import load_data, data_preprocessing, build_save_model, load_model_elbow
  File "/opt/airflow/dags/src/tasks.py", line 2, in <module>
    from sklearn.preprocessing import MinMaxScaler
ModuleNotFoundError: No module named 'sklearn'
[2025-12-30T23:44:59.851+0000] {processor.py:842} WARNING - No viable dags retrieved from /opt/airflow/dags/airflow.py
[2025-12-30T23:44:59.860+0000] {processor.py:183} INFO - Processing /opt/airflow/dags/airflow.py took 0.627 seconds
[2025-12-30T23:45:30.871+0000] {processor.py:161} INFO - Started process (PID=349) to work on /opt/airflow/dags/airflow.py
[2025-12-30T23:45:30.872+0000] {processor.py:830} INFO - Processing file /opt/airflow/dags/airflow.py for tasks to queue
[2025-12-30T23:45:30.874+0000] {logging_mixin.py:188} INFO - [2025-12-30T23:45:30.874+0000] {dagbag.py:545} INFO - Filling up the DagBag from /opt/airflow/dags/airflow.py
[2025-12-30T23:45:31.573+0000] {logging_mixin.py:188} INFO - [2025-12-30T23:45:31.570+0000] {dagbag.py:355} ERROR - Failed to import: /opt/airflow/dags/airflow.py
Traceback (most recent call last):
  File "/home/airflow/.local/lib/python3.12/site-packages/airflow/models/dagbag.py", line 351, in parse
    loader.exec_module(new_module)
  File "<frozen importlib._bootstrap_external>", line 995, in exec_module
  File "<frozen importlib._bootstrap>", line 488, in _call_with_frames_removed
  File "/opt/airflow/dags/airflow.py", line 6, in <module>
    from src.tasks import load_data, data_preprocessing, build_save_model, load_model_elbow
  File "/opt/airflow/dags/src/tasks.py", line 2, in <module>
    from sklearn.preprocessing import MinMaxScaler
ModuleNotFoundError: No module named 'sklearn'
[2025-12-30T23:45:31.575+0000] {processor.py:842} WARNING - No viable dags retrieved from /opt/airflow/dags/airflow.py
[2025-12-30T23:45:31.585+0000] {processor.py:183} INFO - Processing /opt/airflow/dags/airflow.py took 0.719 seconds
[2025-12-30T23:46:02.331+0000] {processor.py:161} INFO - Started process (PID=415) to work on /opt/airflow/dags/airflow.py
[2025-12-30T23:46:02.332+0000] {processor.py:830} INFO - Processing file /opt/airflow/dags/airflow.py for tasks to queue
[2025-12-30T23:46:02.333+0000] {logging_mixin.py:188} INFO - [2025-12-30T23:46:02.333+0000] {dagbag.py:545} INFO - Filling up the DagBag from /opt/airflow/dags/airflow.py
[2025-12-30T23:46:02.801+0000] {logging_mixin.py:188} INFO - [2025-12-30T23:46:02.798+0000] {dagbag.py:355} ERROR - Failed to import: /opt/airflow/dags/airflow.py
Traceback (most recent call last):
  File "/home/airflow/.local/lib/python3.12/site-packages/airflow/models/dagbag.py", line 351, in parse
    loader.exec_module(new_module)
  File "<frozen importlib._bootstrap_external>", line 995, in exec_module
  File "<frozen importlib._bootstrap>", line 488, in _call_with_frames_removed
  File "/opt/airflow/dags/airflow.py", line 6, in <module>
    from src.tasks import load_data, data_preprocessing, build_save_model, load_model_elbow
  File "/opt/airflow/dags/src/tasks.py", line 2, in <module>
    from sklearn.preprocessing import MinMaxScaler
ModuleNotFoundError: No module named 'sklearn'
[2025-12-30T23:46:02.801+0000] {processor.py:842} WARNING - No viable dags retrieved from /opt/airflow/dags/airflow.py
[2025-12-30T23:46:02.810+0000] {processor.py:183} INFO - Processing /opt/airflow/dags/airflow.py took 0.484 seconds
[2025-12-30T23:46:33.523+0000] {processor.py:161} INFO - Started process (PID=477) to work on /opt/airflow/dags/airflow.py
[2025-12-30T23:46:33.524+0000] {processor.py:830} INFO - Processing file /opt/airflow/dags/airflow.py for tasks to queue
[2025-12-30T23:46:33.525+0000] {logging_mixin.py:188} INFO - [2025-12-30T23:46:33.524+0000] {dagbag.py:545} INFO - Filling up the DagBag from /opt/airflow/dags/airflow.py
[2025-12-30T23:46:33.900+0000] {logging_mixin.py:188} INFO - [2025-12-30T23:46:33.896+0000] {dagbag.py:355} ERROR - Failed to import: /opt/airflow/dags/airflow.py
Traceback (most recent call last):
  File "/home/airflow/.local/lib/python3.12/site-packages/airflow/models/dagbag.py", line 351, in parse
    loader.exec_module(new_module)
  File "<frozen importlib._bootstrap_external>", line 995, in exec_module
  File "<frozen importlib._bootstrap>", line 488, in _call_with_frames_removed
  File "/opt/airflow/dags/airflow.py", line 6, in <module>
    from src.tasks import load_data, data_preprocessing, build_save_model, load_model_elbow
  File "/opt/airflow/dags/src/tasks.py", line 2, in <module>
    from sklearn.preprocessing import MinMaxScaler
ModuleNotFoundError: No module named 'sklearn'
[2025-12-30T23:46:33.900+0000] {processor.py:842} WARNING - No viable dags retrieved from /opt/airflow/dags/airflow.py
[2025-12-30T23:46:33.908+0000] {processor.py:183} INFO - Processing /opt/airflow/dags/airflow.py took 0.388 seconds
[2025-12-30T23:47:03.989+0000] {processor.py:161} INFO - Started process (PID=540) to work on /opt/airflow/dags/airflow.py
[2025-12-30T23:47:03.989+0000] {processor.py:830} INFO - Processing file /opt/airflow/dags/airflow.py for tasks to queue
[2025-12-30T23:47:03.991+0000] {logging_mixin.py:188} INFO - [2025-12-30T23:47:03.990+0000] {dagbag.py:545} INFO - Filling up the DagBag from /opt/airflow/dags/airflow.py
[2025-12-30T23:47:04.451+0000] {logging_mixin.py:188} INFO - [2025-12-30T23:47:04.447+0000] {dagbag.py:355} ERROR - Failed to import: /opt/airflow/dags/airflow.py
Traceback (most recent call last):
  File "/home/airflow/.local/lib/python3.12/site-packages/airflow/models/dagbag.py", line 351, in parse
    loader.exec_module(new_module)
  File "<frozen importlib._bootstrap_external>", line 995, in exec_module
  File "<frozen importlib._bootstrap>", line 488, in _call_with_frames_removed
  File "/opt/airflow/dags/airflow.py", line 6, in <module>
    from src.tasks import load_data, data_preprocessing, build_save_model, load_model_elbow
  File "/opt/airflow/dags/src/tasks.py", line 2, in <module>
    from sklearn.preprocessing import MinMaxScaler
ModuleNotFoundError: No module named 'sklearn'
[2025-12-30T23:47:04.451+0000] {processor.py:842} WARNING - No viable dags retrieved from /opt/airflow/dags/airflow.py
[2025-12-30T23:47:04.461+0000] {processor.py:183} INFO - Processing /opt/airflow/dags/airflow.py took 0.478 seconds
[2025-12-30T23:47:34.770+0000] {processor.py:161} INFO - Started process (PID=604) to work on /opt/airflow/dags/airflow.py
[2025-12-30T23:47:34.771+0000] {processor.py:830} INFO - Processing file /opt/airflow/dags/airflow.py for tasks to queue
[2025-12-30T23:47:34.772+0000] {logging_mixin.py:188} INFO - [2025-12-30T23:47:34.772+0000] {dagbag.py:545} INFO - Filling up the DagBag from /opt/airflow/dags/airflow.py
[2025-12-30T23:47:35.267+0000] {logging_mixin.py:188} INFO - [2025-12-30T23:47:35.263+0000] {dagbag.py:355} ERROR - Failed to import: /opt/airflow/dags/airflow.py
Traceback (most recent call last):
  File "/home/airflow/.local/lib/python3.12/site-packages/airflow/models/dagbag.py", line 351, in parse
    loader.exec_module(new_module)
  File "<frozen importlib._bootstrap_external>", line 995, in exec_module
  File "<frozen importlib._bootstrap>", line 488, in _call_with_frames_removed
  File "/opt/airflow/dags/airflow.py", line 6, in <module>
    from src.tasks import load_data, data_preprocessing, build_save_model, load_model_elbow
  File "/opt/airflow/dags/src/tasks.py", line 2, in <module>
    from sklearn.preprocessing import MinMaxScaler
ModuleNotFoundError: No module named 'sklearn'
[2025-12-30T23:47:35.267+0000] {processor.py:842} WARNING - No viable dags retrieved from /opt/airflow/dags/airflow.py
[2025-12-30T23:47:35.277+0000] {processor.py:183} INFO - Processing /opt/airflow/dags/airflow.py took 0.510 seconds
[2025-12-30T23:48:06.233+0000] {processor.py:161} INFO - Started process (PID=669) to work on /opt/airflow/dags/airflow.py
[2025-12-30T23:48:06.235+0000] {processor.py:830} INFO - Processing file /opt/airflow/dags/airflow.py for tasks to queue
[2025-12-30T23:48:06.238+0000] {logging_mixin.py:188} INFO - [2025-12-30T23:48:06.238+0000] {dagbag.py:545} INFO - Filling up the DagBag from /opt/airflow/dags/airflow.py
[2025-12-30T23:48:06.630+0000] {logging_mixin.py:188} INFO - [2025-12-30T23:48:06.627+0000] {dagbag.py:355} ERROR - Failed to import: /opt/airflow/dags/airflow.py
Traceback (most recent call last):
  File "/home/airflow/.local/lib/python3.12/site-packages/airflow/models/dagbag.py", line 351, in parse
    loader.exec_module(new_module)
  File "<frozen importlib._bootstrap_external>", line 995, in exec_module
  File "<frozen importlib._bootstrap>", line 488, in _call_with_frames_removed
  File "/opt/airflow/dags/airflow.py", line 6, in <module>
    from src.tasks import load_data, data_preprocessing, build_save_model, load_model_elbow
  File "/opt/airflow/dags/src/tasks.py", line 2, in <module>
    from sklearn.preprocessing import MinMaxScaler
ModuleNotFoundError: No module named 'sklearn'
[2025-12-30T23:48:06.631+0000] {processor.py:842} WARNING - No viable dags retrieved from /opt/airflow/dags/airflow.py
[2025-12-30T23:48:06.638+0000] {processor.py:183} INFO - Processing /opt/airflow/dags/airflow.py took 0.412 seconds
[2025-12-30T23:48:37.528+0000] {processor.py:161} INFO - Started process (PID=732) to work on /opt/airflow/dags/airflow.py
[2025-12-30T23:48:37.529+0000] {processor.py:830} INFO - Processing file /opt/airflow/dags/airflow.py for tasks to queue
[2025-12-30T23:48:37.531+0000] {logging_mixin.py:188} INFO - [2025-12-30T23:48:37.530+0000] {dagbag.py:545} INFO - Filling up the DagBag from /opt/airflow/dags/airflow.py
[2025-12-30T23:48:38.029+0000] {logging_mixin.py:188} INFO - [2025-12-30T23:48:38.025+0000] {dagbag.py:355} ERROR - Failed to import: /opt/airflow/dags/airflow.py
Traceback (most recent call last):
  File "/home/airflow/.local/lib/python3.12/site-packages/airflow/models/dagbag.py", line 351, in parse
    loader.exec_module(new_module)
  File "<frozen importlib._bootstrap_external>", line 995, in exec_module
  File "<frozen importlib._bootstrap>", line 488, in _call_with_frames_removed
  File "/opt/airflow/dags/airflow.py", line 6, in <module>
    from src.tasks import load_data, data_preprocessing, build_save_model, load_model_elbow
  File "/opt/airflow/dags/src/tasks.py", line 2, in <module>
    from sklearn.preprocessing import MinMaxScaler
ModuleNotFoundError: No module named 'sklearn'
[2025-12-30T23:48:38.029+0000] {processor.py:842} WARNING - No viable dags retrieved from /opt/airflow/dags/airflow.py
[2025-12-30T23:48:38.039+0000] {processor.py:183} INFO - Processing /opt/airflow/dags/airflow.py took 0.517 seconds
[2025-12-30T23:49:08.084+0000] {processor.py:161} INFO - Started process (PID=798) to work on /opt/airflow/dags/airflow.py
[2025-12-30T23:49:08.085+0000] {processor.py:830} INFO - Processing file /opt/airflow/dags/airflow.py for tasks to queue
[2025-12-30T23:49:08.086+0000] {logging_mixin.py:188} INFO - [2025-12-30T23:49:08.085+0000] {dagbag.py:545} INFO - Filling up the DagBag from /opt/airflow/dags/airflow.py
[2025-12-30T23:49:08.356+0000] {logging_mixin.py:188} INFO - [2025-12-30T23:49:08.353+0000] {dagbag.py:355} ERROR - Failed to import: /opt/airflow/dags/airflow.py
Traceback (most recent call last):
  File "/home/airflow/.local/lib/python3.12/site-packages/airflow/models/dagbag.py", line 351, in parse
    loader.exec_module(new_module)
  File "<frozen importlib._bootstrap_external>", line 995, in exec_module
  File "<frozen importlib._bootstrap>", line 488, in _call_with_frames_removed
  File "/opt/airflow/dags/airflow.py", line 6, in <module>
    from src.tasks import load_data, data_preprocessing, build_save_model, load_model_elbow
  File "/opt/airflow/dags/src/tasks.py", line 2, in <module>
    from sklearn.preprocessing import MinMaxScaler
ModuleNotFoundError: No module named 'sklearn'
[2025-12-30T23:49:08.356+0000] {processor.py:842} WARNING - No viable dags retrieved from /opt/airflow/dags/airflow.py
[2025-12-30T23:49:08.364+0000] {processor.py:183} INFO - Processing /opt/airflow/dags/airflow.py took 0.284 seconds
[2025-12-30T23:49:39.286+0000] {processor.py:161} INFO - Started process (PID=858) to work on /opt/airflow/dags/airflow.py
[2025-12-30T23:49:39.287+0000] {processor.py:830} INFO - Processing file /opt/airflow/dags/airflow.py for tasks to queue
[2025-12-30T23:49:39.288+0000] {logging_mixin.py:188} INFO - [2025-12-30T23:49:39.288+0000] {dagbag.py:545} INFO - Filling up the DagBag from /opt/airflow/dags/airflow.py
[2025-12-30T23:49:39.690+0000] {logging_mixin.py:188} INFO - [2025-12-30T23:49:39.687+0000] {dagbag.py:355} ERROR - Failed to import: /opt/airflow/dags/airflow.py
Traceback (most recent call last):
  File "/home/airflow/.local/lib/python3.12/site-packages/airflow/models/dagbag.py", line 351, in parse
    loader.exec_module(new_module)
  File "<frozen importlib._bootstrap_external>", line 995, in exec_module
  File "<frozen importlib._bootstrap>", line 488, in _call_with_frames_removed
  File "/opt/airflow/dags/airflow.py", line 6, in <module>
    from src.tasks import load_data, data_preprocessing, build_save_model, load_model_elbow
  File "/opt/airflow/dags/src/tasks.py", line 2, in <module>
    from sklearn.preprocessing import MinMaxScaler
ModuleNotFoundError: No module named 'sklearn'
[2025-12-30T23:49:39.690+0000] {processor.py:842} WARNING - No viable dags retrieved from /opt/airflow/dags/airflow.py
[2025-12-30T23:49:39.697+0000] {processor.py:183} INFO - Processing /opt/airflow/dags/airflow.py took 0.415 seconds
[2025-12-30T23:50:09.801+0000] {processor.py:161} INFO - Started process (PID=923) to work on /opt/airflow/dags/airflow.py
[2025-12-30T23:50:09.802+0000] {processor.py:830} INFO - Processing file /opt/airflow/dags/airflow.py for tasks to queue
[2025-12-30T23:50:09.803+0000] {logging_mixin.py:188} INFO - [2025-12-30T23:50:09.803+0000] {dagbag.py:545} INFO - Filling up the DagBag from /opt/airflow/dags/airflow.py
[2025-12-30T23:50:10.178+0000] {logging_mixin.py:188} INFO - [2025-12-30T23:50:10.175+0000] {dagbag.py:355} ERROR - Failed to import: /opt/airflow/dags/airflow.py
Traceback (most recent call last):
  File "/home/airflow/.local/lib/python3.12/site-packages/airflow/models/dagbag.py", line 351, in parse
    loader.exec_module(new_module)
  File "<frozen importlib._bootstrap_external>", line 995, in exec_module
  File "<frozen importlib._bootstrap>", line 488, in _call_with_frames_removed
  File "/opt/airflow/dags/airflow.py", line 6, in <module>
    from src.tasks import load_data, data_preprocessing, build_save_model, load_model_elbow
  File "/opt/airflow/dags/src/tasks.py", line 2, in <module>
    from sklearn.preprocessing import MinMaxScaler
ModuleNotFoundError: No module named 'sklearn'
[2025-12-30T23:50:10.179+0000] {processor.py:842} WARNING - No viable dags retrieved from /opt/airflow/dags/airflow.py
[2025-12-30T23:50:10.187+0000] {processor.py:183} INFO - Processing /opt/airflow/dags/airflow.py took 0.390 seconds
[2025-12-30T23:50:40.239+0000] {processor.py:161} INFO - Started process (PID=978) to work on /opt/airflow/dags/airflow.py
[2025-12-30T23:50:40.239+0000] {processor.py:830} INFO - Processing file /opt/airflow/dags/airflow.py for tasks to queue
[2025-12-30T23:50:40.241+0000] {logging_mixin.py:188} INFO - [2025-12-30T23:50:40.241+0000] {dagbag.py:545} INFO - Filling up the DagBag from /opt/airflow/dags/airflow.py
[2025-12-30T23:50:40.634+0000] {logging_mixin.py:188} INFO - [2025-12-30T23:50:40.630+0000] {dagbag.py:355} ERROR - Failed to import: /opt/airflow/dags/airflow.py
Traceback (most recent call last):
  File "/home/airflow/.local/lib/python3.12/site-packages/airflow/models/dagbag.py", line 351, in parse
    loader.exec_module(new_module)
  File "<frozen importlib._bootstrap_external>", line 995, in exec_module
  File "<frozen importlib._bootstrap>", line 488, in _call_with_frames_removed
  File "/opt/airflow/dags/airflow.py", line 6, in <module>
    from src.tasks import load_data, data_preprocessing, build_save_model, load_model_elbow
  File "/opt/airflow/dags/src/tasks.py", line 2, in <module>
    from sklearn.preprocessing import MinMaxScaler
ModuleNotFoundError: No module named 'sklearn'
[2025-12-30T23:50:40.634+0000] {processor.py:842} WARNING - No viable dags retrieved from /opt/airflow/dags/airflow.py
[2025-12-30T23:50:40.641+0000] {processor.py:183} INFO - Processing /opt/airflow/dags/airflow.py took 0.409 seconds
[2025-12-30T23:51:10.806+0000] {processor.py:161} INFO - Started process (PID=1038) to work on /opt/airflow/dags/airflow.py
[2025-12-30T23:51:10.807+0000] {processor.py:830} INFO - Processing file /opt/airflow/dags/airflow.py for tasks to queue
[2025-12-30T23:51:10.808+0000] {logging_mixin.py:188} INFO - [2025-12-30T23:51:10.808+0000] {dagbag.py:545} INFO - Filling up the DagBag from /opt/airflow/dags/airflow.py
[2025-12-30T23:51:11.309+0000] {logging_mixin.py:188} INFO - [2025-12-30T23:51:11.304+0000] {dagbag.py:355} ERROR - Failed to import: /opt/airflow/dags/airflow.py
Traceback (most recent call last):
  File "/home/airflow/.local/lib/python3.12/site-packages/airflow/models/dagbag.py", line 351, in parse
    loader.exec_module(new_module)
  File "<frozen importlib._bootstrap_external>", line 995, in exec_module
  File "<frozen importlib._bootstrap>", line 488, in _call_with_frames_removed
  File "/opt/airflow/dags/airflow.py", line 6, in <module>
    from src.tasks import load_data, data_preprocessing, build_save_model, load_model_elbow
  File "/opt/airflow/dags/src/tasks.py", line 2, in <module>
    from sklearn.preprocessing import MinMaxScaler
ModuleNotFoundError: No module named 'sklearn'
[2025-12-30T23:51:11.310+0000] {processor.py:842} WARNING - No viable dags retrieved from /opt/airflow/dags/airflow.py
[2025-12-30T23:51:11.321+0000] {processor.py:183} INFO - Processing /opt/airflow/dags/airflow.py took 0.520 seconds
[2025-12-30T23:51:41.981+0000] {processor.py:161} INFO - Started process (PID=1100) to work on /opt/airflow/dags/airflow.py
[2025-12-30T23:51:41.982+0000] {processor.py:830} INFO - Processing file /opt/airflow/dags/airflow.py for tasks to queue
[2025-12-30T23:51:41.984+0000] {logging_mixin.py:188} INFO - [2025-12-30T23:51:41.983+0000] {dagbag.py:545} INFO - Filling up the DagBag from /opt/airflow/dags/airflow.py
[2025-12-30T23:51:42.292+0000] {logging_mixin.py:188} INFO - [2025-12-30T23:51:42.288+0000] {dagbag.py:355} ERROR - Failed to import: /opt/airflow/dags/airflow.py
Traceback (most recent call last):
  File "/home/airflow/.local/lib/python3.12/site-packages/airflow/models/dagbag.py", line 351, in parse
    loader.exec_module(new_module)
  File "<frozen importlib._bootstrap_external>", line 995, in exec_module
  File "<frozen importlib._bootstrap>", line 488, in _call_with_frames_removed
  File "/opt/airflow/dags/airflow.py", line 6, in <module>
    from src.tasks import load_data, data_preprocessing, build_save_model, load_model_elbow
  File "/opt/airflow/dags/src/tasks.py", line 2, in <module>
    from sklearn.preprocessing import MinMaxScaler
ModuleNotFoundError: No module named 'sklearn'
[2025-12-30T23:51:42.292+0000] {processor.py:842} WARNING - No viable dags retrieved from /opt/airflow/dags/airflow.py
[2025-12-30T23:51:42.299+0000] {processor.py:183} INFO - Processing /opt/airflow/dags/airflow.py took 0.323 seconds
[2025-12-30T23:52:12.355+0000] {processor.py:161} INFO - Started process (PID=1166) to work on /opt/airflow/dags/airflow.py
[2025-12-30T23:52:12.355+0000] {processor.py:830} INFO - Processing file /opt/airflow/dags/airflow.py for tasks to queue
[2025-12-30T23:52:12.356+0000] {logging_mixin.py:188} INFO - [2025-12-30T23:52:12.356+0000] {dagbag.py:545} INFO - Filling up the DagBag from /opt/airflow/dags/airflow.py
[2025-12-30T23:52:12.620+0000] {logging_mixin.py:188} INFO - [2025-12-30T23:52:12.617+0000] {dagbag.py:355} ERROR - Failed to import: /opt/airflow/dags/airflow.py
Traceback (most recent call last):
  File "/home/airflow/.local/lib/python3.12/site-packages/airflow/models/dagbag.py", line 351, in parse
    loader.exec_module(new_module)
  File "<frozen importlib._bootstrap_external>", line 995, in exec_module
  File "<frozen importlib._bootstrap>", line 488, in _call_with_frames_removed
  File "/opt/airflow/dags/airflow.py", line 6, in <module>
    from src.tasks import load_data, data_preprocessing, build_save_model, load_model_elbow
  File "/opt/airflow/dags/src/tasks.py", line 2, in <module>
    from sklearn.preprocessing import MinMaxScaler
ModuleNotFoundError: No module named 'sklearn'
[2025-12-30T23:52:12.621+0000] {processor.py:842} WARNING - No viable dags retrieved from /opt/airflow/dags/airflow.py
[2025-12-30T23:52:12.627+0000] {processor.py:183} INFO - Processing /opt/airflow/dags/airflow.py took 0.276 seconds
[2025-12-30T23:52:42.704+0000] {processor.py:161} INFO - Started process (PID=1226) to work on /opt/airflow/dags/airflow.py
[2025-12-30T23:52:42.705+0000] {processor.py:830} INFO - Processing file /opt/airflow/dags/airflow.py for tasks to queue
[2025-12-30T23:52:42.706+0000] {logging_mixin.py:188} INFO - [2025-12-30T23:52:42.705+0000] {dagbag.py:545} INFO - Filling up the DagBag from /opt/airflow/dags/airflow.py
[2025-12-30T23:52:42.971+0000] {logging_mixin.py:188} INFO - [2025-12-30T23:52:42.967+0000] {dagbag.py:355} ERROR - Failed to import: /opt/airflow/dags/airflow.py
Traceback (most recent call last):
  File "/home/airflow/.local/lib/python3.12/site-packages/airflow/models/dagbag.py", line 351, in parse
    loader.exec_module(new_module)
  File "<frozen importlib._bootstrap_external>", line 995, in exec_module
  File "<frozen importlib._bootstrap>", line 488, in _call_with_frames_removed
  File "/opt/airflow/dags/airflow.py", line 6, in <module>
    from src.tasks import load_data, data_preprocessing, build_save_model, load_model_elbow
  File "/opt/airflow/dags/src/tasks.py", line 2, in <module>
    from sklearn.preprocessing import MinMaxScaler
ModuleNotFoundError: No module named 'sklearn'
[2025-12-30T23:52:42.971+0000] {processor.py:842} WARNING - No viable dags retrieved from /opt/airflow/dags/airflow.py
[2025-12-30T23:52:42.981+0000] {processor.py:183} INFO - Processing /opt/airflow/dags/airflow.py took 0.279 seconds
[2025-12-30T23:53:13.255+0000] {processor.py:161} INFO - Started process (PID=1286) to work on /opt/airflow/dags/airflow.py
[2025-12-30T23:53:13.255+0000] {processor.py:830} INFO - Processing file /opt/airflow/dags/airflow.py for tasks to queue
[2025-12-30T23:53:13.257+0000] {logging_mixin.py:188} INFO - [2025-12-30T23:53:13.257+0000] {dagbag.py:545} INFO - Filling up the DagBag from /opt/airflow/dags/airflow.py
[2025-12-30T23:53:13.704+0000] {logging_mixin.py:188} INFO - [2025-12-30T23:53:13.699+0000] {dagbag.py:355} ERROR - Failed to import: /opt/airflow/dags/airflow.py
Traceback (most recent call last):
  File "/home/airflow/.local/lib/python3.12/site-packages/airflow/models/dagbag.py", line 351, in parse
    loader.exec_module(new_module)
  File "<frozen importlib._bootstrap_external>", line 995, in exec_module
  File "<frozen importlib._bootstrap>", line 488, in _call_with_frames_removed
  File "/opt/airflow/dags/airflow.py", line 6, in <module>
    from src.tasks import load_data, data_preprocessing, build_save_model, load_model_elbow
  File "/opt/airflow/dags/src/tasks.py", line 2, in <module>
    from sklearn.preprocessing import MinMaxScaler
ModuleNotFoundError: No module named 'sklearn'
[2025-12-30T23:53:13.704+0000] {processor.py:842} WARNING - No viable dags retrieved from /opt/airflow/dags/airflow.py
[2025-12-30T23:53:13.721+0000] {processor.py:183} INFO - Processing /opt/airflow/dags/airflow.py took 0.475 seconds
[2025-12-30T23:53:43.760+0000] {processor.py:161} INFO - Started process (PID=1349) to work on /opt/airflow/dags/airflow.py
[2025-12-30T23:53:43.760+0000] {processor.py:830} INFO - Processing file /opt/airflow/dags/airflow.py for tasks to queue
[2025-12-30T23:53:43.761+0000] {logging_mixin.py:188} INFO - [2025-12-30T23:53:43.761+0000] {dagbag.py:545} INFO - Filling up the DagBag from /opt/airflow/dags/airflow.py
[2025-12-30T23:53:44.049+0000] {logging_mixin.py:188} INFO - [2025-12-30T23:53:44.046+0000] {dagbag.py:355} ERROR - Failed to import: /opt/airflow/dags/airflow.py
Traceback (most recent call last):
  File "/home/airflow/.local/lib/python3.12/site-packages/airflow/models/dagbag.py", line 351, in parse
    loader.exec_module(new_module)
  File "<frozen importlib._bootstrap_external>", line 995, in exec_module
  File "<frozen importlib._bootstrap>", line 488, in _call_with_frames_removed
  File "/opt/airflow/dags/airflow.py", line 6, in <module>
    from src.tasks import load_data, data_preprocessing, build_save_model, load_model_elbow
  File "/opt/airflow/dags/src/tasks.py", line 2, in <module>
    from sklearn.preprocessing import MinMaxScaler
ModuleNotFoundError: No module named 'sklearn'
[2025-12-30T23:53:44.049+0000] {processor.py:842} WARNING - No viable dags retrieved from /opt/airflow/dags/airflow.py
[2025-12-30T23:53:44.058+0000] {processor.py:183} INFO - Processing /opt/airflow/dags/airflow.py took 0.301 seconds
[2025-12-30T23:54:14.962+0000] {processor.py:161} INFO - Started process (PID=1413) to work on /opt/airflow/dags/airflow.py
[2025-12-30T23:54:14.963+0000] {processor.py:830} INFO - Processing file /opt/airflow/dags/airflow.py for tasks to queue
[2025-12-30T23:54:14.965+0000] {logging_mixin.py:188} INFO - [2025-12-30T23:54:14.965+0000] {dagbag.py:545} INFO - Filling up the DagBag from /opt/airflow/dags/airflow.py
[2025-12-30T23:54:15.222+0000] {logging_mixin.py:188} INFO - [2025-12-30T23:54:15.218+0000] {dagbag.py:355} ERROR - Failed to import: /opt/airflow/dags/airflow.py
Traceback (most recent call last):
  File "/home/airflow/.local/lib/python3.12/site-packages/airflow/models/dagbag.py", line 351, in parse
    loader.exec_module(new_module)
  File "<frozen importlib._bootstrap_external>", line 995, in exec_module
  File "<frozen importlib._bootstrap>", line 488, in _call_with_frames_removed
  File "/opt/airflow/dags/airflow.py", line 6, in <module>
    from src.tasks import load_data, data_preprocessing, build_save_model, load_model_elbow
  File "/opt/airflow/dags/src/tasks.py", line 2, in <module>
    from sklearn.preprocessing import MinMaxScaler
ModuleNotFoundError: No module named 'sklearn'
[2025-12-30T23:54:15.222+0000] {processor.py:842} WARNING - No viable dags retrieved from /opt/airflow/dags/airflow.py
[2025-12-30T23:54:15.232+0000] {processor.py:183} INFO - Processing /opt/airflow/dags/airflow.py took 0.277 seconds
[2025-12-30T23:54:45.432+0000] {processor.py:161} INFO - Started process (PID=1473) to work on /opt/airflow/dags/airflow.py
[2025-12-30T23:54:45.433+0000] {processor.py:830} INFO - Processing file /opt/airflow/dags/airflow.py for tasks to queue
[2025-12-30T23:54:45.435+0000] {logging_mixin.py:188} INFO - [2025-12-30T23:54:45.434+0000] {dagbag.py:545} INFO - Filling up the DagBag from /opt/airflow/dags/airflow.py
[2025-12-30T23:54:45.707+0000] {logging_mixin.py:188} INFO - [2025-12-30T23:54:45.704+0000] {dagbag.py:355} ERROR - Failed to import: /opt/airflow/dags/airflow.py
Traceback (most recent call last):
  File "/home/airflow/.local/lib/python3.12/site-packages/airflow/models/dagbag.py", line 351, in parse
    loader.exec_module(new_module)
  File "<frozen importlib._bootstrap_external>", line 995, in exec_module
  File "<frozen importlib._bootstrap>", line 488, in _call_with_frames_removed
  File "/opt/airflow/dags/airflow.py", line 6, in <module>
    from src.tasks import load_data, data_preprocessing, build_save_model, load_model_elbow
  File "/opt/airflow/dags/src/tasks.py", line 2, in <module>
    from sklearn.preprocessing import MinMaxScaler
ModuleNotFoundError: No module named 'sklearn'
[2025-12-30T23:54:45.707+0000] {processor.py:842} WARNING - No viable dags retrieved from /opt/airflow/dags/airflow.py
[2025-12-30T23:54:45.724+0000] {processor.py:183} INFO - Processing /opt/airflow/dags/airflow.py took 0.305 seconds
[2025-12-30T23:55:16.672+0000] {processor.py:161} INFO - Started process (PID=1533) to work on /opt/airflow/dags/airflow.py
[2025-12-30T23:55:16.673+0000] {processor.py:830} INFO - Processing file /opt/airflow/dags/airflow.py for tasks to queue
[2025-12-30T23:55:16.675+0000] {logging_mixin.py:188} INFO - [2025-12-30T23:55:16.674+0000] {dagbag.py:545} INFO - Filling up the DagBag from /opt/airflow/dags/airflow.py
[2025-12-30T23:55:16.929+0000] {logging_mixin.py:188} INFO - [2025-12-30T23:55:16.925+0000] {dagbag.py:355} ERROR - Failed to import: /opt/airflow/dags/airflow.py
Traceback (most recent call last):
  File "/home/airflow/.local/lib/python3.12/site-packages/airflow/models/dagbag.py", line 351, in parse
    loader.exec_module(new_module)
  File "<frozen importlib._bootstrap_external>", line 995, in exec_module
  File "<frozen importlib._bootstrap>", line 488, in _call_with_frames_removed
  File "/opt/airflow/dags/airflow.py", line 6, in <module>
    from src.tasks import load_data, data_preprocessing, build_save_model, load_model_elbow
  File "/opt/airflow/dags/src/tasks.py", line 2, in <module>
    from sklearn.preprocessing import MinMaxScaler
ModuleNotFoundError: No module named 'sklearn'
[2025-12-30T23:55:16.929+0000] {processor.py:842} WARNING - No viable dags retrieved from /opt/airflow/dags/airflow.py
[2025-12-30T23:55:16.939+0000] {processor.py:183} INFO - Processing /opt/airflow/dags/airflow.py took 0.272 seconds
[2025-12-30T23:55:47.038+0000] {processor.py:161} INFO - Started process (PID=1593) to work on /opt/airflow/dags/airflow.py
[2025-12-30T23:55:47.039+0000] {processor.py:830} INFO - Processing file /opt/airflow/dags/airflow.py for tasks to queue
[2025-12-30T23:55:47.041+0000] {logging_mixin.py:188} INFO - [2025-12-30T23:55:47.040+0000] {dagbag.py:545} INFO - Filling up the DagBag from /opt/airflow/dags/airflow.py
[2025-12-30T23:55:47.291+0000] {logging_mixin.py:188} INFO - [2025-12-30T23:55:47.287+0000] {dagbag.py:355} ERROR - Failed to import: /opt/airflow/dags/airflow.py
Traceback (most recent call last):
  File "/home/airflow/.local/lib/python3.12/site-packages/airflow/models/dagbag.py", line 351, in parse
    loader.exec_module(new_module)
  File "<frozen importlib._bootstrap_external>", line 995, in exec_module
  File "<frozen importlib._bootstrap>", line 488, in _call_with_frames_removed
  File "/opt/airflow/dags/airflow.py", line 6, in <module>
    from src.tasks import load_data, data_preprocessing, build_save_model, load_model_elbow
  File "/opt/airflow/dags/src/tasks.py", line 2, in <module>
    from sklearn.preprocessing import MinMaxScaler
ModuleNotFoundError: No module named 'sklearn'
[2025-12-30T23:55:47.292+0000] {processor.py:842} WARNING - No viable dags retrieved from /opt/airflow/dags/airflow.py
[2025-12-30T23:55:47.305+0000] {processor.py:183} INFO - Processing /opt/airflow/dags/airflow.py took 0.273 seconds
[2025-12-30T23:56:17.398+0000] {processor.py:161} INFO - Started process (PID=1653) to work on /opt/airflow/dags/airflow.py
[2025-12-30T23:56:17.398+0000] {processor.py:830} INFO - Processing file /opt/airflow/dags/airflow.py for tasks to queue
[2025-12-30T23:56:17.400+0000] {logging_mixin.py:188} INFO - [2025-12-30T23:56:17.400+0000] {dagbag.py:545} INFO - Filling up the DagBag from /opt/airflow/dags/airflow.py
[2025-12-30T23:56:17.703+0000] {logging_mixin.py:188} INFO - [2025-12-30T23:56:17.700+0000] {dagbag.py:355} ERROR - Failed to import: /opt/airflow/dags/airflow.py
Traceback (most recent call last):
  File "/home/airflow/.local/lib/python3.12/site-packages/airflow/models/dagbag.py", line 351, in parse
    loader.exec_module(new_module)
  File "<frozen importlib._bootstrap_external>", line 995, in exec_module
  File "<frozen importlib._bootstrap>", line 488, in _call_with_frames_removed
  File "/opt/airflow/dags/airflow.py", line 6, in <module>
    from src.tasks import load_data, data_preprocessing, build_save_model, load_model_elbow
  File "/opt/airflow/dags/src/tasks.py", line 2, in <module>
    from sklearn.preprocessing import MinMaxScaler
ModuleNotFoundError: No module named 'sklearn'
[2025-12-30T23:56:17.703+0000] {processor.py:842} WARNING - No viable dags retrieved from /opt/airflow/dags/airflow.py
[2025-12-30T23:56:17.714+0000] {processor.py:183} INFO - Processing /opt/airflow/dags/airflow.py took 0.322 seconds
[2025-12-30T23:56:47.793+0000] {processor.py:161} INFO - Started process (PID=1713) to work on /opt/airflow/dags/airflow.py
[2025-12-30T23:56:47.794+0000] {processor.py:830} INFO - Processing file /opt/airflow/dags/airflow.py for tasks to queue
[2025-12-30T23:56:47.798+0000] {logging_mixin.py:188} INFO - [2025-12-30T23:56:47.797+0000] {dagbag.py:545} INFO - Filling up the DagBag from /opt/airflow/dags/airflow.py
[2025-12-30T23:56:48.059+0000] {logging_mixin.py:188} INFO - [2025-12-30T23:56:48.055+0000] {dagbag.py:355} ERROR - Failed to import: /opt/airflow/dags/airflow.py
Traceback (most recent call last):
  File "/home/airflow/.local/lib/python3.12/site-packages/airflow/models/dagbag.py", line 351, in parse
    loader.exec_module(new_module)
  File "<frozen importlib._bootstrap_external>", line 995, in exec_module
  File "<frozen importlib._bootstrap>", line 488, in _call_with_frames_removed
  File "/opt/airflow/dags/airflow.py", line 6, in <module>
    from src.tasks import load_data, data_preprocessing, build_save_model, load_model_elbow
  File "/opt/airflow/dags/src/tasks.py", line 2, in <module>
    from sklearn.preprocessing import MinMaxScaler
ModuleNotFoundError: No module named 'sklearn'
[2025-12-30T23:56:48.060+0000] {processor.py:842} WARNING - No viable dags retrieved from /opt/airflow/dags/airflow.py
[2025-12-30T23:56:48.072+0000] {processor.py:183} INFO - Processing /opt/airflow/dags/airflow.py took 0.288 seconds
[2025-12-30T23:57:18.464+0000] {processor.py:161} INFO - Started process (PID=1773) to work on /opt/airflow/dags/airflow.py
[2025-12-30T23:57:18.465+0000] {processor.py:830} INFO - Processing file /opt/airflow/dags/airflow.py for tasks to queue
[2025-12-30T23:57:18.467+0000] {logging_mixin.py:188} INFO - [2025-12-30T23:57:18.467+0000] {dagbag.py:545} INFO - Filling up the DagBag from /opt/airflow/dags/airflow.py
[2025-12-30T23:57:18.742+0000] {logging_mixin.py:188} INFO - [2025-12-30T23:57:18.738+0000] {dagbag.py:355} ERROR - Failed to import: /opt/airflow/dags/airflow.py
Traceback (most recent call last):
  File "/home/airflow/.local/lib/python3.12/site-packages/airflow/models/dagbag.py", line 351, in parse
    loader.exec_module(new_module)
  File "<frozen importlib._bootstrap_external>", line 995, in exec_module
  File "<frozen importlib._bootstrap>", line 488, in _call_with_frames_removed
  File "/opt/airflow/dags/airflow.py", line 6, in <module>
    from src.tasks import load_data, data_preprocessing, build_save_model, load_model_elbow
  File "/opt/airflow/dags/src/tasks.py", line 2, in <module>
    from sklearn.preprocessing import MinMaxScaler
ModuleNotFoundError: No module named 'sklearn'
[2025-12-30T23:57:18.743+0000] {processor.py:842} WARNING - No viable dags retrieved from /opt/airflow/dags/airflow.py
[2025-12-30T23:57:18.752+0000] {processor.py:183} INFO - Processing /opt/airflow/dags/airflow.py took 0.294 seconds
[2025-12-30T23:57:49.200+0000] {processor.py:161} INFO - Started process (PID=1833) to work on /opt/airflow/dags/airflow.py
[2025-12-30T23:57:49.202+0000] {processor.py:830} INFO - Processing file /opt/airflow/dags/airflow.py for tasks to queue
[2025-12-30T23:57:49.204+0000] {logging_mixin.py:188} INFO - [2025-12-30T23:57:49.204+0000] {dagbag.py:545} INFO - Filling up the DagBag from /opt/airflow/dags/airflow.py
[2025-12-30T23:57:49.479+0000] {logging_mixin.py:188} INFO - [2025-12-30T23:57:49.476+0000] {dagbag.py:355} ERROR - Failed to import: /opt/airflow/dags/airflow.py
Traceback (most recent call last):
  File "/home/airflow/.local/lib/python3.12/site-packages/airflow/models/dagbag.py", line 351, in parse
    loader.exec_module(new_module)
  File "<frozen importlib._bootstrap_external>", line 995, in exec_module
  File "<frozen importlib._bootstrap>", line 488, in _call_with_frames_removed
  File "/opt/airflow/dags/airflow.py", line 6, in <module>
    from src.tasks import load_data, data_preprocessing, build_save_model, load_model_elbow
  File "/opt/airflow/dags/src/tasks.py", line 2, in <module>
    from sklearn.preprocessing import MinMaxScaler
ModuleNotFoundError: No module named 'sklearn'
[2025-12-30T23:57:49.479+0000] {processor.py:842} WARNING - No viable dags retrieved from /opt/airflow/dags/airflow.py
[2025-12-30T23:57:49.487+0000] {processor.py:183} INFO - Processing /opt/airflow/dags/airflow.py took 0.298 seconds
[2025-12-30T23:58:19.528+0000] {processor.py:161} INFO - Started process (PID=1893) to work on /opt/airflow/dags/airflow.py
[2025-12-30T23:58:19.529+0000] {processor.py:830} INFO - Processing file /opt/airflow/dags/airflow.py for tasks to queue
[2025-12-30T23:58:19.531+0000] {logging_mixin.py:188} INFO - [2025-12-30T23:58:19.530+0000] {dagbag.py:545} INFO - Filling up the DagBag from /opt/airflow/dags/airflow.py
[2025-12-30T23:58:19.780+0000] {logging_mixin.py:188} INFO - [2025-12-30T23:58:19.777+0000] {dagbag.py:355} ERROR - Failed to import: /opt/airflow/dags/airflow.py
Traceback (most recent call last):
  File "/home/airflow/.local/lib/python3.12/site-packages/airflow/models/dagbag.py", line 351, in parse
    loader.exec_module(new_module)
  File "<frozen importlib._bootstrap_external>", line 995, in exec_module
  File "<frozen importlib._bootstrap>", line 488, in _call_with_frames_removed
  File "/opt/airflow/dags/airflow.py", line 6, in <module>
    from src.tasks import load_data, data_preprocessing, build_save_model, load_model_elbow
  File "/opt/airflow/dags/src/tasks.py", line 2, in <module>
    from sklearn.preprocessing import MinMaxScaler
ModuleNotFoundError: No module named 'sklearn'
[2025-12-30T23:58:19.780+0000] {processor.py:842} WARNING - No viable dags retrieved from /opt/airflow/dags/airflow.py
[2025-12-30T23:58:19.789+0000] {processor.py:183} INFO - Processing /opt/airflow/dags/airflow.py took 0.268 seconds
[2025-12-30T23:58:50.305+0000] {processor.py:161} INFO - Started process (PID=1953) to work on /opt/airflow/dags/airflow.py
[2025-12-30T23:58:50.305+0000] {processor.py:830} INFO - Processing file /opt/airflow/dags/airflow.py for tasks to queue
[2025-12-30T23:58:50.307+0000] {logging_mixin.py:188} INFO - [2025-12-30T23:58:50.307+0000] {dagbag.py:545} INFO - Filling up the DagBag from /opt/airflow/dags/airflow.py
[2025-12-30T23:58:50.603+0000] {logging_mixin.py:188} INFO - [2025-12-30T23:58:50.600+0000] {dagbag.py:355} ERROR - Failed to import: /opt/airflow/dags/airflow.py
Traceback (most recent call last):
  File "/home/airflow/.local/lib/python3.12/site-packages/airflow/models/dagbag.py", line 351, in parse
    loader.exec_module(new_module)
  File "<frozen importlib._bootstrap_external>", line 995, in exec_module
  File "<frozen importlib._bootstrap>", line 488, in _call_with_frames_removed
  File "/opt/airflow/dags/airflow.py", line 6, in <module>
    from src.tasks import load_data, data_preprocessing, build_save_model, load_model_elbow
  File "/opt/airflow/dags/src/tasks.py", line 2, in <module>
    from sklearn.preprocessing import MinMaxScaler
ModuleNotFoundError: No module named 'sklearn'
[2025-12-30T23:58:50.604+0000] {processor.py:842} WARNING - No viable dags retrieved from /opt/airflow/dags/airflow.py
[2025-12-30T23:58:50.613+0000] {processor.py:183} INFO - Processing /opt/airflow/dags/airflow.py took 0.313 seconds
[2025-12-30T23:59:21.189+0000] {processor.py:161} INFO - Started process (PID=2013) to work on /opt/airflow/dags/airflow.py
[2025-12-30T23:59:21.191+0000] {processor.py:830} INFO - Processing file /opt/airflow/dags/airflow.py for tasks to queue
[2025-12-30T23:59:21.195+0000] {logging_mixin.py:188} INFO - [2025-12-30T23:59:21.194+0000] {dagbag.py:545} INFO - Filling up the DagBag from /opt/airflow/dags/airflow.py
[2025-12-30T23:59:21.564+0000] {logging_mixin.py:188} INFO - [2025-12-30T23:59:21.561+0000] {dagbag.py:355} ERROR - Failed to import: /opt/airflow/dags/airflow.py
Traceback (most recent call last):
  File "/home/airflow/.local/lib/python3.12/site-packages/airflow/models/dagbag.py", line 351, in parse
    loader.exec_module(new_module)
  File "<frozen importlib._bootstrap_external>", line 995, in exec_module
  File "<frozen importlib._bootstrap>", line 488, in _call_with_frames_removed
  File "/opt/airflow/dags/airflow.py", line 6, in <module>
    from src.tasks import load_data, data_preprocessing, build_save_model, load_model_elbow
  File "/opt/airflow/dags/src/tasks.py", line 2, in <module>
    from sklearn.preprocessing import MinMaxScaler
ModuleNotFoundError: No module named 'sklearn'
[2025-12-30T23:59:21.565+0000] {processor.py:842} WARNING - No viable dags retrieved from /opt/airflow/dags/airflow.py
[2025-12-30T23:59:21.586+0000] {processor.py:183} INFO - Processing /opt/airflow/dags/airflow.py took 0.407 seconds
[2025-12-30T23:59:51.731+0000] {processor.py:161} INFO - Started process (PID=2073) to work on /opt/airflow/dags/airflow.py
[2025-12-30T23:59:51.732+0000] {processor.py:830} INFO - Processing file /opt/airflow/dags/airflow.py for tasks to queue
[2025-12-30T23:59:51.735+0000] {logging_mixin.py:188} INFO - [2025-12-30T23:59:51.735+0000] {dagbag.py:545} INFO - Filling up the DagBag from /opt/airflow/dags/airflow.py
[2025-12-30T23:59:51.979+0000] {logging_mixin.py:188} INFO - [2025-12-30T23:59:51.975+0000] {dagbag.py:355} ERROR - Failed to import: /opt/airflow/dags/airflow.py
Traceback (most recent call last):
  File "/home/airflow/.local/lib/python3.12/site-packages/airflow/models/dagbag.py", line 351, in parse
    loader.exec_module(new_module)
  File "<frozen importlib._bootstrap_external>", line 995, in exec_module
  File "<frozen importlib._bootstrap>", line 488, in _call_with_frames_removed
  File "/opt/airflow/dags/airflow.py", line 6, in <module>
    from src.tasks import load_data, data_preprocessing, build_save_model, load_model_elbow
  File "/opt/airflow/dags/src/tasks.py", line 2, in <module>
    from sklearn.preprocessing import MinMaxScaler
ModuleNotFoundError: No module named 'sklearn'
[2025-12-30T23:59:51.979+0000] {processor.py:842} WARNING - No viable dags retrieved from /opt/airflow/dags/airflow.py
[2025-12-30T23:59:51.986+0000] {processor.py:183} INFO - Processing /opt/airflow/dags/airflow.py took 0.264 seconds
