[2026-01-01T00:07:06.654+0000] {local_task_job_runner.py:120} INFO - ::group::Pre task execution logs
[2026-01-01T00:07:06.670+0000] {taskinstance.py:2076} INFO - Dependencies all met for dep_context=non-requeueable deps ti=<TaskInstance: demo-lab.airflow scheduled__2025-12-31T00:00:00+00:00 [queued]>
[2026-01-01T00:07:06.675+0000] {taskinstance.py:2076} INFO - Dependencies all met for dep_context=requeueable deps ti=<TaskInstance: demo-lab.airflow scheduled__2025-12-31T00:00:00+00:00 [queued]>
[2026-01-01T00:07:06.675+0000] {taskinstance.py:2306} INFO - Starting attempt 1 of 1
[2026-01-01T00:07:06.694+0000] {taskinstance.py:2330} INFO - Executing <Task(_PythonDecoratedOperator): airflow> on 2025-12-31 00:00:00+00:00
[2026-01-01T00:07:06.710+0000] {standard_task_runner.py:90} INFO - Running: ['***', 'tasks', 'run', 'demo-lab', '***', 'scheduled__2025-12-31T00:00:00+00:00', '--job-id', '76', '--raw', '--subdir', 'DAGS_FOLDER/***.py', '--cfg-path', '/tmp/tmpho5p7a8y']
[2026-01-01T00:07:06.708+0000] {warnings.py:112} WARNING - /home/***/.local/lib/python3.12/site-packages/***/task/task_runner/standard_task_runner.py:61: DeprecationWarning: This process (pid=1822) is multi-threaded, use of fork() may lead to deadlocks in the child.
  pid = os.fork()

[2026-01-01T00:07:06.711+0000] {standard_task_runner.py:91} INFO - Job 76: Subtask ***
[2026-01-01T00:07:06.711+0000] {standard_task_runner.py:63} INFO - Started process 1833 to run task
[2026-01-01T00:07:09.608+0000] {task_command.py:426} INFO - Running <TaskInstance: demo-lab.airflow scheduled__2025-12-31T00:00:00+00:00 [running]> on host 21d482eb38d8
[2026-01-01T00:07:09.731+0000] {taskinstance.py:2648} INFO - Exporting env vars: AIRFLOW_CTX_DAG_OWNER='***' AIRFLOW_CTX_DAG_ID='demo-lab' AIRFLOW_CTX_TASK_ID='***' AIRFLOW_CTX_EXECUTION_DATE='2025-12-31T00:00:00+00:00' AIRFLOW_CTX_TRY_NUMBER='1' AIRFLOW_CTX_DAG_RUN_ID='scheduled__2025-12-31T00:00:00+00:00'
[2026-01-01T00:07:09.732+0000] {taskinstance.py:430} INFO - ::endgroup::
[2026-01-01T00:07:09.733+0000] {logging_mixin.py:188} INFO - ***
[2026-01-01T00:07:09.733+0000] {python.py:237} INFO - Done. Returned value was: None
[2026-01-01T00:07:09.733+0000] {taskinstance.py:441} INFO - ::group::Post task execution logs
[2026-01-01T00:07:09.738+0000] {taskinstance.py:1206} INFO - Marking task as SUCCESS. dag_id=demo-lab, task_id=***, run_id=scheduled__2025-12-31T00:00:00+00:00, execution_date=20251231T000000, start_date=20260101T000706, end_date=20260101T000709
[2026-01-01T00:07:09.786+0000] {local_task_job_runner.py:240} INFO - Task exited with return code 0
[2026-01-01T00:07:10.804+0000] {taskinstance.py:3503} INFO - 0 downstream tasks scheduled from follow-on schedule check
[2026-01-01T00:07:10.806+0000] {local_task_job_runner.py:222} INFO - ::endgroup::
